      1       1 PUL0017	4.87e-125
      1       1 PUL0017	6.48e-180
      1       1 PUL0029	3.42e-69
      1       1 PUL0029	5.97e-115
      1       1 PUL0036	1.21e-309
      1       1 PUL0038	2.39e-154
      1       1 PUL0049	2.31e-194
      1       1 PUL0060	6.73e-291
      1       1 PUL0070	3.40e-294
      1       1 PUL0103	6.33e-91
      1       1 PUL0104	3.94e-60
      1       1 PUL0106	4.88e-121
      1       1 PUL0121	1.08e-171
      1       1 PUL0145	6.13e-91
      1       1 PUL0152	4.69e-106
      1       1 PUL0162	9.68e-113
      1       1 PUL0180	7.21e-149
      1       1 PUL0267	7.81e-243
      1       1 PUL0296	1.05e-80
      1       1 PUL0303	1.02e-44
      1       1 PUL0336	1.46e-73
      1       1 PUL0337	6.70e-133
      1       1 PUL0339	2.29e-158
      1       1 PUL0340	2.41e-162
      1       1 PUL0341	2.65e-169
      1       1 PUL0390	1.91e-55
      1       1 PUL0401	4.24e-18
      1       1 PUL0409	1.86e-74
      1       1 PUL0413	5.47e-165
      1       1 PUL0459	6.11e-67
      1       1 PUL0460	1.33e-62
      1       1 PUL0460	2.67e-40
      1       1 PUL0530	2.81e-34
