      1       1 PUL0001	6.38e-132
      1       1 PUL0008	1.41e-46
      1       1 PUL0024	2.00e-21
      1       1 PUL0029	3.19e-41
      1       1 PUL0049	1.78e-319
      1       1 PUL0070	2.21e-163
      1       1 PUL0103	2.49e-210
      1       1 PUL0104	1.36e-107
      1       1 PUL0106	1.32e-318
      1       1 PUL0106	4.10e-19
      1       1 PUL0123	3.40e-08
      1       1 PUL0124	1.22e-158
      1       1 PUL0134	1.33e-245
      1       1 PUL0145	1.99e-265
      1       1 PUL0206	2.86e-148
      1       1 PUL0206	3.88e-246
      1       1 PUL0216	2.75e-98
      1       1 PUL0227	8.80e-75
      1       1 PUL0264	4.59e-19
      1       1 PUL0267	1.58e-283
      1       1 PUL0267	8.49e-225
      1       1 PUL0315	2.14e-35
      1       1 PUL0333	1.17e-182
      1       1 PUL0333	3.58e-112
      1       1 PUL0335	1.20e-184
      1       1 PUL0341	1.51e-177
      1       1 PUL0406	1.83e-16
      1       1 PUL0406	9.62e-07
      1       1 PUL0429	1.82e-22
      1       1 PUL0443	2.23e-174
      1       1 PUL0443	3.48e-161
      1       1 PUL0443	7.63e-169
      1       1 PUL0467	1.35e-54
      1       1 PUL0480	6.57e-15
      1       1 PUL0503	7.72e-170
      1       1 PUL0601	2.24e-46
