      1       1 PUL0010	5.39e-38
      1       1 PUL0013	2.50e-16
      1       1 PUL0029	1.35e-49
      1       1 PUL0039	2.84e-22
      1       1 PUL0047	3.83e-67
      1       1 PUL0049	3.04e-37
      1       1 PUL0049	5.71e-44
      1       1 PUL0108	1.82e-45
      1       1 PUL0108	4.23e-42
      1       1 PUL0110	1.70e-64
      1       1 PUL0121	4.30e-47
      1       1 PUL0121	4.52e-24
      1       1 PUL0180	1.84e-86
      1       1 PUL0214	2.14e-91
      1       1 PUL0244	2.82e-07
      1       1 PUL0250	1.04e-115
      1       1 PUL0309	1.26e-50
      1       1 PUL0309	5.65e-48
      1       1 PUL0335	1.93e-41
      1       1 PUL0335	2.69e-190
      1       1 PUL0339	2.30e-83
      1       1 PUL0340	1.83e-146
      1       1 PUL0340	2.31e-106
      1       1 PUL0347	5.46e-53
      1       1 PUL0390	1.42e-108
      1       1 PUL0390	2.78e-35
      1       1 PUL0390	3.08e-89
      1       1 PUL0406	9.25e-215
      1       1 PUL0429	2.06e-36
      1       1 PUL0451	5.97e-45
      1       1 PUL0460	5.98e-27
      1       1 PUL0460	8.74e-25
      1       1 PUL0493	1.23e-79
      1       1 PUL0527	2.22e-91
      1       1 PUL0536	7.08e-19
      1       1 PUL0569	4.99e-26
      1       1 PUL0598	6.03e-60
