      1       1 PUL0001	3.34e-154
      1       1 PUL0009	3.52e-66
      1       1 PUL0013	5.01e-78
      1       1 PUL0017	6.95e-183
      1       1 PUL0024	4.59e-114
      1       1 PUL0026	2.07e-07
      1       1 PUL0029	4.81e-45
      1       1 PUL0033	1.91e-33
      1       1 PUL0038	8.02e-169
      1       1 PUL0039	1.00e-19
      1       1 PUL0049	1.84e-09
      1       1 PUL0049	7.15e-106
      1       1 PUL0058	1.22e-225
      1       1 PUL0058	1.34e-111
      1       1 PUL0061	1.05e-88
      1       1 PUL0070	8.15e-164
      1       1 PUL0093	1.14e-177
      1       1 PUL0093	1.22e-11
      1       1 PUL0093	2.32e-110
      1       1 PUL0093	3.32e-91
      1       1 PUL0094	1.94e-107
      1       1 PUL0101	2.07e-08
      1       1 PUL0101	7.04e-34
      1       1 PUL0101	7.95e-143
      1       1 PUL0103	1.26e-109
      1       1 PUL0104	7.53e-46
      1       1 PUL0106	1.05e-115
      1       1 PUL0106	1.74e-165
      1       1 PUL0106	4.34e-141
      1       1 PUL0107	9.42e-116
      1       1 PUL0108	1.71e-09
      1       1 PUL0108	3.35e-101
      1       1 PUL0108	3.65e-109
      1       1 PUL0121	2.00e-124
      1       1 PUL0121	4.63e-54
      1       1 PUL0123	3.62e-119
      1       1 PUL0123	5.25e-61
      1       1 PUL0124	1.04e-106
      1       1 PUL0124	1.24e-123
      1       1 PUL0124	1.53e-07
      1       1 PUL0124	3.20e-127
      1       1 PUL0124	5.26e-177
      1       1 PUL0124	6.75e-224
      1       1 PUL0128	2.74e-82
      1       1 PUL0130	4.33e-68
      1       1 PUL0135	9.47e-101
      1       1 PUL0145	7.25e-65
      1       1 PUL0145	7.53e-56
      1       1 PUL0148	3.21e-26
      1       1 PUL0180	5.34e-48
      1       1 PUL0212	3.63e-137
      1       1 PUL0214	8.86e-124
      1       1 PUL0230	2.50e-97
      1       1 PUL0236	7.27e-82
      1       1 PUL0260	5.31e-31
      1       1 PUL0267	2.16e-64
      1       1 PUL0267	4.83e-227
      1       1 PUL0267	7.99e-64
      1       1 PUL0269	2.67e-09
      1       1 PUL0296	2.21e-68
      1       1 PUL0299	4.35e-65
      1       1 PUL0300	9.80e-56
      1       1 PUL0316	4.79e-95
      1       1 PUL0329	6.92e-10
      1       1 PUL0333	6.56e-53
      1       1 PUL0335	1.46e-113
      1       1 PUL0335	3.54e-145
      1       1 PUL0335	6.15e-175
      1       1 PUL0335	8.51e-58
      1       1 PUL0336	1.15e-29
      1       1 PUL0339	2.59e-40
      1       1 PUL0340	2.30e-53
      1       1 PUL0340	2.90e-157
      1       1 PUL0341	4.19e-10
      1       1 PUL0341	5.12e-184
      1       1 PUL0347	3.91e-90
      1       1 PUL0368	3.15e-26
      1       1 PUL0396	2.65e-81
      1       1 PUL0399	2.44e-11
      1       1 PUL0399	4.30e-91
      1       1 PUL0401	2.50e-89
      1       1 PUL0406	2.28e-33
      1       1 PUL0406	3.67e-197
      1       1 PUL0414	1.18e-108
      1       1 PUL0414	1.41e-85
      1       1 PUL0414	9.29e-21
      1       1 PUL0424	6.07e-04
      1       1 PUL0460	1.47e-71
      1       1 PUL0460	4.64e-84
      1       1 PUL0461	1.64e-164
      1       1 PUL0463	7.71e-12
      1       1 PUL0489	2.03e-53
      1       1 PUL0493	5.90e-92
      1       1 PUL0527	2.35e-26
      1       1 PUL0530	1.09e-06
      1       1 PUL0547	2.77e-17
      1       1 PUL0550	4.75e-04
      1       1 PUL0584	1.44e-143
      1       1 PUL0584	1.65e-138
      1       1 PUL0584	6.33e-170
      1       1 PUL0599	3.44e-132
      1       1 PUL0600	2.12e-31
      1       1 PUL0601	9.77e-130
