PUL0001	1
PUL0009	1
PUL0013	1
PUL0017	1
PUL0024	1
PUL0026	1
PUL0029	1
PUL0033	1
PUL0038	1
PUL0039	1
PUL0049	2
PUL0058	2
PUL0061	1
PUL0070	1
PUL0093	4
PUL0094	1
PUL0101	3
PUL0103	1
PUL0104	1
PUL0106	3
PUL0107	1
PUL0108	3
PUL0121	2
PUL0123	2
PUL0124	6
PUL0128	1
PUL0130	1
PUL0135	1
PUL0145	2
PUL0148	1
PUL0180	1
PUL0212	1
PUL0214	1
PUL0230	1
PUL0236	1
PUL0260	1
PUL0267	3
PUL0269	1
PUL0296	1
PUL0299	1
PUL0300	1
PUL0316	1
PUL0329	1
PUL0333	1
PUL0335	4
PUL0336	1
PUL0339	1
PUL0340	2
PUL0341	2
PUL0347	1
PUL0368	1
PUL0396	1
PUL0399	2
PUL0401	1
PUL0406	2
PUL0414	3
PUL0424	1
PUL0460	2
PUL0461	1
PUL0463	1
PUL0489	1
PUL0493	1
PUL0527	1
PUL0530	1
PUL0547	1
PUL0550	1
PUL0584	3
PUL0599	1
PUL0600	1
PUL0601	1
