      1       1 PUL0017	8.64e-177
      1       1 PUL0029	5.11e-117
      1       1 PUL0029	6.72e-120
      1       1 PUL0047	6.09e-59
      1       1 PUL0061	1.01e-232
      1       1 PUL0093	8.34e-128
      1       1 PUL0103	4.31e-92
      1       1 PUL0106	1.03e-120
      1       1 PUL0106	1.41e-147
      1       1 PUL0106	7.66e-210
      1       1 PUL0108	1.23e-71
      1       1 PUL0108	2.80e-34
      1       1 PUL0108	9.48e-91
      1       1 PUL0145	1.75e-168
      1       1 PUL0145	6.00e-164
      1       1 PUL0168	2.20e-30
      1       1 PUL0180	4.15e-155
      1       1 PUL0184	1.69e-72
      1       1 PUL0210	8.53e-26
      1       1 PUL0216	9.18e-93
      1       1 PUL0230	1.29e-62
      1       1 PUL0247	2.73e-10
      1       1 PUL0267	3.90e-241
      1       1 PUL0296	5.54e-68
      1       1 PUL0296	7.37e-125
      1       1 PUL0335	1.15e-87
      1       1 PUL0335	3.03e-67
      1       1 PUL0335	6.44e-63
      1       1 PUL0336	2.67e-75
      1       1 PUL0337	1.45e-81
      1       1 PUL0337	2.33e-48
      1       1 PUL0337	2.55e-127
      1       1 PUL0339	6.21e-160
      1       1 PUL0340	3.67e-166
      1       1 PUL0409	2.86e-74
      1       1 PUL0413	3.67e-164
      1       1 PUL0413	4.17e-117
      1       1 PUL0454	4.07e-36
      1       1 PUL0458	1.60e-48
      1       1 PUL0460	1.14e-30
      1       1 PUL0530	7.05e-277
      1       1 PUL0530	8.74e-54
