      1       1 PUL0006	4.42e-18
      1       1 PUL0007	1.50e-115
      1       1 PUL0017	3.20e-188
      1       1 PUL0017	6.20e-84
      1       1 PUL0017	8.48e-191
      1       1 PUL0046	4.95e-187
      1       1 PUL0058	7.81e-264
      1       1 PUL0093	3.02e-138
      1       1 PUL0104	3.73e-62
      1       1 PUL0227	1.04e-175
      1       1 PUL0236	1.22e-81
      1       1 PUL0294	3.54e-71
      1       1 PUL0297	2.61e-49
      1       1 PUL0300	2.13e-134
      1       1 PUL0301	2.27e-152
      1       1 PUL0335	5.89e-192
      1       1 PUL0336	3.06e-97
      1       1 PUL0337	9.29e-161
      1       1 PUL0339	4.53e-158
      1       1 PUL0339	6.02e-27
      1       1 PUL0340	1.96e-230
      1       1 PUL0340	2.00e-152
      1       1 PUL0340	2.03e-157
      1       1 PUL0340	5.17e-46
      1       1 PUL0341	4.77e-216
      1       1 PUL0349	1.72e-192
      1       1 PUL0406	4.68e-160
      1       1 PUL0414	6.78e-134
      1       1 PUL0454	4.11e-50
      1       1 PUL0460	6.46e-17
      1       1 PUL0501	8.30e-165
      1       1 PUL0507	2.40e-130
      1       1 PUL0522	5.13e-11
      1       1 PUL0584	1.21e-153
      1       1 PUL0601	1.79e-26
      1       1 PUL0601	6.86e-160
