      1       1 PUL0013	6.67e-17
      1       1 PUL0017	2.40e-191
      1       1 PUL0017	4.00e-152
      1       1 PUL0024	3.49e-57
      1       1 PUL0033	1.45e-29
      1       1 PUL0036	9.88e-186
      1       1 PUL0049	1.19e-19
      1       1 PUL0049	1.28e-33
      1       1 PUL0049	2.36e-193
      1       1 PUL0060	4.20e-163
      1       1 PUL0060	4.68e-164
      1       1 PUL0060	5.53e-310
      1       1 PUL0069	7.74e-184
      1       1 PUL0070	3.46e-312
      1       1 PUL0094	1.24e-77
      1       1 PUL0094	1.28e-06
      1       1 PUL0106	1.27e-117
      1       1 PUL0106	4.09e-133
      1       1 PUL0108	1.10e-39
      1       1 PUL0108	1.72e-90
      1       1 PUL0121	2.10e-172
      1       1 PUL0121	2.33e-39
      1       1 PUL0121	2.68e-64
      1       1 PUL0121	3.04e-17
      1       1 PUL0121	4.84e-83
      1       1 PUL0121	5.87e-71
      1       1 PUL0145	1.04e-97
      1       1 PUL0145	1.11e-197
      1       1 PUL0152	1.31e-109
      1       1 PUL0180	1.09e-141
      1       1 PUL0184	1.46e-49
      1       1 PUL0202	1.74e-28
      1       1 PUL0216	1.44e-74
      1       1 PUL0230	1.15e-14
      1       1 PUL0230	1.91e-48
      1       1 PUL0237	8.75e-08
      1       1 PUL0267	1.34e-231
      1       1 PUL0285	6.53e-39
      1       1 PUL0299	1.38e-72
      1       1 PUL0299	4.78e-28
      1       1 PUL0300	3.47e-71
      1       1 PUL0309	3.93e-42
      1       1 PUL0316	6.99e-107
      1       1 PUL0329	1.70e-42
      1       1 PUL0335	1.50e-65
      1       1 PUL0337	2.94e-135
      1       1 PUL0339	1.06e-13
      1       1 PUL0339	1.62e-108
      1       1 PUL0340	1.58e-132
      1       1 PUL0341	4.87e-171
      1       1 PUL0368	6.13e-18
      1       1 PUL0406	6.12e-165
      1       1 PUL0410	3.60e-50
      1       1 PUL0429	5.63e-30
      1       1 PUL0454	1.44e-44
      1       1 PUL0454	5.95e-39
      1       1 PUL0460	2.05e-33
      1       1 PUL0460	2.27e-33
      1       1 PUL0460	4.24e-25
      1       1 PUL0494	8.15e-19
      1       1 PUL0527	6.46e-19
      1       1 PUL0530	6.00e-33
      1       1 PUL0577	1.29e-14
