      1       1 PUL0004	3.56e-150
      1       1 PUL0004	4.02e-138
      1       1 PUL0006	1.16e-173
      1       1 PUL0006	2.55e-186
      1       1 PUL0013	1.78e-76
      1       1 PUL0016	2.40e-153
      1       1 PUL0017	1.52e-65
      1       1 PUL0022	1.20e-141
      1       1 PUL0022	2.33e-171
      1       1 PUL0025	4.27e-22
      1       1 PUL0028	5.49e-69
      1       1 PUL0029	1.36e-40
      1       1 PUL0029	1.43e-57
      1       1 PUL0029	2.04e-113
      1       1 PUL0029	4.96e-125
      1       1 PUL0038	1.14e-148
      1       1 PUL0049	1.34e-133
      1       1 PUL0050	2.61e-95
      1       1 PUL0094	3.60e-76
      1       1 PUL0101	1.62e-75
      1       1 PUL0105	1.62e-48
      1       1 PUL0106	1.27e-173
      1       1 PUL0106	3.99e-241
      1       1 PUL0107	1.66e-159
      1       1 PUL0121	2.83e-13
      1       1 PUL0121	3.37e-14
      1       1 PUL0121	6.27e-52
      1       1 PUL0124	1.16e-171
      1       1 PUL0124	5.07e-196
      1       1 PUL0139	3.01e-21
      1       1 PUL0160	3.13e-73
      1       1 PUL0186	1.48e-136
      1       1 PUL0186	7.08e-130
      1       1 PUL0190	5.19e-191
      1       1 PUL0195	1.17e-112
      1       1 PUL0195	1.88e-81
      1       1 PUL0195	4.15e-79
      1       1 PUL0195	5.03e-57
      1       1 PUL0199	7.57e-37
      1       1 PUL0212	3.42e-37
      1       1 PUL0218	1.26e-56
      1       1 PUL0230	2.14e-110
      1       1 PUL0231	4.99e-176
      1       1 PUL0238	3.60e-110
      1       1 PUL0238	5.01e-185
      1       1 PUL0253	1.82e-07
      1       1 PUL0267	1.17e-73
      1       1 PUL0267	1.62e-149
      1       1 PUL0267	1.68e-247
      1       1 PUL0267	2.20e-125
      1       1 PUL0267	3.20e-138
      1       1 PUL0300	1.40e-88
      1       1 PUL0327	6.30e-34
      1       1 PUL0329	1.41e-41
      1       1 PUL0335	3.85e-128
      1       1 PUL0335	6.50e-176
      1       1 PUL0335	9.53e-157
      1       1 PUL0337	1.48e-119
      1       1 PUL0337	1.72e-188
      1       1 PUL0349	3.99e-225
      1       1 PUL0349	8.65e-70
      1       1 PUL0370	2.57e-151
      1       1 PUL0390	2.57e-111
      1       1 PUL0390	2.81e-97
      1       1 PUL0406	5.32e-236
      1       1 PUL0406	6.91e-43
      1       1 PUL0413	2.45e-153
      1       1 PUL0460	1.45e-132
      1       1 PUL0460	2.27e-51
      1       1 PUL0504	3.51e-16
      1       1 PUL0519	1.22e-268
      1       1 PUL0522	2.79e-120
      1       1 PUL0560	2.18e-117
      1       1 PUL0576	3.40e-245
      1       1 PUL0582	1.14e-113
