      1       1 PUL0017	3.97e-187
      1       1 PUL0024	4.02e-221
      1       1 PUL0029	1.33e-114
      1       1 PUL0029	5.13e-179
      1       1 PUL0033	5.07e-39
      1       1 PUL0038	6.48e-158
      1       1 PUL0049	6.43e-158
      1       1 PUL0050	5.49e-96
      1       1 PUL0050	8.42e-91
      1       1 PUL0058	1.40e-249
      1       1 PUL0058	2.93e-172
      1       1 PUL0070	1.10e-173
      1       1 PUL0070	1.45e-115
      1       1 PUL0081	1.49e-104
      1       1 PUL0094	9.86e-78
      1       1 PUL0101	5.53e-128
      1       1 PUL0103	8.40e-138
      1       1 PUL0106	1.06e-190
      1       1 PUL0106	1.89e-213
      1       1 PUL0106	3.00e-105
      1       1 PUL0107	7.99e-42
      1       1 PUL0121	8.89e-33
      1       1 PUL0123	3.72e-112
      1       1 PUL0124	7.34e-232
      1       1 PUL0124	8.33e-186
      1       1 PUL0133	5.47e-74
      1       1 PUL0134	1.26e-15
      1       1 PUL0134	2.54e-123
      1       1 PUL0134	7.14e-152
      1       1 PUL0162	1.21e-179
      1       1 PUL0180	1.26e-43
      1       1 PUL0180	3.31e-81
      1       1 PUL0180	3.58e-04
      1       1 PUL0190	3.56e-194
      1       1 PUL0193	2.34e-98
      1       1 PUL0212	2.05e-146
      1       1 PUL0214	3.13e-205
      1       1 PUL0214	4.78e-149
      1       1 PUL0225	1.70e-175
      1       1 PUL0236	1.43e-76
      1       1 PUL0270	1.08e-112
      1       1 PUL0282	1.39e-08
      1       1 PUL0282	2.54e-15
      1       1 PUL0305	5.43e-107
      1       1 PUL0327	1.56e-49
      1       1 PUL0333	4.65e-55
      1       1 PUL0335	1.49e-118
      1       1 PUL0335	3.75e-146
      1       1 PUL0336	1.32e-08
      1       1 PUL0336	1.99e-32
      1       1 PUL0336	3.84e-39
      1       1 PUL0337	5.23e-201
      1       1 PUL0340	1.76e-40
      1       1 PUL0340	1.82e-131
      1       1 PUL0341	4.53e-41
      1       1 PUL0347	2.85e-233
      1       1 PUL0369	8.12e-93
      1       1 PUL0390	1.29e-186
      1       1 PUL0390	1.84e-17
      1       1 PUL0406	4.43e-218
      1       1 PUL0413	1.64e-31
      1       1 PUL0413	2.19e-129
      1       1 PUL0413	7.32e-162
      1       1 PUL0414	7.94e-109
      1       1 PUL0438	3.31e-13
      1       1 PUL0453	1.62e-12
      1       1 PUL0460	1.38e-14
      1       1 PUL0460	7.29e-17
      1       1 PUL0482	2.90e-63
      1       1 PUL0493	8.73e-195
      1       1 PUL0494	8.27e-149
      1       1 PUL0501	6.39e-164
      1       1 PUL0519	1.78e-140
      1       1 PUL0560	1.56e-99
      1       1 PUL0598	2.19e-166
