PUL0017 1
PUL0024 1
PUL0029 2
PUL0033 1
PUL0038 1
PUL0049 1
PUL0050 2
PUL0058 2
PUL0070 2
PUL0081 1
PUL0094 1
PUL0101 1
PUL0103 1
PUL0106 3
PUL0107 1
PUL0121 1
PUL0123 1
PUL0124 2
PUL0133 1
PUL0134 3
PUL0162 1
PUL0180 3
PUL0190 1
PUL0193 1
PUL0212 1
PUL0214 2
PUL0225 1
PUL0236 1
PUL0270 1
PUL0282 2
PUL0305 1
PUL0327 1
PUL0333 1
PUL0335 2
PUL0336 3
PUL0337 1
PUL0340 2
PUL0341 1
PUL0347 1
PUL0369 1
PUL0390 2
PUL0406 1
PUL0413 3
PUL0414 1
PUL0438 1
PUL0453 1
PUL0460 2
PUL0482 1
PUL0493 1
PUL0494 1
PUL0501 1
PUL0519 1
PUL0560 1
PUL0598 1
