      1       1 PUL0009	9.49e-88
      1       1 PUL0017	1.79e-182
      1       1 PUL0019	2.79e-39
      1       1 PUL0019	4.13e-158
      1       1 PUL0019	5.25e-37
      1       1 PUL0022	1.53e-171
      1       1 PUL0022	5.04e-169
      1       1 PUL0022	5.70e-53
      1       1 PUL0022	6.64e-135
      1       1 PUL0024	1.40e-32
      1       1 PUL0024	9.06e-254
      1       1 PUL0025	1.20e-63
      1       1 PUL0025	6.22e-115
      1       1 PUL0029	3.79e-30
      1       1 PUL0041	1.07e-175
      1       1 PUL0041	3.67e-195
      1       1 PUL0047	7.29e-17
      1       1 PUL0058	1.49e-266
      1       1 PUL0060	9.62e-76
      1       1 PUL0106	9.12e-232
      1       1 PUL0107	6.16e-142
      1       1 PUL0107	6.89e-173
      1       1 PUL0108	4.21e-140
      1       1 PUL0113	4.49e-176
      1       1 PUL0114	2.09e-190
      1       1 PUL0121	1.52e-211
      1       1 PUL0124	8.68e-102
      1       1 PUL0180	9.00e-91
      1       1 PUL0184	6.26e-133
      1       1 PUL0186	8.59e-161
      1       1 PUL0195	4.38e-81
      1       1 PUL0209	5.39e-83
      1       1 PUL0213	2.82e-257
      1       1 PUL0218	2.68e-119
      1       1 PUL0227	1.17e-119
      1       1 PUL0230	1.42e-115
      1       1 PUL0238	1.28e-95
      1       1 PUL0238	1.56e-60
      1       1 PUL0255	7.50e-05
      1       1 PUL0265	4.80e-137
      1       1 PUL0326	3.54e-16
      1       1 PUL0337	6.42e-207
      1       1 PUL0340	3.39e-186
      1       1 PUL0341	4.95e-15
      1       1 PUL0341	7.39e-266
      1       1 PUL0346	8.49e-16
      1       1 PUL0347	4.97e-313
      1       1 PUL0349	1.08e-218
      1       1 PUL0349	8.60e-137
      1       1 PUL0375	7.29e-47
      1       1 PUL0510	4.27e-61
      1       1 PUL0518	8.06e-81
      1       1 PUL0530	7.58e-277
      1       1 PUL0560	1.94e-77
