      1       1 PUL0029	3.11e-73
      1       1 PUL0038	4.11e-96
      1       1 PUL0038	6.93e-35
      1       1 PUL0058	1.28e-178
      1       1 PUL0061	1.78e-71
      1       1 PUL0103	2.14e-21
      1       1 PUL0108	1.54e-43
      1       1 PUL0108	4.84e-43
      1       1 PUL0108	6.27e-34
      1       1 PUL0110	3.54e-39
      1       1 PUL0121	4.09e-63
      1       1 PUL0147	1.37e-47
      1       1 PUL0178	8.20e-46
      1       1 PUL0212	5.70e-89
      1       1 PUL0214	3.58e-91
      1       1 PUL0255	1.59e-37
      1       1 PUL0255	2.37e-35
      1       1 PUL0256	8.15e-14
      1       1 PUL0266	9.62e-51
      1       1 PUL0267	2.40e-52
      1       1 PUL0291	1.57e-40
      1       1 PUL0298	1.88e-18
      1       1 PUL0316	2.18e-115
      1       1 PUL0316	6.91e-70
      1       1 PUL0333	5.03e-39
      1       1 PUL0335	2.19e-43
      1       1 PUL0335	3.59e-77
      1       1 PUL0335	6.47e-63
      1       1 PUL0337	1.66e-29
      1       1 PUL0340	3.50e-90
      1       1 PUL0340	6.14e-41
      1       1 PUL0341	1.71e-78
      1       1 PUL0384	1.45e-35
      1       1 PUL0390	1.17e-96
      1       1 PUL0390	6.26e-37
      1       1 PUL0410	1.98e-04
      1       1 PUL0410	2.75e-17
      1       1 PUL0410	3.09e-15
      1       1 PUL0429	4.01e-37
      1       1 PUL0454	8.27e-19
      1       1 PUL0457	8.00e-21
      1       1 PUL0460	1.13e-60
      1       1 PUL0460	1.19e-76
      1       1 PUL0460	1.81e-15
      1       1 PUL0460	3.10e-13
      1       1 PUL0460	3.79e-55
      1       1 PUL0460	8.80e-15
      1       1 PUL0463	9.98e-28
      1       1 PUL0493	2.33e-47
      1       1 PUL0521	5.88e-18
      1       1 PUL0527	6.13e-74
      1       1 PUL0529	3.17e-06
      1       1 PUL0530	4.95e-54
      1       1 PUL0584	3.83e-103
      1       1 PUL0598	7.25e-43
      1       1 PUL0601	3.81e-14
