      1       1 PUL0006	2.67e-37
      1       1 PUL0012	4.08e-75
      1       1 PUL0020	9.26e-28
      1       1 PUL0026	1.88e-49
      1       1 PUL0029	3.49e-39
      1       1 PUL0038	1.76e-58
      1       1 PUL0039	5.29e-112
      1       1 PUL0049	5.10e-114
      1       1 PUL0049	9.96e-103
      1       1 PUL0060	1.13e-72
      1       1 PUL0106	1.80e-24
      1       1 PUL0108	2.19e-22
      1       1 PUL0108	4.54e-40
      1       1 PUL0108	8.49e-45
      1       1 PUL0113	2.17e-77
      1       1 PUL0121	2.05e-39
      1       1 PUL0121	2.94e-39
      1       1 PUL0121	4.97e-13
      1       1 PUL0144	1.19e-63
      1       1 PUL0144	6.26e-77
      1       1 PUL0150	4.08e-44
      1       1 PUL0178	6.92e-49
      1       1 PUL0191	1.66e-05
      1       1 PUL0214	1.06e-91
      1       1 PUL0216	1.23e-74
      1       1 PUL0216	1.85e-83
      1       1 PUL0225	1.94e-28
      1       1 PUL0225	3.93e-33
      1       1 PUL0225	4.14e-25
      1       1 PUL0227	2.29e-250
      1       1 PUL0260	2.12e-23
      1       1 PUL0260	7.52e-14
      1       1 PUL0266	2.05e-50
      1       1 PUL0267	2.95e-35
      1       1 PUL0267	6.40e-49
      1       1 PUL0267	9.50e-07
      1       1 PUL0269	1.08e-60
      1       1 PUL0269	1.82e-19
      1       1 PUL0281	4.26e-11
      1       1 PUL0298	2.71e-20
      1       1 PUL0303	1.99e-38
      1       1 PUL0316	1.58e-79
      1       1 PUL0335	4.60e-184
      1       1 PUL0340	2.81e-83
      1       1 PUL0347	1.32e-132
      1       1 PUL0347	1.61e-19
      1       1 PUL0347	5.35e-26
      1       1 PUL0347	7.50e-27
      1       1 PUL0364	9.79e-10
      1       1 PUL0390	1.59e-77
      1       1 PUL0390	4.66e-19
      1       1 PUL0390	7.71e-76
      1       1 PUL0404	7.97e-45
      1       1 PUL0406	5.43e-69
      1       1 PUL0410	2.00e-11
      1       1 PUL0416	7.07e-14
      1       1 PUL0428	4.55e-07
      1       1 PUL0429	1.53e-38
      1       1 PUL0429	2.28e-31
      1       1 PUL0429	2.84e-20
      1       1 PUL0429	6.73e-46
      1       1 PUL0429	7.31e-28
      1       1 PUL0451	4.23e-42
      1       1 PUL0454	6.86e-32
      1       1 PUL0458	1.95e-36
      1       1 PUL0458	3.09e-39
      1       1 PUL0460	1.31e-09
      1       1 PUL0460	1.50e-120
      1       1 PUL0460	1.76e-51
      1       1 PUL0460	1.88e-35
      1       1 PUL0460	5.86e-12
      1       1 PUL0460	7.19e-36
      1       1 PUL0482	2.01e-165
      1       1 PUL0493	1.93e-38
      1       1 PUL0493	8.81e-40
      1       1 PUL0529	3.59e-06
      1       1 PUL0569	2.81e-74
      1       1 PUL0569	6.47e-38
      1       1 PUL0577	2.27e-35
      1       1 PUL0601	3.15e-33
