PUL0006	1
PUL0012	1
PUL0020	1
PUL0026	1
PUL0029	1
PUL0038	1
PUL0039	1
PUL0049	2
PUL0060	1
PUL0106	1
PUL0108	3
PUL0113	1
PUL0121	3
PUL0144	2
PUL0150	1
PUL0178	1
PUL0191	1
PUL0214	1
PUL0216	2
PUL0225	3
PUL0227	1
PUL0260	2
PUL0266	1
PUL0267	3
PUL0269	2
PUL0281	1
PUL0298	1
PUL0303	1
PUL0316	1
PUL0335	1
PUL0340	1
PUL0347	4
PUL0364	1
PUL0390	3
PUL0404	1
PUL0406	1
PUL0410	1
PUL0416	1
PUL0428	1
PUL0429	5
PUL0451	1
PUL0454	1
PUL0458	2
PUL0460	6
PUL0482	1
PUL0493	2
PUL0529	1
PUL0569	2
PUL0577	1
PUL0601	1
