      1       1 PUL0004	1.25e-61
      1       1 PUL0029	4.38e-136
      1       1 PUL0050	1.35e-100
      1       1 PUL0106	8.16e-188
      1       1 PUL0109	1.07e-87
      1       1 PUL0121	3.94e-38
      1       1 PUL0124	2.07e-181
      1       1 PUL0130	8.21e-168
      1       1 PUL0145	1.24e-210
      1       1 PUL0300	5.93e-49
      1       1 PUL0316	1.32e-15
      1       1 PUL0333	1.09e-12
      1       1 PUL0335	1.09e-107
      1       1 PUL0335	5.13e-201
      1       1 PUL0337	6.76e-164
      1       1 PUL0341	3.49e-218
      1       1 PUL0347	1.28e-97
      1       1 PUL0406	6.50e-156
      1       1 PUL0406	9.35e-60
      1       1 PUL0413	1.37e-164
      1       1 PUL0454	4.62e-27
      1       1 PUL0599	7.37e-136
      1       1 PUL0601	1.19e-121
