      1       1 PUL0006	6.54e-17
      1       1 PUL0007	7.99e-119
      1       1 PUL0017	7.50e-192
      1       1 PUL0017	9.19e-190
      1       1 PUL0038	1.92e-165
      1       1 PUL0047	9.92e-185
      1       1 PUL0058	1.25e-269
      1       1 PUL0106	8.86e-117
      1       1 PUL0108	5.41e-79
      1       1 PUL0121	1.92e-183
      1       1 PUL0123	4.40e-66
      1       1 PUL0145	6.93e-195
      1       1 PUL0180	1.72e-89
      1       1 PUL0184	6.45e-38
      1       1 PUL0296	1.64e-84
      1       1 PUL0300	2.55e-134
      1       1 PUL0316	2.52e-72
      1       1 PUL0331	4.36e-27
      1       1 PUL0333	3.41e-94
      1       1 PUL0335	5.49e-194
      1       1 PUL0336	5.55e-97
      1       1 PUL0337	1.19e-160
      1       1 PUL0339	6.49e-152
      1       1 PUL0340	1.32e-231
      1       1 PUL0340	1.83e-46
      1       1 PUL0340	3.40e-156
      1       1 PUL0341	7.91e-218
      1       1 PUL0349	3.05e-193
      1       1 PUL0369	5.07e-37
      1       1 PUL0370	4.15e-200
      1       1 PUL0375	2.12e-147
      1       1 PUL0406	3.52e-118
      1       1 PUL0406	9.98e-214
      1       1 PUL0413	2.76e-132
      1       1 PUL0413	3.42e-08
      1       1 PUL0434	1.44e-40
      1       1 PUL0584	1.70e-156
