      1       1 PUL0049	6.73e-139
      1       1 PUL0110	1.26e-47
      1       1 PUL0121	1.02e-61
      1       1 PUL0121	2.46e-11
      1       1 PUL0172	1.09e-52
      1       1 PUL0180	7.09e-16
      1       1 PUL0188	2.91e-116
      1       1 PUL0212	2.77e-134
      1       1 PUL0250	3.07e-72
      1       1 PUL0316	6.48e-85
      1       1 PUL0333	3.32e-05
      1       1 PUL0336	1.73e-17
      1       1 PUL0337	1.33e-145
      1       1 PUL0337	4.24e-129
      1       1 PUL0340	9.91e-126
      1       1 PUL0341	2.60e-77
      1       1 PUL0429	1.28e-34
      1       1 PUL0429	3.68e-86
      1       1 PUL0451	1.72e-129
      1       1 PUL0494	2.35e-123
      1       1 PUL0502	1.84e-16
      1       1 PUL0502	7.17e-139
      1       1 PUL0555	5.86e-146
