      1       1 PUL0017	2.42e-182
      1       1 PUL0024	2.53e-62
      1       1 PUL0024	4.69e-43
      1       1 PUL0029	2.31e-40
      1       1 PUL0047	4.34e-56
      1       1 PUL0049	2.13e-10
      1       1 PUL0049	8.70e-110
      1       1 PUL0050	9.39e-38
      1       1 PUL0070	8.60e-189
      1       1 PUL0093	2.13e-127
      1       1 PUL0101	6.12e-67
      1       1 PUL0106	1.46e-121
      1       1 PUL0106	2.62e-07
      1       1 PUL0106	5.32e-167
      1       1 PUL0106	5.45e-183
      1       1 PUL0108	1.61e-28
      1       1 PUL0108	4.99e-110
      1       1 PUL0113	7.52e-97
      1       1 PUL0121	2.72e-18
      1       1 PUL0121	6.88e-95
      1       1 PUL0124	2.20e-176
      1       1 PUL0145	1.54e-192
      1       1 PUL0148	1.90e-37
      1       1 PUL0162	2.66e-166
      1       1 PUL0180	7.40e-88
      1       1 PUL0209	4.52e-68
      1       1 PUL0225	1.12e-61
      1       1 PUL0230	2.50e-106
      1       1 PUL0248	6.99e-128
      1       1 PUL0254	8.73e-121
      1       1 PUL0267	3.75e-155
      1       1 PUL0281	2.38e-34
      1       1 PUL0281	6.49e-124
      1       1 PUL0316	1.93e-91
      1       1 PUL0335	2.06e-192
      1       1 PUL0335	2.22e-38
      1       1 PUL0336	4.62e-94
      1       1 PUL0337	1.90e-64
      1       1 PUL0337	2.59e-200
      1       1 PUL0340	2.41e-09
      1       1 PUL0340	5.06e-293
      1       1 PUL0340	6.68e-43
      1       1 PUL0340	6.90e-145
      1       1 PUL0340	9.84e-43
      1       1 PUL0341	5.99e-199
      1       1 PUL0390	3.39e-25
      1       1 PUL0396	5.56e-86
      1       1 PUL0399	2.38e-42
      1       1 PUL0406	5.08e-197
      1       1 PUL0413	2.11e-163
      1       1 PUL0413	7.50e-126
      1       1 PUL0454	7.25e-41
      1       1 PUL0460	5.50e-66
      1       1 PUL0493	9.56e-79
      1       1 PUL0494	1.20e-144
      1       1 PUL0527	8.92e-88
      1       1 PUL0595	1.80e-59
