      1       1 PUL0013	1.46e-40
      1       1 PUL0013	9.20e-38
      1       1 PUL0017	4.97e-186
      1       1 PUL0017	5.90e-152
      1       1 PUL0027	2.54e-86
      1       1 PUL0029	2.28e-42
      1       1 PUL0030	1.43e-65
      1       1 PUL0036	4.33e-75
      1       1 PUL0049	1.11e-27
      1       1 PUL0049	2.96e-31
      1       1 PUL0049	9.21e-142
      1       1 PUL0058	2.52e-29
      1       1 PUL0058	3.43e-227
      1       1 PUL0058	7.20e-218
      1       1 PUL0061	2.23e-12
      1       1 PUL0067	1.49e-23
      1       1 PUL0070	2.90e-183
      1       1 PUL0073	1.80e-34
      1       1 PUL0093	1.09e-127
      1       1 PUL0093	2.66e-17
      1       1 PUL0106	3.70e-77
      1       1 PUL0106	4.58e-223
      1       1 PUL0106	6.35e-95
      1       1 PUL0108	6.73e-52
      1       1 PUL0121	1.67e-227
      1       1 PUL0121	5.05e-80
      1       1 PUL0121	6.44e-61
      1       1 PUL0121	7.18e-22
      1       1 PUL0161	2.82e-51
      1       1 PUL0162	2.10e-38
      1       1 PUL0180	2.08e-164
      1       1 PUL0184	1.57e-128
      1       1 PUL0216	2.89e-89
      1       1 PUL0245	3.51e-63
      1       1 PUL0247	7.87e-145
      1       1 PUL0250	1.30e-79
      1       1 PUL0267	2.21e-230
      1       1 PUL0270	1.60e-71
      1       1 PUL0270	7.11e-185
      1       1 PUL0300	1.34e-98
      1       1 PUL0303	3.98e-67
      1       1 PUL0309	2.62e-49
      1       1 PUL0318	3.64e-13
      1       1 PUL0324	1.48e-168
      1       1 PUL0332	3.83e-04
      1       1 PUL0333	3.10e-115
      1       1 PUL0335	1.00e-60
      1       1 PUL0335	1.07e-70
      1       1 PUL0335	1.30e-95
      1       1 PUL0335	2.28e-72
      1       1 PUL0335	2.55e-194
      1       1 PUL0335	2.86e-56
      1       1 PUL0335	3.78e-95
      1       1 PUL0335	3.82e-57
      1       1 PUL0335	3.94e-50
      1       1 PUL0335	4.45e-165
      1       1 PUL0335	5.47e-85
      1       1 PUL0335	6.00e-65
      1       1 PUL0335	7.65e-186
      1       1 PUL0335	8.71e-97
      1       1 PUL0336	3.53e-80
      1       1 PUL0340	1.35e-142
      1       1 PUL0340	3.45e-46
      1       1 PUL0340	5.02e-86
      1       1 PUL0340	7.90e-149
      1       1 PUL0341	1.22e-170
      1       1 PUL0368	3.79e-57
      1       1 PUL0375	2.88e-65
      1       1 PUL0375	7.73e-85
      1       1 PUL0390	1.63e-15
      1       1 PUL0396	7.28e-64
      1       1 PUL0401	2.54e-20
      1       1 PUL0404	1.06e-14
      1       1 PUL0406	1.77e-104
      1       1 PUL0410	1.26e-58
      1       1 PUL0413	1.06e-128
      1       1 PUL0413	1.24e-152
      1       1 PUL0413	1.84e-124
      1       1 PUL0413	4.18e-67
      1       1 PUL0413	7.78e-50
      1       1 PUL0413	8.66e-48
      1       1 PUL0414	1.31e-81
      1       1 PUL0431	5.89e-178
      1       1 PUL0431	6.00e-129
      1       1 PUL0458	6.73e-05
      1       1 PUL0460	1.43e-05
      1       1 PUL0460	2.00e-17
      1       1 PUL0476	3.20e-16
      1       1 PUL0494	3.42e-06
      1       1 PUL0502	2.36e-165
      1       1 PUL0527	9.67e-83
      1       1 PUL0530	2.99e-05
