      1       1 PUL0017	4.79e-179
      1       1 PUL0037	5.17e-30
      1       1 PUL0049	1.99e-193
      1       1 PUL0058	7.72e-192
      1       1 PUL0060	9.42e-133
      1       1 PUL0061	7.96e-284
      1       1 PUL0093	1.10e-114
      1       1 PUL0093	1.62e-114
      1       1 PUL0106	2.72e-94
      1       1 PUL0106	7.05e-214
      1       1 PUL0121	3.85e-19
      1       1 PUL0130	3.80e-190
      1       1 PUL0145	1.09e-216
      1       1 PUL0145	1.34e-23
      1       1 PUL0145	8.61e-162
      1       1 PUL0173	8.80e-111
      1       1 PUL0212	1.73e-141
      1       1 PUL0256	7.39e-04
      1       1 PUL0267	5.56e-225
      1       1 PUL0300	6.38e-09
      1       1 PUL0332	1.02e-36
      1       1 PUL0339	7.24e-161
      1       1 PUL0340	1.59e-157
      1       1 PUL0340	1.73e-134
      1       1 PUL0340	2.11e-155
      1       1 PUL0347	1.68e-33
      1       1 PUL0413	8.31e-164
      1       1 PUL0460	1.37e-79
      1       1 PUL0506	4.15e-144
      1       1 PUL0584	1.58e-151
      1       1 PUL0599	1.11e-80
