      1       1 PUL0017	1.54e-177
      1       1 PUL0024	2.74e-112
      1       1 PUL0047	9.95e-59
      1       1 PUL0094	2.20e-49
      1       1 PUL0101	7.02e-37
      1       1 PUL0106	1.28e-225
      1       1 PUL0138	2.18e-68
      1       1 PUL0168	4.83e-53
      1       1 PUL0169	3.15e-279
      1       1 PUL0182	5.19e-154
      1       1 PUL0230	1.10e-105
      1       1 PUL0240	2.69e-109
      1       1 PUL0248	8.64e-10
      1       1 PUL0267	1.40e-146
      1       1 PUL0267	6.31e-192
      1       1 PUL0285	3.46e-196
      1       1 PUL0335	6.35e-134
      1       1 PUL0337	2.70e-62
      1       1 PUL0339	4.94e-74
      1       1 PUL0368	4.37e-161
      1       1 PUL0527	4.55e-49
      1       1 PUL0574	3.84e-175
