      1       1 PUL0024	4.65e-214
      1       1 PUL0029	4.98e-177
      1       1 PUL0058	4.80e-178
      1       1 PUL0070	2.21e-160
      1       1 PUL0094	2.10e-93
      1       1 PUL0101	1.97e-46
      1       1 PUL0106	1.16e-176
      1       1 PUL0124	2.01e-226
      1       1 PUL0162	9.86e-181
      1       1 PUL0180	4.81e-151
      1       1 PUL0212	8.91e-142
      1       1 PUL0213	4.90e-211
      1       1 PUL0230	1.52e-125
      1       1 PUL0230	1.67e-64
      1       1 PUL0294	3.83e-79
      1       1 PUL0300	3.87e-94
      1       1 PUL0326	4.26e-10
      1       1 PUL0327	7.57e-207
      1       1 PUL0329	1.73e-193
      1       1 PUL0332	1.18e-87
      1       1 PUL0337	2.27e-198
      1       1 PUL0339	5.24e-165
      1       1 PUL0375	1.72e-109
      1       1 PUL0399	8.49e-250
      1       1 PUL0406	1.02e-219
      1       1 PUL0413	2.54e-162
      1       1 PUL0493	1.32e-78
      1       1 PUL0575	6.02e-201
      1       1 PUL0590	1.25e-116
      1       1 PUL0590	7.63e-125
      1       1 PUL0599	3.10e-127
