      1       1 PUL0005	3.40e-281
      1       1 PUL0006	2.18e-108
      1       1 PUL0016	1.03e-257
      1       1 PUL0017	4.56e-190
      1       1 PUL0017	9.90e-192
      1       1 PUL0020	2.69e-272
      1       1 PUL0020	3.26e-36
      1       1 PUL0025	1.12e-99
      1       1 PUL0025	2.39e-04
      1       1 PUL0029	2.00e-140
      1       1 PUL0037	2.28e-73
      1       1 PUL0048	1.20e-204
      1       1 PUL0050	3.36e-100
      1       1 PUL0070	3.85e-184
      1       1 PUL0106	6.39e-33
      1       1 PUL0106	7.17e-247
      1       1 PUL0130	4.56e-222
      1       1 PUL0186	8.14e-162
      1       1 PUL0195	1.22e-83
      1       1 PUL0196	1.62e-196
      1       1 PUL0196	2.01e-248
      1       1 PUL0196	2.47e-146
      1       1 PUL0196	7.02e-61
      1       1 PUL0212	2.37e-171
      1       1 PUL0219	2.17e-94
      1       1 PUL0230	1.19e-290
      1       1 PUL0266	8.95e-139
      1       1 PUL0267	1.07e-165
      1       1 PUL0297	8.22e-62
      1       1 PUL0335	3.16e-91
      1       1 PUL0340	3.24e-47
      1       1 PUL0340	8.94e-47
      1       1 PUL0341	1.67e-187
      1       1 PUL0368	3.09e-47
      1       1 PUL0390	4.18e-130
      1       1 PUL0401	1.74e-68
      1       1 PUL0413	5.50e-162
      1       1 PUL0574	5.01e-305
      1       1 PUL0584	4.80e-171
      1       1 PUL0601	4.95e-131
