      1       1 PUL0009	9.42e-124
      1       1 PUL0017	6.06e-159
      1       1 PUL0017	6.20e-191
      1       1 PUL0029	4.11e-36
      1       1 PUL0038	7.72e-259
      1       1 PUL0061	2.35e-95
      1       1 PUL0070	1.90e-168
      1       1 PUL0101	1.76e-60
      1       1 PUL0103	9.08e-15
      1       1 PUL0106	3.27e-178
      1       1 PUL0108	5.60e-42
      1       1 PUL0121	2.99e-100
      1       1 PUL0176	3.64e-52
      1       1 PUL0184	1.53e-30
      1       1 PUL0205	2.79e-90
      1       1 PUL0217	1.10e-45
      1       1 PUL0218	1.28e-36
      1       1 PUL0246	5.37e-12
      1       1 PUL0267	2.03e-75
      1       1 PUL0267	8.42e-223
      1       1 PUL0291	2.92e-24
      1       1 PUL0300	1.49e-100
      1       1 PUL0316	4.48e-64
      1       1 PUL0316	4.54e-93
      1       1 PUL0333	4.16e-92
      1       1 PUL0333	9.52e-78
      1       1 PUL0335	1.14e-171
      1       1 PUL0335	5.78e-71
      1       1 PUL0339	4.40e-16
      1       1 PUL0339	5.35e-17
      1       1 PUL0339	5.79e-163
      1       1 PUL0340	5.13e-140
      1       1 PUL0341	5.54e-142
      1       1 PUL0368	1.01e-62
      1       1 PUL0390	1.18e-35
      1       1 PUL0399	3.01e-23
      1       1 PUL0404	2.89e-42
      1       1 PUL0413	2.22e-120
      1       1 PUL0413	7.99e-29
      1       1 PUL0429	6.96e-113
      1       1 PUL0458	2.99e-38
      1       1 PUL0460	2.98e-60
      1       1 PUL0460	4.42e-117
      1       1 PUL0460	7.27e-93
      1       1 PUL0573	6.11e-37
      1       1 PUL0577	7.19e-48
      1       1 PUL0584	9.88e-140
      1       1 PUL0598	2.15e-112
