      1       1 PUL0010	1.83e-204
      1       1 PUL0017	2.38e-189
      1       1 PUL0022	6.60e-215
      1       1 PUL0029	2.27e-39
      1       1 PUL0037	1.15e-24
      1       1 PUL0041	2.44e-246
      1       1 PUL0047	3.63e-167
      1       1 PUL0049	4.13e-202
      1       1 PUL0049	9.54e-22
      1       1 PUL0050	6.10e-89
      1       1 PUL0053	2.11e-43
      1       1 PUL0058	9.20e-212
      1       1 PUL0061	7.58e-226
      1       1 PUL0069	2.00e-263
      1       1 PUL0088	2.99e-128
      1       1 PUL0100	5.82e-300
      1       1 PUL0106	2.94e-91
      1       1 PUL0121	7.35e-51
      1       1 PUL0168	5.17e-310
      1       1 PUL0182	1.92e-176
      1       1 PUL0184	2.74e-250
      1       1 PUL0184	9.19e-181
      1       1 PUL0246	2.43e-236
      1       1 PUL0248	4.49e-183
      1       1 PUL0298	7.05e-47
      1       1 PUL0300	2.83e-61
      1       1 PUL0316	7.56e-132
      1       1 PUL0324	5.12e-233
      1       1 PUL0329	2.58e-123
      1       1 PUL0335	1.51e-140
      1       1 PUL0335	3.27e-176
      1       1 PUL0336	1.33e-62
      1       1 PUL0337	3.13e-39
      1       1 PUL0347	5.02e-232
      1       1 PUL0366	1.07e-283
      1       1 PUL0375	7.33e-53
      1       1 PUL0390	9.37e-43
      1       1 PUL0413	2.83e-173
      1       1 PUL0420	3.76e-210
      1       1 PUL0446	2.81e-51
      1       1 PUL0449	7.46e-231
      1       1 PUL0460	5.72e-74
      1       1 PUL0586	1.19e-241
