      1       1 PUL0017	1.69e-182
      1       1 PUL0049	5.29e-110
      1       1 PUL0070	3.05e-188
      1       1 PUL0106	2.91e-183
      1       1 PUL0108	2.09e-107
      1       1 PUL0113	7.88e-97
      1       1 PUL0124	7.38e-176
      1       1 PUL0145	2.85e-192
      1       1 PUL0162	2.40e-166
      1       1 PUL0248	2.97e-128
      1       1 PUL0294	3.30e-59
      1       1 PUL0335	1.42e-191
      1       1 PUL0336	2.60e-10
      1       1 PUL0337	1.04e-64
      1       1 PUL0337	1.34e-189
      1       1 PUL0340	1.81e-292
      1       1 PUL0341	2.71e-198
      1       1 PUL0406	1.23e-196
      1       1 PUL0460	2.72e-76
      1       1 PUL0460	6.79e-67
      1       1 PUL0493	1.08e-78
      1       1 PUL0601	1.03e-61
