      1       1 PUL0017	4.94e-176
      1       1 PUL0017	6.09e-164
      1       1 PUL0017	6.15e-190
      1       1 PUL0022	1.43e-120
      1       1 PUL0022	2.40e-137
      1       1 PUL0022	4.47e-199
      1       1 PUL0024	6.00e-244
      1       1 PUL0029	2.14e-116
      1       1 PUL0088	2.98e-212
      1       1 PUL0094	3.11e-72
      1       1 PUL0106	1.35e-243
      1       1 PUL0108	1.35e-16
      1       1 PUL0121	2.18e-79
      1       1 PUL0121	2.75e-59
      1       1 PUL0124	2.74e-171
      1       1 PUL0161	5.54e-25
      1       1 PUL0201	2.14e-158
      1       1 PUL0212	4.24e-185
      1       1 PUL0230	4.03e-150
      1       1 PUL0232	9.92e-04
      1       1 PUL0236	1.68e-78
      1       1 PUL0250	2.54e-125
      1       1 PUL0256	2.79e-186
      1       1 PUL0267	6.40e-159
      1       1 PUL0270	8.48e-30
      1       1 PUL0297	3.09e-58
      1       1 PUL0300	3.39e-101
      1       1 PUL0307	8.40e-14
      1       1 PUL0333	3.04e-93
      1       1 PUL0341	1.02e-185
      1       1 PUL0347	1.11e-123
      1       1 PUL0347	9.72e-207
      1       1 PUL0349	2.22e-177
      1       1 PUL0368	1.47e-274
      1       1 PUL0368	3.47e-28
      1       1 PUL0399	6.83e-144
      1       1 PUL0406	3.39e-89
      1       1 PUL0413	5.78e-162
      1       1 PUL0527	1.18e-76
      1       1 PUL0530	1.90e-04
      1       1 PUL0530	2.63e-206
      1       1 PUL0599	1.21e-85
