      1       1 PUL0001	2.98e-132
      1       1 PUL0008	2.03e-47
      1       1 PUL0024	2.23e-21
      1       1 PUL0029	2.08e-34
      1       1 PUL0050	3.55e-38
      1       1 PUL0070	1.39e-164
      1       1 PUL0094	4.02e-105
      1       1 PUL0103	8.49e-210
      1       1 PUL0104	1.37e-107
      1       1 PUL0106	3.73e-319
      1       1 PUL0106	4.11e-19
      1       1 PUL0117	5.00e-11
      1       1 PUL0121	1.21e-19
      1       1 PUL0121	7.68e-77
      1       1 PUL0124	9.18e-159
      1       1 PUL0134	2.09e-245
      1       1 PUL0145	1.20e-265
      1       1 PUL0149	1.32e-22
      1       1 PUL0161	4.49e-11
      1       1 PUL0165	4.65e-80
      1       1 PUL0168	7.87e-29
      1       1 PUL0180	1.67e-191
      1       1 PUL0180	2.15e-110
      1       1 PUL0184	3.47e-51
      1       1 PUL0206	1.18e-148
      1       1 PUL0206	7.39e-247
      1       1 PUL0236	2.79e-138
      1       1 PUL0256	1.25e-118
      1       1 PUL0264	2.20e-18
      1       1 PUL0267	2.29e-284
      1       1 PUL0267	8.60e-225
      1       1 PUL0300	1.72e-98
      1       1 PUL0333	1.23e-182
      1       1 PUL0333	2.56e-112
      1       1 PUL0335	4.97e-185
      1       1 PUL0339	5.27e-279
      1       1 PUL0340	3.43e-103
      1       1 PUL0341	8.64e-178
      1       1 PUL0344	1.08e-43
      1       1 PUL0344	2.04e-140
      1       1 PUL0406	1.60e-16
      1       1 PUL0406	3.30e-85
      1       1 PUL0406	9.65e-57
      1       1 PUL0429	9.66e-23
      1       1 PUL0434	3.07e-31
      1       1 PUL0440	3.28e-198
      1       1 PUL0443	2.04e-166
      1       1 PUL0443	8.13e-159
      1       1 PUL0467	1.17e-54
      1       1 PUL0480	6.71e-15
      1       1 PUL0527	1.76e-86
      1       1 PUL0527	3.87e-92
      1       1 PUL0530	1.11e-07
      1       1 PUL0560	2.72e-110
