      1       1 PUL0009	1.54e-75
      1       1 PUL0016	1.21e-151
      1       1 PUL0017	2.47e-216
      1       1 PUL0019	3.55e-206
      1       1 PUL0024	4.61e-137
      1       1 PUL0029	1.50e-38
      1       1 PUL0038	2.94e-158
      1       1 PUL0050	1.92e-38
      1       1 PUL0061	5.00e-19
      1       1 PUL0070	5.33e-184
      1       1 PUL0121	1.52e-173
      1       1 PUL0121	3.32e-45
      1       1 PUL0121	4.21e-58
      1       1 PUL0121	8.74e-57
      1       1 PUL0145	5.01e-74
      1       1 PUL0151	1.27e-19
      1       1 PUL0195	1.94e-241
      1       1 PUL0195	2.59e-227
      1       1 PUL0212	2.82e-181
      1       1 PUL0230	3.36e-114
      1       1 PUL0230	5.43e-19
      1       1 PUL0248	7.58e-10
      1       1 PUL0300	6.84e-105
      1       1 PUL0300	8.03e-91
      1       1 PUL0333	9.40e-110
      1       1 PUL0335	1.07e-179
      1       1 PUL0335	2.89e-56
      1       1 PUL0336	1.18e-96
      1       1 PUL0337	1.94e-159
      1       1 PUL0341	2.76e-184
      1       1 PUL0341	5.36e-156
      1       1 PUL0347	1.10e-97
      1       1 PUL0347	6.18e-265
      1       1 PUL0390	1.37e-110
      1       1 PUL0413	1.25e-18
      1       1 PUL0413	1.43e-167
      1       1 PUL0413	1.84e-128
      1       1 PUL0429	2.08e-36
      1       1 PUL0429	4.09e-38
      1       1 PUL0458	6.69e-55
      1       1 PUL0459	3.15e-11
      1       1 PUL0497	6.53e-249
      1       1 PUL0504	1.24e-23
      1       1 PUL0530	1.04e-42
      1       1 PUL0530	4.27e-301
      1       1 PUL0555	3.98e-06
      1       1 PUL0574	1.72e-104
      1       1 PUL0579	1.04e-110
      1       1 PUL0579	5.05e-87
      1       1 PUL0599	1.68e-144
