      1       1 PUL0017	8.13e-198
      1       1 PUL0024	4.50e-209
      1       1 PUL0025	1.10e-194
      1       1 PUL0025	3.45e-110
      1       1 PUL0025	9.86e-192
      1       1 PUL0029	1.51e-95
      1       1 PUL0058	3.03e-146
      1       1 PUL0106	5.35e-176
      1       1 PUL0106	8.12e-207
      1       1 PUL0106	9.51e-92
      1       1 PUL0121	1.83e-186
      1       1 PUL0124	1.57e-204
      1       1 PUL0180	6.44e-95
      1       1 PUL0232	2.58e-30
      1       1 PUL0236	4.29e-125
      1       1 PUL0267	4.48e-181
      1       1 PUL0333	7.81e-116
      1       1 PUL0335	1.67e-139
      1       1 PUL0335	2.27e-191
      1       1 PUL0335	5.45e-137
      1       1 PUL0335	9.05e-113
      1       1 PUL0340	2.06e-179
      1       1 PUL0341	2.55e-188
      1       1 PUL0390	5.76e-80
      1       1 PUL0390	7.17e-76
      1       1 PUL0476	7.16e-136
      1       1 PUL0599	5.14e-96
