      1       1 PUL0005	1.73e-280
      1       1 PUL0016	7.69e-259
      1       1 PUL0017	2.79e-192
      1       1 PUL0017	2.85e-190
      1       1 PUL0017	7.55e-182
      1       1 PUL0020	1.41e-271
      1       1 PUL0029	8.12e-140
      1       1 PUL0038	4.12e-140
      1       1 PUL0048	5.53e-206
      1       1 PUL0050	3.37e-100
      1       1 PUL0070	2.20e-183
      1       1 PUL0106	3.32e-247
      1       1 PUL0122	6.44e-204
      1       1 PUL0130	8.52e-222
      1       1 PUL0184	2.33e-31
      1       1 PUL0195	2.46e-153
      1       1 PUL0195	2.54e-119
      1       1 PUL0196	4.69e-197
      1       1 PUL0210	8.90e-68
      1       1 PUL0212	1.37e-138
      1       1 PUL0212	2.83e-172
      1       1 PUL0230	6.67e-291
      1       1 PUL0266	8.95e-139
      1       1 PUL0300	1.72e-239
      1       1 PUL0335	3.42e-118
      1       1 PUL0340	1.46e-47
      1       1 PUL0340	6.05e-26
      1       1 PUL0341	4.44e-187
      1       1 PUL0368	1.14e-70
      1       1 PUL0384	8.35e-51
      1       1 PUL0390	1.49e-39
      1       1 PUL0406	1.24e-244
      1       1 PUL0406	7.47e-132
      1       1 PUL0413	6.38e-162
      1       1 PUL0414	1.05e-132
      1       1 PUL0460	2.73e-133
      1       1 PUL0489	2.33e-42
      1       1 PUL0539	1.70e-138
      1       1 PUL0574	1.42e-305
      1       1 PUL0582	2.81e-159
      1       1 PUL0584	1.26e-169
