      1       1 PUL0017	6.96e-166
      1       1 PUL0029	8.92e-69
      1       1 PUL0050	1.30e-99
      1       1 PUL0106	1.59e-169
      1       1 PUL0106	2.58e-186
      1       1 PUL0121	3.54e-54
      1       1 PUL0124	6.53e-16
      1       1 PUL0124	9.75e-33
      1       1 PUL0145	1.89e-215
      1       1 PUL0198	3.20e-182
      1       1 PUL0248	8.59e-131
      1       1 PUL0267	1.58e-12
      1       1 PUL0299	3.09e-79
      1       1 PUL0300	1.81e-122
      1       1 PUL0316	5.00e-84
      1       1 PUL0335	2.71e-197
      1       1 PUL0340	3.15e-140
      1       1 PUL0341	3.00e-218
      1       1 PUL0390	3.31e-45
      1       1 PUL0406	3.62e-151
      1       1 PUL0413	2.49e-166
      1       1 PUL0454	7.09e-30
      1       1 PUL0584	6.64e-164
      1       1 PUL0599	1.50e-125
