      1       1 PUL0008	1.08e-19
      1       1 PUL0009	1.06e-123
      1       1 PUL0013	2.64e-35
      1       1 PUL0017	1.83e-190
      1       1 PUL0017	6.06e-159
      1       1 PUL0029	2.58e-36
      1       1 PUL0036	1.85e-22
      1       1 PUL0038	7.75e-259
      1       1 PUL0061	2.36e-95
      1       1 PUL0070	2.36e-168
      1       1 PUL0101	1.76e-60
      1       1 PUL0103	7.26e-16
      1       1 PUL0106	3.27e-178
      1       1 PUL0121	2.99e-100
      1       1 PUL0155	4.39e-29
      1       1 PUL0184	1.56e-30
      1       1 PUL0205	1.18e-89
      1       1 PUL0217	1.17e-45
      1       1 PUL0236	2.85e-91
      1       1 PUL0267	2.03e-75
      1       1 PUL0267	3.84e-216
      1       1 PUL0291	2.92e-24
      1       1 PUL0300	1.75e-100
      1       1 PUL0316	3.11e-64
      1       1 PUL0333	7.22e-78
      1       1 PUL0335	1.14e-171
      1       1 PUL0335	5.61e-71
      1       1 PUL0339	1.11e-16
      1       1 PUL0339	3.17e-163
      1       1 PUL0339	4.40e-16
      1       1 PUL0340	5.13e-140
      1       1 PUL0368	1.01e-62
      1       1 PUL0390	1.17e-35
      1       1 PUL0399	6.59e-23
      1       1 PUL0404	2.90e-42
      1       1 PUL0429	6.91e-113
      1       1 PUL0459	2.94e-10
      1       1 PUL0460	3.20e-60
      1       1 PUL0460	7.61e-93
      1       1 PUL0577	7.45e-48
      1       1 PUL0584	3.42e-139
      1       1 PUL0598	2.14e-112
