      1       1 PUL0001	2.53e-150
      1       1 PUL0016	1.24e-201
      1       1 PUL0022	1.71e-203
      1       1 PUL0022	2.09e-176
      1       1 PUL0022	2.33e-218
      1       1 PUL0022	7.31e-161
      1       1 PUL0022	7.79e-161
      1       1 PUL0024	5.21e-49
      1       1 PUL0025	5.05e-179
      1       1 PUL0033	1.23e-33
      1       1 PUL0058	2.45e-273
      1       1 PUL0101	1.77e-150
      1       1 PUL0106	1.60e-239
      1       1 PUL0106	2.46e-37
      1       1 PUL0106	2.47e-193
      1       1 PUL0106	8.71e-112
      1       1 PUL0107	3.46e-174
      1       1 PUL0108	1.09e-112
      1       1 PUL0113	1.65e-133
      1       1 PUL0113	1.66e-173
      1       1 PUL0113	3.06e-47
      1       1 PUL0121	1.16e-31
      1       1 PUL0124	2.27e-208
      1       1 PUL0180	5.32e-13
      1       1 PUL0184	1.08e-41
      1       1 PUL0186	3.82e-191
      1       1 PUL0216	2.01e-71
      1       1 PUL0231	1.24e-189
      1       1 PUL0231	5.33e-195
      1       1 PUL0248	2.24e-120
      1       1 PUL0256	9.75e-195
      1       1 PUL0327	1.26e-182
      1       1 PUL0335	2.51e-173
      1       1 PUL0340	2.65e-214
      1       1 PUL0341	2.22e-261
      1       1 PUL0347	6.73e-313
      1       1 PUL0368	2.96e-203
      1       1 PUL0372	5.19e-80
      1       1 PUL0396	5.05e-75
      1       1 PUL0406	6.13e-205
      1       1 PUL0414	4.67e-48
      1       1 PUL0432	2.41e-135
      1       1 PUL0453	3.72e-135
      1       1 PUL0504	2.47e-15
      1       1 PUL0560	1.32e-87
      1       1 PUL0574	3.02e-60
      1       1 PUL0575	1.28e-235
      1       1 PUL0576	1.00e-126
