      1       1 PUL0017	6.78e-182
      1       1 PUL0017	9.52e-229
      1       1 PUL0024	1.05e-215
      1       1 PUL0024	7.56e-59
      1       1 PUL0025	1.78e-136
      1       1 PUL0028	4.89e-135
      1       1 PUL0029	1.73e-178
      1       1 PUL0058	3.48e-149
      1       1 PUL0058	3.67e-203
      1       1 PUL0106	4.74e-193
      1       1 PUL0106	6.48e-147
      1       1 PUL0108	2.06e-39
      1       1 PUL0113	1.09e-167
      1       1 PUL0124	5.59e-174
      1       1 PUL0143	1.81e-138
      1       1 PUL0172	2.43e-89
      1       1 PUL0213	4.84e-191
      1       1 PUL0240	2.04e-108
      1       1 PUL0299	7.88e-82
      1       1 PUL0324	7.80e-08
      1       1 PUL0339	1.14e-158
      1       1 PUL0340	5.94e-112
      1       1 PUL0370	6.61e-170
      1       1 PUL0406	2.05e-32
      1       1 PUL0406	2.28e-209
      1       1 PUL0413	2.36e-157
      1       1 PUL0413	8.43e-133
      1       1 PUL0460	1.72e-30
      1       1 PUL0460	6.07e-32
      1       1 PUL0488	6.20e-14
      1       1 PUL0519	3.26e-292
      1       1 PUL0530	2.73e-28
      1       1 PUL0576	1.58e-213
