      1       1 PUL0038	9.16e-164
      1       1 PUL0061	1.60e-229
      1       1 PUL0098	1.36e-21
      1       1 PUL0106	2.39e-113
      1       1 PUL0124	1.49e-172
      1       1 PUL0130	1.24e-184
      1       1 PUL0145	2.64e-175
      1       1 PUL0160	2.35e-231
      1       1 PUL0184	7.00e-04
      1       1 PUL0211	6.56e-277
      1       1 PUL0267	1.52e-197
      1       1 PUL0270	3.73e-265
      1       1 PUL0292	1.95e-191
      1       1 PUL0292	4.20e-216
      1       1 PUL0292	7.50e-140
      1       1 PUL0316	4.12e-71
      1       1 PUL0329	7.14e-258
      1       1 PUL0335	1.33e-59
      1       1 PUL0336	1.53e-36
      1       1 PUL0337	1.23e-139
      1       1 PUL0339	2.91e-35
      1       1 PUL0339	3.77e-162
      1       1 PUL0340	1.29e-131
      1       1 PUL0363	4.42e-220
      1       1 PUL0365	1.41e-207
      1       1 PUL0365	1.73e-249
      1       1 PUL0390	1.49e-20
      1       1 PUL0406	5.77e-100
      1       1 PUL0413	2.07e-29
      1       1 PUL0413	8.46e-168
      1       1 PUL0458	1.01e-10
      1       1 PUL0459	3.06e-178
      1       1 PUL0460	2.54e-12
      1       1 PUL0527	7.77e-71
      1       1 PUL0532	8.69e-216
