      1       1 PUL0010	1.17e-204
      1       1 PUL0017	2.59e-49
      1       1 PUL0017	9.93e-195
      1       1 PUL0022	5.99e-215
      1       1 PUL0024	1.67e-16
      1       1 PUL0029	2.25e-50
      1       1 PUL0041	1.03e-245
      1       1 PUL0049	2.07e-202
      1       1 PUL0050	6.09e-89
      1       1 PUL0058	7.54e-212
      1       1 PUL0069	1.48e-262
      1       1 PUL0088	6.45e-128
      1       1 PUL0100	9.67e-300
      1       1 PUL0108	1.00e-41
      1       1 PUL0121	7.45e-51
      1       1 PUL0145	1.57e-181
      1       1 PUL0145	4.39e-185
      1       1 PUL0168	1.75e-310
      1       1 PUL0169	2.66e-11
      1       1 PUL0177	8.36e-306
      1       1 PUL0180	5.01e-97
      1       1 PUL0184	3.23e-181
      1       1 PUL0184	5.93e-34
      1       1 PUL0206	1.63e-224
      1       1 PUL0225	1.46e-46
      1       1 PUL0230	1.24e-80
      1       1 PUL0246	2.78e-235
      1       1 PUL0248	2.71e-183
      1       1 PUL0286	1.11e-134
      1       1 PUL0296	1.37e-87
      1       1 PUL0296	6.83e-118
      1       1 PUL0300	1.31e-54
      1       1 PUL0316	1.14e-131
      1       1 PUL0316	6.48e-93
      1       1 PUL0324	4.30e-233
      1       1 PUL0329	4.68e-123
      1       1 PUL0333	3.47e-26
      1       1 PUL0335	1.07e-194
      1       1 PUL0335	1.52e-140
      1       1 PUL0335	2.68e-63
      1       1 PUL0335	4.21e-26
      1       1 PUL0335	4.83e-21
      1       1 PUL0340	1.11e-44
      1       1 PUL0340	2.19e-25
      1       1 PUL0347	2.12e-232
      1       1 PUL0351	5.18e-05
      1       1 PUL0365	3.17e-61
      1       1 PUL0390	1.03e-42
      1       1 PUL0401	6.10e-18
      1       1 PUL0406	1.22e-10
      1       1 PUL0413	1.82e-173
      1       1 PUL0420	9.47e-211
      1       1 PUL0428	3.40e-93
      1       1 PUL0443	1.41e-04
      1       1 PUL0446	8.69e-58
      1       1 PUL0449	1.49e-156
      1       1 PUL0459	5.40e-200
      1       1 PUL0459	7.45e-16
      1       1 PUL0494	7.31e-21
      1       1 PUL0530	3.10e-51
      1       1 PUL0530	5.04e-275
      1       1 PUL0579	2.11e-73
      1       1 PUL0584	2.28e-147
      1       1 PUL0586	2.88e-242
      1       1 PUL0599	3.08e-134
