PUL0010	1
PUL0017	2
PUL0022	1
PUL0024	1
PUL0029	1
PUL0041	1
PUL0049	1
PUL0050	1
PUL0058	1
PUL0069	1
PUL0088	1
PUL0100	1
PUL0108	1
PUL0121	1
PUL0145	2
PUL0168	1
PUL0169	1
PUL0177	1
PUL0180	1
PUL0184	2
PUL0206	1
PUL0225	1
PUL0230	1
PUL0246	1
PUL0248	1
PUL0286	1
PUL0296	2
PUL0300	1
PUL0316	2
PUL0324	1
PUL0329	1
PUL0333	1
PUL0335	5
PUL0340	2
PUL0347	1
PUL0351	1
PUL0365	1
PUL0390	1
PUL0401	1
PUL0406	1
PUL0413	1
PUL0420	1
PUL0428	1
PUL0443	1
PUL0446	1
PUL0449	1
PUL0459	2
PUL0494	1
PUL0530	2
PUL0579	1
PUL0584	1
PUL0586	1
PUL0599	1
