      1       1 PUL0013	6.24e-213
      1       1 PUL0038	2.01e-154
      1       1 PUL0038	2.59e-224
      1       1 PUL0058	7.67e-165
      1       1 PUL0058	9.73e-208
      1       1 PUL0060	2.31e-194
      1       1 PUL0070	4.84e-267
      1       1 PUL0093	2.13e-173
      1       1 PUL0106	9.78e-215
      1       1 PUL0108	1.07e-121
      1       1 PUL0121	6.73e-82
      1       1 PUL0180	5.44e-158
      1       1 PUL0184	4.12e-190
      1       1 PUL0226	4.89e-38
      1       1 PUL0247	2.57e-283
      1       1 PUL0267	1.08e-231
      1       1 PUL0282	1.65e-15
      1       1 PUL0341	3.47e-164
      1       1 PUL0365	4.88e-196
      1       1 PUL0458	7.27e-66
      1       1 PUL0459	1.42e-264
      1       1 PUL0460	6.87e-164
      1       1 PUL0598	1.19e-147
