      1       1 PUL0013	2.70e-06
      1       1 PUL0016	3.22e-214
      1       1 PUL0017	1.20e-190
      1       1 PUL0017	1.50e-180
      1       1 PUL0025	9.68e-130
      1       1 PUL0029	1.25e-82
      1       1 PUL0029	8.81e-85
      1       1 PUL0036	3.40e-68
      1       1 PUL0048	2.75e-218
      1       1 PUL0106	5.32e-243
      1       1 PUL0108	7.75e-36
      1       1 PUL0113	5.16e-170
      1       1 PUL0121	4.69e-80
      1       1 PUL0121	4.71e-46
      1       1 PUL0121	5.93e-13
      1       1 PUL0133	5.24e-40
      1       1 PUL0162	5.67e-132
      1       1 PUL0184	4.46e-59
      1       1 PUL0212	1.05e-131
      1       1 PUL0216	1.07e-44
      1       1 PUL0230	3.44e-119
      1       1 PUL0266	1.06e-73
      1       1 PUL0267	1.15e-265
      1       1 PUL0267	1.76e-165
      1       1 PUL0277	6.76e-107
      1       1 PUL0277	6.87e-129
      1       1 PUL0281	1.20e-98
      1       1 PUL0296	2.65e-76
      1       1 PUL0300	1.01e-90
      1       1 PUL0316	3.41e-123
      1       1 PUL0327	7.11e-184
      1       1 PUL0327	8.71e-159
      1       1 PUL0333	1.84e-103
      1       1 PUL0335	2.52e-99
      1       1 PUL0337	9.56e-61
      1       1 PUL0341	1.10e-175
      1       1 PUL0347	2.27e-265
      1       1 PUL0372	1.02e-44
      1       1 PUL0406	1.77e-71
      1       1 PUL0413	5.97e-157
      1       1 PUL0429	1.18e-27
      1       1 PUL0454	2.26e-49
      1       1 PUL0457	8.92e-83
      1       1 PUL0530	1.70e-223
      1       1 PUL0569	6.08e-86
      1       1 PUL0582	1.21e-112
      1       1 PUL0582	2.31e-111
      1       1 PUL0582	5.77e-128
