      1       1 PUL0007	1.48e-117
      1       1 PUL0009	4.42e-79
      1       1 PUL0017	6.86e-192
      1       1 PUL0046	1.20e-181
      1       1 PUL0049	1.39e-44
      1       1 PUL0058	1.17e-266
      1       1 PUL0061	8.41e-179
      1       1 PUL0069	8.93e-62
      1       1 PUL0093	4.49e-140
      1       1 PUL0102	1.54e-06
      1       1 PUL0106	1.98e-116
      1       1 PUL0106	2.48e-180
      1       1 PUL0121	2.59e-89
      1       1 PUL0121	3.60e-184
      1       1 PUL0121	4.52e-66
      1       1 PUL0124	1.12e-17
      1       1 PUL0145	3.68e-105
      1       1 PUL0236	4.55e-108
      1       1 PUL0296	4.72e-84
      1       1 PUL0296	6.08e-118
      1       1 PUL0300	2.13e-06
      1       1 PUL0300	2.27e-133
      1       1 PUL0333	2.08e-93
      1       1 PUL0333	4.06e-126
      1       1 PUL0335	1.50e-152
      1       1 PUL0335	1.88e-149
      1       1 PUL0335	2.53e-192
      1       1 PUL0336	1.72e-97
      1       1 PUL0340	2.10e-230
      1       1 PUL0340	3.98e-158
      1       1 PUL0340	7.83e-47
      1       1 PUL0341	2.91e-217
      1       1 PUL0349	3.95e-192
      1       1 PUL0406	8.50e-155
      1       1 PUL0413	2.96e-132
      1       1 PUL0413	4.66e-159
      1       1 PUL0429	2.08e-22
      1       1 PUL0451	3.07e-07
      1       1 PUL0454	2.61e-31
      1       1 PUL0493	6.53e-76
      1       1 PUL0501	1.55e-165
      1       1 PUL0584	2.92e-157
