      1       1 PUL0016	8.16e-231
      1       1 PUL0017	4.35e-186
      1       1 PUL0024	2.20e-214
      1       1 PUL0029	9.57e-121
      1       1 PUL0049	5.23e-160
      1       1 PUL0058	1.23e-178
      1       1 PUL0061	1.89e-20
      1       1 PUL0070	1.68e-160
      1       1 PUL0094	2.53e-94
      1       1 PUL0101	6.56e-44
      1       1 PUL0106	1.11e-210
      1       1 PUL0106	7.64e-176
      1       1 PUL0124	2.77e-226
      1       1 PUL0147	2.63e-10
      1       1 PUL0180	1.51e-151
      1       1 PUL0184	1.58e-29
      1       1 PUL0213	1.89e-211
      1       1 PUL0230	4.62e-126
      1       1 PUL0237	1.62e-41
      1       1 PUL0271	5.39e-185
      1       1 PUL0294	5.12e-80
      1       1 PUL0295	1.05e-07
      1       1 PUL0300	4.42e-101
      1       1 PUL0327	2.85e-207
      1       1 PUL0333	8.80e-107
      1       1 PUL0335	4.26e-110
      1       1 PUL0337	6.84e-199
      1       1 PUL0384	5.45e-38
      1       1 PUL0390	2.82e-99
      1       1 PUL0399	2.20e-250
      1       1 PUL0399	7.37e-251
      1       1 PUL0406	3.28e-221
      1       1 PUL0414	8.55e-113
      1       1 PUL0519	1.52e-313
      1       1 PUL0519	3.93e-154
      1       1 PUL0575	1.01e-200
      1       1 PUL0576	2.42e-216
      1       1 PUL0590	9.78e-125
