      1       1 PUL0006	1.30e-13
      1       1 PUL0010	5.61e-205
      1       1 PUL0010	6.14e-09
      1       1 PUL0017	2.20e-189
      1       1 PUL0029	3.69e-123
      1       1 PUL0041	2.07e-244
      1       1 PUL0041	7.94e-178
      1       1 PUL0049	1.76e-202
      1       1 PUL0050	4.65e-89
      1       1 PUL0058	2.86e-212
      1       1 PUL0060	1.68e-222
      1       1 PUL0061	1.55e-225
      1       1 PUL0069	1.32e-263
      1       1 PUL0069	4.09e-152
      1       1 PUL0071	3.81e-66
      1       1 PUL0100	2.84e-296
      1       1 PUL0106	1.33e-165
      1       1 PUL0106	2.02e-40
      1       1 PUL0111	1.13e-308
      1       1 PUL0121	2.27e-78
      1       1 PUL0135	7.72e-211
      1       1 PUL0145	4.55e-185
      1       1 PUL0152	9.07e-106
      1       1 PUL0168	1.18e-311
      1       1 PUL0184	6.40e-252
      1       1 PUL0216	2.75e-95
      1       1 PUL0225	5.01e-47
      1       1 PUL0230	3.42e-81
      1       1 PUL0246	3.83e-236
      1       1 PUL0248	4.16e-183
      1       1 PUL0255	2.46e-34
      1       1 PUL0255	3.34e-34
      1       1 PUL0267	1.16e-228
      1       1 PUL0267	2.98e-225
      1       1 PUL0270	4.25e-136
      1       1 PUL0296	1.15e-117
      1       1 PUL0298	4.93e-47
      1       1 PUL0298	8.06e-42
      1       1 PUL0316	1.22e-114
      1       1 PUL0316	1.75e-92
      1       1 PUL0316	2.85e-90
      1       1 PUL0324	2.54e-233
      1       1 PUL0329	4.91e-123
      1       1 PUL0332	2.04e-114
      1       1 PUL0333	1.61e-107
      1       1 PUL0335	1.17e-60
      1       1 PUL0335	2.64e-140
      1       1 PUL0335	3.71e-70
      1       1 PUL0336	1.05e-50
      1       1 PUL0347	6.94e-232
      1       1 PUL0366	1.01e-283
      1       1 PUL0390	1.35e-73
      1       1 PUL0390	2.65e-81
      1       1 PUL0390	6.16e-35
      1       1 PUL0409	1.10e-67
      1       1 PUL0449	1.07e-161
      1       1 PUL0458	6.64e-32
      1       1 PUL0460	6.64e-07
      1       1 PUL0493	2.78e-50
      1       1 PUL0493	5.30e-89
      1       1 PUL0530	1.00e-275
      1       1 PUL0574	5.55e-101
      1       1 PUL0584	7.73e-148
      1       1 PUL0586	1.46e-242
      1       1 PUL0599	2.66e-124
