PUL0006;1
PUL0010;2
PUL0017;1
PUL0029;1
PUL0041;2
PUL0049;1
PUL0050;1
PUL0058;1
PUL0060;1
PUL0061;1
PUL0069;2
PUL0071;1
PUL0100;1
PUL0106;2
PUL0111;1
PUL0121;1
PUL0135;1
PUL0145;1
PUL0152;1
PUL0168;1
PUL0184;1
PUL0216;1
PUL0225;1
PUL0230;1
PUL0246;1
PUL0248;1
PUL0255;2
PUL0267;2
PUL0270;1
PUL0296;1
PUL0298;2
PUL0316;3
PUL0324;1
PUL0329;1
PUL0332;1
PUL0333;1
PUL0335;3
PUL0336;1
PUL0347;1
PUL0366;1
PUL0390;3
PUL0409;1
PUL0449;1
PUL0458;1
PUL0460;1
PUL0493;2
PUL0530;1
PUL0574;1
PUL0584;1
PUL0586;1
PUL0599;1
