      1       1 PUL0014	7.30e-17
      1       1 PUL0017	1.38e-188
      1       1 PUL0029	4.07e-41
      1       1 PUL0049	2.06e-35
      1       1 PUL0049	8.89e-135
      1       1 PUL0050	7.82e-101
      1       1 PUL0058	1.81e-175
      1       1 PUL0058	2.07e-219
      1       1 PUL0060	2.29e-70
      1       1 PUL0061	1.57e-101
      1       1 PUL0061	2.83e-202
      1       1 PUL0103	5.73e-89
      1       1 PUL0106	4.17e-60
      1       1 PUL0106	4.91e-169
      1       1 PUL0108	1.00e-50
      1       1 PUL0108	2.53e-68
      1       1 PUL0108	3.24e-55
      1       1 PUL0121	1.73e-88
      1       1 PUL0121	1.96e-10
      1       1 PUL0121	2.38e-58
      1       1 PUL0121	2.86e-82
      1       1 PUL0121	7.06e-21
      1       1 PUL0121	8.74e-231
      1       1 PUL0131	5.62e-113
      1       1 PUL0145	4.57e-178
      1       1 PUL0180	6.03e-157
      1       1 PUL0212	8.49e-173
      1       1 PUL0216	2.44e-69
      1       1 PUL0216	5.04e-39
      1       1 PUL0236	9.16e-81
      1       1 PUL0250	2.63e-66
      1       1 PUL0262	8.55e-13
      1       1 PUL0267	1.75e-289
      1       1 PUL0267	2.92e-228
      1       1 PUL0270	1.66e-110
      1       1 PUL0270	3.29e-09
      1       1 PUL0281	3.62e-110
      1       1 PUL0282	5.19e-05
      1       1 PUL0324	5.09e-56
      1       1 PUL0329	4.47e-190
      1       1 PUL0333	5.48e-109
      1       1 PUL0335	1.33e-63
      1       1 PUL0335	1.81e-71
      1       1 PUL0335	2.46e-68
      1       1 PUL0335	3.17e-83
      1       1 PUL0335	4.70e-84
      1       1 PUL0335	8.17e-68
      1       1 PUL0335	9.86e-87
      1       1 PUL0340	1.34e-84
      1       1 PUL0409	1.02e-85
      1       1 PUL0413	1.13e-30
      1       1 PUL0413	3.67e-54
      1       1 PUL0413	9.38e-98
      1       1 PUL0413	9.49e-109
      1       1 PUL0429	1.31e-118
      1       1 PUL0459	2.68e-22
      1       1 PUL0462	9.57e-125
      1       1 PUL0493	4.15e-71
      1       1 PUL0502	1.68e-143
      1       1 PUL0518	8.11e-18
      1       1 PUL0519	4.02e-135
      1       1 PUL0530	1.86e-37
      1       1 PUL0530	2.46e-08
