      1       1 PUL0017	1.69e-182
      1       1 PUL0019	1.02e-60
      1       1 PUL0024	1.24e-62
      1       1 PUL0024	3.64e-09
      1       1 PUL0024	9.86e-10
      1       1 PUL0049	1.50e-109
      1       1 PUL0050	1.58e-91
      1       1 PUL0050	2.51e-37
      1       1 PUL0070	1.35e-188
      1       1 PUL0101	2.82e-57
      1       1 PUL0106	4.53e-125
      1       1 PUL0106	5.43e-183
      1       1 PUL0106	8.51e-167
      1       1 PUL0108	1.99e-109
      1       1 PUL0108	7.51e-15
      1       1 PUL0108	9.82e-29
      1       1 PUL0121	2.85e-18
      1       1 PUL0121	3.73e-95
      1       1 PUL0121	6.70e-25
      1       1 PUL0124	4.53e-176
      1       1 PUL0133	4.12e-86
      1       1 PUL0133	4.76e-22
      1       1 PUL0145	6.01e-192
      1       1 PUL0148	4.58e-39
      1       1 PUL0162	6.45e-166
      1       1 PUL0168	5.06e-30
      1       1 PUL0180	8.26e-88
      1       1 PUL0209	1.25e-68
      1       1 PUL0230	2.00e-75
      1       1 PUL0240	2.27e-91
      1       1 PUL0248	2.09e-127
      1       1 PUL0254	2.21e-120
      1       1 PUL0267	1.11e-57
      1       1 PUL0281	1.08e-33
      1       1 PUL0294	1.71e-59
      1       1 PUL0335	2.22e-38
      1       1 PUL0335	2.92e-192
      1       1 PUL0335	3.01e-51
      1       1 PUL0335	8.67e-173
      1       1 PUL0336	7.71e-10
      1       1 PUL0336	9.15e-94
      1       1 PUL0337	4.70e-190
      1       1 PUL0337	6.42e-63
      1       1 PUL0340	1.21e-42
      1       1 PUL0340	3.31e-292
      1       1 PUL0340	8.44e-37
      1       1 PUL0341	1.67e-199
      1       1 PUL0347	6.66e-56
      1       1 PUL0382	2.10e-27
      1       1 PUL0406	2.94e-197
      1       1 PUL0406	3.52e-18
      1       1 PUL0413	3.57e-163
      1       1 PUL0429	6.04e-47
      1       1 PUL0438	7.23e-10
      1       1 PUL0454	6.45e-41
      1       1 PUL0460	1.09e-14
      1       1 PUL0460	1.82e-66
      1       1 PUL0493	2.29e-79
      1       1 PUL0595	1.87e-59
