      1       1 PUL0017	2.03e-189
      1       1 PUL0024	2.53e-69
      1       1 PUL0024	3.44e-51
      1       1 PUL0050	1.05e-102
      1       1 PUL0058	1.12e-269
      1       1 PUL0061	6.15e-182
      1       1 PUL0106	2.16e-179
      1       1 PUL0124	8.74e-119
      1       1 PUL0126	8.54e-30
      1       1 PUL0134	1.11e-32
      1       1 PUL0145	4.83e-214
      1       1 PUL0225	1.11e-114
      1       1 PUL0266	5.22e-147
      1       1 PUL0300	6.10e-91
      1       1 PUL0333	1.79e-113
      1       1 PUL0333	3.27e-94
      1       1 PUL0335	1.64e-109
      1       1 PUL0335	1.92e-199
      1       1 PUL0337	1.86e-159
      1       1 PUL0339	3.82e-152
      1       1 PUL0340	2.62e-40
      1       1 PUL0340	3.16e-227
      1       1 PUL0341	1.72e-218
      1       1 PUL0366	1.98e-49
      1       1 PUL0404	3.26e-53
      1       1 PUL0406	1.68e-215
      1       1 PUL0413	6.58e-135
      1       1 PUL0507	4.18e-132
      1       1 PUL0584	3.65e-157
      1       1 PUL0593	4.52e-85
      1       1 PUL0601	5.20e-136
