      1       1 PUL0017	2.08e-198
      1       1 PUL0022	1.52e-152
      1       1 PUL0024	1.90e-111
      1       1 PUL0029	9.14e-211
      1       1 PUL0106	3.34e-237
      1       1 PUL0106	7.96e-166
      1       1 PUL0124	7.79e-102
      1       1 PUL0186	1.01e-289
      1       1 PUL0196	7.33e-242
      1       1 PUL0246	2.13e-247
      1       1 PUL0256	4.05e-189
      1       1 PUL0333	2.14e-12
      1       1 PUL0335	1.72e-195
      1       1 PUL0340	1.21e-177
      1       1 PUL0341	1.08e-184
      1       1 PUL0372	2.73e-189
      1       1 PUL0413	3.48e-163
      1       1 PUL0451	3.12e-222
      1       1 PUL0571	2.49e-116
      1       1 PUL0574	2.52e-219
      1       1 PUL0574	7.09e-301
      1       1 PUL0575	8.10e-228
      1       1 PUL0576	2.81e-123
      1       1 PUL0584	2.01e-270
