      1       1 PUL0017	3.41e-192
      1       1 PUL0027	1.69e-74
      1       1 PUL0094	1.66e-136
      1       1 PUL0094	5.81e-259
      1       1 PUL0103	5.93e-311
      1       1 PUL0121	3.21e-115
      1       1 PUL0149	2.86e-153
      1       1 PUL0166	4.72e-312
      1       1 PUL0178	7.02e-275
      1       1 PUL0180	2.72e-71
      1       1 PUL0236	1.36e-104
      1       1 PUL0335	2.49e-204
      1       1 PUL0335	6.37e-85
      1       1 PUL0336	5.80e-188
      1       1 PUL0357	1.88e-226
      1       1 PUL0416	2.50e-68
      1       1 PUL0424	4.58e-50
      1       1 PUL0424	5.35e-25
      1       1 PUL0456	4.29e-06
      1       1 PUL0463	1.91e-228
      1       1 PUL0468	7.12e-27
      1       1 PUL0485	2.51e-257
      1       1 PUL0492	4.29e-122
      1       1 PUL0502	1.14e-203
      1       1 PUL0506	2.40e-146
      1       1 PUL0525	7.75e-89
      1       1 PUL0539	1.67e-216
      1       1 PUL0560	5.12e-13
      1       1 PUL0560	8.38e-159
