      1       1 PUL0026	4.75e-31
      1       1 PUL0029	1.87e-60
      1       1 PUL0047	8.47e-139
      1       1 PUL0049	4.58e-188
      1       1 PUL0049	5.58e-127
      1       1 PUL0050	2.44e-20
      1       1 PUL0050	7.60e-76
      1       1 PUL0061	3.04e-18
      1       1 PUL0101	9.24e-33
      1       1 PUL0106	2.72e-77
      1       1 PUL0106	3.85e-158
      1       1 PUL0106	7.49e-158
      1       1 PUL0107	1.80e-32
      1       1 PUL0119	1.79e-111
      1       1 PUL0121	1.69e-79
      1       1 PUL0121	3.39e-25
      1       1 PUL0121	3.78e-55
      1       1 PUL0121	3.96e-41
      1       1 PUL0145	1.40e-181
      1       1 PUL0145	1.86e-190
      1       1 PUL0145	9.24e-185
      1       1 PUL0155	1.76e-12
      1       1 PUL0155	2.88e-79
      1       1 PUL0196	3.30e-09
      1       1 PUL0199	4.05e-50
      1       1 PUL0216	2.01e-61
      1       1 PUL0225	1.84e-96
      1       1 PUL0240	3.71e-98
      1       1 PUL0267	1.64e-234
      1       1 PUL0267	4.96e-210
      1       1 PUL0267	7.04e-222
      1       1 PUL0294	5.94e-62
      1       1 PUL0300	2.11e-22
      1       1 PUL0300	4.09e-74
      1       1 PUL0309	2.19e-53
      1       1 PUL0311	1.74e-251
      1       1 PUL0311	3.09e-237
      1       1 PUL0316	1.20e-85
      1       1 PUL0316	4.23e-59
      1       1 PUL0333	5.04e-64
      1       1 PUL0335	4.48e-119
      1       1 PUL0336	9.67e-48
      1       1 PUL0339	2.97e-162
      1       1 PUL0340	1.93e-222
      1       1 PUL0340	8.62e-84
      1       1 PUL0341	1.45e-159
      1       1 PUL0368	3.01e-30
      1       1 PUL0375	2.12e-91
      1       1 PUL0390	3.63e-30
      1       1 PUL0406	1.52e-102
      1       1 PUL0413	2.00e-112
      1       1 PUL0413	3.11e-166
      1       1 PUL0429	4.39e-103
      1       1 PUL0458	5.04e-17
      1       1 PUL0510	1.24e-19
      1       1 PUL0530	3.09e-29
      1       1 PUL0530	5.47e-294
      1       1 PUL0598	4.22e-36
