      1       1 PUL0001	1.86e-32
      1       1 PUL0017	1.51e-180
      1       1 PUL0017	5.42e-191
      1       1 PUL0049	2.25e-144
      1       1 PUL0049	2.47e-287
      1       1 PUL0049	4.28e-95
      1       1 PUL0050	1.61e-108
      1       1 PUL0058	1.29e-171
      1       1 PUL0061	2.07e-90
      1       1 PUL0069	9.31e-149
      1       1 PUL0093	7.76e-72
      1       1 PUL0094	1.71e-111
      1       1 PUL0094	3.79e-112
      1       1 PUL0106	1.76e-293
      1       1 PUL0106	2.18e-116
      1       1 PUL0106	3.67e-71
      1       1 PUL0108	2.04e-53
      1       1 PUL0134	5.03e-205
      1       1 PUL0145	1.27e-305
      1       1 PUL0145	2.35e-277
      1       1 PUL0145	2.69e-271
      1       1 PUL0145	2.88e-216
      1       1 PUL0160	1.95e-132
      1       1 PUL0160	2.51e-42
      1       1 PUL0170	2.13e-284
      1       1 PUL0178	4.70e-189
      1       1 PUL0180	3.61e-236
      1       1 PUL0199	1.13e-150
      1       1 PUL0236	3.90e-90
      1       1 PUL0236	6.03e-106
      1       1 PUL0329	1.23e-200
      1       1 PUL0329	2.08e-304
      1       1 PUL0333	8.16e-30
      1       1 PUL0334	2.96e-27
      1       1 PUL0335	1.05e-64
      1       1 PUL0339	1.09e-213
      1       1 PUL0339	5.24e-45
      1       1 PUL0344	2.09e-100
      1       1 PUL0387	4.52e-74
      1       1 PUL0414	1.68e-14
      1       1 PUL0417	2.35e-151
      1       1 PUL0429	1.35e-168
      1       1 PUL0443	1.70e-247
      1       1 PUL0446	1.25e-53
      1       1 PUL0458	1.34e-46
      1       1 PUL0468	2.98e-17
      1       1 PUL0468	7.04e-54
      1       1 PUL0472	5.60e-151
      1       1 PUL0487	1.53e-236
      1       1 PUL0493	2.41e-74
      1       1 PUL0521	1.31e-157
      1       1 PUL0526	2.39e-136
      1       1 PUL0527	2.21e-252
      1       1 PUL0530	4.81e-63
      1       1 PUL0534	3.76e-186
      1       1 PUL0539	4.36e-66
      1       1 PUL0543	5.68e-86
      1       1 PUL0601	1.07e-37
