      1       1 PUL0017	1.84e-29
      1       1 PUL0017	3.21e-182
      1       1 PUL0024	1.10e-62
      1       1 PUL0024	8.41e-10
      1       1 PUL0070	2.43e-188
      1       1 PUL0106	1.53e-182
      1       1 PUL0106	2.27e-167
      1       1 PUL0106	3.86e-120
      1       1 PUL0108	1.13e-108
      1       1 PUL0110	1.49e-37
      1       1 PUL0124	5.27e-176
      1       1 PUL0139	1.08e-15
      1       1 PUL0145	1.46e-192
      1       1 PUL0162	2.77e-166
      1       1 PUL0168	4.28e-30
      1       1 PUL0180	1.63e-158
      1       1 PUL0212	7.46e-82
      1       1 PUL0225	1.13e-94
      1       1 PUL0230	1.30e-75
      1       1 PUL0230	3.75e-21
      1       1 PUL0248	5.80e-128
      1       1 PUL0267	9.67e-155
      1       1 PUL0316	3.57e-91
      1       1 PUL0335	1.24e-191
      1       1 PUL0335	1.64e-172
      1       1 PUL0336	3.32e-10
      1       1 PUL0337	1.03e-189
      1       1 PUL0340	4.57e-291
      1       1 PUL0341	1.68e-199
      1       1 PUL0406	1.67e-119
      1       1 PUL0406	6.24e-197
      1       1 PUL0454	5.01e-25
      1       1 PUL0460	7.33e-77
      1       1 PUL0493	7.41e-79
      1       1 PUL0494	5.50e-144
      1       1 PUL0527	9.41e-88
      1       1 PUL0530	9.82e-54
      1       1 PUL0595	2.91e-101
      1       1 PUL0601	5.77e-62
