      1       1 PUL0017	2.35e-176
      1       1 PUL0029	2.57e-77
      1       1 PUL0029	3.92e-117
      1       1 PUL0029	5.82e-120
      1       1 PUL0039	2.29e-13
      1       1 PUL0047	3.84e-59
      1       1 PUL0049	7.45e-33
      1       1 PUL0061	1.08e-229
      1       1 PUL0061	5.12e-09
      1       1 PUL0061	6.01e-121
      1       1 PUL0071	1.10e-113
      1       1 PUL0088	6.24e-10
      1       1 PUL0093	9.78e-129
      1       1 PUL0101	3.74e-61
      1       1 PUL0103	1.12e-43
      1       1 PUL0103	2.02e-92
      1       1 PUL0106	1.10e-146
      1       1 PUL0106	1.92e-121
      1       1 PUL0106	5.32e-210
      1       1 PUL0108	4.71e-09
      1       1 PUL0108	6.77e-34
      1       1 PUL0108	7.73e-72
      1       1 PUL0108	8.26e-41
      1       1 PUL0123	3.68e-20
      1       1 PUL0123	4.16e-14
      1       1 PUL0145	2.38e-42
      1       1 PUL0145	2.45e-203
      1       1 PUL0145	2.76e-196
      1       1 PUL0145	4.73e-170
      1       1 PUL0145	5.45e-164
      1       1 PUL0145	5.76e-198
      1       1 PUL0145	6.56e-177
      1       1 PUL0152	1.57e-112
      1       1 PUL0169	7.22e-51
      1       1 PUL0180	5.97e-155
      1       1 PUL0184	8.57e-77
      1       1 PUL0225	1.19e-60
      1       1 PUL0230	6.79e-28
      1       1 PUL0250	1.38e-98
      1       1 PUL0267	1.34e-55
      1       1 PUL0267	2.10e-241
      1       1 PUL0270	5.91e-106
      1       1 PUL0292	3.81e-106
      1       1 PUL0294	1.90e-59
      1       1 PUL0296	2.35e-68
      1       1 PUL0300	2.64e-93
      1       1 PUL0300	9.22e-52
      1       1 PUL0303	3.13e-54
      1       1 PUL0309	1.89e-61
      1       1 PUL0309	2.09e-50
      1       1 PUL0309	2.69e-57
      1       1 PUL0316	2.03e-43
      1       1 PUL0316	2.04e-96
      1       1 PUL0316	2.84e-112
      1       1 PUL0329	1.89e-40
      1       1 PUL0333	5.29e-11
      1       1 PUL0335	2.54e-88
      1       1 PUL0335	3.08e-67
      1       1 PUL0336	1.62e-75
      1       1 PUL0337	1.17e-82
      1       1 PUL0337	2.13e-48
      1       1 PUL0337	2.94e-128
      1       1 PUL0339	1.05e-159
      1       1 PUL0340	2.01e-04
      1       1 PUL0340	2.92e-166
      1       1 PUL0340	6.92e-141
      1       1 PUL0340	7.19e-04
      1       1 PUL0341	1.75e-169
      1       1 PUL0347	1.33e-34
      1       1 PUL0369	1.05e-66
      1       1 PUL0390	2.34e-58
      1       1 PUL0406	5.46e-24
      1       1 PUL0409	3.20e-74
      1       1 PUL0410	7.10e-29
      1       1 PUL0413	3.47e-164
      1       1 PUL0428	1.59e-94
      1       1 PUL0429	3.21e-31
      1       1 PUL0431	4.08e-57
      1       1 PUL0458	5.35e-34
      1       1 PUL0459	1.97e-222
      1       1 PUL0459	2.86e-06
      1       1 PUL0460	3.37e-44
      1       1 PUL0460	4.05e-07
      1       1 PUL0460	4.27e-22
      1       1 PUL0460	6.70e-12
      1       1 PUL0460	9.76e-22
      1       1 PUL0467	5.12e-59
      1       1 PUL0480	1.10e-09
      1       1 PUL0504	1.49e-21
      1       1 PUL0527	5.87e-68
      1       1 PUL0530	2.57e-277
      1       1 PUL0530	4.58e-54
      1       1 PUL0530	6.09e-35
      1       1 PUL0560	2.59e-102
