PUL0017 1
PUL0029 3
PUL0039 1
PUL0047 1
PUL0049 1
PUL0061 3
PUL0071 1
PUL0088 1
PUL0093 1
PUL0101 1
PUL0103 2
PUL0106 3
PUL0108 4
PUL0123 2
PUL0145 7
PUL0152 1
PUL0169 1
PUL0180 1
PUL0184 1
PUL0225 1
PUL0230 1
PUL0250 1
PUL0267 2
PUL0270 1
PUL0292 1
PUL0294 1
PUL0296 1
PUL0300 2
PUL0303 1
PUL0309 3
PUL0316 3
PUL0329 1
PUL0333 1
PUL0335 2
PUL0336 1
PUL0337 3
PUL0339 1
PUL0340 4
PUL0341 1
PUL0347 1
PUL0369 1
PUL0390 1
PUL0406 1
PUL0409 1
PUL0410 1
PUL0413 1
PUL0428 1
PUL0429 1
PUL0431 1
PUL0458 1
PUL0459 2
PUL0460 5
PUL0467 1
PUL0480 1
PUL0504 1
PUL0527 1
PUL0530 3
PUL0560 1
