      1       1 PUL0013	1.56e-78
      1       1 PUL0017	2.25e-181
      1       1 PUL0017	4.66e-201
      1       1 PUL0058	3.60e-176
      1       1 PUL0058	5.88e-48
      1       1 PUL0070	5.09e-154
      1       1 PUL0106	1.97e-172
      1       1 PUL0106	2.12e-131
      1       1 PUL0106	3.50e-10
      1       1 PUL0121	1.17e-32
      1       1 PUL0121	7.63e-60
      1       1 PUL0136	6.31e-86
      1       1 PUL0145	3.31e-79
      1       1 PUL0180	1.07e-128
      1       1 PUL0212	3.05e-153
      1       1 PUL0260	1.21e-27
      1       1 PUL0266	2.30e-59
      1       1 PUL0267	1.98e-298
      1       1 PUL0281	1.79e-71
      1       1 PUL0333	5.51e-08
      1       1 PUL0335	3.05e-189
      1       1 PUL0337	7.47e-93
      1       1 PUL0339	2.68e-144
      1       1 PUL0339	4.53e-164
      1       1 PUL0341	1.31e-136
      1       1 PUL0365	1.83e-16
      1       1 PUL0401	3.90e-84
      1       1 PUL0404	2.93e-62
      1       1 PUL0413	1.30e-136
      1       1 PUL0413	9.04e-58
      1       1 PUL0429	3.63e-90
      1       1 PUL0454	5.81e-48
      1       1 PUL0458	6.29e-04
      1       1 PUL0502	2.87e-31
      1       1 PUL0502	4.63e-142
      1       1 PUL0530	1.08e-156
