      1       1 PUL0008	1.08e-19
      1       1 PUL0009	1.06e-123
      1       1 PUL0009	6.09e-44
      1       1 PUL0010	1.74e-56
      1       1 PUL0017	1.88e-190
      1       1 PUL0017	6.06e-159
      1       1 PUL0029	5.24e-36
      1       1 PUL0038	7.75e-259
      1       1 PUL0061	2.36e-95
      1       1 PUL0070	3.63e-168
      1       1 PUL0101	1.69e-60
      1       1 PUL0103	1.08e-105
      1       1 PUL0106	3.32e-178
      1       1 PUL0108	2.46e-34
      1       1 PUL0121	2.99e-100
      1       1 PUL0155	3.27e-29
      1       1 PUL0176	9.66e-52
      1       1 PUL0180	7.42e-26
      1       1 PUL0205	8.59e-90
      1       1 PUL0217	1.66e-46
      1       1 PUL0236	2.84e-91
      1       1 PUL0267	2.03e-75
      1       1 PUL0267	3.84e-216
      1       1 PUL0291	2.92e-24
      1       1 PUL0300	1.13e-100
      1       1 PUL0316	4.47e-64
      1       1 PUL0333	9.52e-78
      1       1 PUL0335	1.19e-171
      1       1 PUL0335	4.90e-23
      1       1 PUL0335	5.61e-71
      1       1 PUL0339	3.79e-163
      1       1 PUL0339	4.40e-16
      1       1 PUL0339	4.84e-17
      1       1 PUL0340	5.13e-140
      1       1 PUL0368	1.01e-62
      1       1 PUL0390	2.04e-35
      1       1 PUL0399	6.17e-23
      1       1 PUL0404	4.46e-42
      1       1 PUL0429	7.18e-115
      1       1 PUL0459	2.95e-10
      1       1 PUL0460	1.43e-60
      1       1 PUL0460	9.27e-93
      1       1 PUL0584	3.42e-139
      1       1 PUL0598	2.11e-112
