      1       1 PUL0001	2.31e-143
      1       1 PUL0017	6.20e-186
      1       1 PUL0024	1.09e-213
      1       1 PUL0058	7.30e-179
      1       1 PUL0070	2.50e-160
      1       1 PUL0104	3.25e-63
      1       1 PUL0106	1.13e-210
      1       1 PUL0106	1.92e-177
      1       1 PUL0145	3.20e-40
      1       1 PUL0151	6.49e-103
      1       1 PUL0162	4.82e-181
      1       1 PUL0168	7.25e-28
      1       1 PUL0180	3.77e-93
      1       1 PUL0180	5.41e-150
      1       1 PUL0213	5.98e-212
      1       1 PUL0230	3.23e-126
      1       1 PUL0237	1.35e-41
      1       1 PUL0282	8.93e-124
      1       1 PUL0291	7.72e-251
      1       1 PUL0294	3.99e-79
      1       1 PUL0296	5.42e-88
      1       1 PUL0300	4.92e-62
      1       1 PUL0327	3.03e-207
      1       1 PUL0327	8.40e-132
      1       1 PUL0333	1.85e-123
      1       1 PUL0333	9.57e-107
      1       1 PUL0335	4.67e-110
      1       1 PUL0337	2.60e-199
      1       1 PUL0340	1.68e-36
      1       1 PUL0341	1.79e-13
      1       1 PUL0341	7.73e-12
      1       1 PUL0368	5.40e-22
      1       1 PUL0396	1.94e-23
      1       1 PUL0399	3.00e-249
      1       1 PUL0399	5.31e-252
      1       1 PUL0406	6.43e-221
      1       1 PUL0413	1.36e-162
      1       1 PUL0519	1.34e-154
      1       1 PUL0519	1.41e-313
      1       1 PUL0532	9.47e-227
      1       1 PUL0575	7.11e-200
      1       1 PUL0576	2.27e-216
      1       1 PUL0590	1.30e-69
      1       1 PUL0590	3.04e-118
      1       1 PUL0590	7.96e-120
