      1       1 PUL0017	2.21e-167
      1       1 PUL0024	9.31e-12
      1       1 PUL0029	5.73e-11
      1       1 PUL0050	2.15e-99
      1       1 PUL0101	1.54e-127
      1       1 PUL0106	1.47e-185
      1       1 PUL0106	2.00e-169
      1       1 PUL0124	9.31e-33
      1       1 PUL0145	1.72e-215
      1       1 PUL0187	2.23e-14
      1       1 PUL0198	1.97e-182
      1       1 PUL0214	1.49e-69
      1       1 PUL0226	7.40e-20
      1       1 PUL0248	5.33e-131
      1       1 PUL0267	1.60e-12
      1       1 PUL0269	1.32e-25
      1       1 PUL0296	4.56e-103
      1       1 PUL0300	2.25e-122
      1       1 PUL0316	2.88e-84
      1       1 PUL0333	1.21e-24
      1       1 PUL0335	1.43e-197
      1       1 PUL0337	1.23e-159
      1       1 PUL0339	3.32e-170
      1       1 PUL0340	5.03e-140
      1       1 PUL0341	3.18e-218
      1       1 PUL0390	7.09e-45
      1       1 PUL0406	3.70e-151
      1       1 PUL0413	1.21e-166
      1       1 PUL0454	9.61e-31
      1       1 PUL0493	1.13e-84
      1       1 PUL0527	3.50e-23
      1       1 PUL0584	4.19e-164
      1       1 PUL0595	4.49e-106
      1       1 PUL0599	6.97e-126
