      1       1 PUL0013	3.64e-215
      1       1 PUL0017	9.54e-193
      1       1 PUL0025	2.98e-08
      1       1 PUL0058	5.11e-206
      1       1 PUL0083	1.92e-240
      1       1 PUL0106	1.35e-217
      1       1 PUL0139	2.27e-176
      1       1 PUL0143	9.09e-147
      1       1 PUL0249	3.55e-211
      1       1 PUL0251	9.53e-12
      1       1 PUL0274	1.09e-151
      1       1 PUL0291	1.47e-37
      1       1 PUL0316	1.27e-73
      1       1 PUL0322	5.76e-239
      1       1 PUL0335	6.86e-72
      1       1 PUL0340	3.31e-127
      1       1 PUL0347	4.18e-151
      1       1 PUL0364	6.43e-134
      1       1 PUL0390	1.66e-74
      1       1 PUL0459	3.05e-21
      1       1 PUL0597	1.66e-300
      1       1 PUL0597	6.64e-150
