      1       1 PUL0001	2.39e-132
      1       1 PUL0008	1.36e-46
      1       1 PUL0015	1.12e-15
      1       1 PUL0019	3.29e-83
      1       1 PUL0024	2.69e-21
      1       1 PUL0024	2.88e-07
      1       1 PUL0047	4.67e-70
      1       1 PUL0049	1.98e-320
      1       1 PUL0049	4.76e-120
      1       1 PUL0070	1.35e-164
      1       1 PUL0103	3.18e-210
      1       1 PUL0104	1.87e-107
      1       1 PUL0106	1.62e-184
      1       1 PUL0106	1.93e-19
      1       1 PUL0106	2.57e-06
      1       1 PUL0117	1.98e-09
      1       1 PUL0121	2.26e-77
      1       1 PUL0123	1.33e-23
      1       1 PUL0134	2.45e-245
      1       1 PUL0145	3.30e-79
      1       1 PUL0161	1.05e-10
      1       1 PUL0161	8.64e-15
      1       1 PUL0165	4.26e-81
      1       1 PUL0180	4.68e-192
      1       1 PUL0180	9.86e-109
      1       1 PUL0206	3.69e-149
      1       1 PUL0206	4.74e-247
      1       1 PUL0216	6.36e-101
      1       1 PUL0227	6.17e-75
      1       1 PUL0236	2.51e-138
      1       1 PUL0264	1.36e-18
      1       1 PUL0264	1.68e-05
      1       1 PUL0267	1.49e-224
      1       1 PUL0267	1.68e-284
      1       1 PUL0286	7.46e-194
      1       1 PUL0296	1.31e-118
      1       1 PUL0300	1.20e-09
      1       1 PUL0315	2.13e-35
      1       1 PUL0333	4.34e-184
      1       1 PUL0333	4.74e-112
      1       1 PUL0334	1.16e-20
      1       1 PUL0334	8.00e-170
      1       1 PUL0335	7.72e-186
      1       1 PUL0336	3.34e-08
      1       1 PUL0339	1.82e-279
      1       1 PUL0340	3.27e-103
      1       1 PUL0340	6.73e-148
      1       1 PUL0341	1.25e-177
      1       1 PUL0344	1.14e-140
      1       1 PUL0347	1.08e-72
      1       1 PUL0390	1.60e-25
      1       1 PUL0406	2.25e-07
      1       1 PUL0406	2.58e-36
      1       1 PUL0406	6.35e-56
      1       1 PUL0429	1.33e-22
      1       1 PUL0434	3.05e-19
      1       1 PUL0434	6.17e-11
      1       1 PUL0441	2.59e-08
      1       1 PUL0443	1.02e-170
      1       1 PUL0443	2.77e-166
      1       1 PUL0443	6.40e-185
      1       1 PUL0443	9.33e-141
      1       1 PUL0454	1.92e-38
      1       1 PUL0467	1.14e-54
      1       1 PUL0467	1.40e-70
      1       1 PUL0467	5.02e-50
      1       1 PUL0490	1.34e-87
      1       1 PUL0521	2.28e-25
      1       1 PUL0547	1.91e-140
      1       1 PUL0571	1.62e-13
      1       1 PUL0601	6.15e-47
