PUL0001;1
PUL0008;1
PUL0015;1
PUL0019;1
PUL0024;2
PUL0047;1
PUL0049;2
PUL0070;1
PUL0103;1
PUL0104;1
PUL0106;3
PUL0117;1
PUL0121;1
PUL0123;1
PUL0134;1
PUL0145;1
PUL0161;2
PUL0165;1
PUL0180;2
PUL0206;2
PUL0216;1
PUL0227;1
PUL0236;1
PUL0264;2
PUL0267;2
PUL0286;1
PUL0296;1
PUL0300;1
PUL0315;1
PUL0333;2
PUL0334;2
PUL0335;1
PUL0336;1
PUL0339;1
PUL0340;2
PUL0341;1
PUL0344;1
PUL0347;1
PUL0390;1
PUL0406;3
PUL0429;1
PUL0434;2
PUL0441;1
PUL0443;4
PUL0454;1
PUL0467;3
PUL0490;1
PUL0521;1
PUL0547;1
PUL0571;1
PUL0601;1
