      1       1 PUL0006	2.29e-17
      1       1 PUL0006	4.09e-18
      1       1 PUL0006	7.75e-18
      1       1 PUL0017	1.13e-190
      1       1 PUL0017	1.94e-208
      1       1 PUL0017	2.17e-156
      1       1 PUL0045	1.22e-04
      1       1 PUL0047	1.43e-13
      1       1 PUL0050	2.13e-84
      1       1 PUL0054	1.82e-17
      1       1 PUL0058	5.60e-182
      1       1 PUL0098	3.30e-17
      1       1 PUL0106	2.35e-156
      1       1 PUL0124	1.98e-170
      1       1 PUL0145	1.10e-55
      1       1 PUL0145	1.28e-189
      1       1 PUL0161	1.03e-08
      1       1 PUL0172	3.52e-121
      1       1 PUL0172	4.89e-83
      1       1 PUL0216	6.25e-91
      1       1 PUL0270	1.26e-40
      1       1 PUL0281	2.00e-05
      1       1 PUL0281	2.70e-27
      1       1 PUL0281	9.44e-106
      1       1 PUL0300	1.88e-46
      1       1 PUL0316	1.23e-69
      1       1 PUL0316	2.11e-59
      1       1 PUL0316	3.81e-72
      1       1 PUL0318	1.62e-85
      1       1 PUL0332	3.71e-44
      1       1 PUL0333	3.28e-31
      1       1 PUL0337	1.51e-05
      1       1 PUL0337	1.86e-153
      1       1 PUL0337	2.19e-121
      1       1 PUL0340	7.87e-05
      1       1 PUL0341	1.27e-155
      1       1 PUL0347	3.23e-163
      1       1 PUL0396	1.23e-115
      1       1 PUL0399	1.58e-44
      1       1 PUL0406	7.55e-04
      1       1 PUL0413	2.18e-160
      1       1 PUL0414	1.71e-111
      1       1 PUL0460	2.74e-54
      1       1 PUL0514	2.10e-15
      1       1 PUL0527	2.53e-51
      1       1 PUL0530	1.30e-133
      1       1 PUL0530	4.18e-43
      1       1 PUL0530	8.17e-47
      1       1 PUL0574	6.73e-101
      1       1 PUL0593	3.01e-86
      1       1 PUL0599	1.12e-112
