      1       1 PUL0029	4.31e-136
      1       1 PUL0029	9.41e-103
      1       1 PUL0047	2.21e-11
      1       1 PUL0050	1.23e-100
      1       1 PUL0106	1.63e-180
      1       1 PUL0106	5.64e-189
      1       1 PUL0109	1.68e-88
      1       1 PUL0121	1.47e-20
      1       1 PUL0124	5.53e-181
      1       1 PUL0130	3.42e-168
      1       1 PUL0145	9.15e-211
      1       1 PUL0294	5.49e-102
      1       1 PUL0296	2.10e-106
      1       1 PUL0335	1.08e-107
      1       1 PUL0335	4.33e-201
      1       1 PUL0337	1.09e-89
      1       1 PUL0337	1.10e-163
      1       1 PUL0340	6.83e-41
      1       1 PUL0341	1.64e-217
      1       1 PUL0406	7.31e-60
      1       1 PUL0413	1.98e-165
      1       1 PUL0429	2.43e-19
      1       1 PUL0599	5.72e-136
      1       1 PUL0601	8.06e-122
