      1       1 PUL0006	2.44e-199
      1       1 PUL0024	4.26e-206
      1       1 PUL0070	4.43e-170
      1       1 PUL0099	6.71e-277
      1       1 PUL0106	6.50e-178
      1       1 PUL0121	5.01e-74
      1       1 PUL0122	2.15e-152
      1       1 PUL0187	9.63e-122
      1       1 PUL0258	2.82e-31
      1       1 PUL0282	2.77e-205
      1       1 PUL0294	1.35e-71
      1       1 PUL0341	4.56e-257
      1       1 PUL0394	1.12e-173
      1       1 PUL0394	4.06e-71
      1       1 PUL0406	6.76e-222
      1       1 PUL0410	3.60e-71
      1       1 PUL0425	3.80e-66
      1       1 PUL0501	9.89e-167
      1       1 PUL0595	4.77e-113
      1       1 PUL0599	3.62e-29
      1       1 PUL0599	9.11e-118
      1       1 PUL0600	6.71e-230
