      1       1 PUL0029	1.50e-66
      1       1 PUL0038	4.23e-145
      1       1 PUL0039	7.94e-14
      1       1 PUL0039	8.23e-61
      1       1 PUL0046	8.21e-12
      1       1 PUL0049	2.18e-36
      1       1 PUL0049	2.31e-14
      1       1 PUL0049	2.56e-42
      1       1 PUL0050	8.94e-36
      1       1 PUL0052	3.77e-39
      1       1 PUL0061	5.62e-92
      1       1 PUL0101	1.01e-21
      1       1 PUL0103	1.01e-39
      1       1 PUL0106	2.32e-94
      1       1 PUL0108	1.15e-45
      1       1 PUL0108	1.78e-36
      1       1 PUL0108	3.29e-49
      1       1 PUL0108	9.24e-50
      1       1 PUL0110	7.23e-32
      1       1 PUL0121	6.41e-75
      1       1 PUL0123	1.61e-34
      1       1 PUL0132	9.72e-04
      1       1 PUL0134	2.18e-34
      1       1 PUL0146	3.31e-17
      1       1 PUL0178	2.87e-48
      1       1 PUL0178	5.74e-59
      1       1 PUL0180	1.07e-44
      1       1 PUL0212	3.29e-158
      1       1 PUL0214	3.58e-92
      1       1 PUL0216	7.94e-79
      1       1 PUL0227	9.27e-135
      1       1 PUL0250	2.36e-41
      1       1 PUL0266	1.21e-207
      1       1 PUL0266	1.25e-114
      1       1 PUL0266	5.75e-104
      1       1 PUL0266	6.09e-69
      1       1 PUL0266	7.51e-13
      1       1 PUL0266	8.87e-296
      1       1 PUL0267	2.05e-318
      1       1 PUL0267	7.64e-223
      1       1 PUL0268	3.94e-23
      1       1 PUL0269	1.91e-145
      1       1 PUL0269	4.73e-128
      1       1 PUL0296	8.29e-85
      1       1 PUL0300	1.42e-85
      1       1 PUL0300	5.46e-85
      1       1 PUL0303	5.06e-26
      1       1 PUL0333	1.47e-10
      1       1 PUL0333	6.59e-61
      1       1 PUL0335	1.78e-86
      1       1 PUL0335	2.21e-90
      1       1 PUL0335	7.86e-196
      1       1 PUL0337	3.16e-73
      1       1 PUL0337	4.84e-97
      1       1 PUL0337	5.52e-118
      1       1 PUL0339	2.75e-83
      1       1 PUL0347	4.19e-22
      1       1 PUL0347	5.98e-18
      1       1 PUL0390	1.31e-71
      1       1 PUL0390	1.61e-86
      1       1 PUL0390	3.18e-93
      1       1 PUL0406	1.50e-90
      1       1 PUL0406	6.61e-04
      1       1 PUL0410	3.84e-23
      1       1 PUL0413	8.24e-53
      1       1 PUL0414	4.24e-44
      1       1 PUL0429	2.10e-32
      1       1 PUL0429	2.45e-22
      1       1 PUL0429	3.23e-43
      1       1 PUL0502	1.70e-73
