PUL0010 1
PUL0017 1
PUL0019 1
PUL0058 1
PUL0067 1
PUL0074 1
PUL0094 1
PUL0101 1
PUL0103 1
PUL0106 1
PUL0108 1
PUL0117 1
PUL0121 1
PUL0124 1
PUL0134 1
PUL0136 1
PUL0145 3
PUL0160 2
PUL0169 1
PUL0180 2
PUL0193 1
PUL0235 1
PUL0241 1
PUL0252 1
PUL0267 1
PUL0292 1
PUL0300 2
PUL0326 1
PUL0333 1
PUL0335 1
PUL0339 1
PUL0344 1
PUL0355 2
PUL0382 1
PUL0410 1
PUL0419 1
PUL0430 1
PUL0435 1
PUL0436 1
PUL0442 1
PUL0443 1
PUL0450 1
PUL0458 1
PUL0460 1
PUL0473 1
PUL0478 1
PUL0482 1
PUL0483 1
PUL0484 1
PUL0527 2
PUL0534 1
PUL0548 1
PUL0550 1
PUL0555 1
PUL0600 1
