      1       1 PUL0010	5.13e-206
      1       1 PUL0017	4.08e-184
      1       1 PUL0019	8.28e-99
      1       1 PUL0058	7.78e-169
      1       1 PUL0067	4.95e-288
      1       1 PUL0074	1.18e-161
      1       1 PUL0094	1.73e-87
      1       1 PUL0101	2.46e-85
      1       1 PUL0103	1.27e-172
      1       1 PUL0106	1.41e-165
      1       1 PUL0108	3.67e-52
      1       1 PUL0117	9.98e-58
      1       1 PUL0121	1.47e-21
      1       1 PUL0124	5.55e-167
      1       1 PUL0134	5.89e-104
      1       1 PUL0136	2.44e-95
      1       1 PUL0145	1.05e-89
      1       1 PUL0145	5.02e-132
      1       1 PUL0145	6.34e-217
      1       1 PUL0160	3.78e-94
      1       1 PUL0160	4.38e-131
      1       1 PUL0169	1.18e-186
      1       1 PUL0180	1.03e-04
      1       1 PUL0180	1.90e-233
      1       1 PUL0193	7.58e-264
      1       1 PUL0235	1.31e-118
      1       1 PUL0241	5.21e-113
      1       1 PUL0252	3.30e-307
      1       1 PUL0267	3.85e-222
      1       1 PUL0292	6.67e-33
      1       1 PUL0300	1.60e-74
      1       1 PUL0300	3.02e-105
      1       1 PUL0326	9.52e-35
      1       1 PUL0333	4.66e-141
      1       1 PUL0335	4.02e-147
      1       1 PUL0339	5.70e-262
      1       1 PUL0344	4.45e-86
      1       1 PUL0355	1.99e-19
      1       1 PUL0355	2.15e-44
      1       1 PUL0382	5.03e-122
      1       1 PUL0410	9.54e-71
      1       1 PUL0419	1.66e-280
      1       1 PUL0430	8.12e-09
      1       1 PUL0435	1.06e-316
      1       1 PUL0436	1.07e-178
      1       1 PUL0442	2.72e-304
      1       1 PUL0443	3.83e-260
      1       1 PUL0450	1.02e-139
      1       1 PUL0458	9.98e-41
      1       1 PUL0460	1.39e-61
      1       1 PUL0473	5.08e-290
      1       1 PUL0478	3.86e-312
      1       1 PUL0482	2.82e-266
      1       1 PUL0483	4.95e-245
      1       1 PUL0484	4.53e-209
      1       1 PUL0527	2.19e-120
      1       1 PUL0527	5.42e-249
      1       1 PUL0534	7.50e-189
      1       1 PUL0548	3.21e-193
      1       1 PUL0550	1.25e-292
      1       1 PUL0555	6.26e-216
      1       1 PUL0600	1.71e-20
