      1       1 PUL0009	2.29e-123
      1       1 PUL0009	4.39e-44
      1       1 PUL0017	3.77e-159
      1       1 PUL0029	5.24e-36
      1       1 PUL0038	1.46e-258
      1       1 PUL0050	4.84e-98
      1       1 PUL0061	2.38e-95
      1       1 PUL0070	2.90e-168
      1       1 PUL0101	1.69e-60
      1       1 PUL0103	8.12e-16
      1       1 PUL0106	2.07e-178
      1       1 PUL0106	8.75e-159
      1       1 PUL0108	5.46e-74
      1       1 PUL0121	3.20e-100
      1       1 PUL0152	7.91e-105
      1       1 PUL0176	5.90e-52
      1       1 PUL0205	4.93e-90
      1       1 PUL0217	5.57e-46
      1       1 PUL0267	2.03e-75
      1       1 PUL0267	3.84e-216
      1       1 PUL0291	2.92e-24
      1       1 PUL0300	1.70e-100
      1       1 PUL0316	4.50e-64
      1       1 PUL0333	9.51e-78
      1       1 PUL0335	3.97e-172
      1       1 PUL0335	5.61e-71
      1       1 PUL0339	1.18e-16
      1       1 PUL0339	4.44e-16
      1       1 PUL0339	6.17e-163
      1       1 PUL0340	5.01e-140
      1       1 PUL0365	1.68e-123
      1       1 PUL0368	1.13e-62
      1       1 PUL0390	2.03e-35
      1       1 PUL0399	6.72e-23
      1       1 PUL0404	4.43e-42
      1       1 PUL0429	6.91e-113
      1       1 PUL0459	2.94e-10
      1       1 PUL0460	2.96e-60
      1       1 PUL0460	8.45e-93
      1       1 PUL0519	1.31e-142
      1       1 PUL0573	5.24e-37
      1       1 PUL0584	3.42e-139
      1       1 PUL0598	2.14e-112
