      1       1 PUL0001	1.02e-296
      1       1 PUL0001	8.99e-254
      1       1 PUL0013	1.06e-100
      1       1 PUL0017	8.69e-179
      1       1 PUL0022	8.08e-224
      1       1 PUL0024	6.52e-318
      1       1 PUL0024	7.29e-208
      1       1 PUL0025	1.10e-180
      1       1 PUL0025	1.14e-139
      1       1 PUL0025	1.15e-132
      1       1 PUL0025	1.58e-20
      1       1 PUL0025	2.09e-189
      1       1 PUL0025	2.92e-136
      1       1 PUL0025	4.28e-115
      1       1 PUL0025	6.01e-27
      1       1 PUL0025	6.32e-197
      1       1 PUL0029	1.43e-43
      1       1 PUL0029	2.06e-41
      1       1 PUL0029	6.62e-46
      1       1 PUL0038	2.27e-117
      1       1 PUL0038	5.84e-171
      1       1 PUL0058	1.22e-244
      1       1 PUL0058	1.82e-119
      1       1 PUL0092	5.35e-114
      1       1 PUL0101	9.98e-144
      1       1 PUL0106	3.15e-22
      1       1 PUL0106	8.95e-187
      1       1 PUL0108	1.46e-37
      1       1 PUL0108	1.77e-45
      1       1 PUL0108	1.91e-25
      1       1 PUL0108	2.82e-38
      1       1 PUL0108	9.11e-13
      1       1 PUL0113	7.67e-236
      1       1 PUL0121	1.02e-16
      1       1 PUL0121	1.90e-91
      1       1 PUL0121	1.95e-128
      1       1 PUL0121	5.93e-41
      1       1 PUL0122	1.33e-172
      1       1 PUL0123	3.26e-170
      1       1 PUL0124	7.45e-126
      1       1 PUL0142	7.75e-135
      1       1 PUL0161	1.08e-67
      1       1 PUL0161	1.25e-83
      1       1 PUL0161	1.56e-09
      1       1 PUL0168	2.50e-141
      1       1 PUL0180	1.32e-147
      1       1 PUL0210	6.78e-175
      1       1 PUL0212	4.58e-156
      1       1 PUL0215	3.65e-128
      1       1 PUL0230	6.88e-103
      1       1 PUL0231	4.19e-188
      1       1 PUL0245	3.43e-245
      1       1 PUL0246	2.71e-181
      1       1 PUL0254	5.34e-219
      1       1 PUL0258	1.66e-29
      1       1 PUL0267	5.93e-49
      1       1 PUL0280	5.25e-06
      1       1 PUL0295	1.80e-07
      1       1 PUL0299	1.69e-79
      1       1 PUL0300	7.20e-57
      1       1 PUL0302	2.11e-202
      1       1 PUL0329	1.64e-185
      1       1 PUL0333	5.16e-106
      1       1 PUL0335	4.02e-110
      1       1 PUL0335	8.63e-103
      1       1 PUL0337	2.94e-123
      1       1 PUL0337	4.57e-204
      1       1 PUL0339	9.94e-164
      1       1 PUL0340	1.46e-05
      1       1 PUL0340	2.23e-36
      1       1 PUL0340	4.46e-27
      1       1 PUL0340	7.29e-118
      1       1 PUL0340	9.06e-43
      1       1 PUL0341	5.20e-267
      1       1 PUL0345	1.54e-12
      1       1 PUL0347	1.24e-235
      1       1 PUL0370	2.55e-206
      1       1 PUL0375	3.33e-32
      1       1 PUL0394	3.42e-135
      1       1 PUL0406	2.21e-29
      1       1 PUL0413	4.25e-129
      1       1 PUL0413	5.80e-17
      1       1 PUL0454	2.84e-39
      1       1 PUL0460	2.01e-04
      1       1 PUL0479	2.77e-46
      1       1 PUL0522	2.27e-48
      1       1 PUL0530	8.95e-280
      1       1 PUL0561	5.74e-230
      1       1 PUL0575	1.76e-237
      1       1 PUL0584	1.46e-24
      1       1 PUL0598	5.07e-182
      1       1 PUL0599	9.83e-83
      1       1 PUL0601	4.65e-144
