PUL0001 2
PUL0013 1
PUL0017 1
PUL0022 1
PUL0024 2
PUL0025 9
PUL0029 3
PUL0038 2
PUL0058 2
PUL0092 1
PUL0101 1
PUL0106 2
PUL0108 5
PUL0113 1
PUL0121 4
PUL0122 1
PUL0123 1
PUL0124 1
PUL0142 1
PUL0161 3
PUL0168 1
PUL0180 1
PUL0210 1
PUL0212 1
PUL0215 1
PUL0230 1
PUL0231 1
PUL0245 1
PUL0246 1
PUL0254 1
PUL0258 1
PUL0267 1
PUL0280 1
PUL0295 1
PUL0299 1
PUL0300 1
PUL0302 1
PUL0329 1
PUL0333 1
PUL0335 2
PUL0337 2
PUL0339 1
PUL0340 5
PUL0341 1
PUL0345 1
PUL0347 1
PUL0370 1
PUL0375 1
PUL0394 1
PUL0406 1
PUL0413 2
PUL0454 1
PUL0460 1
PUL0479 1
PUL0522 1
PUL0530 1
PUL0561 1
PUL0575 1
PUL0584 1
PUL0598 1
PUL0599 1
PUL0601 1
