      1       1 PUL0017	1.83e-176
      1       1 PUL0024	1.12e-18
      1       1 PUL0029	1.73e-72
      1       1 PUL0029	4.88e-120
      1       1 PUL0049	6.98e-33
      1       1 PUL0071	2.67e-108
      1       1 PUL0093	6.53e-128
      1       1 PUL0101	2.86e-70
      1       1 PUL0106	4.17e-146
      1       1 PUL0106	5.56e-121
      1       1 PUL0106	7.14e-225
      1       1 PUL0108	2.09e-90
      1       1 PUL0121	1.28e-29
      1       1 PUL0145	2.32e-60
      1       1 PUL0145	2.45e-168
      1       1 PUL0145	2.92e-196
      1       1 PUL0145	5.58e-177
      1       1 PUL0145	7.12e-198
      1       1 PUL0145	9.37e-53
      1       1 PUL0152	7.54e-112
      1       1 PUL0162	3.10e-11
      1       1 PUL0180	3.22e-155
      1       1 PUL0184	5.43e-22
      1       1 PUL0267	6.12e-185
      1       1 PUL0267	6.36e-241
      1       1 PUL0270	2.56e-105
      1       1 PUL0299	5.46e-17
      1       1 PUL0309	2.66e-61
      1       1 PUL0329	2.81e-40
      1       1 PUL0333	5.73e-96
      1       1 PUL0335	6.61e-88
      1       1 PUL0335	9.15e-63
      1       1 PUL0336	6.22e-75
      1       1 PUL0337	1.47e-128
      1       1 PUL0339	6.20e-159
      1       1 PUL0340	1.23e-138
      1       1 PUL0340	9.44e-168
      1       1 PUL0341	1.73e-169
      1       1 PUL0347	1.35e-34
      1       1 PUL0369	1.05e-66
      1       1 PUL0390	3.61e-58
      1       1 PUL0413	3.58e-118
      1       1 PUL0428	1.92e-94
      1       1 PUL0458	3.16e-31
      1       1 PUL0458	3.87e-38
      1       1 PUL0458	6.77e-34
      1       1 PUL0460	8.80e-11
      1       1 PUL0467	3.92e-59
      1       1 PUL0530	1.11e-277
      1       1 PUL0560	1.97e-98
      1       1 PUL0560	9.93e-103
      1       1 PUL0584	1.16e-163
