      1       1 PUL0010	3.70e-203
      1       1 PUL0017	1.98e-189
      1       1 PUL0017	2.19e-107
      1       1 PUL0049	6.13e-201
      1       1 PUL0050	6.42e-89
      1       1 PUL0058	3.36e-211
      1       1 PUL0069	9.68e-263
      1       1 PUL0100	4.17e-295
      1       1 PUL0106	3.92e-226
      1       1 PUL0168	1.38e-310
      1       1 PUL0202	9.12e-305
      1       1 PUL0248	1.89e-182
      1       1 PUL0267	3.46e-228
      1       1 PUL0300	1.89e-26
      1       1 PUL0316	1.22e-131
      1       1 PUL0347	1.47e-231
      1       1 PUL0390	2.07e-91
      1       1 PUL0449	7.75e-232
      1       1 PUL0460	1.47e-27
      1       1 PUL0461	2.19e-167
      1       1 PUL0493	6.99e-51
      1       1 PUL0530	1.48e-276
      1       1 PUL0584	1.02e-148
      1       1 PUL0586	6.67e-242
      1       1 PUL0602	4.43e-149
