      1       1 PUL0001	2.48e-285
      1       1 PUL0013	8.99e-199
      1       1 PUL0017	3.26e-186
      1       1 PUL0029	2.57e-176
      1       1 PUL0033	2.11e-38
      1       1 PUL0058	2.62e-178
      1       1 PUL0070	2.06e-160
      1       1 PUL0103	1.45e-134
      1       1 PUL0106	3.56e-177
      1       1 PUL0106	8.33e-210
      1       1 PUL0106	9.35e-111
      1       1 PUL0108	1.74e-31
      1       1 PUL0150	2.04e-04
      1       1 PUL0190	1.90e-226
      1       1 PUL0213	5.13e-212
      1       1 PUL0237	1.26e-41
      1       1 PUL0256	1.39e-201
      1       1 PUL0271	1.25e-185
      1       1 PUL0281	8.18e-07
      1       1 PUL0291	1.29e-250
      1       1 PUL0292	2.66e-31
      1       1 PUL0300	1.67e-101
      1       1 PUL0300	3.81e-94
      1       1 PUL0327	4.23e-207
      1       1 PUL0327	4.52e-07
      1       1 PUL0327	8.36e-52
      1       1 PUL0332	1.26e-118
      1       1 PUL0332	4.35e-88
      1       1 PUL0333	4.69e-124
      1       1 PUL0335	6.33e-110
      1       1 PUL0337	1.74e-199
      1       1 PUL0341	1.65e-38
      1       1 PUL0390	1.42e-99
      1       1 PUL0399	1.98e-18
      1       1 PUL0413	1.32e-162
      1       1 PUL0519	8.42e-313
      1       1 PUL0575	2.59e-201
      1       1 PUL0590	3.88e-118
      1       1 PUL0602	1.78e-23
