      1       1 PUL0001	3.00e-132
      1       1 PUL0024	2.22e-21
      1       1 PUL0049	1.98e-320
      1       1 PUL0103	7.68e-210
      1       1 PUL0104	1.38e-107
      1       1 PUL0106	4.48e-319
      1       1 PUL0117	1.35e-11
      1       1 PUL0121	2.08e-33
      1       1 PUL0121	2.26e-19
      1       1 PUL0121	5.54e-77
      1       1 PUL0124	3.53e-59
      1       1 PUL0124	8.72e-159
      1       1 PUL0134	1.34e-245
      1       1 PUL0145	1.32e-265
      1       1 PUL0145	5.18e-08
      1       1 PUL0161	8.34e-15
      1       1 PUL0165	4.62e-80
      1       1 PUL0206	7.02e-247
      1       1 PUL0206	7.97e-149
      1       1 PUL0227	7.94e-75
      1       1 PUL0256	7.98e-119
      1       1 PUL0267	4.20e-284
      1       1 PUL0267	8.59e-225
      1       1 PUL0333	1.17e-182
      1       1 PUL0333	3.49e-112
      1       1 PUL0335	1.70e-184
      1       1 PUL0339	6.03e-279
      1       1 PUL0340	3.42e-103
      1       1 PUL0341	1.33e-177
      1       1 PUL0344	4.56e-140
      1       1 PUL0406	4.09e-57
      1       1 PUL0429	9.66e-23
      1       1 PUL0434	3.87e-31
      1       1 PUL0440	4.15e-198
      1       1 PUL0443	1.02e-169
      1       1 PUL0467	1.17e-54
      1       1 PUL0480	3.92e-15
      1       1 PUL0560	1.01e-110
      1       1 PUL0560	4.15e-103
      1       1 PUL0564	1.25e-51
