      1       1 PUL0009	5.39e-78
      1       1 PUL0013	2.03e-38
      1       1 PUL0013	9.04e-14
      1       1 PUL0017	1.60e-175
      1       1 PUL0017	9.48e-11
      1       1 PUL0020	2.93e-35
      1       1 PUL0029	2.21e-28
      1       1 PUL0029	4.94e-72
      1       1 PUL0036	4.50e-91
      1       1 PUL0044	2.46e-10
      1       1 PUL0049	5.05e-24
      1       1 PUL0050	4.01e-80
      1       1 PUL0057	1.04e-142
      1       1 PUL0057	6.74e-141
      1       1 PUL0060	8.75e-22
      1       1 PUL0075	1.28e-22
      1       1 PUL0094	3.19e-49
      1       1 PUL0101	3.17e-37
      1       1 PUL0101	6.72e-197
      1       1 PUL0103	2.78e-89
      1       1 PUL0106	1.42e-130
      1       1 PUL0106	8.08e-187
      1       1 PUL0108	2.72e-35
      1       1 PUL0108	3.01e-86
      1       1 PUL0108	4.85e-37
      1       1 PUL0109	1.17e-145
      1       1 PUL0121	2.65e-66
      1       1 PUL0121	3.97e-85
      1       1 PUL0121	4.65e-80
      1       1 PUL0121	5.49e-08
      1       1 PUL0121	8.45e-175
      1       1 PUL0123	1.58e-45
      1       1 PUL0123	2.35e-27
      1       1 PUL0124	1.23e-50
      1       1 PUL0124	9.66e-14
      1       1 PUL0133	4.59e-71
      1       1 PUL0143	1.66e-20
      1       1 PUL0145	1.76e-205
      1       1 PUL0145	3.61e-190
      1       1 PUL0150	3.27e-82
      1       1 PUL0151	2.23e-15
      1       1 PUL0161	7.67e-52
      1       1 PUL0179	1.22e-32
      1       1 PUL0180	2.32e-08
      1       1 PUL0199	5.59e-48
      1       1 PUL0216	4.09e-37
      1       1 PUL0225	2.60e-107
      1       1 PUL0236	2.44e-81
      1       1 PUL0240	2.11e-108
      1       1 PUL0266	4.14e-86
      1       1 PUL0267	1.77e-171
      1       1 PUL0267	5.49e-227
      1       1 PUL0267	6.03e-227
      1       1 PUL0269	6.09e-21
      1       1 PUL0286	1.24e-125
      1       1 PUL0299	4.44e-73
      1       1 PUL0302	1.97e-81
      1       1 PUL0303	4.41e-36
      1       1 PUL0311	8.95e-235
      1       1 PUL0333	3.98e-107
      1       1 PUL0333	4.42e-10
      1       1 PUL0339	1.22e-16
      1       1 PUL0339	1.55e-52
      1       1 PUL0339	3.40e-169
      1       1 PUL0340	2.76e-227
      1       1 PUL0340	6.14e-10
      1       1 PUL0341	6.71e-158
      1       1 PUL0346	1.26e-08
      1       1 PUL0346	7.82e-07
      1       1 PUL0365	4.11e-47
      1       1 PUL0365	7.74e-57
      1       1 PUL0368	2.39e-32
      1       1 PUL0390	1.31e-80
      1       1 PUL0399	6.12e-15
      1       1 PUL0404	9.15e-59
      1       1 PUL0413	4.11e-154
      1       1 PUL0414	1.61e-103
      1       1 PUL0414	2.48e-80
      1       1 PUL0424	2.96e-09
      1       1 PUL0434	1.16e-10
      1       1 PUL0449	1.14e-27
      1       1 PUL0459	1.07e-05
      1       1 PUL0459	1.62e-12
      1       1 PUL0459	2.27e-10
      1       1 PUL0459	8.29e-09
      1       1 PUL0460	1.68e-53
      1       1 PUL0460	2.83e-24
      1       1 PUL0489	2.64e-11
      1       1 PUL0494	2.74e-32
      1       1 PUL0530	1.56e-08
      1       1 PUL0530	1.86e-47
      1       1 PUL0560	5.85e-57
      1       1 PUL0577	1.36e-15
      1       1 PUL0598	2.50e-52
      1       1 PUL0599	9.27e-68
