PUL0009	1
PUL0013	2
PUL0017	2
PUL0020	1
PUL0029	2
PUL0036	1
PUL0044	1
PUL0049	1
PUL0050	1
PUL0057	2
PUL0060	1
PUL0075	1
PUL0094	1
PUL0101	2
PUL0103	1
PUL0106	2
PUL0108	3
PUL0109	1
PUL0121	5
PUL0123	2
PUL0124	2
PUL0133	1
PUL0143	1
PUL0145	2
PUL0150	1
PUL0151	1
PUL0161	1
PUL0179	1
PUL0180	1
PUL0199	1
PUL0216	1
PUL0225	1
PUL0236	1
PUL0240	1
PUL0266	1
PUL0267	3
PUL0269	1
PUL0286	1
PUL0299	1
PUL0302	1
PUL0303	1
PUL0311	1
PUL0333	2
PUL0339	3
PUL0340	2
PUL0341	1
PUL0346	2
PUL0365	2
PUL0368	1
PUL0390	1
PUL0399	1
PUL0404	1
PUL0413	1
PUL0414	2
PUL0424	1
PUL0434	1
PUL0449	1
PUL0459	4
PUL0460	2
PUL0489	1
PUL0494	1
PUL0530	2
PUL0560	1
PUL0577	1
PUL0598	1
PUL0599	1
