      1       1 PUL0017	3.89e-181
      1       1 PUL0038	6.95e-163
      1       1 PUL0049	2.05e-81
      1       1 PUL0106	5.63e-309
      1       1 PUL0124	2.77e-162
      1       1 PUL0148	6.48e-80
      1       1 PUL0160	1.80e-286
      1       1 PUL0172	4.50e-62
      1       1 PUL0181	2.56e-134
      1       1 PUL0256	2.65e-115
      1       1 PUL0267	2.49e-233
      1       1 PUL0267	2.71e-307
      1       1 PUL0274	1.89e-56
      1       1 PUL0334	1.34e-203
      1       1 PUL0339	1.12e-183
      1       1 PUL0375	2.46e-107
      1       1 PUL0458	4.33e-45
      1       1 PUL0476	5.70e-202
      1       1 PUL0485	4.80e-311
      1       1 PUL0502	1.90e-182
      1       1 PUL0516	2.75e-184
      1       1 PUL0521	4.05e-151
      1       1 PUL0527	8.79e-256
