      1       1 PUL0008	1.56e-68
      1       1 PUL0024	1.74e-205
      1       1 PUL0029	4.84e-172
      1       1 PUL0085	4.90e-61
      1       1 PUL0099	1.66e-248
      1       1 PUL0099	4.62e-279
      1       1 PUL0103	4.14e-123
      1       1 PUL0106	5.13e-172
      1       1 PUL0106	9.39e-98
      1       1 PUL0113	4.23e-30
      1       1 PUL0121	1.70e-75
      1       1 PUL0162	2.17e-174
      1       1 PUL0214	6.43e-151
      1       1 PUL0267	3.20e-119
      1       1 PUL0282	3.23e-201
      1       1 PUL0294	2.18e-71
      1       1 PUL0341	8.28e-257
      1       1 PUL0406	1.09e-216
      1       1 PUL0575	8.26e-169
      1       1 PUL0582	2.32e-200
