      1       1 PUL0017	7.08e-182
      1       1 PUL0044	1.76e-09
      1       1 PUL0049	9.10e-40
      1       1 PUL0105	1.95e-72
      1       1 PUL0105	6.70e-46
      1       1 PUL0106	1.50e-113
      1       1 PUL0106	8.71e-25
      1       1 PUL0121	1.12e-55
      1       1 PUL0212	3.78e-143
      1       1 PUL0212	6.37e-154
      1       1 PUL0250	1.33e-68
      1       1 PUL0250	1.62e-103
      1       1 PUL0259	3.76e-79
      1       1 PUL0267	1.38e-242
      1       1 PUL0267	3.80e-67
      1       1 PUL0269	5.06e-51
      1       1 PUL0309	2.29e-70
      1       1 PUL0340	3.30e-158
      1       1 PUL0454	7.61e-46
      1       1 PUL0516	1.84e-90
      1       1 PUL0584	4.06e-125
