      1       1 PUL0001	8.44e-145
      1       1 PUL0007	1.92e-83
      1       1 PUL0013	1.07e-82
      1       1 PUL0017	2.79e-181
      1       1 PUL0017	7.25e-11
      1       1 PUL0017	7.69e-180
      1       1 PUL0024	4.50e-85
      1       1 PUL0029	1.14e-47
      1       1 PUL0029	3.65e-116
      1       1 PUL0029	5.25e-60
      1       1 PUL0038	8.09e-170
      1       1 PUL0043	5.41e-89
      1       1 PUL0049	2.34e-120
      1       1 PUL0050	4.04e-95
      1       1 PUL0058	8.37e-240
      1       1 PUL0062	3.44e-68
      1       1 PUL0071	3.07e-77
      1       1 PUL0092	6.67e-74
      1       1 PUL0106	1.33e-179
      1       1 PUL0106	2.30e-233
      1       1 PUL0106	2.71e-119
      1       1 PUL0106	7.38e-05
      1       1 PUL0108	7.26e-50
      1       1 PUL0109	4.10e-76
      1       1 PUL0110	3.20e-24
      1       1 PUL0121	4.15e-174
      1       1 PUL0121	6.10e-06
      1       1 PUL0121	8.33e-21
      1       1 PUL0122	7.48e-184
      1       1 PUL0123	1.00e-79
      1       1 PUL0123	1.55e-77
      1       1 PUL0124	6.21e-130
      1       1 PUL0161	5.11e-24
      1       1 PUL0162	3.08e-89
      1       1 PUL0180	3.96e-133
      1       1 PUL0194	8.69e-84
      1       1 PUL0214	5.17e-202
      1       1 PUL0218	2.48e-26
      1       1 PUL0240	7.65e-112
      1       1 PUL0267	8.05e-81
      1       1 PUL0267	8.76e-236
      1       1 PUL0269	1.30e-79
      1       1 PUL0269	1.51e-83
      1       1 PUL0269	6.26e-78
      1       1 PUL0274	1.04e-16
      1       1 PUL0282	4.92e-11
      1       1 PUL0297	1.83e-41
      1       1 PUL0299	1.08e-41
      1       1 PUL0300	1.24e-99
      1       1 PUL0300	1.27e-58
      1       1 PUL0300	2.14e-50
      1       1 PUL0316	2.76e-83
      1       1 PUL0335	4.68e-99
      1       1 PUL0335	9.52e-107
      1       1 PUL0335	9.87e-125
      1       1 PUL0339	9.13e-162
      1       1 PUL0340	3.16e-09
      1       1 PUL0340	5.77e-206
      1       1 PUL0341	7.42e-198
      1       1 PUL0347	2.59e-73
      1       1 PUL0368	3.20e-35
      1       1 PUL0368	5.34e-34
      1       1 PUL0368	5.39e-29
      1       1 PUL0390	1.33e-97
      1       1 PUL0390	1.59e-49
      1       1 PUL0404	6.12e-42
      1       1 PUL0406	1.33e-152
      1       1 PUL0413	3.17e-186
      1       1 PUL0413	3.56e-209
      1       1 PUL0413	4.49e-89
      1       1 PUL0414	1.43e-123
      1       1 PUL0414	5.21e-75
      1       1 PUL0451	1.45e-25
      1       1 PUL0454	5.64e-27
      1       1 PUL0458	7.66e-11
      1       1 PUL0476	4.72e-125
      1       1 PUL0506	1.23e-112
      1       1 PUL0507	1.80e-17
      1       1 PUL0519	7.49e-126
      1       1 PUL0527	3.84e-88
      1       1 PUL0527	8.88e-37
      1       1 PUL0584	1.54e-157
      1       1 PUL0599	2.09e-111
