PUL0001;1
PUL0007;1
PUL0013;1
PUL0017;3
PUL0024;1
PUL0029;3
PUL0038;1
PUL0043;1
PUL0049;1
PUL0050;1
PUL0058;1
PUL0062;1
PUL0071;1
PUL0092;1
PUL0106;4
PUL0108;1
PUL0109;1
PUL0110;1
PUL0121;3
PUL0122;1
PUL0123;2
PUL0124;1
PUL0161;1
PUL0162;1
PUL0180;1
PUL0194;1
PUL0214;1
PUL0218;1
PUL0240;1
PUL0267;2
PUL0269;3
PUL0274;1
PUL0282;1
PUL0297;1
PUL0299;1
PUL0300;3
PUL0316;1
PUL0335;3
PUL0339;1
PUL0340;2
PUL0341;1
PUL0347;1
PUL0368;3
PUL0390;2
PUL0404;1
PUL0406;1
PUL0413;3
PUL0414;2
PUL0451;1
PUL0454;1
PUL0458;1
PUL0476;1
PUL0506;1
PUL0507;1
PUL0519;1
PUL0527;2
PUL0584;1
PUL0599;1
