      1       1 PUL0010	2.48e-204
      1       1 PUL0014	2.20e-05
      1       1 PUL0017	8.38e-195
      1       1 PUL0022	3.20e-215
      1       1 PUL0029	8.82e-50
      1       1 PUL0037	1.09e-24
      1       1 PUL0041	3.80e-175
      1       1 PUL0047	3.27e-168
      1       1 PUL0049	1.61e-202
      1       1 PUL0058	9.97e-212
      1       1 PUL0061	3.51e-226
      1       1 PUL0069	2.38e-263
      1       1 PUL0069	6.75e-152
      1       1 PUL0088	6.46e-128
      1       1 PUL0100	4.13e-300
      1       1 PUL0106	2.05e-227
      1       1 PUL0106	3.97e-165
      1       1 PUL0108	5.56e-25
      1       1 PUL0108	8.79e-42
      1       1 PUL0111	2.68e-162
      1       1 PUL0121	3.40e-98
      1       1 PUL0123	6.27e-10
      1       1 PUL0134	3.12e-140
      1       1 PUL0145	1.62e-185
      1       1 PUL0145	2.24e-175
      1       1 PUL0148	1.32e-11
      1       1 PUL0168	1.34e-310
      1       1 PUL0169	1.10e-11
      1       1 PUL0180	1.06e-162
      1       1 PUL0184	1.15e-40
      1       1 PUL0184	3.43e-181
      1       1 PUL0184	4.75e-33
      1       1 PUL0202	2.01e-301
      1       1 PUL0206	1.94e-224
      1       1 PUL0230	8.48e-81
      1       1 PUL0246	8.63e-236
      1       1 PUL0248	1.96e-183
      1       1 PUL0267	6.52e-229
      1       1 PUL0286	2.04e-134
      1       1 PUL0296	1.38e-87
      1       1 PUL0296	4.41e-117
      1       1 PUL0300	1.27e-54
      1       1 PUL0300	9.21e-49
      1       1 PUL0324	3.44e-233
      1       1 PUL0335	1.00e-140
      1       1 PUL0335	1.98e-28
      1       1 PUL0335	2.19e-04
      1       1 PUL0335	2.43e-05
      1       1 PUL0335	2.58e-17
      1       1 PUL0335	6.61e-12
      1       1 PUL0335	7.22e-199
      1       1 PUL0335	7.32e-05
      1       1 PUL0335	9.61e-25
      1       1 PUL0340	1.37e-44
      1       1 PUL0346	3.36e-14
      1       1 PUL0347	5.83e-232
      1       1 PUL0351	4.54e-05
      1       1 PUL0363	2.64e-11
      1       1 PUL0366	9.13e-284
      1       1 PUL0368	5.21e-105
      1       1 PUL0390	2.74e-81
      1       1 PUL0390	8.76e-43
      1       1 PUL0418	2.18e-100
      1       1 PUL0420	3.03e-211
      1       1 PUL0428	4.17e-93
      1       1 PUL0429	4.81e-19
      1       1 PUL0446	1.10e-63
      1       1 PUL0449	6.09e-191
      1       1 PUL0449	7.06e-126
      1       1 PUL0457	3.42e-80
      1       1 PUL0458	7.62e-32
      1       1 PUL0459	4.41e-200
      1       1 PUL0460	1.04e-74
      1       1 PUL0460	5.72e-28
      1       1 PUL0460	5.82e-28
      1       1 PUL0482	6.10e-34
      1       1 PUL0494	1.06e-18
      1       1 PUL0494	4.88e-21
      1       1 PUL0530	2.72e-275
      1       1 PUL0560	1.24e-07
      1       1 PUL0560	4.87e-07
      1       1 PUL0579	6.75e-73
      1       1 PUL0584	1.94e-147
      1       1 PUL0586	1.35e-241
      1       1 PUL0599	1.12e-134
      1       1 PUL0599	9.59e-111
      1       1 PUL0601	8.51e-83
      1       1 PUL0602	5.50e-149
