PUL0010	1
PUL0014	1
PUL0017	1
PUL0022	1
PUL0029	1
PUL0037	1
PUL0041	1
PUL0047	1
PUL0049	1
PUL0058	1
PUL0061	1
PUL0069	2
PUL0088	1
PUL0100	1
PUL0106	2
PUL0108	2
PUL0111	1
PUL0121	1
PUL0123	1
PUL0134	1
PUL0145	2
PUL0148	1
PUL0168	1
PUL0169	1
PUL0180	1
PUL0184	3
PUL0202	1
PUL0206	1
PUL0230	1
PUL0246	1
PUL0248	1
PUL0267	1
PUL0286	1
PUL0296	2
PUL0300	2
PUL0324	1
PUL0335	9
PUL0340	1
PUL0346	1
PUL0347	1
PUL0351	1
PUL0363	1
PUL0366	1
PUL0368	1
PUL0390	2
PUL0418	1
PUL0420	1
PUL0428	1
PUL0429	1
PUL0446	1
PUL0449	2
PUL0457	1
PUL0458	1
PUL0459	1
PUL0460	3
PUL0482	1
PUL0494	2
PUL0530	1
PUL0560	2
PUL0579	1
PUL0584	1
PUL0586	1
PUL0599	2
PUL0601	1
PUL0602	1
