      1       1 PUL0017	3.72e-180
      1       1 PUL0024	3.48e-234
      1       1 PUL0024	4.91e-10
      1       1 PUL0058	1.94e-270
      1       1 PUL0070	1.05e-186
      1       1 PUL0101	4.99e-62
      1       1 PUL0103	3.85e-125
      1       1 PUL0106	2.54e-186
      1       1 PUL0108	1.40e-113
      1       1 PUL0121	1.35e-104
      1       1 PUL0121	2.55e-33
      1       1 PUL0121	3.87e-78
      1       1 PUL0121	4.21e-180
      1       1 PUL0124	7.08e-41
      1       1 PUL0135	2.11e-68
      1       1 PUL0145	1.34e-195
      1       1 PUL0162	2.81e-164
      1       1 PUL0209	1.46e-67
      1       1 PUL0230	1.79e-104
      1       1 PUL0248	2.85e-128
      1       1 PUL0250	5.66e-70
      1       1 PUL0254	8.37e-210
      1       1 PUL0300	3.00e-118
      1       1 PUL0335	1.01e-191
      1       1 PUL0335	2.11e-169
      1       1 PUL0335	2.69e-83
      1       1 PUL0336	1.15e-89
      1       1 PUL0337	1.11e-208
      1       1 PUL0340	4.90e-297
      1       1 PUL0341	2.61e-203
      1       1 PUL0368	4.29e-28
      1       1 PUL0406	1.72e-62
      1       1 PUL0406	6.75e-117
      1       1 PUL0413	2.63e-165
      1       1 PUL0493	4.42e-77
      1       1 PUL0501	1.68e-164
      1       1 PUL0527	1.07e-83
      1       1 PUL0530	4.33e-260
      1       1 PUL0569	6.95e-09
      1       1 PUL0593	9.68e-85
      1       1 PUL0595	2.87e-104
