      1       1 PUL0021	8.38e-38
      1       1 PUL0029	6.86e-46
      1       1 PUL0029	7.93e-46
      1       1 PUL0037	8.80e-31
      1       1 PUL0047	2.89e-61
      1       1 PUL0049	2.28e-150
      1       1 PUL0049	4.55e-14
      1       1 PUL0061	1.56e-52
      1       1 PUL0101	3.65e-35
      1       1 PUL0106	3.50e-04
      1       1 PUL0106	5.46e-04
      1       1 PUL0106	7.80e-32
      1       1 PUL0108	1.21e-39
      1       1 PUL0108	3.04e-33
      1       1 PUL0121	1.02e-29
      1       1 PUL0121	1.35e-44
      1       1 PUL0121	2.49e-60
      1       1 PUL0121	9.19e-39
      1       1 PUL0124	2.63e-41
      1       1 PUL0124	9.35e-27
      1       1 PUL0124	9.79e-06
      1       1 PUL0139	6.70e-46
      1       1 PUL0161	1.57e-18
      1       1 PUL0212	4.24e-100
      1       1 PUL0216	2.07e-49
      1       1 PUL0216	5.49e-42
      1       1 PUL0247	8.82e-35
      1       1 PUL0259	2.98e-84
      1       1 PUL0267	1.67e-45
      1       1 PUL0281	1.41e-17
      1       1 PUL0282	2.27e-15
      1       1 PUL0292	7.96e-34
      1       1 PUL0296	6.85e-60
      1       1 PUL0309	4.05e-72
      1       1 PUL0316	7.48e-67
      1       1 PUL0333	4.89e-55
      1       1 PUL0339	8.75e-140
      1       1 PUL0340	2.42e-137
      1       1 PUL0342	4.26e-14
      1       1 PUL0368	2.22e-16
      1       1 PUL0368	7.65e-29
      1       1 PUL0390	2.08e-27
      1       1 PUL0390	5.32e-46
      1       1 PUL0413	2.84e-10
      1       1 PUL0414	3.52e-38
      1       1 PUL0429	1.43e-80
      1       1 PUL0429	3.65e-52
      1       1 PUL0429	4.95e-24
      1       1 PUL0430	1.64e-08
      1       1 PUL0430	1.86e-08
      1       1 PUL0430	3.05e-18
      1       1 PUL0430	3.17e-16
      1       1 PUL0446	3.77e-93
      1       1 PUL0446	4.94e-11
      1       1 PUL0451	1.17e-36
      1       1 PUL0527	3.49e-81
      1       1 PUL0530	2.62e-213
      1       1 PUL0530	3.77e-06
      1       1 PUL0569	4.13e-08
      1       1 PUL0571	1.01e-14
      1       1 PUL0572	1.92e-104
      1       1 PUL0584	1.20e-127
      1       1 PUL0599	2.06e-11
      1       1 PUL0599	6.84e-13
