      1       1 PUL0009	9.44e-88
      1       1 PUL0016	4.00e-179
      1       1 PUL0017	7.54e-183
      1       1 PUL0019	2.50e-37
      1       1 PUL0019	2.82e-39
      1       1 PUL0019	9.25e-159
      1       1 PUL0022	4.17e-53
      1       1 PUL0022	6.64e-135
      1       1 PUL0022	7.50e-172
      1       1 PUL0024	1.55e-32
      1       1 PUL0024	9.04e-254
      1       1 PUL0025	1.65e-07
      1       1 PUL0025	2.89e-63
      1       1 PUL0025	6.20e-115
      1       1 PUL0029	4.38e-84
      1       1 PUL0041	1.01e-193
      1       1 PUL0047	1.59e-17
      1       1 PUL0058	1.49e-266
      1       1 PUL0106	1.17e-231
      1       1 PUL0107	5.30e-173
      1       1 PUL0108	7.26e-39
      1       1 PUL0113	7.18e-176
      1       1 PUL0114	2.21e-190
      1       1 PUL0121	1.41e-212
      1       1 PUL0124	1.10e-101
      1       1 PUL0184	6.24e-133
      1       1 PUL0186	8.59e-161
      1       1 PUL0195	1.19e-81
      1       1 PUL0195	6.10e-46
      1       1 PUL0212	4.86e-143
      1       1 PUL0213	2.80e-257
      1       1 PUL0218	2.68e-119
      1       1 PUL0227	1.17e-119
      1       1 PUL0230	1.42e-115
      1       1 PUL0238	1.28e-95
      1       1 PUL0238	1.56e-60
      1       1 PUL0265	4.72e-137
      1       1 PUL0314	1.45e-13
      1       1 PUL0326	1.35e-16
      1       1 PUL0340	3.40e-186
      1       1 PUL0340	5.18e-19
      1       1 PUL0341	7.39e-266
      1       1 PUL0346	9.05e-16
      1       1 PUL0347	4.97e-313
      1       1 PUL0349	1.29e-218
      1       1 PUL0349	2.76e-220
      1       1 PUL0370	2.68e-156
      1       1 PUL0375	7.52e-47
      1       1 PUL0413	9.22e-160
      1       1 PUL0510	4.26e-61
      1       1 PUL0530	5.90e-277
      1       1 PUL0576	2.27e-125
