      1       1 PUL0012	8.21e-151
      1       1 PUL0013	2.01e-106
      1       1 PUL0013	4.35e-209
      1       1 PUL0013	4.97e-195
      1       1 PUL0013	7.71e-56
      1       1 PUL0017	2.28e-189
      1       1 PUL0017	3.54e-151
      1       1 PUL0038	3.84e-203
      1       1 PUL0049	1.10e-33
      1       1 PUL0058	6.95e-203
      1       1 PUL0060	6.48e-93
      1       1 PUL0070	7.48e-138
      1       1 PUL0106	3.33e-39
      1       1 PUL0108	9.68e-146
      1       1 PUL0121	5.78e-110
      1       1 PUL0121	8.38e-65
      1       1 PUL0123	4.52e-17
      1       1 PUL0123	8.97e-16
      1       1 PUL0124	4.24e-164
      1       1 PUL0131	5.42e-04
      1       1 PUL0179	8.71e-25
      1       1 PUL0180	1.53e-149
      1       1 PUL0209	6.93e-118
      1       1 PUL0216	2.64e-104
      1       1 PUL0216	4.05e-97
      1       1 PUL0247	4.49e-200
      1       1 PUL0250	7.60e-133
      1       1 PUL0267	1.64e-215
      1       1 PUL0269	1.42e-40
      1       1 PUL0299	5.25e-36
      1       1 PUL0299	8.37e-149
      1       1 PUL0300	7.60e-96
      1       1 PUL0303	4.34e-116
      1       1 PUL0316	3.76e-32
      1       1 PUL0321	4.47e-17
      1       1 PUL0328	3.08e-123
      1       1 PUL0335	4.86e-57
      1       1 PUL0335	7.04e-195
      1       1 PUL0335	9.81e-109
      1       1 PUL0339	3.37e-168
      1       1 PUL0340	3.13e-156
      1       1 PUL0341	2.61e-157
      1       1 PUL0365	3.48e-188
      1       1 PUL0387	1.58e-90
      1       1 PUL0390	3.15e-136
      1       1 PUL0390	9.57e-68
      1       1 PUL0396	2.61e-25
      1       1 PUL0404	5.22e-90
      1       1 PUL0406	1.38e-109
      1       1 PUL0429	1.80e-148
      1       1 PUL0429	2.56e-14
      1       1 PUL0436	3.96e-05
      1       1 PUL0454	2.17e-29
      1       1 PUL0459	1.48e-68
      1       1 PUL0489	1.97e-35
      1       1 PUL0560	3.60e-04
      1       1 PUL0599	6.10e-154
