      1       1 PUL0017	1.53e-207
      1       1 PUL0017	2.95e-180
      1       1 PUL0049	1.21e-121
      1       1 PUL0049	8.84e-38
      1       1 PUL0058	4.69e-182
      1       1 PUL0093	8.02e-189
      1       1 PUL0106	1.37e-133
      1       1 PUL0106	5.31e-179
      1       1 PUL0121	1.05e-23
      1       1 PUL0145	1.40e-79
      1       1 PUL0210	2.64e-40
      1       1 PUL0212	2.43e-97
      1       1 PUL0212	5.74e-151
      1       1 PUL0250	3.23e-108
      1       1 PUL0266	1.50e-158
      1       1 PUL0267	1.26e-304
      1       1 PUL0329	5.26e-24
      1       1 PUL0333	1.46e-19
      1       1 PUL0339	2.32e-171
      1       1 PUL0406	3.34e-190
      1       1 PUL0460	1.20e-65
      1       1 PUL0460	1.28e-52
      1       1 PUL0460	1.58e-11
      1       1 PUL0460	5.09e-103
      1       1 PUL0460	5.11e-72
      1       1 PUL0460	7.91e-101
      1       1 PUL0460	8.29e-68
      1       1 PUL0530	9.64e-21
