      1       1 PUL0006	1.71e-188
      1       1 PUL0013	1.12e-82
      1       1 PUL0013	1.77e-185
      1       1 PUL0013	5.37e-102
      1       1 PUL0016	1.51e-146
      1       1 PUL0016	1.81e-114
      1       1 PUL0017	1.37e-183
      1       1 PUL0017	2.02e-65
      1       1 PUL0019	1.45e-134
      1       1 PUL0019	3.20e-176
      1       1 PUL0022	1.16e-172
      1       1 PUL0022	7.03e-150
      1       1 PUL0028	7.71e-45
      1       1 PUL0029	1.24e-37
      1       1 PUL0029	4.32e-124
      1       1 PUL0038	1.56e-149
      1       1 PUL0041	1.05e-155
      1       1 PUL0048	7.57e-204
      1       1 PUL0106	1.95e-241
      1       1 PUL0106	2.41e-172
      1       1 PUL0106	2.60e-119
      1       1 PUL0113	4.20e-110
      1       1 PUL0121	4.73e-38
      1       1 PUL0124	7.55e-220
      1       1 PUL0136	1.41e-89
      1       1 PUL0161	2.00e-77
      1       1 PUL0186	2.01e-145
      1       1 PUL0195	2.89e-139
      1       1 PUL0195	3.30e-112
      1       1 PUL0195	4.04e-76
      1       1 PUL0212	5.60e-165
      1       1 PUL0230	3.55e-110
      1       1 PUL0238	1.95e-187
      1       1 PUL0267	2.93e-148
      1       1 PUL0267	4.26e-126
      1       1 PUL0294	6.68e-69
      1       1 PUL0337	3.30e-188
      1       1 PUL0337	4.23e-119
      1       1 PUL0349	1.24e-70
      1       1 PUL0349	3.86e-227
      1       1 PUL0366	3.51e-110
      1       1 PUL0406	2.46e-230
      1       1 PUL0406	4.78e-04
      1       1 PUL0406	8.23e-61
      1       1 PUL0413	1.45e-48
      1       1 PUL0413	1.65e-157
      1       1 PUL0413	4.09e-122
      1       1 PUL0519	4.97e-270
      1       1 PUL0530	2.54e-72
      1       1 PUL0576	2.12e-250
      1       1 PUL0584	2.25e-187
      1       1 PUL0598	8.56e-86
