      1       1 PUL0001	9.98e-151
      1       1 PUL0006	6.66e-113
      1       1 PUL0010	9.86e-35
      1       1 PUL0015	6.03e-06
      1       1 PUL0016	1.11e-218
      1       1 PUL0016	1.47e-159
      1       1 PUL0016	2.25e-168
      1       1 PUL0016	2.68e-201
      1       1 PUL0017	1.08e-186
      1       1 PUL0017	1.09e-08
      1       1 PUL0022	1.30e-61
      1       1 PUL0022	1.47e-158
      1       1 PUL0022	3.86e-112
      1       1 PUL0024	1.11e-07
      1       1 PUL0024	1.88e-56
      1       1 PUL0024	2.16e-83
      1       1 PUL0024	2.50e-179
      1       1 PUL0024	7.38e-42
      1       1 PUL0029	1.17e-32
      1       1 PUL0029	2.01e-41
      1       1 PUL0029	2.13e-29
      1       1 PUL0029	2.16e-42
      1       1 PUL0029	2.24e-39
      1       1 PUL0029	2.41e-184
      1       1 PUL0029	2.59e-114
      1       1 PUL0029	3.38e-33
      1       1 PUL0033	1.05e-32
      1       1 PUL0033	7.26e-54
      1       1 PUL0041	1.54e-135
      1       1 PUL0041	4.69e-163
      1       1 PUL0047	2.83e-62
      1       1 PUL0049	9.30e-147
      1       1 PUL0058	1.12e-107
      1       1 PUL0058	8.20e-268
      1       1 PUL0062	7.00e-62
      1       1 PUL0070	1.06e-163
      1       1 PUL0074	1.41e-07
      1       1 PUL0093	1.05e-28
      1       1 PUL0094	2.14e-26
      1       1 PUL0098	2.44e-05
      1       1 PUL0101	1.48e-149
      1       1 PUL0101	2.60e-67
      1       1 PUL0101	3.93e-44
      1       1 PUL0103	3.30e-121
      1       1 PUL0106	1.23e-240
      1       1 PUL0106	1.24e-121
      1       1 PUL0106	2.13e-30
      1       1 PUL0106	5.20e-111
      1       1 PUL0106	5.71e-194
      1       1 PUL0107	4.57e-172
      1       1 PUL0107	7.26e-171
      1       1 PUL0107	8.44e-184
      1       1 PUL0108	3.28e-32
      1       1 PUL0108	4.21e-111
      1       1 PUL0108	5.84e-23
      1       1 PUL0109	7.32e-245
      1       1 PUL0110	1.28e-21
      1       1 PUL0113	1.08e-154
      1       1 PUL0113	1.25e-146
      1       1 PUL0113	2.53e-47
      1       1 PUL0113	8.20e-210
      1       1 PUL0117	2.11e-28
      1       1 PUL0121	1.49e-15
      1       1 PUL0121	1.53e-97
      1       1 PUL0121	2.26e-20
      1       1 PUL0123	1.93e-23
      1       1 PUL0124	1.82e-42
      1       1 PUL0124	5.80e-111
      1       1 PUL0124	5.92e-217
      1       1 PUL0124	6.22e-30
      1       1 PUL0131	4.83e-63
      1       1 PUL0135	8.98e-29
      1       1 PUL0143	3.32e-37
      1       1 PUL0145	1.58e-37
      1       1 PUL0162	1.81e-41
      1       1 PUL0168	2.32e-136
      1       1 PUL0168	7.05e-10
      1       1 PUL0172	1.88e-46
      1       1 PUL0173	3.05e-71
      1       1 PUL0180	1.18e-96
      1       1 PUL0180	2.46e-119
      1       1 PUL0180	3.70e-05
      1       1 PUL0184	2.05e-40
      1       1 PUL0184	8.26e-135
      1       1 PUL0186	7.33e-197
      1       1 PUL0191	5.01e-56
      1       1 PUL0195	2.03e-86
      1       1 PUL0195	3.45e-71
      1       1 PUL0216	1.30e-71
      1       1 PUL0219	4.89e-111
      1       1 PUL0230	2.28e-114
      1       1 PUL0230	6.46e-110
      1       1 PUL0231	1.82e-192
      1       1 PUL0231	4.54e-203
      1       1 PUL0236	6.24e-67
      1       1 PUL0238	3.68e-50
      1       1 PUL0238	5.55e-123
      1       1 PUL0238	5.56e-90
      1       1 PUL0246	5.01e-09
      1       1 PUL0248	4.30e-120
      1       1 PUL0258	1.47e-24
      1       1 PUL0270	3.32e-48
      1       1 PUL0278	1.28e-64
      1       1 PUL0281	1.64e-37
      1       1 PUL0294	1.77e-74
      1       1 PUL0294	2.64e-26
      1       1 PUL0299	2.63e-71
      1       1 PUL0305	1.14e-09
      1       1 PUL0324	8.30e-75
      1       1 PUL0327	1.18e-175
      1       1 PUL0333	5.86e-36
      1       1 PUL0335	1.89e-178
      1       1 PUL0335	2.05e-152
      1       1 PUL0336	4.06e-05
      1       1 PUL0336	5.20e-81
      1       1 PUL0337	4.01e-220
      1       1 PUL0337	4.10e-66
      1       1 PUL0339	1.35e-50
      1       1 PUL0339	2.87e-46
      1       1 PUL0340	1.10e-214
      1       1 PUL0340	2.26e-40
      1       1 PUL0340	2.78e-38
      1       1 PUL0340	6.22e-07
      1       1 PUL0341	1.05e-21
      1       1 PUL0341	6.40e-284
      1       1 PUL0345	7.25e-42
      1       1 PUL0347	5.46e-313
      1       1 PUL0366	1.89e-32
      1       1 PUL0368	1.25e-199
      1       1 PUL0370	5.18e-147
      1       1 PUL0370	6.68e-163
      1       1 PUL0381	1.10e-67
      1       1 PUL0381	4.41e-52
      1       1 PUL0390	2.37e-40
      1       1 PUL0390	4.36e-104
      1       1 PUL0390	8.63e-30
      1       1 PUL0392	1.75e-94
      1       1 PUL0396	1.40e-72
      1       1 PUL0406	1.75e-91
      1       1 PUL0406	2.67e-26
      1       1 PUL0406	5.06e-186
      1       1 PUL0413	6.42e-158
      1       1 PUL0414	5.18e-53
      1       1 PUL0425	1.04e-43
      1       1 PUL0450	1.62e-136
      1       1 PUL0451	4.06e-67
      1       1 PUL0452	1.64e-41
      1       1 PUL0452	5.06e-50
      1       1 PUL0452	7.81e-08
      1       1 PUL0453	2.58e-33
      1       1 PUL0454	1.53e-32
      1       1 PUL0492	8.61e-14
      1       1 PUL0493	1.78e-82
      1       1 PUL0500	7.24e-08
      1       1 PUL0501	2.81e-165
      1       1 PUL0503	3.00e-05
      1       1 PUL0518	8.40e-18
      1       1 PUL0522	4.50e-50
      1       1 PUL0560	7.89e-104
      1       1 PUL0574	6.67e-64
      1       1 PUL0575	4.06e-242
      1       1 PUL0576	1.12e-128
      1       1 PUL0579	6.14e-73
      1       1 PUL0584	2.60e-16
      1       1 PUL0591	8.22e-74
