PUL0001 1
PUL0006 1
PUL0010 1
PUL0015 1
PUL0016 4
PUL0017 2
PUL0022 3
PUL0024 5
PUL0029 8
PUL0033 2
PUL0041 2
PUL0047 1
PUL0049 1
PUL0058 2
PUL0062 1
PUL0070 1
PUL0074 1
PUL0093 1
PUL0094 1
PUL0098 1
PUL0101 3
PUL0103 1
PUL0106 5
PUL0107 3
PUL0108 3
PUL0109 1
PUL0110 1
PUL0113 4
PUL0117 1
PUL0121 3
PUL0123 1
PUL0124 4
PUL0131 1
PUL0135 1
PUL0143 1
PUL0145 1
PUL0162 1
PUL0168 2
PUL0172 1
PUL0173 1
PUL0180 3
PUL0184 2
PUL0186 1
PUL0191 1
PUL0195 2
PUL0216 1
PUL0219 1
PUL0230 2
PUL0231 2
PUL0236 1
PUL0238 3
PUL0246 1
PUL0248 1
PUL0258 1
PUL0270 1
PUL0278 1
PUL0281 1
PUL0294 2
PUL0299 1
PUL0305 1
PUL0324 1
PUL0327 1
PUL0333 1
PUL0335 2
PUL0336 2
PUL0337 2
PUL0339 2
PUL0340 4
PUL0341 2
PUL0345 1
PUL0347 1
PUL0366 1
PUL0368 1
PUL0370 2
PUL0381 2
PUL0390 3
PUL0392 1
PUL0396 1
PUL0406 3
PUL0413 1
PUL0414 1
PUL0425 1
PUL0450 1
PUL0451 1
PUL0452 3
PUL0453 1
PUL0454 1
PUL0492 1
PUL0493 1
PUL0500 1
PUL0501 1
PUL0503 1
PUL0518 1
PUL0522 1
PUL0560 1
PUL0574 1
PUL0575 1
PUL0576 1
PUL0579 1
PUL0584 1
PUL0591 1
