      1       1 PUL0001	4.98e-233
      1       1 PUL0012	3.32e-14
      1       1 PUL0024	1.96e-204
      1       1 PUL0029	1.55e-172
      1       1 PUL0047	1.69e-41
      1       1 PUL0049	1.13e-138
      1       1 PUL0060	3.35e-06
      1       1 PUL0061	1.91e-116
      1       1 PUL0070	1.01e-169
      1       1 PUL0085	7.50e-61
      1       1 PUL0099	2.07e-248
      1       1 PUL0099	8.55e-280
      1       1 PUL0103	5.98e-122
      1       1 PUL0106	1.60e-172
      1       1 PUL0110	2.14e-41
      1       1 PUL0110	4.48e-48
      1       1 PUL0121	2.83e-74
      1       1 PUL0121	4.84e-134
      1       1 PUL0121	5.09e-70
      1       1 PUL0162	2.07e-174
      1       1 PUL0254	1.79e-173
      1       1 PUL0256	7.48e-191
      1       1 PUL0280	8.05e-05
      1       1 PUL0282	1.16e-202
      1       1 PUL0337	1.55e-201
      1       1 PUL0340	2.86e-04
      1       1 PUL0341	4.11e-271
      1       1 PUL0406	5.58e-216
      1       1 PUL0575	1.24e-231
      1       1 PUL0582	3.11e-198
