      1       1 PUL0017	5.99e-188
      1       1 PUL0033	1.58e-26
      1       1 PUL0036	8.91e-146
      1       1 PUL0070	2.37e-160
      1       1 PUL0070	5.58e-19
      1       1 PUL0094	8.23e-112
      1       1 PUL0103	2.11e-213
      1       1 PUL0106	1.13e-11
      1       1 PUL0106	2.12e-150
      1       1 PUL0106	2.22e-304
      1       1 PUL0108	5.03e-33
      1       1 PUL0124	1.64e-156
      1       1 PUL0178	5.99e-173
      1       1 PUL0178	6.73e-92
      1       1 PUL0206	1.97e-230
      1       1 PUL0235	2.15e-144
      1       1 PUL0236	3.30e-137
      1       1 PUL0236	9.95e-141
      1       1 PUL0247	6.15e-115
      1       1 PUL0267	4.98e-296
      1       1 PUL0267	8.56e-223
      1       1 PUL0316	4.49e-75
      1       1 PUL0333	3.90e-87
      1       1 PUL0334	3.04e-155
      1       1 PUL0335	8.22e-134
      1       1 PUL0339	2.92e-279
      1       1 PUL0339	6.16e-210
      1       1 PUL0341	1.41e-177
      1       1 PUL0406	3.81e-184
      1       1 PUL0454	3.48e-29
      1       1 PUL0468	1.45e-39
      1       1 PUL0485	3.38e-04
      1       1 PUL0513	5.07e-179
      1       1 PUL0527	3.12e-27
      1       1 PUL0584	5.05e-139
