      1       1 PUL0058	1.55e-118
      1       1 PUL0058	1.58e-181
      1       1 PUL0099	2.19e-249
      1       1 PUL0106	1.95e-176
      1       1 PUL0106	2.54e-209
      1       1 PUL0108	4.14e-81
      1       1 PUL0121	1.37e-125
      1       1 PUL0121	1.54e-86
      1       1 PUL0122	1.80e-173
      1       1 PUL0124	3.91e-181
      1       1 PUL0162	3.41e-176
      1       1 PUL0214	6.08e-146
      1       1 PUL0227	6.96e-94
      1       1 PUL0265	1.92e-127
      1       1 PUL0339	2.77e-164
      1       1 PUL0368	3.13e-40
      1       1 PUL0394	3.69e-159
      1       1 PUL0406	2.28e-198
      1       1 PUL0410	2.04e-55
      1       1 PUL0413	7.47e-78
      1       1 PUL0414	5.72e-102
      1       1 PUL0429	1.78e-31
      1       1 PUL0451	2.54e-44
      1       1 PUL0519	5.46e-118
      1       1 PUL0577	1.96e-171
      1       1 PUL0584	9.26e-135
