      1       1 PUL0017	1.04e-193
      1       1 PUL0017	1.28e-205
      1       1 PUL0038	5.19e-172
      1       1 PUL0049	2.26e-88
      1       1 PUL0058	7.39e-184
      1       1 PUL0106	1.54e-193
      1       1 PUL0169	7.85e-108
      1       1 PUL0216	1.24e-113
      1       1 PUL0267	6.85e-262
      1       1 PUL0281	4.78e-48
      1       1 PUL0290	9.92e-19
      1       1 PUL0300	1.75e-115
      1       1 PUL0335	4.31e-159
      1       1 PUL0335	4.75e-95
      1       1 PUL0347	1.96e-144
      1       1 PUL0390	4.89e-37
      1       1 PUL0404	7.83e-17
      1       1 PUL0406	3.80e-93
      1       1 PUL0429	4.31e-122
      1       1 PUL0454	5.14e-50
      1       1 PUL0527	2.15e-66
