      1       1 PUL0009	1.03e-66
      1       1 PUL0013	1.25e-89
      1       1 PUL0017	3.82e-203
      1       1 PUL0017	7.92e-190
      1       1 PUL0047	1.48e-31
      1       1 PUL0050	1.01e-38
      1       1 PUL0058	2.05e-247
      1       1 PUL0070	2.41e-187
      1       1 PUL0104	3.91e-55
      1       1 PUL0121	2.39e-112
      1       1 PUL0125	7.06e-11
      1       1 PUL0145	1.67e-215
      1       1 PUL0145	5.20e-107
      1       1 PUL0162	3.03e-169
      1       1 PUL0180	4.72e-166
      1       1 PUL0184	5.70e-143
      1       1 PUL0201	3.18e-151
      1       1 PUL0230	2.32e-54
      1       1 PUL0240	4.63e-104
      1       1 PUL0250	8.04e-126
      1       1 PUL0324	3.33e-170
      1       1 PUL0333	5.04e-127
      1       1 PUL0335	1.00e-114
      1       1 PUL0337	8.57e-199
      1       1 PUL0340	1.06e-147
      1       1 PUL0340	3.45e-318
      1       1 PUL0373	1.11e-59
      1       1 PUL0390	1.28e-71
      1       1 PUL0413	3.76e-175
      1       1 PUL0414	5.42e-58
      1       1 PUL0489	4.52e-56
      1       1 PUL0600	1.19e-64
