      1       1 PUL0016	1.65e-155
      1       1 PUL0017	3.59e-179
      1       1 PUL0019	2.21e-129
      1       1 PUL0024	1.19e-49
      1       1 PUL0025	2.82e-129
      1       1 PUL0028	9.65e-71
      1       1 PUL0029	1.68e-83
      1       1 PUL0029	2.88e-40
      1       1 PUL0029	2.98e-114
      1       1 PUL0029	7.59e-180
      1       1 PUL0038	2.84e-151
      1       1 PUL0046	2.59e-145
      1       1 PUL0049	3.12e-46
      1       1 PUL0050	5.77e-93
      1       1 PUL0058	1.33e-249
      1       1 PUL0101	8.95e-44
      1       1 PUL0106	1.96e-173
      1       1 PUL0106	2.42e-118
      1       1 PUL0106	2.56e-248
      1       1 PUL0107	1.74e-149
      1       1 PUL0108	3.53e-102
      1       1 PUL0121	1.41e-94
      1       1 PUL0121	4.39e-33
      1       1 PUL0124	2.18e-191
      1       1 PUL0124	2.84e-191
      1       1 PUL0162	7.13e-39
      1       1 PUL0195	9.53e-127
      1       1 PUL0195	9.61e-96
      1       1 PUL0230	2.56e-110
      1       1 PUL0238	2.35e-200
      1       1 PUL0267	2.87e-128
      1       1 PUL0267	3.99e-249
      1       1 PUL0267	4.83e-70
      1       1 PUL0300	3.05e-91
      1       1 PUL0331	1.77e-81
      1       1 PUL0340	8.09e-159
      1       1 PUL0349	1.98e-196
      1       1 PUL0366	5.32e-107
      1       1 PUL0366	5.80e-51
      1       1 PUL0381	1.68e-55
      1       1 PUL0390	1.74e-95
      1       1 PUL0401	1.56e-04
      1       1 PUL0406	5.09e-227
      1       1 PUL0410	6.21e-52
      1       1 PUL0413	9.60e-48
      1       1 PUL0519	9.64e-264
      1       1 PUL0530	2.72e-91
      1       1 PUL0576	1.27e-124
      1       1 PUL0576	2.02e-254
      1       1 PUL0584	3.40e-183
