      1       1 PUL0017	3.50e-176
      1       1 PUL0024	1.40e-16
      1       1 PUL0024	4.18e-27
      1       1 PUL0029	1.24e-116
      1       1 PUL0038	5.59e-157
      1       1 PUL0061	2.81e-233
      1       1 PUL0093	3.82e-128
      1       1 PUL0106	2.07e-120
      1       1 PUL0106	3.08e-146
      1       1 PUL0106	6.53e-210
      1       1 PUL0108	7.42e-90
      1       1 PUL0121	4.45e-170
      1       1 PUL0145	1.57e-168
      1       1 PUL0145	1.94e-97
      1       1 PUL0145	2.76e-196
      1       1 PUL0145	3.06e-199
      1       1 PUL0145	3.63e-164
      1       1 PUL0145	3.87e-178
      1       1 PUL0180	2.03e-154
      1       1 PUL0225	6.37e-59
      1       1 PUL0267	5.20e-241
      1       1 PUL0316	1.00e-78
      1       1 PUL0316	4.28e-97
      1       1 PUL0316	9.47e-111
      1       1 PUL0333	1.67e-11
      1       1 PUL0333	8.88e-96
      1       1 PUL0335	2.25e-88
      1       1 PUL0336	1.97e-75
      1       1 PUL0339	2.27e-89
      1       1 PUL0339	8.10e-160
      1       1 PUL0340	1.78e-15
      1       1 PUL0340	1.86e-139
      1       1 PUL0340	2.07e-168
      1       1 PUL0340	5.14e-05
      1       1 PUL0341	2.81e-169
      1       1 PUL0369	1.03e-66
      1       1 PUL0413	1.09e-117
      1       1 PUL0428	1.30e-94
      1       1 PUL0431	4.88e-57
      1       1 PUL0460	1.43e-29
      1       1 PUL0460	1.88e-13
      1       1 PUL0467	3.13e-59
      1       1 PUL0530	1.53e-277
      1       1 PUL0560	1.24e-101
      1       1 PUL0584	7.30e-164
