      1       1 PUL0009	1.08e-77
      1       1 PUL0012	1.29e-11
      1       1 PUL0017	1.70e-175
      1       1 PUL0025	2.32e-13
      1       1 PUL0029	5.31e-72
      1       1 PUL0036	1.11e-95
      1       1 PUL0050	5.45e-80
      1       1 PUL0057	1.01e-140
      1       1 PUL0075	4.91e-24
      1       1 PUL0094	1.53e-49
      1       1 PUL0101	7.30e-197
      1       1 PUL0103	5.57e-91
      1       1 PUL0106	1.34e-13
      1       1 PUL0106	4.45e-131
      1       1 PUL0106	8.30e-188
      1       1 PUL0108	5.29e-86
      1       1 PUL0108	5.74e-37
      1       1 PUL0109	2.37e-145
      1       1 PUL0121	2.33e-92
      1       1 PUL0121	6.88e-66
      1       1 PUL0121	7.12e-12
      1       1 PUL0121	8.48e-175
      1       1 PUL0123	4.08e-36
      1       1 PUL0123	4.17e-46
      1       1 PUL0124	1.80e-31
      1       1 PUL0133	3.83e-71
      1       1 PUL0134	9.17e-21
      1       1 PUL0143	7.83e-50
      1       1 PUL0145	6.63e-206
      1       1 PUL0151	6.19e-15
      1       1 PUL0161	6.96e-53
      1       1 PUL0180	2.48e-08
      1       1 PUL0180	4.33e-77
      1       1 PUL0199	1.29e-49
      1       1 PUL0206	2.23e-91
      1       1 PUL0216	9.47e-32
      1       1 PUL0225	2.60e-107
      1       1 PUL0226	4.47e-09
      1       1 PUL0240	7.85e-109
      1       1 PUL0266	9.40e-06
      1       1 PUL0267	2.91e-226
      1       1 PUL0267	4.07e-228
      1       1 PUL0267	7.79e-172
      1       1 PUL0269	1.99e-21
      1       1 PUL0286	2.98e-122
      1       1 PUL0303	5.17e-36
      1       1 PUL0311	2.50e-234
      1       1 PUL0316	1.22e-13
      1       1 PUL0329	5.36e-19
      1       1 PUL0335	1.55e-69
      1       1 PUL0336	6.39e-06
      1       1 PUL0339	4.32e-169
      1       1 PUL0340	4.44e-228
      1       1 PUL0341	3.02e-158
      1       1 PUL0346	5.08e-08
      1       1 PUL0365	1.47e-57
      1       1 PUL0365	6.52e-75
      1       1 PUL0375	2.79e-51
      1       1 PUL0375	5.43e-86
      1       1 PUL0396	4.33e-13
      1       1 PUL0399	1.09e-07
      1       1 PUL0399	2.83e-13
      1       1 PUL0401	1.55e-67
      1       1 PUL0406	5.42e-117
      1       1 PUL0413	1.01e-153
      1       1 PUL0414	1.12e-79
      1       1 PUL0429	1.53e-86
      1       1 PUL0434	5.46e-11
      1       1 PUL0457	5.18e-12
      1       1 PUL0459	9.79e-06
      1       1 PUL0460	4.41e-68
      1       1 PUL0494	3.94e-33
      1       1 PUL0530	1.22e-47
      1       1 PUL0577	8.00e-15
      1       1 PUL0599	4.48e-67
