      1       1 PUL0010	1.72e-204
      1       1 PUL0017	6.46e-189
      1       1 PUL0024	3.36e-08
      1       1 PUL0037	1.05e-24
      1       1 PUL0041	1.97e-245
      1       1 PUL0049	3.14e-202
      1       1 PUL0050	6.12e-89
      1       1 PUL0058	5.73e-212
      1       1 PUL0060	1.50e-220
      1       1 PUL0069	4.83e-264
      1       1 PUL0100	9.61e-300
      1       1 PUL0106	3.62e-165
      1       1 PUL0145	2.22e-185
      1       1 PUL0145	7.36e-176
      1       1 PUL0168	2.74e-303
      1       1 PUL0180	8.30e-163
      1       1 PUL0181	1.66e-305
      1       1 PUL0202	6.14e-301
      1       1 PUL0206	1.61e-224
      1       1 PUL0230	6.56e-81
      1       1 PUL0246	2.13e-236
      1       1 PUL0248	4.50e-183
      1       1 PUL0296	2.07e-117
      1       1 PUL0298	4.07e-47
      1       1 PUL0299	1.47e-62
      1       1 PUL0309	6.03e-53
      1       1 PUL0316	8.36e-132
      1       1 PUL0324	4.50e-233
      1       1 PUL0329	9.08e-123
      1       1 PUL0332	6.87e-115
      1       1 PUL0333	7.90e-109
      1       1 PUL0335	1.85e-17
      1       1 PUL0335	3.02e-104
      1       1 PUL0336	5.36e-33
      1       1 PUL0347	1.28e-231
      1       1 PUL0347	5.21e-32
      1       1 PUL0366	1.10e-283
      1       1 PUL0390	1.82e-75
      1       1 PUL0396	5.95e-80
      1       1 PUL0406	4.60e-106
      1       1 PUL0420	1.24e-210
      1       1 PUL0428	5.76e-93
      1       1 PUL0449	2.35e-232
      1       1 PUL0460	1.62e-41
      1       1 PUL0460	2.40e-74
      1       1 PUL0493	1.43e-50
      1       1 PUL0530	3.43e-276
      1       1 PUL0530	6.94e-43
      1       1 PUL0584	1.96e-147
      1       1 PUL0586	3.63e-242
      1       1 PUL0602	6.11e-149
