      1       1 PUL0017	1.88e-186
      1       1 PUL0017	2.39e-147
      1       1 PUL0024	4.14e-79
      1       1 PUL0038	1.96e-167
      1       1 PUL0049	2.46e-205
      1       1 PUL0060	1.71e-188
      1       1 PUL0070	5.48e-267
      1       1 PUL0093	5.75e-178
      1       1 PUL0094	3.75e-90
      1       1 PUL0106	1.31e-170
      1       1 PUL0106	3.08e-215
      1       1 PUL0106	5.12e-118
      1       1 PUL0108	2.65e-20
      1       1 PUL0108	3.88e-13
      1       1 PUL0121	3.49e-16
      1       1 PUL0121	5.89e-96
      1       1 PUL0121	8.33e-165
      1       1 PUL0123	3.02e-50
      1       1 PUL0132	6.85e-24
      1       1 PUL0135	4.62e-52
      1       1 PUL0145	1.63e-175
      1       1 PUL0145	1.92e-133
      1       1 PUL0152	5.15e-125
      1       1 PUL0180	1.48e-160
      1       1 PUL0226	5.69e-43
      1       1 PUL0247	5.14e-199
      1       1 PUL0264	7.32e-30
      1       1 PUL0267	1.38e-222
      1       1 PUL0311	1.06e-191
      1       1 PUL0318	6.88e-15
      1       1 PUL0326	7.37e-12
      1       1 PUL0333	1.99e-65
      1       1 PUL0335	3.89e-59
      1       1 PUL0335	7.00e-67
      1       1 PUL0336	2.37e-53
      1       1 PUL0337	1.09e-132
      1       1 PUL0337	1.10e-83
      1       1 PUL0339	2.85e-155
      1       1 PUL0340	1.69e-28
      1       1 PUL0340	1.79e-142
      1       1 PUL0390	3.78e-102
      1       1 PUL0390	4.23e-59
      1       1 PUL0413	7.33e-160
      1       1 PUL0413	7.98e-38
      1       1 PUL0429	2.18e-35
      1       1 PUL0460	1.75e-32
      1       1 PUL0460	4.95e-68
      1       1 PUL0493	3.44e-46
      1       1 PUL0500	2.98e-47
