      1       1 PUL0017	1.21e-181
      1       1 PUL0037	4.23e-27
      1       1 PUL0049	5.98e-193
      1       1 PUL0058	4.40e-189
      1       1 PUL0061	4.39e-287
      1       1 PUL0075	1.94e-36
      1       1 PUL0106	1.67e-212
      1       1 PUL0106	8.15e-175
      1       1 PUL0121	6.91e-90
      1       1 PUL0123	7.83e-06
      1       1 PUL0180	4.46e-166
      1       1 PUL0202	5.70e-176
      1       1 PUL0227	7.40e-58
      1       1 PUL0250	3.52e-188
      1       1 PUL0267	1.61e-225
      1       1 PUL0316	1.03e-85
      1       1 PUL0316	1.46e-83
      1       1 PUL0339	4.74e-162
      1       1 PUL0340	4.36e-160
      1       1 PUL0365	1.47e-213
      1       1 PUL0365	7.25e-199
      1       1 PUL0409	8.62e-77
      1       1 PUL0413	1.07e-33
      1       1 PUL0413	2.73e-163
      1       1 PUL0459	5.40e-28
      1       1 PUL0575	2.18e-48
