      1       1 PUL0029	2.70e-77
      1       1 PUL0049	1.43e-139
      1       1 PUL0051	2.61e-65
      1       1 PUL0061	1.82e-103
      1       1 PUL0094	5.02e-11
      1       1 PUL0101	7.37e-47
      1       1 PUL0108	1.92e-38
      1       1 PUL0110	7.39e-13
      1       1 PUL0121	2.28e-62
      1       1 PUL0121	2.58e-27
      1       1 PUL0121	3.51e-38
      1       1 PUL0121	4.81e-34
      1       1 PUL0172	1.38e-52
      1       1 PUL0181	3.65e-20
      1       1 PUL0212	1.09e-135
      1       1 PUL0214	7.54e-105
      1       1 PUL0258	9.09e-15
      1       1 PUL0259	1.68e-40
      1       1 PUL0270	3.37e-07
      1       1 PUL0281	1.04e-41
      1       1 PUL0281	2.08e-28
      1       1 PUL0292	7.61e-36
      1       1 PUL0300	6.47e-56
      1       1 PUL0305	7.94e-11
      1       1 PUL0316	2.44e-85
      1       1 PUL0337	1.31e-145
      1       1 PUL0337	6.40e-130
      1       1 PUL0339	2.27e-90
      1       1 PUL0340	1.76e-126
      1       1 PUL0340	4.73e-05
      1       1 PUL0340	9.39e-39
      1       1 PUL0341	3.24e-77
      1       1 PUL0390	4.08e-15
      1       1 PUL0406	2.49e-22
      1       1 PUL0406	3.10e-81
      1       1 PUL0406	9.35e-118
      1       1 PUL0414	1.75e-68
      1       1 PUL0414	2.65e-68
      1       1 PUL0414	3.58e-62
      1       1 PUL0429	1.94e-44
      1       1 PUL0429	2.91e-35
      1       1 PUL0436	8.75e-05
      1       1 PUL0451	1.57e-129
      1       1 PUL0492	1.93e-117
      1       1 PUL0494	1.45e-124
      1       1 PUL0502	2.09e-138
      1       1 PUL0532	2.50e-15
      1       1 PUL0555	2.68e-146
