PUL0011 1
PUL0017 2
PUL0034 1
PUL0044 1
PUL0047 1
PUL0053 1
PUL0060 1
PUL0061 1
PUL0069 1
PUL0103 1
PUL0106 1
PUL0114 1
PUL0121 2
PUL0122 1
PUL0145 3
PUL0150 1
PUL0168 1
PUL0169 1
PUL0180 1
PUL0184 1
PUL0188 1
PUL0206 1
PUL0215 1
PUL0236 1
PUL0249 1
PUL0267 1
PUL0292 1
PUL0300 1
PUL0309 2
PUL0316 3
PUL0318 1
PUL0329 1
PUL0332 1
PUL0333 2
PUL0339 1
PUL0358 1
PUL0362 1
PUL0363 3
PUL0364 2
PUL0365 1
PUL0393 1
PUL0399 1
PUL0404 1
PUL0413 1
PUL0429 1
PUL0459 1
PUL0460 4
PUL0471 1
PUL0479 2
PUL0526 1
PUL0527 1
PUL0564 3
