      1       1 PUL0013	4.07e-202
      1       1 PUL0013	5.88e-230
      1       1 PUL0017	6.65e-187
      1       1 PUL0022	5.91e-212
      1       1 PUL0029	2.18e-122
      1       1 PUL0036	1.62e-148
      1       1 PUL0038	6.34e-161
      1       1 PUL0041	1.39e-179
      1       1 PUL0047	2.99e-165
      1       1 PUL0050	1.17e-88
      1       1 PUL0053	2.66e-43
      1       1 PUL0058	3.69e-214
      1       1 PUL0060	3.96e-115
      1       1 PUL0061	2.94e-221
      1       1 PUL0069	4.73e-266
      1       1 PUL0103	9.65e-83
      1       1 PUL0106	1.08e-222
      1       1 PUL0108	8.22e-88
      1       1 PUL0111	9.44e-295
      1       1 PUL0135	3.81e-210
      1       1 PUL0145	1.72e-191
      1       1 PUL0145	5.40e-189
      1       1 PUL0162	2.47e-100
      1       1 PUL0168	1.98e-309
      1       1 PUL0182	1.07e-298
      1       1 PUL0184	5.01e-193
      1       1 PUL0206	1.67e-222
      1       1 PUL0210	1.25e-112
      1       1 PUL0216	9.13e-106
      1       1 PUL0225	1.75e-57
      1       1 PUL0225	2.95e-24
      1       1 PUL0236	4.31e-87
      1       1 PUL0236	4.90e-134
      1       1 PUL0246	4.47e-233
      1       1 PUL0248	9.30e-184
      1       1 PUL0290	1.80e-162
      1       1 PUL0296	3.70e-118
      1       1 PUL0300	7.21e-63
      1       1 PUL0316	4.02e-112
      1       1 PUL0316	8.09e-12
      1       1 PUL0321	2.64e-265
      1       1 PUL0329	4.82e-123
      1       1 PUL0329	8.41e-124
      1       1 PUL0332	5.94e-118
      1       1 PUL0333	1.17e-109
      1       1 PUL0333	7.89e-11
      1       1 PUL0335	3.28e-138
      1       1 PUL0335	4.96e-51
      1       1 PUL0335	5.92e-70
      1       1 PUL0340	8.78e-04
      1       1 PUL0347	6.57e-232
      1       1 PUL0349	5.30e-229
      1       1 PUL0410	4.32e-306
      1       1 PUL0413	2.02e-125
      1       1 PUL0420	2.41e-209
      1       1 PUL0458	4.18e-27
      1       1 PUL0461	3.19e-159
      1       1 PUL0473	7.52e-14
      1       1 PUL0507	1.34e-21
      1       1 PUL0530	7.15e-278
      1       1 PUL0571	7.41e-279
      1       1 PUL0579	1.58e-45
      1       1 PUL0584	3.76e-147
      1       1 PUL0586	8.82e-243
