PUL0013	2
PUL0017	1
PUL0022	1
PUL0029	1
PUL0036	1
PUL0038	1
PUL0041	1
PUL0047	1
PUL0050	1
PUL0053	1
PUL0058	1
PUL0060	1
PUL0061	1
PUL0069	1
PUL0103	1
PUL0106	1
PUL0108	1
PUL0111	1
PUL0135	1
PUL0145	2
PUL0162	1
PUL0168	1
PUL0182	1
PUL0184	1
PUL0206	1
PUL0210	1
PUL0216	1
PUL0225	2
PUL0236	2
PUL0246	1
PUL0248	1
PUL0290	1
PUL0296	1
PUL0300	1
PUL0316	2
PUL0321	1
PUL0329	2
PUL0332	1
PUL0333	2
PUL0335	3
PUL0340	1
PUL0347	1
PUL0349	1
PUL0410	1
PUL0413	1
PUL0420	1
PUL0458	1
PUL0461	1
PUL0473	1
PUL0507	1
PUL0530	1
PUL0571	1
PUL0579	1
PUL0584	1
PUL0586	1
