      1       1 PUL0013	6.61e-18
      1       1 PUL0017	1.01e-179
      1       1 PUL0017	6.15e-202
      1       1 PUL0029	1.75e-37
      1       1 PUL0029	7.93e-44
      1       1 PUL0038	3.04e-149
      1       1 PUL0047	3.03e-162
      1       1 PUL0060	5.86e-18
      1       1 PUL0070	1.82e-161
      1       1 PUL0104	2.86e-48
      1       1 PUL0106	1.05e-218
      1       1 PUL0106	1.11e-36
      1       1 PUL0106	3.13e-30
      1       1 PUL0121	1.60e-11
      1       1 PUL0121	5.52e-78
      1       1 PUL0124	2.63e-42
      1       1 PUL0142	5.18e-125
      1       1 PUL0143	5.80e-122
      1       1 PUL0152	2.18e-102
      1       1 PUL0161	1.14e-14
      1       1 PUL0179	9.68e-06
      1       1 PUL0184	3.35e-27
      1       1 PUL0206	1.87e-154
      1       1 PUL0214	3.06e-116
      1       1 PUL0230	2.34e-75
      1       1 PUL0230	6.51e-54
      1       1 PUL0232	1.24e-48
      1       1 PUL0236	6.62e-53
      1       1 PUL0267	1.30e-211
      1       1 PUL0295	8.10e-53
      1       1 PUL0332	3.21e-99
      1       1 PUL0333	4.53e-110
      1       1 PUL0333	5.29e-75
      1       1 PUL0335	1.27e-162
      1       1 PUL0335	8.81e-176
      1       1 PUL0339	1.32e-150
      1       1 PUL0341	8.36e-145
      1       1 PUL0413	6.09e-118
      1       1 PUL0491	5.61e-87
      1       1 PUL0584	6.21e-134
