      1       1 PUL0001	4.21e-150
      1       1 PUL0006	5.21e-114
      1       1 PUL0008	7.06e-44
      1       1 PUL0015	6.61e-22
      1       1 PUL0015	7.09e-14
      1       1 PUL0015	7.62e-64
      1       1 PUL0016	7.76e-202
      1       1 PUL0016	7.89e-169
      1       1 PUL0017	3.47e-186
      1       1 PUL0019	7.06e-150
      1       1 PUL0022	1.01e-217
      1       1 PUL0022	1.05e-160
      1       1 PUL0022	4.98e-111
      1       1 PUL0022	5.24e-177
      1       1 PUL0024	1.10e-174
      1       1 PUL0024	2.95e-14
      1       1 PUL0026	9.42e-42
      1       1 PUL0029	1.00e-43
      1       1 PUL0029	1.15e-12
      1       1 PUL0029	4.14e-35
      1       1 PUL0029	5.80e-36
      1       1 PUL0029	6.07e-45
      1       1 PUL0029	7.24e-119
      1       1 PUL0033	4.45e-53
      1       1 PUL0033	4.85e-34
      1       1 PUL0041	2.77e-135
      1       1 PUL0047	1.08e-73
      1       1 PUL0049	1.26e-147
      1       1 PUL0058	3.02e-270
      1       1 PUL0060	3.20e-76
      1       1 PUL0070	1.73e-165
      1       1 PUL0101	2.14e-148
      1       1 PUL0101	8.74e-46
      1       1 PUL0103	1.05e-123
      1       1 PUL0106	3.67e-121
      1       1 PUL0106	4.24e-194
      1       1 PUL0106	4.52e-240
      1       1 PUL0106	4.82e-14
      1       1 PUL0106	6.38e-111
      1       1 PUL0107	1.30e-183
      1       1 PUL0107	1.52e-38
      1       1 PUL0107	2.49e-77
      1       1 PUL0107	3.02e-174
      1       1 PUL0108	4.55e-113
      1       1 PUL0108	4.88e-45
      1       1 PUL0108	5.40e-35
      1       1 PUL0113	2.17e-210
      1       1 PUL0113	2.56e-61
      1       1 PUL0113	2.81e-46
      1       1 PUL0113	3.15e-154
      1       1 PUL0113	3.56e-173
      1       1 PUL0113	5.57e-186
      1       1 PUL0113	9.74e-134
      1       1 PUL0121	3.88e-97
      1       1 PUL0121	5.27e-62
      1       1 PUL0121	8.62e-99
      1       1 PUL0121	8.76e-12
      1       1 PUL0124	1.37e-99
      1       1 PUL0124	3.33e-155
      1       1 PUL0124	3.96e-211
      1       1 PUL0160	3.22e-71
      1       1 PUL0161	5.26e-22
      1       1 PUL0168	1.50e-136
      1       1 PUL0168	8.30e-10
      1       1 PUL0172	1.34e-107
      1       1 PUL0180	2.07e-121
      1       1 PUL0184	7.66e-06
      1       1 PUL0186	3.97e-192
      1       1 PUL0210	1.38e-46
      1       1 PUL0216	2.00e-71
      1       1 PUL0219	3.07e-111
      1       1 PUL0230	1.92e-63
      1       1 PUL0230	3.98e-108
      1       1 PUL0230	4.97e-114
      1       1 PUL0231	1.96e-194
      1       1 PUL0236	1.00e-77
      1       1 PUL0238	5.76e-94
      1       1 PUL0253	2.06e-62
      1       1 PUL0256	2.27e-166
      1       1 PUL0256	7.24e-199
      1       1 PUL0257	2.82e-15
      1       1 PUL0258	1.02e-23
      1       1 PUL0270	1.74e-49
      1       1 PUL0280	5.94e-71
      1       1 PUL0281	3.24e-23
      1       1 PUL0300	7.46e-96
      1       1 PUL0309	8.44e-24
      1       1 PUL0327	3.72e-183
      1       1 PUL0329	1.23e-49
      1       1 PUL0333	2.36e-123
      1       1 PUL0335	1.43e-153
      1       1 PUL0335	1.63e-42
      1       1 PUL0335	3.11e-173
      1       1 PUL0336	1.78e-05
      1       1 PUL0337	5.12e-218
      1       1 PUL0337	5.83e-67
      1       1 PUL0339	6.86e-51
      1       1 PUL0340	1.31e-38
      1       1 PUL0340	5.11e-213
      1       1 PUL0341	1.49e-261
      1       1 PUL0345	3.93e-41
      1       1 PUL0347	6.53e-80
      1       1 PUL0368	1.18e-201
      1       1 PUL0370	1.49e-161
      1       1 PUL0370	6.45e-146
      1       1 PUL0390	5.31e-104
      1       1 PUL0390	8.39e-40
      1       1 PUL0392	2.92e-93
      1       1 PUL0396	5.28e-75
      1       1 PUL0401	2.73e-16
      1       1 PUL0406	8.58e-185
      1       1 PUL0409	4.63e-48
      1       1 PUL0413	1.13e-121
      1       1 PUL0413	3.25e-52
      1       1 PUL0413	8.94e-157
      1       1 PUL0432	1.17e-135
      1       1 PUL0451	5.34e-40
      1       1 PUL0453	8.75e-137
      1       1 PUL0458	8.86e-05
      1       1 PUL0459	7.04e-27
      1       1 PUL0460	3.57e-04
      1       1 PUL0460	3.95e-62
      1       1 PUL0493	1.28e-81
      1       1 PUL0494	2.68e-92
      1       1 PUL0494	8.77e-12
      1       1 PUL0496	2.80e-46
      1       1 PUL0498	1.10e-80
      1       1 PUL0500	1.35e-07
      1       1 PUL0503	1.28e-38
      1       1 PUL0509	3.28e-39
      1       1 PUL0522	4.61e-47
      1       1 PUL0527	2.07e-80
      1       1 PUL0560	5.22e-88
      1       1 PUL0574	2.99e-60
      1       1 PUL0575	4.17e-236
      1       1 PUL0576	2.01e-127
      1       1 PUL0591	3.35e-73
      1       1 PUL0602	1.95e-15
