PUL0001	1
PUL0006	1
PUL0008	1
PUL0015	3
PUL0016	2
PUL0017	1
PUL0019	1
PUL0022	4
PUL0024	2
PUL0026	1
PUL0029	6
PUL0033	2
PUL0041	1
PUL0047	1
PUL0049	1
PUL0058	1
PUL0060	1
PUL0070	1
PUL0101	2
PUL0103	1
PUL0106	5
PUL0107	4
PUL0108	3
PUL0113	7
PUL0121	4
PUL0124	3
PUL0160	1
PUL0161	1
PUL0168	2
PUL0172	1
PUL0180	1
PUL0184	1
PUL0186	1
PUL0210	1
PUL0216	1
PUL0219	1
PUL0230	3
PUL0231	1
PUL0236	1
PUL0238	1
PUL0253	1
PUL0256	2
PUL0257	1
PUL0258	1
PUL0270	1
PUL0280	1
PUL0281	1
PUL0300	1
PUL0309	1
PUL0327	1
PUL0329	1
PUL0333	1
PUL0335	3
PUL0336	1
PUL0337	2
PUL0339	1
PUL0340	2
PUL0341	1
PUL0345	1
PUL0347	1
PUL0368	1
PUL0370	2
PUL0390	2
PUL0392	1
PUL0396	1
PUL0401	1
PUL0406	1
PUL0409	1
PUL0413	3
PUL0432	1
PUL0451	1
PUL0453	1
PUL0458	1
PUL0459	1
PUL0460	2
PUL0493	1
PUL0494	2
PUL0496	1
PUL0498	1
PUL0500	1
PUL0503	1
PUL0509	1
PUL0522	1
PUL0527	1
PUL0560	1
PUL0574	1
PUL0575	1
PUL0576	1
PUL0591	1
PUL0602	1
