      1       1 PUL0013	6.62e-18
      1       1 PUL0017	1.01e-179
      1       1 PUL0017	1.05e-201
      1       1 PUL0038	3.04e-149
      1       1 PUL0047	2.31e-162
      1       1 PUL0050	2.82e-89
      1       1 PUL0060	5.86e-18
      1       1 PUL0070	1.82e-161
      1       1 PUL0106	1.10e-36
      1       1 PUL0106	2.00e-218
      1       1 PUL0106	2.61e-30
      1       1 PUL0121	1.60e-11
      1       1 PUL0121	7.12e-78
      1       1 PUL0124	2.64e-42
      1       1 PUL0142	8.15e-125
      1       1 PUL0143	3.11e-122
      1       1 PUL0152	2.32e-102
      1       1 PUL0161	1.14e-14
      1       1 PUL0179	9.67e-06
      1       1 PUL0206	1.81e-154
      1       1 PUL0214	2.84e-116
      1       1 PUL0230	1.13e-96
      1       1 PUL0230	9.20e-54
      1       1 PUL0232	1.25e-48
      1       1 PUL0235	1.58e-13
      1       1 PUL0236	2.28e-52
      1       1 PUL0258	3.86e-48
      1       1 PUL0267	1.53e-211
      1       1 PUL0295	8.17e-53
      1       1 PUL0333	4.58e-110
      1       1 PUL0333	6.90e-75
      1       1 PUL0335	8.81e-176
      1       1 PUL0335	9.40e-163
      1       1 PUL0339	1.32e-150
      1       1 PUL0341	2.79e-145
      1       1 PUL0347	8.56e-42
      1       1 PUL0390	4.84e-28
      1       1 PUL0413	6.09e-118
      1       1 PUL0429	2.15e-45
      1       1 PUL0491	5.61e-87
      1       1 PUL0584	6.21e-134
