      1       1 PUL0013	1.56e-96
      1       1 PUL0017	1.09e-192
      1       1 PUL0017	2.83e-192
      1       1 PUL0020	2.37e-39
      1       1 PUL0024	2.51e-165
      1       1 PUL0029	1.27e-113
      1       1 PUL0050	2.63e-92
      1       1 PUL0058	1.00e-217
      1       1 PUL0070	1.06e-156
      1       1 PUL0103	5.95e-106
      1       1 PUL0106	9.22e-160
      1       1 PUL0110	1.14e-13
      1       1 PUL0121	1.54e-144
      1       1 PUL0121	2.10e-105
      1       1 PUL0121	3.22e-25
      1       1 PUL0124	1.01e-201
      1       1 PUL0124	1.17e-92
      1       1 PUL0160	8.85e-123
      1       1 PUL0162	1.74e-55
      1       1 PUL0180	2.10e-28
      1       1 PUL0219	1.33e-96
      1       1 PUL0236	4.36e-38
      1       1 PUL0238	1.16e-115
      1       1 PUL0245	1.69e-51
      1       1 PUL0245	2.59e-40
      1       1 PUL0299	1.15e-69
      1       1 PUL0333	4.61e-105
      1       1 PUL0335	1.07e-107
      1       1 PUL0335	2.48e-156
      1       1 PUL0340	1.54e-220
      1       1 PUL0340	2.57e-04
      1       1 PUL0341	3.83e-174
      1       1 PUL0347	3.09e-225
      1       1 PUL0347	7.40e-34
      1       1 PUL0350	2.37e-54
      1       1 PUL0366	3.51e-68
      1       1 PUL0366	6.38e-50
      1       1 PUL0396	4.14e-31
      1       1 PUL0406	2.45e-186
      1       1 PUL0414	3.00e-26
      1       1 PUL0429	1.09e-90
      1       1 PUL0460	1.17e-25
      1       1 PUL0509	9.38e-34
      1       1 PUL0519	1.49e-308
      1       1 PUL0530	2.46e-237
      1       1 PUL0560	2.95e-06
      1       1 PUL0584	3.69e-153
