      1       1 PUL0001	5.72e-279
      1       1 PUL0005	1.04e-161
      1       1 PUL0016	2.28e-231
      1       1 PUL0017	1.56e-200
      1       1 PUL0017	2.83e-186
      1       1 PUL0024	1.86e-214
      1       1 PUL0024	2.85e-82
      1       1 PUL0058	1.09e-178
      1       1 PUL0103	1.34e-134
      1       1 PUL0104	1.32e-62
      1       1 PUL0106	1.04e-175
      1       1 PUL0124	1.29e-226
      1       1 PUL0162	1.95e-180
      1       1 PUL0180	5.27e-150
      1       1 PUL0212	8.20e-142
      1       1 PUL0213	2.95e-212
      1       1 PUL0236	1.02e-20
      1       1 PUL0249	3.99e-88
      1       1 PUL0327	2.79e-207
      1       1 PUL0335	1.12e-109
      1       1 PUL0337	6.22e-199
      1       1 PUL0390	7.03e-175
      1       1 PUL0399	1.08e-251
      1       1 PUL0406	4.45e-15
      1       1 PUL0406	9.21e-221
      1       1 PUL0519	3.25e-154
      1       1 PUL0519	7.83e-313
      1       1 PUL0575	9.80e-202
      1       1 PUL0590	4.83e-125
