      1       1 PUL0018	1.13e-18
      1       1 PUL0024	8.73e-14
      1       1 PUL0027	3.92e-80
      1       1 PUL0036	5.99e-111
      1       1 PUL0038	7.45e-164
      1       1 PUL0049	5.15e-40
      1       1 PUL0058	1.04e-44
      1       1 PUL0069	7.67e-164
      1       1 PUL0070	6.46e-189
      1       1 PUL0094	8.60e-40
      1       1 PUL0106	1.49e-110
      1       1 PUL0106	5.00e-131
      1       1 PUL0107	3.09e-52
      1       1 PUL0108	1.37e-13
      1       1 PUL0108	6.76e-37
      1       1 PUL0110	2.77e-44
      1       1 PUL0113	4.19e-43
      1       1 PUL0121	8.64e-48
      1       1 PUL0123	8.45e-06
      1       1 PUL0124	1.06e-202
      1       1 PUL0124	2.08e-180
      1       1 PUL0145	9.22e-96
      1       1 PUL0145	9.54e-233
      1       1 PUL0151	2.73e-24
      1       1 PUL0168	1.44e-92
      1       1 PUL0180	5.84e-159
      1       1 PUL0188	1.09e-14
      1       1 PUL0225	2.30e-54
      1       1 PUL0267	2.63e-272
      1       1 PUL0267	7.80e-243
      1       1 PUL0269	6.44e-50
      1       1 PUL0270	2.69e-121
      1       1 PUL0281	3.58e-144
      1       1 PUL0296	4.76e-87
      1       1 PUL0300	3.06e-60
      1       1 PUL0333	1.05e-86
      1       1 PUL0335	1.94e-62
      1       1 PUL0335	2.00e-101
      1       1 PUL0335	2.52e-70
      1       1 PUL0335	5.29e-100
      1       1 PUL0335	9.30e-96
      1       1 PUL0336	3.13e-09
      1       1 PUL0336	4.38e-11
      1       1 PUL0336	5.20e-22
      1       1 PUL0337	1.18e-195
      1       1 PUL0337	5.63e-130
      1       1 PUL0340	1.55e-159
      1       1 PUL0340	2.24e-04
      1       1 PUL0340	3.24e-24
      1       1 PUL0340	3.83e-44
      1       1 PUL0340	4.84e-76
      1       1 PUL0341	1.59e-164
      1       1 PUL0347	7.79e-09
      1       1 PUL0404	1.53e-76
      1       1 PUL0406	1.98e-166
      1       1 PUL0413	1.44e-11
      1       1 PUL0413	1.63e-125
      1       1 PUL0413	2.12e-173
      1       1 PUL0429	2.49e-50
      1       1 PUL0458	1.08e-22
      1       1 PUL0460	7.02e-25
      1       1 PUL0506	2.58e-153
      1       1 PUL0530	7.06e-281
      1       1 PUL0569	6.03e-194
