      1       1 PUL0017	7.34e-190
      1       1 PUL0091	1.84e-262
      1       1 PUL0106	5.89e-122
      1       1 PUL0108	3.33e-159
      1       1 PUL0180	3.51e-148
      1       1 PUL0192	3.37e-170
      1       1 PUL0205	2.47e-163
      1       1 PUL0206	1.23e-162
      1       1 PUL0255	2.24e-130
      1       1 PUL0255	2.46e-121
      1       1 PUL0256	2.94e-197
      1       1 PUL0332	2.13e-85
      1       1 PUL0335	3.67e-198
      1       1 PUL0335	7.03e-272
      1       1 PUL0345	8.22e-242
      1       1 PUL0382	5.11e-190
      1       1 PUL0382	6.24e-135
      1       1 PUL0417	1.44e-173
      1       1 PUL0468	9.37e-168
      1       1 PUL0501	1.52e-189
      1       1 PUL0513	3.17e-194
      1       1 PUL0519	9.46e-17
      1       1 PUL0530	6.11e-250
