      1       1 PUL0002	1.03e-52
      1       1 PUL0010	7.79e-80
      1       1 PUL0017	6.59e-157
      1       1 PUL0019	1.69e-96
      1       1 PUL0029	1.60e-79
      1       1 PUL0060	3.37e-48
      1       1 PUL0070	9.98e-155
      1       1 PUL0094	7.81e-27
      1       1 PUL0106	3.09e-102
      1       1 PUL0106	5.06e-239
      1       1 PUL0110	5.52e-34
      1       1 PUL0121	1.07e-64
      1       1 PUL0124	2.23e-57
      1       1 PUL0124	4.39e-169
      1       1 PUL0154	4.97e-223
      1       1 PUL0196	2.33e-153
      1       1 PUL0196	3.58e-124
      1       1 PUL0212	1.05e-157
      1       1 PUL0212	1.38e-180
      1       1 PUL0219	6.67e-163
      1       1 PUL0230	1.47e-198
      1       1 PUL0248	7.08e-120
      1       1 PUL0261	1.48e-23
      1       1 PUL0277	1.11e-193
      1       1 PUL0281	2.77e-15
      1       1 PUL0335	6.66e-108
      1       1 PUL0347	2.09e-235
      1       1 PUL0365	5.64e-59
      1       1 PUL0366	1.96e-96
      1       1 PUL0368	2.03e-124
      1       1 PUL0370	1.11e-128
      1       1 PUL0372	1.16e-160
      1       1 PUL0399	2.32e-202
      1       1 PUL0407	3.40e-208
      1       1 PUL0413	5.75e-158
      1       1 PUL0451	3.80e-53
      1       1 PUL0507	1.66e-06
      1       1 PUL0527	3.89e-77
      1       1 PUL0530	1.41e-221
      1       1 PUL0575	9.51e-172
      1       1 PUL0579	2.56e-86
