      1       1 PUL0049	2.04e-128
      1       1 PUL0049	4.87e-298
      1       1 PUL0058	2.11e-170
      1       1 PUL0080	1.51e-52
      1       1 PUL0101	2.01e-105
      1       1 PUL0106	6.29e-72
      1       1 PUL0124	1.06e-157
      1       1 PUL0199	3.24e-153
      1       1 PUL0206	6.37e-228
      1       1 PUL0235	4.36e-146
      1       1 PUL0236	5.04e-69
      1       1 PUL0267	1.60e-294
      1       1 PUL0270	4.32e-43
      1       1 PUL0306	8.46e-10
      1       1 PUL0316	9.38e-77
      1       1 PUL0333	6.65e-95
      1       1 PUL0335	4.10e-53
      1       1 PUL0339	1.41e-09
      1       1 PUL0339	2.44e-278
      1       1 PUL0339	6.50e-226
      1       1 PUL0339	8.68e-185
      1       1 PUL0340	1.91e-144
      1       1 PUL0406	1.78e-176
      1       1 PUL0406	2.95e-91
      1       1 PUL0420	3.16e-297
      1       1 PUL0429	2.35e-16
      1       1 PUL0443	2.56e-238
      1       1 PUL0513	3.50e-177
      1       1 PUL0521	1.18e-147
      1       1 PUL0521	1.63e-19
      1       1 PUL0527	1.86e-268
      1       1 PUL0527	3.50e-90
