      1       1 PUL0017	7.44e-117
      1       1 PUL0017	7.90e-153
      1       1 PUL0017	8.01e-184
      1       1 PUL0029	1.80e-125
      1       1 PUL0029	2.11e-39
      1       1 PUL0058	1.87e-203
      1       1 PUL0058	2.15e-181
      1       1 PUL0060	2.31e-184
      1       1 PUL0061	9.02e-274
      1       1 PUL0069	3.41e-224
      1       1 PUL0093	4.97e-137
      1       1 PUL0101	1.44e-64
      1       1 PUL0106	2.66e-199
      1       1 PUL0106	3.26e-159
      1       1 PUL0108	1.83e-91
      1       1 PUL0108	4.63e-153
      1       1 PUL0121	2.44e-59
      1       1 PUL0124	4.64e-28
      1       1 PUL0127	2.27e-37
      1       1 PUL0136	1.46e-71
      1       1 PUL0145	3.10e-202
      1       1 PUL0145	9.21e-106
      1       1 PUL0152	4.48e-113
      1       1 PUL0208	2.90e-42
      1       1 PUL0210	1.55e-18
      1       1 PUL0216	4.83e-71
      1       1 PUL0250	1.66e-175
      1       1 PUL0259	3.46e-133
      1       1 PUL0267	8.28e-194
      1       1 PUL0267	8.82e-236
      1       1 PUL0270	1.46e-66
      1       1 PUL0270	1.84e-139
      1       1 PUL0316	1.07e-75
      1       1 PUL0316	3.47e-72
      1       1 PUL0329	7.15e-85
      1       1 PUL0332	4.48e-105
      1       1 PUL0333	4.51e-35
      1       1 PUL0335	1.21e-81
      1       1 PUL0335	2.76e-05
      1       1 PUL0335	8.49e-65
      1       1 PUL0340	2.99e-06
      1       1 PUL0340	5.62e-76
      1       1 PUL0340	8.30e-144
      1       1 PUL0364	5.53e-111
      1       1 PUL0368	3.07e-68
      1       1 PUL0375	1.08e-62
      1       1 PUL0390	6.64e-93
      1       1 PUL0393	7.76e-99
      1       1 PUL0396	2.60e-88
      1       1 PUL0401	2.59e-15
      1       1 PUL0406	3.29e-109
      1       1 PUL0413	1.51e-32
      1       1 PUL0413	3.27e-120
      1       1 PUL0428	1.93e-92
      1       1 PUL0429	1.93e-17
      1       1 PUL0429	2.01e-33
      1       1 PUL0459	3.60e-258
      1       1 PUL0460	2.30e-84
      1       1 PUL0474	2.85e-201
      1       1 PUL0474	3.30e-195
      1       1 PUL0506	4.43e-140
      1       1 PUL0530	4.90e-269
      1       1 PUL0532	3.15e-19
      1       1 PUL0569	1.26e-205
      1       1 PUL0572	5.07e-272
      1       1 PUL0599	2.17e-100
      1       1 PUL0599	5.58e-97
