      1       1 PUL0013	2.28e-16
      1       1 PUL0017	5.52e-192
      1       1 PUL0017	7.43e-186
      1       1 PUL0037	4.02e-24
      1       1 PUL0049	1.20e-24
      1       1 PUL0049	2.51e-243
      1       1 PUL0049	6.27e-40
      1       1 PUL0050	5.43e-91
      1       1 PUL0058	8.30e-190
      1       1 PUL0070	4.60e-182
      1       1 PUL0105	2.08e-55
      1       1 PUL0106	2.77e-159
      1       1 PUL0106	8.66e-185
      1       1 PUL0121	1.01e-67
      1       1 PUL0121	1.39e-122
      1       1 PUL0124	5.95e-75
      1       1 PUL0145	1.99e-32
      1       1 PUL0225	3.09e-54
      1       1 PUL0267	1.50e-272
      1       1 PUL0267	7.30e-219
      1       1 PUL0267	7.70e-244
      1       1 PUL0335	1.17e-95
      1       1 PUL0335	2.56e-162
      1       1 PUL0335	3.35e-102
      1       1 PUL0335	3.65e-82
      1       1 PUL0335	9.39e-88
      1       1 PUL0339	1.50e-138
      1       1 PUL0339	4.32e-35
      1       1 PUL0341	7.03e-177
      1       1 PUL0347	9.98e-28
      1       1 PUL0375	2.46e-77
      1       1 PUL0399	1.36e-92
      1       1 PUL0413	2.01e-164
      1       1 PUL0468	9.65e-24
      1       1 PUL0493	1.20e-93
      1       1 PUL0506	7.53e-150
      1       1 PUL0599	9.32e-33
