      1       1 PUL0013	1.04e-76
      1       1 PUL0017	2.74e-178
      1       1 PUL0017	2.86e-115
      1       1 PUL0070	2.62e-159
      1       1 PUL0093	1.33e-167
      1       1 PUL0106	1.29e-244
      1       1 PUL0106	4.48e-104
      1       1 PUL0113	1.17e-105
      1       1 PUL0113	2.53e-104
      1       1 PUL0121	1.39e-24
      1       1 PUL0121	3.82e-26
      1       1 PUL0121	5.09e-23
      1       1 PUL0121	6.11e-72
      1       1 PUL0121	8.48e-74
      1       1 PUL0123	7.76e-60
      1       1 PUL0124	1.21e-160
      1       1 PUL0135	3.90e-77
      1       1 PUL0145	4.79e-92
      1       1 PUL0180	1.38e-102
      1       1 PUL0216	2.33e-54
      1       1 PUL0248	1.76e-89
      1       1 PUL0266	1.52e-43
      1       1 PUL0267	4.09e-78
      1       1 PUL0267	4.59e-222
      1       1 PUL0269	3.83e-86
      1       1 PUL0299	8.94e-80
      1       1 PUL0333	1.60e-30
      1       1 PUL0335	1.34e-145
      1       1 PUL0335	5.45e-185
      1       1 PUL0335	6.54e-138
      1       1 PUL0337	1.30e-61
      1       1 PUL0339	2.67e-161
      1       1 PUL0341	2.17e-147
      1       1 PUL0368	7.75e-08
      1       1 PUL0390	2.24e-94
      1       1 PUL0390	2.30e-31
      1       1 PUL0390	8.37e-73
      1       1 PUL0406	6.50e-199
      1       1 PUL0460	3.98e-82
      1       1 PUL0576	4.53e-126
