      1       1 PUL0009	2.69e-126
      1       1 PUL0010	1.56e-220
      1       1 PUL0013	1.75e-28
      1       1 PUL0017	1.36e-187
      1       1 PUL0017	6.55e-193
      1       1 PUL0029	1.98e-44
      1       1 PUL0029	4.01e-44
      1       1 PUL0047	5.55e-55
      1       1 PUL0049	1.91e-41
      1       1 PUL0050	5.83e-96
      1       1 PUL0053	1.31e-26
      1       1 PUL0081	5.09e-32
      1       1 PUL0082	2.32e-176
      1       1 PUL0101	2.89e-75
      1       1 PUL0101	4.31e-149
      1       1 PUL0102	6.90e-137
      1       1 PUL0106	1.15e-250
      1       1 PUL0106	5.35e-225
      1       1 PUL0119	7.00e-147
      1       1 PUL0121	1.38e-105
      1       1 PUL0121	2.60e-06
      1       1 PUL0121	2.65e-48
      1       1 PUL0122	1.99e-210
      1       1 PUL0145	1.71e-95
      1       1 PUL0145	6.56e-63
      1       1 PUL0146	2.63e-131
      1       1 PUL0146	4.92e-133
      1       1 PUL0148	2.44e-137
      1       1 PUL0149	2.76e-154
      1       1 PUL0152	1.36e-78
      1       1 PUL0160	1.54e-37
      1       1 PUL0160	1.70e-34
      1       1 PUL0160	5.87e-71
      1       1 PUL0160	6.84e-129
      1       1 PUL0160	6.87e-112
      1       1 PUL0160	9.48e-124
      1       1 PUL0160	9.85e-130
      1       1 PUL0161	1.29e-22
      1       1 PUL0163	2.87e-20
      1       1 PUL0168	5.18e-36
      1       1 PUL0180	3.40e-150
      1       1 PUL0180	7.21e-117
      1       1 PUL0180	7.45e-26
      1       1 PUL0182	1.03e-172
      1       1 PUL0189	1.98e-212
      1       1 PUL0211	7.31e-170
      1       1 PUL0212	3.26e-150
      1       1 PUL0212	3.79e-83
      1       1 PUL0212	8.56e-57
      1       1 PUL0217	2.15e-85
      1       1 PUL0227	2.54e-47
      1       1 PUL0227	6.94e-175
      1       1 PUL0236	2.18e-100
      1       1 PUL0250	3.78e-43
      1       1 PUL0267	6.44e-241
      1       1 PUL0270	2.05e-130
      1       1 PUL0270	3.29e-126
      1       1 PUL0300	9.99e-113
      1       1 PUL0303	1.47e-20
      1       1 PUL0309	6.15e-171
      1       1 PUL0328	1.50e-114
      1       1 PUL0329	6.01e-09
      1       1 PUL0333	3.42e-99
      1       1 PUL0333	5.69e-50
      1       1 PUL0335	1.33e-90
      1       1 PUL0335	2.32e-177
      1       1 PUL0337	7.60e-79
      1       1 PUL0341	4.45e-166
      1       1 PUL0384	1.30e-152
      1       1 PUL0390	2.26e-109
      1       1 PUL0413	1.07e-124
      1       1 PUL0413	2.63e-52
      1       1 PUL0413	4.87e-170
      1       1 PUL0424	3.82e-85
      1       1 PUL0429	1.22e-46
      1       1 PUL0430	1.47e-48
      1       1 PUL0430	3.06e-53
      1       1 PUL0430	4.44e-24
      1       1 PUL0443	1.40e-05
      1       1 PUL0443	1.51e-11
      1       1 PUL0443	2.17e-17
      1       1 PUL0443	2.20e-14
      1       1 PUL0454	4.73e-08
      1       1 PUL0460	1.25e-122
      1       1 PUL0460	2.89e-39
      1       1 PUL0472	1.75e-120
      1       1 PUL0493	2.43e-79
      1       1 PUL0506	6.10e-124
      1       1 PUL0517	9.32e-106
      1       1 PUL0530	2.86e-123
      1       1 PUL0530	9.35e-21
      1       1 PUL0572	8.96e-88
      1       1 PUL0574	9.23e-87
      1       1 PUL0575	8.49e-55
      1       1 PUL0599	1.41e-144
