PUL0009 1
PUL0010 1
PUL0013 1
PUL0017 2
PUL0029 2
PUL0047 1
PUL0049 1
PUL0050 1
PUL0053 1
PUL0081 1
PUL0082 1
PUL0101 2
PUL0102 1
PUL0106 2
PUL0119 1
PUL0121 3
PUL0122 1
PUL0145 2
PUL0146 2
PUL0148 1
PUL0149 1
PUL0152 1
PUL0160 7
PUL0161 1
PUL0163 1
PUL0168 1
PUL0180 3
PUL0182 1
PUL0189 1
PUL0211 1
PUL0212 3
PUL0217 1
PUL0227 2
PUL0236 1
PUL0250 1
PUL0267 1
PUL0270 2
PUL0300 1
PUL0303 1
PUL0309 1
PUL0328 1
PUL0329 1
PUL0333 2
PUL0335 2
PUL0337 1
PUL0341 1
PUL0384 1
PUL0390 1
PUL0413 3
PUL0424 1
PUL0429 1
PUL0430 3
PUL0443 4
PUL0454 1
PUL0460 2
PUL0472 1
PUL0493 1
PUL0506 1
PUL0517 1
PUL0530 2
PUL0572 1
PUL0574 1
PUL0575 1
PUL0599 1
