      1       1 PUL0001	1.54e-168
      1       1 PUL0013	2.11e-28
      1       1 PUL0017	1.60e-203
      1       1 PUL0017	2.39e-180
      1       1 PUL0022	3.32e-203
      1       1 PUL0029	1.52e-171
      1       1 PUL0029	8.82e-44
      1       1 PUL0029	8.92e-37
      1       1 PUL0029	9.11e-111
      1       1 PUL0038	5.84e-166
      1       1 PUL0050	1.18e-36
      1       1 PUL0050	1.59e-102
      1       1 PUL0058	1.03e-151
      1       1 PUL0070	8.55e-185
      1       1 PUL0096	2.54e-15
      1       1 PUL0099	6.65e-244
      1       1 PUL0103	2.79e-132
      1       1 PUL0106	1.69e-248
      1       1 PUL0106	1.83e-37
      1       1 PUL0106	4.41e-132
      1       1 PUL0106	6.85e-191
      1       1 PUL0108	2.74e-49
      1       1 PUL0121	1.17e-58
      1       1 PUL0121	1.37e-18
      1       1 PUL0121	1.56e-84
      1       1 PUL0121	2.73e-14
      1       1 PUL0121	3.00e-33
      1       1 PUL0121	9.14e-51
      1       1 PUL0124	5.53e-163
      1       1 PUL0151	3.95e-31
      1       1 PUL0161	1.36e-17
      1       1 PUL0178	1.96e-55
      1       1 PUL0180	2.16e-141
      1       1 PUL0180	2.83e-13
      1       1 PUL0184	2.51e-51
      1       1 PUL0191	9.44e-30
      1       1 PUL0214	4.13e-101
      1       1 PUL0214	4.98e-46
      1       1 PUL0227	3.78e-76
      1       1 PUL0236	1.57e-90
      1       1 PUL0250	1.22e-76
      1       1 PUL0265	1.04e-225
      1       1 PUL0269	3.31e-28
      1       1 PUL0269	6.66e-43
      1       1 PUL0269	9.47e-85
      1       1 PUL0281	1.15e-27
      1       1 PUL0281	2.24e-150
      1       1 PUL0282	1.46e-27
      1       1 PUL0282	1.63e-19
      1       1 PUL0282	2.58e-15
      1       1 PUL0296	1.12e-76
      1       1 PUL0296	4.65e-85
      1       1 PUL0300	4.57e-96
      1       1 PUL0300	6.27e-73
      1       1 PUL0300	6.88e-103
      1       1 PUL0316	1.42e-81
      1       1 PUL0316	1.59e-84
      1       1 PUL0316	4.75e-71
      1       1 PUL0327	3.28e-166
      1       1 PUL0327	7.31e-208
      1       1 PUL0333	2.48e-37
      1       1 PUL0333	5.09e-26
      1       1 PUL0333	6.08e-101
      1       1 PUL0335	1.32e-174
      1       1 PUL0337	8.80e-72
      1       1 PUL0340	6.59e-116
      1       1 PUL0347	4.99e-288
      1       1 PUL0368	1.02e-44
      1       1 PUL0373	1.21e-158
      1       1 PUL0373	8.69e-68
      1       1 PUL0384	2.86e-48
      1       1 PUL0390	1.30e-66
      1       1 PUL0392	2.80e-145
      1       1 PUL0401	6.17e-21
      1       1 PUL0406	1.31e-87
      1       1 PUL0406	1.33e-16
      1       1 PUL0406	3.46e-38
      1       1 PUL0406	6.74e-04
      1       1 PUL0406	7.77e-128
      1       1 PUL0406	9.05e-198
      1       1 PUL0413	5.91e-131
      1       1 PUL0436	1.81e-58
      1       1 PUL0436	3.02e-265
      1       1 PUL0438	2.15e-18
      1       1 PUL0460	1.08e-62
      1       1 PUL0460	6.57e-14
      1       1 PUL0527	6.84e-48
      1       1 PUL0527	8.25e-31
      1       1 PUL0527	8.37e-79
      1       1 PUL0576	1.99e-121
      1       1 PUL0584	6.02e-185
      1       1 PUL0599	2.36e-135
      1       1 PUL0599	7.41e-81
