PUL0001;1
PUL0013;1
PUL0017;2
PUL0022;1
PUL0029;4
PUL0038;1
PUL0050;2
PUL0058;1
PUL0070;1
PUL0096;1
PUL0099;1
PUL0103;1
PUL0106;4
PUL0108;1
PUL0121;6
PUL0124;1
PUL0151;1
PUL0161;1
PUL0178;1
PUL0180;2
PUL0184;1
PUL0191;1
PUL0214;2
PUL0227;1
PUL0236;1
PUL0250;1
PUL0265;1
PUL0269;3
PUL0281;2
PUL0282;3
PUL0296;2
PUL0300;3
PUL0316;3
PUL0327;2
PUL0333;3
PUL0335;1
PUL0337;1
PUL0340;1
PUL0347;1
PUL0368;1
PUL0373;2
PUL0384;1
PUL0390;1
PUL0392;1
PUL0401;1
PUL0406;6
PUL0413;1
PUL0436;2
PUL0438;1
PUL0460;2
PUL0527;3
PUL0576;1
PUL0584;1
PUL0599;2
