      1       1 PUL0001	4.00e-246
      1       1 PUL0010	1.96e-23
      1       1 PUL0012	3.12e-159
      1       1 PUL0013	1.46e-20
      1       1 PUL0013	2.26e-99
      1       1 PUL0013	4.43e-212
      1       1 PUL0014	2.95e-31
      1       1 PUL0017	6.78e-183
      1       1 PUL0017	7.05e-213
      1       1 PUL0019	1.08e-65
      1       1 PUL0022	4.22e-167
      1       1 PUL0024	2.27e-213
      1       1 PUL0024	4.84e-13
      1       1 PUL0025	1.99e-06
      1       1 PUL0025	5.33e-139
      1       1 PUL0027	4.19e-47
      1       1 PUL0028	2.57e-209
      1       1 PUL0038	2.06e-174
      1       1 PUL0049	4.60e-159
      1       1 PUL0058	1.77e-176
      1       1 PUL0058	2.46e-183
      1       1 PUL0058	7.93e-122
      1       1 PUL0058	8.34e-253
      1       1 PUL0067	3.19e-106
      1       1 PUL0101	4.49e-145
      1       1 PUL0103	7.70e-129
      1       1 PUL0106	8.79e-211
      1       1 PUL0110	3.45e-41
      1       1 PUL0113	1.01e-227
      1       1 PUL0124	1.33e-231
      1       1 PUL0134	1.14e-117
      1       1 PUL0134	2.18e-110
      1       1 PUL0134	9.38e-71
      1       1 PUL0145	4.12e-23
      1       1 PUL0151	4.73e-20
      1       1 PUL0155	1.17e-25
      1       1 PUL0162	2.63e-190
      1       1 PUL0180	2.13e-89
      1       1 PUL0180	4.46e-149
      1       1 PUL0195	2.43e-107
      1       1 PUL0197	6.85e-136
      1       1 PUL0210	3.00e-199
      1       1 PUL0212	7.15e-154
      1       1 PUL0213	7.15e-223
      1       1 PUL0227	3.41e-151
      1       1 PUL0227	3.65e-86
      1       1 PUL0246	1.04e-254
      1       1 PUL0267	8.12e-259
      1       1 PUL0279	1.59e-82
      1       1 PUL0291	6.57e-239
      1       1 PUL0294	3.68e-69
      1       1 PUL0333	2.76e-127
      1       1 PUL0333	8.34e-116
      1       1 PUL0335	1.07e-59
      1       1 PUL0339	3.00e-152
      1       1 PUL0340	5.17e-175
      1       1 PUL0340	6.51e-34
      1       1 PUL0347	1.04e-238
      1       1 PUL0382	1.83e-07
      1       1 PUL0390	5.78e-180
      1       1 PUL0394	2.58e-137
      1       1 PUL0406	1.49e-147
      1       1 PUL0406	3.41e-229
      1       1 PUL0413	1.39e-128
      1       1 PUL0413	3.63e-163
      1       1 PUL0425	7.76e-58
      1       1 PUL0459	1.41e-17
      1       1 PUL0460	1.05e-94
      1       1 PUL0460	1.66e-23
      1       1 PUL0460	4.70e-69
      1       1 PUL0519	4.16e-152
      1       1 PUL0519	6.81e-315
      1       1 PUL0532	3.48e-223
      1       1 PUL0575	1.10e-201
      1       1 PUL0575	6.26e-225
      1       1 PUL0576	1.29e-240
      1       1 PUL0584	1.37e-165
      1       1 PUL0599	5.03e-121
      1       1 PUL0599	6.66e-105
      1       1 PUL0599	6.97e-54
