PUL0001;1
PUL0010;1
PUL0012;1
PUL0013;3
PUL0014;1
PUL0017;2
PUL0019;1
PUL0022;1
PUL0024;2
PUL0025;2
PUL0027;1
PUL0028;1
PUL0038;1
PUL0049;1
PUL0058;4
PUL0067;1
PUL0101;1
PUL0103;1
PUL0106;1
PUL0110;1
PUL0113;1
PUL0124;1
PUL0134;3
PUL0145;1
PUL0151;1
PUL0155;1
PUL0162;1
PUL0180;2
PUL0195;1
PUL0197;1
PUL0210;1
PUL0212;1
PUL0213;1
PUL0227;2
PUL0246;1
PUL0267;1
PUL0279;1
PUL0291;1
PUL0294;1
PUL0333;2
PUL0335;1
PUL0339;1
PUL0340;2
PUL0347;1
PUL0382;1
PUL0390;1
PUL0394;1
PUL0406;2
PUL0413;2
PUL0425;1
PUL0459;1
PUL0460;3
PUL0519;2
PUL0532;1
PUL0575;2
PUL0576;1
PUL0584;1
PUL0599;3
