      1       1 PUL0017	5.74e-198
      1       1 PUL0024	1.11e-42
      1       1 PUL0033	5.98e-42
      1       1 PUL0050	1.43e-23
      1       1 PUL0058	4.11e-216
      1       1 PUL0070	3.13e-187
      1       1 PUL0101	9.75e-70
      1       1 PUL0103	5.28e-118
      1       1 PUL0106	4.31e-122
      1       1 PUL0108	2.76e-103
      1       1 PUL0108	4.93e-45
      1       1 PUL0113	5.12e-117
      1       1 PUL0121	1.25e-73
      1       1 PUL0121	4.10e-121
      1       1 PUL0124	1.26e-166
      1       1 PUL0130	3.60e-223
      1       1 PUL0216	2.88e-48
      1       1 PUL0246	5.51e-208
      1       1 PUL0267	1.63e-281
      1       1 PUL0267	2.81e-119
      1       1 PUL0277	3.31e-296
      1       1 PUL0279	1.62e-94
      1       1 PUL0286	5.94e-16
      1       1 PUL0291	1.28e-28
      1       1 PUL0299	4.07e-78
      1       1 PUL0327	5.90e-283
      1       1 PUL0335	2.79e-116
      1       1 PUL0335	2.82e-197
      1       1 PUL0340	8.54e-182
      1       1 PUL0341	2.95e-180
      1       1 PUL0347	1.90e-320
      1       1 PUL0347	3.06e-32
      1       1 PUL0368	1.85e-131
      1       1 PUL0390	5.31e-83
      1       1 PUL0402	8.64e-23
      1       1 PUL0406	5.70e-129
      1       1 PUL0413	3.43e-130
      1       1 PUL0417	1.39e-12
      1       1 PUL0459	1.12e-84
      1       1 PUL0486	1.61e-151
      1       1 PUL0492	2.14e-36
      1       1 PUL0527	7.68e-71
      1       1 PUL0529	1.01e-09
      1       1 PUL0530	1.12e-239
      1       1 PUL0576	1.66e-258
      1       1 PUL0584	1.40e-139
