      1       1 PUL0001	1.12e-140
      1       1 PUL0017	6.73e-191
      1       1 PUL0049	9.37e-128
      1       1 PUL0049	9.51e-300
      1       1 PUL0060	2.43e-97
      1       1 PUL0094	1.13e-113
      1       1 PUL0106	3.35e-295
      1       1 PUL0145	1.17e-57
      1       1 PUL0145	1.37e-309
      1       1 PUL0145	4.47e-226
      1       1 PUL0151	6.31e-39
      1       1 PUL0161	7.78e-21
      1       1 PUL0206	1.01e-135
      1       1 PUL0206	3.09e-233
      1       1 PUL0230	7.50e-69
      1       1 PUL0267	3.94e-296
      1       1 PUL0299	3.51e-75
      1       1 PUL0302	2.30e-36
      1       1 PUL0333	5.58e-181
      1       1 PUL0335	7.95e-269
      1       1 PUL0339	2.16e-255
      1       1 PUL0339	2.16e-281
      1       1 PUL0339	4.34e-105
      1       1 PUL0340	7.12e-139
      1       1 PUL0353	1.56e-176
      1       1 PUL0406	3.86e-178
      1       1 PUL0406	6.58e-05
      1       1 PUL0443	2.49e-171
      1       1 PUL0443	4.22e-70
      1       1 PUL0468	2.18e-19
      1       1 PUL0474	8.49e-318
      1       1 PUL0521	2.52e-145
      1       1 PUL0527	1.03e-270
      1       1 PUL0527	5.18e-26
