      1       1 PUL0017	1.97e-182
      1       1 PUL0024	4.41e-121
      1       1 PUL0029	1.88e-40
      1       1 PUL0047	2.79e-56
      1       1 PUL0049	1.50e-109
      1       1 PUL0070	4.50e-188
      1       1 PUL0101	1.03e-54
      1       1 PUL0101	4.77e-57
      1       1 PUL0106	1.64e-166
      1       1 PUL0106	1.65e-121
      1       1 PUL0106	6.92e-183
      1       1 PUL0108	8.96e-110
      1       1 PUL0121	3.73e-95
      1       1 PUL0121	9.43e-48
      1       1 PUL0124	2.12e-176
      1       1 PUL0145	1.89e-192
      1       1 PUL0162	3.52e-166
      1       1 PUL0180	4.15e-87
      1       1 PUL0180	4.28e-157
      1       1 PUL0225	1.22e-61
      1       1 PUL0230	2.11e-66
      1       1 PUL0230	2.51e-106
      1       1 PUL0230	4.65e-75
      1       1 PUL0240	7.16e-91
      1       1 PUL0254	3.75e-120
      1       1 PUL0281	2.36e-34
      1       1 PUL0335	1.10e-38
      1       1 PUL0335	2.04e-192
      1       1 PUL0335	8.40e-173
      1       1 PUL0336	1.52e-09
      1       1 PUL0337	2.00e-64
      1       1 PUL0337	8.62e-190
      1       1 PUL0340	1.14e-291
      1       1 PUL0341	2.95e-199
      1       1 PUL0396	3.81e-86
      1       1 PUL0406	6.29e-197
      1       1 PUL0454	7.22e-41
      1       1 PUL0460	1.66e-09
      1       1 PUL0460	3.11e-64
