      1       1 PUL0001	2.17e-154
      1       1 PUL0001	8.12e-55
      1       1 PUL0013	1.34e-207
      1       1 PUL0017	1.01e-184
      1       1 PUL0017	1.38e-229
      1       1 PUL0017	7.14e-203
      1       1 PUL0019	2.11e-147
      1       1 PUL0020	1.24e-45
      1       1 PUL0024	1.59e-187
      1       1 PUL0025	2.67e-128
      1       1 PUL0029	4.01e-179
      1       1 PUL0029	6.06e-86
      1       1 PUL0049	1.45e-165
      1       1 PUL0049	1.96e-37
      1       1 PUL0050	2.03e-88
      1       1 PUL0058	2.03e-194
      1       1 PUL0058	3.43e-216
      1       1 PUL0070	1.08e-169
      1       1 PUL0101	3.93e-70
      1       1 PUL0106	6.06e-116
      1       1 PUL0106	7.78e-209
      1       1 PUL0121	3.32e-108
      1       1 PUL0123	2.68e-157
      1       1 PUL0124	1.19e-179
      1       1 PUL0124	6.64e-223
      1       1 PUL0160	1.60e-81
      1       1 PUL0180	1.44e-48
      1       1 PUL0180	1.92e-133
      1       1 PUL0180	3.49e-89
      1       1 PUL0190	1.81e-203
      1       1 PUL0192	1.95e-90
      1       1 PUL0209	4.01e-240
      1       1 PUL0212	1.89e-175
      1       1 PUL0224	9.24e-58
      1       1 PUL0227	3.31e-107
      1       1 PUL0227	7.53e-196
      1       1 PUL0230	1.13e-129
      1       1 PUL0245	5.48e-247
      1       1 PUL0270	5.95e-103
      1       1 PUL0294	2.21e-140
      1       1 PUL0298	6.83e-56
      1       1 PUL0309	1.89e-256
      1       1 PUL0333	8.28e-18
      1       1 PUL0335	3.24e-69
      1       1 PUL0340	2.40e-234
      1       1 PUL0347	9.48e-290
      1       1 PUL0406	6.55e-236
      1       1 PUL0413	1.48e-133
      1       1 PUL0423	2.74e-135
      1       1 PUL0430	3.18e-71
      1       1 PUL0454	5.09e-18
      1       1 PUL0519	8.59e-161
      1       1 PUL0521	5.30e-130
      1       1 PUL0530	2.14e-55
      1       1 PUL0576	1.20e-136
