PUL0001 1
PUL0017 3
PUL0019 1
PUL0024 1
PUL0027 1
PUL0049 1
PUL0057 1
PUL0074 1
PUL0094 3
PUL0098 1
PUL0101 1
PUL0106 2
PUL0108 5
PUL0121 3
PUL0123 1
PUL0145 3
PUL0151 1
PUL0160 1
PUL0178 1
PUL0180 1
PUL0206 1
PUL0226 1
PUL0234 1
PUL0235 1
PUL0247 1
PUL0250 1
PUL0256 1
PUL0267 2
PUL0269 1
PUL0300 2
PUL0329 1
PUL0333 3
PUL0334 4
PUL0335 3
PUL0336 3
PUL0339 4
PUL0340 3
PUL0341 1
PUL0344 4
PUL0375 2
PUL0390 3
PUL0401 1
PUL0409 1
PUL0413 1
PUL0429 1
PUL0430 2
PUL0436 1
PUL0442 1
PUL0443 1
PUL0454 1
PUL0459 1
PUL0460 2
PUL0467 1
PUL0468 1
PUL0474 2
PUL0487 1
PUL0490 1
PUL0516 1
PUL0527 2
PUL0532 1
PUL0535 1
PUL0543 1
PUL0559 1
PUL0599 1
PUL0601 1
