      1       1 PUL0001	1.68e-136
      1       1 PUL0017	1.05e-29
      1       1 PUL0017	6.63e-184
      1       1 PUL0017	7.49e-170
      1       1 PUL0019	3.86e-56
      1       1 PUL0024	1.10e-14
      1       1 PUL0027	3.91e-64
      1       1 PUL0049	1.14e-316
      1       1 PUL0057	1.86e-122
      1       1 PUL0074	1.21e-67
      1       1 PUL0094	2.40e-86
      1       1 PUL0094	2.63e-47
      1       1 PUL0094	2.95e-123
      1       1 PUL0098	9.58e-27
      1       1 PUL0101	3.37e-233
      1       1 PUL0106	1.09e-188
      1       1 PUL0106	8.58e-319
      1       1 PUL0108	3.25e-65
      1       1 PUL0108	3.37e-44
      1       1 PUL0108	3.45e-80
      1       1 PUL0108	3.65e-34
      1       1 PUL0108	3.96e-27
      1       1 PUL0121	1.73e-09
      1       1 PUL0121	6.46e-85
      1       1 PUL0121	8.71e-157
      1       1 PUL0123	1.47e-36
      1       1 PUL0145	1.25e-57
      1       1 PUL0145	2.80e-177
      1       1 PUL0145	4.27e-63
      1       1 PUL0151	7.25e-36
      1       1 PUL0160	1.46e-90
      1       1 PUL0178	1.80e-172
      1       1 PUL0180	2.99e-125
      1       1 PUL0206	1.01e-147
      1       1 PUL0226	1.69e-13
      1       1 PUL0234	1.50e-158
      1       1 PUL0235	9.38e-182
      1       1 PUL0247	4.91e-184
      1       1 PUL0250	4.32e-154
      1       1 PUL0256	2.30e-27
      1       1 PUL0267	2.58e-308
      1       1 PUL0267	7.46e-233
      1       1 PUL0269	1.57e-07
      1       1 PUL0300	1.10e-49
      1       1 PUL0300	4.73e-108
      1       1 PUL0329	2.62e-58
      1       1 PUL0333	1.88e-105
      1       1 PUL0333	4.30e-93
      1       1 PUL0333	5.46e-181
      1       1 PUL0334	1.62e-23
      1       1 PUL0334	5.34e-06
      1       1 PUL0334	5.40e-23
      1       1 PUL0334	7.52e-20
      1       1 PUL0335	1.09e-99
      1       1 PUL0335	1.89e-204
      1       1 PUL0335	6.74e-36
      1       1 PUL0336	3.36e-58
      1       1 PUL0336	7.03e-10
      1       1 PUL0336	8.88e-141
      1       1 PUL0339	1.94e-157
      1       1 PUL0339	2.67e-294
      1       1 PUL0339	2.77e-117
      1       1 PUL0339	8.17e-234
      1       1 PUL0340	1.33e-44
      1       1 PUL0340	1.40e-125
      1       1 PUL0340	7.96e-133
      1       1 PUL0341	1.22e-150
      1       1 PUL0344	1.01e-20
      1       1 PUL0344	1.01e-40
      1       1 PUL0344	2.70e-43
      1       1 PUL0344	6.76e-122
      1       1 PUL0375	1.13e-84
      1       1 PUL0375	1.22e-97
      1       1 PUL0390	1.92e-38
      1       1 PUL0390	2.87e-67
      1       1 PUL0390	3.81e-14
      1       1 PUL0401	7.24e-72
      1       1 PUL0409	3.28e-46
      1       1 PUL0413	4.21e-53
      1       1 PUL0429	3.12e-11
      1       1 PUL0430	1.51e-11
      1       1 PUL0430	2.08e-26
      1       1 PUL0436	2.58e-312
      1       1 PUL0442	7.88e-07
      1       1 PUL0443	1.35e-12
      1       1 PUL0454	2.61e-20
      1       1 PUL0459	1.33e-15
      1       1 PUL0460	1.67e-07
      1       1 PUL0460	1.70e-07
      1       1 PUL0467	1.14e-09
      1       1 PUL0468	5.33e-56
      1       1 PUL0474	5.37e-208
      1       1 PUL0474	6.25e-242
      1       1 PUL0487	2.34e-138
      1       1 PUL0490	6.48e-101
      1       1 PUL0516	1.88e-190
      1       1 PUL0527	1.28e-37
      1       1 PUL0527	4.12e-106
      1       1 PUL0532	7.08e-44
      1       1 PUL0535	1.10e-34
      1       1 PUL0543	3.21e-145
      1       1 PUL0559	2.20e-19
      1       1 PUL0599	9.63e-20
      1       1 PUL0601	5.38e-47
