      1       1 PUL0001	5.26e-154
      1       1 PUL0013	3.24e-82
      1       1 PUL0017	1.01e-197
      1       1 PUL0017	2.03e-168
      1       1 PUL0029	3.23e-161
      1       1 PUL0036	1.56e-78
      1       1 PUL0038	1.50e-61
      1       1 PUL0038	1.92e-176
      1       1 PUL0047	1.90e-21
      1       1 PUL0049	1.61e-105
      1       1 PUL0049	1.65e-124
      1       1 PUL0049	2.43e-105
      1       1 PUL0049	2.69e-112
      1       1 PUL0049	2.73e-33
      1       1 PUL0050	3.00e-98
      1       1 PUL0057	1.31e-44
      1       1 PUL0057	2.61e-31
      1       1 PUL0058	3.74e-118
      1       1 PUL0058	4.96e-222
      1       1 PUL0059	5.21e-92
      1       1 PUL0060	4.00e-21
      1       1 PUL0061	2.25e-21
      1       1 PUL0061	2.69e-33
      1       1 PUL0069	2.84e-80
      1       1 PUL0073	9.77e-16
      1       1 PUL0090	2.77e-17
      1       1 PUL0090	3.33e-43
      1       1 PUL0099	1.14e-05
      1       1 PUL0099	2.53e-10
      1       1 PUL0103	3.14e-118
      1       1 PUL0106	2.40e-49
      1       1 PUL0106	4.58e-08
      1       1 PUL0106	5.43e-08
      1       1 PUL0108	1.11e-48
      1       1 PUL0108	6.58e-16
      1       1 PUL0121	1.33e-11
      1       1 PUL0121	1.38e-53
      1       1 PUL0121	3.13e-63
      1       1 PUL0121	3.83e-76
      1       1 PUL0122	1.49e-153
      1       1 PUL0123	5.29e-33
      1       1 PUL0123	6.34e-19
      1       1 PUL0133	4.97e-92
      1       1 PUL0162	8.19e-46
      1       1 PUL0178	1.72e-48
      1       1 PUL0216	2.79e-93
      1       1 PUL0217	2.18e-155
      1       1 PUL0217	3.03e-81
      1       1 PUL0218	6.85e-21
      1       1 PUL0230	4.58e-104
      1       1 PUL0236	4.35e-75
      1       1 PUL0247	1.34e-80
      1       1 PUL0247	1.90e-80
      1       1 PUL0248	4.62e-49
      1       1 PUL0250	1.82e-154
      1       1 PUL0250	2.26e-157
      1       1 PUL0250	2.61e-87
      1       1 PUL0250	2.95e-161
      1       1 PUL0250	5.83e-158
      1       1 PUL0255	1.34e-71
      1       1 PUL0258	8.84e-137
      1       1 PUL0259	5.51e-05
      1       1 PUL0267	3.53e-21
      1       1 PUL0267	3.57e-05
      1       1 PUL0267	5.52e-205
      1       1 PUL0267	6.82e-04
      1       1 PUL0279	2.03e-50
      1       1 PUL0280	1.33e-47
      1       1 PUL0286	4.81e-35
      1       1 PUL0290	1.10e-72
      1       1 PUL0291	5.68e-205
      1       1 PUL0299	6.01e-75
      1       1 PUL0299	8.97e-08
      1       1 PUL0300	1.47e-58
      1       1 PUL0300	6.01e-103
      1       1 PUL0300	8.85e-56
      1       1 PUL0333	8.59e-75
      1       1 PUL0334	1.25e-37
      1       1 PUL0335	2.13e-184
      1       1 PUL0335	3.79e-102
      1       1 PUL0339	1.31e-15
      1       1 PUL0340	1.90e-112
      1       1 PUL0340	2.63e-17
      1       1 PUL0340	3.45e-22
      1       1 PUL0341	8.96e-154
      1       1 PUL0361	1.68e-188
      1       1 PUL0361	2.23e-207
      1       1 PUL0361	4.52e-156
      1       1 PUL0361	7.65e-189
      1       1 PUL0382	5.67e-42
      1       1 PUL0384	1.05e-51
      1       1 PUL0390	1.76e-97
      1       1 PUL0399	4.06e-06
      1       1 PUL0402	7.22e-60
      1       1 PUL0406	5.72e-35
      1       1 PUL0413	1.81e-54
      1       1 PUL0413	2.57e-155
      1       1 PUL0413	8.02e-56
      1       1 PUL0413	8.29e-37
      1       1 PUL0429	3.06e-21
      1       1 PUL0429	9.83e-82
      1       1 PUL0446	1.27e-68
      1       1 PUL0446	1.76e-59
      1       1 PUL0446	3.72e-89
      1       1 PUL0451	1.36e-53
      1       1 PUL0451	2.50e-63
      1       1 PUL0454	1.31e-15
      1       1 PUL0454	1.70e-27
      1       1 PUL0466	2.45e-48
      1       1 PUL0490	5.47e-48
      1       1 PUL0494	3.50e-67
      1       1 PUL0500	1.98e-16
      1       1 PUL0502	1.57e-23
      1       1 PUL0502	3.60e-112
      1       1 PUL0507	3.52e-104
      1       1 PUL0507	6.81e-99
      1       1 PUL0513	5.29e-113
      1       1 PUL0513	9.20e-102
      1       1 PUL0513	9.33e-14
      1       1 PUL0521	6.82e-130
      1       1 PUL0521	8.16e-134
      1       1 PUL0524	2.49e-43
      1       1 PUL0526	1.25e-156
      1       1 PUL0530	2.04e-42
      1       1 PUL0530	7.51e-289
      1       1 PUL0593	1.45e-65
