PUL0001;1
PUL0013;1
PUL0017;2
PUL0029;1
PUL0036;1
PUL0038;2
PUL0047;1
PUL0049;5
PUL0050;1
PUL0057;2
PUL0058;2
PUL0059;1
PUL0060;1
PUL0061;2
PUL0069;1
PUL0073;1
PUL0090;2
PUL0099;2
PUL0103;1
PUL0106;3
PUL0108;2
PUL0121;4
PUL0122;1
PUL0123;2
PUL0133;1
PUL0162;1
PUL0178;1
PUL0216;1
PUL0217;2
PUL0218;1
PUL0230;1
PUL0236;1
PUL0247;2
PUL0248;1
PUL0250;5
PUL0255;1
PUL0258;1
PUL0259;1
PUL0267;4
PUL0279;1
PUL0280;1
PUL0286;1
PUL0290;1
PUL0291;1
PUL0299;2
PUL0300;3
PUL0333;1
PUL0334;1
PUL0335;2
PUL0339;1
PUL0340;3
PUL0341;1
PUL0361;4
PUL0382;1
PUL0384;1
PUL0390;1
PUL0399;1
PUL0402;1
PUL0406;1
PUL0413;4
PUL0429;2
PUL0446;3
PUL0451;2
PUL0454;2
PUL0466;1
PUL0490;1
PUL0494;1
PUL0500;1
PUL0502;2
PUL0507;2
PUL0513;3
PUL0521;2
PUL0524;1
PUL0526;1
PUL0530;2
PUL0593;1
