      1       1 PUL0001	5.02e-218
      1       1 PUL0003	6.60e-95
      1       1 PUL0013	6.84e-12
      1       1 PUL0017	1.15e-164
      1       1 PUL0025	1.28e-27
      1       1 PUL0025	3.08e-136
      1       1 PUL0025	6.02e-28
      1       1 PUL0030	9.67e-115
      1       1 PUL0067	1.36e-82
      1       1 PUL0085	5.38e-89
      1       1 PUL0085	7.44e-105
      1       1 PUL0086	3.40e-197
      1       1 PUL0099	2.08e-255
      1       1 PUL0106	2.30e-95
      1       1 PUL0108	1.96e-86
      1       1 PUL0121	2.36e-14
      1       1 PUL0124	8.58e-232
      1       1 PUL0180	2.44e-131
      1       1 PUL0214	2.08e-145
      1       1 PUL0230	2.26e-63
      1       1 PUL0245	4.80e-246
      1       1 PUL0256	2.38e-199
      1       1 PUL0300	1.36e-47
      1       1 PUL0300	4.55e-86
      1       1 PUL0335	6.90e-160
      1       1 PUL0337	3.54e-189
      1       1 PUL0345	1.30e-10
      1       1 PUL0406	1.37e-08
      1       1 PUL0406	2.10e-28
      1       1 PUL0406	2.74e-156
      1       1 PUL0406	4.09e-26
      1       1 PUL0406	6.42e-191
      1       1 PUL0406	9.04e-30
      1       1 PUL0414	7.48e-08
      1       1 PUL0434	5.86e-176
      1       1 PUL0530	6.31e-33
      1       1 PUL0598	7.02e-233
