      1       1 PUL0006	8.94e-17
      1       1 PUL0007	1.63e-118
      1       1 PUL0017	1.06e-191
      1       1 PUL0017	2.07e-189
      1       1 PUL0019	4.22e-58
      1       1 PUL0024	3.65e-63
      1       1 PUL0047	1.07e-61
      1       1 PUL0049	8.61e-38
      1       1 PUL0058	1.63e-269
      1       1 PUL0072	1.48e-62
      1       1 PUL0080	1.07e-29
      1       1 PUL0108	3.99e-149
      1       1 PUL0113	2.07e-96
      1       1 PUL0121	2.50e-183
      1       1 PUL0121	5.24e-66
      1       1 PUL0184	2.18e-182
      1       1 PUL0236	5.81e-107
      1       1 PUL0266	2.11e-37
      1       1 PUL0296	1.15e-09
      1       1 PUL0296	1.88e-118
      1       1 PUL0296	1.94e-81
      1       1 PUL0297	2.36e-42
      1       1 PUL0300	3.01e-134
      1       1 PUL0333	4.21e-94
      1       1 PUL0335	7.89e-194
      1       1 PUL0337	1.24e-160
      1       1 PUL0339	3.70e-153
      1       1 PUL0340	7.46e-232
      1       1 PUL0341	6.98e-218
      1       1 PUL0349	7.53e-193
      1       1 PUL0370	2.40e-200
      1       1 PUL0406	1.61e-152
      1       1 PUL0413	9.10e-08
      1       1 PUL0434	7.50e-42
      1       1 PUL0584	1.19e-156
      1       1 PUL0593	3.98e-86
