      1       1 PUL0001	6.46e-250
      1       1 PUL0010	2.37e-215
      1       1 PUL0010	3.89e-64
      1       1 PUL0010	5.23e-50
      1       1 PUL0013	1.13e-100
      1       1 PUL0013	1.25e-200
      1       1 PUL0013	4.58e-36
      1       1 PUL0017	1.23e-203
      1       1 PUL0017	5.90e-198
      1       1 PUL0024	1.87e-254
      1       1 PUL0024	7.37e-262
      1       1 PUL0038	1.19e-170
      1       1 PUL0049	1.33e-149
      1       1 PUL0050	9.14e-93
      1       1 PUL0058	3.82e-251
      1       1 PUL0058	9.59e-155
      1       1 PUL0070	3.48e-169
      1       1 PUL0096	1.04e-05
      1       1 PUL0106	1.39e-178
      1       1 PUL0106	1.84e-211
      1       1 PUL0106	7.09e-113
      1       1 PUL0113	1.36e-177
      1       1 PUL0113	8.41e-71
      1       1 PUL0121	1.48e-55
      1       1 PUL0122	1.25e-179
      1       1 PUL0124	9.86e-215
      1       1 PUL0184	5.95e-25
      1       1 PUL0190	1.93e-224
      1       1 PUL0209	6.95e-231
      1       1 PUL0212	3.09e-164
      1       1 PUL0227	3.49e-95
      1       1 PUL0236	5.24e-77
      1       1 PUL0246	2.27e-241
      1       1 PUL0246	8.05e-165
      1       1 PUL0256	1.40e-191
      1       1 PUL0265	6.62e-135
      1       1 PUL0267	3.43e-259
      1       1 PUL0281	1.01e-28
      1       1 PUL0300	1.00e-94
      1       1 PUL0335	2.88e-106
      1       1 PUL0337	1.85e-210
      1       1 PUL0341	1.73e-258
      1       1 PUL0347	1.29e-219
      1       1 PUL0368	6.65e-13
      1       1 PUL0394	5.11e-161
      1       1 PUL0406	1.89e-57
      1       1 PUL0406	5.01e-25
      1       1 PUL0413	1.30e-168
      1       1 PUL0413	2.05e-126
      1       1 PUL0414	1.63e-103
      1       1 PUL0442	2.78e-08
      1       1 PUL0482	1.60e-127
      1       1 PUL0519	1.41e-286
      1       1 PUL0527	5.61e-86
      1       1 PUL0553	8.55e-46
      1       1 PUL0575	3.18e-220
      1       1 PUL0576	8.11e-205
      1       1 PUL0584	3.91e-143
      1       1 PUL0591	5.58e-24
      1       1 PUL0593	4.03e-89
      1       1 PUL0602	1.46e-38
