      1       1 PUL0009	1.06e-123
      1       1 PUL0017	6.08e-159
      1       1 PUL0017	8.27e-191
      1       1 PUL0029	5.24e-36
      1       1 PUL0038	7.75e-259
      1       1 PUL0050	4.84e-98
      1       1 PUL0061	2.26e-95
      1       1 PUL0070	2.75e-168
      1       1 PUL0101	1.69e-60
      1       1 PUL0106	2.64e-18
      1       1 PUL0106	3.27e-178
      1       1 PUL0106	3.74e-125
      1       1 PUL0108	1.37e-74
      1       1 PUL0121	3.20e-100
      1       1 PUL0155	4.81e-29
      1       1 PUL0176	8.86e-53
      1       1 PUL0184	1.98e-30
      1       1 PUL0205	2.18e-90
      1       1 PUL0217	1.17e-45
      1       1 PUL0267	2.03e-75
      1       1 PUL0267	3.84e-216
      1       1 PUL0291	2.92e-24
      1       1 PUL0300	1.70e-100
      1       1 PUL0316	3.08e-64
      1       1 PUL0333	9.52e-78
      1       1 PUL0335	5.61e-71
      1       1 PUL0335	6.43e-172
      1       1 PUL0336	2.27e-92
      1       1 PUL0339	4.40e-16
      1       1 PUL0339	4.83e-17
      1       1 PUL0339	6.17e-163
      1       1 PUL0340	5.42e-140
      1       1 PUL0341	3.83e-142
      1       1 PUL0368	1.00e-62
      1       1 PUL0390	1.19e-35
      1       1 PUL0399	2.20e-23
      1       1 PUL0404	4.46e-42
      1       1 PUL0413	1.30e-119
      1       1 PUL0429	6.93e-113
      1       1 PUL0459	2.95e-10
      1       1 PUL0460	2.96e-60
      1       1 PUL0460	7.54e-93
      1       1 PUL0530	5.74e-40
      1       1 PUL0573	5.25e-37
      1       1 PUL0583	6.03e-09
      1       1 PUL0584	3.42e-139
      1       1 PUL0598	2.21e-112
