      1       1 PUL0010	1.13e-09
      1       1 PUL0017	4.23e-186
      1       1 PUL0017	7.19e-150
      1       1 PUL0029	2.05e-39
      1       1 PUL0036	4.30e-120
      1       1 PUL0049	1.13e-115
      1       1 PUL0050	4.71e-94
      1       1 PUL0058	1.07e-224
      1       1 PUL0058	2.68e-101
      1       1 PUL0061	2.40e-96
      1       1 PUL0070	5.70e-171
      1       1 PUL0094	3.32e-41
      1       1 PUL0106	1.15e-202
      1       1 PUL0106	2.88e-201
      1       1 PUL0106	7.96e-84
      1       1 PUL0108	2.71e-12
      1       1 PUL0108	6.14e-35
      1       1 PUL0121	4.64e-29
      1       1 PUL0123	3.60e-29
      1       1 PUL0124	1.39e-180
      1       1 PUL0131	2.75e-118
      1       1 PUL0162	5.54e-93
      1       1 PUL0180	1.03e-171
      1       1 PUL0212	5.84e-97
      1       1 PUL0225	3.27e-65
      1       1 PUL0267	2.36e-82
      1       1 PUL0267	7.58e-241
      1       1 PUL0270	5.16e-28
      1       1 PUL0289	2.61e-22
      1       1 PUL0300	3.90e-80
      1       1 PUL0300	4.15e-84
      1       1 PUL0300	5.00e-104
      1       1 PUL0300	8.19e-84
      1       1 PUL0335	1.38e-109
      1       1 PUL0335	1.87e-72
      1       1 PUL0335	2.93e-35
      1       1 PUL0335	3.30e-98
      1       1 PUL0335	8.57e-74
      1       1 PUL0336	5.76e-20
      1       1 PUL0337	6.31e-85
      1       1 PUL0340	6.70e-152
      1       1 PUL0341	2.85e-168
      1       1 PUL0384	1.47e-48
      1       1 PUL0409	2.62e-56
      1       1 PUL0413	9.31e-191
      1       1 PUL0429	3.00e-109
      1       1 PUL0451	1.19e-56
      1       1 PUL0467	1.78e-23
      1       1 PUL0516	1.00e-127
      1       1 PUL0527	1.03e-88
      1       1 PUL0527	1.09e-39
      1       1 PUL0527	3.95e-78
      1       1 PUL0527	5.37e-114
      1       1 PUL0549	4.36e-33
      1       1 PUL0577	1.13e-61
