      1       1 PUL0009	5.16e-49
      1       1 PUL0015	3.80e-08
      1       1 PUL0017	3.35e-182
      1       1 PUL0019	1.29e-60
      1       1 PUL0024	4.42e-121
      1       1 PUL0024	7.50e-27
      1       1 PUL0049	1.57e-109
      1       1 PUL0049	1.68e-25
      1       1 PUL0050	1.31e-91
      1       1 PUL0070	7.44e-189
      1       1 PUL0101	3.84e-57
      1       1 PUL0101	6.11e-67
      1       1 PUL0106	2.00e-182
      1       1 PUL0106	3.21e-07
      1       1 PUL0106	4.13e-122
      1       1 PUL0106	8.50e-167
      1       1 PUL0108	1.37e-28
      1       1 PUL0108	1.72e-109
      1       1 PUL0113	1.62e-97
      1       1 PUL0121	1.03e-78
      1       1 PUL0121	3.57e-18
      1       1 PUL0121	6.83e-95
      1       1 PUL0121	7.96e-28
      1       1 PUL0121	8.44e-60
      1       1 PUL0121	9.16e-48
      1       1 PUL0124	1.22e-176
      1       1 PUL0134	1.12e-42
      1       1 PUL0139	4.10e-15
      1       1 PUL0145	2.06e-192
      1       1 PUL0148	6.25e-39
      1       1 PUL0162	1.21e-166
      1       1 PUL0178	7.94e-17
      1       1 PUL0209	1.24e-68
      1       1 PUL0212	8.54e-82
      1       1 PUL0225	1.21e-61
      1       1 PUL0230	7.10e-107
      1       1 PUL0240	6.69e-92
      1       1 PUL0248	7.82e-128
      1       1 PUL0269	4.39e-39
      1       1 PUL0281	2.36e-34
      1       1 PUL0294	1.70e-59
      1       1 PUL0316	1.24e-90
      1       1 PUL0335	1.62e-38
      1       1 PUL0335	4.46e-192
      1       1 PUL0335	4.95e-51
      1       1 PUL0336	1.05e-93
      1       1 PUL0337	1.93e-190
      1       1 PUL0337	7.16e-65
      1       1 PUL0340	1.94e-292
      1       1 PUL0340	4.10e-43
      1       1 PUL0341	6.19e-199
      1       1 PUL0347	3.06e-56
      1       1 PUL0382	3.83e-27
      1       1 PUL0396	6.05e-21
      1       1 PUL0396	6.92e-86
      1       1 PUL0404	4.77e-17
      1       1 PUL0406	9.06e-197
      1       1 PUL0413	1.47e-163
      1       1 PUL0454	7.23e-41
      1       1 PUL0460	2.16e-66
      1       1 PUL0460	3.25e-25
      1       1 PUL0460	3.35e-09
      1       1 PUL0493	7.66e-80
      1       1 PUL0527	1.26e-44
