      1       1 PUL0013	1.58e-90
      1       1 PUL0017	3.71e-183
      1       1 PUL0024	3.34e-182
      1       1 PUL0027	1.22e-98
      1       1 PUL0028	8.88e-135
      1       1 PUL0029	2.49e-152
      1       1 PUL0038	7.53e-162
      1       1 PUL0058	2.74e-146
      1       1 PUL0058	6.09e-206
      1       1 PUL0058	9.33e-200
      1       1 PUL0106	2.77e-145
      1       1 PUL0106	9.88e-197
      1       1 PUL0113	1.87e-313
      1       1 PUL0124	2.15e-205
      1       1 PUL0134	1.48e-112
      1       1 PUL0162	8.06e-176
      1       1 PUL0299	9.31e-81
      1       1 PUL0303	1.72e-30
      1       1 PUL0335	7.88e-158
      1       1 PUL0368	1.23e-224
      1       1 PUL0396	1.42e-85
      1       1 PUL0396	1.45e-54
      1       1 PUL0406	1.67e-26
      1       1 PUL0406	2.32e-215
      1       1 PUL0492	5.88e-35
      1       1 PUL0519	4.39e-290
      1       1 PUL0599	1.54e-133
