      1       1 PUL0049	1.53e-138
      1       1 PUL0121	4.36e-27
      1       1 PUL0168	5.05e-98
      1       1 PUL0212	1.66e-135
      1       1 PUL0214	1.52e-105
      1       1 PUL0226	1.80e-63
      1       1 PUL0300	5.86e-56
      1       1 PUL0316	1.60e-83
      1       1 PUL0337	1.65e-145
      1       1 PUL0337	3.07e-129
      1       1 PUL0339	1.24e-90
      1       1 PUL0339	4.53e-07
      1       1 PUL0345	9.88e-30
      1       1 PUL0406	4.14e-82
      1       1 PUL0406	6.68e-118
      1       1 PUL0414	2.59e-68
      1       1 PUL0414	4.91e-72
      1       1 PUL0429	1.40e-104
      1       1 PUL0429	3.94e-35
      1       1 PUL0451	2.95e-130
      1       1 PUL0460	1.06e-28
      1       1 PUL0492	7.75e-117
      1       1 PUL0494	2.83e-126
      1       1 PUL0502	1.30e-139
      1       1 PUL0555	5.74e-146
