      1       1 PUL0013	3.52e-11
      1       1 PUL0017	7.08e-188
      1       1 PUL0025	2.84e-17
      1       1 PUL0049	6.22e-128
      1       1 PUL0070	1.60e-19
      1       1 PUL0070	6.02e-162
      1       1 PUL0103	2.61e-214
      1       1 PUL0106	3.75e-84
      1       1 PUL0106	4.07e-305
      1       1 PUL0106	4.33e-38
      1       1 PUL0106	5.98e-150
      1       1 PUL0108	7.18e-33
      1       1 PUL0108	7.50e-123
      1       1 PUL0124	4.43e-156
      1       1 PUL0145	1.03e-81
      1       1 PUL0178	4.07e-92
      1       1 PUL0178	8.21e-173
      1       1 PUL0206	1.88e-232
      1       1 PUL0235	1.68e-144
      1       1 PUL0236	1.21e-140
      1       1 PUL0267	2.63e-294
      1       1 PUL0267	7.96e-223
      1       1 PUL0270	2.23e-62
      1       1 PUL0299	7.73e-80
      1       1 PUL0333	4.22e-86
      1       1 PUL0335	1.04e-69
      1       1 PUL0335	1.76e-132
      1       1 PUL0336	2.69e-131
      1       1 PUL0339	1.23e-08
      1       1 PUL0339	1.37e-280
      1       1 PUL0339	2.80e-211
      1       1 PUL0341	4.36e-177
      1       1 PUL0344	1.23e-222
      1       1 PUL0406	7.61e-185
      1       1 PUL0409	2.16e-65
      1       1 PUL0443	1.00e-139
      1       1 PUL0460	1.10e-04
      1       1 PUL0513	1.14e-178
      1       1 PUL0527	2.79e-255
      1       1 PUL0527	6.60e-100
      1       1 PUL0584	6.67e-139
