      1       1 PUL0010	2.41e-204
      1       1 PUL0049	3.15e-197
      1       1 PUL0050	4.57e-84
      1       1 PUL0061	1.58e-236
      1       1 PUL0081	3.58e-33
      1       1 PUL0106	4.21e-201
      1       1 PUL0121	4.59e-106
      1       1 PUL0124	1.35e-185
      1       1 PUL0145	5.04e-217
      1       1 PUL0151	5.89e-33
      1       1 PUL0180	2.25e-82
      1       1 PUL0180	6.81e-163
      1       1 PUL0267	1.22e-226
      1       1 PUL0267	1.80e-214
      1       1 PUL0335	8.44e-88
      1       1 PUL0337	8.32e-148
      1       1 PUL0340	1.12e-133
      1       1 PUL0340	8.33e-23
      1       1 PUL0390	8.27e-96
      1       1 PUL0458	3.60e-42
      1       1 PUL0460	1.48e-35
      1       1 PUL0599	2.11e-91
