      1       1 PUL0005	1.83e-279
      1       1 PUL0016	2.09e-259
      1       1 PUL0017	9.42e-192
      1       1 PUL0020	2.81e-267
      1       1 PUL0029	1.14e-139
      1       1 PUL0048	3.17e-205
      1       1 PUL0070	2.48e-183
      1       1 PUL0122	6.77e-205
      1       1 PUL0153	2.13e-166
      1       1 PUL0184	1.84e-32
      1       1 PUL0195	1.66e-87
      1       1 PUL0195	3.26e-84
      1       1 PUL0195	7.65e-119
      1       1 PUL0196	1.12e-146
      1       1 PUL0196	1.33e-247
      1       1 PUL0230	2.74e-290
      1       1 PUL0267	4.93e-165
      1       1 PUL0316	2.36e-95
      1       1 PUL0335	5.21e-117
      1       1 PUL0341	1.87e-187
      1       1 PUL0347	1.03e-289
      1       1 PUL0384	2.83e-50
      1       1 PUL0390	4.38e-130
      1       1 PUL0413	1.61e-161
      1       1 PUL0530	3.12e-246
      1       1 PUL0584	6.74e-153
