      1       1 PUL0009	1.35e-45
      1       1 PUL0017	1.06e-198
      1       1 PUL0017	3.66e-183
      1       1 PUL0024	5.51e-17
      1       1 PUL0025	3.40e-135
      1       1 PUL0025	4.48e-133
      1       1 PUL0029	1.22e-34
      1       1 PUL0029	1.61e-65
      1       1 PUL0029	3.89e-127
      1       1 PUL0029	6.07e-103
      1       1 PUL0038	4.65e-151
      1       1 PUL0049	1.33e-105
      1       1 PUL0050	6.94e-82
      1       1 PUL0070	5.54e-166
      1       1 PUL0103	1.62e-127
      1       1 PUL0106	1.17e-184
      1       1 PUL0106	2.50e-218
      1       1 PUL0106	9.72e-117
      1       1 PUL0108	3.72e-19
      1       1 PUL0121	4.24e-90
      1       1 PUL0123	2.79e-35
      1       1 PUL0123	6.69e-41
      1       1 PUL0124	1.52e-161
      1       1 PUL0124	2.99e-91
      1       1 PUL0124	3.29e-183
      1       1 PUL0124	5.03e-39
      1       1 PUL0135	3.22e-94
      1       1 PUL0180	7.21e-92
      1       1 PUL0212	1.07e-170
      1       1 PUL0248	1.68e-125
      1       1 PUL0267	1.88e-63
      1       1 PUL0269	1.05e-67
      1       1 PUL0292	1.94e-29
      1       1 PUL0335	1.68e-39
      1       1 PUL0335	7.47e-114
      1       1 PUL0337	1.87e-212
      1       1 PUL0337	6.03e-121
      1       1 PUL0340	1.78e-212
      1       1 PUL0340	2.94e-50
      1       1 PUL0341	1.23e-209
      1       1 PUL0390	1.78e-89
      1       1 PUL0406	1.14e-227
      1       1 PUL0406	1.16e-71
      1       1 PUL0406	3.59e-23
      1       1 PUL0406	3.63e-25
      1       1 PUL0406	7.75e-96
      1       1 PUL0406	8.09e-205
      1       1 PUL0413	3.65e-161
      1       1 PUL0584	2.58e-140
      1       1 PUL0599	6.34e-89
