      1       1 PUL0008	5.83e-263
      1       1 PUL0013	1.95e-17
      1       1 PUL0013	8.00e-23
      1       1 PUL0017	3.73e-187
      1       1 PUL0058	2.43e-170
      1       1 PUL0094	3.24e-114
      1       1 PUL0101	1.86e-105
      1       1 PUL0106	2.29e-72
      1       1 PUL0106	9.80e-167
      1       1 PUL0108	1.73e-88
      1       1 PUL0145	1.04e-309
      1       1 PUL0160	3.36e-114
      1       1 PUL0199	2.62e-153
      1       1 PUL0235	2.05e-146
      1       1 PUL0236	1.13e-136
      1       1 PUL0298	2.85e-59
      1       1 PUL0333	2.57e-94
      1       1 PUL0335	2.23e-72
      1       1 PUL0339	2.44e-185
      1       1 PUL0340	1.33e-144
      1       1 PUL0406	1.32e-175
      1       1 PUL0420	7.87e-299
      1       1 PUL0424	2.08e-09
      1       1 PUL0443	6.19e-237
      1       1 PUL0510	7.93e-94
      1       1 PUL0513	7.98e-177
      1       1 PUL0521	1.51e-105
      1       1 PUL0521	9.58e-153
      1       1 PUL0527	3.37e-90
      1       1 PUL0560	7.69e-96
