      1       1 PUL0001	4.09e-84
      1       1 PUL0004	7.87e-136
      1       1 PUL0007	1.87e-96
      1       1 PUL0013	1.40e-84
      1       1 PUL0014	3.34e-24
      1       1 PUL0015	2.22e-12
      1       1 PUL0016	1.37e-223
      1       1 PUL0016	1.93e-111
      1       1 PUL0016	2.94e-202
      1       1 PUL0017	8.31e-178
      1       1 PUL0019	2.13e-133
      1       1 PUL0019	3.59e-59
      1       1 PUL0022	1.28e-171
      1       1 PUL0022	2.12e-216
      1       1 PUL0022	4.66e-110
      1       1 PUL0022	4.68e-143
      1       1 PUL0024	1.31e-138
      1       1 PUL0024	2.76e-179
      1       1 PUL0024	5.24e-11
      1       1 PUL0029	2.66e-06
      1       1 PUL0029	3.99e-110
      1       1 PUL0049	5.08e-19
      1       1 PUL0050	3.53e-88
      1       1 PUL0050	7.25e-40
      1       1 PUL0058	2.43e-276
      1       1 PUL0058	3.31e-147
      1       1 PUL0070	1.54e-164
      1       1 PUL0094	6.81e-73
      1       1 PUL0101	1.78e-142
      1       1 PUL0103	5.44e-123
      1       1 PUL0106	1.18e-117
      1       1 PUL0106	4.11e-239
      1       1 PUL0106	6.55e-37
      1       1 PUL0106	9.48e-12
      1       1 PUL0107	1.03e-79
      1       1 PUL0107	1.95e-183
      1       1 PUL0113	4.02e-215
      1       1 PUL0121	1.48e-10
      1       1 PUL0121	1.64e-92
      1       1 PUL0121	1.94e-94
      1       1 PUL0121	8.95e-39
      1       1 PUL0123	2.06e-09
      1       1 PUL0123	7.06e-10
      1       1 PUL0124	4.25e-122
      1       1 PUL0154	6.55e-173
      1       1 PUL0161	1.03e-12
      1       1 PUL0161	1.56e-24
      1       1 PUL0180	1.43e-117
      1       1 PUL0184	1.09e-24
      1       1 PUL0184	3.87e-25
      1       1 PUL0196	1.19e-71
      1       1 PUL0212	8.71e-180
      1       1 PUL0216	6.26e-76
      1       1 PUL0219	1.52e-20
      1       1 PUL0219	9.81e-109
      1       1 PUL0226	4.05e-11
      1       1 PUL0230	1.07e-105
      1       1 PUL0238	6.38e-95
      1       1 PUL0240	1.86e-125
      1       1 PUL0245	3.59e-44
      1       1 PUL0257	1.14e-14
      1       1 PUL0267	1.73e-137
      1       1 PUL0267	3.05e-166
      1       1 PUL0269	1.89e-78
      1       1 PUL0281	1.90e-26
      1       1 PUL0295	6.95e-12
      1       1 PUL0297	3.22e-38
      1       1 PUL0300	8.69e-105
      1       1 PUL0309	6.43e-17
      1       1 PUL0327	1.23e-162
      1       1 PUL0332	6.36e-77
      1       1 PUL0337	3.11e-69
      1       1 PUL0340	4.91e-308
      1       1 PUL0341	5.41e-260
      1       1 PUL0347	1.15e-317
      1       1 PUL0366	1.00e-49
      1       1 PUL0368	2.95e-198
      1       1 PUL0369	1.40e-05
      1       1 PUL0370	1.67e-130
      1       1 PUL0390	1.06e-15
      1       1 PUL0390	4.15e-171
      1       1 PUL0394	4.44e-123
      1       1 PUL0399	3.31e-04
      1       1 PUL0406	2.07e-18
      1       1 PUL0406	6.61e-231
      1       1 PUL0410	4.08e-46
      1       1 PUL0413	1.29e-153
      1       1 PUL0413	4.61e-122
      1       1 PUL0458	3.87e-35
      1       1 PUL0486	4.42e-41
      1       1 PUL0494	1.12e-194
      1       1 PUL0501	1.35e-169
      1       1 PUL0518	4.51e-17
      1       1 PUL0519	1.28e-295
      1       1 PUL0527	2.24e-84
      1       1 PUL0574	3.39e-59
      1       1 PUL0579	1.70e-71
      1       1 PUL0582	1.70e-204
      1       1 PUL0584	2.95e-143
      1       1 PUL0590	6.18e-47
