PUL0001;1
PUL0004;1
PUL0007;1
PUL0013;1
PUL0014;1
PUL0015;1
PUL0016;3
PUL0017;1
PUL0019;2
PUL0022;4
PUL0024;3
PUL0029;2
PUL0049;1
PUL0050;2
PUL0058;2
PUL0070;1
PUL0094;1
PUL0101;1
PUL0103;1
PUL0106;4
PUL0107;2
PUL0113;1
PUL0121;4
PUL0123;2
PUL0124;1
PUL0154;1
PUL0161;2
PUL0180;1
PUL0184;2
PUL0196;1
PUL0212;1
PUL0216;1
PUL0219;2
PUL0226;1
PUL0230;1
PUL0238;1
PUL0240;1
PUL0245;1
PUL0257;1
PUL0267;2
PUL0269;1
PUL0281;1
PUL0295;1
PUL0297;1
PUL0300;1
PUL0309;1
PUL0327;1
PUL0332;1
PUL0337;1
PUL0340;1
PUL0341;1
PUL0347;1
PUL0366;1
PUL0368;1
PUL0369;1
PUL0370;1
PUL0390;2
PUL0394;1
PUL0399;1
PUL0406;2
PUL0410;1
PUL0413;2
PUL0458;1
PUL0486;1
PUL0494;1
PUL0501;1
PUL0518;1
PUL0519;1
PUL0527;1
PUL0574;1
PUL0579;1
PUL0582;1
PUL0584;1
PUL0590;1
