      1       1 PUL0007	1.99e-114
      1       1 PUL0017	1.21e-190
      1       1 PUL0017	4.39e-83
      1       1 PUL0017	5.39e-190
      1       1 PUL0024	2.52e-64
      1       1 PUL0024	6.86e-82
      1       1 PUL0038	4.88e-167
      1       1 PUL0058	3.03e-261
      1       1 PUL0061	1.89e-184
      1       1 PUL0121	1.82e-88
      1       1 PUL0121	1.85e-121
      1       1 PUL0225	1.56e-94
      1       1 PUL0227	4.46e-177
      1       1 PUL0236	1.18e-107
      1       1 PUL0294	1.09e-41
      1       1 PUL0297	6.33e-51
      1       1 PUL0316	4.10e-89
      1       1 PUL0333	3.52e-121
      1       1 PUL0335	1.17e-192
      1       1 PUL0337	2.00e-161
      1       1 PUL0337	2.13e-91
      1       1 PUL0339	7.87e-155
      1       1 PUL0340	2.19e-151
      1       1 PUL0340	2.64e-227
      1       1 PUL0340	5.06e-160
      1       1 PUL0341	4.42e-218
      1       1 PUL0347	5.57e-90
      1       1 PUL0349	2.67e-189
      1       1 PUL0373	1.34e-62
      1       1 PUL0390	1.80e-35
      1       1 PUL0406	1.79e-158
      1       1 PUL0406	9.92e-120
      1       1 PUL0501	1.98e-163
      1       1 PUL0530	9.75e-277
      1       1 PUL0532	8.57e-193
