      1       1 PUL0006	4.47e-14
      1       1 PUL0017	3.45e-197
      1       1 PUL0017	4.01e-181
      1       1 PUL0019	4.79e-86
      1       1 PUL0024	2.26e-119
      1       1 PUL0024	7.49e-45
      1       1 PUL0029	3.88e-41
      1       1 PUL0029	7.70e-51
      1       1 PUL0041	6.25e-19
      1       1 PUL0046	1.66e-152
      1       1 PUL0047	8.17e-60
      1       1 PUL0048	7.00e-216
      1       1 PUL0049	9.02e-16
      1       1 PUL0058	2.59e-160
      1       1 PUL0058	4.98e-123
      1       1 PUL0060	5.58e-66
      1       1 PUL0061	1.98e-126
      1       1 PUL0070	4.31e-161
      1       1 PUL0073	5.52e-87
      1       1 PUL0094	1.13e-31
      1       1 PUL0094	1.40e-46
      1       1 PUL0101	4.40e-15
      1       1 PUL0106	1.05e-09
      1       1 PUL0106	1.38e-223
      1       1 PUL0108	1.24e-40
      1       1 PUL0121	1.01e-22
      1       1 PUL0121	1.17e-42
      1       1 PUL0121	1.91e-38
      1       1 PUL0121	3.84e-44
      1       1 PUL0124	3.81e-08
      1       1 PUL0124	4.10e-156
      1       1 PUL0131	3.89e-44
      1       1 PUL0133	5.10e-17
      1       1 PUL0139	2.14e-11
      1       1 PUL0143	1.33e-126
      1       1 PUL0151	7.82e-28
      1       1 PUL0161	3.75e-07
      1       1 PUL0180	3.81e-107
      1       1 PUL0199	4.02e-68
      1       1 PUL0206	5.93e-149
      1       1 PUL0212	1.09e-261
      1       1 PUL0214	7.32e-109
      1       1 PUL0216	5.35e-95
      1       1 PUL0232	4.80e-47
      1       1 PUL0267	1.83e-238
      1       1 PUL0275	6.13e-153
      1       1 PUL0281	7.12e-08
      1       1 PUL0285	6.92e-49
      1       1 PUL0294	1.12e-29
      1       1 PUL0297	2.77e-57
      1       1 PUL0301	9.31e-99
      1       1 PUL0333	3.33e-69
      1       1 PUL0333	5.25e-113
      1       1 PUL0335	1.17e-121
      1       1 PUL0335	2.55e-174
      1       1 PUL0335	5.88e-44
      1       1 PUL0337	2.90e-59
      1       1 PUL0339	1.05e-88
      1       1 PUL0339	7.20e-158
      1       1 PUL0340	7.39e-135
      1       1 PUL0341	2.33e-153
      1       1 PUL0341	5.30e-64
      1       1 PUL0347	1.43e-146
      1       1 PUL0350	1.23e-23
      1       1 PUL0396	4.37e-111
      1       1 PUL0406	5.09e-74
      1       1 PUL0413	1.95e-113
      1       1 PUL0428	6.17e-36
      1       1 PUL0454	1.61e-124
      1       1 PUL0460	6.65e-05
      1       1 PUL0493	4.27e-82
      1       1 PUL0522	9.57e-04
      1       1 PUL0571	1.03e-82
