PUL0006	1
PUL0017	2
PUL0019	1
PUL0024	2
PUL0029	2
PUL0041	1
PUL0046	1
PUL0047	1
PUL0048	1
PUL0049	1
PUL0058	2
PUL0060	1
PUL0061	1
PUL0070	1
PUL0073	1
PUL0094	2
PUL0101	1
PUL0106	2
PUL0108	1
PUL0121	4
PUL0124	2
PUL0131	1
PUL0133	1
PUL0139	1
PUL0143	1
PUL0151	1
PUL0161	1
PUL0180	1
PUL0199	1
PUL0206	1
PUL0212	1
PUL0214	1
PUL0216	1
PUL0232	1
PUL0267	1
PUL0275	1
PUL0281	1
PUL0285	1
PUL0294	1
PUL0297	1
PUL0301	1
PUL0333	2
PUL0335	3
PUL0337	1
PUL0339	2
PUL0340	1
PUL0341	2
PUL0347	1
PUL0350	1
PUL0396	1
PUL0406	1
PUL0413	1
PUL0428	1
PUL0454	1
PUL0460	1
PUL0493	1
PUL0522	1
PUL0571	1
