      1       1 PUL0017	2.42e-182
      1       1 PUL0024	4.70e-43
      1       1 PUL0029	2.31e-40
      1       1 PUL0047	4.34e-56
      1       1 PUL0049	2.13e-10
      1       1 PUL0049	8.71e-110
      1       1 PUL0050	1.06e-37
      1       1 PUL0070	1.02e-188
      1       1 PUL0093	2.13e-127
      1       1 PUL0101	6.14e-67
      1       1 PUL0106	1.46e-121
      1       1 PUL0106	2.72e-07
      1       1 PUL0106	5.32e-167
      1       1 PUL0106	5.45e-183
      1       1 PUL0108	1.43e-109
      1       1 PUL0108	1.62e-28
      1       1 PUL0113	7.53e-97
      1       1 PUL0121	2.71e-18
      1       1 PUL0121	6.88e-95
      1       1 PUL0124	3.21e-176
      1       1 PUL0145	1.72e-192
      1       1 PUL0148	1.90e-37
      1       1 PUL0162	2.66e-166
      1       1 PUL0180	7.39e-88
      1       1 PUL0209	4.52e-68
      1       1 PUL0230	2.51e-106
      1       1 PUL0230	3.22e-50
      1       1 PUL0248	6.99e-128
      1       1 PUL0254	8.75e-121
      1       1 PUL0267	3.93e-155
      1       1 PUL0281	2.40e-34
      1       1 PUL0281	6.49e-124
      1       1 PUL0294	1.44e-58
      1       1 PUL0316	1.49e-90
      1       1 PUL0335	2.07e-192
      1       1 PUL0335	2.22e-38
      1       1 PUL0336	4.60e-94
      1       1 PUL0336	7.78e-10
      1       1 PUL0337	1.70e-64
      1       1 PUL0337	2.52e-200
      1       1 PUL0340	2.41e-09
      1       1 PUL0340	5.06e-293
      1       1 PUL0340	6.19e-43
      1       1 PUL0340	6.90e-145
      1       1 PUL0340	9.85e-43
      1       1 PUL0341	5.99e-199
      1       1 PUL0390	3.39e-25
      1       1 PUL0399	2.39e-42
      1       1 PUL0406	1.83e-197
      1       1 PUL0413	2.11e-163
      1       1 PUL0413	7.51e-126
      1       1 PUL0454	7.27e-41
      1       1 PUL0460	5.16e-66
      1       1 PUL0493	9.55e-79
      1       1 PUL0494	1.20e-144
      1       1 PUL0527	8.93e-88
      1       1 PUL0595	1.81e-59
