      1       1 PUL0010	2.03e-142
      1       1 PUL0012	8.78e-14
      1       1 PUL0013	2.27e-128
      1       1 PUL0013	3.05e-47
      1       1 PUL0017	1.34e-186
      1       1 PUL0029	2.61e-85
      1       1 PUL0036	8.53e-131
      1       1 PUL0038	4.52e-154
      1       1 PUL0043	2.77e-10
      1       1 PUL0047	4.06e-56
      1       1 PUL0049	1.18e-33
      1       1 PUL0061	2.97e-103
      1       1 PUL0061	5.25e-134
      1       1 PUL0103	2.84e-79
      1       1 PUL0106	3.30e-187
      1       1 PUL0108	5.36e-23
      1       1 PUL0121	1.24e-27
      1       1 PUL0121	9.68e-103
      1       1 PUL0124	1.12e-174
      1       1 PUL0145	1.33e-186
      1       1 PUL0145	8.36e-204
      1       1 PUL0145	9.42e-241
      1       1 PUL0151	3.47e-37
      1       1 PUL0152	4.88e-36
      1       1 PUL0155	3.55e-108
      1       1 PUL0161	1.03e-10
      1       1 PUL0180	6.29e-154
      1       1 PUL0184	3.68e-39
      1       1 PUL0184	4.22e-42
      1       1 PUL0184	6.23e-128
      1       1 PUL0202	5.28e-138
      1       1 PUL0212	1.90e-61
      1       1 PUL0212	7.25e-23
      1       1 PUL0216	2.08e-101
      1       1 PUL0216	2.93e-119
      1       1 PUL0216	8.41e-103
      1       1 PUL0227	1.33e-64
      1       1 PUL0259	3.09e-155
      1       1 PUL0267	2.59e-223
      1       1 PUL0269	7.75e-71
      1       1 PUL0270	8.92e-84
      1       1 PUL0292	8.68e-39
      1       1 PUL0300	1.21e-58
      1       1 PUL0303	6.32e-156
      1       1 PUL0303	7.33e-106
      1       1 PUL0303	7.59e-103
      1       1 PUL0316	1.42e-81
      1       1 PUL0316	1.44e-08
      1       1 PUL0316	1.66e-110
      1       1 PUL0316	5.43e-55
      1       1 PUL0326	1.46e-13
      1       1 PUL0326	1.75e-11
      1       1 PUL0329	2.09e-45
      1       1 PUL0329	5.01e-118
      1       1 PUL0333	7.03e-117
      1       1 PUL0335	1.98e-195
      1       1 PUL0336	5.14e-57
      1       1 PUL0337	6.05e-137
      1       1 PUL0339	1.83e-06
      1       1 PUL0340	1.14e-167
      1       1 PUL0340	3.22e-18
      1       1 PUL0340	5.98e-160
      1       1 PUL0341	6.49e-158
      1       1 PUL0390	2.20e-67
      1       1 PUL0390	3.43e-64
      1       1 PUL0390	6.47e-58
      1       1 PUL0390	7.31e-86
      1       1 PUL0393	1.54e-158
      1       1 PUL0396	1.37e-17
      1       1 PUL0396	5.33e-62
      1       1 PUL0396	5.79e-153
      1       1 PUL0401	1.46e-16
      1       1 PUL0401	5.29e-17
      1       1 PUL0406	1.20e-15
      1       1 PUL0406	2.03e-16
      1       1 PUL0406	2.68e-84
      1       1 PUL0406	7.22e-14
      1       1 PUL0406	7.37e-106
      1       1 PUL0413	1.54e-154
      1       1 PUL0413	6.64e-125
      1       1 PUL0414	7.63e-29
      1       1 PUL0429	1.24e-34
      1       1 PUL0429	2.47e-174
      1       1 PUL0438	8.41e-14
      1       1 PUL0454	3.88e-40
      1       1 PUL0459	3.23e-246
      1       1 PUL0459	8.13e-93
      1       1 PUL0460	2.00e-73
      1       1 PUL0460	3.26e-139
      1       1 PUL0460	3.85e-12
      1       1 PUL0460	4.88e-12
      1       1 PUL0460	7.19e-11
      1       1 PUL0476	1.65e-62
      1       1 PUL0502	2.61e-94
      1       1 PUL0521	1.65e-15
      1       1 PUL0577	5.48e-43
      1       1 PUL0598	6.71e-150
      1       1 PUL0599	1.41e-128
