PUL0010	1
PUL0012	1
PUL0013	2
PUL0017	1
PUL0029	1
PUL0036	1
PUL0038	1
PUL0043	1
PUL0047	1
PUL0049	1
PUL0061	2
PUL0103	1
PUL0106	1
PUL0108	1
PUL0121	2
PUL0124	1
PUL0145	3
PUL0151	1
PUL0152	1
PUL0155	1
PUL0161	1
PUL0180	1
PUL0184	3
PUL0202	1
PUL0212	2
PUL0216	3
PUL0227	1
PUL0259	1
PUL0267	1
PUL0269	1
PUL0270	1
PUL0292	1
PUL0300	1
PUL0303	3
PUL0316	4
PUL0326	2
PUL0329	2
PUL0333	1
PUL0335	1
PUL0336	1
PUL0337	1
PUL0339	1
PUL0340	3
PUL0341	1
PUL0390	4
PUL0393	1
PUL0396	3
PUL0401	2
PUL0406	5
PUL0413	2
PUL0414	1
PUL0429	2
PUL0438	1
PUL0454	1
PUL0459	2
PUL0460	5
PUL0476	1
PUL0502	1
PUL0521	1
PUL0577	1
PUL0598	1
PUL0599	1
