      1       1 PUL0007	5.83e-117
      1       1 PUL0017	1.34e-188
      1       1 PUL0017	2.11e-192
      1       1 PUL0024	1.25e-62
      1       1 PUL0038	1.25e-167
      1       1 PUL0046	3.71e-154
      1       1 PUL0050	1.49e-43
      1       1 PUL0058	7.04e-270
      1       1 PUL0061	5.99e-180
      1       1 PUL0093	3.52e-140
      1       1 PUL0106	1.78e-115
      1       1 PUL0121	1.00e-65
      1       1 PUL0121	2.11e-184
      1       1 PUL0123	1.68e-79
      1       1 PUL0136	6.37e-10
      1       1 PUL0180	1.32e-30
      1       1 PUL0225	6.37e-172
      1       1 PUL0230	1.03e-96
      1       1 PUL0230	8.12e-49
      1       1 PUL0236	9.05e-108
      1       1 PUL0296	6.14e-84
      1       1 PUL0300	1.87e-134
      1       1 PUL0333	1.06e-93
      1       1 PUL0335	2.30e-192
      1       1 PUL0336	1.39e-97
      1       1 PUL0337	1.95e-52
      1       1 PUL0340	1.76e-228
      1       1 PUL0340	2.06e-159
      1       1 PUL0341	1.31e-217
      1       1 PUL0345	2.23e-42
      1       1 PUL0349	4.14e-191
      1       1 PUL0369	1.10e-54
      1       1 PUL0369	3.14e-36
      1       1 PUL0375	2.36e-148
      1       1 PUL0390	1.73e-189
      1       1 PUL0406	6.25e-83
      1       1 PUL0413	1.87e-158
      1       1 PUL0413	8.99e-132
      1       1 PUL0584	4.94e-157
