      1       1 PUL0013	1.05e-28
      1       1 PUL0017	6.37e-203
      1       1 PUL0022	2.47e-202
      1       1 PUL0029	2.08e-76
      1       1 PUL0029	3.42e-171
      1       1 PUL0038	5.49e-165
      1       1 PUL0048	9.14e-176
      1       1 PUL0058	1.22e-292
      1       1 PUL0070	2.29e-182
      1       1 PUL0099	8.96e-245
      1       1 PUL0101	8.78e-13
      1       1 PUL0106	2.23e-191
      1       1 PUL0106	7.93e-248
      1       1 PUL0123	1.69e-19
      1       1 PUL0180	2.73e-23
      1       1 PUL0184	3.30e-20
      1       1 PUL0214	4.14e-79
      1       1 PUL0216	4.10e-72
      1       1 PUL0250	5.96e-76
      1       1 PUL0265	1.29e-142
      1       1 PUL0265	2.25e-225
      1       1 PUL0297	4.51e-56
      1       1 PUL0300	6.84e-102
      1       1 PUL0327	3.93e-205
      1       1 PUL0333	6.08e-101
      1       1 PUL0340	8.93e-47
      1       1 PUL0341	6.32e-184
      1       1 PUL0347	3.59e-287
      1       1 PUL0349	9.43e-138
      1       1 PUL0350	2.28e-38
      1       1 PUL0373	4.29e-160
      1       1 PUL0584	6.93e-185
