      1       1 PUL0013	5.76e-207
      1       1 PUL0017	1.71e-202
      1       1 PUL0017	3.14e-33
      1       1 PUL0019	4.71e-147
      1       1 PUL0024	1.86e-186
      1       1 PUL0025	9.14e-181
      1       1 PUL0029	1.04e-09
      1       1 PUL0029	3.29e-179
      1       1 PUL0049	3.02e-37
      1       1 PUL0049	9.94e-165
      1       1 PUL0050	2.81e-88
      1       1 PUL0058	1.15e-217
      1       1 PUL0108	5.67e-27
      1       1 PUL0121	3.63e-64
      1       1 PUL0124	1.97e-179
      1       1 PUL0124	6.08e-223
      1       1 PUL0161	1.10e-05
      1       1 PUL0180	9.21e-89
      1       1 PUL0209	2.91e-239
      1       1 PUL0224	1.17e-57
      1       1 PUL0227	4.81e-107
      1       1 PUL0227	5.21e-195
      1       1 PUL0245	4.98e-247
      1       1 PUL0309	1.61e-203
      1       1 PUL0337	1.93e-204
      1       1 PUL0340	5.84e-234
      1       1 PUL0347	2.37e-288
      1       1 PUL0406	2.87e-17
      1       1 PUL0423	3.10e-134
      1       1 PUL0517	8.72e-152
      1       1 PUL0519	1.51e-160
      1       1 PUL0584	2.50e-138
      1       1 PUL0600	2.23e-245
