      1       1 PUL0049	1.98e-188
      1       1 PUL0094	1.44e-136
      1       1 PUL0094	5.81e-259
      1       1 PUL0103	3.05e-311
      1       1 PUL0105	7.47e-75
      1       1 PUL0106	8.79e-211
      1       1 PUL0121	3.15e-115
      1       1 PUL0121	4.56e-163
      1       1 PUL0145	4.19e-193
      1       1 PUL0152	6.92e-18
      1       1 PUL0161	2.74e-81
      1       1 PUL0225	8.89e-134
      1       1 PUL0254	6.44e-217
      1       1 PUL0267	8.82e-307
      1       1 PUL0332	1.16e-195
      1       1 PUL0339	2.75e-206
      1       1 PUL0345	2.24e-156
      1       1 PUL0424	3.53e-16
      1       1 PUL0468	1.86e-279
      1       1 PUL0479	9.84e-201
      1       1 PUL0485	4.42e-257
      1       1 PUL0521	6.98e-197
      1       1 PUL0527	2.94e-296
      1       1 PUL0527	4.66e-149
      1       1 PUL0539	1.34e-215
