      1       1 PUL0001	4.47e-141
      1       1 PUL0001	5.07e-204
      1       1 PUL0013	1.96e-196
      1       1 PUL0017	4.55e-183
      1       1 PUL0017	5.30e-186
      1       1 PUL0025	2.98e-15
      1       1 PUL0047	4.42e-44
      1       1 PUL0049	2.54e-09
      1       1 PUL0049	9.11e-34
      1       1 PUL0058	5.23e-237
      1       1 PUL0075	1.52e-120
      1       1 PUL0099	1.59e-269
      1       1 PUL0106	1.17e-230
      1       1 PUL0106	1.27e-187
      1       1 PUL0108	1.04e-73
      1       1 PUL0108	3.56e-25
      1       1 PUL0109	1.63e-135
      1       1 PUL0123	6.41e-84
      1       1 PUL0124	7.98e-201
      1       1 PUL0145	4.35e-69
      1       1 PUL0162	4.57e-56
      1       1 PUL0165	1.09e-73
      1       1 PUL0190	6.95e-169
      1       1 PUL0220	1.36e-286
      1       1 PUL0260	1.87e-200
      1       1 PUL0267	1.19e-225
      1       1 PUL0270	5.31e-35
      1       1 PUL0275	1.27e-133
      1       1 PUL0282	1.37e-185
      1       1 PUL0282	5.11e-173
      1       1 PUL0286	1.34e-164
      1       1 PUL0335	3.21e-153
      1       1 PUL0339	7.68e-217
      1       1 PUL0341	2.24e-91
      1       1 PUL0341	3.72e-23
      1       1 PUL0390	1.55e-102
      1       1 PUL0401	1.42e-19
      1       1 PUL0401	1.56e-09
      1       1 PUL0406	8.05e-58
      1       1 PUL0406	8.91e-184
      1       1 PUL0413	2.55e-43
      1       1 PUL0413	2.97e-188
      1       1 PUL0413	2.98e-214
      1       1 PUL0413	3.69e-110
      1       1 PUL0413	9.28e-43
      1       1 PUL0454	1.93e-37
      1       1 PUL0479	1.24e-149
      1       1 PUL0591	3.68e-76
      1       1 PUL0595	8.86e-55
      1       1 PUL0599	3.90e-120
