      1       1 PUL0013	1.77e-17
      1       1 PUL0017	3.48e-152
      1       1 PUL0017	7.03e-187
      1       1 PUL0024	2.23e-57
      1       1 PUL0024	8.52e-12
      1       1 PUL0036	1.76e-185
      1       1 PUL0047	4.91e-15
      1       1 PUL0049	1.17e-193
      1       1 PUL0060	1.72e-307
      1       1 PUL0060	3.00e-164
      1       1 PUL0060	6.26e-163
      1       1 PUL0069	1.49e-183
      1       1 PUL0070	1.51e-312
      1       1 PUL0075	2.03e-178
      1       1 PUL0101	7.90e-61
      1       1 PUL0106	1.43e-197
      1       1 PUL0106	1.80e-118
      1       1 PUL0106	2.11e-135
      1       1 PUL0108	1.03e-88
      1       1 PUL0121	1.81e-64
      1       1 PUL0121	1.84e-83
      1       1 PUL0121	2.08e-71
      1       1 PUL0121	3.10e-53
      1       1 PUL0121	3.44e-39
      1       1 PUL0121	3.61e-28
      1       1 PUL0145	1.44e-96
      1       1 PUL0145	3.13e-198
      1       1 PUL0150	6.67e-83
      1       1 PUL0152	3.42e-77
      1       1 PUL0169	7.98e-09
      1       1 PUL0180	4.18e-144
      1       1 PUL0184	2.66e-21
      1       1 PUL0209	5.05e-60
      1       1 PUL0230	1.13e-71
      1       1 PUL0230	2.86e-49
      1       1 PUL0267	2.23e-233
      1       1 PUL0270	1.72e-93
      1       1 PUL0285	1.95e-41
      1       1 PUL0299	1.16e-13
      1       1 PUL0299	7.22e-28
      1       1 PUL0300	1.09e-61
      1       1 PUL0300	4.28e-63
      1       1 PUL0316	2.66e-106
      1       1 PUL0333	3.11e-33
      1       1 PUL0333	5.33e-99
      1       1 PUL0340	6.23e-07
      1       1 PUL0340	8.65e-42
      1       1 PUL0341	3.94e-05
      1       1 PUL0341	4.92e-172
      1       1 PUL0364	6.07e-10
      1       1 PUL0369	1.91e-45
      1       1 PUL0375	1.87e-77
      1       1 PUL0409	4.34e-68
      1       1 PUL0410	3.50e-50
      1       1 PUL0413	9.55e-112
      1       1 PUL0429	6.65e-30
      1       1 PUL0459	7.54e-217
      1       1 PUL0460	1.07e-32
      1       1 PUL0460	1.91e-34
      1       1 PUL0460	5.91e-07
      1       1 PUL0522	5.59e-06
      1       1 PUL0530	2.52e-35
      1       1 PUL0555	1.20e-15
