      1       1 PUL0017	2.03e-188
      1       1 PUL0029	4.87e-40
      1       1 PUL0038	2.01e-177
      1       1 PUL0049	1.23e-32
      1       1 PUL0049	2.16e-33
      1       1 PUL0058	1.04e-217
      1       1 PUL0058	8.22e-187
      1       1 PUL0060	3.76e-68
      1       1 PUL0061	8.64e-104
      1       1 PUL0070	1.65e-189
      1       1 PUL0093	4.87e-182
      1       1 PUL0103	3.44e-86
      1       1 PUL0106	4.07e-137
      1       1 PUL0106	4.73e-14
      1       1 PUL0107	3.50e-37
      1       1 PUL0107	9.77e-37
      1       1 PUL0108	1.97e-39
      1       1 PUL0108	3.61e-147
      1       1 PUL0108	5.73e-89
      1       1 PUL0108	6.57e-56
      1       1 PUL0108	9.18e-137
      1       1 PUL0121	1.10e-24
      1       1 PUL0121	1.15e-20
      1       1 PUL0121	1.48e-22
      1       1 PUL0121	1.65e-85
      1       1 PUL0121	1.67e-85
      1       1 PUL0121	1.71e-65
      1       1 PUL0121	2.04e-45
      1       1 PUL0121	3.23e-83
      1       1 PUL0121	6.95e-83
      1       1 PUL0123	2.02e-21
      1       1 PUL0124	1.92e-230
      1       1 PUL0124	3.31e-201
      1       1 PUL0124	3.84e-70
      1       1 PUL0124	4.60e-66
      1       1 PUL0130	1.25e-27
      1       1 PUL0134	1.05e-10
      1       1 PUL0134	9.02e-81
      1       1 PUL0136	6.85e-42
      1       1 PUL0145	2.30e-209
      1       1 PUL0162	3.11e-62
      1       1 PUL0178	2.22e-52
      1       1 PUL0180	1.45e-06
      1       1 PUL0180	4.63e-121
      1       1 PUL0180	6.38e-164
      1       1 PUL0184	5.98e-139
      1       1 PUL0216	1.12e-114
      1       1 PUL0216	9.44e-14
      1       1 PUL0225	1.58e-68
      1       1 PUL0227	1.13e-73
      1       1 PUL0230	9.23e-89
      1       1 PUL0236	1.91e-81
      1       1 PUL0267	2.83e-294
      1       1 PUL0267	3.58e-231
      1       1 PUL0267	3.76e-05
      1       1 PUL0267	4.58e-56
      1       1 PUL0269	5.18e-30
      1       1 PUL0270	2.12e-83
      1       1 PUL0270	5.85e-74
      1       1 PUL0280	1.14e-52
      1       1 PUL0281	5.06e-143
      1       1 PUL0281	7.06e-158
      1       1 PUL0290	5.76e-23
      1       1 PUL0291	1.04e-58
      1       1 PUL0294	5.73e-54
      1       1 PUL0334	5.13e-17
      1       1 PUL0335	1.05e-76
      1       1 PUL0335	1.15e-16
      1       1 PUL0335	1.16e-89
      1       1 PUL0335	1.25e-69
      1       1 PUL0335	1.35e-74
      1       1 PUL0335	1.45e-73
      1       1 PUL0335	1.54e-80
      1       1 PUL0335	1.59e-84
      1       1 PUL0335	2.23e-65
      1       1 PUL0335	2.53e-96
      1       1 PUL0335	3.70e-102
      1       1 PUL0335	4.75e-78
      1       1 PUL0335	4.87e-84
      1       1 PUL0335	5.17e-74
      1       1 PUL0335	5.68e-62
      1       1 PUL0336	6.18e-72
      1       1 PUL0336	6.78e-16
      1       1 PUL0339	6.36e-161
      1       1 PUL0340	1.51e-167
      1       1 PUL0340	2.69e-12
      1       1 PUL0340	2.98e-81
      1       1 PUL0375	4.46e-52
      1       1 PUL0375	7.93e-63
      1       1 PUL0390	8.13e-85
      1       1 PUL0390	9.18e-90
      1       1 PUL0396	1.52e-108
      1       1 PUL0396	9.12e-114
      1       1 PUL0401	8.57e-66
      1       1 PUL0404	8.58e-13
      1       1 PUL0413	3.62e-53
      1       1 PUL0413	3.69e-76
      1       1 PUL0413	7.52e-129
      1       1 PUL0413	8.68e-50
      1       1 PUL0413	9.41e-170
      1       1 PUL0414	2.08e-30
      1       1 PUL0429	7.94e-23
      1       1 PUL0430	4.94e-06
      1       1 PUL0454	2.00e-22
      1       1 PUL0458	2.90e-24
      1       1 PUL0458	5.63e-17
      1       1 PUL0495	9.14e-102
      1       1 PUL0502	2.03e-27
      1       1 PUL0502	3.21e-145
      1       1 PUL0509	8.43e-122
      1       1 PUL0519	1.74e-127
      1       1 PUL0527	1.23e-36
      1       1 PUL0527	2.63e-61
      1       1 PUL0527	3.09e-30
      1       1 PUL0530	2.92e-20
      1       1 PUL0541	2.42e-08
      1       1 PUL0572	1.14e-83
      1       1 PUL0572	1.16e-79
      1       1 PUL0572	2.77e-120
      1       1 PUL0577	4.79e-12
      1       1 PUL0584	3.50e-32
      1       1 PUL0588	4.61e-53
      1       1 PUL0599	4.90e-76
