PUL0017 1
PUL0029 1
PUL0038 1
PUL0049 2
PUL0058 2
PUL0060 1
PUL0061 1
PUL0070 1
PUL0093 1
PUL0103 1
PUL0106 2
PUL0107 2
PUL0108 5
PUL0121 9
PUL0123 1
PUL0124 4
PUL0130 1
PUL0134 2
PUL0136 1
PUL0145 1
PUL0162 1
PUL0178 1
PUL0180 3
PUL0184 1
PUL0216 2
PUL0225 1
PUL0227 1
PUL0230 1
PUL0236 1
PUL0267 4
PUL0269 1
PUL0270 2
PUL0280 1
PUL0281 2
PUL0290 1
PUL0291 1
PUL0294 1
PUL0334 1
PUL0335 15
PUL0336 2
PUL0339 1
PUL0340 3
PUL0375 2
PUL0390 2
PUL0396 2
PUL0401 1
PUL0404 1
PUL0413 5
PUL0414 1
PUL0429 1
PUL0430 1
PUL0454 1
PUL0458 2
PUL0495 1
PUL0502 2
PUL0509 1
PUL0519 1
PUL0527 3
PUL0530 1
PUL0541 1
PUL0572 3
PUL0577 1
PUL0584 1
PUL0588 1
PUL0599 1
