      1       1 PUL0001	1.56e-142
      1       1 PUL0017	3.01e-192
      1       1 PUL0019	2.46e-64
      1       1 PUL0029	6.06e-51
      1       1 PUL0038	1.17e-164
      1       1 PUL0044	7.75e-246
      1       1 PUL0047	3.15e-66
      1       1 PUL0049	3.95e-58
      1       1 PUL0049	4.04e-184
      1       1 PUL0050	2.83e-135
      1       1 PUL0066	5.57e-265
      1       1 PUL0093	1.01e-20
      1       1 PUL0093	1.09e-182
      1       1 PUL0093	2.55e-20
      1       1 PUL0093	5.68e-84
      1       1 PUL0093	8.08e-24
      1       1 PUL0094	4.31e-84
      1       1 PUL0094	4.73e-103
      1       1 PUL0103	3.54e-264
      1       1 PUL0106	1.24e-187
      1       1 PUL0106	1.67e-152
      1       1 PUL0106	2.56e-172
      1       1 PUL0106	2.66e-67
      1       1 PUL0106	3.70e-95
      1       1 PUL0106	4.07e-157
      1       1 PUL0106	4.84e-265
      1       1 PUL0106	7.16e-70
      1       1 PUL0106	8.27e-11
      1       1 PUL0108	1.30e-58
      1       1 PUL0108	1.42e-162
      1       1 PUL0108	4.20e-109
      1       1 PUL0109	1.80e-162
      1       1 PUL0109	2.95e-244
      1       1 PUL0121	2.65e-62
      1       1 PUL0121	6.72e-40
      1       1 PUL0145	4.73e-56
      1       1 PUL0145	8.05e-210
      1       1 PUL0152	3.50e-17
      1       1 PUL0160	3.40e-170
      1       1 PUL0161	2.81e-132
      1       1 PUL0162	4.13e-53
      1       1 PUL0164	4.01e-147
      1       1 PUL0169	3.08e-73
      1       1 PUL0178	2.76e-224
      1       1 PUL0180	6.22e-253
      1       1 PUL0191	1.87e-42
      1       1 PUL0218	2.99e-312
      1       1 PUL0235	2.71e-132
      1       1 PUL0236	7.51e-113
      1       1 PUL0252	2.78e-172
      1       1 PUL0263	3.03e-119
      1       1 PUL0267	3.31e-221
      1       1 PUL0267	6.43e-300
      1       1 PUL0299	1.33e-71
      1       1 PUL0300	8.05e-55
      1       1 PUL0300	8.12e-53
      1       1 PUL0328	3.97e-277
      1       1 PUL0329	1.42e-68
      1       1 PUL0329	3.40e-80
      1       1 PUL0329	6.77e-94
      1       1 PUL0333	1.46e-14
      1       1 PUL0333	3.40e-177
      1       1 PUL0334	3.29e-268
      1       1 PUL0335	1.71e-88
      1       1 PUL0335	2.25e-175
      1       1 PUL0335	2.55e-34
      1       1 PUL0335	2.56e-162
      1       1 PUL0335	4.46e-84
      1       1 PUL0335	4.54e-268
      1       1 PUL0336	1.98e-100
      1       1 PUL0336	3.74e-164
      1       1 PUL0336	7.06e-95
      1       1 PUL0339	1.45e-142
      1       1 PUL0339	3.42e-67
      1       1 PUL0339	7.05e-231
      1       1 PUL0339	7.86e-295
      1       1 PUL0340	3.57e-151
      1       1 PUL0341	1.03e-33
      1       1 PUL0341	1.16e-155
      1       1 PUL0341	1.39e-26
      1       1 PUL0345	4.97e-111
      1       1 PUL0350	2.11e-246
      1       1 PUL0353	7.17e-21
      1       1 PUL0354	4.64e-214
      1       1 PUL0410	7.61e-41
      1       1 PUL0424	5.02e-25
      1       1 PUL0429	9.50e-21
      1       1 PUL0441	1.56e-166
      1       1 PUL0441	5.63e-159
      1       1 PUL0441	5.68e-47
      1       1 PUL0441	6.48e-150
      1       1 PUL0442	1.65e-143
      1       1 PUL0442	2.62e-103
      1       1 PUL0443	3.06e-156
      1       1 PUL0463	4.13e-106
      1       1 PUL0468	1.34e-264
      1       1 PUL0468	3.05e-136
      1       1 PUL0472	1.18e-162
      1       1 PUL0473	1.17e-84
      1       1 PUL0473	6.40e-87
      1       1 PUL0473	9.46e-92
      1       1 PUL0476	9.09e-269
      1       1 PUL0478	1.26e-218
      1       1 PUL0487	1.85e-269
      1       1 PUL0491	5.08e-209
      1       1 PUL0500	6.31e-82
      1       1 PUL0502	1.25e-182
      1       1 PUL0502	2.74e-113
      1       1 PUL0507	2.30e-228
      1       1 PUL0507	2.90e-179
      1       1 PUL0513	7.14e-196
      1       1 PUL0517	2.66e-226
      1       1 PUL0521	1.72e-192
      1       1 PUL0527	9.54e-266
      1       1 PUL0530	1.89e-242
      1       1 PUL0532	3.55e-178
      1       1 PUL0541	1.56e-88
      1       1 PUL0541	1.99e-116
      1       1 PUL0541	3.06e-81
      1       1 PUL0541	3.29e-78
      1       1 PUL0541	7.96e-82
      1       1 PUL0547	3.87e-251
      1       1 PUL0554	3.48e-81
      1       1 PUL0555	3.20e-180
      1       1 PUL0560	8.81e-22
