PUL0001;1
PUL0017;1
PUL0019;1
PUL0029;1
PUL0038;1
PUL0044;1
PUL0047;1
PUL0049;2
PUL0050;1
PUL0066;1
PUL0093;5
PUL0094;2
PUL0103;1
PUL0106;9
PUL0108;3
PUL0109;2
PUL0121;2
PUL0145;2
PUL0152;1
PUL0160;1
PUL0161;1
PUL0162;1
PUL0164;1
PUL0169;1
PUL0178;1
PUL0180;1
PUL0191;1
PUL0218;1
PUL0235;1
PUL0236;1
PUL0252;1
PUL0263;1
PUL0267;2
PUL0299;1
PUL0300;2
PUL0328;1
PUL0329;3
PUL0333;2
PUL0334;1
PUL0335;6
PUL0336;3
PUL0339;4
PUL0340;1
PUL0341;3
PUL0345;1
PUL0350;1
PUL0353;1
PUL0354;1
PUL0410;1
PUL0424;1
PUL0429;1
PUL0441;4
PUL0442;2
PUL0443;1
PUL0463;1
PUL0468;2
PUL0472;1
PUL0473;3
PUL0476;1
PUL0478;1
PUL0487;1
PUL0491;1
PUL0500;1
PUL0502;2
PUL0507;2
PUL0513;1
PUL0517;1
PUL0521;1
PUL0527;1
PUL0530;1
PUL0532;1
PUL0541;5
PUL0547;1
PUL0554;1
PUL0555;1
PUL0560;1
