      1       1 PUL0049	2.06e-162
      1       1 PUL0049	8.02e-186
      1       1 PUL0050	1.53e-130
      1       1 PUL0093	1.80e-207
      1       1 PUL0094	5.49e-209
      1       1 PUL0106	1.82e-309
      1       1 PUL0106	7.86e-52
      1       1 PUL0108	4.26e-06
      1       1 PUL0109	2.14e-268
      1       1 PUL0121	2.12e-86
      1       1 PUL0145	2.11e-83
      1       1 PUL0178	7.32e-297
      1       1 PUL0180	1.67e-199
      1       1 PUL0249	9.58e-115
      1       1 PUL0267	4.37e-297
      1       1 PUL0267	6.84e-221
      1       1 PUL0305	9.22e-224
      1       1 PUL0334	1.40e-308
      1       1 PUL0339	1.12e-290
      1       1 PUL0385	1.98e-199
      1       1 PUL0406	6.44e-09
      1       1 PUL0494	7.04e-233
      1       1 PUL0495	1.61e-233
      1       1 PUL0527	5.91e-86
      1       1 PUL0550	3.38e-148
      1       1 PUL0559	6.75e-27
      1       1 PUL0600	1.00e-59
