      1       1 PUL0012	7.92e-44
      1       1 PUL0013	1.89e-22
      1       1 PUL0029	2.99e-122
      1       1 PUL0029	8.73e-39
      1       1 PUL0061	9.47e-228
      1       1 PUL0106	1.00e-155
      1       1 PUL0106	3.65e-192
      1       1 PUL0145	2.69e-29
      1       1 PUL0145	3.97e-198
      1       1 PUL0160	2.16e-232
      1       1 PUL0173	2.09e-100
      1       1 PUL0206	1.51e-211
      1       1 PUL0211	1.61e-269
      1       1 PUL0249	2.55e-217
      1       1 PUL0267	3.43e-223
      1       1 PUL0267	9.99e-196
      1       1 PUL0270	2.47e-265
      1       1 PUL0270	9.30e-141
      1       1 PUL0292	1.54e-91
      1       1 PUL0292	4.89e-194
      1       1 PUL0316	4.02e-75
      1       1 PUL0329	1.09e-30
      1       1 PUL0333	4.40e-113
      1       1 PUL0333	5.39e-76
      1       1 PUL0337	7.86e-141
      1       1 PUL0339	5.31e-162
      1       1 PUL0340	9.72e-61
      1       1 PUL0363	2.27e-222
      1       1 PUL0364	1.34e-54
      1       1 PUL0365	9.99e-208
      1       1 PUL0390	7.72e-21
      1       1 PUL0413	1.05e-167
      1       1 PUL0446	6.82e-141
      1       1 PUL0460	2.85e-08
      1       1 PUL0479	1.19e-178
      1       1 PUL0485	3.47e-90
      1       1 PUL0493	4.30e-72
      1       1 PUL0502	1.91e-141
      1       1 PUL0527	9.60e-71
      1       1 PUL0532	8.64e-251
