      1       1 PUL0013	2.07e-93
      1       1 PUL0017	2.95e-175
      1       1 PUL0027	2.32e-47
      1       1 PUL0038	2.90e-133
      1       1 PUL0058	8.23e-179
      1       1 PUL0070	7.34e-160
      1       1 PUL0103	2.75e-105
      1       1 PUL0106	6.66e-234
      1       1 PUL0124	2.67e-188
      1       1 PUL0214	1.37e-87
      1       1 PUL0267	1.34e-247
      1       1 PUL0270	2.41e-96
      1       1 PUL0277	1.88e-84
      1       1 PUL0300	9.04e-80
      1       1 PUL0333	2.02e-121
      1       1 PUL0340	1.50e-300
      1       1 PUL0340	9.61e-39
      1       1 PUL0347	1.31e-307
      1       1 PUL0366	1.78e-109
      1       1 PUL0375	4.67e-94
      1       1 PUL0390	3.09e-76
      1       1 PUL0390	5.53e-80
      1       1 PUL0396	5.82e-77
      1       1 PUL0406	9.32e-190
      1       1 PUL0413	7.45e-18
      1       1 PUL0501	1.33e-163
      1       1 PUL0519	9.42e-294
      1       1 PUL0530	8.71e-211
      1       1 PUL0600	1.19e-15
