      1       1 PUL0004	1.97e-100
      1       1 PUL0016	2.19e-152
      1       1 PUL0016	2.68e-155
      1       1 PUL0016	6.89e-134
      1       1 PUL0017	4.09e-65
      1       1 PUL0017	6.58e-184
      1       1 PUL0019	3.28e-135
      1       1 PUL0019	4.18e-177
      1       1 PUL0022	1.36e-166
      1       1 PUL0022	2.56e-62
      1       1 PUL0022	3.85e-36
      1       1 PUL0024	4.15e-97
      1       1 PUL0029	2.49e-139
      1       1 PUL0029	7.29e-38
      1       1 PUL0041	2.20e-154
      1       1 PUL0048	3.26e-203
      1       1 PUL0049	1.66e-32
      1       1 PUL0049	4.19e-140
      1       1 PUL0050	1.39e-95
      1       1 PUL0094	1.91e-109
      1       1 PUL0101	1.12e-41
      1       1 PUL0106	1.09e-241
      1       1 PUL0106	1.48e-171
      1       1 PUL0106	2.05e-118
      1       1 PUL0108	4.30e-33
      1       1 PUL0108	4.31e-43
      1       1 PUL0113	1.46e-157
      1       1 PUL0113	1.74e-56
      1       1 PUL0113	2.69e-195
      1       1 PUL0121	6.58e-36
      1       1 PUL0121	6.98e-38
      1       1 PUL0123	2.66e-31
      1       1 PUL0124	1.76e-219
      1       1 PUL0124	5.23e-98
      1       1 PUL0124	6.46e-172
      1       1 PUL0124	7.03e-40
      1       1 PUL0124	8.92e-194
      1       1 PUL0126	2.32e-23
      1       1 PUL0161	7.46e-77
      1       1 PUL0180	1.92e-04
      1       1 PUL0180	2.01e-142
      1       1 PUL0186	4.06e-147
      1       1 PUL0186	6.80e-152
      1       1 PUL0195	1.83e-112
      1       1 PUL0195	2.54e-117
      1       1 PUL0195	2.91e-82
      1       1 PUL0195	3.39e-76
      1       1 PUL0195	4.77e-103
      1       1 PUL0195	6.13e-137
      1       1 PUL0195	9.20e-82
      1       1 PUL0212	5.09e-144
      1       1 PUL0212	9.83e-149
      1       1 PUL0219	2.70e-91
      1       1 PUL0227	2.03e-39
      1       1 PUL0238	2.69e-188
      1       1 PUL0238	4.63e-110
      1       1 PUL0258	1.82e-17
      1       1 PUL0267	1.11e-74
      1       1 PUL0267	6.41e-249
      1       1 PUL0267	8.75e-126
      1       1 PUL0335	1.01e-154
      1       1 PUL0335	3.64e-126
      1       1 PUL0335	4.25e-175
      1       1 PUL0335	9.27e-20
      1       1 PUL0337	2.51e-120
      1       1 PUL0337	2.93e-187
      1       1 PUL0340	3.90e-45
      1       1 PUL0349	8.67e-227
      1       1 PUL0366	1.77e-41
      1       1 PUL0366	4.14e-111
      1       1 PUL0366	7.55e-56
      1       1 PUL0369	8.22e-66
      1       1 PUL0370	7.83e-119
      1       1 PUL0381	1.56e-48
      1       1 PUL0390	4.40e-112
      1       1 PUL0390	5.81e-40
      1       1 PUL0401	1.95e-16
      1       1 PUL0401	2.01e-13
      1       1 PUL0406	1.78e-231
      1       1 PUL0406	9.94e-35
      1       1 PUL0413	8.37e-146
      1       1 PUL0447	2.08e-147
      1       1 PUL0451	3.07e-72
      1       1 PUL0460	3.23e-52
      1       1 PUL0519	2.56e-269
      1       1 PUL0530	1.22e-42
      1       1 PUL0530	2.80e-97
      1       1 PUL0530	5.47e-39
      1       1 PUL0576	1.64e-246
      1       1 PUL0576	2.18e-124
      1       1 PUL0584	8.70e-123
      1       1 PUL0590	1.49e-45
