PUL0004	1
PUL0016	3
PUL0017	2
PUL0019	2
PUL0022	3
PUL0024	1
PUL0029	2
PUL0041	1
PUL0048	1
PUL0049	2
PUL0050	1
PUL0094	1
PUL0101	1
PUL0106	3
PUL0108	2
PUL0113	3
PUL0121	2
PUL0123	1
PUL0124	5
PUL0126	1
PUL0161	1
PUL0180	2
PUL0186	2
PUL0195	7
PUL0212	2
PUL0219	1
PUL0227	1
PUL0238	2
PUL0258	1
PUL0267	3
PUL0335	4
PUL0337	2
PUL0340	1
PUL0349	1
PUL0366	3
PUL0369	1
PUL0370	1
PUL0381	1
PUL0390	2
PUL0401	2
PUL0406	2
PUL0413	1
PUL0447	1
PUL0451	1
PUL0460	1
PUL0519	1
PUL0530	3
PUL0576	2
PUL0584	1
PUL0590	1
