      1       1 PUL0010	1.41e-96
      1       1 PUL0010	4.43e-206
      1       1 PUL0024	7.48e-14
      1       1 PUL0058	1.46e-203
      1       1 PUL0073	4.32e-123
      1       1 PUL0083	8.48e-245
      1       1 PUL0108	1.31e-38
      1       1 PUL0139	3.53e-130
      1       1 PUL0140	1.26e-146
      1       1 PUL0143	8.94e-150
      1       1 PUL0172	1.57e-06
      1       1 PUL0267	2.40e-144
      1       1 PUL0322	1.70e-239
      1       1 PUL0322	4.05e-82
      1       1 PUL0335	3.54e-70
      1       1 PUL0339	9.37e-158
      1       1 PUL0340	1.56e-13
      1       1 PUL0341	2.11e-55
      1       1 PUL0414	2.05e-45
      1       1 PUL0454	1.79e-181
      1       1 PUL0454	3.07e-184
      1       1 PUL0530	3.82e-49
      1       1 PUL0597	4.82e-295
