      1       1 PUL0025	1.01e-35
      1       1 PUL0050	1.60e-128
      1       1 PUL0109	1.35e-249
      1       1 PUL0115	1.35e-283
      1       1 PUL0115	1.73e-223
      1       1 PUL0161	1.45e-174
      1       1 PUL0161	5.74e-175
      1       1 PUL0162	9.04e-214
      1       1 PUL0225	7.00e-255
      1       1 PUL0255	2.16e-246
      1       1 PUL0257	7.09e-219
      1       1 PUL0267	2.10e-305
      1       1 PUL0326	1.67e-164
      1       1 PUL0337	5.03e-301
      1       1 PUL0438	2.89e-10
      1       1 PUL0467	9.84e-273
      1       1 PUL0490	1.57e-168
      1       1 PUL0491	1.57e-229
      1       1 PUL0502	5.86e-239
      1       1 PUL0560	3.38e-54
      1       1 PUL0560	5.13e-50
      1       1 PUL0564	1.55e-34
      1       1 PUL0564	3.02e-239
