      1       1 PUL0013	7.24e-14
      1       1 PUL0017	4.97e-186
      1       1 PUL0017	6.21e-152
      1       1 PUL0027	2.53e-86
      1       1 PUL0030	1.44e-65
      1       1 PUL0036	4.28e-75
      1       1 PUL0049	1.17e-27
      1       1 PUL0049	1.28e-141
      1       1 PUL0049	2.96e-31
      1       1 PUL0058	2.53e-29
      1       1 PUL0058	3.43e-227
      1       1 PUL0058	7.21e-218
      1       1 PUL0061	1.07e-12
      1       1 PUL0065	6.80e-22
      1       1 PUL0070	5.89e-183
      1       1 PUL0093	1.10e-127
      1       1 PUL0093	1.57e-80
      1       1 PUL0093	2.66e-17
      1       1 PUL0106	3.74e-77
      1       1 PUL0106	5.09e-223
      1       1 PUL0106	6.35e-95
      1       1 PUL0108	7.73e-52
      1       1 PUL0121	1.90e-227
      1       1 PUL0121	5.05e-80
      1       1 PUL0121	6.44e-61
      1       1 PUL0121	7.18e-22
      1       1 PUL0161	3.37e-51
      1       1 PUL0180	2.08e-164
      1       1 PUL0184	1.57e-128
      1       1 PUL0216	7.26e-89
      1       1 PUL0245	4.02e-63
      1       1 PUL0247	1.27e-144
      1       1 PUL0250	1.30e-79
      1       1 PUL0267	2.21e-230
      1       1 PUL0270	1.60e-71
      1       1 PUL0270	7.11e-185
      1       1 PUL0300	1.04e-06
      1       1 PUL0300	1.35e-98
      1       1 PUL0303	3.98e-67
      1       1 PUL0324	1.48e-168
      1       1 PUL0332	3.83e-04
      1       1 PUL0333	1.12e-53
      1       1 PUL0333	3.10e-115
      1       1 PUL0335	1.00e-60
      1       1 PUL0335	1.38e-95
      1       1 PUL0335	2.28e-72
      1       1 PUL0335	2.54e-194
      1       1 PUL0335	3.37e-85
      1       1 PUL0335	3.77e-95
      1       1 PUL0335	3.97e-50
      1       1 PUL0335	4.44e-165
      1       1 PUL0335	6.16e-57
      1       1 PUL0335	7.66e-186
      1       1 PUL0335	8.66e-97
      1       1 PUL0336	3.53e-80
      1       1 PUL0340	1.31e-45
      1       1 PUL0340	1.34e-142
      1       1 PUL0340	8.34e-149
      1       1 PUL0341	1.21e-170
      1       1 PUL0356	1.49e-62
      1       1 PUL0368	4.27e-57
      1       1 PUL0375	4.81e-65
      1       1 PUL0375	7.80e-85
      1       1 PUL0384	9.22e-46
      1       1 PUL0390	1.63e-15
      1       1 PUL0396	5.77e-64
      1       1 PUL0401	2.16e-20
      1       1 PUL0404	1.04e-14
      1       1 PUL0406	1.74e-104
      1       1 PUL0410	1.26e-58
      1       1 PUL0413	1.02e-128
      1       1 PUL0413	1.24e-152
      1       1 PUL0413	1.81e-124
      1       1 PUL0413	7.73e-67
      1       1 PUL0413	7.78e-50
      1       1 PUL0414	1.31e-81
      1       1 PUL0431	1.45e-128
      1       1 PUL0431	6.81e-178
      1       1 PUL0458	6.77e-05
      1       1 PUL0476	3.20e-16
      1       1 PUL0494	3.42e-06
      1       1 PUL0500	1.40e-26
      1       1 PUL0502	2.36e-165
      1       1 PUL0527	9.69e-83
      1       1 PUL0530	3.00e-05
