      1       1 PUL0017	8.47e-177
      1       1 PUL0017	9.34e-178
      1       1 PUL0029	1.21e-118
      1       1 PUL0034	1.62e-56
      1       1 PUL0047	5.78e-29
      1       1 PUL0060	1.24e-117
      1       1 PUL0061	2.20e-233
      1       1 PUL0071	1.65e-110
      1       1 PUL0071	3.84e-114
      1       1 PUL0093	1.45e-128
      1       1 PUL0098	1.02e-05
      1       1 PUL0103	1.79e-06
      1       1 PUL0105	2.61e-25
      1       1 PUL0106	1.02e-146
      1       1 PUL0106	1.27e-209
      1       1 PUL0106	5.04e-121
      1       1 PUL0108	1.06e-41
      1       1 PUL0108	4.61e-72
      1       1 PUL0108	5.78e-34
      1       1 PUL0108	8.29e-130
      1       1 PUL0108	8.88e-91
      1       1 PUL0117	1.34e-08
      1       1 PUL0145	1.15e-197
      1       1 PUL0145	4.22e-196
      1       1 PUL0145	4.26e-164
      1       1 PUL0180	9.29e-155
      1       1 PUL0267	1.16e-241
      1       1 PUL0292	9.45e-106
      1       1 PUL0296	1.19e-124
      1       1 PUL0309	1.14e-61
      1       1 PUL0309	7.71e-60
      1       1 PUL0316	2.04e-111
      1       1 PUL0329	2.44e-40
      1       1 PUL0333	1.83e-30
      1       1 PUL0333	3.86e-97
      1       1 PUL0333	8.27e-71
      1       1 PUL0334	4.05e-41
      1       1 PUL0335	1.03e-87
      1       1 PUL0335	5.43e-67
      1       1 PUL0336	1.47e-75
      1       1 PUL0337	1.46e-127
      1       1 PUL0337	3.26e-82
      1       1 PUL0339	1.47e-159
      1       1 PUL0340	5.42e-04
      1       1 PUL0340	8.25e-166
      1       1 PUL0341	2.15e-169
      1       1 PUL0347	1.78e-34
      1       1 PUL0369	8.71e-67
      1       1 PUL0375	5.01e-77
      1       1 PUL0409	4.66e-74
      1       1 PUL0413	1.24e-163
      1       1 PUL0413	9.40e-118
      1       1 PUL0416	6.19e-23
      1       1 PUL0434	1.16e-08
      1       1 PUL0434	3.07e-49
      1       1 PUL0459	1.41e-221
      1       1 PUL0460	1.05e-22
      1       1 PUL0460	1.29e-27
      1       1 PUL0530	6.64e-50
      1       1 PUL0530	8.39e-277
