      1       1 PUL0017	1.20e-181
      1       1 PUL0037	4.10e-27
      1       1 PUL0049	1.03e-192
      1       1 PUL0058	4.05e-189
      1       1 PUL0061	7.45e-287
      1       1 PUL0106	2.74e-212
      1       1 PUL0106	3.45e-95
      1       1 PUL0106	8.37e-175
      1       1 PUL0121	3.81e-19
      1       1 PUL0121	6.07e-90
      1       1 PUL0180	4.14e-166
      1       1 PUL0199	5.90e-50
      1       1 PUL0226	7.79e-44
      1       1 PUL0250	1.04e-134
      1       1 PUL0250	6.06e-188
      1       1 PUL0267	1.64e-225
      1       1 PUL0339	3.37e-162
      1       1 PUL0347	2.17e-32
      1       1 PUL0365	1.06e-198
      1       1 PUL0365	4.29e-214
      1       1 PUL0375	4.22e-31
      1       1 PUL0413	3.20e-163
