      1       1 PUL0008	4.30e-11
      1       1 PUL0009	4.28e-124
      1       1 PUL0017	2.32e-159
      1       1 PUL0017	3.61e-191
      1       1 PUL0029	5.24e-36
      1       1 PUL0036	1.85e-22
      1       1 PUL0038	3.68e-259
      1       1 PUL0050	4.84e-98
      1       1 PUL0058	4.82e-78
      1       1 PUL0061	1.85e-95
      1       1 PUL0061	2.39e-11
      1       1 PUL0070	1.22e-168
      1       1 PUL0101	1.76e-60
      1       1 PUL0103	4.58e-106
      1       1 PUL0106	1.20e-96
      1       1 PUL0106	2.61e-20
      1       1 PUL0106	3.27e-178
      1       1 PUL0106	5.16e-159
      1       1 PUL0108	1.74e-31
      1       1 PUL0108	4.56e-42
      1       1 PUL0108	4.58e-33
      1       1 PUL0121	3.20e-100
      1       1 PUL0121	3.30e-15
      1       1 PUL0122	4.93e-64
      1       1 PUL0176	1.03e-52
      1       1 PUL0184	1.56e-30
      1       1 PUL0205	3.69e-90
      1       1 PUL0217	9.38e-46
      1       1 PUL0218	9.40e-37
      1       1 PUL0258	4.19e-40
      1       1 PUL0267	2.03e-75
      1       1 PUL0267	5.38e-223
      1       1 PUL0291	2.99e-24
      1       1 PUL0299	4.19e-71
      1       1 PUL0300	7.53e-101
      1       1 PUL0316	2.83e-64
      1       1 PUL0320	2.47e-05
      1       1 PUL0332	3.07e-57
      1       1 PUL0333	7.23e-78
      1       1 PUL0333	9.47e-92
      1       1 PUL0335	3.41e-172
      1       1 PUL0335	4.18e-71
      1       1 PUL0337	4.31e-124
      1       1 PUL0339	4.46e-16
      1       1 PUL0339	4.81e-17
      1       1 PUL0339	6.17e-163
      1       1 PUL0340	5.10e-140
      1       1 PUL0341	5.95e-142
      1       1 PUL0365	1.68e-123
      1       1 PUL0368	1.00e-62
      1       1 PUL0389	4.92e-85
      1       1 PUL0390	1.17e-35
      1       1 PUL0390	3.28e-31
      1       1 PUL0396	9.60e-24
      1       1 PUL0399	6.56e-23
      1       1 PUL0404	2.64e-42
      1       1 PUL0410	9.69e-22
      1       1 PUL0413	2.11e-120
      1       1 PUL0429	2.80e-113
      1       1 PUL0429	3.54e-22
      1       1 PUL0459	2.92e-10
      1       1 PUL0460	1.16e-93
      1       1 PUL0460	1.32e-116
      1       1 PUL0460	2.97e-60
      1       1 PUL0509	1.06e-09
      1       1 PUL0519	1.49e-143
      1       1 PUL0573	5.25e-37
      1       1 PUL0584	8.47e-140
      1       1 PUL0598	2.10e-112
      1       1 PUL0599	1.90e-78
