PUL0008;1
PUL0009;1
PUL0017;2
PUL0029;1
PUL0036;1
PUL0038;1
PUL0050;1
PUL0058;1
PUL0061;2
PUL0070;1
PUL0101;1
PUL0103;1
PUL0106;4
PUL0108;3
PUL0121;2
PUL0122;1
PUL0176;1
PUL0184;1
PUL0205;1
PUL0217;1
PUL0218;1
PUL0258;1
PUL0267;2
PUL0291;1
PUL0299;1
PUL0300;1
PUL0316;1
PUL0320;1
PUL0332;1
PUL0333;2
PUL0335;2
PUL0337;1
PUL0339;3
PUL0340;1
PUL0341;1
PUL0365;1
PUL0368;1
PUL0389;1
PUL0390;2
PUL0396;1
PUL0399;1
PUL0404;1
PUL0410;1
PUL0413;1
PUL0429;2
PUL0459;1
PUL0460;3
PUL0509;1
PUL0519;1
PUL0573;1
PUL0584;1
PUL0598;1
PUL0599;1
