      1       1 PUL0010	2.41e-209
      1       1 PUL0017	1.55e-183
      1       1 PUL0017	2.91e-172
      1       1 PUL0017	8.51e-197
      1       1 PUL0029	1.56e-144
      1       1 PUL0038	6.43e-148
      1       1 PUL0101	2.14e-94
      1       1 PUL0138	2.41e-200
      1       1 PUL0142	1.40e-154
      1       1 PUL0152	1.81e-106
      1       1 PUL0176	1.05e-262
      1       1 PUL0212	1.90e-269
      1       1 PUL0249	1.07e-221
      1       1 PUL0274	1.42e-143
      1       1 PUL0276	5.43e-183
      1       1 PUL0285	1.67e-132
      1       1 PUL0297	1.50e-75
      1       1 PUL0312	6.57e-186
      1       1 PUL0316	6.95e-75
      1       1 PUL0326	2.72e-05
      1       1 PUL0328	1.21e-55
      1       1 PUL0333	2.04e-109
      1       1 PUL0335	4.16e-183
      1       1 PUL0337	1.81e-128
      1       1 PUL0413	1.52e-112
      1       1 PUL0454	5.77e-222
      1       1 PUL0459	5.16e-123
      1       1 PUL0475	3.61e-152
      1       1 PUL0506	3.36e-84
      1       1 PUL0508	2.61e-297
      1       1 PUL0573	1.12e-172
      1       1 PUL0599	3.01e-102
