      1       1 PUL0010	4.90e-213
      1       1 PUL0050	6.44e-84
      1       1 PUL0058	6.22e-203
      1       1 PUL0060	3.57e-206
      1       1 PUL0106	1.06e-181
      1       1 PUL0111	1.42e-200
      1       1 PUL0124	9.30e-32
      1       1 PUL0145	4.96e-162
      1       1 PUL0145	5.19e-207
      1       1 PUL0180	5.74e-139
      1       1 PUL0236	4.15e-89
      1       1 PUL0267	2.29e-220
      1       1 PUL0279	6.74e-49
      1       1 PUL0291	2.79e-212
      1       1 PUL0316	2.95e-107
      1       1 PUL0365	2.23e-192
      1       1 PUL0390	3.17e-129
      1       1 PUL0458	1.19e-131
      1       1 PUL0459	8.68e-119
      1       1 PUL0506	3.08e-124
      1       1 PUL0595	1.01e-06
