      1       1 PUL0006	2.28e-103
      1       1 PUL0007	1.17e-291
      1       1 PUL0007	5.12e-152
      1       1 PUL0009	7.87e-71
      1       1 PUL0017	2.17e-164
      1       1 PUL0017	2.19e-191
      1       1 PUL0017	4.15e-202
      1       1 PUL0017	4.83e-182
      1       1 PUL0022	4.11e-219
      1       1 PUL0024	4.42e-96
      1       1 PUL0029	3.82e-158
      1       1 PUL0031	1.57e-120
      1       1 PUL0034	4.47e-28
      1       1 PUL0050	9.92e-96
      1       1 PUL0070	9.47e-167
      1       1 PUL0101	1.77e-67
      1       1 PUL0106	1.47e-166
      1       1 PUL0106	2.80e-251
      1       1 PUL0106	6.19e-119
      1       1 PUL0107	1.13e-85
      1       1 PUL0113	8.45e-179
      1       1 PUL0121	1.20e-112
      1       1 PUL0121	2.13e-77
      1       1 PUL0121	3.86e-22
      1       1 PUL0162	2.26e-139
      1       1 PUL0180	5.28e-07
      1       1 PUL0180	7.21e-103
      1       1 PUL0195	2.23e-126
      1       1 PUL0196	1.80e-115
      1       1 PUL0201	1.08e-158
      1       1 PUL0212	1.92e-165
      1       1 PUL0230	1.84e-117
      1       1 PUL0230	3.53e-103
      1       1 PUL0230	6.45e-296
      1       1 PUL0232	1.96e-36
      1       1 PUL0256	8.04e-194
      1       1 PUL0267	1.56e-306
      1       1 PUL0296	1.50e-76
      1       1 PUL0296	6.46e-98
      1       1 PUL0303	2.40e-19
      1       1 PUL0327	7.58e-232
      1       1 PUL0333	2.07e-95
      1       1 PUL0333	8.48e-56
      1       1 PUL0335	6.38e-36
      1       1 PUL0335	6.57e-133
      1       1 PUL0337	4.08e-153
      1       1 PUL0340	9.44e-45
      1       1 PUL0347	2.40e-222
      1       1 PUL0347	2.70e-116
      1       1 PUL0368	5.16e-287
      1       1 PUL0399	7.38e-168
      1       1 PUL0407	1.33e-209
      1       1 PUL0413	5.08e-121
      1       1 PUL0446	1.31e-211
      1       1 PUL0494	2.52e-121
      1       1 PUL0530	7.60e-45
      1       1 PUL0544	1.84e-62
      1       1 PUL0561	3.10e-280
      1       1 PUL0571	1.75e-109
      1       1 PUL0574	7.84e-194
      1       1 PUL0575	3.36e-168
      1       1 PUL0584	1.77e-161
      1       1 PUL0584	8.24e-210
      1       1 PUL0590	3.21e-218
