      1       1 PUL0009	1.35e-48
      1       1 PUL0026	1.26e-71
      1       1 PUL0049	1.08e-148
      1       1 PUL0049	9.07e-114
      1       1 PUL0061	9.47e-50
      1       1 PUL0070	6.86e-29
      1       1 PUL0103	5.99e-41
      1       1 PUL0106	3.82e-10
      1       1 PUL0121	1.75e-22
      1       1 PUL0121	3.89e-68
      1       1 PUL0130	3.48e-107
      1       1 PUL0180	2.43e-09
      1       1 PUL0236	1.14e-79
      1       1 PUL0309	3.99e-36
      1       1 PUL0309	4.50e-44
      1       1 PUL0320	1.30e-07
      1       1 PUL0335	2.16e-183
      1       1 PUL0335	2.83e-55
      1       1 PUL0336	4.44e-27
      1       1 PUL0336	9.05e-05
      1       1 PUL0341	7.71e-135
      1       1 PUL0347	2.81e-58
      1       1 PUL0390	1.09e-93
      1       1 PUL0390	1.29e-92
      1       1 PUL0390	2.12e-86
      1       1 PUL0390	6.02e-21
      1       1 PUL0390	8.72e-98
      1       1 PUL0429	1.18e-29
      1       1 PUL0429	3.64e-79
      1       1 PUL0460	1.51e-60
      1       1 PUL0460	8.21e-05
      1       1 PUL0493	9.39e-75
