      1       1 PUL0013	5.27e-94
      1       1 PUL0070	6.97e-156
      1       1 PUL0106	4.45e-231
      1       1 PUL0108	1.37e-47
      1       1 PUL0124	5.08e-190
      1       1 PUL0180	7.13e-30
      1       1 PUL0214	7.80e-86
      1       1 PUL0230	3.68e-128
      1       1 PUL0248	3.84e-112
      1       1 PUL0267	1.30e-245
      1       1 PUL0300	2.51e-61
      1       1 PUL0326	1.30e-21
      1       1 PUL0326	4.45e-21
      1       1 PUL0333	2.02e-119
      1       1 PUL0340	6.30e-302
      1       1 PUL0347	1.73e-307
      1       1 PUL0394	2.39e-59
      1       1 PUL0406	7.36e-189
      1       1 PUL0501	2.10e-162
      1       1 PUL0519	4.35e-293
      1       1 PUL0530	4.73e-212
