      1       1 PUL0009	1.06e-123
      1       1 PUL0009	6.08e-44
      1       1 PUL0017	1.83e-190
      1       1 PUL0017	6.06e-159
      1       1 PUL0029	3.94e-36
      1       1 PUL0038	7.75e-259
      1       1 PUL0061	2.36e-95
      1       1 PUL0070	2.36e-168
      1       1 PUL0101	1.65e-60
      1       1 PUL0106	3.32e-178
      1       1 PUL0106	4.18e-20
      1       1 PUL0108	9.48e-73
      1       1 PUL0155	2.85e-29
      1       1 PUL0176	8.88e-53
      1       1 PUL0184	1.63e-30
      1       1 PUL0205	8.56e-90
      1       1 PUL0217	3.24e-46
      1       1 PUL0236	2.85e-91
      1       1 PUL0246	3.74e-12
      1       1 PUL0267	2.03e-75
      1       1 PUL0267	3.84e-216
      1       1 PUL0291	3.17e-24
      1       1 PUL0300	1.75e-100
      1       1 PUL0316	4.48e-64
      1       1 PUL0333	9.52e-78
      1       1 PUL0335	1.19e-171
      1       1 PUL0335	3.34e-71
      1       1 PUL0339	3.18e-163
      1       1 PUL0339	3.92e-17
      1       1 PUL0339	4.40e-16
      1       1 PUL0340	5.14e-140
      1       1 PUL0368	1.01e-62
      1       1 PUL0390	1.18e-35
      1       1 PUL0399	6.57e-23
      1       1 PUL0404	4.46e-42
      1       1 PUL0429	6.91e-113
      1       1 PUL0459	2.95e-10
      1       1 PUL0460	2.96e-60
      1       1 PUL0460	7.53e-93
      1       1 PUL0573	5.25e-37
      1       1 PUL0577	7.50e-48
      1       1 PUL0584	3.46e-139
      1       1 PUL0598	2.14e-112
