      1       1 PUL0015	2.66e-11
      1       1 PUL0017	1.47e-179
      1       1 PUL0017	2.25e-210
      1       1 PUL0017	5.48e-119
      1       1 PUL0019	4.49e-125
      1       1 PUL0024	1.14e-54
      1       1 PUL0038	3.61e-156
      1       1 PUL0061	1.71e-186
      1       1 PUL0070	1.20e-122
      1       1 PUL0106	1.40e-16
      1       1 PUL0106	1.57e-243
      1       1 PUL0106	8.74e-184
      1       1 PUL0108	3.87e-30
      1       1 PUL0121	3.50e-118
      1       1 PUL0121	4.24e-77
      1       1 PUL0130	5.94e-194
      1       1 PUL0238	2.65e-86
      1       1 PUL0240	2.52e-114
      1       1 PUL0265	6.26e-320
      1       1 PUL0267	5.57e-255
      1       1 PUL0281	5.40e-155
      1       1 PUL0296	1.28e-102
      1       1 PUL0299	2.40e-66
      1       1 PUL0333	1.66e-110
      1       1 PUL0339	1.26e-194
      1       1 PUL0340	2.00e-104
      1       1 PUL0340	8.09e-172
      1       1 PUL0341	1.70e-187
      1       1 PUL0349	2.05e-172
      1       1 PUL0414	2.18e-119
      1       1 PUL0584	3.66e-199
