      1       1 PUL0017	2.97e-149
      1       1 PUL0025	4.71e-04
      1       1 PUL0029	1.99e-91
      1       1 PUL0049	1.90e-184
      1       1 PUL0061	2.81e-189
      1       1 PUL0062	3.44e-270
      1       1 PUL0071	1.60e-111
      1       1 PUL0093	4.77e-136
      1       1 PUL0103	5.77e-100
      1       1 PUL0106	8.07e-207
      1       1 PUL0106	8.29e-153
      1       1 PUL0121	5.26e-164
      1       1 PUL0121	8.17e-108
      1       1 PUL0145	1.17e-181
      1       1 PUL0145	2.32e-177
      1       1 PUL0145	5.37e-199
      1       1 PUL0145	6.42e-171
      1       1 PUL0146	3.27e-21
      1       1 PUL0150	9.65e-83
      1       1 PUL0169	1.82e-114
      1       1 PUL0169	2.38e-60
      1       1 PUL0169	3.41e-126
      1       1 PUL0180	6.19e-151
      1       1 PUL0206	2.17e-235
      1       1 PUL0206	4.21e-210
      1       1 PUL0211	2.76e-278
      1       1 PUL0227	1.03e-16
      1       1 PUL0232	1.27e-33
      1       1 PUL0232	1.59e-05
      1       1 PUL0236	6.66e-119
      1       1 PUL0267	1.19e-180
      1       1 PUL0267	4.23e-233
      1       1 PUL0270	1.16e-78
      1       1 PUL0270	5.97e-23
      1       1 PUL0282	5.80e-22
      1       1 PUL0292	9.17e-242
      1       1 PUL0299	9.91e-40
      1       1 PUL0324	1.63e-66
      1       1 PUL0324	1.94e-177
      1       1 PUL0329	2.39e-260
      1       1 PUL0335	2.61e-71
      1       1 PUL0336	2.11e-36
      1       1 PUL0336	3.97e-60
      1       1 PUL0339	2.29e-152
      1       1 PUL0340	4.18e-130
      1       1 PUL0341	3.50e-163
      1       1 PUL0365	1.25e-43
      1       1 PUL0382	1.93e-63
      1       1 PUL0390	5.52e-34
      1       1 PUL0409	8.84e-75
      1       1 PUL0457	1.03e-11
      1       1 PUL0460	3.21e-32
      1       1 PUL0461	1.14e-06
      1       1 PUL0472	4.53e-133
      1       1 PUL0474	1.67e-184
      1       1 PUL0527	8.30e-70
      1       1 PUL0530	6.84e-260
      1       1 PUL0584	1.39e-129
      1       1 PUL0588	9.14e-39
      1       1 PUL0601	4.59e-11
      1       1 PUL0601	5.06e-42
