      1       1 PUL0001	1.82e-131
      1       1 PUL0013	3.23e-09
      1       1 PUL0024	2.68e-21
      1       1 PUL0029	2.44e-41
      1       1 PUL0049	1.91e-35
      1       1 PUL0049	1.98e-320
      1       1 PUL0094	2.70e-114
      1       1 PUL0103	2.23e-209
      1       1 PUL0104	1.87e-107
      1       1 PUL0106	1.53e-184
      1       1 PUL0106	1.60e-18
      1       1 PUL0117	1.40e-09
      1       1 PUL0117	2.47e-19
      1       1 PUL0121	1.34e-19
      1       1 PUL0121	3.18e-77
      1       1 PUL0124	1.16e-158
      1       1 PUL0124	9.21e-04
      1       1 PUL0145	1.10e-265
      1       1 PUL0145	2.62e-80
      1       1 PUL0161	1.11e-10
      1       1 PUL0162	1.76e-47
      1       1 PUL0165	8.35e-80
      1       1 PUL0199	3.52e-150
      1       1 PUL0206	4.40e-149
      1       1 PUL0206	7.03e-247
      1       1 PUL0216	9.08e-101
      1       1 PUL0267	1.66e-284
      1       1 PUL0267	8.50e-225
      1       1 PUL0299	3.57e-80
      1       1 PUL0333	1.11e-182
      1       1 PUL0333	4.75e-112
      1       1 PUL0334	1.06e-170
      1       1 PUL0334	1.09e-20
      1       1 PUL0335	6.09e-185
      1       1 PUL0339	1.92e-279
      1       1 PUL0340	3.53e-103
      1       1 PUL0341	1.26e-177
      1       1 PUL0344	5.78e-140
      1       1 PUL0417	2.04e-152
      1       1 PUL0429	2.40e-22
      1       1 PUL0440	1.13e-200
      1       1 PUL0442	3.28e-282
      1       1 PUL0443	1.60e-180
      1       1 PUL0467	3.62e-55
      1       1 PUL0480	3.08e-15
      1       1 PUL0547	4.19e-141
      1       1 PUL0560	2.52e-110
      1       1 PUL0601	6.93e-47
