      1       1 PUL0017	1.04e-29
      1       1 PUL0017	4.02e-182
      1       1 PUL0024	4.20e-62
      1       1 PUL0024	6.68e-35
      1       1 PUL0029	1.89e-40
      1       1 PUL0049	1.51e-109
      1       1 PUL0049	1.83e-30
      1       1 PUL0049	7.76e-30
      1       1 PUL0050	5.38e-38
      1       1 PUL0070	1.76e-188
      1       1 PUL0101	1.62e-67
      1       1 PUL0106	1.15e-121
      1       1 PUL0106	2.77e-167
      1       1 PUL0106	4.10e-183
      1       1 PUL0108	1.78e-109
      1       1 PUL0113	2.10e-97
      1       1 PUL0121	1.99e-54
      1       1 PUL0121	2.57e-48
      1       1 PUL0121	3.64e-18
      1       1 PUL0121	3.72e-95
      1       1 PUL0124	3.45e-176
      1       1 PUL0145	2.08e-192
      1       1 PUL0148	3.89e-24
      1       1 PUL0162	6.91e-166
      1       1 PUL0180	2.23e-87
      1       1 PUL0212	3.26e-81
      1       1 PUL0225	1.21e-61
      1       1 PUL0230	6.88e-75
      1       1 PUL0248	8.93e-128
      1       1 PUL0267	4.21e-155
      1       1 PUL0267	7.82e-58
      1       1 PUL0281	2.36e-34
      1       1 PUL0294	6.15e-59
      1       1 PUL0335	2.09e-38
      1       1 PUL0335	5.93e-192
      1       1 PUL0336	4.62e-95
      1       1 PUL0336	7.68e-10
      1       1 PUL0337	1.93e-190
      1       1 PUL0337	5.08e-65
      1       1 PUL0340	1.04e-292
      1       1 PUL0340	1.92e-42
      1       1 PUL0340	2.00e-36
      1       1 PUL0340	9.57e-45
      1       1 PUL0341	4.55e-199
      1       1 PUL0406	9.85e-198
      1       1 PUL0413	3.58e-163
      1       1 PUL0454	7.18e-41
      1       1 PUL0460	2.17e-66
      1       1 PUL0489	1.62e-47
      1       1 PUL0493	8.45e-79
      1       1 PUL0494	1.40e-144
      1       1 PUL0583	2.52e-28
