      1       1 PUL0001	5.83e-146
      1       1 PUL0017	3.42e-186
      1       1 PUL0019	2.60e-93
      1       1 PUL0049	1.44e-304
      1       1 PUL0049	5.09e-146
      1       1 PUL0050	2.16e-117
      1       1 PUL0061	4.64e-155
      1       1 PUL0067	1.67e-215
      1       1 PUL0073	8.05e-33
      1       1 PUL0093	1.10e-47
      1       1 PUL0093	1.20e-185
      1       1 PUL0093	3.58e-14
      1       1 PUL0094	3.09e-146
      1       1 PUL0103	2.79e-228
      1       1 PUL0106	1.73e-90
      1       1 PUL0106	1.94e-300
      1       1 PUL0106	3.57e-171
      1       1 PUL0106	6.51e-126
      1       1 PUL0107	2.22e-23
      1       1 PUL0108	3.91e-46
      1       1 PUL0121	1.99e-18
      1       1 PUL0125	3.69e-138
      1       1 PUL0134	3.96e-52
      1       1 PUL0145	1.70e-224
      1       1 PUL0145	2.86e-284
      1       1 PUL0148	6.34e-36
      1       1 PUL0149	1.06e-62
      1       1 PUL0160	1.03e-262
      1       1 PUL0160	1.47e-294
      1       1 PUL0161	2.15e-104
      1       1 PUL0180	2.04e-148
      1       1 PUL0180	2.52e-44
      1       1 PUL0184	4.18e-19
      1       1 PUL0198	1.43e-192
      1       1 PUL0206	5.59e-207
      1       1 PUL0206	6.00e-143
      1       1 PUL0225	1.31e-59
      1       1 PUL0236	1.55e-112
      1       1 PUL0236	5.84e-141
      1       1 PUL0239	1.94e-106
      1       1 PUL0252	3.60e-278
      1       1 PUL0252	5.66e-301
      1       1 PUL0252	6.54e-292
      1       1 PUL0255	1.69e-33
      1       1 PUL0256	5.13e-135
      1       1 PUL0267	3.26e-312
      1       1 PUL0316	3.85e-100
      1       1 PUL0329	3.69e-67
      1       1 PUL0332	2.18e-50
      1       1 PUL0333	1.70e-161
      1       1 PUL0334	1.38e-17
      1       1 PUL0337	1.04e-143
      1       1 PUL0339	1.85e-47
      1       1 PUL0339	2.12e-238
      1       1 PUL0339	5.06e-263
      1       1 PUL0339	6.03e-04
      1       1 PUL0340	2.62e-146
      1       1 PUL0344	8.24e-98
      1       1 PUL0347	2.24e-30
      1       1 PUL0352	1.50e-171
      1       1 PUL0352	1.76e-149
      1       1 PUL0352	3.33e-190
      1       1 PUL0375	1.61e-120
      1       1 PUL0375	2.86e-121
      1       1 PUL0382	1.58e-89
      1       1 PUL0382	8.16e-215
      1       1 PUL0392	1.52e-131
      1       1 PUL0406	1.09e-184
      1       1 PUL0406	2.27e-07
      1       1 PUL0406	5.50e-180
      1       1 PUL0409	3.71e-05
      1       1 PUL0413	8.64e-42
      1       1 PUL0417	1.82e-183
      1       1 PUL0417	2.89e-12
      1       1 PUL0417	8.71e-135
      1       1 PUL0419	1.86e-303
      1       1 PUL0429	6.13e-18
      1       1 PUL0442	2.96e-281
      1       1 PUL0443	2.18e-17
      1       1 PUL0454	2.55e-26
      1       1 PUL0468	1.10e-11
      1       1 PUL0468	3.55e-205
      1       1 PUL0474	8.50e-148
      1       1 PUL0476	4.99e-239
      1       1 PUL0479	1.30e-05
      1       1 PUL0479	1.65e-320
      1       1 PUL0479	1.94e-234
      1       1 PUL0479	5.31e-214
      1       1 PUL0500	1.94e-60
      1       1 PUL0512	1.54e-108
      1       1 PUL0527	8.85e-270
      1       1 PUL0529	3.44e-07
      1       1 PUL0530	7.33e-47
      1       1 PUL0544	2.03e-300
      1       1 PUL0550	8.24e-22
      1       1 PUL0560	2.87e-91
      1       1 PUL0560	5.31e-48
      1       1 PUL0560	6.69e-53
      1       1 PUL0564	8.31e-10
      1       1 PUL0574	1.42e-47
