PUL0001;1
PUL0017;1
PUL0019;1
PUL0049;2
PUL0050;1
PUL0061;1
PUL0067;1
PUL0073;1
PUL0093;3
PUL0094;1
PUL0103;1
PUL0106;4
PUL0107;1
PUL0108;1
PUL0121;1
PUL0125;1
PUL0134;1
PUL0145;2
PUL0148;1
PUL0149;1
PUL0160;2
PUL0161;1
PUL0180;2
PUL0184;1
PUL0198;1
PUL0206;2
PUL0225;1
PUL0236;2
PUL0239;1
PUL0252;3
PUL0255;1
PUL0256;1
PUL0267;1
PUL0316;1
PUL0329;1
PUL0332;1
PUL0333;1
PUL0334;1
PUL0337;1
PUL0339;4
PUL0340;1
PUL0344;1
PUL0347;1
PUL0352;3
PUL0375;2
PUL0382;2
PUL0392;1
PUL0406;3
PUL0409;1
PUL0413;1
PUL0417;3
PUL0419;1
PUL0429;1
PUL0442;1
PUL0443;1
PUL0454;1
PUL0468;2
PUL0474;1
PUL0476;1
PUL0479;4
PUL0500;1
PUL0512;1
PUL0527;1
PUL0529;1
PUL0530;1
PUL0544;1
PUL0550;1
PUL0560;3
PUL0564;1
PUL0574;1
