      1       1 PUL0017	1.60e-29
      1       1 PUL0017	9.23e-182
      1       1 PUL0049	5.24e-110
      1       1 PUL0070	3.17e-188
      1       1 PUL0106	2.91e-183
      1       1 PUL0106	7.44e-120
      1       1 PUL0108	1.99e-107
      1       1 PUL0124	2.46e-176
      1       1 PUL0145	1.21e-192
      1       1 PUL0162	1.77e-166
      1       1 PUL0168	2.17e-30
      1       1 PUL0248	5.44e-128
      1       1 PUL0257	7.91e-12
      1       1 PUL0267	3.11e-154
      1       1 PUL0294	3.30e-59
      1       1 PUL0335	1.42e-191
      1       1 PUL0336	1.95e-93
      1       1 PUL0336	2.41e-10
      1       1 PUL0337	1.34e-189
      1       1 PUL0340	3.63e-292
      1       1 PUL0341	3.17e-198
      1       1 PUL0406	1.11e-196
      1       1 PUL0460	1.58e-76
      1       1 PUL0460	6.61e-67
      1       1 PUL0489	2.07e-48
      1       1 PUL0493	1.08e-78
      1       1 PUL0601	9.69e-62
