      1       1 PUL0038	4.10e-142
      1       1 PUL0045	4.49e-235
      1       1 PUL0063	1.85e-185
      1       1 PUL0067	1.26e-18
      1       1 PUL0067	1.51e-138
      1       1 PUL0067	2.17e-98
      1       1 PUL0067	3.34e-92
      1       1 PUL0067	8.36e-156
      1       1 PUL0092	5.64e-201
      1       1 PUL0094	5.75e-210
      1       1 PUL0101	1.16e-161
      1       1 PUL0103	3.78e-196
      1       1 PUL0106	1.09e-165
      1       1 PUL0134	4.01e-177
      1       1 PUL0145	2.09e-240
      1       1 PUL0145	3.33e-289
      1       1 PUL0145	7.68e-274
      1       1 PUL0152	7.45e-24
      1       1 PUL0160	4.77e-283
      1       1 PUL0179	5.06e-196
      1       1 PUL0180	5.68e-248
      1       1 PUL0184	2.46e-14
      1       1 PUL0199	2.45e-165
      1       1 PUL0206	3.66e-173
      1       1 PUL0218	1.11e-214
      1       1 PUL0225	9.24e-83
      1       1 PUL0235	1.42e-109
      1       1 PUL0241	4.52e-175
      1       1 PUL0267	1.92e-238
      1       1 PUL0267	8.03e-312
      1       1 PUL0300	3.29e-110
      1       1 PUL0316	1.32e-219
      1       1 PUL0329	1.86e-223
      1       1 PUL0329	6.98e-182
      1       1 PUL0334	1.94e-206
      1       1 PUL0335	2.54e-208
      1       1 PUL0339	2.67e-198
      1       1 PUL0344	7.53e-21
      1       1 PUL0345	7.47e-160
      1       1 PUL0362	8.27e-62
      1       1 PUL0406	4.05e-171
      1       1 PUL0435	1.07e-114
      1       1 PUL0439	1.81e-252
      1       1 PUL0443	6.58e-13
      1       1 PUL0459	1.05e-200
      1       1 PUL0460	2.10e-54
      1       1 PUL0472	3.88e-91
      1       1 PUL0473	2.91e-255
      1       1 PUL0476	8.89e-168
      1       1 PUL0478	8.80e-170
      1       1 PUL0478	9.19e-162
      1       1 PUL0479	2.63e-278
      1       1 PUL0479	5.07e-164
      1       1 PUL0479	6.00e-172
      1       1 PUL0482	2.25e-249
      1       1 PUL0482	6.37e-282
      1       1 PUL0483	1.80e-162
      1       1 PUL0485	3.05e-210
      1       1 PUL0485	3.39e-153
      1       1 PUL0492	2.75e-140
      1       1 PUL0501	1.85e-169
      1       1 PUL0507	3.72e-138
      1       1 PUL0526	6.91e-152
      1       1 PUL0527	3.46e-244
      1       1 PUL0586	2.34e-121
