PUL0038	1
PUL0045	1
PUL0063	1
PUL0067	5
PUL0092	1
PUL0094	1
PUL0101	1
PUL0103	1
PUL0106	1
PUL0134	1
PUL0145	3
PUL0152	1
PUL0160	1
PUL0179	1
PUL0180	1
PUL0184	1
PUL0199	1
PUL0206	1
PUL0218	1
PUL0225	1
PUL0235	1
PUL0241	1
PUL0267	2
PUL0300	1
PUL0316	1
PUL0329	2
PUL0334	1
PUL0335	1
PUL0339	1
PUL0344	1
PUL0345	1
PUL0362	1
PUL0406	1
PUL0435	1
PUL0439	1
PUL0443	1
PUL0459	1
PUL0460	1
PUL0472	1
PUL0473	1
PUL0476	1
PUL0478	2
PUL0479	3
PUL0482	2
PUL0483	1
PUL0485	2
PUL0492	1
PUL0501	1
PUL0507	1
PUL0526	1
PUL0527	1
PUL0586	1
