      1       1 PUL0010	1.06e-203
      1       1 PUL0017	9.00e-190
      1       1 PUL0037	7.71e-25
      1       1 PUL0041	1.31e-246
      1       1 PUL0049	2.94e-201
      1       1 PUL0058	2.30e-211
      1       1 PUL0069	6.08e-263
      1       1 PUL0100	2.68e-296
      1       1 PUL0106	1.50e-121
      1       1 PUL0168	2.25e-310
      1       1 PUL0181	7.50e-304
      1       1 PUL0246	1.45e-237
      1       1 PUL0248	1.47e-182
      1       1 PUL0267	2.82e-228
      1       1 PUL0324	1.48e-251
      1       1 PUL0329	4.92e-123
      1       1 PUL0335	2.32e-140
      1       1 PUL0335	3.12e-104
      1       1 PUL0347	5.45e-231
      1       1 PUL0390	1.85e-91
      1       1 PUL0396	1.70e-79
      1       1 PUL0404	1.41e-85
      1       1 PUL0460	4.31e-28
      1       1 PUL0461	1.34e-167
