      1       1 PUL0010	2.30e-76
      1       1 PUL0010	3.27e-51
      1       1 PUL0017	1.04e-171
      1       1 PUL0017	3.48e-186
      1       1 PUL0038	5.95e-143
      1       1 PUL0058	4.25e-92
      1       1 PUL0058	7.54e-218
      1       1 PUL0106	1.39e-185
      1       1 PUL0106	8.21e-221
      1       1 PUL0121	1.64e-247
      1       1 PUL0122	1.01e-177
      1       1 PUL0141	6.64e-42
      1       1 PUL0151	7.00e-21
      1       1 PUL0180	1.36e-107
      1       1 PUL0181	2.33e-143
      1       1 PUL0216	4.24e-23
      1       1 PUL0236	7.81e-10
      1       1 PUL0245	2.62e-253
      1       1 PUL0267	1.23e-221
      1       1 PUL0300	1.40e-95
      1       1 PUL0300	1.97e-92
      1       1 PUL0335	1.86e-93
      1       1 PUL0390	5.43e-31
      1       1 PUL0390	7.04e-71
      1       1 PUL0413	3.17e-196
      1       1 PUL0413	8.73e-214
      1       1 PUL0454	1.71e-38
      1       1 PUL0468	6.50e-46
      1       1 PUL0519	7.97e-128
      1       1 PUL0521	1.72e-12
      1       1 PUL0527	7.16e-177
      1       1 PUL0530	5.01e-25
      1       1 PUL0599	9.01e-124
