      1       1 PUL0001	7.67e-263
      1       1 PUL0017	7.47e-182
      1       1 PUL0017	9.37e-207
      1       1 PUL0024	1.52e-225
      1       1 PUL0025	1.45e-187
      1       1 PUL0058	1.30e-250
      1       1 PUL0058	1.89e-121
      1       1 PUL0070	1.34e-174
      1       1 PUL0103	5.09e-142
      1       1 PUL0106	5.40e-186
      1       1 PUL0124	1.24e-227
      1       1 PUL0134	6.50e-154
      1       1 PUL0162	3.85e-185
      1       1 PUL0329	2.72e-186
      1       1 PUL0333	1.59e-53
      1       1 PUL0337	3.60e-221
      1       1 PUL0340	3.55e-45
      1       1 PUL0390	5.17e-189
      1       1 PUL0406	4.26e-222
      1       1 PUL0493	1.55e-192
      1       1 PUL0519	4.76e-302
      1       1 PUL0576	1.62e-115
