      1       1 PUL0010	1.75e-204
      1       1 PUL0017	5.08e-189
      1       1 PUL0017	5.85e-110
      1       1 PUL0022	5.99e-215
      1       1 PUL0026	2.05e-53
      1       1 PUL0041	1.89e-175
      1       1 PUL0049	1.45e-34
      1       1 PUL0049	7.42e-203
      1       1 PUL0049	9.74e-14
      1       1 PUL0050	6.36e-89
      1       1 PUL0058	7.62e-212
      1       1 PUL0060	1.65e-214
      1       1 PUL0060	4.54e-114
      1       1 PUL0061	9.73e-226
      1       1 PUL0069	2.71e-263
      1       1 PUL0100	3.15e-298
      1       1 PUL0106	3.96e-165
      1       1 PUL0111	2.75e-310
      1       1 PUL0111	7.38e-240
      1       1 PUL0145	2.62e-175
      1       1 PUL0145	3.43e-178
      1       1 PUL0145	5.20e-185
      1       1 PUL0145	7.64e-182
      1       1 PUL0150	2.14e-166
      1       1 PUL0152	2.88e-105
      1       1 PUL0168	1.41e-309
      1       1 PUL0180	4.19e-83
      1       1 PUL0182	3.13e-173
      1       1 PUL0184	1.26e-28
      1       1 PUL0206	1.87e-223
      1       1 PUL0246	7.74e-237
      1       1 PUL0248	4.48e-183
      1       1 PUL0255	1.92e-34
      1       1 PUL0258	1.48e-13
      1       1 PUL0266	1.78e-56
      1       1 PUL0286	8.46e-135
      1       1 PUL0296	1.82e-117
      1       1 PUL0300	7.77e-55
      1       1 PUL0316	9.01e-132
      1       1 PUL0324	1.42e-229
      1       1 PUL0324	1.91e-164
      1       1 PUL0329	2.86e-123
      1       1 PUL0335	2.88e-92
      1       1 PUL0335	6.70e-141
      1       1 PUL0335	6.80e-104
      1       1 PUL0335	9.63e-202
      1       1 PUL0337	6.90e-40
      1       1 PUL0339	5.06e-11
      1       1 PUL0340	2.13e-44
      1       1 PUL0346	3.39e-14
      1       1 PUL0346	8.18e-21
      1       1 PUL0347	7.05e-232
      1       1 PUL0390	1.31e-42
      1       1 PUL0390	2.49e-75
      1       1 PUL0410	3.71e-24
      1       1 PUL0420	1.29e-210
      1       1 PUL0429	3.91e-26
      1       1 PUL0443	9.26e-05
      1       1 PUL0459	1.25e-180
      1       1 PUL0459	7.97e-34
      1       1 PUL0460	2.63e-74
      1       1 PUL0493	2.06e-50
      1       1 PUL0494	4.23e-19
      1       1 PUL0530	5.73e-276
      1       1 PUL0544	6.09e-16
      1       1 PUL0574	1.08e-102
      1       1 PUL0586	2.05e-242
