      1       1 PUL0017	3.16e-176
      1       1 PUL0049	1.76e-198
      1       1 PUL0061	3.39e-232
      1       1 PUL0093	3.64e-128
      1       1 PUL0106	1.99e-120
      1       1 PUL0106	3.43e-209
      1       1 PUL0106	5.69e-146
      1       1 PUL0108	1.30e-40
      1       1 PUL0108	1.36e-90
      1       1 PUL0108	4.88e-34
      1       1 PUL0145	1.36e-176
      1       1 PUL0145	2.11e-168
      1       1 PUL0145	6.05e-197
      1       1 PUL0180	1.26e-154
      1       1 PUL0267	1.14e-241
      1       1 PUL0267	1.26e-185
      1       1 PUL0296	1.06e-124
      1       1 PUL0296	8.20e-68
      1       1 PUL0309	3.13e-62
      1       1 PUL0309	7.97e-50
      1       1 PUL0329	2.79e-40
      1       1 PUL0333	6.48e-96
      1       1 PUL0335	1.90e-61
      1       1 PUL0335	3.16e-88
      1       1 PUL0335	4.47e-68
      1       1 PUL0336	1.96e-75
      1       1 PUL0337	6.75e-82
      1       1 PUL0339	1.07e-158
      1       1 PUL0340	3.25e-06
      1       1 PUL0340	9.94e-168
      1       1 PUL0369	1.40e-66
      1       1 PUL0390	5.92e-58
      1       1 PUL0410	8.66e-29
      1       1 PUL0413	8.19e-118
      1       1 PUL0414	7.69e-67
      1       1 PUL0428	1.89e-94
      1       1 PUL0429	2.23e-37
      1       1 PUL0459	6.32e-222
      1       1 PUL0530	1.85e-277
      1       1 PUL0584	1.02e-163
