      1       1 PUL0013	2.52e-207
      1       1 PUL0013	8.77e-18
      1       1 PUL0017	5.99e-193
      1       1 PUL0058	2.68e-206
      1       1 PUL0083	8.99e-241
      1       1 PUL0106	4.02e-219
      1       1 PUL0139	5.73e-176
      1       1 PUL0143	1.63e-146
      1       1 PUL0180	1.18e-119
      1       1 PUL0184	3.62e-39
      1       1 PUL0216	2.31e-46
      1       1 PUL0249	3.01e-212
      1       1 PUL0294	6.75e-200
      1       1 PUL0300	1.38e-45
      1       1 PUL0316	2.92e-89
      1       1 PUL0322	6.28e-239
      1       1 PUL0335	1.20e-157
      1       1 PUL0340	2.90e-127
      1       1 PUL0364	2.84e-134
      1       1 PUL0430	2.01e-312
      1       1 PUL0434	1.77e-127
      1       1 PUL0454	4.46e-190
      1       1 PUL0459	3.05e-21
      1       1 PUL0597	4.19e-300
