      1       1 PUL0016	1.92e-258
      1       1 PUL0017	5.89e-181
      1       1 PUL0017	5.95e-192
      1       1 PUL0020	7.75e-266
      1       1 PUL0029	6.87e-140
      1       1 PUL0037	3.52e-72
      1       1 PUL0048	4.90e-206
      1       1 PUL0106	7.04e-33
      1       1 PUL0122	1.91e-205
      1       1 PUL0130	2.16e-222
      1       1 PUL0168	1.52e-77
      1       1 PUL0195	1.48e-153
      1       1 PUL0195	4.83e-119
      1       1 PUL0196	1.59e-247
      1       1 PUL0196	2.45e-194
      1       1 PUL0212	3.00e-104
      1       1 PUL0230	3.17e-291
      1       1 PUL0335	3.63e-91
      1       1 PUL0335	4.62e-118
      1       1 PUL0341	3.51e-187
      1       1 PUL0390	6.52e-129
      1       1 PUL0413	6.34e-162
      1       1 PUL0451	1.05e-189
      1       1 PUL0530	6.81e-10
      1       1 PUL0560	1.31e-88
      1       1 PUL0582	3.19e-159
      1       1 PUL0584	1.06e-153
