      1       1 PUL0006	1.95e-203
      1       1 PUL0017	1.29e-202
      1       1 PUL0017	4.97e-180
      1       1 PUL0024	6.94e-213
      1       1 PUL0025	9.66e-160
      1       1 PUL0029	1.55e-172
      1       1 PUL0029	9.76e-50
      1       1 PUL0033	3.82e-40
      1       1 PUL0050	5.17e-88
      1       1 PUL0058	1.86e-119
      1       1 PUL0058	9.19e-259
      1       1 PUL0094	3.39e-88
      1       1 PUL0101	3.47e-134
      1       1 PUL0103	2.54e-130
      1       1 PUL0106	3.86e-186
      1       1 PUL0106	7.12e-208
      1       1 PUL0256	5.51e-171
      1       1 PUL0281	1.27e-16
      1       1 PUL0331	4.04e-44
      1       1 PUL0335	1.55e-153
      1       1 PUL0336	4.77e-17
      1       1 PUL0337	5.76e-108
      1       1 PUL0337	7.19e-202
      1       1 PUL0339	1.30e-162
      1       1 PUL0340	2.30e-311
      1       1 PUL0341	1.78e-257
      1       1 PUL0406	1.09e-210
      1       1 PUL0406	6.27e-20
      1       1 PUL0413	8.56e-33
      1       1 PUL0414	1.73e-103
      1       1 PUL0492	1.17e-40
      1       1 PUL0519	7.91e-313
      1       1 PUL0577	2.43e-160
      1       1 PUL0577	5.40e-171
      1       1 PUL0599	1.20e-129
