      1       1 PUL0049	4.72e-306
      1       1 PUL0069	2.41e-06
      1       1 PUL0101	5.34e-134
      1       1 PUL0106	3.40e-167
      1       1 PUL0106	3.98e-296
      1       1 PUL0106	7.59e-63
      1       1 PUL0108	3.63e-221
      1       1 PUL0178	8.65e-221
      1       1 PUL0180	3.67e-229
      1       1 PUL0225	2.97e-164
      1       1 PUL0256	3.98e-219
      1       1 PUL0267	3.23e-215
      1       1 PUL0334	1.04e-19
      1       1 PUL0334	2.36e-237
      1       1 PUL0335	6.71e-268
      1       1 PUL0340	3.20e-143
      1       1 PUL0463	1.77e-103
      1       1 PUL0502	2.58e-137
      1       1 PUL0516	5.18e-194
      1       1 PUL0521	7.98e-197
