      1       1 PUL0006	4.48e-201
      1       1 PUL0009	1.19e-87
      1       1 PUL0016	1.48e-179
      1       1 PUL0016	5.78e-141
      1       1 PUL0017	8.08e-183
      1       1 PUL0019	2.19e-105
      1       1 PUL0019	9.18e-74
      1       1 PUL0019	9.22e-159
      1       1 PUL0022	1.01e-167
      1       1 PUL0022	1.31e-171
      1       1 PUL0022	2.39e-135
      1       1 PUL0022	3.43e-219
      1       1 PUL0024	1.01e-32
      1       1 PUL0029	1.09e-39
      1       1 PUL0029	1.44e-189
      1       1 PUL0029	1.60e-110
      1       1 PUL0029	2.10e-84
      1       1 PUL0029	3.34e-209
      1       1 PUL0038	3.05e-91
      1       1 PUL0041	3.90e-196
      1       1 PUL0058	3.43e-266
      1       1 PUL0060	8.93e-76
      1       1 PUL0106	1.62e-234
      1       1 PUL0107	5.08e-173
      1       1 PUL0107	6.15e-142
      1       1 PUL0108	1.95e-113
      1       1 PUL0114	4.33e-190
      1       1 PUL0121	1.36e-212
      1       1 PUL0123	9.00e-52
      1       1 PUL0124	4.04e-102
      1       1 PUL0146	5.33e-04
      1       1 PUL0161	1.66e-19
      1       1 PUL0168	4.60e-21
      1       1 PUL0172	2.79e-90
      1       1 PUL0180	6.62e-117
      1       1 PUL0186	3.01e-160
      1       1 PUL0196	4.90e-71
      1       1 PUL0212	4.08e-142
      1       1 PUL0212	8.71e-179
      1       1 PUL0213	4.53e-258
      1       1 PUL0230	1.39e-115
      1       1 PUL0230	3.20e-102
      1       1 PUL0231	4.38e-194
      1       1 PUL0236	5.53e-78
      1       1 PUL0255	2.05e-52
      1       1 PUL0337	3.87e-118
      1       1 PUL0337	5.15e-207
      1       1 PUL0339	4.19e-44
      1       1 PUL0340	2.12e-24
      1       1 PUL0340	3.67e-186
      1       1 PUL0341	9.60e-277
      1       1 PUL0347	3.99e-313
      1       1 PUL0349	1.09e-121
      1       1 PUL0349	1.80e-218
      1       1 PUL0368	2.01e-87
      1       1 PUL0370	1.06e-155
      1       1 PUL0390	3.12e-119
      1       1 PUL0406	4.87e-36
      1       1 PUL0413	1.04e-119
      1       1 PUL0495	1.08e-85
      1       1 PUL0519	7.90e-89
      1       1 PUL0530	2.07e-279
      1       1 PUL0560	7.50e-67
      1       1 PUL0574	1.06e-79
      1       1 PUL0575	2.30e-233
