      1       1 PUL0012	4.36e-09
      1       1 PUL0013	6.74e-132
      1       1 PUL0017	5.87e-198
      1       1 PUL0029	8.55e-167
      1       1 PUL0038	3.02e-183
      1       1 PUL0050	5.84e-98
      1       1 PUL0061	2.19e-93
      1       1 PUL0070	2.15e-142
      1       1 PUL0094	2.89e-122
      1       1 PUL0106	2.13e-188
      1       1 PUL0121	1.82e-14
      1       1 PUL0121	3.89e-69
      1       1 PUL0184	2.08e-76
      1       1 PUL0246	9.83e-23
      1       1 PUL0267	1.32e-288
      1       1 PUL0267	4.46e-205
      1       1 PUL0341	7.14e-138
      1       1 PUL0406	2.51e-55
      1       1 PUL0406	4.38e-193
      1       1 PUL0406	5.33e-25
      1       1 PUL0462	6.43e-109
      1       1 PUL0514	1.77e-04
      1       1 PUL0517	7.20e-33
      1       1 PUL0527	5.90e-38
      1       1 PUL0530	1.60e-26
      1       1 PUL0593	6.97e-79
