      1       1 PUL0017	4.44e-182
      1       1 PUL0029	8.88e-41
      1       1 PUL0047	1.46e-57
      1       1 PUL0049	7.12e-40
      1       1 PUL0049	8.58e-148
      1       1 PUL0105	1.96e-72
      1       1 PUL0105	6.70e-46
      1       1 PUL0106	8.20e-114
      1       1 PUL0108	7.93e-44
      1       1 PUL0121	1.19e-55
      1       1 PUL0121	1.36e-16
      1       1 PUL0165	3.77e-06
      1       1 PUL0212	3.83e-154
      1       1 PUL0212	3.94e-143
      1       1 PUL0225	9.22e-117
      1       1 PUL0250	1.73e-69
      1       1 PUL0250	2.84e-109
      1       1 PUL0250	8.67e-104
      1       1 PUL0259	4.53e-79
      1       1 PUL0266	2.38e-32
      1       1 PUL0267	1.10e-242
      1       1 PUL0269	1.90e-51
      1       1 PUL0281	1.35e-27
      1       1 PUL0281	1.47e-30
      1       1 PUL0296	8.21e-81
      1       1 PUL0300	8.09e-14
      1       1 PUL0309	1.00e-69
      1       1 PUL0333	1.38e-47
      1       1 PUL0336	7.66e-31
      1       1 PUL0340	2.01e-98
      1       1 PUL0340	9.27e-159
      1       1 PUL0396	3.01e-22
      1       1 PUL0406	1.06e-93
      1       1 PUL0406	1.22e-53
      1       1 PUL0429	1.39e-19
      1       1 PUL0454	7.61e-46
      1       1 PUL0460	1.05e-25
      1       1 PUL0516	2.11e-90
      1       1 PUL0530	3.92e-36
      1       1 PUL0584	3.10e-125
