      1       1 PUL0006	2.15e-160
      1       1 PUL0017	6.62e-203
      1       1 PUL0022	1.43e-202
      1       1 PUL0029	8.05e-46
      1       1 PUL0038	6.94e-165
      1       1 PUL0058	1.12e-291
      1       1 PUL0099	4.52e-245
      1       1 PUL0145	1.69e-41
      1       1 PUL0180	1.45e-140
      1       1 PUL0180	1.48e-23
      1       1 PUL0214	4.71e-102
      1       1 PUL0238	9.38e-76
      1       1 PUL0265	5.96e-225
      1       1 PUL0282	7.34e-15
      1       1 PUL0300	8.84e-102
      1       1 PUL0327	2.68e-205
      1       1 PUL0333	3.27e-101
      1       1 PUL0340	6.77e-117
      1       1 PUL0347	4.47e-286
      1       1 PUL0584	4.33e-185
