      1       1 PUL0001	3.57e-166
      1       1 PUL0011	1.64e-227
      1       1 PUL0011	3.98e-158
      1       1 PUL0017	1.01e-219
      1       1 PUL0017	6.08e-161
      1       1 PUL0024	3.79e-15
      1       1 PUL0024	4.45e-214
      1       1 PUL0029	1.62e-91
      1       1 PUL0030	2.12e-90
      1       1 PUL0040	2.35e-181
      1       1 PUL0044	6.62e-188
      1       1 PUL0049	1.29e-13
      1       1 PUL0083	5.37e-161
      1       1 PUL0085	1.92e-254
      1       1 PUL0086	3.47e-203
      1       1 PUL0121	2.08e-21
      1       1 PUL0124	3.55e-225
      1       1 PUL0124	4.06e-214
      1       1 PUL0124	4.88e-180
      1       1 PUL0168	2.62e-137
      1       1 PUL0180	2.09e-04
      1       1 PUL0227	7.76e-192
      1       1 PUL0230	1.26e-96
      1       1 PUL0299	8.62e-85
      1       1 PUL0335	1.89e-143
      1       1 PUL0335	5.17e-48
      1       1 PUL0341	1.21e-206
      1       1 PUL0341	2.27e-08
      1       1 PUL0349	1.42e-85
      1       1 PUL0385	5.33e-234
      1       1 PUL0406	3.32e-223
      1       1 PUL0434	1.06e-195
      1       1 PUL0482	1.37e-140
      1       1 PUL0527	3.00e-41
      1       1 PUL0598	9.47e-240
      1       1 PUL0602	3.91e-16
