      1       1 PUL0009	1.23e-123
      1       1 PUL0017	3.75e-159
      1       1 PUL0029	5.24e-36
      1       1 PUL0038	4.94e-258
      1       1 PUL0050	4.84e-98
      1       1 PUL0061	2.36e-95
      1       1 PUL0070	1.58e-168
      1       1 PUL0101	1.69e-60
      1       1 PUL0106	1.21e-10
      1       1 PUL0106	1.68e-20
      1       1 PUL0106	3.27e-178
      1       1 PUL0108	2.20e-34
      1       1 PUL0108	5.60e-42
      1       1 PUL0121	2.98e-100
      1       1 PUL0176	1.29e-51
      1       1 PUL0205	8.56e-90
      1       1 PUL0217	1.21e-45
      1       1 PUL0236	2.86e-91
      1       1 PUL0267	2.03e-75
      1       1 PUL0267	8.11e-223
      1       1 PUL0291	3.17e-24
      1       1 PUL0300	1.33e-100
      1       1 PUL0316	1.50e-64
      1       1 PUL0333	9.52e-78
      1       1 PUL0335	1.19e-171
      1       1 PUL0335	5.00e-72
      1       1 PUL0339	3.18e-163
      1       1 PUL0339	4.84e-17
      1       1 PUL0340	5.31e-140
      1       1 PUL0365	1.70e-123
      1       1 PUL0368	7.92e-63
      1       1 PUL0390	1.18e-35
      1       1 PUL0399	2.72e-23
      1       1 PUL0404	4.43e-42
      1       1 PUL0413	1.60e-119
      1       1 PUL0429	6.93e-113
      1       1 PUL0454	2.86e-35
      1       1 PUL0454	4.97e-41
      1       1 PUL0459	2.93e-10
      1       1 PUL0459	3.00e-29
      1       1 PUL0460	2.95e-60
      1       1 PUL0460	7.56e-93
      1       1 PUL0475	1.78e-135
      1       1 PUL0572	7.76e-56
      1       1 PUL0577	6.91e-48
      1       1 PUL0584	3.42e-139
      1       1 PUL0598	2.17e-112
