      1       1 PUL0010	6.35e-204
      1       1 PUL0017	2.77e-189
      1       1 PUL0041	2.57e-245
      1       1 PUL0049	3.73e-200
      1       1 PUL0050	6.11e-89
      1       1 PUL0058	1.41e-211
      1       1 PUL0061	7.99e-227
      1       1 PUL0069	1.30e-263
      1       1 PUL0100	4.73e-296
      1       1 PUL0106	4.86e-226
      1       1 PUL0111	3.80e-308
      1       1 PUL0134	4.47e-44
      1       1 PUL0168	5.31e-310
      1       1 PUL0181	5.14e-303
      1       1 PUL0248	1.08e-182
      1       1 PUL0267	1.41e-227
      1       1 PUL0298	4.54e-47
      1       1 PUL0300	6.63e-55
      1       1 PUL0316	2.15e-131
      1       1 PUL0329	1.81e-122
      1       1 PUL0347	1.93e-231
      1       1 PUL0410	1.04e-319
      1       1 PUL0461	4.25e-167
      1       1 PUL0584	4.67e-150
