      1       1 PUL0017	2.81e-197
      1       1 PUL0017	6.26e-06
      1       1 PUL0024	8.50e-210
      1       1 PUL0029	2.89e-120
      1       1 PUL0038	2.18e-170
      1       1 PUL0049	5.46e-91
      1       1 PUL0058	6.93e-147
      1       1 PUL0106	3.66e-175
      1       1 PUL0108	9.46e-27
      1       1 PUL0113	9.24e-120
      1       1 PUL0121	1.52e-186
      1       1 PUL0121	1.85e-14
      1       1 PUL0121	5.96e-26
      1       1 PUL0121	7.17e-42
      1       1 PUL0124	2.30e-204
      1       1 PUL0124	3.81e-19
      1       1 PUL0227	1.05e-85
      1       1 PUL0236	4.95e-126
      1       1 PUL0267	5.99e-181
      1       1 PUL0292	2.53e-31
      1       1 PUL0299	4.89e-74
      1       1 PUL0300	1.55e-110
      1       1 PUL0335	2.38e-140
      1       1 PUL0335	3.08e-135
      1       1 PUL0335	3.61e-112
      1       1 PUL0341	8.83e-183
      1       1 PUL0368	1.09e-83
      1       1 PUL0406	1.54e-103
      1       1 PUL0406	1.90e-25
      1       1 PUL0406	6.08e-154
      1       1 PUL0530	1.97e-31
      1       1 PUL0576	7.82e-113
