      1       1 PUL0049	3.29e-307
      1       1 PUL0058	1.58e-163
      1       1 PUL0090	7.01e-176
      1       1 PUL0103	1.66e-214
      1       1 PUL0106	1.51e-54
      1       1 PUL0106	4.13e-298
      1       1 PUL0108	5.74e-89
      1       1 PUL0115	8.58e-209
      1       1 PUL0121	5.60e-109
      1       1 PUL0125	1.16e-134
      1       1 PUL0145	1.56e-246
      1       1 PUL0145	1.78e-291
      1       1 PUL0145	2.28e-273
      1       1 PUL0145	3.42e-287
      1       1 PUL0161	2.30e-129
      1       1 PUL0184	1.01e-78
      1       1 PUL0199	2.26e-156
      1       1 PUL0206	2.44e-141
      1       1 PUL0206	4.92e-232
      1       1 PUL0235	5.62e-145
      1       1 PUL0240	5.41e-77
      1       1 PUL0267	2.21e-226
      1       1 PUL0267	5.03e-294
      1       1 PUL0296	3.87e-118
      1       1 PUL0300	2.13e-49
      1       1 PUL0333	1.33e-95
      1       1 PUL0334	2.27e-158
      1       1 PUL0336	6.61e-97
      1       1 PUL0339	1.18e-263
      1       1 PUL0340	6.89e-144
      1       1 PUL0344	1.64e-127
      1       1 PUL0380	3.49e-175
      1       1 PUL0401	2.11e-100
      1       1 PUL0406	8.59e-04
      1       1 PUL0420	7.86e-294
      1       1 PUL0435	4.89e-160
      1       1 PUL0443	1.34e-141
      1       1 PUL0443	9.14e-176
      1       1 PUL0474	1.07e-309
      1       1 PUL0527	2.89e-269
      1       1 PUL0547	1.50e-35
