      1       1 PUL0010	1.75e-204
      1       1 PUL0017	1.58e-189
      1       1 PUL0017	2.07e-152
      1       1 PUL0024	3.39e-18
      1       1 PUL0041	2.16e-245
      1       1 PUL0041	2.32e-175
      1       1 PUL0049	1.54e-202
      1       1 PUL0050	6.40e-89
      1       1 PUL0058	7.55e-212
      1       1 PUL0061	3.38e-226
      1       1 PUL0069	1.22e-263
      1       1 PUL0088	4.91e-128
      1       1 PUL0100	1.24e-298
      1       1 PUL0101	4.01e-31
      1       1 PUL0106	8.80e-40
      1       1 PUL0145	1.99e-178
      1       1 PUL0168	5.13e-310
      1       1 PUL0181	1.40e-309
      1       1 PUL0230	1.35e-80
      1       1 PUL0246	3.33e-236
      1       1 PUL0248	4.49e-183
      1       1 PUL0266	4.09e-56
      1       1 PUL0267	2.23e-228
      1       1 PUL0286	1.41e-134
      1       1 PUL0296	4.07e-117
      1       1 PUL0303	3.46e-46
      1       1 PUL0316	9.07e-132
      1       1 PUL0316	9.64e-114
      1       1 PUL0324	9.23e-234
      1       1 PUL0329	1.27e-121
      1       1 PUL0335	3.82e-141
      1       1 PUL0335	4.43e-67
      1       1 PUL0347	1.92e-232
      1       1 PUL0390	8.66e-76
      1       1 PUL0410	1.78e-08
      1       1 PUL0413	3.92e-127
      1       1 PUL0420	3.52e-211
      1       1 PUL0449	3.58e-227
      1       1 PUL0449	7.21e-156
      1       1 PUL0458	1.32e-32
      1       1 PUL0459	2.63e-199
      1       1 PUL0460	3.22e-74
      1       1 PUL0461	2.41e-31
      1       1 PUL0584	2.29e-147
      1       1 PUL0586	1.09e-241
      1       1 PUL0599	1.92e-110
