      1       1 PUL0017	4.52e-182
      1       1 PUL0019	1.76e-59
      1       1 PUL0024	1.22e-122
      1       1 PUL0024	2.64e-07
      1       1 PUL0024	4.44e-11
      1       1 PUL0047	2.12e-56
      1       1 PUL0049	1.01e-31
      1       1 PUL0049	2.42e-109
      1       1 PUL0050	3.19e-38
      1       1 PUL0070	1.98e-188
      1       1 PUL0093	5.11e-103
      1       1 PUL0101	2.40e-55
      1       1 PUL0106	1.50e-07
      1       1 PUL0106	3.57e-182
      1       1 PUL0106	3.88e-16
      1       1 PUL0106	8.68e-169
      1       1 PUL0108	4.93e-109
      1       1 PUL0121	1.49e-36
      1       1 PUL0121	3.17e-35
      1       1 PUL0121	7.83e-48
      1       1 PUL0124	1.19e-65
      1       1 PUL0124	1.64e-176
      1       1 PUL0124	6.25e-13
      1       1 PUL0126	1.07e-29
      1       1 PUL0145	1.15e-193
      1       1 PUL0148	1.26e-25
      1       1 PUL0161	1.17e-33
      1       1 PUL0162	1.25e-166
      1       1 PUL0169	7.88e-13
      1       1 PUL0178	5.99e-43
      1       1 PUL0180	3.52e-158
      1       1 PUL0184	6.98e-23
      1       1 PUL0212	1.88e-80
      1       1 PUL0230	4.98e-76
      1       1 PUL0240	2.51e-91
      1       1 PUL0248	5.39e-129
      1       1 PUL0254	3.96e-119
      1       1 PUL0256	5.39e-143
      1       1 PUL0267	1.55e-154
      1       1 PUL0269	4.70e-68
      1       1 PUL0281	2.77e-34
      1       1 PUL0294	6.26e-90
      1       1 PUL0300	3.03e-121
      1       1 PUL0335	1.49e-170
      1       1 PUL0335	1.57e-60
      1       1 PUL0335	2.84e-122
      1       1 PUL0335	4.82e-104
      1       1 PUL0335	9.16e-192
      1       1 PUL0336	2.68e-10
      1       1 PUL0336	6.05e-92
      1       1 PUL0337	1.39e-191
      1       1 PUL0337	2.97e-66
      1       1 PUL0340	2.07e-143
      1       1 PUL0340	3.91e-293
      1       1 PUL0340	5.32e-42
      1       1 PUL0340	6.53e-10
      1       1 PUL0341	3.48e-198
      1       1 PUL0396	3.36e-21
      1       1 PUL0404	3.96e-17
      1       1 PUL0404	6.89e-89
      1       1 PUL0406	1.21e-127
      1       1 PUL0406	2.14e-205
      1       1 PUL0406	4.34e-15
      1       1 PUL0406	9.18e-118
      1       1 PUL0413	2.22e-126
      1       1 PUL0413	3.15e-166
      1       1 PUL0413	3.66e-14
      1       1 PUL0460	2.02e-77
      1       1 PUL0460	2.14e-53
      1       1 PUL0460	4.49e-69
      1       1 PUL0460	4.86e-06
      1       1 PUL0489	1.34e-47
      1       1 PUL0491	1.31e-07
      1       1 PUL0493	7.79e-80
      1       1 PUL0527	9.28e-88
      1       1 PUL0530	5.53e-53
      1       1 PUL0595	4.72e-105
