      1       1 PUL0013	6.19e-35
      1       1 PUL0017	1.03e-186
      1       1 PUL0017	3.06e-147
      1       1 PUL0024	1.18e-78
      1       1 PUL0038	8.09e-53
      1       1 PUL0039	5.37e-19
      1       1 PUL0049	2.40e-29
      1       1 PUL0049	7.60e-205
      1       1 PUL0049	8.55e-26
      1       1 PUL0070	1.56e-266
      1       1 PUL0093	1.28e-177
      1       1 PUL0106	1.66e-168
      1       1 PUL0106	1.82e-116
      1       1 PUL0106	3.60e-215
      1       1 PUL0108	5.17e-16
      1       1 PUL0121	1.04e-16
      1       1 PUL0121	5.55e-165
      1       1 PUL0121	5.98e-114
      1       1 PUL0121	8.05e-96
      1       1 PUL0145	1.06e-183
      1       1 PUL0145	1.85e-132
      1       1 PUL0152	2.48e-125
      1       1 PUL0162	1.56e-07
      1       1 PUL0180	2.98e-84
      1       1 PUL0180	5.75e-161
      1       1 PUL0210	4.79e-25
      1       1 PUL0216	7.35e-100
      1       1 PUL0225	3.74e-63
      1       1 PUL0226	1.41e-42
      1       1 PUL0227	1.82e-19
      1       1 PUL0227	5.10e-20
      1       1 PUL0267	5.86e-222
      1       1 PUL0269	3.13e-17
      1       1 PUL0291	5.70e-34
      1       1 PUL0294	4.48e-13
      1       1 PUL0299	7.46e-39
      1       1 PUL0303	8.84e-36
      1       1 PUL0311	1.46e-192
      1       1 PUL0324	5.06e-199
      1       1 PUL0335	2.89e-59
      1       1 PUL0335	6.56e-111
      1       1 PUL0336	5.24e-54
      1       1 PUL0337	3.80e-84
      1       1 PUL0339	4.54e-154
      1       1 PUL0340	1.63e-140
      1       1 PUL0340	2.17e-06
      1       1 PUL0340	3.38e-63
      1       1 PUL0340	3.55e-163
      1       1 PUL0390	4.60e-59
      1       1 PUL0390	4.74e-102
      1       1 PUL0396	1.84e-29
      1       1 PUL0396	2.31e-63
      1       1 PUL0404	2.20e-38
      1       1 PUL0413	1.25e-50
      1       1 PUL0413	1.60e-37
      1       1 PUL0413	8.29e-160
      1       1 PUL0414	1.40e-44
      1       1 PUL0429	3.11e-41
      1       1 PUL0429	8.84e-29
      1       1 PUL0454	3.15e-19
      1       1 PUL0459	1.08e-31
      1       1 PUL0460	1.06e-32
      1       1 PUL0460	1.47e-52
      1       1 PUL0460	2.39e-24
      1       1 PUL0460	2.86e-32
      1       1 PUL0500	3.83e-47
      1       1 PUL0527	7.27e-70
      1       1 PUL0530	4.17e-35
