      1       1 PUL0009	9.83e-78
      1       1 PUL0017	1.90e-175
      1       1 PUL0029	1.08e-72
      1       1 PUL0036	3.66e-95
      1       1 PUL0049	9.58e-37
      1       1 PUL0050	2.93e-80
      1       1 PUL0061	1.75e-225
      1       1 PUL0070	4.60e-22
      1       1 PUL0075	8.96e-24
      1       1 PUL0101	1.45e-196
      1       1 PUL0106	1.16e-13
      1       1 PUL0106	3.18e-89
      1       1 PUL0106	4.77e-131
      1       1 PUL0106	8.58e-188
      1       1 PUL0108	2.89e-86
      1       1 PUL0108	4.84e-37
      1       1 PUL0109	1.19e-144
      1       1 PUL0121	1.54e-30
      1       1 PUL0121	2.16e-67
      1       1 PUL0121	2.64e-80
      1       1 PUL0121	8.30e-175
      1       1 PUL0123	6.16e-46
      1       1 PUL0124	4.94e-78
      1       1 PUL0124	5.68e-42
      1       1 PUL0134	4.42e-21
      1       1 PUL0143	1.02e-49
      1       1 PUL0145	1.72e-188
      1       1 PUL0145	1.77e-36
      1       1 PUL0145	5.04e-206
      1       1 PUL0146	4.99e-05
      1       1 PUL0151	5.76e-15
      1       1 PUL0161	1.24e-15
      1       1 PUL0161	6.01e-52
      1       1 PUL0180	3.56e-71
      1       1 PUL0180	5.81e-157
      1       1 PUL0199	5.34e-49
      1       1 PUL0225	2.80e-107
      1       1 PUL0226	1.79e-09
      1       1 PUL0226	2.18e-09
      1       1 PUL0240	5.11e-108
      1       1 PUL0267	1.78e-172
      1       1 PUL0267	5.21e-227
      1       1 PUL0267	7.28e-228
      1       1 PUL0269	2.44e-21
      1       1 PUL0286	1.13e-122
      1       1 PUL0292	3.03e-38
      1       1 PUL0299	2.72e-73
      1       1 PUL0311	8.08e-235
      1       1 PUL0333	6.21e-106
      1       1 PUL0336	5.48e-08
      1       1 PUL0339	2.73e-169
      1       1 PUL0339	3.62e-53
      1       1 PUL0340	4.57e-73
      1       1 PUL0340	5.65e-228
      1       1 PUL0341	2.70e-158
      1       1 PUL0346	5.95e-09
      1       1 PUL0365	3.39e-57
      1       1 PUL0375	1.50e-51
      1       1 PUL0375	1.90e-51
      1       1 PUL0375	3.83e-71
      1       1 PUL0375	9.73e-101
      1       1 PUL0401	2.21e-36
      1       1 PUL0406	4.90e-117
      1       1 PUL0414	6.87e-80
      1       1 PUL0414	8.44e-104
      1       1 PUL0449	1.00e-27
      1       1 PUL0458	5.47e-08
      1       1 PUL0459	7.32e-11
      1       1 PUL0459	7.34e-06
      1       1 PUL0460	7.13e-68
      1       1 PUL0460	7.68e-18
      1       1 PUL0494	2.74e-32
      1       1 PUL0530	1.44e-47
      1       1 PUL0577	1.70e-13
      1       1 PUL0584	2.60e-151
      1       1 PUL0599	4.47e-68
