PUL0009;1
PUL0017;1
PUL0029;1
PUL0036;1
PUL0049;1
PUL0050;1
PUL0061;1
PUL0070;1
PUL0075;1
PUL0101;1
PUL0106;4
PUL0108;2
PUL0109;1
PUL0121;4
PUL0123;1
PUL0124;2
PUL0134;1
PUL0143;1
PUL0145;3
PUL0146;1
PUL0151;1
PUL0161;2
PUL0180;2
PUL0199;1
PUL0225;1
PUL0226;2
PUL0240;1
PUL0267;3
PUL0269;1
PUL0286;1
PUL0292;1
PUL0299;1
PUL0311;1
PUL0333;1
PUL0336;1
PUL0339;2
PUL0340;2
PUL0341;1
PUL0346;1
PUL0365;1
PUL0375;4
PUL0401;1
PUL0406;1
PUL0414;2
PUL0449;1
PUL0458;1
PUL0459;2
PUL0460;2
PUL0494;1
PUL0530;1
PUL0577;1
PUL0584;1
PUL0599;1
