      1       1 PUL0017	2.90e-185
      1       1 PUL0017	4.04e-159
      1       1 PUL0038	3.28e-144
      1       1 PUL0049	2.01e-144
      1       1 PUL0050	2.68e-87
      1       1 PUL0058	1.42e-207
      1       1 PUL0075	1.95e-140
      1       1 PUL0101	3.19e-25
      1       1 PUL0103	9.65e-89
      1       1 PUL0105	1.92e-57
      1       1 PUL0106	1.05e-48
      1       1 PUL0106	2.45e-185
      1       1 PUL0121	3.65e-40
      1       1 PUL0124	9.38e-179
      1       1 PUL0145	1.52e-190
      1       1 PUL0145	2.39e-65
      1       1 PUL0145	3.02e-100
      1       1 PUL0152	2.02e-104
      1       1 PUL0180	4.30e-152
      1       1 PUL0212	1.06e-162
      1       1 PUL0225	2.18e-77
      1       1 PUL0227	2.44e-79
      1       1 PUL0267	1.34e-225
      1       1 PUL0270	1.02e-112
      1       1 PUL0270	7.25e-64
      1       1 PUL0282	6.38e-14
      1       1 PUL0282	7.68e-30
      1       1 PUL0294	2.25e-72
      1       1 PUL0303	7.46e-68
      1       1 PUL0316	9.51e-114
      1       1 PUL0329	1.22e-180
      1       1 PUL0333	7.55e-95
      1       1 PUL0335	1.22e-79
      1       1 PUL0335	1.28e-84
      1       1 PUL0335	2.61e-204
      1       1 PUL0335	7.91e-83
      1       1 PUL0337	2.02e-57
      1       1 PUL0339	9.11e-172
      1       1 PUL0341	3.95e-165
      1       1 PUL0347	5.46e-13
      1       1 PUL0390	3.62e-87
      1       1 PUL0406	1.10e-114
      1       1 PUL0429	1.76e-120
      1       1 PUL0429	8.83e-38
      1       1 PUL0441	2.30e-11
      1       1 PUL0454	9.07e-52
      1       1 PUL0458	1.49e-35
      1       1 PUL0458	7.24e-16
      1       1 PUL0459	4.25e-29
      1       1 PUL0493	1.07e-76
      1       1 PUL0506	2.58e-135
