      1       1 PUL0038	9.22e-181
      1       1 PUL0106	3.46e-184
      1       1 PUL0121	1.34e-74
      1       1 PUL0121	7.34e-68
      1       1 PUL0145	1.81e-181
      1       1 PUL0145	2.19e-173
      1       1 PUL0145	3.40e-138
      1       1 PUL0145	4.05e-169
      1       1 PUL0180	4.85e-148
      1       1 PUL0216	1.46e-58
      1       1 PUL0247	6.06e-214
      1       1 PUL0267	7.66e-222
      1       1 PUL0309	1.39e-53
      1       1 PUL0333	1.29e-106
      1       1 PUL0337	4.87e-157
      1       1 PUL0340	3.80e-157
      1       1 PUL0404	1.78e-89
      1       1 PUL0413	4.29e-162
      1       1 PUL0428	1.04e-91
      1       1 PUL0431	2.05e-172
      1       1 PUL0458	3.80e-14
      1       1 PUL0530	3.92e-282
      1       1 PUL0532	2.42e-13
