      1       1 PUL0013	3.64e-215
      1       1 PUL0058	6.34e-206
      1       1 PUL0083	2.41e-240
      1       1 PUL0106	1.16e-217
      1       1 PUL0139	2.27e-176
      1       1 PUL0143	6.42e-147
      1       1 PUL0180	7.02e-120
      1       1 PUL0249	3.55e-211
      1       1 PUL0251	1.21e-11
      1       1 PUL0266	7.97e-59
      1       1 PUL0274	1.09e-151
      1       1 PUL0294	4.61e-34
      1       1 PUL0316	1.27e-73
      1       1 PUL0316	2.65e-90
      1       1 PUL0322	5.76e-239
      1       1 PUL0340	3.22e-127
      1       1 PUL0347	4.18e-151
      1       1 PUL0364	2.81e-134
      1       1 PUL0390	1.53e-74
      1       1 PUL0441	1.18e-06
      1       1 PUL0459	3.05e-21
      1       1 PUL0597	2.21e-300
      1       1 PUL0597	8.79e-150
