      1       1 PUL0017	3.91e-186
      1       1 PUL0029	4.29e-49
      1       1 PUL0049	3.57e-49
      1       1 PUL0049	4.93e-307
      1       1 PUL0057	2.52e-120
      1       1 PUL0061	7.75e-159
      1       1 PUL0094	8.33e-118
      1       1 PUL0101	2.23e-11
      1       1 PUL0104	8.96e-112
      1       1 PUL0106	1.22e-79
      1       1 PUL0106	3.22e-314
      1       1 PUL0106	4.73e-33
      1       1 PUL0124	1.66e-63
      1       1 PUL0161	2.21e-81
      1       1 PUL0178	3.46e-187
      1       1 PUL0220	1.10e-52
      1       1 PUL0227	2.24e-71
      1       1 PUL0256	2.69e-124
      1       1 PUL0267	1.99e-312
      1       1 PUL0267	2.84e-221
      1       1 PUL0281	7.00e-36
      1       1 PUL0286	1.39e-70
      1       1 PUL0299	6.81e-85
      1       1 PUL0316	2.78e-80
      1       1 PUL0316	5.85e-31
      1       1 PUL0329	9.29e-23
      1       1 PUL0333	2.56e-172
      1       1 PUL0333	4.86e-105
      1       1 PUL0334	3.45e-71
      1       1 PUL0336	3.24e-149
      1       1 PUL0336	5.52e-124
      1       1 PUL0337	1.03e-132
      1       1 PUL0339	1.05e-240
      1       1 PUL0339	3.51e-116
      1       1 PUL0339	5.39e-164
      1       1 PUL0340	9.03e-96
      1       1 PUL0382	4.35e-68
      1       1 PUL0401	2.57e-133
      1       1 PUL0409	1.62e-65
      1       1 PUL0409	1.95e-42
      1       1 PUL0454	3.84e-40
      1       1 PUL0460	2.56e-29
      1       1 PUL0468	1.96e-14
      1       1 PUL0471	7.44e-08
      1       1 PUL0474	5.86e-191
      1       1 PUL0492	7.08e-06
      1       1 PUL0502	5.35e-169
      1       1 PUL0510	2.04e-89
      1       1 PUL0518	5.70e-15
      1       1 PUL0521	7.67e-148
      1       1 PUL0526	8.37e-114
      1       1 PUL0526	9.35e-117
      1       1 PUL0527	1.05e-247
      1       1 PUL0527	3.15e-142
      1       1 PUL0530	1.10e-63
      1       1 PUL0530	7.38e-45
      1       1 PUL0548	6.47e-06
      1       1 PUL0560	9.11e-08
