      1       1 PUL0013	1.45e-80
      1       1 PUL0017	1.26e-199
      1       1 PUL0017	6.15e-182
      1       1 PUL0058	2.26e-151
      1       1 PUL0070	4.41e-157
      1       1 PUL0081	4.54e-42
      1       1 PUL0103	9.73e-63
      1       1 PUL0106	1.42e-174
      1       1 PUL0106	1.82e-30
      1       1 PUL0106	3.50e-79
      1       1 PUL0106	6.19e-131
      1       1 PUL0106	7.78e-10
      1       1 PUL0121	1.29e-70
      1       1 PUL0121	6.11e-28
      1       1 PUL0139	1.42e-19
      1       1 PUL0145	6.11e-80
      1       1 PUL0168	7.33e-94
      1       1 PUL0212	4.89e-153
      1       1 PUL0226	2.14e-57
      1       1 PUL0248	3.28e-91
      1       1 PUL0250	5.22e-175
      1       1 PUL0267	2.68e-296
      1       1 PUL0333	2.69e-25
      1       1 PUL0333	9.21e-63
      1       1 PUL0335	1.36e-190
      1       1 PUL0335	5.67e-91
      1       1 PUL0339	2.37e-164
      1       1 PUL0339	7.08e-146
      1       1 PUL0341	8.15e-131
      1       1 PUL0368	7.84e-29
      1       1 PUL0390	7.03e-31
      1       1 PUL0406	3.78e-167
      1       1 PUL0413	6.38e-143
      1       1 PUL0413	7.85e-71
      1       1 PUL0414	6.98e-10
      1       1 PUL0429	7.90e-91
      1       1 PUL0454	5.05e-48
      1       1 PUL0460	9.94e-43
      1       1 PUL0502	4.61e-32
      1       1 PUL0502	5.49e-142
      1       1 PUL0507	1.30e-32
      1       1 PUL0516	4.01e-124
      1       1 PUL0527	9.18e-58
      1       1 PUL0530	7.55e-154
      1       1 PUL0560	9.70e-116
      1       1 PUL0584	6.66e-106
