      1       1 PUL0024	3.61e-63
      1       1 PUL0029	1.78e-40
      1       1 PUL0047	1.54e-161
      1       1 PUL0047	6.22e-56
      1       1 PUL0049	9.52e-110
      1       1 PUL0050	1.05e-37
      1       1 PUL0070	6.51e-189
      1       1 PUL0101	2.04e-55
      1       1 PUL0101	2.30e-57
      1       1 PUL0106	2.08e-167
      1       1 PUL0106	6.50e-29
      1       1 PUL0106	7.07e-122
      1       1 PUL0106	9.87e-183
      1       1 PUL0108	1.25e-109
      1       1 PUL0121	1.03e-94
      1       1 PUL0121	1.59e-47
      1       1 PUL0121	6.40e-34
      1       1 PUL0121	6.71e-18
      1       1 PUL0124	4.81e-176
      1       1 PUL0135	1.01e-89
      1       1 PUL0162	1.92e-166
      1       1 PUL0180	2.82e-157
      1       1 PUL0209	1.02e-67
      1       1 PUL0240	1.28e-91
      1       1 PUL0248	1.55e-127
      1       1 PUL0258	8.09e-06
      1       1 PUL0267	3.63e-155
      1       1 PUL0281	1.23e-34
      1       1 PUL0294	1.71e-59
      1       1 PUL0335	1.11e-38
      1       1 PUL0335	2.04e-60
      1       1 PUL0335	2.41e-51
      1       1 PUL0335	7.28e-193
      1       1 PUL0336	1.43e-09
      1       1 PUL0336	5.26e-94
      1       1 PUL0337	1.01e-189
      1       1 PUL0337	3.32e-65
      1       1 PUL0340	6.74e-292
      1       1 PUL0340	7.04e-145
      1       1 PUL0341	5.73e-199
      1       1 PUL0406	1.69e-196
      1       1 PUL0413	5.37e-126
      1       1 PUL0413	8.37e-163
      1       1 PUL0454	1.10e-40
      1       1 PUL0460	3.48e-66
      1       1 PUL0493	3.33e-79
      1       1 PUL0494	2.44e-144
      1       1 PUL0530	6.13e-53
