      1       1 PUL0007	3.50e-99
      1       1 PUL0047	6.28e-50
      1       1 PUL0049	2.75e-13
      1       1 PUL0049	6.63e-138
      1       1 PUL0051	2.19e-68
      1       1 PUL0061	2.16e-92
      1       1 PUL0061	5.36e-39
      1       1 PUL0108	1.84e-160
      1       1 PUL0121	4.40e-38
      1       1 PUL0143	2.25e-49
      1       1 PUL0212	1.50e-136
      1       1 PUL0225	3.34e-100
      1       1 PUL0246	7.47e-26
      1       1 PUL0259	1.26e-75
      1       1 PUL0280	6.04e-67
      1       1 PUL0309	3.66e-52
      1       1 PUL0316	1.16e-89
      1       1 PUL0316	5.88e-90
      1       1 PUL0335	2.27e-11
      1       1 PUL0335	2.76e-29
      1       1 PUL0335	3.42e-90
      1       1 PUL0337	2.80e-140
      1       1 PUL0337	2.92e-138
      1       1 PUL0340	6.26e-79
      1       1 PUL0340	7.20e-130
      1       1 PUL0341	2.18e-108
      1       1 PUL0390	7.97e-43
      1       1 PUL0406	1.98e-122
      1       1 PUL0406	2.67e-62
      1       1 PUL0414	1.16e-60
      1       1 PUL0429	1.09e-83
      1       1 PUL0429	3.33e-41
      1       1 PUL0429	5.02e-35
      1       1 PUL0451	2.43e-131
      1       1 PUL0493	2.36e-60
      1       1 PUL0501	1.32e-160
      1       1 PUL0502	7.00e-153
      1       1 PUL0509	3.02e-07
      1       1 PUL0517	5.88e-24
      1       1 PUL0547	3.68e-17
