      1       1 PUL0010	3.98e-203
      1       1 PUL0017	1.90e-189
      1       1 PUL0017	2.17e-152
      1       1 PUL0017	9.99e-112
      1       1 PUL0022	5.63e-214
      1       1 PUL0037	7.78e-25
      1       1 PUL0038	2.21e-163
      1       1 PUL0041	1.54e-176
      1       1 PUL0049	1.00e-201
      1       1 PUL0060	4.78e-222
      1       1 PUL0061	1.07e-225
      1       1 PUL0069	2.68e-263
      1       1 PUL0081	4.50e-134
      1       1 PUL0100	8.49e-297
      1       1 PUL0106	1.26e-40
      1       1 PUL0106	2.33e-121
      1       1 PUL0108	6.49e-32
      1       1 PUL0113	8.20e-73
      1       1 PUL0134	4.03e-138
      1       1 PUL0145	5.25e-185
      1       1 PUL0150	2.90e-166
      1       1 PUL0152	3.02e-105
      1       1 PUL0168	8.63e-320
      1       1 PUL0183	5.13e-304
      1       1 PUL0216	2.55e-95
      1       1 PUL0230	9.42e-81
      1       1 PUL0246	1.06e-236
      1       1 PUL0248	1.51e-182
      1       1 PUL0255	2.14e-34
      1       1 PUL0267	1.56e-228
      1       1 PUL0286	1.04e-134
      1       1 PUL0316	2.33e-131
      1       1 PUL0316	2.91e-90
      1       1 PUL0316	4.00e-91
      1       1 PUL0316	7.71e-115
      1       1 PUL0324	8.81e-234
      1       1 PUL0329	1.64e-122
      1       1 PUL0335	1.58e-140
      1       1 PUL0335	8.74e-64
      1       1 PUL0347	7.10e-232
      1       1 PUL0390	1.19e-35
      1       1 PUL0446	1.96e-100
      1       1 PUL0461	6.15e-164
      1       1 PUL0530	1.50e-276
      1       1 PUL0574	8.42e-101
      1       1 PUL0586	1.03e-242
      1       1 PUL0599	1.96e-124
      1       1 PUL0599	2.33e-86
      1       1 PUL0601	1.01e-34
      1       1 PUL0602	5.29e-149
