      1       1 PUL0009	6.53e-78
      1       1 PUL0013	3.72e-38
      1       1 PUL0017	3.56e-175
      1       1 PUL0033	2.25e-17
      1       1 PUL0036	2.07e-96
      1       1 PUL0049	8.28e-06
      1       1 PUL0050	3.23e-80
      1       1 PUL0057	1.12e-140
      1       1 PUL0075	3.61e-24
      1       1 PUL0094	4.71e-49
      1       1 PUL0101	7.29e-197
      1       1 PUL0106	1.42e-130
      1       1 PUL0106	3.23e-161
      1       1 PUL0106	4.06e-46
      1       1 PUL0106	4.25e-14
      1       1 PUL0106	5.09e-188
      1       1 PUL0106	8.87e-89
      1       1 PUL0108	1.96e-37
      1       1 PUL0108	2.97e-86
      1       1 PUL0108	4.28e-37
      1       1 PUL0109	6.42e-146
      1       1 PUL0121	1.08e-174
      1       1 PUL0121	1.40e-79
      1       1 PUL0121	3.88e-85
      1       1 PUL0121	4.78e-66
      1       1 PUL0121	6.23e-92
      1       1 PUL0123	4.09e-36
      1       1 PUL0124	1.02e-31
      1       1 PUL0134	9.13e-21
      1       1 PUL0143	7.83e-50
      1       1 PUL0145	1.84e-205
      1       1 PUL0151	5.15e-15
      1       1 PUL0161	2.07e-46
      1       1 PUL0225	2.57e-107
      1       1 PUL0240	1.56e-108
      1       1 PUL0267	1.36e-227
      1       1 PUL0267	3.89e-172
      1       1 PUL0267	5.17e-227
      1       1 PUL0269	1.41e-21
      1       1 PUL0286	2.02e-122
      1       1 PUL0302	1.56e-81
      1       1 PUL0311	1.31e-234
      1       1 PUL0329	5.36e-19
      1       1 PUL0333	5.33e-106
      1       1 PUL0335	1.99e-69
      1       1 PUL0339	3.18e-169
      1       1 PUL0340	2.96e-11
      1       1 PUL0340	7.44e-06
      1       1 PUL0340	8.66e-228
      1       1 PUL0341	3.24e-157
      1       1 PUL0346	5.50e-07
      1       1 PUL0346	8.10e-10
      1       1 PUL0365	1.27e-72
      1       1 PUL0375	1.07e-86
      1       1 PUL0390	1.89e-80
      1       1 PUL0401	2.09e-67
      1       1 PUL0406	7.75e-116
      1       1 PUL0413	6.12e-154
      1       1 PUL0414	1.08e-79
      1       1 PUL0414	6.82e-104
      1       1 PUL0429	1.13e-32
      1       1 PUL0429	1.47e-86
      1       1 PUL0434	1.38e-10
      1       1 PUL0434	2.84e-49
      1       1 PUL0458	2.35e-08
      1       1 PUL0459	1.57e-04
      1       1 PUL0460	2.25e-24
      1       1 PUL0460	4.65e-68
      1       1 PUL0460	4.87e-11
      1       1 PUL0494	3.84e-32
      1       1 PUL0530	1.22e-47
      1       1 PUL0577	7.54e-15
      1       1 PUL0599	9.72e-68
