PUL0009	1
PUL0013	1
PUL0017	1
PUL0033	1
PUL0036	1
PUL0049	1
PUL0050	1
PUL0057	1
PUL0075	1
PUL0094	1
PUL0101	1
PUL0106	6
PUL0108	3
PUL0109	1
PUL0121	5
PUL0123	1
PUL0124	1
PUL0134	1
PUL0143	1
PUL0145	1
PUL0151	1
PUL0161	1
PUL0225	1
PUL0240	1
PUL0267	3
PUL0269	1
PUL0286	1
PUL0302	1
PUL0311	1
PUL0329	1
PUL0333	1
PUL0335	1
PUL0339	1
PUL0340	3
PUL0341	1
PUL0346	2
PUL0365	1
PUL0375	1
PUL0390	1
PUL0401	1
PUL0406	1
PUL0413	1
PUL0414	2
PUL0429	2
PUL0434	2
PUL0458	1
PUL0459	1
PUL0460	3
PUL0494	1
PUL0530	1
PUL0577	1
PUL0599	1
