      1       1 PUL0013	8.26e-07
      1       1 PUL0017	2.72e-186
      1       1 PUL0038	2.79e-153
      1       1 PUL0039	4.49e-25
      1       1 PUL0058	2.05e-196
      1       1 PUL0093	2.29e-116
      1       1 PUL0106	1.93e-180
      1       1 PUL0121	2.31e-09
      1       1 PUL0121	2.94e-32
      1       1 PUL0152	1.39e-101
      1       1 PUL0160	2.14e-34
      1       1 PUL0161	1.36e-45
      1       1 PUL0209	7.37e-111
      1       1 PUL0216	6.90e-118
      1       1 PUL0267	3.43e-212
      1       1 PUL0311	2.91e-110
      1       1 PUL0335	2.58e-195
      1       1 PUL0340	3.89e-114
      1       1 PUL0341	1.10e-152
      1       1 PUL0368	3.08e-58
      1       1 PUL0390	3.05e-119
      1       1 PUL0393	5.52e-160
      1       1 PUL0406	4.49e-93
      1       1 PUL0413	8.91e-149
      1       1 PUL0429	7.53e-29
      1       1 PUL0429	8.93e-27
      1       1 PUL0454	3.56e-45
      1       1 PUL0460	1.17e-108
      1       1 PUL0460	1.26e-94
      1       1 PUL0460	1.74e-139
