      1       1 PUL0017	3.35e-182
      1       1 PUL0029	2.30e-40
      1       1 PUL0047	5.01e-56
      1       1 PUL0049	1.26e-109
      1       1 PUL0050	3.09e-38
      1       1 PUL0070	8.93e-189
      1       1 PUL0101	6.11e-67
      1       1 PUL0106	4.12e-183
      1       1 PUL0106	5.44e-29
      1       1 PUL0106	8.71e-122
      1       1 PUL0106	9.03e-167
      1       1 PUL0108	1.41e-109
      1       1 PUL0108	1.70e-28
      1       1 PUL0113	8.30e-97
      1       1 PUL0121	2.85e-18
      1       1 PUL0121	3.73e-95
      1       1 PUL0121	9.15e-48
      1       1 PUL0124	3.20e-176
      1       1 PUL0135	8.11e-90
      1       1 PUL0145	2.45e-192
      1       1 PUL0162	1.30e-165
      1       1 PUL0211	1.34e-27
      1       1 PUL0230	2.90e-66
      1       1 PUL0230	8.33e-107
      1       1 PUL0240	1.79e-91
      1       1 PUL0248	1.05e-127
      1       1 PUL0254	2.00e-120
      1       1 PUL0267	3.80e-155
      1       1 PUL0267	7.75e-58
      1       1 PUL0281	2.37e-34
      1       1 PUL0294	2.25e-59
      1       1 PUL0335	1.73e-38
      1       1 PUL0335	2.05e-192
      1       1 PUL0336	2.10e-07
      1       1 PUL0336	7.27e-94
      1       1 PUL0336	7.67e-10
      1       1 PUL0337	4.24e-65
      1       1 PUL0337	7.29e-190
      1       1 PUL0340	2.67e-36
      1       1 PUL0340	7.19e-293
      1       1 PUL0341	5.98e-199
      1       1 PUL0347	8.06e-56
      1       1 PUL0390	4.57e-25
      1       1 PUL0406	1.20e-197
      1       1 PUL0413	3.57e-163
      1       1 PUL0454	7.21e-41
      1       1 PUL0460	1.81e-66
      1       1 PUL0489	1.64e-47
      1       1 PUL0493	1.03e-78
      1       1 PUL0501	1.39e-170
