      1       1 PUL0017	1.05e-179
      1       1 PUL0049	4.81e-37
      1       1 PUL0106	3.10e-174
      1       1 PUL0124	5.69e-169
      1       1 PUL0131	1.06e-108
      1       1 PUL0145	1.92e-184
      1       1 PUL0150	2.76e-70
      1       1 PUL0152	7.25e-105
      1       1 PUL0169	2.80e-40
      1       1 PUL0180	1.83e-141
      1       1 PUL0199	8.10e-48
      1       1 PUL0267	2.94e-219
      1       1 PUL0270	4.59e-75
      1       1 PUL0291	1.08e-25
      1       1 PUL0298	5.83e-40
      1       1 PUL0333	7.17e-99
      1       1 PUL0335	1.20e-196
      1       1 PUL0339	7.03e-165
      1       1 PUL0341	7.30e-161
      1       1 PUL0413	9.42e-41
      1       1 PUL0506	2.39e-126
