      1       1 PUL0010	1.71e-204
      1       1 PUL0017	9.40e-110
      1       1 PUL0024	1.94e-18
      1       1 PUL0029	9.24e-40
      1       1 PUL0041	9.59e-246
      1       1 PUL0047	1.90e-242
      1       1 PUL0049	3.05e-202
      1       1 PUL0049	7.40e-65
      1       1 PUL0050	4.05e-89
      1       1 PUL0058	7.54e-212
      1       1 PUL0060	1.12e-222
      1       1 PUL0061	2.47e-226
      1       1 PUL0061	3.14e-87
      1       1 PUL0069	1.92e-263
      1       1 PUL0081	1.90e-109
      1       1 PUL0088	3.81e-128
      1       1 PUL0100	5.39e-299
      1       1 PUL0106	3.20e-05
      1       1 PUL0106	9.08e-92
      1       1 PUL0111	1.91e-310
      1       1 PUL0145	2.62e-175
      1       1 PUL0145	6.34e-106
      1       1 PUL0168	3.99e-310
      1       1 PUL0202	1.06e-295
      1       1 PUL0206	3.13e-224
      1       1 PUL0225	2.32e-47
      1       1 PUL0230	3.88e-74
      1       1 PUL0246	3.84e-233
      1       1 PUL0248	4.67e-183
      1       1 PUL0267	1.78e-228
      1       1 PUL0270	1.39e-135
      1       1 PUL0296	4.00e-117
      1       1 PUL0300	3.18e-12
      1       1 PUL0300	7.19e-62
      1       1 PUL0316	5.03e-132
      1       1 PUL0316	9.62e-93
      1       1 PUL0324	3.14e-233
      1       1 PUL0329	5.78e-123
      1       1 PUL0335	1.64e-104
      1       1 PUL0335	1.66e-140
      1       1 PUL0335	4.00e-236
      1       1 PUL0335	8.17e-17
      1       1 PUL0337	3.13e-39
      1       1 PUL0346	1.13e-20
      1       1 PUL0347	2.77e-232
      1       1 PUL0366	1.31e-93
      1       1 PUL0366	2.08e-47
      1       1 PUL0366	6.63e-164
      1       1 PUL0366	8.58e-284
      1       1 PUL0390	1.73e-06
      1       1 PUL0390	4.20e-75
      1       1 PUL0396	3.32e-80
      1       1 PUL0420	1.46e-211
      1       1 PUL0446	1.06e-50
      1       1 PUL0449	4.80e-158
      1       1 PUL0449	5.87e-190
      1       1 PUL0459	3.43e-200
      1       1 PUL0493	8.22e-21
      1       1 PUL0530	4.17e-276
      1       1 PUL0530	5.50e-43
      1       1 PUL0560	2.64e-07
      1       1 PUL0584	2.30e-147
      1       1 PUL0586	1.12e-241
      1       1 PUL0599	1.18e-110
      1       1 PUL0599	2.21e-91
