      1       1 PUL0013	7.03e-93
      1       1 PUL0020	3.40e-32
      1       1 PUL0037	5.25e-35
      1       1 PUL0039	1.42e-10
      1       1 PUL0039	3.24e-13
      1       1 PUL0049	1.52e-151
      1       1 PUL0061	9.22e-45
      1       1 PUL0061	9.83e-43
      1       1 PUL0063	1.80e-11
      1       1 PUL0073	2.34e-46
      1       1 PUL0106	1.14e-25
      1       1 PUL0121	1.05e-36
      1       1 PUL0144	8.43e-52
      1       1 PUL0178	4.98e-47
      1       1 PUL0180	1.02e-18
      1       1 PUL0180	1.09e-05
      1       1 PUL0180	3.43e-79
      1       1 PUL0212	1.75e-100
      1       1 PUL0214	7.16e-95
      1       1 PUL0250	7.63e-111
      1       1 PUL0269	3.18e-64
      1       1 PUL0281	4.49e-17
      1       1 PUL0303	1.44e-28
      1       1 PUL0309	1.22e-45
      1       1 PUL0333	5.01e-65
      1       1 PUL0335	4.17e-188
      1       1 PUL0335	6.89e-107
      1       1 PUL0340	3.55e-64
      1       1 PUL0340	7.77e-133
      1       1 PUL0341	1.99e-07
      1       1 PUL0341	5.61e-85
      1       1 PUL0347	3.19e-47
      1       1 PUL0390	2.44e-33
      1       1 PUL0414	1.47e-45
      1       1 PUL0429	1.48e-37
      1       1 PUL0429	1.72e-29
      1       1 PUL0429	2.15e-102
      1       1 PUL0429	4.57e-38
      1       1 PUL0451	1.43e-40
      1       1 PUL0460	6.54e-27
      1       1 PUL0468	2.86e-11
      1       1 PUL0492	3.34e-37
      1       1 PUL0493	7.33e-82
      1       1 PUL0500	4.79e-28
      1       1 PUL0513	4.08e-18
      1       1 PUL0527	3.32e-92
      1       1 PUL0598	5.33e-85
