      1       1 PUL0017	1.21e-178
      1       1 PUL0038	2.36e-153
      1       1 PUL0049	1.46e-197
      1       1 PUL0060	2.62e-271
      1       1 PUL0106	4.48e-84
      1       1 PUL0145	8.56e-127
      1       1 PUL0145	9.50e-174
      1       1 PUL0267	1.79e-312
      1       1 PUL0267	6.87e-214
      1       1 PUL0267	8.26e-227
      1       1 PUL0337	2.76e-149
      1       1 PUL0339	1.05e-162
      1       1 PUL0340	7.78e-157
      1       1 PUL0390	2.57e-94
      1       1 PUL0406	7.73e-98
      1       1 PUL0410	1.08e-124
      1       1 PUL0413	2.86e-170
      1       1 PUL0413	3.11e-62
      1       1 PUL0460	1.96e-46
      1       1 PUL0460	6.09e-31
      1       1 PUL0530	2.09e-288
      1       1 PUL0584	1.35e-145
