      1       1 PUL0017	1.09e-183
      1       1 PUL0061	3.57e-106
      1       1 PUL0124	1.15e-228
      1       1 PUL0124	6.59e-202
      1       1 PUL0145	5.71e-161
      1       1 PUL0162	5.38e-165
      1       1 PUL0173	2.16e-172
      1       1 PUL0180	3.97e-155
      1       1 PUL0199	1.39e-34
      1       1 PUL0267	2.60e-238
      1       1 PUL0267	7.97e-275
      1       1 PUL0281	1.64e-14
      1       1 PUL0282	4.12e-19
      1       1 PUL0316	1.02e-87
      1       1 PUL0316	6.48e-97
      1       1 PUL0329	1.29e-181
      1       1 PUL0333	1.91e-108
      1       1 PUL0335	1.88e-04
      1       1 PUL0335	2.34e-60
      1       1 PUL0335	6.54e-103
      1       1 PUL0406	2.58e-168
      1       1 PUL0413	1.49e-122
      1       1 PUL0413	4.21e-07
      1       1 PUL0431	1.45e-171
      1       1 PUL0454	4.65e-43
      1       1 PUL0505	2.00e-99
      1       1 PUL0530	6.51e-271
