      1       1 PUL0017	1.99e-166
      1       1 PUL0017	4.49e-204
      1       1 PUL0036	3.45e-132
      1       1 PUL0050	2.46e-99
      1       1 PUL0106	1.83e-171
      1       1 PUL0106	5.85e-186
      1       1 PUL0108	3.58e-33
      1       1 PUL0145	4.44e-216
      1       1 PUL0180	1.57e-71
      1       1 PUL0198	4.78e-183
      1       1 PUL0201	5.21e-158
      1       1 PUL0267	2.94e-12
      1       1 PUL0300	1.47e-121
      1       1 PUL0300	3.73e-80
      1       1 PUL0316	7.67e-86
      1       1 PUL0333	8.88e-31
      1       1 PUL0335	1.87e-197
      1       1 PUL0335	5.62e-172
      1       1 PUL0337	5.82e-159
      1       1 PUL0340	4.15e-140
      1       1 PUL0341	4.99e-217
      1       1 PUL0390	5.04e-43
      1       1 PUL0406	1.09e-152
      1       1 PUL0413	9.10e-167
      1       1 PUL0454	7.67e-30
      1       1 PUL0493	8.74e-84
