      1       1 PUL0010	2.58e-206
      1       1 PUL0017	2.54e-187
      1       1 PUL0029	1.10e-47
      1       1 PUL0037	7.17e-39
      1       1 PUL0049	2.60e-153
      1       1 PUL0058	6.84e-237
      1       1 PUL0070	1.44e-138
      1       1 PUL0081	3.20e-43
      1       1 PUL0094	5.91e-130
      1       1 PUL0094	9.22e-88
      1       1 PUL0099	4.66e-262
      1       1 PUL0106	2.76e-249
      1       1 PUL0106	2.89e-86
      1       1 PUL0106	8.39e-34
      1       1 PUL0106	8.86e-188
      1       1 PUL0108	3.00e-262
      1       1 PUL0121	1.29e-53
      1       1 PUL0121	2.64e-80
      1       1 PUL0121	5.19e-181
      1       1 PUL0124	1.19e-08
      1       1 PUL0124	2.71e-217
      1       1 PUL0124	8.33e-223
      1       1 PUL0165	1.11e-73
      1       1 PUL0180	3.18e-89
      1       1 PUL0198	9.58e-170
      1       1 PUL0214	1.00e-144
      1       1 PUL0230	6.93e-04
      1       1 PUL0243	3.10e-23
      1       1 PUL0267	1.57e-232
      1       1 PUL0267	2.01e-41
      1       1 PUL0302	4.34e-206
      1       1 PUL0335	1.36e-149
      1       1 PUL0335	6.42e-150
      1       1 PUL0337	1.80e-212
      1       1 PUL0347	1.17e-29
      1       1 PUL0347	1.76e-318
      1       1 PUL0394	1.39e-207
      1       1 PUL0413	2.00e-116
      1       1 PUL0413	2.31e-184
      1       1 PUL0413	6.55e-86
      1       1 PUL0414	1.76e-209
      1       1 PUL0460	1.43e-52
      1       1 PUL0504	9.55e-18
      1       1 PUL0519	5.05e-130
      1       1 PUL0527	3.58e-190
      1       1 PUL0595	1.40e-113
      1       1 PUL0600	5.75e-40
      1       1 PUL0601	1.28e-154
