      1       1 PUL0009	1.01e-25
      1       1 PUL0017	7.41e-185
      1       1 PUL0019	3.30e-83
      1       1 PUL0024	2.62e-21
      1       1 PUL0024	9.60e-58
      1       1 PUL0049	1.38e-319
      1       1 PUL0050	2.42e-76
      1       1 PUL0070	8.69e-164
      1       1 PUL0094	9.77e-105
      1       1 PUL0103	2.17e-163
      1       1 PUL0104	3.12e-107
      1       1 PUL0106	1.29e-122
      1       1 PUL0106	3.17e-319
      1       1 PUL0106	4.17e-19
      1       1 PUL0117	1.75e-11
      1       1 PUL0124	2.41e-59
      1       1 PUL0124	4.80e-159
      1       1 PUL0134	3.51e-246
      1       1 PUL0162	3.51e-09
      1       1 PUL0169	1.55e-10
      1       1 PUL0180	1.28e-110
      1       1 PUL0206	5.06e-148
      1       1 PUL0206	6.29e-247
      1       1 PUL0227	7.95e-75
      1       1 PUL0236	1.63e-138
      1       1 PUL0248	4.09e-81
      1       1 PUL0263	1.66e-83
      1       1 PUL0264	4.53e-19
      1       1 PUL0267	8.51e-225
      1       1 PUL0267	9.42e-284
      1       1 PUL0296	6.02e-119
      1       1 PUL0315	2.12e-35
      1       1 PUL0333	1.08e-182
      1       1 PUL0333	3.59e-112
      1       1 PUL0334	1.02e-170
      1       1 PUL0335	1.25e-184
      1       1 PUL0337	1.18e-142
      1       1 PUL0339	1.12e-279
      1       1 PUL0339	6.09e-232
      1       1 PUL0340	3.53e-103
      1       1 PUL0341	1.51e-177
      1       1 PUL0344	1.84e-140
      1       1 PUL0417	1.20e-152
      1       1 PUL0429	9.59e-23
      1       1 PUL0443	1.12e-172
      1       1 PUL0443	2.27e-178
      1       1 PUL0443	2.33e-161
      1       1 PUL0467	1.54e-54
      1       1 PUL0468	2.01e-09
      1       1 PUL0487	3.31e-139
      1       1 PUL0503	1.08e-169
      1       1 PUL0507	9.13e-11
      1       1 PUL0527	3.42e-86
      1       1 PUL0564	2.83e-45
      1       1 PUL0601	8.50e-47
