      1       1 PUL0001	1.26e-128
      1       1 PUL0006	6.28e-177
      1       1 PUL0017	2.95e-173
      1       1 PUL0017	4.39e-185
      1       1 PUL0024	1.64e-156
      1       1 PUL0029	3.33e-205
      1       1 PUL0049	7.75e-27
      1       1 PUL0050	1.44e-99
      1       1 PUL0058	5.00e-232
      1       1 PUL0102	4.93e-29
      1       1 PUL0106	2.04e-155
      1       1 PUL0106	2.30e-32
      1       1 PUL0107	1.14e-222
      1       1 PUL0114	8.06e-190
      1       1 PUL0121	1.50e-12
      1       1 PUL0121	4.09e-98
      1       1 PUL0121	7.77e-144
      1       1 PUL0124	1.25e-195
      1       1 PUL0143	4.06e-196
      1       1 PUL0182	2.10e-06
      1       1 PUL0184	5.59e-31
      1       1 PUL0194	1.04e-92
      1       1 PUL0212	1.22e-180
      1       1 PUL0238	9.24e-193
      1       1 PUL0254	3.04e-192
      1       1 PUL0327	1.46e-35
      1       1 PUL0333	1.38e-123
      1       1 PUL0340	2.33e-214
      1       1 PUL0341	2.78e-95
      1       1 PUL0349	1.22e-125
      1       1 PUL0349	4.74e-203
      1       1 PUL0349	8.52e-167
      1       1 PUL0366	9.53e-72
      1       1 PUL0368	1.15e-80
      1       1 PUL0368	8.40e-79
      1       1 PUL0381	1.00e-61
      1       1 PUL0406	1.54e-11
      1       1 PUL0407	4.34e-130
      1       1 PUL0584	2.27e-118
