      1       1 PUL0017	5.18e-113
      1       1 PUL0025	3.53e-33
      1       1 PUL0050	7.22e-127
      1       1 PUL0094	8.43e-126
      1       1 PUL0108	1.82e-14
      1       1 PUL0124	1.63e-110
      1       1 PUL0145	2.87e-24
      1       1 PUL0160	2.00e-114
      1       1 PUL0180	1.50e-07
      1       1 PUL0180	2.83e-207
      1       1 PUL0230	8.28e-79
      1       1 PUL0260	5.91e-18
      1       1 PUL0264	1.60e-25
      1       1 PUL0267	5.98e-306
      1       1 PUL0300	1.42e-72
      1       1 PUL0334	5.41e-06
      1       1 PUL0336	1.67e-11
      1       1 PUL0336	2.96e-137
      1       1 PUL0341	7.32e-144
      1       1 PUL0346	1.21e-26
      1       1 PUL0348	6.17e-313
      1       1 PUL0413	3.05e-157
      1       1 PUL0426	2.45e-315
      1       1 PUL0442	2.19e-166
      1       1 PUL0476	2.21e-307
      1       1 PUL0476	2.49e-238
      1       1 PUL0502	1.01e-162
      1       1 PUL0509	8.61e-158
      1       1 PUL0556	6.09e-10
