      1       1 PUL0005	2.57e-187
      1       1 PUL0010	3.72e-222
      1       1 PUL0016	8.30e-261
      1       1 PUL0019	3.91e-202
      1       1 PUL0022	6.40e-178
      1       1 PUL0029	4.21e-123
      1       1 PUL0038	8.20e-143
      1       1 PUL0113	4.77e-170
      1       1 PUL0184	3.68e-36
      1       1 PUL0230	1.96e-281
      1       1 PUL0267	6.20e-291
      1       1 PUL0269	2.91e-67
      1       1 PUL0278	1.21e-253
      1       1 PUL0327	1.09e-297
      1       1 PUL0333	5.66e-94
      1       1 PUL0333	7.25e-29
      1       1 PUL0335	2.69e-199
      1       1 PUL0340	2.30e-39
      1       1 PUL0347	2.49e-293
      1       1 PUL0396	3.61e-103
      1       1 PUL0434	1.70e-25
      1       1 PUL0530	5.19e-241
      1       1 PUL0582	1.31e-182
