      1       1 PUL0001	2.29e-162
      1       1 PUL0011	2.38e-214
      1       1 PUL0025	1.38e-188
      1       1 PUL0025	1.94e-24
      1       1 PUL0025	2.38e-116
      1       1 PUL0025	2.73e-27
      1       1 PUL0025	2.80e-190
      1       1 PUL0025	5.46e-126
      1       1 PUL0044	8.23e-197
      1       1 PUL0058	1.60e-211
      1       1 PUL0058	2.76e-180
      1       1 PUL0067	1.98e-30
      1       1 PUL0067	6.02e-41
      1       1 PUL0085	3.00e-89
      1       1 PUL0085	4.85e-291
      1       1 PUL0094	1.12e-44
      1       1 PUL0108	2.83e-32
      1       1 PUL0121	5.42e-16
      1       1 PUL0124	3.18e-240
      1       1 PUL0161	1.01e-80
      1       1 PUL0209	2.03e-226
      1       1 PUL0212	5.94e-159
      1       1 PUL0226	2.55e-10
      1       1 PUL0324	1.62e-08
      1       1 PUL0336	3.89e-08
      1       1 PUL0340	5.72e-18
      1       1 PUL0341	2.09e-65
      1       1 PUL0347	2.84e-281
      1       1 PUL0366	2.05e-48
      1       1 PUL0368	3.83e-35
      1       1 PUL0368	8.20e-275
      1       1 PUL0385	1.01e-267
      1       1 PUL0385	9.32e-182
      1       1 PUL0406	1.08e-24
      1       1 PUL0406	1.10e-120
      1       1 PUL0406	2.58e-93
      1       1 PUL0468	6.72e-08
      1       1 PUL0473	2.57e-08
      1       1 PUL0529	7.82e-14
      1       1 PUL0598	6.07e-246
