PUL0006 1
PUL0015 1
PUL0016 3
PUL0017 1
PUL0022 3
PUL0024 3
PUL0029 1
PUL0058 1
PUL0060 1
PUL0106 2
PUL0107 2
PUL0108 2
PUL0113 1
PUL0114 1
PUL0121 2
PUL0123 3
PUL0124 1
PUL0133 1
PUL0161 3
PUL0180 1
PUL0184 2
PUL0186 1
PUL0189 1
PUL0195 1
PUL0196 1
PUL0213 1
PUL0216 1
PUL0227 1
PUL0254 1
PUL0256 1
PUL0258 1
PUL0261 1
PUL0295 3
PUL0300 2
PUL0333 1
PUL0335 1
PUL0336 1
PUL0340 3
PUL0341 3
PUL0346 1
PUL0347 1
PUL0349 3
PUL0366 1
PUL0368 1
PUL0396 1
PUL0406 2
PUL0410 1
PUL0413 1
PUL0446 1
PUL0479 1
PUL0494 1
PUL0502 1
PUL0505 1
PUL0530 2
PUL0560 1
PUL0576 1
PUL0602 1
