      1       1 PUL0006	4.48e-201
      1       1 PUL0015	2.40e-22
      1       1 PUL0016	2.04e-179
      1       1 PUL0016	4.39e-131
      1       1 PUL0016	6.84e-141
      1       1 PUL0017	1.38e-182
      1       1 PUL0022	1.48e-169
      1       1 PUL0022	1.59e-171
      1       1 PUL0022	2.67e-135
      1       1 PUL0024	1.13e-32
      1       1 PUL0024	3.00e-254
      1       1 PUL0024	3.56e-45
      1       1 PUL0029	1.09e-30
      1       1 PUL0058	2.27e-266
      1       1 PUL0060	1.57e-75
      1       1 PUL0106	2.15e-234
      1       1 PUL0106	4.16e-178
      1       1 PUL0107	6.12e-142
      1       1 PUL0107	6.52e-173
      1       1 PUL0108	2.43e-11
      1       1 PUL0108	8.03e-114
      1       1 PUL0113	1.56e-113
      1       1 PUL0114	2.16e-190
      1       1 PUL0121	6.23e-212
      1       1 PUL0121	6.87e-73
      1       1 PUL0123	1.24e-28
      1       1 PUL0123	3.35e-16
      1       1 PUL0123	4.43e-08
      1       1 PUL0124	6.73e-102
      1       1 PUL0133	2.89e-41
      1       1 PUL0161	1.10e-04
      1       1 PUL0161	1.78e-09
      1       1 PUL0161	7.82e-09
      1       1 PUL0180	6.12e-17
      1       1 PUL0184	2.19e-133
      1       1 PUL0184	2.45e-49
      1       1 PUL0186	1.59e-160
      1       1 PUL0189	1.55e-47
      1       1 PUL0195	1.24e-84
      1       1 PUL0196	3.63e-32
      1       1 PUL0213	4.50e-258
      1       1 PUL0216	5.97e-73
      1       1 PUL0227	4.43e-58
      1       1 PUL0254	4.59e-219
      1       1 PUL0256	1.07e-193
      1       1 PUL0258	2.17e-26
      1       1 PUL0261	2.03e-24
      1       1 PUL0295	1.24e-10
      1       1 PUL0295	2.25e-12
      1       1 PUL0295	8.89e-10
      1       1 PUL0300	2.09e-40
      1       1 PUL0300	6.45e-17
      1       1 PUL0333	6.70e-117
      1       1 PUL0335	4.32e-174
      1       1 PUL0336	1.21e-39
      1       1 PUL0340	1.62e-186
      1       1 PUL0340	1.68e-153
      1       1 PUL0340	4.25e-43
      1       1 PUL0341	4.13e-263
      1       1 PUL0341	7.58e-44
      1       1 PUL0341	7.96e-17
      1       1 PUL0346	2.65e-05
      1       1 PUL0347	5.21e-313
      1       1 PUL0349	1.02e-166
      1       1 PUL0349	1.43e-136
      1       1 PUL0349	2.23e-218
      1       1 PUL0366	9.31e-49
      1       1 PUL0368	4.96e-105
      1       1 PUL0396	6.07e-77
      1       1 PUL0406	2.65e-07
      1       1 PUL0406	7.98e-208
      1       1 PUL0410	4.81e-67
      1       1 PUL0413	2.57e-159
      1       1 PUL0446	3.85e-97
      1       1 PUL0479	2.40e-166
      1       1 PUL0494	4.68e-17
      1       1 PUL0502	5.03e-85
      1       1 PUL0505	6.23e-202
      1       1 PUL0530	1.58e-276
      1       1 PUL0530	9.14e-286
      1       1 PUL0560	2.34e-98
      1       1 PUL0576	5.51e-215
      1       1 PUL0602	5.14e-33
