      1       1 PUL0017	5.65e-176
      1       1 PUL0029	2.28e-119
      1       1 PUL0029	3.46e-77
      1       1 PUL0029	9.62e-73
      1       1 PUL0038	2.11e-157
      1       1 PUL0047	1.28e-27
      1       1 PUL0061	4.98e-11
      1       1 PUL0061	9.05e-233
      1       1 PUL0062	1.30e-40
      1       1 PUL0062	1.54e-37
      1       1 PUL0071	1.87e-110
      1       1 PUL0093	2.88e-128
      1       1 PUL0106	1.80e-209
      1       1 PUL0106	3.16e-146
      1       1 PUL0106	3.62e-121
      1       1 PUL0108	1.33e-90
      1       1 PUL0108	7.41e-130
      1       1 PUL0121	8.49e-88
      1       1 PUL0145	1.23e-54
      1       1 PUL0145	2.58e-163
      1       1 PUL0145	4.49e-196
      1       1 PUL0145	5.79e-176
      1       1 PUL0145	8.47e-169
      1       1 PUL0180	5.64e-155
      1       1 PUL0225	2.56e-60
      1       1 PUL0267	1.80e-241
      1       1 PUL0292	1.25e-105
      1       1 PUL0294	1.42e-59
      1       1 PUL0296	6.38e-125
      1       1 PUL0316	8.70e-36
      1       1 PUL0329	2.09e-40
      1       1 PUL0333	1.89e-96
      1       1 PUL0335	3.11e-88
      1       1 PUL0335	6.23e-63
      1       1 PUL0336	1.96e-75
      1       1 PUL0337	1.54e-127
      1       1 PUL0337	2.32e-48
      1       1 PUL0339	1.26e-89
      1       1 PUL0340	2.76e-166
      1       1 PUL0340	5.33e-12
      1       1 PUL0340	8.99e-141
      1       1 PUL0341	2.61e-169
      1       1 PUL0369	9.60e-67
      1       1 PUL0406	5.09e-08
      1       1 PUL0409	3.15e-74
      1       1 PUL0413	1.06e-163
      1       1 PUL0413	1.24e-117
      1       1 PUL0428	1.22e-94
      1       1 PUL0459	3.43e-222
      1       1 PUL0460	1.09e-22
      1       1 PUL0460	1.28e-27
      1       1 PUL0461	6.54e-18
      1       1 PUL0530	1.25e-276
      1       1 PUL0530	1.31e-53
