      1       1 PUL0029	4.47e-43
      1       1 PUL0049	2.04e-145
      1       1 PUL0049	4.43e-24
      1       1 PUL0058	6.54e-177
      1       1 PUL0110	3.13e-42
      1       1 PUL0121	2.01e-37
      1       1 PUL0145	2.77e-21
      1       1 PUL0155	1.15e-32
      1       1 PUL0212	1.04e-123
      1       1 PUL0212	1.09e-98
      1       1 PUL0212	1.95e-133
      1       1 PUL0212	2.10e-152
      1       1 PUL0250	3.45e-116
      1       1 PUL0281	1.49e-76
      1       1 PUL0296	2.75e-77
      1       1 PUL0316	4.33e-68
      1       1 PUL0333	6.19e-54
      1       1 PUL0335	5.16e-132
      1       1 PUL0339	2.97e-17
      1       1 PUL0339	9.82e-93
      1       1 PUL0340	4.53e-138
      1       1 PUL0341	1.26e-82
      1       1 PUL0429	5.10e-49
      1       1 PUL0430	1.64e-11
      1       1 PUL0430	4.93e-33
      1       1 PUL0451	7.65e-42
      1       1 PUL0493	1.95e-112
      1       1 PUL0504	5.63e-34
      1       1 PUL0527	2.09e-76
