      1       1 PUL0008	2.18e-231
      1       1 PUL0017	4.76e-197
      1       1 PUL0106	1.08e-280
      1       1 PUL0106	5.55e-165
      1       1 PUL0108	9.53e-82
      1       1 PUL0125	6.63e-108
      1       1 PUL0145	1.11e-218
      1       1 PUL0145	4.90e-289
      1       1 PUL0145	5.55e-265
      1       1 PUL0160	1.38e-237
      1       1 PUL0180	9.86e-186
      1       1 PUL0199	6.57e-41
      1       1 PUL0236	5.97e-88
      1       1 PUL0245	4.60e-275
      1       1 PUL0247	2.90e-177
      1       1 PUL0252	1.41e-310
      1       1 PUL0267	1.60e-297
      1       1 PUL0285	2.05e-09
      1       1 PUL0318	2.29e-23
      1       1 PUL0328	4.46e-296
      1       1 PUL0332	1.60e-122
      1       1 PUL0335	2.89e-171
      1       1 PUL0337	6.87e-136
      1       1 PUL0348	1.88e-208
      1       1 PUL0396	7.67e-116
      1       1 PUL0413	1.47e-48
      1       1 PUL0419	6.21e-213
      1       1 PUL0436	2.74e-188
      1       1 PUL0436	6.49e-260
      1       1 PUL0438	3.08e-15
      1       1 PUL0442	6.47e-288
      1       1 PUL0463	1.18e-77
      1       1 PUL0485	2.35e-276
      1       1 PUL0504	9.29e-25
      1       1 PUL0516	2.64e-128
      1       1 PUL0521	3.13e-160
      1       1 PUL0555	1.43e-132
