      1       1 PUL0013	1.25e-89
      1       1 PUL0017	3.82e-203
      1       1 PUL0050	1.01e-38
      1       1 PUL0058	2.05e-247
      1       1 PUL0070	1.91e-186
      1       1 PUL0104	9.82e-55
      1       1 PUL0121	2.39e-112
      1       1 PUL0145	2.96e-215
      1       1 PUL0145	5.21e-107
      1       1 PUL0172	2.56e-63
      1       1 PUL0184	5.70e-143
      1       1 PUL0240	4.63e-104
      1       1 PUL0250	8.05e-126
      1       1 PUL0256	9.29e-154
      1       1 PUL0295	4.31e-07
      1       1 PUL0333	4.35e-127
      1       1 PUL0337	4.71e-198
      1       1 PUL0340	3.45e-318
      1       1 PUL0373	1.11e-59
      1       1 PUL0390	1.28e-71
      1       1 PUL0413	5.27e-175
      1       1 PUL0495	2.74e-112
      1       1 PUL0506	1.21e-98
      1       1 PUL0600	1.38e-64
