      1       1 PUL0001	9.58e-150
      1       1 PUL0006	4.73e-201
      1       1 PUL0014	1.18e-27
      1       1 PUL0016	1.34e-222
      1       1 PUL0016	6.90e-27
      1       1 PUL0017	2.24e-186
      1       1 PUL0022	1.76e-143
      1       1 PUL0022	1.77e-159
      1       1 PUL0022	3.33e-180
      1       1 PUL0022	4.05e-112
      1       1 PUL0022	8.01e-175
      1       1 PUL0024	2.12e-83
      1       1 PUL0029	1.78e-25
      1       1 PUL0029	1.79e-30
      1       1 PUL0029	2.07e-41
      1       1 PUL0029	5.91e-44
      1       1 PUL0041	4.82e-155
      1       1 PUL0058	6.78e-269
      1       1 PUL0070	4.01e-165
      1       1 PUL0106	2.17e-194
      1       1 PUL0106	8.12e-239
      1       1 PUL0106	9.05e-111
      1       1 PUL0107	4.12e-166
      1       1 PUL0113	1.02e-209
      1       1 PUL0113	2.57e-49
      1       1 PUL0113	2.98e-173
      1       1 PUL0121	1.19e-15
      1       1 PUL0124	1.51e-208
      1       1 PUL0124	8.87e-99
      1       1 PUL0161	1.07e-19
      1       1 PUL0180	3.84e-121
      1       1 PUL0186	7.95e-192
      1       1 PUL0195	4.20e-87
      1       1 PUL0212	1.27e-153
      1       1 PUL0216	3.72e-71
      1       1 PUL0231	4.60e-196
      1       1 PUL0238	5.19e-123
      1       1 PUL0250	1.34e-121
      1       1 PUL0256	1.07e-196
      1       1 PUL0335	3.31e-43
      1       1 PUL0337	9.48e-215
      1       1 PUL0340	1.91e-39
      1       1 PUL0340	7.54e-211
      1       1 PUL0340	7.88e-24
      1       1 PUL0341	6.62e-263
      1       1 PUL0345	3.52e-42
      1       1 PUL0347	3.78e-313
      1       1 PUL0368	8.57e-196
      1       1 PUL0392	1.99e-94
      1       1 PUL0396	1.54e-74
      1       1 PUL0401	1.12e-20
      1       1 PUL0406	5.29e-203
      1       1 PUL0413	1.11e-156
      1       1 PUL0414	1.14e-65
      1       1 PUL0414	3.31e-71
      1       1 PUL0432	3.14e-136
      1       1 PUL0460	4.09e-63
      1       1 PUL0493	4.10e-81
      1       1 PUL0501	3.18e-38
      1       1 PUL0504	2.34e-11
      1       1 PUL0522	1.00e-51
      1       1 PUL0574	6.13e-59
      1       1 PUL0575	3.86e-237
      1       1 PUL0576	3.95e-126
