      1       1 PUL0012	1.07e-115
      1       1 PUL0012	3.21e-151
      1       1 PUL0013	1.31e-209
      1       1 PUL0013	3.67e-71
      1       1 PUL0017	4.58e-190
      1       1 PUL0029	2.69e-41
      1       1 PUL0038	2.85e-197
      1       1 PUL0050	1.13e-83
      1       1 PUL0058	2.80e-201
      1       1 PUL0069	6.65e-144
      1       1 PUL0070	1.49e-138
      1       1 PUL0106	7.33e-196
      1       1 PUL0108	2.19e-125
      1       1 PUL0108	2.44e-78
      1       1 PUL0121	1.04e-112
      1       1 PUL0124	3.22e-164
      1       1 PUL0179	1.22e-24
      1       1 PUL0180	5.10e-153
      1       1 PUL0216	1.31e-106
      1       1 PUL0236	3.38e-91
      1       1 PUL0250	1.00e-134
      1       1 PUL0267	2.65e-215
      1       1 PUL0300	1.93e-64
      1       1 PUL0303	1.65e-66
      1       1 PUL0311	4.20e-37
      1       1 PUL0316	1.36e-32
      1       1 PUL0316	9.87e-85
      1       1 PUL0329	5.15e-113
      1       1 PUL0335	1.03e-108
      1       1 PUL0335	2.20e-82
      1       1 PUL0339	1.39e-143
      1       1 PUL0340	1.95e-156
      1       1 PUL0341	1.21e-157
      1       1 PUL0365	2.07e-189
      1       1 PUL0390	3.64e-136
      1       1 PUL0401	7.85e-12
      1       1 PUL0466	4.62e-193
      1       1 PUL0489	2.08e-35
      1       1 PUL0506	1.07e-126
      1       1 PUL0547	3.43e-127
      1       1 PUL0599	2.68e-155
      1       1 PUL0599	4.74e-110
