      1       1 PUL0015	2.49e-09
      1       1 PUL0017	1.12e-176
      1       1 PUL0024	3.87e-17
      1       1 PUL0029	3.15e-119
      1       1 PUL0038	3.69e-157
      1       1 PUL0061	4.86e-13
      1       1 PUL0071	8.51e-111
      1       1 PUL0075	2.37e-194
      1       1 PUL0093	5.36e-128
      1       1 PUL0106	1.43e-146
      1       1 PUL0106	6.21e-210
      1       1 PUL0108	1.43e-130
      1       1 PUL0108	1.71e-71
      1       1 PUL0108	2.27e-43
      1       1 PUL0108	5.25e-11
      1       1 PUL0145	3.35e-177
      1       1 PUL0145	4.41e-164
      1       1 PUL0145	4.80e-196
      1       1 PUL0145	5.20e-198
      1       1 PUL0145	5.79e-55
      1       1 PUL0145	8.46e-169
      1       1 PUL0180	9.26e-155
      1       1 PUL0225	2.32e-60
      1       1 PUL0267	1.21e-136
      1       1 PUL0267	6.04e-241
      1       1 PUL0291	3.29e-40
      1       1 PUL0294	1.80e-59
      1       1 PUL0296	4.99e-68
      1       1 PUL0316	1.37e-110
      1       1 PUL0318	1.80e-07
      1       1 PUL0329	1.73e-40
      1       1 PUL0333	1.82e-30
      1       1 PUL0333	7.47e-97
      1       1 PUL0333	7.85e-71
      1       1 PUL0335	3.10e-88
      1       1 PUL0335	6.22e-63
      1       1 PUL0336	1.70e-76
      1       1 PUL0337	3.32e-127
      1       1 PUL0339	1.18e-159
      1       1 PUL0339	1.32e-89
      1       1 PUL0340	2.17e-06
      1       1 PUL0340	4.93e-166
      1       1 PUL0340	9.29e-140
      1       1 PUL0341	1.03e-169
      1       1 PUL0369	1.03e-66
      1       1 PUL0390	1.57e-58
      1       1 PUL0409	8.86e-74
      1       1 PUL0410	5.25e-30
      1       1 PUL0413	1.06e-163
      1       1 PUL0413	3.39e-117
      1       1 PUL0431	1.43e-56
      1       1 PUL0454	8.93e-36
      1       1 PUL0460	8.96e-08
      1       1 PUL0530	1.18e-276
      1       1 PUL0530	1.31e-53
