      1       1 PUL0017	9.28e-182
      1       1 PUL0061	9.91e-103
      1       1 PUL0070	3.09e-188
      1       1 PUL0106	2.91e-183
      1       1 PUL0108	2.31e-107
      1       1 PUL0124	1.05e-175
      1       1 PUL0145	1.21e-192
      1       1 PUL0162	2.70e-166
      1       1 PUL0168	2.09e-30
      1       1 PUL0230	1.01e-64
      1       1 PUL0248	2.97e-128
      1       1 PUL0294	3.30e-59
      1       1 PUL0335	1.42e-191
      1       1 PUL0336	3.31e-10
      1       1 PUL0337	1.04e-64
      1       1 PUL0337	1.34e-189
      1       1 PUL0340	7.71e-265
      1       1 PUL0341	2.50e-198
      1       1 PUL0406	1.17e-196
      1       1 PUL0460	2.68e-76
      1       1 PUL0460	6.61e-67
      1       1 PUL0493	1.09e-78
