      1       1 PUL0001	7.03e-142
      1       1 PUL0044	2.81e-247
      1       1 PUL0066	2.69e-259
      1       1 PUL0103	1.10e-256
      1       1 PUL0106	1.09e-69
      1       1 PUL0108	1.02e-163
      1       1 PUL0145	1.36e-106
      1       1 PUL0145	4.56e-50
      1       1 PUL0151	1.25e-147
      1       1 PUL0164	5.97e-100
      1       1 PUL0178	1.24e-224
      1       1 PUL0206	3.06e-142
      1       1 PUL0218	1.34e-312
      1       1 PUL0267	2.94e-221
      1       1 PUL0328	1.67e-264
      1       1 PUL0329	1.42e-84
      1       1 PUL0329	2.92e-111
      1       1 PUL0333	1.17e-176
      1       1 PUL0334	1.10e-88
      1       1 PUL0334	5.14e-268
      1       1 PUL0335	1.86e-175
      1       1 PUL0335	2.30e-170
      1       1 PUL0335	6.16e-161
      1       1 PUL0336	9.49e-165
      1       1 PUL0339	1.02e-66
      1       1 PUL0339	2.15e-293
      1       1 PUL0339	6.27e-245
      1       1 PUL0339	9.30e-297
      1       1 PUL0340	1.70e-151
      1       1 PUL0340	3.36e-150
      1       1 PUL0345	3.31e-109
      1       1 PUL0345	5.66e-137
      1       1 PUL0350	2.74e-244
      1       1 PUL0382	5.20e-205
      1       1 PUL0392	7.65e-103
      1       1 PUL0397	9.43e-13
      1       1 PUL0440	1.01e-217
      1       1 PUL0441	1.74e-123
      1       1 PUL0441	2.62e-149
      1       1 PUL0441	4.17e-159
      1       1 PUL0468	9.05e-111
      1       1 PUL0473	5.28e-83
      1       1 PUL0476	1.39e-268
      1       1 PUL0478	5.02e-218
      1       1 PUL0492	3.34e-179
      1       1 PUL0499	9.44e-30
      1       1 PUL0502	1.81e-112
      1       1 PUL0507	1.57e-206
      1       1 PUL0507	5.09e-179
      1       1 PUL0527	1.23e-265
      1       1 PUL0530	4.66e-242
      1       1 PUL0541	3.01e-82
      1       1 PUL0547	3.24e-251
      1       1 PUL0555	4.05e-180
