      1       1 PUL0013	1.86e-07
      1       1 PUL0015	2.16e-19
      1       1 PUL0016	1.17e-214
      1       1 PUL0017	1.01e-189
      1       1 PUL0020	3.23e-120
      1       1 PUL0020	4.25e-95
      1       1 PUL0025	2.30e-135
      1       1 PUL0029	1.43e-164
      1       1 PUL0036	1.06e-128
      1       1 PUL0038	6.07e-150
      1       1 PUL0048	2.26e-218
      1       1 PUL0101	1.25e-65
      1       1 PUL0106	1.62e-112
      1       1 PUL0106	2.48e-242
      1       1 PUL0108	1.13e-41
      1       1 PUL0110	1.01e-29
      1       1 PUL0113	1.66e-170
      1       1 PUL0121	1.15e-77
      1       1 PUL0121	7.54e-80
      1       1 PUL0123	5.00e-22
      1       1 PUL0177	7.82e-205
      1       1 PUL0184	6.12e-43
      1       1 PUL0195	8.10e-76
      1       1 PUL0195	8.72e-85
      1       1 PUL0212	1.45e-131
      1       1 PUL0212	2.82e-164
      1       1 PUL0216	1.80e-85
      1       1 PUL0219	8.71e-20
      1       1 PUL0227	9.67e-80
      1       1 PUL0230	2.66e-119
      1       1 PUL0230	4.91e-139
      1       1 PUL0230	8.79e-23
      1       1 PUL0267	1.14e-265
      1       1 PUL0267	1.79e-165
      1       1 PUL0267	3.28e-04
      1       1 PUL0295	2.33e-08
      1       1 PUL0331	1.34e-45
      1       1 PUL0333	1.37e-103
      1       1 PUL0333	1.46e-73
      1       1 PUL0335	2.67e-99
      1       1 PUL0341	4.00e-177
      1       1 PUL0347	1.29e-265
      1       1 PUL0366	2.59e-54
      1       1 PUL0366	4.12e-45
      1       1 PUL0406	1.31e-71
      1       1 PUL0406	1.47e-79
      1       1 PUL0406	5.87e-97
      1       1 PUL0413	9.53e-157
      1       1 PUL0451	3.86e-178
      1       1 PUL0457	1.30e-134
      1       1 PUL0457	8.51e-83
      1       1 PUL0458	5.10e-14
      1       1 PUL0460	1.82e-13
      1       1 PUL0494	4.46e-13
      1       1 PUL0530	3.39e-223
      1       1 PUL0569	4.42e-86
      1       1 PUL0575	3.44e-144
      1       1 PUL0582	6.83e-113
      1       1 PUL0584	7.64e-171
      1       1 PUL0598	4.53e-75
