      1       1 PUL0001	2.01e-236
      1       1 PUL0017	8.21e-206
      1       1 PUL0024	4.89e-109
      1       1 PUL0038	1.86e-147
      1       1 PUL0058	1.27e-186
      1       1 PUL0058	1.34e-123
      1       1 PUL0058	1.92e-118
      1       1 PUL0058	2.41e-255
      1       1 PUL0058	6.66e-193
      1       1 PUL0106	3.38e-207
      1       1 PUL0121	1.22e-36
      1       1 PUL0121	2.29e-53
      1       1 PUL0121	7.60e-81
      1       1 PUL0122	5.73e-202
      1       1 PUL0124	3.56e-103
      1       1 PUL0134	3.74e-92
      1       1 PUL0145	1.10e-58
      1       1 PUL0168	3.47e-148
      1       1 PUL0168	3.54e-57
      1       1 PUL0212	1.56e-170
      1       1 PUL0227	2.65e-77
      1       1 PUL0247	2.56e-120
      1       1 PUL0256	3.54e-184
      1       1 PUL0267	9.79e-265
      1       1 PUL0299	1.12e-76
      1       1 PUL0300	2.15e-96
      1       1 PUL0335	1.71e-158
      1       1 PUL0335	4.33e-145
      1       1 PUL0336	8.28e-36
      1       1 PUL0339	1.36e-31
      1       1 PUL0339	6.39e-157
      1       1 PUL0368	9.25e-37
      1       1 PUL0452	1.52e-76
      1       1 PUL0492	1.33e-35
      1       1 PUL0584	6.66e-181
      1       1 PUL0591	4.49e-68
      1       1 PUL0602	7.03e-12
