      1       1 PUL0009	5.37e-78
      1       1 PUL0017	1.70e-175
      1       1 PUL0020	2.95e-35
      1       1 PUL0024	9.62e-16
      1       1 PUL0029	1.93e-43
      1       1 PUL0036	1.39e-95
      1       1 PUL0049	1.37e-36
      1       1 PUL0050	3.25e-80
      1       1 PUL0061	1.76e-225
      1       1 PUL0088	1.05e-08
      1       1 PUL0094	3.84e-49
      1       1 PUL0101	1.58e-196
      1       1 PUL0101	2.00e-37
      1       1 PUL0103	5.80e-90
      1       1 PUL0106	2.51e-161
      1       1 PUL0106	3.51e-188
      1       1 PUL0106	3.73e-131
      1       1 PUL0108	1.02e-40
      1       1 PUL0108	2.98e-86
      1       1 PUL0108	4.73e-37
      1       1 PUL0109	7.15e-146
      1       1 PUL0121	1.13e-174
      1       1 PUL0121	3.05e-92
      1       1 PUL0121	5.77e-80
      1       1 PUL0123	1.38e-33
      1       1 PUL0145	4.13e-206
      1       1 PUL0151	5.76e-15
      1       1 PUL0161	2.56e-43
      1       1 PUL0161	5.25e-52
      1       1 PUL0179	5.04e-37
      1       1 PUL0180	2.49e-158
      1       1 PUL0180	3.12e-77
      1       1 PUL0180	6.39e-41
      1       1 PUL0199	1.74e-49
      1       1 PUL0206	6.62e-92
      1       1 PUL0225	1.70e-107
      1       1 PUL0226	2.16e-08
      1       1 PUL0240	4.86e-109
      1       1 PUL0267	3.40e-171
      1       1 PUL0267	4.58e-227
      1       1 PUL0267	5.36e-228
      1       1 PUL0269	5.14e-21
      1       1 PUL0281	8.21e-140
      1       1 PUL0286	3.74e-122
      1       1 PUL0299	6.72e-74
      1       1 PUL0300	1.11e-10
      1       1 PUL0300	2.65e-38
      1       1 PUL0302	1.04e-80
      1       1 PUL0302	6.14e-61
      1       1 PUL0309	3.36e-57
      1       1 PUL0309	5.85e-38
      1       1 PUL0311	1.17e-234
      1       1 PUL0333	5.88e-106
      1       1 PUL0335	9.52e-10
      1       1 PUL0337	1.64e-07
      1       1 PUL0337	1.74e-40
      1       1 PUL0339	2.36e-169
      1       1 PUL0339	7.45e-17
      1       1 PUL0339	8.06e-53
      1       1 PUL0339	9.45e-53
      1       1 PUL0340	1.09e-225
      1       1 PUL0340	2.43e-34
      1       1 PUL0341	5.50e-158
      1       1 PUL0365	1.32e-74
      1       1 PUL0375	8.07e-79
      1       1 PUL0396	1.97e-11
      1       1 PUL0401	1.36e-67
      1       1 PUL0404	9.80e-61
      1       1 PUL0406	2.26e-116
      1       1 PUL0413	2.44e-15
      1       1 PUL0414	6.71e-80
      1       1 PUL0414	6.84e-104
      1       1 PUL0434	5.28e-50
      1       1 PUL0459	2.64e-06
      1       1 PUL0460	1.01e-09
      1       1 PUL0460	2.19e-04
      1       1 PUL0460	3.61e-54
      1       1 PUL0489	1.32e-11
      1       1 PUL0493	4.23e-83
      1       1 PUL0494	2.83e-32
      1       1 PUL0530	1.45e-47
      1       1 PUL0569	1.83e-12
      1       1 PUL0577	1.07e-09
      1       1 PUL0577	4.26e-11
      1       1 PUL0599	4.22e-68
