PUL0009	1
PUL0017	1
PUL0020	1
PUL0024	1
PUL0029	1
PUL0036	1
PUL0049	1
PUL0050	1
PUL0061	1
PUL0088	1
PUL0094	1
PUL0101	2
PUL0103	1
PUL0106	3
PUL0108	3
PUL0109	1
PUL0121	3
PUL0123	1
PUL0145	1
PUL0151	1
PUL0161	2
PUL0179	1
PUL0180	3
PUL0199	1
PUL0206	1
PUL0225	1
PUL0226	1
PUL0240	1
PUL0267	3
PUL0269	1
PUL0281	1
PUL0286	1
PUL0299	1
PUL0300	2
PUL0302	2
PUL0309	2
PUL0311	1
PUL0333	1
PUL0335	1
PUL0337	2
PUL0339	4
PUL0340	2
PUL0341	1
PUL0365	1
PUL0375	1
PUL0396	1
PUL0401	1
PUL0404	1
PUL0406	1
PUL0413	1
PUL0414	2
PUL0434	1
PUL0459	1
PUL0460	3
PUL0489	1
PUL0493	1
PUL0494	1
PUL0530	1
PUL0569	1
PUL0577	2
PUL0599	1
