      1       1 PUL0006	6.20e-17
      1       1 PUL0007	2.71e-117
      1       1 PUL0017	3.04e-188
      1       1 PUL0017	8.97e-193
      1       1 PUL0019	6.44e-58
      1       1 PUL0024	2.01e-51
      1       1 PUL0024	3.18e-46
      1       1 PUL0038	6.06e-167
      1       1 PUL0046	9.50e-154
      1       1 PUL0049	1.43e-44
      1       1 PUL0058	2.55e-269
      1       1 PUL0061	4.58e-180
      1       1 PUL0072	4.16e-60
      1       1 PUL0093	2.55e-140
      1       1 PUL0104	4.66e-61
      1       1 PUL0106	1.16e-115
      1       1 PUL0108	1.07e-94
      1       1 PUL0121	1.08e-35
      1       1 PUL0121	3.72e-86
      1       1 PUL0121	9.02e-185
      1       1 PUL0184	6.26e-36
      1       1 PUL0225	1.79e-171
      1       1 PUL0236	5.76e-108
      1       1 PUL0240	2.14e-87
      1       1 PUL0270	4.19e-06
      1       1 PUL0281	1.77e-42
      1       1 PUL0296	2.15e-84
      1       1 PUL0296	4.99e-121
      1       1 PUL0300	2.95e-134
      1       1 PUL0309	2.27e-40
      1       1 PUL0316	1.90e-95
      1       1 PUL0333	9.63e-124
      1       1 PUL0335	1.11e-192
      1       1 PUL0335	1.42e-152
      1       1 PUL0335	2.64e-54
      1       1 PUL0335	7.12e-150
      1       1 PUL0336	3.84e-98
      1       1 PUL0337	3.35e-159
      1       1 PUL0339	1.01e-06
      1       1 PUL0339	3.15e-48
      1       1 PUL0340	2.99e-230
      1       1 PUL0340	7.06e-159
      1       1 PUL0341	2.12e-216
      1       1 PUL0341	6.93e-18
      1       1 PUL0345	4.67e-73
      1       1 PUL0347	1.21e-91
      1       1 PUL0349	1.29e-191
      1       1 PUL0349	1.58e-77
      1       1 PUL0373	3.18e-63
      1       1 PUL0375	2.94e-50
      1       1 PUL0406	2.14e-154
      1       1 PUL0406	2.30e-11
      1       1 PUL0406	3.06e-82
      1       1 PUL0406	3.46e-218
      1       1 PUL0406	9.80e-110
      1       1 PUL0413	1.45e-159
      1       1 PUL0413	2.12e-56
      1       1 PUL0413	3.44e-132
      1       1 PUL0429	1.72e-22
      1       1 PUL0501	8.79e-169
      1       1 PUL0516	2.90e-46
      1       1 PUL0530	5.49e-42
      1       1 PUL0569	2.97e-20
      1       1 PUL0584	2.50e-157
      1       1 PUL0591	1.67e-80
      1       1 PUL0593	1.87e-19
      1       1 PUL0595	1.37e-10
      1       1 PUL0601	9.30e-25
