PUL0006;1
PUL0007;1
PUL0017;2
PUL0019;1
PUL0024;2
PUL0038;1
PUL0046;1
PUL0049;1
PUL0058;1
PUL0061;1
PUL0072;1
PUL0093;1
PUL0104;1
PUL0106;1
PUL0108;1
PUL0121;3
PUL0184;1
PUL0225;1
PUL0236;1
PUL0240;1
PUL0270;1
PUL0281;1
PUL0296;2
PUL0300;1
PUL0309;1
PUL0316;1
PUL0333;1
PUL0335;4
PUL0336;1
PUL0337;1
PUL0339;2
PUL0340;2
PUL0341;2
PUL0345;1
PUL0347;1
PUL0349;2
PUL0373;1
PUL0375;1
PUL0406;5
PUL0413;3
PUL0429;1
PUL0501;1
PUL0516;1
PUL0530;1
PUL0569;1
PUL0584;1
PUL0591;1
PUL0593;1
PUL0595;1
PUL0601;1
