      1       1 PUL0001	2.56e-134
      1       1 PUL0007	7.14e-77
      1       1 PUL0013	4.58e-93
      1       1 PUL0017	1.65e-176
      1       1 PUL0029	4.02e-113
      1       1 PUL0036	9.40e-83
      1       1 PUL0038	3.84e-169
      1       1 PUL0043	7.63e-07
      1       1 PUL0049	3.42e-107
      1       1 PUL0050	1.04e-82
      1       1 PUL0058	6.94e-231
      1       1 PUL0060	1.24e-36
      1       1 PUL0081	3.23e-59
      1       1 PUL0093	8.13e-106
      1       1 PUL0094	3.48e-63
      1       1 PUL0101	5.88e-37
      1       1 PUL0104	1.05e-60
      1       1 PUL0106	1.22e-85
      1       1 PUL0106	2.42e-11
      1       1 PUL0106	2.81e-233
      1       1 PUL0106	3.17e-153
      1       1 PUL0107	3.07e-100
      1       1 PUL0121	4.11e-153
      1       1 PUL0121	5.30e-171
      1       1 PUL0124	3.26e-31
      1       1 PUL0124	9.17e-69
      1       1 PUL0139	3.10e-13
      1       1 PUL0152	1.41e-90
      1       1 PUL0162	1.36e-162
      1       1 PUL0180	2.37e-131
      1       1 PUL0180	6.24e-39
      1       1 PUL0180	7.22e-20
      1       1 PUL0184	4.71e-114
      1       1 PUL0199	6.77e-46
      1       1 PUL0214	8.30e-89
      1       1 PUL0230	5.06e-101
      1       1 PUL0254	5.12e-12
      1       1 PUL0256	2.59e-178
      1       1 PUL0267	1.25e-80
      1       1 PUL0267	1.54e-99
      1       1 PUL0267	2.02e-233
      1       1 PUL0267	5.15e-103
      1       1 PUL0267	8.15e-60
      1       1 PUL0280	1.67e-05
      1       1 PUL0282	2.50e-13
      1       1 PUL0282	3.29e-10
      1       1 PUL0294	4.31e-85
      1       1 PUL0297	6.24e-43
      1       1 PUL0299	3.79e-74
      1       1 PUL0326	5.10e-07
      1       1 PUL0332	2.02e-70
      1       1 PUL0333	1.07e-16
      1       1 PUL0333	1.41e-81
      1       1 PUL0335	4.46e-40
      1       1 PUL0335	5.43e-97
      1       1 PUL0335	5.73e-84
      1       1 PUL0337	1.42e-08
      1       1 PUL0337	2.91e-06
      1       1 PUL0339	1.93e-15
      1       1 PUL0339	4.18e-39
      1       1 PUL0339	8.96e-152
      1       1 PUL0340	1.88e-32
      1       1 PUL0341	1.53e-197
      1       1 PUL0347	3.29e-110
      1       1 PUL0347	4.75e-24
      1       1 PUL0368	4.03e-27
      1       1 PUL0390	1.46e-69
      1       1 PUL0390	4.88e-32
      1       1 PUL0406	3.54e-155
      1       1 PUL0406	6.01e-66
      1       1 PUL0413	6.07e-205
      1       1 PUL0413	7.93e-35
      1       1 PUL0413	9.68e-194
      1       1 PUL0414	6.85e-26
      1       1 PUL0414	9.61e-49
      1       1 PUL0429	3.95e-16
      1       1 PUL0429	9.70e-19
      1       1 PUL0454	1.10e-30
      1       1 PUL0454	3.38e-70
      1       1 PUL0460	1.26e-44
      1       1 PUL0460	3.50e-52
      1       1 PUL0480	1.58e-18
      1       1 PUL0499	6.03e-09
      1       1 PUL0501	1.29e-49
      1       1 PUL0502	9.89e-13
      1       1 PUL0505	1.49e-10
      1       1 PUL0519	1.30e-125
      1       1 PUL0527	1.05e-81
      1       1 PUL0527	1.28e-195
      1       1 PUL0527	3.25e-39
      1       1 PUL0527	6.54e-28
      1       1 PUL0569	4.82e-07
      1       1 PUL0584	1.96e-121
      1       1 PUL0591	6.20e-71
      1       1 PUL0599	1.21e-124
