PUL0001;1
PUL0007;1
PUL0013;1
PUL0017;1
PUL0029;1
PUL0036;1
PUL0038;1
PUL0043;1
PUL0049;1
PUL0050;1
PUL0058;1
PUL0060;1
PUL0081;1
PUL0093;1
PUL0094;1
PUL0101;1
PUL0104;1
PUL0106;4
PUL0107;1
PUL0121;2
PUL0124;2
PUL0139;1
PUL0152;1
PUL0162;1
PUL0180;3
PUL0184;1
PUL0199;1
PUL0214;1
PUL0230;1
PUL0254;1
PUL0256;1
PUL0267;5
PUL0280;1
PUL0282;2
PUL0294;1
PUL0297;1
PUL0299;1
PUL0326;1
PUL0332;1
PUL0333;2
PUL0335;3
PUL0337;2
PUL0339;3
PUL0340;1
PUL0341;1
PUL0347;2
PUL0368;1
PUL0390;2
PUL0406;2
PUL0413;3
PUL0414;2
PUL0429;2
PUL0454;2
PUL0460;2
PUL0480;1
PUL0499;1
PUL0501;1
PUL0502;1
PUL0505;1
PUL0519;1
PUL0527;4
PUL0569;1
PUL0584;1
PUL0591;1
PUL0599;1
