      1       1 PUL0012	6.48e-28
      1       1 PUL0017	5.67e-187
      1       1 PUL0049	1.11e-316
      1       1 PUL0063	6.50e-101
      1       1 PUL0103	8.19e-195
      1       1 PUL0106	5.90e-172
      1       1 PUL0178	3.35e-183
      1       1 PUL0180	4.97e-250
      1       1 PUL0206	3.24e-126
      1       1 PUL0267	4.39e-311
      1       1 PUL0334	2.53e-20
      1       1 PUL0334	6.10e-241
      1       1 PUL0335	1.63e-207
      1       1 PUL0337	1.33e-139
      1       1 PUL0339	1.55e-230
      1       1 PUL0339	3.44e-292
      1       1 PUL0341	5.82e-154
      1       1 PUL0344	5.16e-46
      1       1 PUL0344	5.66e-22
      1       1 PUL0414	1.65e-57
      1       1 PUL0462	2.08e-127
      1       1 PUL0482	1.68e-168
      1       1 PUL0493	3.06e-35
      1       1 PUL0527	1.60e-255
      1       1 PUL0527	2.31e-19
