      1       1 PUL0001	2.66e-126
      1       1 PUL0006	1.23e-80
      1       1 PUL0017	1.05e-185
      1       1 PUL0029	4.14e-44
      1       1 PUL0048	1.33e-203
      1       1 PUL0058	9.58e-235
      1       1 PUL0106	1.31e-161
      1       1 PUL0113	5.82e-220
      1       1 PUL0124	5.85e-195
      1       1 PUL0210	1.40e-167
      1       1 PUL0212	2.06e-113
      1       1 PUL0245	1.86e-283
      1       1 PUL0260	1.41e-40
      1       1 PUL0340	1.31e-206
      1       1 PUL0349	7.95e-206
      1       1 PUL0390	4.08e-152
      1       1 PUL0390	7.33e-25
      1       1 PUL0406	1.36e-202
      1       1 PUL0406	6.82e-110
      1       1 PUL0530	2.79e-253
      1       1 PUL0576	2.45e-136
      1       1 PUL0584	4.85e-148
