PUL0017 2
PUL0020 1
PUL0022 1
PUL0024 3
PUL0029 4
PUL0038 1
PUL0049 1
PUL0050 1
PUL0058 1
PUL0070 1
PUL0101 2
PUL0103 1
PUL0106 2
PUL0108 2
PUL0121 5
PUL0124 1
PUL0138 1
PUL0143 1
PUL0152 1
PUL0161 1
PUL0180 1
PUL0186 1
PUL0196 1
PUL0212 1
PUL0214 1
PUL0240 1
PUL0245 1
PUL0250 1
PUL0267 2
PUL0270 1
PUL0275 1
PUL0299 2
PUL0333 1
PUL0335 1
PUL0337 1
PUL0339 1
PUL0340 1
PUL0341 1
PUL0347 2
PUL0349 1
PUL0396 1
PUL0400 1
PUL0406 1
PUL0413 2
PUL0429 1
PUL0448 1
PUL0454 1
PUL0511 1
PUL0519 1
PUL0584 2
PUL0590 1
PUL0591 1
