      1       1 PUL0017	7.12e-179
      1       1 PUL0017	9.38e-186
      1       1 PUL0020	2.69e-93
      1       1 PUL0022	4.51e-167
      1       1 PUL0024	1.38e-41
      1       1 PUL0024	2.62e-200
      1       1 PUL0024	7.92e-163
      1       1 PUL0029	1.77e-100
      1       1 PUL0029	2.00e-68
      1       1 PUL0029	2.31e-176
      1       1 PUL0029	3.98e-147
      1       1 PUL0038	8.85e-142
      1       1 PUL0049	9.76e-152
      1       1 PUL0050	1.81e-97
      1       1 PUL0058	6.16e-229
      1       1 PUL0070	8.36e-163
      1       1 PUL0101	3.99e-126
      1       1 PUL0101	4.29e-24
      1       1 PUL0103	6.68e-95
      1       1 PUL0106	1.08e-162
      1       1 PUL0106	4.02e-06
      1       1 PUL0108	2.35e-30
      1       1 PUL0108	5.78e-166
      1       1 PUL0121	1.75e-24
      1       1 PUL0121	2.35e-50
      1       1 PUL0121	2.98e-09
      1       1 PUL0121	4.28e-17
      1       1 PUL0121	6.48e-77
      1       1 PUL0124	4.40e-142
      1       1 PUL0138	9.46e-15
      1       1 PUL0143	5.59e-222
      1       1 PUL0152	1.90e-22
      1       1 PUL0161	2.84e-22
      1       1 PUL0180	3.17e-94
      1       1 PUL0186	1.34e-141
      1       1 PUL0196	2.64e-236
      1       1 PUL0212	1.27e-184
      1       1 PUL0214	2.76e-144
      1       1 PUL0240	6.73e-111
      1       1 PUL0245	1.80e-43
      1       1 PUL0250	6.82e-45
      1       1 PUL0267	1.74e-252
      1       1 PUL0267	3.20e-158
      1       1 PUL0270	1.53e-105
      1       1 PUL0275	8.18e-224
      1       1 PUL0299	1.20e-60
      1       1 PUL0299	5.14e-05
      1       1 PUL0333	1.73e-125
      1       1 PUL0335	1.93e-154
      1       1 PUL0337	2.39e-107
      1       1 PUL0339	1.52e-51
      1       1 PUL0340	1.50e-89
      1       1 PUL0341	1.15e-121
      1       1 PUL0347	1.69e-229
      1       1 PUL0347	2.30e-07
      1       1 PUL0349	2.92e-210
      1       1 PUL0396	1.19e-81
      1       1 PUL0400	1.61e-05
      1       1 PUL0406	2.59e-208
      1       1 PUL0413	2.52e-119
      1       1 PUL0413	4.87e-57
      1       1 PUL0429	3.21e-81
      1       1 PUL0448	1.38e-11
      1       1 PUL0454	5.25e-18
      1       1 PUL0511	1.51e-14
      1       1 PUL0519	3.23e-313
      1       1 PUL0584	1.65e-147
      1       1 PUL0584	1.86e-155
      1       1 PUL0590	2.22e-41
      1       1 PUL0591	1.99e-67
