      1       1 PUL0013	1.12e-04
      1       1 PUL0013	1.26e-203
      1       1 PUL0013	3.90e-229
      1       1 PUL0017	1.16e-194
      1       1 PUL0022	6.80e-215
      1       1 PUL0026	5.08e-54
      1       1 PUL0037	5.80e-25
      1       1 PUL0041	7.69e-176
      1       1 PUL0049	3.32e-203
      1       1 PUL0058	1.84e-212
      1       1 PUL0058	6.94e-194
      1       1 PUL0061	6.04e-227
      1       1 PUL0069	5.74e-264
      1       1 PUL0075	1.77e-19
      1       1 PUL0100	2.40e-295
      1       1 PUL0101	3.39e-32
      1       1 PUL0106	4.66e-226
      1       1 PUL0106	4.67e-122
      1       1 PUL0121	1.42e-54
      1       1 PUL0121	7.27e-58
      1       1 PUL0122	4.34e-193
      1       1 PUL0145	1.30e-182
      1       1 PUL0145	3.63e-177
      1       1 PUL0145	4.39e-196
      1       1 PUL0145	5.51e-186
      1       1 PUL0152	7.12e-106
      1       1 PUL0168	4.12e-311
      1       1 PUL0180	1.67e-162
      1       1 PUL0180	6.67e-97
      1       1 PUL0184	3.05e-41
      1       1 PUL0184	3.08e-34
      1       1 PUL0245	3.37e-52
      1       1 PUL0246	1.93e-236
      1       1 PUL0248	7.05e-183
      1       1 PUL0267	3.86e-229
      1       1 PUL0270	6.42e-136
      1       1 PUL0286	6.16e-135
      1       1 PUL0296	5.15e-116
      1       1 PUL0300	1.06e-54
      1       1 PUL0316	1.04e-93
      1       1 PUL0316	2.77e-113
      1       1 PUL0324	1.51e-144
      1       1 PUL0332	8.53e-115
      1       1 PUL0333	1.28e-108
      1       1 PUL0335	1.07e-194
      1       1 PUL0335	1.13e-140
      1       1 PUL0335	3.25e-104
      1       1 PUL0336	9.47e-33
      1       1 PUL0340	2.57e-145
      1       1 PUL0340	9.53e-04
      1       1 PUL0347	5.50e-233
      1       1 PUL0349	3.94e-227
      1       1 PUL0368	1.17e-103
      1       1 PUL0390	1.00e-25
      1       1 PUL0390	4.33e-91
      1       1 PUL0396	2.78e-80
      1       1 PUL0431	1.11e-302
      1       1 PUL0460	3.76e-28
      1       1 PUL0461	5.20e-167
      1       1 PUL0493	1.11e-73
      1       1 PUL0530	4.63e-276
      1       1 PUL0584	1.73e-149
      1       1 PUL0586	1.42e-241
      1       1 PUL0599	1.14e-134
