      1       1 PUL0049	2.09e-33
      1       1 PUL0049	9.88e-290
      1       1 PUL0094	3.92e-89
      1       1 PUL0123	4.20e-172
      1       1 PUL0124	8.27e-165
      1       1 PUL0160	1.81e-274
      1       1 PUL0267	3.25e-230
      1       1 PUL0267	8.74e-303
      1       1 PUL0327	6.62e-158
      1       1 PUL0328	1.17e-290
      1       1 PUL0329	1.12e-195
      1       1 PUL0329	1.49e-20
      1       1 PUL0339	5.08e-246
      1       1 PUL0418	1.24e-184
      1       1 PUL0459	6.52e-10
      1       1 PUL0460	1.32e-39
      1       1 PUL0461	2.72e-09
      1       1 PUL0468	2.19e-36
      1       1 PUL0479	1.12e-197
      1       1 PUL0479	6.37e-231
      1       1 PUL0487	9.75e-256
      1       1 PUL0534	1.62e-141
