      1       1 PUL0006	8.98e-17
      1       1 PUL0017	6.79e-190
      1       1 PUL0017	7.48e-192
      1       1 PUL0018	5.32e-128
      1       1 PUL0038	9.25e-166
      1       1 PUL0047	1.30e-184
      1       1 PUL0049	1.19e-29
      1       1 PUL0058	2.35e-269
      1       1 PUL0108	5.42e-79
      1       1 PUL0121	2.14e-184
      1       1 PUL0123	4.39e-66
      1       1 PUL0145	6.95e-195
      1       1 PUL0180	2.74e-89
      1       1 PUL0236	1.28e-107
      1       1 PUL0266	5.67e-13
      1       1 PUL0296	1.48e-118
      1       1 PUL0296	1.65e-84
      1       1 PUL0296	3.83e-74
      1       1 PUL0331	3.96e-27
      1       1 PUL0333	2.82e-126
      1       1 PUL0333	3.39e-94
      1       1 PUL0335	5.49e-194
      1       1 PUL0336	5.41e-97
      1       1 PUL0337	1.20e-160
      1       1 PUL0339	1.31e-152
      1       1 PUL0340	1.76e-231
      1       1 PUL0340	1.79e-46
      1       1 PUL0340	3.15e-156
      1       1 PUL0341	7.91e-218
      1       1 PUL0349	3.12e-193
      1       1 PUL0370	9.36e-204
      1       1 PUL0375	2.12e-147
      1       1 PUL0390	4.03e-94
      1       1 PUL0406	1.99e-213
      1       1 PUL0413	2.79e-132
      1       1 PUL0413	3.50e-08
      1       1 PUL0434	2.82e-40
      1       1 PUL0584	1.71e-156
