      1       1 PUL0059	4.81e-151
      1       1 PUL0090	3.08e-176
      1       1 PUL0106	1.19e-287
      1       1 PUL0108	9.10e-48
      1       1 PUL0109	8.82e-113
      1       1 PUL0145	1.86e-243
      1       1 PUL0145	2.56e-288
      1       1 PUL0151	1.38e-04
      1       1 PUL0193	7.18e-248
      1       1 PUL0199	4.23e-44
      1       1 PUL0206	8.10e-140
      1       1 PUL0230	2.95e-63
      1       1 PUL0255	1.22e-133
      1       1 PUL0255	3.84e-136
      1       1 PUL0260	6.96e-12
      1       1 PUL0266	1.50e-45
      1       1 PUL0267	1.10e-293
      1       1 PUL0267	8.58e-229
      1       1 PUL0329	9.63e-203
      1       1 PUL0339	1.16e-283
      1       1 PUL0344	1.09e-100
      1       1 PUL0346	1.62e-20
      1       1 PUL0348	2.72e-220
      1       1 PUL0420	1.89e-292
      1       1 PUL0428	7.35e-27
      1       1 PUL0429	2.00e-151
      1       1 PUL0431	6.28e-166
      1       1 PUL0435	7.93e-49
      1       1 PUL0436	1.81e-311
      1       1 PUL0441	7.09e-314
      1       1 PUL0478	4.68e-40
      1       1 PUL0479	1.06e-188
      1       1 PUL0479	1.41e-57
      1       1 PUL0483	1.18e-126
      1       1 PUL0487	3.55e-157
      1       1 PUL0489	3.03e-46
      1       1 PUL0493	3.32e-90
      1       1 PUL0498	3.39e-129
      1       1 PUL0503	1.43e-55
      1       1 PUL0504	1.05e-25
      1       1 PUL0527	1.93e-267
      1       1 PUL0539	2.50e-269
      1       1 PUL0600	6.45e-04
