      1       1 PUL0008	3.67e-252
      1       1 PUL0093	8.36e-210
      1       1 PUL0106	1.54e-144
      1       1 PUL0108	5.97e-55
      1       1 PUL0145	4.52e-212
      1       1 PUL0161	3.82e-243
      1       1 PUL0180	1.53e-215
      1       1 PUL0180	2.24e-235
      1       1 PUL0180	3.24e-320
      1       1 PUL0191	9.85e-42
      1       1 PUL0326	1.72e-81
      1       1 PUL0348	9.42e-195
      1       1 PUL0353	6.18e-197
      1       1 PUL0375	6.58e-121
      1       1 PUL0502	1.80e-221
      1       1 PUL0502	1.83e-263
      1       1 PUL0506	1.00e-24
      1       1 PUL0511	5.33e-316
      1       1 PUL0513	5.99e-194
      1       1 PUL0521	4.33e-311
      1       1 PUL0530	6.02e-146
      1       1 PUL0537	1.43e-151
      1       1 PUL0548	3.25e-270
