      1       1 PUL0049	5.23e-304
      1       1 PUL0106	1.79e-318
      1       1 PUL0108	1.08e-05
      1       1 PUL0121	9.88e-92
      1       1 PUL0134	3.92e-189
      1       1 PUL0145	1.91e-257
      1       1 PUL0145	2.10e-221
      1       1 PUL0149	2.03e-61
      1       1 PUL0252	8.66e-299
      1       1 PUL0316	3.90e-76
      1       1 PUL0316	5.66e-184
      1       1 PUL0333	5.00e-57
      1       1 PUL0334	1.21e-206
      1       1 PUL0335	2.25e-105
      1       1 PUL0335	2.27e-118
      1       1 PUL0336	3.55e-137
      1       1 PUL0337	8.02e-144
      1       1 PUL0339	1.16e-244
      1       1 PUL0339	8.95e-258
      1       1 PUL0356	1.52e-27
      1       1 PUL0420	7.05e-314
      1       1 PUL0438	7.87e-253
      1       1 PUL0443	9.88e-203
      1       1 PUL0468	3.53e-203
      1       1 PUL0496	1.32e-96
      1       1 PUL0527	1.49e-264
      1       1 PUL0530	8.15e-304
      1       1 PUL0537	5.15e-160
      1       1 PUL0544	4.62e-230
