      1       1 PUL0006	6.57e-17
      1       1 PUL0007	2.80e-118
      1       1 PUL0017	1.22e-191
      1       1 PUL0017	2.05e-189
      1       1 PUL0019	3.90e-58
      1       1 PUL0024	6.33e-63
      1       1 PUL0047	2.21e-62
      1       1 PUL0058	4.52e-269
      1       1 PUL0121	3.42e-183
      1       1 PUL0121	5.25e-66
      1       1 PUL0225	8.16e-171
      1       1 PUL0236	5.79e-107
      1       1 PUL0266	2.10e-37
      1       1 PUL0294	1.84e-92
      1       1 PUL0296	1.74e-81
      1       1 PUL0297	2.36e-42
      1       1 PUL0300	3.04e-134
      1       1 PUL0333	1.59e-94
      1       1 PUL0335	8.59e-194
      1       1 PUL0337	1.03e-160
      1       1 PUL0339	3.71e-153
      1       1 PUL0340	5.49e-232
      1       1 PUL0341	6.64e-218
      1       1 PUL0349	2.19e-192
      1       1 PUL0370	2.65e-200
      1       1 PUL0406	2.18e-152
      1       1 PUL0406	6.10e-218
      1       1 PUL0414	1.54e-99
      1       1 PUL0434	7.52e-42
      1       1 PUL0584	2.74e-156
