      1       1 PUL0001	1.21e-142
      1       1 PUL0038	4.14e-165
      1       1 PUL0044	8.91e-248
      1       1 PUL0047	2.48e-66
      1       1 PUL0066	8.29e-260
      1       1 PUL0093	5.03e-183
      1       1 PUL0094	3.51e-103
      1       1 PUL0101	1.20e-81
      1       1 PUL0103	4.34e-165
      1       1 PUL0106	2.00e-172
      1       1 PUL0106	3.67e-153
      1       1 PUL0106	5.51e-92
      1       1 PUL0108	1.37e-14
      1       1 PUL0108	2.11e-58
      1       1 PUL0108	4.22e-109
      1       1 PUL0109	2.36e-244
      1       1 PUL0109	3.76e-161
      1       1 PUL0121	3.94e-61
      1       1 PUL0121	6.92e-113
      1       1 PUL0123	2.43e-17
      1       1 PUL0123	7.58e-23
      1       1 PUL0135	4.90e-17
      1       1 PUL0145	1.53e-91
      1       1 PUL0151	2.27e-147
      1       1 PUL0160	1.68e-170
      1       1 PUL0161	1.57e-83
      1       1 PUL0166	4.90e-67
      1       1 PUL0169	4.16e-73
      1       1 PUL0180	3.89e-75
      1       1 PUL0206	2.29e-176
      1       1 PUL0206	2.31e-142
      1       1 PUL0218	3.15e-312
      1       1 PUL0236	5.47e-113
      1       1 PUL0236	6.88e-109
      1       1 PUL0252	1.28e-230
      1       1 PUL0252	8.40e-220
      1       1 PUL0257	1.01e-105
      1       1 PUL0263	3.36e-85
      1       1 PUL0267	1.46e-05
      1       1 PUL0267	3.29e-221
      1       1 PUL0267	4.31e-300
      1       1 PUL0303	2.85e-47
      1       1 PUL0305	6.59e-77
      1       1 PUL0328	1.27e-276
      1       1 PUL0329	3.17e-78
      1       1 PUL0329	9.29e-85
      1       1 PUL0333	4.23e-177
      1       1 PUL0334	2.89e-89
      1       1 PUL0334	3.71e-268
      1       1 PUL0335	3.02e-175
      1       1 PUL0335	7.10e-162
      1       1 PUL0335	7.84e-85
      1       1 PUL0336	2.56e-98
      1       1 PUL0339	1.02e-303
      1       1 PUL0339	1.06e-244
      1       1 PUL0339	2.54e-195
      1       1 PUL0339	3.92e-142
      1       1 PUL0339	4.20e-67
      1       1 PUL0340	1.42e-150
      1       1 PUL0341	2.99e-151
      1       1 PUL0341	5.01e-156
      1       1 PUL0345	3.58e-109
      1       1 PUL0350	3.19e-245
      1       1 PUL0382	2.83e-205
      1       1 PUL0390	2.27e-15
      1       1 PUL0392	7.72e-103
      1       1 PUL0397	7.78e-13
      1       1 PUL0410	1.60e-65
      1       1 PUL0414	1.47e-57
      1       1 PUL0414	3.11e-31
      1       1 PUL0435	2.10e-56
      1       1 PUL0440	4.69e-218
      1       1 PUL0441	1.33e-159
      1       1 PUL0441	2.99e-149
      1       1 PUL0441	3.46e-123
      1       1 PUL0442	9.29e-131
      1       1 PUL0443	1.07e-93
      1       1 PUL0454	1.57e-45
      1       1 PUL0459	1.59e-12
      1       1 PUL0468	3.10e-138
      1       1 PUL0473	1.24e-90
      1       1 PUL0473	2.12e-84
      1       1 PUL0473	4.54e-81
      1       1 PUL0476	1.76e-259
      1       1 PUL0478	2.14e-41
      1       1 PUL0478	2.35e-218
      1       1 PUL0487	1.49e-248
      1       1 PUL0493	3.48e-74
      1       1 PUL0494	1.42e-180
      1       1 PUL0502	5.35e-183
      1       1 PUL0502	7.42e-113
      1       1 PUL0507	4.93e-179
      1       1 PUL0521	1.06e-192
      1       1 PUL0521	2.28e-219
      1       1 PUL0527	1.24e-265
      1       1 PUL0527	1.86e-85
      1       1 PUL0527	9.77e-158
      1       1 PUL0530	2.96e-242
      1       1 PUL0532	1.64e-175
      1       1 PUL0541	1.52e-76
      1       1 PUL0541	3.46e-94
      1       1 PUL0541	6.38e-117
      1       1 PUL0547	1.74e-251
      1       1 PUL0555	1.72e-180
