PUL0001;1
PUL0038;1
PUL0044;1
PUL0047;1
PUL0066;1
PUL0093;1
PUL0094;1
PUL0101;1
PUL0103;1
PUL0106;3
PUL0108;3
PUL0109;2
PUL0121;2
PUL0123;2
PUL0135;1
PUL0145;1
PUL0151;1
PUL0160;1
PUL0161;1
PUL0166;1
PUL0169;1
PUL0180;1
PUL0206;2
PUL0218;1
PUL0236;2
PUL0252;2
PUL0257;1
PUL0263;1
PUL0267;3
PUL0303;1
PUL0305;1
PUL0328;1
PUL0329;2
PUL0333;1
PUL0334;2
PUL0335;3
PUL0336;1
PUL0339;5
PUL0340;1
PUL0341;2
PUL0345;1
PUL0350;1
PUL0382;1
PUL0390;1
PUL0392;1
PUL0397;1
PUL0410;1
PUL0414;2
PUL0435;1
PUL0440;1
PUL0441;3
PUL0442;1
PUL0443;1
PUL0454;1
PUL0459;1
PUL0468;1
PUL0473;3
PUL0476;1
PUL0478;2
PUL0487;1
PUL0493;1
PUL0494;1
PUL0502;2
PUL0507;1
PUL0521;2
PUL0527;3
PUL0530;1
PUL0532;1
PUL0541;3
PUL0547;1
PUL0555;1
