      1       1 PUL0013	1.25e-89
      1       1 PUL0017	3.82e-203
      1       1 PUL0025	4.46e-86
      1       1 PUL0050	1.01e-38
      1       1 PUL0058	2.05e-247
      1       1 PUL0070	1.90e-186
      1       1 PUL0104	1.02e-54
      1       1 PUL0116	6.77e-14
      1       1 PUL0121	2.39e-112
      1       1 PUL0145	2.96e-215
      1       1 PUL0145	5.21e-107
      1       1 PUL0184	5.69e-143
      1       1 PUL0201	3.25e-151
      1       1 PUL0240	4.63e-104
      1       1 PUL0250	8.05e-126
      1       1 PUL0337	3.66e-198
      1       1 PUL0340	3.45e-318
      1       1 PUL0373	1.11e-59
      1       1 PUL0390	1.28e-71
      1       1 PUL0406	6.91e-55
      1       1 PUL0413	6.49e-175
      1       1 PUL0428	6.22e-10
      1       1 PUL0489	5.15e-56
      1       1 PUL0494	3.02e-15
      1       1 PUL0600	1.38e-64
