      1       1 PUL0001	8.74e-254
      1       1 PUL0014	4.93e-42
      1       1 PUL0017	1.75e-179
      1       1 PUL0022	1.53e-217
      1       1 PUL0024	5.92e-317
      1       1 PUL0024	7.02e-61
      1       1 PUL0024	7.03e-207
      1       1 PUL0029	1.59e-183
      1       1 PUL0029	3.01e-185
      1       1 PUL0070	1.30e-168
      1       1 PUL0106	5.54e-184
      1       1 PUL0108	5.46e-43
      1       1 PUL0113	1.33e-235
      1       1 PUL0117	7.30e-05
      1       1 PUL0121	4.10e-73
      1       1 PUL0122	2.67e-171
      1       1 PUL0134	5.23e-72
      1       1 PUL0148	4.13e-49
      1       1 PUL0161	6.37e-24
      1       1 PUL0168	5.85e-141
      1       1 PUL0209	9.65e-214
      1       1 PUL0212	1.47e-155
      1       1 PUL0245	1.04e-244
      1       1 PUL0254	6.50e-220
      1       1 PUL0270	2.17e-96
      1       1 PUL0302	1.37e-21
      1       1 PUL0302	6.18e-203
      1       1 PUL0329	2.75e-203
      1       1 PUL0335	1.80e-109
      1       1 PUL0336	2.19e-18
      1       1 PUL0336	8.88e-10
      1       1 PUL0337	4.56e-204
      1       1 PUL0339	5.78e-164
      1       1 PUL0340	1.06e-41
      1       1 PUL0340	1.64e-10
      1       1 PUL0341	1.06e-58
      1       1 PUL0341	1.25e-266
      1       1 PUL0346	4.06e-06
      1       1 PUL0347	1.63e-235
      1       1 PUL0375	6.58e-47
      1       1 PUL0406	4.88e-19
      1       1 PUL0413	1.16e-160
      1       1 PUL0413	3.45e-45
      1       1 PUL0413	4.15e-129
      1       1 PUL0413	8.37e-46
      1       1 PUL0460	1.49e-48
      1       1 PUL0502	2.62e-69
      1       1 PUL0521	2.00e-27
      1       1 PUL0530	2.08e-277
      1       1 PUL0530	6.32e-281
      1       1 PUL0555	6.43e-115
