      1       1 PUL0017	2.41e-199
      1       1 PUL0017	4.98e-186
      1       1 PUL0017	8.19e-159
      1       1 PUL0029	7.45e-43
      1       1 PUL0049	1.03e-245
      1       1 PUL0049	1.58e-158
      1       1 PUL0058	1.08e-191
      1       1 PUL0058	3.96e-109
      1       1 PUL0072	1.52e-166
      1       1 PUL0088	4.86e-23
      1       1 PUL0106	1.01e-186
      1       1 PUL0106	1.47e-57
      1       1 PUL0106	7.58e-163
      1       1 PUL0121	6.30e-121
      1       1 PUL0124	1.77e-33
      1       1 PUL0124	2.36e-78
      1       1 PUL0173	6.87e-123
      1       1 PUL0202	3.00e-130
      1       1 PUL0236	1.38e-83
      1       1 PUL0247	1.33e-75
      1       1 PUL0250	1.62e-127
      1       1 PUL0250	5.22e-75
      1       1 PUL0267	1.85e-242
      1       1 PUL0267	2.10e-58
      1       1 PUL0267	8.51e-217
      1       1 PUL0267	9.67e-262
      1       1 PUL0282	3.83e-09
      1       1 PUL0282	9.80e-21
      1       1 PUL0309	5.65e-28
      1       1 PUL0333	9.41e-36
      1       1 PUL0335	1.18e-67
      1       1 PUL0335	3.14e-83
      1       1 PUL0335	5.29e-158
      1       1 PUL0335	8.07e-72
      1       1 PUL0339	2.74e-07
      1       1 PUL0339	7.00e-12
      1       1 PUL0339	8.88e-43
      1       1 PUL0340	2.78e-140
      1       1 PUL0390	3.39e-53
      1       1 PUL0390	3.47e-74
      1       1 PUL0390	6.25e-68
      1       1 PUL0399	4.86e-99
      1       1 PUL0401	3.92e-24
      1       1 PUL0406	3.72e-26
      1       1 PUL0406	4.75e-06
      1       1 PUL0406	9.93e-31
      1       1 PUL0413	5.21e-164
      1       1 PUL0423	1.62e-67
      1       1 PUL0429	4.19e-108
      1       1 PUL0446	1.46e-93
      1       1 PUL0489	6.37e-44
      1       1 PUL0493	1.91e-184
      1       1 PUL0505	3.32e-191
      1       1 PUL0516	2.84e-143
      1       1 PUL0560	3.59e-32
      1       1 PUL0584	8.36e-149
      1       1 PUL0601	6.83e-47
