      1       1 PUL0008	4.31e-11
      1       1 PUL0009	1.07e-123
      1       1 PUL0017	1.83e-190
      1       1 PUL0017	6.06e-159
      1       1 PUL0029	6.08e-36
      1       1 PUL0038	7.75e-259
      1       1 PUL0061	2.36e-95
      1       1 PUL0070	3.86e-168
      1       1 PUL0101	1.69e-60
      1       1 PUL0106	3.32e-178
      1       1 PUL0121	2.99e-100
      1       1 PUL0176	1.21e-52
      1       1 PUL0184	2.27e-30
      1       1 PUL0205	8.59e-90
      1       1 PUL0217	1.17e-45
      1       1 PUL0218	7.03e-37
      1       1 PUL0267	2.03e-75
      1       1 PUL0267	3.84e-216
      1       1 PUL0291	2.92e-24
      1       1 PUL0300	1.75e-100
      1       1 PUL0316	3.07e-64
      1       1 PUL0333	9.52e-78
      1       1 PUL0335	1.23e-171
      1       1 PUL0335	5.61e-71
      1       1 PUL0339	6.78e-163
      1       1 PUL0340	5.13e-140
      1       1 PUL0368	1.01e-62
      1       1 PUL0390	2.07e-35
      1       1 PUL0399	6.59e-23
      1       1 PUL0404	4.44e-42
      1       1 PUL0429	6.91e-113
      1       1 PUL0460	2.97e-60
      1       1 PUL0460	9.09e-93
      1       1 PUL0573	1.33e-36
      1       1 PUL0584	3.42e-139
      1       1 PUL0598	2.14e-112
