      1       1 PUL0005	4.49e-280
      1       1 PUL0016	9.37e-259
      1       1 PUL0017	1.08e-190
      1       1 PUL0017	1.28e-171
      1       1 PUL0017	8.10e-192
      1       1 PUL0020	5.70e-265
      1       1 PUL0022	5.65e-147
      1       1 PUL0024	1.25e-57
      1       1 PUL0029	6.73e-140
      1       1 PUL0035	1.20e-44
      1       1 PUL0037	3.24e-72
      1       1 PUL0048	5.38e-205
      1       1 PUL0060	2.05e-164
      1       1 PUL0106	1.43e-246
      1       1 PUL0106	4.90e-04
      1       1 PUL0121	1.36e-115
      1       1 PUL0121	2.00e-12
      1       1 PUL0122	1.92e-204
      1       1 PUL0130	1.37e-222
      1       1 PUL0153	3.61e-167
      1       1 PUL0161	5.49e-32
      1       1 PUL0180	5.47e-07
      1       1 PUL0184	2.13e-33
      1       1 PUL0186	4.07e-162
      1       1 PUL0196	3.23e-248
      1       1 PUL0212	1.16e-170
      1       1 PUL0212	1.62e-139
      1       1 PUL0212	2.67e-103
      1       1 PUL0219	7.76e-93
      1       1 PUL0230	1.45e-290
      1       1 PUL0238	1.68e-216
      1       1 PUL0267	2.71e-165
      1       1 PUL0300	2.68e-79
      1       1 PUL0300	3.04e-239
      1       1 PUL0300	8.35e-51
      1       1 PUL0335	4.63e-116
      1       1 PUL0341	2.33e-186
      1       1 PUL0347	1.39e-90
      1       1 PUL0384	5.24e-50
      1       1 PUL0390	2.42e-130
      1       1 PUL0401	6.33e-68
      1       1 PUL0406	1.17e-244
      1       1 PUL0413	2.82e-161
      1       1 PUL0530	1.89e-254
      1       1 PUL0530	4.14e-246
      1       1 PUL0574	2.28e-306
      1       1 PUL0584	2.48e-170
      1       1 PUL0584	3.35e-153
