      1       1 PUL0017	7.82e-149
      1       1 PUL0036	1.24e-118
      1       1 PUL0049	4.82e-27
      1       1 PUL0049	7.94e-186
      1       1 PUL0061	5.50e-189
      1       1 PUL0062	9.94e-270
      1       1 PUL0093	5.70e-139
      1       1 PUL0106	1.41e-152
      1       1 PUL0106	3.13e-206
      1       1 PUL0106	5.53e-122
      1       1 PUL0121	2.60e-107
      1       1 PUL0121	3.40e-86
      1       1 PUL0121	9.73e-168
      1       1 PUL0145	1.39e-170
      1       1 PUL0145	3.66e-198
      1       1 PUL0145	9.47e-177
      1       1 PUL0145	9.67e-22
      1       1 PUL0180	2.47e-149
      1       1 PUL0206	2.28e-236
      1       1 PUL0206	6.18e-212
      1       1 PUL0211	1.01e-276
      1       1 PUL0270	8.20e-139
      1       1 PUL0292	2.19e-241
      1       1 PUL0339	3.99e-152
      1       1 PUL0460	2.86e-35
      1       1 PUL0474	2.02e-183
      1       1 PUL0527	3.54e-70
      1       1 PUL0535	2.85e-17
      1       1 PUL0584	1.66e-129
