      1       1 PUL0024	2.38e-20
      1       1 PUL0061	4.50e-189
      1       1 PUL0062	7.34e-270
      1       1 PUL0106	2.80e-208
      1       1 PUL0106	4.93e-151
      1       1 PUL0108	7.97e-92
      1       1 PUL0121	3.41e-107
      1       1 PUL0145	1.27e-198
      1       1 PUL0145	1.67e-93
      1       1 PUL0145	3.14e-171
      1       1 PUL0145	6.99e-182
      1       1 PUL0169	1.06e-125
      1       1 PUL0206	1.57e-210
      1       1 PUL0206	4.14e-236
      1       1 PUL0211	1.53e-277
      1       1 PUL0270	1.38e-137
      1       1 PUL0292	4.34e-241
      1       1 PUL0324	1.41e-176
      1       1 PUL0324	1.53e-66
      1       1 PUL0329	3.21e-259
      1       1 PUL0474	1.03e-184
      1       1 PUL0527	5.22e-61
