      1       1 PUL0017	3.51e-178
      1       1 PUL0062	1.27e-268
      1       1 PUL0062	2.07e-268
      1       1 PUL0101	3.43e-66
      1       1 PUL0106	2.60e-208
      1       1 PUL0106	6.18e-121
      1       1 PUL0121	1.09e-28
      1       1 PUL0121	1.76e-167
      1       1 PUL0145	1.50e-196
      1       1 PUL0145	1.58e-199
      1       1 PUL0145	3.64e-182
      1       1 PUL0169	2.78e-124
      1       1 PUL0169	3.19e-116
      1       1 PUL0169	9.85e-132
      1       1 PUL0206	7.18e-211
      1       1 PUL0206	8.33e-236
      1       1 PUL0211	2.02e-276
      1       1 PUL0267	1.30e-234
      1       1 PUL0267	7.42e-182
      1       1 PUL0292	4.27e-250
      1       1 PUL0307	4.40e-53
      1       1 PUL0311	2.08e-307
      1       1 PUL0324	2.13e-172
      1       1 PUL0340	2.35e-168
      1       1 PUL0363	2.98e-205
      1       1 PUL0409	2.53e-73
      1       1 PUL0458	4.27e-14
      1       1 PUL0474	2.68e-184
