      1       1 PUL0009	9.79e-78
      1       1 PUL0017	1.75e-175
      1       1 PUL0020	2.69e-34
      1       1 PUL0029	1.08e-71
      1       1 PUL0036	1.20e-95
      1       1 PUL0049	1.99e-36
      1       1 PUL0049	8.37e-06
      1       1 PUL0050	5.45e-80
      1       1 PUL0057	2.94e-141
      1       1 PUL0060	7.60e-22
      1       1 PUL0075	4.78e-24
      1       1 PUL0101	7.29e-197
      1       1 PUL0103	4.43e-91
      1       1 PUL0106	1.43e-130
      1       1 PUL0106	8.47e-188
      1       1 PUL0108	1.76e-85
      1       1 PUL0108	4.91e-37
      1       1 PUL0109	7.46e-146
      1       1 PUL0121	1.40e-79
      1       1 PUL0121	2.21e-92
      1       1 PUL0121	7.12e-12
      1       1 PUL0121	8.32e-66
      1       1 PUL0121	8.52e-175
      1       1 PUL0123	1.07e-45
      1       1 PUL0123	1.54e-31
      1       1 PUL0124	1.17e-31
      1       1 PUL0124	1.29e-80
      1       1 PUL0133	3.66e-70
      1       1 PUL0134	9.66e-21
      1       1 PUL0143	7.09e-50
      1       1 PUL0145	1.78e-205
      1       1 PUL0151	5.78e-15
      1       1 PUL0199	7.73e-50
      1       1 PUL0225	2.59e-107
      1       1 PUL0240	5.97e-109
      1       1 PUL0267	1.55e-226
      1       1 PUL0267	4.07e-228
      1       1 PUL0267	7.83e-172
      1       1 PUL0269	3.22e-21
      1       1 PUL0286	4.90e-122
      1       1 PUL0299	4.18e-73
      1       1 PUL0302	1.11e-26
      1       1 PUL0303	5.53e-36
      1       1 PUL0311	2.50e-234
      1       1 PUL0329	5.36e-19
      1       1 PUL0335	1.55e-69
      1       1 PUL0339	1.64e-52
      1       1 PUL0339	3.44e-169
      1       1 PUL0340	8.59e-228
      1       1 PUL0341	1.18e-157
      1       1 PUL0346	2.37e-08
      1       1 PUL0365	9.34e-53
      1       1 PUL0390	1.92e-80
      1       1 PUL0401	1.29e-67
      1       1 PUL0404	8.83e-60
      1       1 PUL0406	4.76e-116
      1       1 PUL0413	1.02e-153
      1       1 PUL0414	9.61e-80
      1       1 PUL0429	6.09e-87
      1       1 PUL0457	5.18e-12
      1       1 PUL0460	2.24e-68
      1       1 PUL0460	4.87e-11
      1       1 PUL0460	6.69e-10
      1       1 PUL0494	3.81e-33
      1       1 PUL0530	1.67e-47
      1       1 PUL0577	1.47e-13
      1       1 PUL0599	1.25e-67
