PUL0009	1
PUL0017	1
PUL0020	1
PUL0029	1
PUL0036	1
PUL0049	2
PUL0050	1
PUL0057	1
PUL0060	1
PUL0075	1
PUL0101	1
PUL0103	1
PUL0106	2
PUL0108	2
PUL0109	1
PUL0121	5
PUL0123	2
PUL0124	2
PUL0133	1
PUL0134	1
PUL0143	1
PUL0145	1
PUL0151	1
PUL0199	1
PUL0225	1
PUL0240	1
PUL0267	3
PUL0269	1
PUL0286	1
PUL0299	1
PUL0302	1
PUL0303	1
PUL0311	1
PUL0329	1
PUL0335	1
PUL0339	2
PUL0340	1
PUL0341	1
PUL0346	1
PUL0365	1
PUL0390	1
PUL0401	1
PUL0404	1
PUL0406	1
PUL0413	1
PUL0414	1
PUL0429	1
PUL0457	1
PUL0460	3
PUL0494	1
PUL0530	1
PUL0577	1
PUL0599	1
