      1       1 PUL0008	1.08e-19
      1       1 PUL0009	2.68e-31
      1       1 PUL0009	5.56e-44
      1       1 PUL0009	8.71e-124
      1       1 PUL0013	2.63e-35
      1       1 PUL0017	2.95e-159
      1       1 PUL0029	2.58e-36
      1       1 PUL0029	2.74e-43
      1       1 PUL0038	7.74e-259
      1       1 PUL0049	1.27e-38
      1       1 PUL0050	6.31e-98
      1       1 PUL0058	1.42e-64
      1       1 PUL0058	1.74e-67
      1       1 PUL0061	8.18e-96
      1       1 PUL0070	5.21e-169
      1       1 PUL0101	1.40e-22
      1       1 PUL0101	2.65e-60
      1       1 PUL0103	4.82e-106
      1       1 PUL0103	9.83e-04
      1       1 PUL0106	3.54e-159
      1       1 PUL0106	8.30e-179
      1       1 PUL0108	2.07e-13
      1       1 PUL0108	5.13e-29
      1       1 PUL0108	5.57e-42
      1       1 PUL0108	6.93e-35
      1       1 PUL0121	2.15e-48
      1       1 PUL0121	3.02e-26
      1       1 PUL0121	3.73e-15
      1       1 PUL0145	2.35e-76
      1       1 PUL0152	1.62e-104
      1       1 PUL0155	1.89e-11
      1       1 PUL0155	3.01e-29
      1       1 PUL0161	1.69e-13
      1       1 PUL0176	5.09e-52
      1       1 PUL0180	1.26e-25
      1       1 PUL0205	2.78e-90
      1       1 PUL0216	4.66e-70
      1       1 PUL0217	1.73e-46
      1       1 PUL0218	3.15e-37
      1       1 PUL0267	1.90e-75
      1       1 PUL0267	2.76e-223
      1       1 PUL0269	4.40e-21
      1       1 PUL0281	3.77e-18
      1       1 PUL0300	1.33e-100
      1       1 PUL0316	3.30e-64
      1       1 PUL0316	6.57e-94
      1       1 PUL0333	9.52e-78
      1       1 PUL0335	5.52e-71
      1       1 PUL0335	7.33e-172
      1       1 PUL0337	1.50e-123
      1       1 PUL0339	2.96e-16
      1       1 PUL0339	4.83e-17
      1       1 PUL0339	6.17e-163
      1       1 PUL0340	2.44e-114
      1       1 PUL0340	3.33e-140
      1       1 PUL0341	6.33e-142
      1       1 PUL0365	7.85e-124
      1       1 PUL0368	1.01e-62
      1       1 PUL0390	2.04e-35
      1       1 PUL0390	3.20e-76
      1       1 PUL0394	4.31e-21
      1       1 PUL0396	9.26e-24
      1       1 PUL0399	6.57e-23
      1       1 PUL0404	2.07e-42
      1       1 PUL0413	8.18e-120
      1       1 PUL0413	9.09e-29
      1       1 PUL0429	3.90e-113
      1       1 PUL0458	8.99e-24
      1       1 PUL0459	1.33e-10
      1       1 PUL0459	1.42e-41
      1       1 PUL0460	1.57e-117
      1       1 PUL0460	1.60e-60
      1       1 PUL0460	4.16e-32
      1       1 PUL0460	7.55e-93
      1       1 PUL0475	2.44e-135
      1       1 PUL0475	8.90e-55
      1       1 PUL0500	3.30e-33
      1       1 PUL0519	1.05e-143
      1       1 PUL0573	5.34e-37
      1       1 PUL0577	5.20e-48
      1       1 PUL0584	5.63e-140
      1       1 PUL0598	2.16e-112
