PUL0008;1
PUL0009;3
PUL0013;1
PUL0017;1
PUL0029;2
PUL0038;1
PUL0049;1
PUL0050;1
PUL0058;2
PUL0061;1
PUL0070;1
PUL0101;2
PUL0103;2
PUL0106;2
PUL0108;4
PUL0121;3
PUL0145;1
PUL0152;1
PUL0155;2
PUL0161;1
PUL0176;1
PUL0180;1
PUL0205;1
PUL0216;1
PUL0217;1
PUL0218;1
PUL0267;2
PUL0269;1
PUL0281;1
PUL0300;1
PUL0316;2
PUL0333;1
PUL0335;2
PUL0337;1
PUL0339;3
PUL0340;2
PUL0341;1
PUL0365;1
PUL0368;1
PUL0390;2
PUL0394;1
PUL0396;1
PUL0399;1
PUL0404;1
PUL0413;2
PUL0429;1
PUL0458;1
PUL0459;2
PUL0460;4
PUL0475;2
PUL0500;1
PUL0519;1
PUL0573;1
PUL0577;1
PUL0584;1
PUL0598;1
