      1       1 PUL0010	1.44e-205
      1       1 PUL0135	1.76e-207
      1       1 PUL0168	1.62e-277
      1       1 PUL0168	5.96e-311
      1       1 PUL0245	1.24e-233
      1       1 PUL0248	2.89e-180
      1       1 PUL0267	7.57e-228
      1       1 PUL0316	2.67e-113
      1       1 PUL0316	5.33e-129
      1       1 PUL0321	9.69e-268
      1       1 PUL0335	1.58e-139
      1       1 PUL0347	5.71e-228
      1       1 PUL0392	5.19e-63
      1       1 PUL0457	1.29e-81
      1       1 PUL0459	2.39e-218
      1       1 PUL0461	3.06e-168
      1       1 PUL0530	5.37e-51
      1       1 PUL0530	7.20e-277
      1       1 PUL0571	1.62e-262
      1       1 PUL0579	4.20e-87
      1       1 PUL0584	8.67e-147
      1       1 PUL0586	2.37e-242
