      1       1 PUL0001	1.48e-131
      1       1 PUL0019	5.32e-83
      1       1 PUL0024	2.68e-21
      1       1 PUL0047	9.12e-70
      1       1 PUL0049	1.91e-35
      1       1 PUL0049	1.98e-320
      1       1 PUL0094	2.12e-114
      1       1 PUL0094	3.83e-104
      1       1 PUL0103	4.31e-210
      1       1 PUL0104	1.87e-107
      1       1 PUL0106	1.12e-184
      1       1 PUL0106	1.60e-18
      1       1 PUL0117	1.01e-19
      1       1 PUL0121	1.98e-19
      1       1 PUL0121	3.13e-77
      1       1 PUL0123	1.02e-24
      1       1 PUL0124	2.37e-160
      1       1 PUL0134	7.89e-207
      1       1 PUL0145	1.40e-265
      1       1 PUL0145	7.58e-80
      1       1 PUL0161	8.64e-11
      1       1 PUL0162	1.78e-47
      1       1 PUL0180	9.86e-111
      1       1 PUL0206	2.05e-247
      1       1 PUL0206	9.87e-149
      1       1 PUL0227	1.49e-74
      1       1 PUL0256	7.75e-119
      1       1 PUL0267	2.09e-284
      1       1 PUL0296	1.06e-118
      1       1 PUL0302	1.52e-08
      1       1 PUL0315	7.46e-36
      1       1 PUL0333	1.47e-184
      1       1 PUL0333	5.25e-112
      1       1 PUL0334	3.30e-170
      1       1 PUL0335	2.53e-184
      1       1 PUL0339	1.57e-278
      1       1 PUL0340	4.70e-148
      1       1 PUL0341	9.58e-178
      1       1 PUL0344	5.42e-140
      1       1 PUL0356	5.76e-50
      1       1 PUL0413	2.62e-51
      1       1 PUL0436	6.90e-08
      1       1 PUL0440	1.12e-200
      1       1 PUL0442	1.27e-281
      1       1 PUL0443	1.08e-170
      1       1 PUL0443	9.45e-170
      1       1 PUL0443	9.88e-161
      1       1 PUL0467	6.69e-54
      1       1 PUL0480	5.28e-15
      1       1 PUL0530	2.78e-07
      1       1 PUL0547	4.00e-141
      1       1 PUL0601	8.34e-47
