      1       1 PUL0029	2.13e-127
      1       1 PUL0038	2.81e-155
      1       1 PUL0049	5.56e-201
      1       1 PUL0106	5.43e-206
      1       1 PUL0108	1.90e-09
      1       1 PUL0145	3.78e-198
      1       1 PUL0180	2.01e-151
      1       1 PUL0235	2.32e-06
      1       1 PUL0267	5.96e-241
      1       1 PUL0329	5.94e-41
      1       1 PUL0335	5.46e-88
      1       1 PUL0336	1.40e-77
      1       1 PUL0339	2.58e-26
      1       1 PUL0339	4.30e-160
      1       1 PUL0340	1.61e-15
      1       1 PUL0340	1.65e-117
      1       1 PUL0341	1.09e-169
      1       1 PUL0375	1.05e-77
      1       1 PUL0406	9.88e-54
      1       1 PUL0413	4.82e-115
      1       1 PUL0460	2.41e-16
      1       1 PUL0473	1.56e-05
      1       1 PUL0530	1.12e-266
