      1       1 PUL0001	8.19e-133
      1       1 PUL0013	5.61e-04
      1       1 PUL0017	3.85e-184
      1       1 PUL0019	3.17e-83
      1       1 PUL0024	2.87e-57
      1       1 PUL0024	9.31e-22
      1       1 PUL0047	1.02e-05
      1       1 PUL0050	2.16e-118
      1       1 PUL0050	5.95e-77
      1       1 PUL0094	9.77e-105
      1       1 PUL0103	1.31e-209
      1       1 PUL0104	3.56e-107
      1       1 PUL0106	1.23e-18
      1       1 PUL0106	1.36e-183
      1       1 PUL0108	1.57e-83
      1       1 PUL0117	6.55e-10
      1       1 PUL0124	2.40e-58
      1       1 PUL0124	4.20e-159
      1       1 PUL0124	5.82e-04
      1       1 PUL0134	7.17e-246
      1       1 PUL0145	5.03e-265
      1       1 PUL0151	9.13e-39
      1       1 PUL0161	1.00e-10
      1       1 PUL0165	1.19e-09
      1       1 PUL0165	4.48e-80
      1       1 PUL0180	1.33e-191
      1       1 PUL0180	3.87e-100
      1       1 PUL0206	1.11e-148
      1       1 PUL0206	1.75e-248
      1       1 PUL0206	8.00e-39
      1       1 PUL0218	8.81e-17
      1       1 PUL0227	1.47e-74
      1       1 PUL0236	3.61e-139
      1       1 PUL0256	9.04e-119
      1       1 PUL0264	3.97e-13
      1       1 PUL0264	7.95e-13
      1       1 PUL0267	5.01e-284
      1       1 PUL0267	6.48e-226
      1       1 PUL0302	1.32e-29
      1       1 PUL0333	1.65e-112
      1       1 PUL0334	6.55e-170
      1       1 PUL0335	3.23e-185
      1       1 PUL0336	1.51e-06
      1       1 PUL0336	2.25e-135
      1       1 PUL0336	3.92e-81
      1       1 PUL0336	7.14e-105
      1       1 PUL0337	1.15e-90
      1       1 PUL0339	2.23e-109
      1       1 PUL0339	2.87e-280
      1       1 PUL0339	8.40e-07
      1       1 PUL0340	2.08e-149
      1       1 PUL0340	8.82e-127
      1       1 PUL0341	1.19e-177
      1       1 PUL0344	1.75e-140
      1       1 PUL0344	2.57e-49
      1       1 PUL0345	2.75e-25
      1       1 PUL0345	3.68e-14
      1       1 PUL0347	1.25e-72
      1       1 PUL0348	5.72e-174
      1       1 PUL0368	5.30e-25
      1       1 PUL0374	2.74e-04
      1       1 PUL0375	3.06e-60
      1       1 PUL0406	2.45e-19
      1       1 PUL0406	9.55e-04
      1       1 PUL0434	2.63e-26
      1       1 PUL0434	5.57e-04
      1       1 PUL0434	6.38e-32
      1       1 PUL0440	2.01e-198
      1       1 PUL0443	1.13e-140
      1       1 PUL0443	3.24e-167
      1       1 PUL0443	7.53e-163
      1       1 PUL0460	2.68e-77
      1       1 PUL0460	3.22e-14
      1       1 PUL0467	1.95e-54
      1       1 PUL0467	5.79e-71
      1       1 PUL0468	7.19e-21
      1       1 PUL0473	3.39e-09
      1       1 PUL0487	1.33e-137
      1       1 PUL0489	1.06e-46
      1       1 PUL0527	2.70e-86
      1       1 PUL0530	1.37e-101
      1       1 PUL0601	3.38e-47
