      1       1 PUL0024	4.25e-62
      1       1 PUL0049	1.50e-109
      1       1 PUL0050	1.35e-37
      1       1 PUL0070	6.45e-189
      1       1 PUL0101	6.13e-67
      1       1 PUL0106	1.67e-167
      1       1 PUL0106	3.59e-07
      1       1 PUL0106	6.66e-183
      1       1 PUL0108	1.70e-28
      1       1 PUL0108	2.43e-15
      1       1 PUL0108	3.41e-109
      1       1 PUL0121	3.57e-18
      1       1 PUL0121	3.75e-95
      1       1 PUL0121	6.59e-48
      1       1 PUL0124	3.21e-176
      1       1 PUL0145	5.67e-193
      1       1 PUL0162	2.45e-166
      1       1 PUL0180	9.59e-157
      1       1 PUL0209	4.52e-68
      1       1 PUL0230	2.06e-106
      1       1 PUL0230	7.19e-39
      1       1 PUL0240	1.28e-91
      1       1 PUL0248	2.17e-127
      1       1 PUL0267	2.66e-155
      1       1 PUL0267	7.88e-58
      1       1 PUL0281	2.39e-34
      1       1 PUL0294	1.35e-58
      1       1 PUL0316	1.57e-90
      1       1 PUL0335	2.22e-38
      1       1 PUL0335	4.63e-192
      1       1 PUL0336	4.01e-93
      1       1 PUL0337	1.89e-189
      1       1 PUL0340	2.44e-42
      1       1 PUL0340	8.25e-293
      1       1 PUL0341	8.73e-199
      1       1 PUL0454	7.27e-41
      1       1 PUL0460	3.38e-09
      1       1 PUL0494	2.92e-144
