      1       1 PUL0017	7.12e-195
      1       1 PUL0017	9.05e-178
      1       1 PUL0047	2.03e-58
      1       1 PUL0061	1.22e-12
      1       1 PUL0094	2.54e-49
      1       1 PUL0106	3.40e-227
      1       1 PUL0121	3.04e-161
      1       1 PUL0138	5.20e-68
      1       1 PUL0161	3.14e-49
      1       1 PUL0199	4.12e-63
      1       1 PUL0213	1.12e-268
      1       1 PUL0213	6.39e-119
      1       1 PUL0267	3.20e-190
      1       1 PUL0267	4.13e-239
      1       1 PUL0267	4.33e-63
      1       1 PUL0285	1.40e-198
      1       1 PUL0300	6.45e-169
      1       1 PUL0316	1.02e-17
      1       1 PUL0337	1.32e-196
      1       1 PUL0345	1.38e-91
      1       1 PUL0368	1.69e-74
      1       1 PUL0368	2.28e-161
      1       1 PUL0413	1.32e-53
      1       1 PUL0457	8.39e-105
      1       1 PUL0584	1.51e-124
