      1       1 PUL0006	1.44e-85
      1       1 PUL0009	3.62e-100
      1       1 PUL0017	1.83e-200
      1       1 PUL0017	8.06e-182
      1       1 PUL0029	2.57e-140
      1       1 PUL0029	3.56e-78
      1       1 PUL0075	7.26e-120
      1       1 PUL0142	1.13e-151
      1       1 PUL0168	8.54e-32
      1       1 PUL0178	3.05e-185
      1       1 PUL0218	8.19e-31
      1       1 PUL0246	3.39e-113
      1       1 PUL0267	5.26e-211
      1       1 PUL0286	2.09e-166
      1       1 PUL0335	6.84e-161
      1       1 PUL0340	2.26e-124
      1       1 PUL0410	2.77e-134
      1       1 PUL0413	8.53e-109
      1       1 PUL0454	1.96e-175
      1       1 PUL0457	2.60e-61
      1       1 PUL0475	9.13e-24
      1       1 PUL0588	2.35e-41
