      1       1 PUL0009	1.06e-123
      1       1 PUL0009	3.14e-44
      1       1 PUL0010	1.68e-56
      1       1 PUL0017	3.75e-159
      1       1 PUL0029	4.47e-36
      1       1 PUL0038	6.90e-267
      1       1 PUL0038	7.81e-246
      1       1 PUL0050	4.84e-98
      1       1 PUL0061	2.36e-95
      1       1 PUL0070	2.47e-168
      1       1 PUL0101	1.68e-60
      1       1 PUL0103	7.57e-106
      1       1 PUL0106	2.65e-178
      1       1 PUL0106	4.37e-159
      1       1 PUL0108	4.45e-28
      1       1 PUL0108	4.60e-33
      1       1 PUL0184	2.88e-30
      1       1 PUL0205	8.58e-90
      1       1 PUL0217	3.16e-46
      1       1 PUL0267	2.03e-75
      1       1 PUL0267	3.85e-216
      1       1 PUL0300	1.70e-100
      1       1 PUL0316	4.48e-64
      1       1 PUL0333	9.52e-78
      1       1 PUL0335	5.61e-71
      1       1 PUL0335	7.18e-172
      1       1 PUL0339	1.11e-16
      1       1 PUL0339	4.59e-16
      1       1 PUL0339	6.15e-163
      1       1 PUL0340	6.60e-140
      1       1 PUL0341	4.49e-142
      1       1 PUL0365	1.64e-123
      1       1 PUL0368	1.00e-62
      1       1 PUL0390	1.19e-35
      1       1 PUL0390	2.45e-31
      1       1 PUL0399	2.23e-23
      1       1 PUL0404	8.32e-42
      1       1 PUL0413	1.60e-119
      1       1 PUL0429	1.69e-05
      1       1 PUL0429	2.47e-113
      1       1 PUL0459	2.99e-10
      1       1 PUL0460	2.72e-60
      1       1 PUL0460	3.23e-93
      1       1 PUL0519	1.05e-143
      1       1 PUL0573	5.21e-37
      1       1 PUL0584	3.42e-139
      1       1 PUL0598	2.14e-112
      1       1 PUL0599	4.51e-78
