      1       1 PUL0006	7.87e-104
      1       1 PUL0007	1.45e-151
      1       1 PUL0007	2.18e-291
      1       1 PUL0015	1.32e-34
      1       1 PUL0017	1.10e-201
      1       1 PUL0017	1.67e-181
      1       1 PUL0017	9.43e-192
      1       1 PUL0019	1.70e-60
      1       1 PUL0022	2.09e-219
      1       1 PUL0029	3.72e-99
      1       1 PUL0029	4.45e-158
      1       1 PUL0029	4.85e-85
      1       1 PUL0029	5.76e-100
      1       1 PUL0033	1.21e-32
      1       1 PUL0047	3.33e-29
      1       1 PUL0050	5.97e-40
      1       1 PUL0070	1.21e-18
      1       1 PUL0101	1.78e-67
      1       1 PUL0106	1.55e-247
      1       1 PUL0107	1.37e-86
      1       1 PUL0108	1.09e-99
      1       1 PUL0113	1.00e-178
      1       1 PUL0121	1.03e-49
      1       1 PUL0121	5.72e-112
      1       1 PUL0180	1.65e-61
      1       1 PUL0195	6.73e-126
      1       1 PUL0196	1.15e-115
      1       1 PUL0210	3.46e-34
      1       1 PUL0212	4.93e-167
      1       1 PUL0213	7.72e-287
      1       1 PUL0214	7.80e-125
      1       1 PUL0218	3.31e-07
      1       1 PUL0226	9.20e-20
      1       1 PUL0230	2.05e-117
      1       1 PUL0230	6.25e-103
      1       1 PUL0230	8.60e-296
      1       1 PUL0232	4.37e-36
      1       1 PUL0248	2.78e-121
      1       1 PUL0256	3.08e-193
      1       1 PUL0261	9.24e-39
      1       1 PUL0267	1.72e-307
      1       1 PUL0327	7.69e-232
      1       1 PUL0333	2.22e-95
      1       1 PUL0335	6.63e-77
      1       1 PUL0340	3.39e-45
      1       1 PUL0340	7.74e-44
      1       1 PUL0399	5.68e-169
      1       1 PUL0406	3.42e-44
      1       1 PUL0407	1.33e-209
      1       1 PUL0446	1.09e-211
      1       1 PUL0457	2.82e-05
      1       1 PUL0527	7.12e-82
      1       1 PUL0544	9.08e-62
      1       1 PUL0571	6.42e-112
      1       1 PUL0574	1.23e-193
      1       1 PUL0584	3.05e-210
      1       1 PUL0590	1.51e-216
