      1       1 PUL0017	2.95e-184
      1       1 PUL0025	1.12e-64
      1       1 PUL0029	1.78e-120
      1       1 PUL0033	3.21e-09
      1       1 PUL0049	5.69e-14
      1       1 PUL0049	9.27e-43
      1       1 PUL0050	6.94e-102
      1       1 PUL0061	4.95e-107
      1       1 PUL0069	1.98e-156
      1       1 PUL0070	8.31e-191
      1       1 PUL0093	6.35e-80
      1       1 PUL0103	6.08e-79
      1       1 PUL0106	1.17e-129
      1       1 PUL0121	4.28e-178
      1       1 PUL0121	5.78e-66
      1       1 PUL0124	1.04e-202
      1       1 PUL0124	1.69e-229
      1       1 PUL0124	3.72e-61
      1       1 PUL0145	2.33e-103
      1       1 PUL0145	6.96e-237
      1       1 PUL0145	7.88e-162
      1       1 PUL0162	2.23e-165
      1       1 PUL0180	1.61e-155
      1       1 PUL0197	2.29e-89
      1       1 PUL0199	3.36e-35
      1       1 PUL0255	7.51e-30
      1       1 PUL0267	1.26e-38
      1       1 PUL0267	1.51e-238
      1       1 PUL0267	1.79e-275
      1       1 PUL0281	4.55e-139
      1       1 PUL0282	3.72e-19
      1       1 PUL0282	7.32e-19
      1       1 PUL0299	2.79e-45
      1       1 PUL0316	1.71e-97
      1       1 PUL0316	3.08e-60
      1       1 PUL0316	6.22e-117
      1       1 PUL0329	1.71e-182
      1       1 PUL0333	1.65e-108
      1       1 PUL0333	1.87e-88
      1       1 PUL0333	7.76e-99
      1       1 PUL0335	1.51e-55
      1       1 PUL0335	1.61e-60
      1       1 PUL0335	1.71e-67
      1       1 PUL0335	1.90e-99
      1       1 PUL0335	2.02e-103
      1       1 PUL0335	2.30e-62
      1       1 PUL0335	3.24e-110
      1       1 PUL0336	1.26e-28
      1       1 PUL0336	3.26e-69
      1       1 PUL0336	7.19e-24
      1       1 PUL0337	5.86e-199
      1       1 PUL0339	3.12e-160
      1       1 PUL0340	3.30e-40
      1       1 PUL0340	4.10e-83
      1       1 PUL0341	1.98e-165
      1       1 PUL0368	2.96e-21
      1       1 PUL0390	1.08e-76
      1       1 PUL0396	1.21e-70
      1       1 PUL0401	9.03e-20
      1       1 PUL0403	6.29e-27
      1       1 PUL0406	5.63e-168
      1       1 PUL0409	7.77e-38
      1       1 PUL0413	1.78e-30
      1       1 PUL0413	4.17e-172
      1       1 PUL0413	5.14e-22
      1       1 PUL0413	6.70e-53
      1       1 PUL0413	8.43e-123
      1       1 PUL0413	9.58e-39
      1       1 PUL0414	6.38e-43
      1       1 PUL0424	7.57e-05
      1       1 PUL0429	1.86e-35
      1       1 PUL0429	6.06e-50
      1       1 PUL0431	1.07e-171
      1       1 PUL0454	2.59e-43
      1       1 PUL0458	1.69e-21
      1       1 PUL0458	2.13e-21
      1       1 PUL0458	3.57e-27
      1       1 PUL0458	4.30e-30
      1       1 PUL0458	4.84e-23
      1       1 PUL0458	6.96e-23
      1       1 PUL0504	6.70e-34
      1       1 PUL0505	7.86e-100
      1       1 PUL0519	1.25e-13
      1       1 PUL0530	2.41e-271
