PUL0017;1
PUL0025;1
PUL0029;1
PUL0033;1
PUL0049;2
PUL0050;1
PUL0061;1
PUL0069;1
PUL0070;1
PUL0093;1
PUL0103;1
PUL0106;1
PUL0121;2
PUL0124;3
PUL0145;3
PUL0162;1
PUL0180;1
PUL0197;1
PUL0199;1
PUL0255;1
PUL0267;3
PUL0281;1
PUL0282;2
PUL0299;1
PUL0316;3
PUL0329;1
PUL0333;3
PUL0335;7
PUL0336;3
PUL0337;1
PUL0339;1
PUL0340;2
PUL0341;1
PUL0368;1
PUL0390;1
PUL0396;1
PUL0401;1
PUL0403;1
PUL0406;1
PUL0409;1
PUL0413;6
PUL0414;1
PUL0424;1
PUL0429;2
PUL0431;1
PUL0454;1
PUL0458;6
PUL0504;1
PUL0505;1
PUL0519;1
PUL0530;1
