      1       1 PUL0017	8.87e-110
      1       1 PUL0029	2.38e-49
      1       1 PUL0050	3.73e-80
      1       1 PUL0061	3.45e-127
      1       1 PUL0106	1.42e-108
      1       1 PUL0106	1.73e-184
      1       1 PUL0106	2.38e-77
      1       1 PUL0107	2.04e-62
      1       1 PUL0108	3.03e-45
      1       1 PUL0108	7.36e-28
      1       1 PUL0124	1.02e-159
      1       1 PUL0134	6.27e-70
      1       1 PUL0145	1.12e-08
      1       1 PUL0145	2.01e-37
      1       1 PUL0145	8.49e-42
      1       1 PUL0152	1.49e-29
      1       1 PUL0199	3.60e-52
      1       1 PUL0206	4.62e-121
      1       1 PUL0226	2.21e-12
      1       1 PUL0226	6.46e-58
      1       1 PUL0248	1.31e-10
      1       1 PUL0267	5.54e-212
      1       1 PUL0292	1.49e-48
      1       1 PUL0316	1.00e-67
      1       1 PUL0318	3.81e-05
      1       1 PUL0335	2.97e-199
      1       1 PUL0335	4.85e-71
      1       1 PUL0335	9.59e-81
      1       1 PUL0335	9.86e-68
      1       1 PUL0339	1.55e-162
      1       1 PUL0340	1.02e-143
      1       1 PUL0340	5.95e-143
      1       1 PUL0363	9.23e-242
      1       1 PUL0368	6.32e-14
      1       1 PUL0396	1.31e-67
      1       1 PUL0396	2.59e-27
      1       1 PUL0396	4.13e-129
      1       1 PUL0401	3.40e-04
      1       1 PUL0406	1.00e-96
      1       1 PUL0409	6.67e-50
      1       1 PUL0413	3.86e-149
      1       1 PUL0460	5.70e-49
      1       1 PUL0467	3.65e-20
      1       1 PUL0474	3.26e-167
      1       1 PUL0495	8.22e-04
      1       1 PUL0502	4.18e-127
      1       1 PUL0530	1.24e-47
      1       1 PUL0532	1.32e-20
      1       1 PUL0572	5.56e-80
