      1       1 PUL0017	5.12e-182
      1       1 PUL0024	1.62e-62
      1       1 PUL0024	2.87e-43
      1       1 PUL0024	4.79e-121
      1       1 PUL0047	2.77e-56
      1       1 PUL0049	6.00e-15
      1       1 PUL0049	9.51e-110
      1       1 PUL0050	1.18e-37
      1       1 PUL0070	4.53e-189
      1       1 PUL0101	1.03e-54
      1       1 PUL0106	1.78e-28
      1       1 PUL0106	6.92e-183
      1       1 PUL0106	8.51e-167
      1       1 PUL0108	8.96e-110
      1       1 PUL0121	1.72e-94
      1       1 PUL0121	6.40e-34
      1       1 PUL0124	4.81e-176
      1       1 PUL0133	4.67e-86
      1       1 PUL0134	4.38e-43
      1       1 PUL0145	9.00e-193
      1       1 PUL0240	7.10e-91
      1       1 PUL0248	6.20e-128
      1       1 PUL0254	3.75e-120
      1       1 PUL0267	4.70e-155
      1       1 PUL0281	2.35e-34
      1       1 PUL0335	1.51e-38
      1       1 PUL0335	2.05e-192
      1       1 PUL0336	1.13e-93
      1       1 PUL0337	2.98e-64
      1       1 PUL0337	5.12e-190
      1       1 PUL0340	6.95e-292
      1       1 PUL0341	5.03e-199
      1       1 PUL0396	3.81e-86
      1       1 PUL0406	1.45e-196
      1       1 PUL0406	2.10e-119
      1       1 PUL0413	2.35e-162
      1       1 PUL0454	7.19e-41
      1       1 PUL0460	2.54e-76
      1       1 PUL0460	3.35e-09
      1       1 PUL0493	8.58e-79
