      1       1 PUL0013	2.08e-09
      1       1 PUL0013	4.65e-12
      1       1 PUL0025	2.19e-06
      1       1 PUL0074	7.00e-209
      1       1 PUL0103	2.74e-210
      1       1 PUL0117	6.96e-28
      1       1 PUL0206	2.72e-245
      1       1 PUL0206	4.34e-147
      1       1 PUL0264	1.46e-18
      1       1 PUL0267	2.88e-225
      1       1 PUL0267	2.88e-283
      1       1 PUL0339	1.29e-278
      1       1 PUL0341	6.31e-177
      1       1 PUL0406	1.03e-09
      1       1 PUL0406	1.20e-06
      1       1 PUL0406	1.44e-184
      1       1 PUL0420	7.82e-287
      1       1 PUL0442	1.15e-277
      1       1 PUL0443	7.76e-165
      1       1 PUL0443	9.56e-165
      1       1 PUL0487	1.18e-246
      1       1 PUL0487	8.33e-138
      1       1 PUL0527	5.26e-84
      1       1 PUL0530	1.67e-100
