      1       1 PUL0010	2.54e-27
      1       1 PUL0024	9.77e-113
      1       1 PUL0025	1.75e-104
      1       1 PUL0029	1.28e-65
      1       1 PUL0029	1.52e-36
      1       1 PUL0029	8.37e-49
      1       1 PUL0038	6.26e-75
      1       1 PUL0061	1.75e-11
      1       1 PUL0094	8.57e-112
      1       1 PUL0101	1.91e-120
      1       1 PUL0106	7.18e-225
      1       1 PUL0108	5.95e-38
      1       1 PUL0138	5.05e-57
      1       1 PUL0145	7.45e-15
      1       1 PUL0146	2.45e-61
      1       1 PUL0151	9.50e-10
      1       1 PUL0152	8.56e-96
      1       1 PUL0163	7.11e-63
      1       1 PUL0197	2.68e-34
      1       1 PUL0218	3.58e-90
      1       1 PUL0267	1.88e-135
      1       1 PUL0267	3.03e-242
      1       1 PUL0296	2.62e-81
      1       1 PUL0298	4.23e-75
      1       1 PUL0299	1.10e-135
      1       1 PUL0299	6.81e-227
      1       1 PUL0300	4.18e-171
      1       1 PUL0333	3.20e-17
      1       1 PUL0333	7.83e-83
      1       1 PUL0334	4.43e-07
      1       1 PUL0368	1.37e-228
      1       1 PUL0368	1.69e-156
      1       1 PUL0368	2.12e-36
      1       1 PUL0368	6.06e-106
      1       1 PUL0368	6.71e-28
      1       1 PUL0410	7.38e-25
      1       1 PUL0413	6.27e-115
      1       1 PUL0430	5.08e-68
      1       1 PUL0450	6.53e-154
      1       1 PUL0454	8.13e-40
      1       1 PUL0576	2.20e-180
      1       1 PUL0584	1.78e-123
      1       1 PUL0595	1.48e-87
