      1       1 PUL0001	4.95e-218
      1       1 PUL0003	6.60e-95
      1       1 PUL0013	9.92e-12
      1       1 PUL0017	1.27e-164
      1       1 PUL0025	1.15e-28
      1       1 PUL0025	1.50e-136
      1       1 PUL0025	6.64e-28
      1       1 PUL0058	1.27e-115
      1       1 PUL0085	3.33e-89
      1       1 PUL0085	8.15e-105
      1       1 PUL0086	1.62e-197
      1       1 PUL0099	1.39e-255
      1       1 PUL0106	2.31e-95
      1       1 PUL0108	2.08e-86
      1       1 PUL0121	5.03e-14
      1       1 PUL0124	8.32e-232
      1       1 PUL0180	2.24e-131
      1       1 PUL0214	2.21e-145
      1       1 PUL0216	2.94e-62
      1       1 PUL0245	4.65e-246
      1       1 PUL0256	5.72e-199
      1       1 PUL0300	1.36e-47
      1       1 PUL0333	1.25e-138
      1       1 PUL0341	8.26e-14
      1       1 PUL0344	4.59e-12
      1       1 PUL0406	2.91e-62
      1       1 PUL0406	4.75e-25
      1       1 PUL0406	6.38e-191
      1       1 PUL0406	7.91e-157
      1       1 PUL0406	8.27e-30
      1       1 PUL0434	5.72e-176
      1       1 PUL0530	6.30e-33
      1       1 PUL0598	8.50e-233
