      1       1 PUL0006	1.44e-85
      1       1 PUL0017	2.18e-181
      1       1 PUL0017	6.90e-200
      1       1 PUL0029	3.01e-140
      1       1 PUL0029	4.93e-78
      1       1 PUL0029	5.45e-34
      1       1 PUL0107	9.46e-55
      1       1 PUL0142	3.86e-152
      1       1 PUL0178	1.64e-184
      1       1 PUL0267	6.18e-211
      1       1 PUL0316	4.61e-13
      1       1 PUL0335	5.12e-172
      1       1 PUL0339	1.42e-08
      1       1 PUL0341	1.39e-63
      1       1 PUL0390	1.60e-75
      1       1 PUL0390	9.50e-97
      1       1 PUL0396	7.48e-121
      1       1 PUL0413	1.09e-108
      1       1 PUL0454	6.73e-156
      1       1 PUL0574	8.50e-52
