      1       1 PUL0001	1.71e-136
      1       1 PUL0017	4.61e-186
      1       1 PUL0050	2.54e-33
      1       1 PUL0060	8.69e-213
      1       1 PUL0060	8.91e-15
      1       1 PUL0070	4.14e-163
      1       1 PUL0094	2.25e-121
      1       1 PUL0103	1.41e-209
      1       1 PUL0106	7.23e-310
      1       1 PUL0108	3.29e-45
      1       1 PUL0145	3.26e-300
      1       1 PUL0161	2.95e-114
      1       1 PUL0180	4.51e-166
      1       1 PUL0199	6.88e-154
      1       1 PUL0267	1.03e-301
      1       1 PUL0269	1.21e-29
      1       1 PUL0316	1.10e-99
      1       1 PUL0334	1.33e-203
      1       1 PUL0336	9.38e-126
      1       1 PUL0337	5.86e-68
      1       1 PUL0339	1.51e-261
      1       1 PUL0339	5.78e-188
      1       1 PUL0425	6.14e-171
      1       1 PUL0442	2.52e-177
      1       1 PUL0460	2.77e-57
      1       1 PUL0527	4.14e-252
      1       1 PUL0530	1.11e-91
      1       1 PUL0600	8.71e-62
