      1       1 PUL0061	3.24e-198
      1       1 PUL0069	1.66e-178
      1       1 PUL0093	2.43e-134
      1       1 PUL0106	2.22e-79
      1       1 PUL0106	7.31e-120
      1       1 PUL0121	2.57e-29
      1       1 PUL0121	3.90e-104
      1       1 PUL0145	2.05e-177
      1       1 PUL0145	2.21e-180
      1       1 PUL0164	5.29e-184
      1       1 PUL0169	1.99e-98
      1       1 PUL0169	2.02e-72
      1       1 PUL0206	6.95e-230
      1       1 PUL0236	5.83e-118
      1       1 PUL0267	9.41e-179
      1       1 PUL0316	2.29e-42
      1       1 PUL0318	5.67e-81
      1       1 PUL0335	2.16e-85
      1       1 PUL0366	5.68e-131
      1       1 PUL0401	8.30e-239
      1       1 PUL0458	1.39e-37
      1       1 PUL0458	1.87e-17
      1       1 PUL0584	1.20e-132
