      1       1 PUL0006	2.51e-11
      1       1 PUL0008	2.81e-63
      1       1 PUL0012	1.34e-09
      1       1 PUL0013	4.22e-50
      1       1 PUL0013	4.64e-26
      1       1 PUL0013	5.42e-26
      1       1 PUL0013	7.29e-37
      1       1 PUL0013	9.30e-91
      1       1 PUL0017	1.20e-188
      1       1 PUL0017	5.10e-187
      1       1 PUL0017	7.52e-13
      1       1 PUL0021	1.23e-49
      1       1 PUL0028	1.05e-20
      1       1 PUL0029	1.07e-47
      1       1 PUL0029	6.59e-68
      1       1 PUL0029	6.88e-39
      1       1 PUL0036	1.56e-157
      1       1 PUL0038	1.68e-168
      1       1 PUL0038	4.40e-07
      1       1 PUL0049	1.90e-31
      1       1 PUL0050	2.66e-98
      1       1 PUL0053	5.97e-06
      1       1 PUL0058	1.31e-178
      1       1 PUL0060	8.77e-41
      1       1 PUL0061	1.55e-144
      1       1 PUL0061	7.96e-75
      1       1 PUL0067	1.54e-11
      1       1 PUL0069	2.76e-107
      1       1 PUL0070	9.40e-27
      1       1 PUL0093	1.03e-04
      1       1 PUL0093	1.04e-72
      1       1 PUL0093	2.15e-04
      1       1 PUL0093	4.55e-04
      1       1 PUL0093	4.83e-49
      1       1 PUL0093	9.20e-04
      1       1 PUL0094	5.86e-58
      1       1 PUL0098	5.84e-25
      1       1 PUL0106	1.26e-178
      1       1 PUL0106	1.45e-23
      1       1 PUL0106	3.65e-43
      1       1 PUL0106	4.29e-164
      1       1 PUL0106	4.46e-27
      1       1 PUL0108	1.10e-63
      1       1 PUL0108	1.18e-15
      1       1 PUL0108	1.46e-38
      1       1 PUL0108	4.00e-96
      1       1 PUL0108	6.63e-35
      1       1 PUL0108	7.43e-05
      1       1 PUL0113	5.68e-56
      1       1 PUL0121	1.06e-26
      1       1 PUL0121	1.42e-55
      1       1 PUL0121	4.76e-13
      1       1 PUL0121	7.39e-104
      1       1 PUL0123	1.73e-27
      1       1 PUL0124	2.87e-186
      1       1 PUL0124	8.63e-34
      1       1 PUL0130	4.19e-08
      1       1 PUL0134	2.36e-196
      1       1 PUL0140	1.17e-41
      1       1 PUL0145	1.85e-126
      1       1 PUL0145	2.05e-87
      1       1 PUL0145	3.37e-102
      1       1 PUL0145	7.70e-37
      1       1 PUL0145	7.71e-207
      1       1 PUL0146	4.83e-30
      1       1 PUL0152	8.75e-119
      1       1 PUL0160	1.99e-193
      1       1 PUL0161	6.09e-13
      1       1 PUL0162	6.79e-56
      1       1 PUL0164	1.16e-26
      1       1 PUL0164	1.98e-185
      1       1 PUL0168	2.68e-33
      1       1 PUL0168	6.39e-91
      1       1 PUL0172	8.31e-63
      1       1 PUL0178	1.88e-38
      1       1 PUL0178	8.99e-43
      1       1 PUL0180	7.06e-26
      1       1 PUL0188	2.75e-109
      1       1 PUL0211	3.70e-279
      1       1 PUL0216	1.29e-94
      1       1 PUL0218	1.54e-22
      1       1 PUL0229	2.33e-11
      1       1 PUL0246	7.55e-44
      1       1 PUL0250	1.27e-04
      1       1 PUL0257	1.11e-73
      1       1 PUL0257	1.15e-04
      1       1 PUL0260	3.53e-14
      1       1 PUL0261	1.01e-16
      1       1 PUL0264	4.11e-21
      1       1 PUL0265	1.90e-88
      1       1 PUL0265	9.41e-168
      1       1 PUL0267	1.13e-273
      1       1 PUL0267	1.15e-11
      1       1 PUL0267	1.50e-229
      1       1 PUL0267	8.21e-77
      1       1 PUL0269	3.46e-60
      1       1 PUL0269	3.81e-65
      1       1 PUL0269	6.52e-43
      1       1 PUL0269	7.00e-35
      1       1 PUL0270	2.03e-166
      1       1 PUL0270	2.43e-136
      1       1 PUL0281	4.09e-84
      1       1 PUL0292	2.32e-15
      1       1 PUL0296	1.24e-16
      1       1 PUL0300	1.66e-47
      1       1 PUL0300	4.79e-48
      1       1 PUL0300	7.02e-92
      1       1 PUL0300	7.62e-113
      1       1 PUL0302	1.46e-57
      1       1 PUL0303	1.62e-16
      1       1 PUL0305	9.49e-14
      1       1 PUL0309	2.30e-75
      1       1 PUL0309	2.88e-98
      1       1 PUL0316	1.24e-105
      1       1 PUL0316	1.36e-69
      1       1 PUL0316	1.88e-66
      1       1 PUL0316	3.56e-101
      1       1 PUL0316	3.82e-90
      1       1 PUL0316	6.36e-91
      1       1 PUL0322	5.38e-20
      1       1 PUL0324	1.91e-34
      1       1 PUL0328	1.60e-67
      1       1 PUL0328	1.99e-74
      1       1 PUL0329	1.34e-142
      1       1 PUL0329	1.67e-39
      1       1 PUL0329	1.82e-16
      1       1 PUL0332	3.63e-112
      1       1 PUL0332	3.65e-129
      1       1 PUL0333	5.08e-66
      1       1 PUL0333	6.76e-112
      1       1 PUL0333	9.75e-91
      1       1 PUL0334	1.42e-12
      1       1 PUL0334	4.10e-07
      1       1 PUL0334	4.30e-16
      1       1 PUL0334	8.07e-14
      1       1 PUL0335	1.28e-209
      1       1 PUL0335	1.34e-78
      1       1 PUL0335	1.38e-24
      1       1 PUL0335	1.49e-106
      1       1 PUL0335	2.25e-76
      1       1 PUL0335	2.90e-94
      1       1 PUL0335	3.29e-90
      1       1 PUL0335	3.54e-29
      1       1 PUL0335	8.67e-48
      1       1 PUL0335	8.97e-72
      1       1 PUL0336	2.20e-05
      1       1 PUL0336	8.77e-72
      1       1 PUL0337	2.23e-06
      1       1 PUL0337	3.67e-51
      1       1 PUL0339	2.59e-88
      1       1 PUL0339	4.86e-157
      1       1 PUL0340	1.03e-36
      1       1 PUL0340	1.04e-59
      1       1 PUL0340	2.22e-07
      1       1 PUL0340	2.79e-141
      1       1 PUL0340	3.96e-05
      1       1 PUL0340	8.77e-45
      1       1 PUL0340	8.89e-19
      1       1 PUL0342	3.24e-68
      1       1 PUL0344	4.20e-25
      1       1 PUL0344	4.81e-149
      1       1 PUL0346	5.72e-13
      1       1 PUL0347	2.00e-143
      1       1 PUL0347	4.80e-34
      1       1 PUL0364	8.65e-86
      1       1 PUL0366	2.17e-48
      1       1 PUL0366	3.77e-110
      1       1 PUL0368	9.83e-25
      1       1 PUL0375	2.40e-22
      1       1 PUL0390	3.38e-12
      1       1 PUL0390	3.79e-79
      1       1 PUL0390	4.95e-81
      1       1 PUL0390	9.82e-63
      1       1 PUL0396	1.68e-71
      1       1 PUL0396	6.90e-118
      1       1 PUL0396	7.21e-111
      1       1 PUL0396	7.35e-20
      1       1 PUL0401	1.35e-21
      1       1 PUL0401	2.67e-120
      1       1 PUL0403	7.02e-46
      1       1 PUL0404	1.86e-24
      1       1 PUL0404	6.86e-27
      1       1 PUL0406	4.30e-52
      1       1 PUL0409	1.49e-57
      1       1 PUL0410	2.73e-36
      1       1 PUL0413	3.00e-161
      1       1 PUL0414	2.73e-22
      1       1 PUL0414	3.65e-88
      1       1 PUL0416	1.97e-73
      1       1 PUL0429	1.22e-30
      1       1 PUL0429	7.79e-15
      1       1 PUL0429	8.53e-37
      1       1 PUL0431	4.57e-08
      1       1 PUL0436	1.07e-06
      1       1 PUL0438	3.27e-19
      1       1 PUL0441	8.45e-17
      1       1 PUL0454	1.59e-33
      1       1 PUL0454	3.25e-36
      1       1 PUL0454	4.50e-64
      1       1 PUL0454	8.97e-48
      1       1 PUL0454	9.32e-47
      1       1 PUL0458	2.78e-15
      1       1 PUL0458	4.42e-30
      1       1 PUL0458	7.46e-44
      1       1 PUL0459	1.02e-11
      1       1 PUL0459	1.83e-10
      1       1 PUL0459	2.74e-13
      1       1 PUL0459	4.39e-37
      1       1 PUL0460	2.03e-44
      1       1 PUL0460	3.30e-52
      1       1 PUL0460	4.08e-44
      1       1 PUL0460	4.75e-25
      1       1 PUL0460	4.76e-10
      1       1 PUL0468	2.00e-04
      1       1 PUL0468	2.65e-31
      1       1 PUL0468	4.95e-25
      1       1 PUL0473	1.38e-07
      1       1 PUL0473	4.23e-12
      1       1 PUL0475	2.57e-129
      1       1 PUL0480	2.00e-14
      1       1 PUL0486	4.20e-30
      1       1 PUL0489	1.98e-37
      1       1 PUL0493	2.76e-87
      1       1 PUL0496	5.22e-101
      1       1 PUL0509	2.27e-09
      1       1 PUL0516	2.64e-118
      1       1 PUL0519	1.89e-14
      1       1 PUL0519	5.72e-147
      1       1 PUL0522	1.29e-04
      1       1 PUL0527	2.06e-73
      1       1 PUL0527	4.20e-72
      1       1 PUL0530	1.84e-30
      1       1 PUL0530	2.41e-07
      1       1 PUL0530	2.55e-41
      1       1 PUL0530	9.13e-33
      1       1 PUL0536	1.30e-187
      1       1 PUL0536	1.90e-161
      1       1 PUL0540	7.12e-09
      1       1 PUL0544	2.14e-82
      1       1 PUL0548	2.21e-13
      1       1 PUL0569	5.63e-15
      1       1 PUL0569	7.57e-10
      1       1 PUL0572	8.60e-159
      1       1 PUL0583	4.55e-32
      1       1 PUL0584	2.20e-146
      1       1 PUL0591	2.32e-62
      1       1 PUL0591	2.69e-51
      1       1 PUL0593	1.28e-10
      1       1 PUL0593	9.24e-70
      1       1 PUL0598	3.33e-29
      1       1 PUL0600	1.38e-17
      1       1 PUL0600	9.34e-50
      1       1 PUL0602	8.24e-12
