PUL0006;1
PUL0008;1
PUL0012;1
PUL0013;5
PUL0017;3
PUL0021;1
PUL0028;1
PUL0029;3
PUL0036;1
PUL0038;2
PUL0049;1
PUL0050;1
PUL0053;1
PUL0058;1
PUL0060;1
PUL0061;2
PUL0067;1
PUL0069;1
PUL0070;1
PUL0093;6
PUL0094;1
PUL0098;1
PUL0106;5
PUL0108;6
PUL0113;1
PUL0121;4
PUL0123;1
PUL0124;2
PUL0130;1
PUL0134;1
PUL0140;1
PUL0145;5
PUL0146;1
PUL0152;1
PUL0160;1
PUL0161;1
PUL0162;1
PUL0164;2
PUL0168;2
PUL0172;1
PUL0178;2
PUL0180;1
PUL0188;1
PUL0211;1
PUL0216;1
PUL0218;1
PUL0229;1
PUL0246;1
PUL0250;1
PUL0257;2
PUL0260;1
PUL0261;1
PUL0264;1
PUL0265;2
PUL0267;4
PUL0269;4
PUL0270;2
PUL0281;1
PUL0292;1
PUL0296;1
PUL0300;4
PUL0302;1
PUL0303;1
PUL0305;1
PUL0309;2
PUL0316;6
PUL0322;1
PUL0324;1
PUL0328;2
PUL0329;3
PUL0332;2
PUL0333;3
PUL0334;4
PUL0335;10
PUL0336;2
PUL0337;2
PUL0339;2
PUL0340;7
PUL0342;1
PUL0344;2
PUL0346;1
PUL0347;2
PUL0364;1
PUL0366;2
PUL0368;1
PUL0375;1
PUL0390;4
PUL0396;4
PUL0401;2
PUL0403;1
PUL0404;2
PUL0406;1
PUL0409;1
PUL0410;1
PUL0413;1
PUL0414;2
PUL0416;1
PUL0429;3
PUL0431;1
PUL0436;1
PUL0438;1
PUL0441;1
PUL0454;5
PUL0458;3
PUL0459;4
PUL0460;5
PUL0468;3
PUL0473;2
PUL0475;1
PUL0480;1
PUL0486;1
PUL0489;1
PUL0493;1
PUL0496;1
PUL0509;1
PUL0516;1
PUL0519;2
PUL0522;1
PUL0527;2
PUL0530;4
PUL0536;2
PUL0540;1
PUL0544;1
PUL0548;1
PUL0569;2
PUL0572;1
PUL0583;1
PUL0584;1
PUL0591;2
PUL0593;2
PUL0598;1
PUL0600;2
PUL0602;1
