      1       1 PUL0017	1.23e-124
      1       1 PUL0017	2.12e-190
      1       1 PUL0022	1.98e-213
      1       1 PUL0029	2.35e-122
      1       1 PUL0037	2.29e-25
      1       1 PUL0038	1.31e-163
      1       1 PUL0049	1.63e-201
      1       1 PUL0049	1.77e-64
      1       1 PUL0050	6.09e-89
      1       1 PUL0051	4.62e-50
      1       1 PUL0058	1.64e-211
      1       1 PUL0069	6.95e-152
      1       1 PUL0081	4.58e-134
      1       1 PUL0100	1.55e-295
      1       1 PUL0106	9.10e-227
      1       1 PUL0111	2.67e-307
      1       1 PUL0121	2.26e-51
      1       1 PUL0145	2.77e-178
      1       1 PUL0145	3.82e-184
      1       1 PUL0145	5.18e-197
      1       1 PUL0152	6.78e-106
      1       1 PUL0168	1.98e-310
      1       1 PUL0198	2.26e-304
      1       1 PUL0202	8.84e-302
      1       1 PUL0246	1.75e-236
      1       1 PUL0248	3.78e-182
      1       1 PUL0291	1.46e-131
      1       1 PUL0296	1.05e-117
      1       1 PUL0298	1.54e-46
      1       1 PUL0300	1.61e-62
      1       1 PUL0316	9.85e-132
      1       1 PUL0335	1.31e-140
      1       1 PUL0335	3.37e-104
      1       1 PUL0347	6.53e-232
      1       1 PUL0410	6.93e-320
      1       1 PUL0413	1.07e-127
      1       1 PUL0420	1.10e-211
      1       1 PUL0459	4.05e-38
      1       1 PUL0460	8.54e-28
      1       1 PUL0461	1.41e-165
      1       1 PUL0530	1.58e-276
      1       1 PUL0579	4.18e-74
      1       1 PUL0586	1.53e-241
