      1       1 PUL0017	7.79e-121
      1       1 PUL0025	9.36e-10
      1       1 PUL0029	1.81e-15
      1       1 PUL0070	1.80e-163
      1       1 PUL0094	6.40e-122
      1       1 PUL0094	9.62e-110
      1       1 PUL0106	1.56e-313
      1       1 PUL0106	6.30e-160
      1       1 PUL0108	5.83e-96
      1       1 PUL0121	8.33e-10
      1       1 PUL0124	9.52e-164
      1       1 PUL0145	3.47e-66
      1       1 PUL0145	4.87e-290
      1       1 PUL0161	1.61e-116
      1       1 PUL0161	3.22e-18
      1       1 PUL0161	5.08e-06
      1       1 PUL0180	7.11e-168
      1       1 PUL0189	2.11e-26
      1       1 PUL0189	3.18e-25
      1       1 PUL0199	1.10e-153
      1       1 PUL0206	2.96e-230
      1       1 PUL0235	2.66e-143
      1       1 PUL0267	1.43e-150
      1       1 PUL0267	4.52e-27
      1       1 PUL0316	2.13e-101
      1       1 PUL0333	1.59e-58
      1       1 PUL0334	9.75e-199
      1       1 PUL0336	3.96e-126
      1       1 PUL0339	1.03e-261
      1       1 PUL0339	4.22e-188
      1       1 PUL0340	5.61e-135
      1       1 PUL0382	3.89e-59
      1       1 PUL0410	6.90e-40
      1       1 PUL0429	2.48e-38
      1       1 PUL0442	1.62e-174
      1       1 PUL0442	2.46e-197
      1       1 PUL0460	2.66e-58
      1       1 PUL0498	6.64e-09
      1       1 PUL0530	5.12e-12
      1       1 PUL0600	5.34e-61
