      1       1 PUL0017	1.23e-191
      1       1 PUL0017	8.99e-181
      1       1 PUL0019	6.01e-82
      1       1 PUL0025	1.14e-04
      1       1 PUL0025	1.81e-08
      1       1 PUL0025	3.88e-07
      1       1 PUL0025	6.44e-08
      1       1 PUL0045	4.12e-10
      1       1 PUL0047	4.23e-65
      1       1 PUL0049	1.13e-132
      1       1 PUL0049	2.82e-314
      1       1 PUL0058	3.00e-178
      1       1 PUL0093	9.71e-53
      1       1 PUL0094	8.05e-04
      1       1 PUL0096	5.84e-33
      1       1 PUL0103	3.23e-203
      1       1 PUL0103	3.32e-205
      1       1 PUL0106	1.56e-195
      1       1 PUL0108	2.00e-63
      1       1 PUL0108	2.78e-50
      1       1 PUL0124	5.42e-157
      1       1 PUL0145	1.09e-14
      1       1 PUL0145	1.18e-55
      1       1 PUL0145	3.15e-46
      1       1 PUL0148	2.13e-94
      1       1 PUL0148	9.88e-67
      1       1 PUL0160	1.31e-264
      1       1 PUL0160	3.16e-212
      1       1 PUL0160	3.90e-270
      1       1 PUL0160	9.11e-282
      1       1 PUL0163	3.35e-121
      1       1 PUL0180	2.77e-18
      1       1 PUL0180	3.31e-219
      1       1 PUL0199	1.01e-162
      1       1 PUL0216	2.06e-99
      1       1 PUL0225	1.61e-18
      1       1 PUL0228	4.56e-41
      1       1 PUL0235	7.78e-149
      1       1 PUL0236	5.43e-87
      1       1 PUL0243	7.63e-163
      1       1 PUL0255	5.77e-11
      1       1 PUL0267	1.32e-229
      1       1 PUL0267	1.36e-10
      1       1 PUL0267	5.42e-311
      1       1 PUL0289	5.19e-292
      1       1 PUL0300	1.35e-95
      1       1 PUL0316	1.19e-199
      1       1 PUL0329	1.19e-206
      1       1 PUL0329	2.05e-293
      1       1 PUL0334	1.17e-192
      1       1 PUL0335	1.82e-71
      1       1 PUL0335	1.95e-202
      1       1 PUL0340	1.49e-152
      1       1 PUL0340	2.05e-134
      1       1 PUL0340	6.41e-100
      1       1 PUL0341	7.37e-141
      1       1 PUL0366	1.95e-06
      1       1 PUL0384	4.13e-30
      1       1 PUL0406	1.17e-102
      1       1 PUL0406	2.15e-178
      1       1 PUL0406	2.60e-176
      1       1 PUL0414	3.47e-07
      1       1 PUL0420	2.52e-272
      1       1 PUL0430	1.20e-05
      1       1 PUL0443	1.44e-188
      1       1 PUL0443	6.14e-196
      1       1 PUL0443	6.15e-195
      1       1 PUL0459	1.02e-34
      1       1 PUL0459	6.17e-181
      1       1 PUL0468	1.21e-15
      1       1 PUL0468	8.30e-15
      1       1 PUL0477	1.12e-248
      1       1 PUL0479	2.93e-309
      1       1 PUL0485	4.72e-175
      1       1 PUL0487	4.09e-251
      1       1 PUL0502	8.43e-156
