PUL0017 2
PUL0019 1
PUL0025 4
PUL0045 1
PUL0047 1
PUL0049 2
PUL0058 1
PUL0093 1
PUL0094 1
PUL0096 1
PUL0103 2
PUL0106 1
PUL0108 2
PUL0124 1
PUL0145 3
PUL0148 2
PUL0160 4
PUL0163 1
PUL0180 2
PUL0199 1
PUL0216 1
PUL0225 1
PUL0228 1
PUL0235 1
PUL0236 1
PUL0243 1
PUL0255 1
PUL0267 3
PUL0289 1
PUL0300 1
PUL0316 1
PUL0329 2
PUL0334 1
PUL0335 2
PUL0340 3
PUL0341 1
PUL0366 1
PUL0384 1
PUL0406 3
PUL0414 1
PUL0420 1
PUL0430 1
PUL0443 3
PUL0459 2
PUL0468 2
PUL0477 1
PUL0479 1
PUL0485 1
PUL0487 1
PUL0502 1
