      1       1 PUL0017	3.61e-176
      1       1 PUL0024	8.73e-27
      1       1 PUL0029	1.11e-72
      1       1 PUL0046	1.64e-07
      1       1 PUL0049	5.84e-198
      1       1 PUL0061	1.65e-232
      1       1 PUL0071	6.13e-111
      1       1 PUL0093	4.78e-128
      1       1 PUL0103	1.30e-92
      1       1 PUL0106	1.60e-209
      1       1 PUL0106	5.54e-121
      1       1 PUL0106	9.93e-147
      1       1 PUL0121	1.22e-70
      1       1 PUL0121	8.63e-168
      1       1 PUL0123	2.24e-39
      1       1 PUL0145	1.40e-168
      1       1 PUL0145	1.49e-163
      1       1 PUL0145	2.03e-52
      1       1 PUL0145	3.59e-196
      1       1 PUL0145	9.55e-198
      1       1 PUL0180	3.42e-155
      1       1 PUL0184	2.15e-75
      1       1 PUL0184	3.39e-58
      1       1 PUL0216	7.33e-93
      1       1 PUL0225	7.15e-59
      1       1 PUL0226	2.19e-33
      1       1 PUL0267	1.23e-189
      1       1 PUL0267	3.28e-241
      1       1 PUL0270	1.63e-105
      1       1 PUL0280	1.92e-07
      1       1 PUL0302	3.69e-36
      1       1 PUL0316	1.26e-78
      1       1 PUL0316	3.85e-35
      1       1 PUL0329	2.35e-40
      1       1 PUL0333	4.76e-96
      1       1 PUL0335	4.26e-68
      1       1 PUL0335	5.38e-63
      1       1 PUL0335	5.95e-51
      1       1 PUL0336	2.20e-75
      1       1 PUL0337	1.68e-81
      1       1 PUL0337	2.45e-128
      1       1 PUL0339	4.36e-159
      1       1 PUL0339	6.19e-44
      1       1 PUL0340	1.92e-138
      1       1 PUL0340	4.43e-06
      1       1 PUL0340	6.72e-168
      1       1 PUL0341	1.70e-169
      1       1 PUL0347	1.33e-34
      1       1 PUL0390	3.68e-58
      1       1 PUL0410	3.48e-09
      1       1 PUL0410	6.21e-29
      1       1 PUL0413	5.84e-118
      1       1 PUL0414	5.41e-93
      1       1 PUL0428	3.26e-94
      1       1 PUL0429	1.16e-23
      1       1 PUL0431	6.72e-57
      1       1 PUL0458	1.15e-61
      1       1 PUL0458	3.99e-38
      1       1 PUL0460	1.18e-13
      1       1 PUL0460	1.54e-30
      1       1 PUL0460	2.34e-05
      1       1 PUL0467	2.95e-59
      1       1 PUL0468	3.46e-86
      1       1 PUL0530	1.45e-277
      1       1 PUL0530	3.19e-30
      1       1 PUL0530	9.90e-54
      1       1 PUL0560	3.20e-108
      1       1 PUL0577	2.09e-46
      1       1 PUL0584	5.07e-164
      1       1 PUL0601	7.79e-18
