      1       1 PUL0009	1.06e-123
      1       1 PUL0009	5.75e-44
      1       1 PUL0017	6.06e-159
      1       1 PUL0017	6.64e-191
      1       1 PUL0029	5.24e-36
      1       1 PUL0038	7.75e-259
      1       1 PUL0058	7.50e-78
      1       1 PUL0061	2.05e-95
      1       1 PUL0070	3.61e-168
      1       1 PUL0101	1.69e-60
      1       1 PUL0103	4.86e-106
      1       1 PUL0103	8.21e-16
      1       1 PUL0106	2.69e-178
      1       1 PUL0108	2.43e-34
      1       1 PUL0108	4.10e-28
      1       1 PUL0121	3.01e-100
      1       1 PUL0176	4.64e-52
      1       1 PUL0184	1.56e-30
      1       1 PUL0205	4.01e-90
      1       1 PUL0217	3.71e-46
      1       1 PUL0218	7.02e-37
      1       1 PUL0236	2.86e-91
      1       1 PUL0267	2.03e-75
      1       1 PUL0267	3.85e-216
      1       1 PUL0291	2.92e-24
      1       1 PUL0300	1.33e-100
      1       1 PUL0316	4.47e-64
      1       1 PUL0333	9.52e-78
      1       1 PUL0335	1.23e-171
      1       1 PUL0335	5.61e-71
      1       1 PUL0339	3.18e-163
      1       1 PUL0339	4.40e-16
      1       1 PUL0340	5.14e-140
      1       1 PUL0341	5.54e-142
      1       1 PUL0368	1.00e-62
      1       1 PUL0390	1.17e-35
      1       1 PUL0399	2.20e-23
      1       1 PUL0404	4.44e-42
      1       1 PUL0429	3.91e-113
      1       1 PUL0459	2.94e-10
      1       1 PUL0460	2.96e-60
      1       1 PUL0460	7.52e-93
      1       1 PUL0475	2.43e-135
      1       1 PUL0584	3.42e-139
      1       1 PUL0598	2.10e-112
