      1       1 PUL0010	7.03e-79
      1       1 PUL0015	1.96e-09
      1       1 PUL0026	2.51e-11
      1       1 PUL0029	1.56e-220
      1       1 PUL0049	2.61e-144
      1       1 PUL0050	1.09e-17
      1       1 PUL0058	3.79e-297
      1       1 PUL0070	6.56e-169
      1       1 PUL0101	1.76e-26
      1       1 PUL0105	3.29e-56
      1       1 PUL0106	6.86e-188
      1       1 PUL0106	6.95e-114
      1       1 PUL0108	1.51e-97
      1       1 PUL0121	7.70e-39
      1       1 PUL0136	4.60e-192
      1       1 PUL0180	3.35e-06
      1       1 PUL0196	6.83e-199
      1       1 PUL0211	3.40e-141
      1       1 PUL0232	1.43e-41
      1       1 PUL0265	9.37e-231
      1       1 PUL0267	2.29e-274
      1       1 PUL0300	2.43e-99
      1       1 PUL0327	9.34e-225
      1       1 PUL0340	2.59e-44
      1       1 PUL0340	2.87e-04
      1       1 PUL0347	1.72e-313
      1       1 PUL0347	4.52e-233
      1       1 PUL0390	4.05e-78
      1       1 PUL0392	6.46e-180
      1       1 PUL0574	4.75e-252
      1       1 PUL0575	1.13e-238
      1       1 PUL0575	1.57e-196
      1       1 PUL0576	2.95e-214
      1       1 PUL0590	4.02e-166
      1       1 PUL0596	3.02e-82
