      1       1 PUL0017	1.24e-151
      1       1 PUL0017	2.91e-182
      1       1 PUL0017	7.53e-221
      1       1 PUL0019	3.28e-127
      1       1 PUL0024	1.90e-221
      1       1 PUL0024	2.15e-120
      1       1 PUL0024	2.44e-11
      1       1 PUL0025	1.98e-136
      1       1 PUL0028	2.60e-134
      1       1 PUL0038	2.03e-162
      1       1 PUL0049	4.00e-149
      1       1 PUL0049	9.66e-37
      1       1 PUL0050	1.71e-91
      1       1 PUL0058	2.02e-196
      1       1 PUL0058	3.92e-209
      1       1 PUL0094	2.11e-103
      1       1 PUL0101	8.43e-133
      1       1 PUL0103	6.35e-79
      1       1 PUL0106	1.03e-195
      1       1 PUL0108	1.73e-27
      1       1 PUL0108	7.92e-42
      1       1 PUL0113	8.46e-312
      1       1 PUL0121	2.19e-12
      1       1 PUL0121	3.85e-62
      1       1 PUL0124	2.66e-80
      1       1 PUL0124	7.41e-207
      1       1 PUL0124	9.04e-175
      1       1 PUL0133	2.34e-58
      1       1 PUL0162	6.13e-178
      1       1 PUL0180	2.11e-52
      1       1 PUL0180	2.51e-121
      1       1 PUL0217	6.65e-20
      1       1 PUL0225	2.80e-25
      1       1 PUL0225	4.54e-166
      1       1 PUL0230	6.55e-65
      1       1 PUL0230	7.62e-110
      1       1 PUL0240	1.54e-109
      1       1 PUL0256	3.39e-220
      1       1 PUL0267	3.72e-156
      1       1 PUL0294	2.64e-73
      1       1 PUL0320	1.49e-48
      1       1 PUL0328	2.47e-128
      1       1 PUL0333	1.66e-89
      1       1 PUL0335	4.91e-113
      1       1 PUL0337	1.39e-212
      1       1 PUL0337	1.99e-109
      1       1 PUL0341	4.27e-246
      1       1 PUL0368	2.25e-39
      1       1 PUL0390	6.12e-165
      1       1 PUL0406	3.79e-231
      1       1 PUL0406	8.44e-265
      1       1 PUL0413	1.87e-132
      1       1 PUL0413	3.06e-157
      1       1 PUL0454	1.34e-29
      1       1 PUL0493	5.40e-67
      1       1 PUL0503	5.23e-50
      1       1 PUL0507	1.62e-13
      1       1 PUL0527	1.71e-44
      1       1 PUL0527	5.44e-31
      1       1 PUL0572	3.86e-90
      1       1 PUL0576	3.01e-138
      1       1 PUL0602	5.44e-04
