      1       1 PUL0008	3.29e-07
      1       1 PUL0019	6.75e-83
      1       1 PUL0024	1.00e-57
      1       1 PUL0024	2.66e-21
      1       1 PUL0049	1.98e-320
      1       1 PUL0103	3.59e-209
      1       1 PUL0104	1.52e-107
      1       1 PUL0106	1.31e-19
      1       1 PUL0106	3.42e-06
      1       1 PUL0106	4.48e-319
      1       1 PUL0117	1.84e-11
      1       1 PUL0124	4.84e-59
      1       1 PUL0124	9.04e-159
      1       1 PUL0134	2.71e-245
      1       1 PUL0152	3.69e-34
      1       1 PUL0165	8.10e-80
      1       1 PUL0206	1.18e-247
      1       1 PUL0206	1.84e-148
      1       1 PUL0218	3.40e-133
      1       1 PUL0227	3.73e-74
      1       1 PUL0236	2.29e-138
      1       1 PUL0267	1.26e-283
      1       1 PUL0267	8.82e-225
      1       1 PUL0333	7.18e-183
      1       1 PUL0333	8.50e-113
      1       1 PUL0334	2.75e-27
      1       1 PUL0335	1.21e-184
      1       1 PUL0339	6.00e-279
      1       1 PUL0340	1.01e-147
      1       1 PUL0341	1.29e-177
      1       1 PUL0344	5.17e-140
      1       1 PUL0347	2.50e-69
      1       1 PUL0347	5.61e-73
      1       1 PUL0418	8.04e-10
      1       1 PUL0434	9.14e-12
      1       1 PUL0435	1.49e-07
      1       1 PUL0436	3.65e-08
      1       1 PUL0440	4.21e-198
      1       1 PUL0443	1.70e-167
      1       1 PUL0443	7.13e-157
      1       1 PUL0443	7.42e-170
      1       1 PUL0467	1.18e-54
      1       1 PUL0473	2.52e-09
      1       1 PUL0480	6.33e-15
      1       1 PUL0485	2.15e-140
      1       1 PUL0521	5.31e-154
      1       1 PUL0530	2.17e-06
      1       1 PUL0560	1.02e-107
      1       1 PUL0564	2.06e-47
      1       1 PUL0601	8.48e-47
