      1       1 PUL0013	1.06e-11
      1       1 PUL0013	5.78e-09
      1       1 PUL0017	1.00e-122
      1       1 PUL0017	4.84e-187
      1       1 PUL0029	1.89e-41
      1       1 PUL0033	1.14e-06
      1       1 PUL0049	2.59e-34
      1       1 PUL0050	1.29e-76
      1       1 PUL0070	2.78e-164
      1       1 PUL0094	9.78e-104
      1       1 PUL0101	7.04e-154
      1       1 PUL0103	1.08e-209
      1       1 PUL0104	6.72e-107
      1       1 PUL0106	1.09e-107
      1       1 PUL0106	6.39e-185
      1       1 PUL0106	7.15e-316
      1       1 PUL0145	1.27e-266
      1       1 PUL0145	7.60e-84
      1       1 PUL0161	6.09e-10
      1       1 PUL0180	1.41e-110
      1       1 PUL0180	6.01e-195
      1       1 PUL0180	6.15e-65
      1       1 PUL0184	1.06e-63
      1       1 PUL0199	4.30e-151
      1       1 PUL0206	4.49e-149
      1       1 PUL0206	9.66e-247
      1       1 PUL0216	4.77e-101
      1       1 PUL0267	1.44e-282
      1       1 PUL0267	3.93e-225
      1       1 PUL0296	8.37e-119
      1       1 PUL0299	4.58e-81
      1       1 PUL0300	7.41e-103
      1       1 PUL0302	7.83e-46
      1       1 PUL0318	2.01e-04
      1       1 PUL0333	1.52e-79
      1       1 PUL0333	8.64e-184
      1       1 PUL0335	1.91e-88
      1       1 PUL0335	2.65e-32
      1       1 PUL0335	4.66e-185
      1       1 PUL0335	6.64e-75
      1       1 PUL0335	8.79e-26
      1       1 PUL0336	9.10e-105
      1       1 PUL0340	3.40e-147
      1       1 PUL0341	1.13e-177
      1       1 PUL0344	1.09e-48
      1       1 PUL0347	2.26e-72
      1       1 PUL0348	5.52e-189
      1       1 PUL0353	1.88e-183
      1       1 PUL0356	3.71e-52
      1       1 PUL0368	1.56e-35
      1       1 PUL0406	2.37e-34
      1       1 PUL0410	6.43e-59
      1       1 PUL0415	1.24e-179
      1       1 PUL0434	2.29e-29
      1       1 PUL0443	1.24e-165
      1       1 PUL0443	2.30e-140
      1       1 PUL0443	4.51e-173
      1       1 PUL0467	1.00e-70
      1       1 PUL0467	1.14e-50
      1       1 PUL0467	5.68e-55
      1       1 PUL0479	1.96e-09
      1       1 PUL0479	7.73e-184
      1       1 PUL0487	6.54e-140
      1       1 PUL0493	4.06e-82
      1       1 PUL0513	6.69e-169
      1       1 PUL0527	5.32e-89
      1       1 PUL0527	6.14e-265
      1       1 PUL0530	1.81e-101
      1       1 PUL0534	4.53e-94
      1       1 PUL0560	2.16e-109
      1       1 PUL0560	6.76e-106
      1       1 PUL0584	6.22e-141
