PUL0013;2
PUL0017;2
PUL0029;1
PUL0033;1
PUL0049;1
PUL0050;1
PUL0070;1
PUL0094;1
PUL0101;1
PUL0103;1
PUL0104;1
PUL0106;3
PUL0145;2
PUL0161;1
PUL0180;3
PUL0184;1
PUL0199;1
PUL0206;2
PUL0216;1
PUL0267;2
PUL0296;1
PUL0299;1
PUL0300;1
PUL0302;1
PUL0318;1
PUL0333;2
PUL0335;5
PUL0336;1
PUL0340;1
PUL0341;1
PUL0344;1
PUL0347;1
PUL0348;1
PUL0353;1
PUL0356;1
PUL0368;1
PUL0406;1
PUL0410;1
PUL0415;1
PUL0434;1
PUL0443;3
PUL0467;3
PUL0479;2
PUL0487;1
PUL0493;1
PUL0513;1
PUL0527;2
PUL0530;1
PUL0534;1
PUL0560;2
PUL0584;1
