      1       1 PUL0013	9.76e-16
      1       1 PUL0017	1.77e-77
      1       1 PUL0017	3.40e-208
      1       1 PUL0017	4.73e-193
      1       1 PUL0025	1.39e-143
      1       1 PUL0029	1.04e-14
      1       1 PUL0029	2.32e-30
      1       1 PUL0029	5.23e-162
      1       1 PUL0033	5.64e-26
      1       1 PUL0036	1.38e-114
      1       1 PUL0038	1.08e-158
      1       1 PUL0049	3.25e-25
      1       1 PUL0049	4.86e-148
      1       1 PUL0050	1.14e-21
      1       1 PUL0060	1.67e-50
      1       1 PUL0069	3.01e-17
      1       1 PUL0070	2.70e-188
      1       1 PUL0071	2.62e-94
      1       1 PUL0075	9.25e-69
      1       1 PUL0099	2.43e-19
      1       1 PUL0101	1.09e-64
      1       1 PUL0101	8.98e-36
      1       1 PUL0106	3.08e-25
      1       1 PUL0106	4.82e-159
      1       1 PUL0106	6.28e-180
      1       1 PUL0106	7.13e-96
      1       1 PUL0108	1.93e-48
      1       1 PUL0108	3.77e-101
      1       1 PUL0121	3.36e-91
      1       1 PUL0121	4.29e-19
      1       1 PUL0124	1.94e-233
      1       1 PUL0124	7.11e-112
      1       1 PUL0133	3.14e-18
      1       1 PUL0139	4.56e-23
      1       1 PUL0145	2.42e-89
      1       1 PUL0161	3.31e-70
      1       1 PUL0173	1.39e-49
      1       1 PUL0180	2.37e-173
      1       1 PUL0184	6.78e-72
      1       1 PUL0212	1.24e-100
      1       1 PUL0212	3.42e-187
      1       1 PUL0236	1.01e-91
      1       1 PUL0269	1.51e-09
      1       1 PUL0270	1.57e-06
      1       1 PUL0270	5.35e-61
      1       1 PUL0270	9.83e-07
      1       1 PUL0300	1.05e-30
      1       1 PUL0300	1.79e-99
      1       1 PUL0309	1.16e-56
      1       1 PUL0309	9.25e-51
      1       1 PUL0333	3.72e-52
      1       1 PUL0337	5.28e-12
      1       1 PUL0339	1.68e-06
      1       1 PUL0339	3.21e-49
      1       1 PUL0340	2.77e-193
      1       1 PUL0340	3.23e-50
      1       1 PUL0340	4.51e-45
      1       1 PUL0341	3.11e-188
      1       1 PUL0375	1.54e-39
      1       1 PUL0388	2.25e-126
      1       1 PUL0396	2.49e-23
      1       1 PUL0406	2.95e-23
      1       1 PUL0406	3.91e-247
      1       1 PUL0406	9.73e-34
      1       1 PUL0413	1.31e-136
      1       1 PUL0413	1.38e-28
      1       1 PUL0413	6.22e-60
      1       1 PUL0413	9.77e-159
      1       1 PUL0414	6.47e-58
      1       1 PUL0429	3.27e-28
      1       1 PUL0454	1.48e-27
      1       1 PUL0460	1.36e-51
      1       1 PUL0467	4.65e-82
      1       1 PUL0468	6.68e-28
      1       1 PUL0493	7.17e-90
      1       1 PUL0574	2.89e-55
      1       1 PUL0584	2.78e-142
      1       1 PUL0595	2.48e-104
      1       1 PUL0601	5.53e-117
