PUL0013	1
PUL0017	3
PUL0025	1
PUL0029	3
PUL0033	1
PUL0036	1
PUL0038	1
PUL0049	2
PUL0050	1
PUL0060	1
PUL0069	1
PUL0070	1
PUL0071	1
PUL0075	1
PUL0099	1
PUL0101	2
PUL0106	4
PUL0108	2
PUL0121	2
PUL0124	2
PUL0133	1
PUL0139	1
PUL0145	1
PUL0161	1
PUL0173	1
PUL0180	1
PUL0184	1
PUL0212	2
PUL0236	1
PUL0269	1
PUL0270	3
PUL0300	2
PUL0309	2
PUL0333	1
PUL0337	1
PUL0339	2
PUL0340	3
PUL0341	1
PUL0375	1
PUL0388	1
PUL0396	1
PUL0406	3
PUL0413	4
PUL0414	1
PUL0429	1
PUL0454	1
PUL0460	1
PUL0467	1
PUL0468	1
PUL0493	1
PUL0574	1
PUL0584	1
PUL0595	1
PUL0601	1
