      1       1 PUL0009	1.06e-123
      1       1 PUL0017	3.77e-159
      1       1 PUL0029	5.24e-36
      1       1 PUL0038	7.75e-259
      1       1 PUL0061	2.36e-95
      1       1 PUL0070	2.36e-168
      1       1 PUL0101	1.69e-60
      1       1 PUL0103	5.09e-13
      1       1 PUL0106	2.69e-178
      1       1 PUL0108	4.08e-28
      1       1 PUL0155	4.78e-29
      1       1 PUL0176	8.83e-53
      1       1 PUL0184	1.56e-30
      1       1 PUL0205	8.59e-90
      1       1 PUL0217	1.34e-45
      1       1 PUL0236	2.85e-91
      1       1 PUL0267	2.03e-75
      1       1 PUL0267	3.84e-216
      1       1 PUL0291	2.92e-24
      1       1 PUL0300	1.17e-100
      1       1 PUL0316	4.50e-64
      1       1 PUL0333	9.52e-78
      1       1 PUL0335	1.23e-171
      1       1 PUL0335	5.61e-71
      1       1 PUL0339	3.18e-163
      1       1 PUL0339	4.40e-16
      1       1 PUL0340	5.14e-140
      1       1 PUL0341	5.54e-142
      1       1 PUL0365	1.68e-123
      1       1 PUL0368	3.49e-63
      1       1 PUL0390	2.07e-35
      1       1 PUL0399	2.29e-23
      1       1 PUL0404	4.46e-42
      1       1 PUL0429	6.91e-113
      1       1 PUL0459	2.94e-10
      1       1 PUL0459	5.61e-62
      1       1 PUL0460	2.96e-60
      1       1 PUL0460	7.62e-93
      1       1 PUL0530	6.47e-54
      1       1 PUL0573	5.07e-37
      1       1 PUL0577	7.55e-48
      1       1 PUL0584	3.42e-139
      1       1 PUL0598	2.09e-112
      1       1 PUL0599	4.22e-71
