      1       1 PUL0017	8.52e-192
      1       1 PUL0037	4.02e-24
      1       1 PUL0049	1.20e-24
      1       1 PUL0049	2.51e-243
      1       1 PUL0049	6.27e-40
      1       1 PUL0050	5.43e-91
      1       1 PUL0058	8.30e-190
      1       1 PUL0070	4.60e-182
      1       1 PUL0106	2.77e-159
      1       1 PUL0106	8.66e-185
      1       1 PUL0121	9.61e-123
      1       1 PUL0145	1.99e-32
      1       1 PUL0145	8.15e-32
      1       1 PUL0236	1.12e-38
      1       1 PUL0250	5.90e-157
      1       1 PUL0267	2.15e-272
      1       1 PUL0267	7.30e-219
      1       1 PUL0267	7.71e-244
      1       1 PUL0335	1.17e-95
      1       1 PUL0335	3.01e-87
      1       1 PUL0335	3.40e-162
      1       1 PUL0339	1.06e-137
      1       1 PUL0340	2.59e-141
      1       1 PUL0341	6.57e-177
      1       1 PUL0375	2.45e-77
      1       1 PUL0399	1.36e-92
      1       1 PUL0406	1.87e-68
      1       1 PUL0413	2.01e-164
      1       1 PUL0493	1.20e-93
      1       1 PUL0506	8.22e-150
      1       1 PUL0599	9.32e-33
