      1       1 PUL0017	2.90e-152
      1       1 PUL0017	5.60e-187
      1       1 PUL0021	6.35e-18
      1       1 PUL0038	1.52e-158
      1       1 PUL0049	3.51e-110
      1       1 PUL0050	2.78e-80
      1       1 PUL0058	6.21e-189
      1       1 PUL0067	1.21e-60
      1       1 PUL0070	1.16e-29
      1       1 PUL0074	5.89e-129
      1       1 PUL0094	1.57e-49
      1       1 PUL0094	4.05e-31
      1       1 PUL0106	1.40e-12
      1       1 PUL0106	1.71e-112
      1       1 PUL0106	4.83e-76
      1       1 PUL0106	7.02e-181
      1       1 PUL0108	4.98e-80
      1       1 PUL0121	5.59e-44
      1       1 PUL0123	1.08e-14
      1       1 PUL0124	1.24e-30
      1       1 PUL0124	6.77e-176
      1       1 PUL0126	6.87e-27
      1       1 PUL0145	1.37e-35
      1       1 PUL0145	1.77e-174
      1       1 PUL0145	3.18e-199
      1       1 PUL0145	3.44e-208
      1       1 PUL0145	3.90e-45
      1       1 PUL0145	6.26e-158
      1       1 PUL0145	8.01e-180
      1       1 PUL0145	8.23e-199
      1       1 PUL0155	1.79e-27
      1       1 PUL0161	8.26e-10
      1       1 PUL0172	1.73e-43
      1       1 PUL0172	2.64e-133
      1       1 PUL0184	3.04e-71
      1       1 PUL0216	2.16e-70
      1       1 PUL0256	7.38e-66
      1       1 PUL0267	3.77e-221
      1       1 PUL0267	4.24e-176
      1       1 PUL0281	6.78e-168
      1       1 PUL0300	9.55e-73
      1       1 PUL0311	5.42e-105
      1       1 PUL0316	1.20e-75
      1       1 PUL0316	4.99e-107
      1       1 PUL0316	7.77e-61
      1       1 PUL0318	1.72e-70
      1       1 PUL0329	6.04e-91
      1       1 PUL0332	6.06e-35
      1       1 PUL0333	3.56e-89
      1       1 PUL0335	3.35e-198
      1       1 PUL0336	1.09e-05
      1       1 PUL0339	1.86e-175
      1       1 PUL0340	1.14e-141
      1       1 PUL0340	1.16e-103
      1       1 PUL0340	4.76e-28
      1       1 PUL0347	2.99e-134
      1       1 PUL0364	7.56e-18
      1       1 PUL0390	2.32e-81
      1       1 PUL0390	2.41e-83
      1       1 PUL0390	2.85e-34
      1       1 PUL0396	1.20e-152
      1       1 PUL0396	4.06e-106
      1       1 PUL0404	1.30e-48
      1       1 PUL0413	5.16e-42
      1       1 PUL0413	6.73e-155
      1       1 PUL0413	8.19e-56
      1       1 PUL0414	4.04e-16
      1       1 PUL0429	1.08e-35
      1       1 PUL0429	3.58e-136
      1       1 PUL0458	5.55e-15
      1       1 PUL0459	1.11e-175
      1       1 PUL0459	2.16e-34
      1       1 PUL0459	3.53e-237
      1       1 PUL0459	8.18e-182
      1       1 PUL0496	1.70e-141
      1       1 PUL0506	2.58e-22
      1       1 PUL0506	8.46e-143
      1       1 PUL0530	1.00e-21
      1       1 PUL0530	1.58e-46
      1       1 PUL0577	1.83e-25
      1       1 PUL0584	3.26e-126
      1       1 PUL0599	4.37e-22
