PUL0017	2
PUL0021	1
PUL0038	1
PUL0049	1
PUL0050	1
PUL0058	1
PUL0067	1
PUL0070	1
PUL0074	1
PUL0094	2
PUL0106	4
PUL0108	1
PUL0121	1
PUL0123	1
PUL0124	2
PUL0126	1
PUL0145	8
PUL0155	1
PUL0161	1
PUL0172	2
PUL0184	1
PUL0216	1
PUL0256	1
PUL0267	2
PUL0281	1
PUL0300	1
PUL0311	1
PUL0316	3
PUL0318	1
PUL0329	1
PUL0332	1
PUL0333	1
PUL0335	1
PUL0336	1
PUL0339	1
PUL0340	3
PUL0347	1
PUL0364	1
PUL0390	3
PUL0396	2
PUL0404	1
PUL0413	3
PUL0414	1
PUL0429	2
PUL0458	1
PUL0459	4
PUL0496	1
PUL0506	2
PUL0530	2
PUL0577	1
PUL0584	1
PUL0599	1
