      1       1 PUL0009	1.18e-50
      1       1 PUL0012	9.41e-48
      1       1 PUL0017	4.33e-180
      1       1 PUL0017	9.58e-210
      1       1 PUL0024	5.21e-42
      1       1 PUL0049	1.96e-118
      1       1 PUL0049	1.99e-51
      1       1 PUL0049	4.53e-34
      1       1 PUL0050	7.39e-93
      1       1 PUL0058	1.53e-183
      1       1 PUL0093	1.95e-06
      1       1 PUL0101	1.20e-86
      1       1 PUL0106	2.97e-170
      1       1 PUL0108	2.22e-79
      1       1 PUL0108	5.85e-12
      1       1 PUL0121	1.64e-04
      1       1 PUL0121	1.84e-20
      1       1 PUL0121	2.34e-152
      1       1 PUL0121	4.59e-34
      1       1 PUL0121	4.63e-71
      1       1 PUL0121	7.80e-25
      1       1 PUL0134	2.61e-52
      1       1 PUL0134	3.24e-84
      1       1 PUL0134	4.81e-59
      1       1 PUL0134	5.01e-16
      1       1 PUL0136	1.45e-90
      1       1 PUL0136	3.35e-60
      1       1 PUL0145	1.48e-74
      1       1 PUL0145	3.68e-91
      1       1 PUL0161	2.71e-13
      1       1 PUL0178	3.16e-07
      1       1 PUL0178	3.70e-51
      1       1 PUL0180	8.62e-120
      1       1 PUL0184	2.78e-107
      1       1 PUL0196	9.80e-04
      1       1 PUL0201	7.28e-48
      1       1 PUL0212	1.23e-137
      1       1 PUL0217	1.73e-42
      1       1 PUL0227	8.80e-77
      1       1 PUL0260	3.05e-22
      1       1 PUL0267	1.06e-299
      1       1 PUL0267	1.47e-79
      1       1 PUL0269	2.93e-46
      1       1 PUL0269	6.36e-47
      1       1 PUL0270	7.16e-55
      1       1 PUL0281	4.68e-126
      1       1 PUL0281	4.77e-110
      1       1 PUL0281	5.03e-81
      1       1 PUL0316	5.72e-33
      1       1 PUL0324	1.92e-07
      1       1 PUL0335	1.77e-145
      1       1 PUL0335	4.97e-79
      1       1 PUL0336	1.49e-30
      1       1 PUL0336	1.71e-04
      1       1 PUL0339	7.49e-178
      1       1 PUL0340	1.27e-107
      1       1 PUL0341	1.04e-145
      1       1 PUL0347	3.52e-20
      1       1 PUL0347	8.70e-148
      1       1 PUL0375	1.43e-160
      1       1 PUL0390	1.42e-52
      1       1 PUL0390	3.68e-89
      1       1 PUL0396	1.46e-32
      1       1 PUL0396	2.82e-99
      1       1 PUL0404	1.40e-57
      1       1 PUL0406	8.96e-182
      1       1 PUL0413	1.42e-18
      1       1 PUL0413	7.36e-26
      1       1 PUL0413	7.82e-52
      1       1 PUL0413	8.64e-156
      1       1 PUL0413	9.59e-25
      1       1 PUL0429	3.25e-23
      1       1 PUL0436	1.62e-65
      1       1 PUL0454	2.28e-25
      1       1 PUL0454	2.39e-39
      1       1 PUL0454	2.63e-39
      1       1 PUL0454	3.12e-30
      1       1 PUL0459	2.36e-32
      1       1 PUL0460	1.15e-63
      1       1 PUL0460	1.20e-64
      1       1 PUL0460	1.34e-84
      1       1 PUL0460	1.50e-39
      1       1 PUL0460	1.78e-100
      1       1 PUL0460	2.33e-09
      1       1 PUL0460	3.15e-13
      1       1 PUL0460	3.27e-45
      1       1 PUL0460	5.04e-25
      1       1 PUL0500	1.62e-23
      1       1 PUL0506	1.28e-135
      1       1 PUL0519	1.20e-120
      1       1 PUL0527	1.09e-81
      1       1 PUL0530	5.15e-66
      1       1 PUL0530	8.85e-19
      1       1 PUL0536	1.07e-33
      1       1 PUL0560	3.48e-10
