PUL0009 1
PUL0012 1
PUL0017 2
PUL0024 1
PUL0049 3
PUL0050 1
PUL0058 1
PUL0093 1
PUL0101 1
PUL0106 1
PUL0108 2
PUL0121 6
PUL0134 4
PUL0136 2
PUL0145 2
PUL0161 1
PUL0178 2
PUL0180 1
PUL0184 1
PUL0196 1
PUL0201 1
PUL0212 1
PUL0217 1
PUL0227 1
PUL0260 1
PUL0267 2
PUL0269 2
PUL0270 1
PUL0281 3
PUL0316 1
PUL0324 1
PUL0335 2
PUL0336 2
PUL0339 1
PUL0340 1
PUL0341 1
PUL0347 2
PUL0375 1
PUL0390 2
PUL0396 2
PUL0404 1
PUL0406 1
PUL0413 5
PUL0429 1
PUL0436 1
PUL0454 4
PUL0459 1
PUL0460 9
PUL0500 1
PUL0506 1
PUL0519 1
PUL0527 1
PUL0530 2
PUL0536 1
PUL0560 1
