      1       1 PUL0038	1.23e-167
      1       1 PUL0049	5.10e-183
      1       1 PUL0061	2.17e-269
      1       1 PUL0093	3.54e-136
      1       1 PUL0101	1.31e-66
      1       1 PUL0102	1.70e-08
      1       1 PUL0103	3.52e-99
      1       1 PUL0106	1.60e-120
      1       1 PUL0106	2.85e-207
      1       1 PUL0108	2.70e-17
      1       1 PUL0121	1.48e-165
      1       1 PUL0145	2.23e-123
      1       1 PUL0145	3.32e-202
      1       1 PUL0145	9.38e-176
      1       1 PUL0146	1.28e-21
      1       1 PUL0150	5.90e-85
      1       1 PUL0169	4.35e-27
      1       1 PUL0179	5.21e-21
      1       1 PUL0206	1.90e-209
      1       1 PUL0206	2.05e-236
      1       1 PUL0211	1.07e-279
      1       1 PUL0267	3.38e-234
      1       1 PUL0281	5.50e-160
      1       1 PUL0316	2.68e-86
      1       1 PUL0324	4.42e-64
      1       1 PUL0335	1.04e-88
      1       1 PUL0335	3.01e-60
      1       1 PUL0335	7.39e-69
      1       1 PUL0341	6.85e-163
      1       1 PUL0363	1.45e-200
      1       1 PUL0363	3.25e-200
      1       1 PUL0387	1.71e-206
      1       1 PUL0413	2.35e-43
      1       1 PUL0413	2.49e-127
      1       1 PUL0458	2.14e-17
      1       1 PUL0474	3.25e-184
      1       1 PUL0527	6.97e-70
      1       1 PUL0530	2.55e-257
