      1       1 PUL0009	6.57e-78
      1       1 PUL0019	1.67e-60
      1       1 PUL0025	9.72e-04
      1       1 PUL0036	1.01e-95
      1       1 PUL0044	7.25e-09
      1       1 PUL0050	3.00e-80
      1       1 PUL0081	2.65e-15
      1       1 PUL0094	3.23e-49
      1       1 PUL0101	1.42e-196
      1       1 PUL0106	1.85e-45
      1       1 PUL0106	2.13e-91
      1       1 PUL0106	4.44e-188
      1       1 PUL0106	4.75e-131
      1       1 PUL0108	3.40e-35
      1       1 PUL0108	3.76e-86
      1       1 PUL0109	1.83e-144
      1       1 PUL0121	1.28e-90
      1       1 PUL0121	2.13e-85
      1       1 PUL0121	4.60e-80
      1       1 PUL0123	2.86e-45
      1       1 PUL0124	1.36e-18
      1       1 PUL0130	5.35e-06
      1       1 PUL0133	8.36e-71
      1       1 PUL0134	1.08e-20
      1       1 PUL0134	2.45e-22
      1       1 PUL0143	1.40e-49
      1       1 PUL0145	1.04e-189
      1       1 PUL0145	3.45e-205
      1       1 PUL0150	5.03e-82
      1       1 PUL0151	1.33e-15
      1       1 PUL0180	1.58e-70
      1       1 PUL0225	1.70e-107
      1       1 PUL0240	1.21e-108
      1       1 PUL0267	1.50e-171
      1       1 PUL0267	6.72e-228
      1       1 PUL0267	7.91e-227
      1       1 PUL0286	8.44e-123
      1       1 PUL0299	1.46e-73
      1       1 PUL0311	8.05e-235
      1       1 PUL0333	4.86e-108
      1       1 PUL0334	2.00e-11
      1       1 PUL0335	1.42e-69
      1       1 PUL0336	4.31e-21
      1       1 PUL0337	2.87e-39
      1       1 PUL0339	1.76e-90
      1       1 PUL0339	1.86e-52
      1       1 PUL0339	4.17e-169
      1       1 PUL0339	8.12e-17
      1       1 PUL0339	9.76e-49
      1       1 PUL0340	3.05e-225
      1       1 PUL0341	9.99e-158
      1       1 PUL0365	2.87e-22
      1       1 PUL0390	2.43e-80
      1       1 PUL0396	4.07e-58
      1       1 PUL0396	6.40e-12
      1       1 PUL0396	9.39e-12
      1       1 PUL0399	2.40e-11
      1       1 PUL0406	2.32e-116
      1       1 PUL0406	4.71e-07
      1       1 PUL0414	4.95e-104
      1       1 PUL0414	7.71e-80
      1       1 PUL0434	3.26e-50
      1       1 PUL0456	4.23e-08
      1       1 PUL0459	2.79e-12
      1       1 PUL0460	3.08e-54
      1       1 PUL0489	3.98e-12
      1       1 PUL0494	2.80e-32
      1       1 PUL0530	1.50e-47
      1       1 PUL0577	1.27e-09
      1       1 PUL0598	8.26e-52
      1       1 PUL0599	3.34e-68
