PUL0009 1
PUL0019 1
PUL0025 1
PUL0036 1
PUL0044 1
PUL0050 1
PUL0081 1
PUL0094 1
PUL0101 1
PUL0106 4
PUL0108 2
PUL0109 1
PUL0121 3
PUL0123 1
PUL0124 1
PUL0130 1
PUL0133 1
PUL0134 2
PUL0143 1
PUL0145 2
PUL0150 1
PUL0151 1
PUL0180 1
PUL0225 1
PUL0240 1
PUL0267 3
PUL0286 1
PUL0299 1
PUL0311 1
PUL0333 1
PUL0334 1
PUL0335 1
PUL0336 1
PUL0337 1
PUL0339 5
PUL0340 1
PUL0341 1
PUL0365 1
PUL0390 1
PUL0396 3
PUL0399 1
PUL0406 2
PUL0414 2
PUL0434 1
PUL0456 1
PUL0459 1
PUL0460 1
PUL0489 1
PUL0494 1
PUL0530 1
PUL0577 1
PUL0598 1
PUL0599 1
