      1       1 PUL0017	1.04e-29
      1       1 PUL0017	4.02e-182
      1       1 PUL0024	7.12e-62
      1       1 PUL0049	1.50e-109
      1       1 PUL0049	5.02e-18
      1       1 PUL0050	3.09e-37
      1       1 PUL0070	7.64e-189
      1       1 PUL0101	1.64e-67
      1       1 PUL0106	1.76e-121
      1       1 PUL0106	2.32e-183
      1       1 PUL0106	2.78e-167
      1       1 PUL0106	5.52e-07
      1       1 PUL0108	1.53e-28
      1       1 PUL0108	1.77e-109
      1       1 PUL0121	3.65e-18
      1       1 PUL0121	3.73e-95
      1       1 PUL0121	6.78e-116
      1       1 PUL0121	9.16e-48
      1       1 PUL0124	3.52e-176
      1       1 PUL0145	1.03e-192
      1       1 PUL0148	3.43e-24
      1       1 PUL0209	2.11e-68
      1       1 PUL0225	1.11e-61
      1       1 PUL0240	2.68e-91
      1       1 PUL0248	3.52e-127
      1       1 PUL0254	2.49e-120
      1       1 PUL0267	3.61e-155
      1       1 PUL0267	7.85e-58
      1       1 PUL0269	2.97e-39
      1       1 PUL0281	2.37e-34
      1       1 PUL0294	6.14e-59
      1       1 PUL0335	2.22e-38
      1       1 PUL0335	2.82e-62
      1       1 PUL0335	4.76e-192
      1       1 PUL0336	6.87e-94
      1       1 PUL0337	3.04e-190
      1       1 PUL0337	3.33e-45
      1       1 PUL0340	1.01e-36
      1       1 PUL0340	1.61e-42
      1       1 PUL0340	3.11e-292
      1       1 PUL0341	4.55e-199
      1       1 PUL0406	1.00e-196
      1       1 PUL0413	4.19e-163
      1       1 PUL0454	9.75e-41
      1       1 PUL0460	1.46e-64
      1       1 PUL0460	1.81e-66
      1       1 PUL0460	3.66e-76
      1       1 PUL0493	1.03e-78
      1       1 PUL0493	6.19e-46
      1       1 PUL0494	5.98e-145
      1       1 PUL0583	2.50e-28
