PUL0001	1
PUL0017	1
PUL0019	1
PUL0024	2
PUL0047	1
PUL0049	1
PUL0050	2
PUL0094	1
PUL0103	1
PUL0104	1
PUL0106	3
PUL0108	1
PUL0117	1
PUL0124	3
PUL0134	1
PUL0145	1
PUL0161	1
PUL0165	2
PUL0180	2
PUL0206	2
PUL0218	1
PUL0227	1
PUL0236	1
PUL0256	1
PUL0264	2
PUL0267	2
PUL0300	1
PUL0302	1
PUL0333	1
PUL0334	1
PUL0335	1
PUL0336	3
PUL0337	1
PUL0339	3
PUL0340	2
PUL0341	1
PUL0344	2
PUL0347	1
PUL0348	1
PUL0368	1
PUL0374	1
PUL0406	1
PUL0440	1
PUL0443	3
PUL0460	1
PUL0467	2
PUL0473	1
PUL0487	1
PUL0489	1
PUL0527	1
PUL0530	1
PUL0601	1
