      1       1 PUL0017	1.84e-195
      1       1 PUL0017	2.18e-181
      1       1 PUL0058	5.69e-179
      1       1 PUL0070	7.87e-169
      1       1 PUL0121	1.71e-73
      1       1 PUL0124	1.96e-157
      1       1 PUL0134	1.08e-63
      1       1 PUL0134	3.00e-58
      1       1 PUL0145	9.90e-190
      1       1 PUL0179	8.95e-52
      1       1 PUL0187	7.84e-05
      1       1 PUL0217	2.88e-31
      1       1 PUL0230	3.88e-97
      1       1 PUL0248	5.00e-93
      1       1 PUL0267	1.66e-157
      1       1 PUL0267	2.79e-76
      1       1 PUL0267	3.08e-304
      1       1 PUL0300	5.31e-91
      1       1 PUL0333	4.28e-70
      1       1 PUL0335	1.13e-185
      1       1 PUL0336	9.43e-63
      1       1 PUL0339	4.58e-162
      1       1 PUL0368	1.48e-43
      1       1 PUL0429	7.52e-89
      1       1 PUL0460	9.44e-87
      1       1 PUL0463	1.86e-52
      1       1 PUL0493	3.33e-186
      1       1 PUL0506	8.66e-131
      1       1 PUL0576	1.63e-115
