      1       1 PUL0005	1.50e-161
      1       1 PUL0016	2.30e-231
      1       1 PUL0017	9.58e-200
      1       1 PUL0024	2.77e-212
      1       1 PUL0029	9.16e-121
      1       1 PUL0058	1.73e-178
      1       1 PUL0070	4.58e-161
      1       1 PUL0071	1.46e-126
      1       1 PUL0094	3.53e-94
      1       1 PUL0104	4.85e-63
      1       1 PUL0124	2.26e-227
      1       1 PUL0180	1.12e-151
      1       1 PUL0213	1.42e-210
      1       1 PUL0230	6.33e-126
      1       1 PUL0256	3.18e-191
      1       1 PUL0281	8.90e-07
      1       1 PUL0327	1.63e-207
      1       1 PUL0333	2.75e-107
      1       1 PUL0337	8.89e-199
      1       1 PUL0340	1.16e-277
      1       1 PUL0340	7.47e-63
      1       1 PUL0399	8.92e-252
      1       1 PUL0406	4.78e-222
      1       1 PUL0485	2.60e-114
      1       1 PUL0519	4.19e-154
      1       1 PUL0519	9.66e-313
      1       1 PUL0575	7.04e-199
      1       1 PUL0576	3.18e-216
      1       1 PUL0576	3.48e-143
      1       1 PUL0599	7.32e-127
