      1       1 PUL0017	8.24e-195
      1       1 PUL0049	6.07e-310
      1       1 PUL0050	1.43e-126
      1       1 PUL0094	2.34e-123
      1       1 PUL0106	1.62e-161
      1       1 PUL0106	8.91e-129
      1       1 PUL0108	3.20e-77
      1       1 PUL0145	2.72e-74
      1       1 PUL0145	5.65e-46
      1       1 PUL0160	5.31e-115
      1       1 PUL0180	4.76e-207
      1       1 PUL0230	6.07e-79
      1       1 PUL0235	5.58e-145
      1       1 PUL0236	2.73e-288
      1       1 PUL0260	5.73e-18
      1       1 PUL0264	1.84e-25
      1       1 PUL0300	1.44e-72
      1       1 PUL0336	3.87e-137
      1       1 PUL0339	6.80e-270
      1       1 PUL0341	7.40e-144
      1       1 PUL0413	3.57e-156
      1       1 PUL0424	2.57e-139
      1       1 PUL0426	1.04e-315
      1       1 PUL0442	5.41e-167
      1       1 PUL0442	8.54e-278
      1       1 PUL0442	9.50e-311
      1       1 PUL0471	6.66e-303
      1       1 PUL0476	1.86e-308
      1       1 PUL0476	9.90e-239
      1       1 PUL0478	5.58e-205
      1       1 PUL0509	1.38e-157
