      1       1 PUL0009	6.67e-78
      1       1 PUL0012	3.55e-38
      1       1 PUL0017	1.30e-175
      1       1 PUL0019	1.07e-60
      1       1 PUL0020	2.34e-35
      1       1 PUL0024	9.29e-16
      1       1 PUL0029	3.69e-72
      1       1 PUL0036	5.38e-96
      1       1 PUL0047	3.40e-15
      1       1 PUL0050	3.16e-80
      1       1 PUL0061	4.88e-225
      1       1 PUL0088	9.16e-09
      1       1 PUL0094	7.67e-49
      1       1 PUL0101	4.08e-196
      1       1 PUL0103	2.14e-90
      1       1 PUL0106	1.17e-13
      1       1 PUL0106	3.22e-160
      1       1 PUL0106	4.00e-188
      1       1 PUL0106	4.78e-131
      1       1 PUL0106	6.42e-45
      1       1 PUL0108	1.15e-36
      1       1 PUL0108	2.43e-86
      1       1 PUL0108	4.55e-36
      1       1 PUL0109	2.11e-145
      1       1 PUL0121	4.40e-64
      1       1 PUL0121	6.21e-85
      1       1 PUL0121	8.65e-175
      1       1 PUL0123	4.23e-36
      1       1 PUL0123	6.03e-12
      1       1 PUL0123	7.21e-46
      1       1 PUL0133	9.68e-71
      1       1 PUL0145	2.39e-206
      1       1 PUL0145	3.19e-190
      1       1 PUL0151	2.02e-15
      1       1 PUL0151	6.42e-04
      1       1 PUL0161	1.28e-16
      1       1 PUL0161	8.45e-52
      1       1 PUL0179	2.98e-48
      1       1 PUL0180	1.68e-158
      1       1 PUL0225	1.09e-107
      1       1 PUL0226	3.28e-10
      1       1 PUL0240	1.61e-108
      1       1 PUL0267	1.84e-226
      1       1 PUL0267	2.56e-171
      1       1 PUL0267	6.28e-228
      1       1 PUL0269	4.70e-21
      1       1 PUL0286	5.24e-119
      1       1 PUL0302	1.51e-79
      1       1 PUL0303	5.75e-36
      1       1 PUL0311	1.05e-234
      1       1 PUL0333	8.65e-107
      1       1 PUL0339	1.71e-169
      1       1 PUL0339	3.12e-90
      1       1 PUL0339	9.53e-53
      1       1 PUL0340	1.50e-13
      1       1 PUL0340	4.62e-227
      1       1 PUL0341	3.77e-158
      1       1 PUL0345	5.17e-53
      1       1 PUL0346	1.03e-31
      1       1 PUL0365	5.28e-53
      1       1 PUL0375	4.46e-86
      1       1 PUL0401	2.15e-67
      1       1 PUL0401	9.52e-37
      1       1 PUL0406	3.09e-116
      1       1 PUL0414	1.13e-79
      1       1 PUL0414	4.53e-104
      1       1 PUL0434	1.43e-49
      1       1 PUL0458	9.18e-19
      1       1 PUL0459	1.27e-12
      1       1 PUL0460	3.00e-54
      1       1 PUL0494	2.83e-32
      1       1 PUL0577	1.66e-15
      1       1 PUL0599	1.34e-67
