PUL0009;1
PUL0012;1
PUL0017;1
PUL0019;1
PUL0020;1
PUL0024;1
PUL0029;1
PUL0036;1
PUL0047;1
PUL0050;1
PUL0061;1
PUL0088;1
PUL0094;1
PUL0101;1
PUL0103;1
PUL0106;5
PUL0108;3
PUL0109;1
PUL0121;3
PUL0123;3
PUL0133;1
PUL0145;2
PUL0151;2
PUL0161;2
PUL0179;1
PUL0180;1
PUL0225;1
PUL0226;1
PUL0240;1
PUL0267;3
PUL0269;1
PUL0286;1
PUL0302;1
PUL0303;1
PUL0311;1
PUL0333;1
PUL0339;3
PUL0340;2
PUL0341;1
PUL0345;1
PUL0346;1
PUL0365;1
PUL0375;1
PUL0401;2
PUL0406;1
PUL0414;2
PUL0434;1
PUL0458;1
PUL0459;1
PUL0460;1
PUL0494;1
PUL0577;1
PUL0599;1
