      1       1 PUL0007	1.78e-111
      1       1 PUL0017	4.62e-211
      1       1 PUL0029	1.03e-151
      1       1 PUL0049	3.15e-161
      1       1 PUL0091	5.30e-176
      1       1 PUL0101	2.86e-68
      1       1 PUL0108	3.04e-45
      1       1 PUL0108	4.23e-86
      1       1 PUL0121	6.85e-105
      1       1 PUL0122	6.94e-101
      1       1 PUL0123	1.24e-45
      1       1 PUL0168	6.30e-53
      1       1 PUL0180	2.19e-158
      1       1 PUL0180	2.88e-79
      1       1 PUL0189	2.68e-53
      1       1 PUL0211	4.68e-154
      1       1 PUL0218	9.14e-43
      1       1 PUL0227	8.94e-269
      1       1 PUL0230	9.08e-82
      1       1 PUL0250	2.17e-36
      1       1 PUL0260	1.83e-19
      1       1 PUL0260	2.50e-36
      1       1 PUL0268	1.38e-60
      1       1 PUL0269	2.64e-46
      1       1 PUL0292	3.36e-71
      1       1 PUL0300	2.96e-37
      1       1 PUL0300	6.07e-111
      1       1 PUL0300	9.46e-147
      1       1 PUL0309	3.31e-173
      1       1 PUL0322	3.09e-230
      1       1 PUL0333	1.15e-114
      1       1 PUL0336	1.81e-80
      1       1 PUL0336	2.77e-82
      1       1 PUL0336	5.66e-102
      1       1 PUL0339	1.59e-23
      1       1 PUL0340	1.20e-30
      1       1 PUL0361	2.73e-125
      1       1 PUL0366	4.83e-47
      1       1 PUL0390	2.07e-270
      1       1 PUL0390	2.13e-194
      1       1 PUL0390	4.31e-173
      1       1 PUL0390	4.50e-120
      1       1 PUL0390	9.89e-145
      1       1 PUL0399	2.12e-188
      1       1 PUL0406	2.36e-80
      1       1 PUL0414	2.22e-35
      1       1 PUL0423	1.34e-137
      1       1 PUL0423	6.85e-84
      1       1 PUL0449	2.33e-141
      1       1 PUL0451	1.39e-42
      1       1 PUL0454	7.10e-40
      1       1 PUL0460	2.36e-70
      1       1 PUL0504	1.97e-48
      1       1 PUL0530	5.86e-69
      1       1 PUL0575	7.89e-245
      1       1 PUL0591	2.39e-54
