      1       1 PUL0016	1.07e-221
      1       1 PUL0017	1.12e-189
      1       1 PUL0017	2.51e-194
      1       1 PUL0017	4.35e-183
      1       1 PUL0024	5.78e-26
      1       1 PUL0029	4.03e-84
      1       1 PUL0029	8.21e-09
      1       1 PUL0050	7.42e-104
      1       1 PUL0067	8.16e-120
      1       1 PUL0070	1.03e-179
      1       1 PUL0101	5.36e-67
      1       1 PUL0106	3.75e-114
      1       1 PUL0106	7.40e-239
      1       1 PUL0108	4.07e-37
      1       1 PUL0113	2.68e-165
      1       1 PUL0121	1.42e-52
      1       1 PUL0121	8.94e-43
      1       1 PUL0121	9.80e-41
      1       1 PUL0124	4.33e-170
      1       1 PUL0133	8.91e-53
      1       1 PUL0153	1.89e-281
      1       1 PUL0177	4.88e-207
      1       1 PUL0201	1.43e-143
      1       1 PUL0212	8.70e-131
      1       1 PUL0227	2.33e-64
      1       1 PUL0230	9.29e-38
      1       1 PUL0267	2.67e-263
      1       1 PUL0267	9.14e-168
      1       1 PUL0270	1.30e-99
      1       1 PUL0277	1.59e-131
      1       1 PUL0300	1.15e-93
      1       1 PUL0327	1.27e-159
      1       1 PUL0333	4.14e-103
      1       1 PUL0335	1.31e-126
      1       1 PUL0347	2.21e-265
      1       1 PUL0349	4.46e-206
      1       1 PUL0366	2.17e-44
      1       1 PUL0369	6.80e-54
      1       1 PUL0390	2.16e-69
      1       1 PUL0390	6.37e-78
      1       1 PUL0399	5.13e-63
      1       1 PUL0407	5.51e-256
      1       1 PUL0410	1.27e-20
      1       1 PUL0413	2.03e-103
      1       1 PUL0413	7.24e-156
      1       1 PUL0429	1.31e-14
      1       1 PUL0457	2.94e-87
      1       1 PUL0457	3.75e-81
      1       1 PUL0527	4.64e-83
      1       1 PUL0530	1.27e-225
      1       1 PUL0569	1.74e-90
      1       1 PUL0571	1.61e-109
      1       1 PUL0601	2.46e-23
