8
38
39
81
30
25
123
13
47
28


7
65
66
80
17
103
18
36
17
12
34
52
29
18
12
30
62
40
22
41
28
17
10
16
20
12
33
25
35
51
15
125
50
6
24
86
18
19
30
40
46
37
31
14
25
58
22
19
5
55
35
99
14
95
17
11
11
13
64
10
21
54
8
37
11
13
26
16
29
13
36
24
16
68
7
21
35
50
31
20
19
104
36
29
20
8
24
19
20
41
15
42
10
34
13
15
7
28
17
31
13
66
11
17
10
29
73
32
13
19
11
50
16
34
47
27
15
10
56
47
50
93
67
49
68
34
94
26
21
48
69
31
37
34
58
10
61
27
19
73
17
37
39
8
33
50
70
22
67
9
24
13
23
61
22
60
22
17
45
7
38
46
29
20
19
10
8
23
12
8
42
14
14
29
73
63
17
93
61
27
8
82
41
52
21
21
63
38
16
48
18
7
5
15
65
20
38
8
11
63
55
9
11
34
13
22
33
71
17
14
105
14
30
23
14
98
22
11
47
8
72
13
18
30
11
93
89
23
18
56
14
54
13
14
15
13
61
72
27
40
44
52
36
39
96
15
83
57
7
29
8
8
18
17
18
7
11
64
92
12
55
16
16
51
17
32
61
40
22
40
86
21
29
14
9
40
41
55
9
21
15
23
57
14
46
100
22
13
69
71
15
24
12
68
17
18
8
42
8
58
4
29
21
22
23
12
18
23
18
74
62
4
17
16
33
25
19
23
14
13
24
25
16
34
35
37
27
16
156
12
46
130
31
41
63
22
28
50
14
15
21
21
50
10
22
19
33
3
36
4
37
11
47
13
17
40
10
40
12
24
11
4
39
6
17
72
27
27
28
9
10
76
15
11
20
94
52
54
32
35
47
20
43
36
65
79
25
23
16
67
70
53
22
35
18
66
40
75
36
20
47
14
18
31
12
8
43
60
8
17
68
65
6
32
24
43
19
10
45
20
32
16
19
24
35
26
34
23
41
19
24
60
18
13
48
14
45
138
88
10
26
76
29
16
54
92
9
24
47
15
55
52
18
25
50
48
66
72
41
67
84
48
85
32
57
15
29
23
2
47
23

10
21
21
95
15
16
33
25
15
70
80
32
17
27
15
55
40
47
39
47
48
25
70
38
20
43
22
104
34
68
13
35
10
11
27
18
24
10
23
25
9
10
42
15
14
25
12
17
53
31
8
8
54
64
32
21
25
40
42
15
9
15
5
23
11
25
3
9
5
14
8
16
3
10
90
68
16
87
10
26
10
76
12
4
11
13
39
6
23
14
38
6
18
25
22
3
11
32
35
37
42
45
33
7
9
42
82
48
38
11
37
33
30
36
39
35
34
36
26
28
33
41
29
29
37
29
26
34
37
35
31
32
32
31
36
13
4
13
31
4
49
7
38
16
10
6
7
19
7
12
155
26
34
7
17
76
49
44
11
31
6
19
51
20
17
23
126
16
37
64
30
74
49
83
56
22
4
55
46
19
55
36
95
7
100
23
51
58
253
95
41
91
4
30
15
12
17
29
27
18
45
48
65
44
8
35
8
27
82
26
28
7
2
119
16
22
28
25
32
16
13
13
12
23
17
105
18
28
29
33
37
29
3
4
5

38
21
5
21
9
12
37
38
63
34
15
34
12
11
10
2

33
26
85
60
92
51
81
15
8
119
98
51
10
36
31
158
42
32
104
34
126
38
31
34
43
30
44
36
33
21
243
5
4
27
84
22
22
43
38
8
11
19
8
31
26
70
35
50
29
48
30
26
25
93
81
137
43
24
18
26
71
37
65
21
55
51
64
56
165
24
20
7
29
78
24
40
64
58
34
18
83
23
17
15
62
70
14
25
51
6
67
57
46
29
46
55
39
11
23
86
16
76
9
12
73
37
85
54
13
15
11
19
16
18
45
18
31
42
47
36
30
30
11
64
5
23
31
115
27
48
35
47
65
10
57
38
41
34
56
50
36
57
42
3
19
40
52
18
51
18
22
33
45
37
54
33
33
38
38
36
27
40
25
14
31
75
58
39
39
32
46
45
3
22
10
33
32
7
25
29
14
37
41
15
46
46
25
24
22
22
77
62
69
31
12
48
21
54
29
95
64
33
12
66
68
83
19
17
40
9
22
19
45
38
32
37
29
12
11
11
15
3
53
23
67
32
2
76
17
28
15
85
17
13
28
12
17
64
27
5
15
19
5
6
22
84
4
38
46
6
37
11
17
39
13
44
13
59
6
10
23
21
14
15
73
54
39
35
8
5
12
13
8
15
21
35
18
17
34
23
8
8
23
43
29
71
7
9
48
16
38
5
11
7
22
20
10
15
15
11
46
36
23
57
22
32
14
22
35
24
55
4
13
5
27
16
24
38
14
16
12
75
30
42
13
15
100
4
88
13
6
23
11
10
16
7
65
40
8
48
16
27
39
