      1       1 PUL0006	7.05e-189
      1       1 PUL0016	3.26e-155
      1       1 PUL0017	2.15e-65
      1       1 PUL0017	2.28e-182
      1       1 PUL0022	1.50e-62
      1       1 PUL0024	1.16e-87
      1       1 PUL0025	3.62e-190
      1       1 PUL0029	1.74e-125
      1       1 PUL0048	4.45e-203
      1       1 PUL0049	2.34e-31
      1       1 PUL0050	3.07e-95
      1       1 PUL0094	4.86e-75
      1       1 PUL0101	5.99e-76
      1       1 PUL0106	1.87e-119
      1       1 PUL0106	2.03e-241
      1       1 PUL0113	1.02e-233
      1       1 PUL0113	1.14e-159
      1       1 PUL0113	2.26e-194
      1       1 PUL0124	6.55e-172
      1       1 PUL0124	7.04e-219
      1       1 PUL0124	9.50e-194
      1       1 PUL0126	5.04e-24
      1       1 PUL0186	1.39e-150
      1       1 PUL0195	3.06e-106
      1       1 PUL0212	2.97e-144
      1       1 PUL0219	3.99e-91
      1       1 PUL0230	1.67e-109
      1       1 PUL0238	6.46e-186
      1       1 PUL0300	1.70e-92
      1       1 PUL0335	2.16e-154
      1       1 PUL0337	1.27e-188
      1       1 PUL0337	4.79e-120
      1       1 PUL0340	1.04e-05
      1       1 PUL0340	3.66e-55
      1       1 PUL0340	4.26e-45
      1       1 PUL0341	3.06e-181
      1       1 PUL0349	1.44e-226
      1       1 PUL0370	2.72e-151
      1       1 PUL0381	2.54e-47
      1       1 PUL0401	6.07e-15
      1       1 PUL0406	4.30e-230
      1       1 PUL0413	7.99e-146
      1       1 PUL0447	9.28e-148
      1       1 PUL0519	5.09e-270
      1       1 PUL0560	4.56e-117
      1       1 PUL0576	6.32e-249
      1       1 PUL0584	1.28e-122
      1       1 PUL0584	1.65e-187
      1       1 PUL0590	5.49e-47
      1       1 PUL0591	6.25e-73
