      1       1 PUL0013	2.63e-15
      1       1 PUL0017	6.64e-187
      1       1 PUL0049	1.85e-317
      1       1 PUL0093	1.28e-27
      1       1 PUL0094	4.54e-121
      1       1 PUL0106	1.83e-190
      1       1 PUL0145	5.25e-317
      1       1 PUL0161	2.01e-23
      1       1 PUL0206	1.22e-270
      1       1 PUL0212	3.23e-76
      1       1 PUL0218	1.34e-21
      1       1 PUL0299	8.04e-22
      1       1 PUL0300	2.70e-82
      1       1 PUL0334	4.30e-166
      1       1 PUL0335	6.59e-154
      1       1 PUL0339	2.15e-33
      1       1 PUL0339	4.65e-239
      1       1 PUL0341	1.67e-178
      1       1 PUL0353	1.57e-183
      1       1 PUL0415	1.03e-187
      1       1 PUL0527	1.63e-97
      1       1 PUL0527	3.12e-271
      1       1 PUL0549	5.66e-12
