      1       1 PUL0029	1.43e-112
      1       1 PUL0029	3.59e-176
      1       1 PUL0036	2.84e-123
      1       1 PUL0038	1.04e-145
      1       1 PUL0070	8.43e-155
      1       1 PUL0106	5.75e-166
      1       1 PUL0121	2.87e-37
      1       1 PUL0123	9.74e-127
      1       1 PUL0133	3.18e-65
      1       1 PUL0143	2.19e-219
      1       1 PUL0184	3.75e-28
      1       1 PUL0184	6.54e-08
      1       1 PUL0210	1.18e-144
      1       1 PUL0212	2.41e-180
      1       1 PUL0214	5.87e-142
      1       1 PUL0245	7.82e-51
      1       1 PUL0266	3.64e-137
      1       1 PUL0267	3.51e-245
      1       1 PUL0267	8.11e-153
      1       1 PUL0300	1.42e-84
      1       1 PUL0333	1.17e-82
      1       1 PUL0335	2.87e-156
      1       1 PUL0337	2.84e-119
      1       1 PUL0340	6.64e-197
      1       1 PUL0341	6.35e-170
      1       1 PUL0347	7.58e-224
      1       1 PUL0362	1.35e-08
      1       1 PUL0366	1.72e-59
      1       1 PUL0366	3.33e-25
      1       1 PUL0519	1.49e-308
      1       1 PUL0530	3.89e-225
      1       1 PUL0584	1.58e-157
