      1       1 PUL0013	1.72e-09
      1       1 PUL0024	2.68e-21
      1       1 PUL0029	1.58e-41
      1       1 PUL0049	1.92e-35
      1       1 PUL0049	3.76e-319
      1       1 PUL0070	7.03e-165
      1       1 PUL0093	7.71e-55
      1       1 PUL0094	3.87e-14
      1       1 PUL0094	5.70e-69
      1       1 PUL0103	2.21e-209
      1       1 PUL0104	1.38e-107
      1       1 PUL0106	1.02e-77
      1       1 PUL0106	1.70e-184
      1       1 PUL0115	1.71e-136
      1       1 PUL0117	1.27e-09
      1       1 PUL0121	1.22e-19
      1       1 PUL0121	2.80e-77
      1       1 PUL0124	2.92e-04
      1       1 PUL0124	6.74e-159
      1       1 PUL0134	9.79e-237
      1       1 PUL0134	9.98e-246
      1       1 PUL0145	1.21e-79
      1       1 PUL0145	3.73e-263
      1       1 PUL0161	5.39e-14
      1       1 PUL0161	8.38e-11
      1       1 PUL0165	1.46e-80
      1       1 PUL0180	1.91e-191
      1       1 PUL0180	2.27e-71
      1       1 PUL0206	6.25e-247
      1       1 PUL0216	9.03e-99
      1       1 PUL0227	8.32e-75
      1       1 PUL0267	2.05e-283
      1       1 PUL0267	8.65e-225
      1       1 PUL0269	7.64e-65
      1       1 PUL0296	1.11e-118
      1       1 PUL0315	2.13e-35
      1       1 PUL0333	9.19e-182
      1       1 PUL0335	1.05e-73
      1       1 PUL0335	8.06e-185
      1       1 PUL0336	2.83e-05
      1       1 PUL0339	2.77e-279
      1       1 PUL0340	5.08e-148
      1       1 PUL0341	1.04e-177
      1       1 PUL0344	1.89e-43
      1       1 PUL0344	5.54e-140
      1       1 PUL0406	6.71e-20
      1       1 PUL0429	1.84e-22
      1       1 PUL0434	3.59e-17
      1       1 PUL0436	4.81e-08
      1       1 PUL0440	7.58e-199
      1       1 PUL0442	1.37e-283
      1       1 PUL0443	1.10e-140
      1       1 PUL0443	6.80e-160
      1       1 PUL0467	7.89e-55
      1       1 PUL0468	5.85e-18
      1       1 PUL0487	2.07e-139
