      1       1 PUL0008	7.11e-60
      1       1 PUL0024	1.67e-10
      1       1 PUL0049	8.98e-161
      1       1 PUL0070	2.46e-174
      1       1 PUL0101	1.98e-142
      1       1 PUL0101	6.36e-141
      1       1 PUL0106	4.34e-191
      1       1 PUL0108	1.21e-33
      1       1 PUL0121	1.34e-126
      1       1 PUL0124	2.30e-225
      1       1 PUL0214	1.47e-151
      1       1 PUL0246	7.07e-247
      1       1 PUL0256	7.64e-201
      1       1 PUL0298	1.77e-52
      1       1 PUL0327	5.33e-223
      1       1 PUL0332	5.07e-124
      1       1 PUL0340	1.58e-130
      1       1 PUL0341	2.22e-271
      1       1 PUL0347	2.66e-234
      1       1 PUL0349	6.43e-215
      1       1 PUL0368	8.25e-28
      1       1 PUL0375	1.73e-157
      1       1 PUL0406	1.17e-274
      1       1 PUL0406	4.97e-212
      1       1 PUL0460	4.91e-54
      1       1 PUL0473	1.94e-13
      1       1 PUL0519	1.92e-318
      1       1 PUL0568	7.74e-111
      1       1 PUL0575	1.65e-184
