      1       1 PUL0007	1.25e-79
      1       1 PUL0009	2.00e-55
      1       1 PUL0009	3.60e-95
      1       1 PUL0010	1.02e-81
      1       1 PUL0010	4.15e-28
      1       1 PUL0010	8.80e-17
      1       1 PUL0012	2.86e-16
      1       1 PUL0013	8.96e-60
      1       1 PUL0017	1.32e-180
      1       1 PUL0021	7.53e-55
      1       1 PUL0029	1.21e-53
      1       1 PUL0037	8.59e-09
      1       1 PUL0038	7.20e-205
      1       1 PUL0038	7.57e-152
      1       1 PUL0039	3.61e-11
      1       1 PUL0049	3.23e-28
      1       1 PUL0053	2.00e-12
      1       1 PUL0058	2.59e-184
      1       1 PUL0060	1.51e-94
      1       1 PUL0060	4.56e-69
      1       1 PUL0070	1.80e-132
      1       1 PUL0093	6.73e-20
      1       1 PUL0103	3.12e-66
      1       1 PUL0103	3.77e-57
      1       1 PUL0106	5.83e-198
      1       1 PUL0106	6.68e-73
      1       1 PUL0106	9.80e-10
      1       1 PUL0108	3.34e-35
      1       1 PUL0108	9.36e-77
      1       1 PUL0108	9.75e-37
      1       1 PUL0121	1.40e-55
      1       1 PUL0121	1.63e-24
      1       1 PUL0121	2.14e-30
      1       1 PUL0121	3.10e-33
      1       1 PUL0121	4.75e-37
      1       1 PUL0121	7.81e-86
      1       1 PUL0121	7.90e-19
      1       1 PUL0121	8.17e-65
      1       1 PUL0121	8.50e-109
      1       1 PUL0124	4.01e-170
      1       1 PUL0127	4.90e-27
      1       1 PUL0135	2.97e-68
      1       1 PUL0139	5.12e-16
      1       1 PUL0139	9.72e-21
      1       1 PUL0145	1.90e-71
      1       1 PUL0155	6.10e-65
      1       1 PUL0180	4.61e-58
      1       1 PUL0180	7.97e-141
      1       1 PUL0184	7.10e-23
      1       1 PUL0199	2.27e-43
      1       1 PUL0202	1.05e-155
      1       1 PUL0206	2.75e-102
      1       1 PUL0209	3.39e-69
      1       1 PUL0209	4.60e-27
      1       1 PUL0216	2.89e-102
      1       1 PUL0216	4.15e-97
      1       1 PUL0216	7.55e-56
      1       1 PUL0227	7.61e-69
      1       1 PUL0235	8.95e-09
      1       1 PUL0236	1.14e-88
      1       1 PUL0243	2.55e-11
      1       1 PUL0248	9.14e-189
      1       1 PUL0250	1.03e-171
      1       1 PUL0267	8.16e-216
      1       1 PUL0269	1.16e-04
      1       1 PUL0269	1.70e-55
      1       1 PUL0269	5.20e-69
      1       1 PUL0292	1.28e-24
      1       1 PUL0292	5.68e-35
      1       1 PUL0299	2.07e-38
      1       1 PUL0300	4.12e-56
      1       1 PUL0303	3.07e-76
      1       1 PUL0303	5.01e-105
      1       1 PUL0303	6.45e-146
      1       1 PUL0316	1.94e-69
      1       1 PUL0316	2.09e-80
      1       1 PUL0316	5.26e-104
      1       1 PUL0318	1.33e-06
      1       1 PUL0333	1.00e-86
      1       1 PUL0333	1.17e-55
      1       1 PUL0334	4.32e-20
      1       1 PUL0335	1.22e-46
      1       1 PUL0335	2.78e-40
      1       1 PUL0335	2.87e-66
      1       1 PUL0335	2.90e-200
      1       1 PUL0335	3.04e-74
      1       1 PUL0336	4.44e-09
      1       1 PUL0337	1.35e-66
      1       1 PUL0337	2.82e-50
      1       1 PUL0339	1.92e-164
      1       1 PUL0339	9.70e-90
      1       1 PUL0340	3.41e-157
      1       1 PUL0340	4.30e-138
      1       1 PUL0347	3.10e-66
      1       1 PUL0368	3.50e-19
      1       1 PUL0390	1.21e-65
      1       1 PUL0390	3.07e-83
      1       1 PUL0390	3.37e-52
      1       1 PUL0390	4.50e-60
      1       1 PUL0390	8.39e-49
      1       1 PUL0390	8.56e-55
      1       1 PUL0396	9.09e-142
      1       1 PUL0404	4.39e-18
      1       1 PUL0406	2.97e-82
      1       1 PUL0406	5.68e-12
      1       1 PUL0409	1.60e-120
      1       1 PUL0409	4.80e-70
      1       1 PUL0413	1.45e-46
      1       1 PUL0413	8.02e-147
      1       1 PUL0429	2.80e-28
      1       1 PUL0429	4.22e-40
      1       1 PUL0454	3.77e-39
      1       1 PUL0454	8.10e-47
      1       1 PUL0459	2.62e-28
      1       1 PUL0459	2.87e-41
      1       1 PUL0460	1.36e-17
      1       1 PUL0460	2.57e-33
      1       1 PUL0460	3.89e-16
      1       1 PUL0460	5.48e-82
      1       1 PUL0460	6.14e-89
      1       1 PUL0460	8.07e-130
      1       1 PUL0475	3.29e-39
      1       1 PUL0502	9.27e-126
      1       1 PUL0516	1.37e-123
      1       1 PUL0522	3.29e-07
      1       1 PUL0527	2.14e-49
      1       1 PUL0530	3.46e-39
      1       1 PUL0544	1.76e-08
      1       1 PUL0584	2.95e-137
      1       1 PUL0598	1.26e-137
