PUL0007;1
PUL0009;2
PUL0010;3
PUL0012;1
PUL0013;1
PUL0017;1
PUL0021;1
PUL0029;1
PUL0037;1
PUL0038;2
PUL0039;1
PUL0049;1
PUL0053;1
PUL0058;1
PUL0060;2
PUL0070;1
PUL0093;1
PUL0103;2
PUL0106;3
PUL0108;3
PUL0121;9
PUL0124;1
PUL0127;1
PUL0135;1
PUL0139;2
PUL0145;1
PUL0155;1
PUL0180;2
PUL0184;1
PUL0199;1
PUL0202;1
PUL0206;1
PUL0209;2
PUL0216;3
PUL0227;1
PUL0235;1
PUL0236;1
PUL0243;1
PUL0248;1
PUL0250;1
PUL0267;1
PUL0269;3
PUL0292;2
PUL0299;1
PUL0300;1
PUL0303;3
PUL0316;3
PUL0318;1
PUL0333;2
PUL0334;1
PUL0335;5
PUL0336;1
PUL0337;2
PUL0339;2
PUL0340;2
PUL0347;1
PUL0368;1
PUL0390;6
PUL0396;1
PUL0404;1
PUL0406;2
PUL0409;2
PUL0413;2
PUL0429;2
PUL0454;2
PUL0459;2
PUL0460;6
PUL0475;1
PUL0502;1
PUL0516;1
PUL0522;1
PUL0527;1
PUL0530;1
PUL0544;1
PUL0584;1
PUL0598;1
