      1       1 PUL0017	8.77e-177
      1       1 PUL0029	2.60e-73
      1       1 PUL0029	8.69e-120
      1       1 PUL0061	2.62e-233
      1       1 PUL0061	6.74e-122
      1       1 PUL0070	6.97e-226
      1       1 PUL0093	1.40e-127
      1       1 PUL0106	2.31e-121
      1       1 PUL0106	4.41e-87
      1       1 PUL0106	6.09e-147
      1       1 PUL0106	6.36e-210
      1       1 PUL0108	5.84e-72
      1       1 PUL0108	9.37e-91
      1       1 PUL0123	1.30e-39
      1       1 PUL0123	2.22e-16
      1       1 PUL0123	9.40e-05
      1       1 PUL0143	6.22e-09
      1       1 PUL0145	1.09e-164
      1       1 PUL0145	1.96e-196
      1       1 PUL0145	5.53e-199
      1       1 PUL0145	8.34e-177
      1       1 PUL0145	9.09e-42
      1       1 PUL0145	9.41e-169
      1       1 PUL0147	4.81e-08
      1       1 PUL0151	2.76e-14
      1       1 PUL0152	7.78e-112
      1       1 PUL0180	9.19e-155
      1       1 PUL0216	3.55e-94
      1       1 PUL0225	2.70e-60
      1       1 PUL0230	1.18e-67
      1       1 PUL0250	1.69e-99
      1       1 PUL0267	1.06e-55
      1       1 PUL0267	1.13e-185
      1       1 PUL0267	2.76e-241
      1       1 PUL0270	5.78e-106
      1       1 PUL0271	4.03e-05
      1       1 PUL0292	6.85e-106
      1       1 PUL0294	2.56e-59
      1       1 PUL0296	4.87e-125
      1       1 PUL0296	8.45e-88
      1       1 PUL0296	9.68e-69
      1       1 PUL0302	1.05e-33
      1       1 PUL0309	2.82e-50
      1       1 PUL0316	2.82e-96
      1       1 PUL0333	1.22e-96
      1       1 PUL0333	2.08e-71
      1       1 PUL0335	1.11e-87
      1       1 PUL0335	3.06e-67
      1       1 PUL0335	9.15e-65
      1       1 PUL0337	1.06e-48
      1       1 PUL0337	2.13e-82
      1       1 PUL0337	9.48e-128
      1       1 PUL0339	1.03e-159
      1       1 PUL0339	1.26e-89
      1       1 PUL0340	1.10e-140
      1       1 PUL0340	2.47e-166
      1       1 PUL0340	6.61e-06
      1       1 PUL0340	7.75e-07
      1       1 PUL0341	2.25e-169
      1       1 PUL0369	9.71e-67
      1       1 PUL0390	2.76e-58
      1       1 PUL0409	3.22e-74
      1       1 PUL0410	1.40e-29
      1       1 PUL0413	3.01e-117
      1       1 PUL0428	5.11e-95
      1       1 PUL0429	2.73e-37
      1       1 PUL0460	2.52e-42
      1       1 PUL0460	2.76e-13
      1       1 PUL0468	1.51e-10
      1       1 PUL0468	6.50e-87
      1       1 PUL0493	3.11e-71
      1       1 PUL0494	5.29e-17
      1       1 PUL0530	1.13e-32
      1       1 PUL0530	2.15e-41
      1       1 PUL0530	8.32e-277
      1       1 PUL0584	2.60e-163
