      1       1 PUL0007	1.08e-118
      1       1 PUL0017	1.94e-192
      1       1 PUL0017	2.05e-187
      1       1 PUL0019	8.74e-58
      1       1 PUL0024	2.24e-62
      1       1 PUL0038	5.48e-167
      1       1 PUL0046	7.69e-154
      1       1 PUL0049	1.31e-44
      1       1 PUL0058	2.64e-269
      1       1 PUL0093	4.60e-140
      1       1 PUL0106	3.12e-181
      1       1 PUL0106	8.88e-116
      1       1 PUL0108	9.89e-77
      1       1 PUL0113	7.89e-96
      1       1 PUL0121	1.17e-86
      1       1 PUL0121	7.79e-185
      1       1 PUL0121	9.01e-66
      1       1 PUL0123	6.87e-79
      1       1 PUL0225	3.79e-172
      1       1 PUL0236	1.26e-107
      1       1 PUL0300	4.32e-134
      1       1 PUL0333	2.65e-126
      1       1 PUL0333	4.96e-93
      1       1 PUL0335	1.18e-152
      1       1 PUL0335	9.12e-150
      1       1 PUL0336	1.79e-97
      1       1 PUL0340	1.41e-20
      1       1 PUL0340	2.04e-228
      1       1 PUL0340	2.14e-158
      1       1 PUL0340	4.46e-43
      1       1 PUL0341	1.08e-216
      1       1 PUL0345	2.23e-41
      1       1 PUL0349	2.22e-192
      1       1 PUL0373	5.11e-64
      1       1 PUL0390	3.60e-93
      1       1 PUL0406	5.30e-118
      1       1 PUL0406	7.08e-154
      1       1 PUL0413	4.07e-159
      1       1 PUL0413	5.70e-132
      1       1 PUL0451	2.22e-39
      1       1 PUL0458	2.06e-22
      1       1 PUL0503	1.98e-52
      1       1 PUL0569	4.65e-20
      1       1 PUL0584	1.64e-157
      1       1 PUL0591	3.04e-80
