      1       1 PUL0029	9.43e-103
      1       1 PUL0046	1.65e-183
      1       1 PUL0106	1.63e-180
      1       1 PUL0106	8.56e-189
      1       1 PUL0109	1.68e-88
      1       1 PUL0124	3.99e-181
      1       1 PUL0130	3.42e-168
      1       1 PUL0145	9.20e-211
      1       1 PUL0184	1.11e-26
      1       1 PUL0294	6.02e-102
      1       1 PUL0296	2.10e-106
      1       1 PUL0329	1.53e-21
      1       1 PUL0333	1.36e-07
      1       1 PUL0335	3.49e-201
      1       1 PUL0337	1.09e-89
      1       1 PUL0337	1.41e-163
      1       1 PUL0340	6.70e-41
      1       1 PUL0341	1.55e-217
      1       1 PUL0406	9.52e-60
      1       1 PUL0413	7.45e-165
      1       1 PUL0429	2.43e-19
      1       1 PUL0454	6.07e-21
      1       1 PUL0599	5.75e-136
      1       1 PUL0601	8.06e-122
