      1       1 PUL0017	1.19e-179
      1       1 PUL0049	2.03e-296
      1       1 PUL0101	1.87e-17
      1       1 PUL0103	5.89e-167
      1       1 PUL0106	1.60e-73
      1       1 PUL0121	2.34e-87
      1       1 PUL0124	1.24e-161
      1       1 PUL0125	6.01e-89
      1       1 PUL0145	1.50e-209
      1       1 PUL0145	2.55e-228
      1       1 PUL0145	2.69e-249
      1       1 PUL0145	3.28e-51
      1       1 PUL0149	1.10e-06
      1       1 PUL0178	4.50e-188
      1       1 PUL0199	1.10e-150
      1       1 PUL0236	2.05e-79
      1       1 PUL0236	5.68e-83
      1       1 PUL0252	4.13e-242
      1       1 PUL0267	6.92e-307
      1       1 PUL0289	7.18e-254
      1       1 PUL0300	2.10e-09
      1       1 PUL0326	1.39e-04
      1       1 PUL0327	6.88e-156
      1       1 PUL0329	8.86e-196
      1       1 PUL0334	1.67e-209
      1       1 PUL0336	2.41e-18
      1       1 PUL0337	4.32e-66
      1       1 PUL0339	1.33e-213
      1       1 PUL0339	2.25e-14
      1       1 PUL0339	2.97e-257
      1       1 PUL0382	3.00e-64
      1       1 PUL0406	9.97e-05
      1       1 PUL0414	1.53e-53
      1       1 PUL0420	2.47e-317
      1       1 PUL0423	8.19e-108
      1       1 PUL0429	3.03e-26
      1       1 PUL0443	1.65e-214
      1       1 PUL0468	2.73e-12
      1       1 PUL0482	8.89e-49
      1       1 PUL0484	1.57e-214
      1       1 PUL0487	1.47e-234
      1       1 PUL0491	4.06e-53
      1       1 PUL0530	1.03e-312
      1       1 PUL0535	4.14e-28
      1       1 PUL0541	2.67e-35
      1       1 PUL0545	5.29e-46
