      1       1 PUL0013	3.50e-12
      1       1 PUL0017	3.23e-183
      1       1 PUL0017	6.25e-178
      1       1 PUL0024	1.17e-86
      1       1 PUL0024	1.32e-43
      1       1 PUL0027	1.75e-83
      1       1 PUL0049	1.01e-164
      1       1 PUL0049	1.92e-24
      1       1 PUL0049	3.26e-140
      1       1 PUL0049	5.50e-34
      1       1 PUL0049	8.76e-303
      1       1 PUL0050	1.53e-45
      1       1 PUL0058	8.61e-170
      1       1 PUL0060	1.53e-18
      1       1 PUL0061	6.68e-07
      1       1 PUL0093	9.98e-24
      1       1 PUL0094	1.29e-148
      1       1 PUL0094	8.09e-124
      1       1 PUL0101	1.92e-46
      1       1 PUL0103	1.11e-220
      1       1 PUL0106	1.29e-74
      1       1 PUL0106	2.25e-300
      1       1 PUL0108	2.28e-64
      1       1 PUL0108	2.81e-45
      1       1 PUL0108	3.01e-04
      1       1 PUL0108	3.14e-56
      1       1 PUL0120	2.48e-07
      1       1 PUL0121	4.04e-80
      1       1 PUL0123	1.05e-05
      1       1 PUL0124	2.88e-160
      1       1 PUL0124	4.12e-68
      1       1 PUL0136	1.32e-23
      1       1 PUL0145	4.48e-12
      1       1 PUL0165	1.18e-26
      1       1 PUL0178	3.81e-185
      1       1 PUL0179	1.31e-14
      1       1 PUL0180	1.77e-124
      1       1 PUL0216	1.62e-73
      1       1 PUL0216	4.90e-92
      1       1 PUL0225	5.58e-18
      1       1 PUL0235	5.50e-170
      1       1 PUL0236	4.42e-24
      1       1 PUL0260	1.65e-14
      1       1 PUL0267	1.50e-100
      1       1 PUL0267	5.84e-234
      1       1 PUL0267	7.25e-298
      1       1 PUL0281	6.70e-34
      1       1 PUL0300	2.80e-82
      1       1 PUL0300	3.69e-107
      1       1 PUL0316	8.93e-56
      1       1 PUL0322	1.40e-06
      1       1 PUL0333	2.22e-11
      1       1 PUL0333	8.66e-94
      1       1 PUL0334	6.43e-09
      1       1 PUL0334	7.99e-225
      1       1 PUL0335	2.36e-83
      1       1 PUL0335	2.55e-58
      1       1 PUL0335	4.54e-07
      1       1 PUL0335	7.21e-99
      1       1 PUL0335	9.65e-161
      1       1 PUL0336	1.95e-08
      1       1 PUL0336	2.16e-133
      1       1 PUL0337	2.29e-113
      1       1 PUL0339	1.21e-294
      1       1 PUL0339	1.77e-115
      1       1 PUL0340	4.54e-133
      1       1 PUL0340	5.58e-14
      1       1 PUL0344	6.26e-30
      1       1 PUL0350	2.07e-61
      1       1 PUL0406	3.66e-59
      1       1 PUL0409	1.14e-44
      1       1 PUL0414	3.08e-23
      1       1 PUL0435	7.12e-13
      1       1 PUL0436	2.86e-307
      1       1 PUL0438	8.34e-228
      1       1 PUL0446	8.42e-55
      1       1 PUL0454	4.62e-52
      1       1 PUL0467	1.77e-72
      1       1 PUL0468	8.54e-102
      1       1 PUL0477	1.77e-52
      1       1 PUL0479	4.16e-102
      1       1 PUL0500	1.55e-63
      1       1 PUL0502	8.00e-194
      1       1 PUL0511	2.77e-51
      1       1 PUL0527	1.81e-84
      1       1 PUL0527	2.25e-86
      1       1 PUL0527	6.42e-257
      1       1 PUL0559	7.21e-14
      1       1 PUL0564	2.82e-11
      1       1 PUL0564	5.91e-69
      1       1 PUL0572	4.30e-102
      1       1 PUL0590	1.03e-67
