PUL0013	1
PUL0017	2
PUL0024	2
PUL0027	1
PUL0049	5
PUL0050	1
PUL0058	1
PUL0060	1
PUL0061	1
PUL0093	1
PUL0094	2
PUL0101	1
PUL0103	1
PUL0106	2
PUL0108	4
PUL0120	1
PUL0121	1
PUL0123	1
PUL0124	2
PUL0136	1
PUL0145	1
PUL0165	1
PUL0178	1
PUL0179	1
PUL0180	1
PUL0216	2
PUL0225	1
PUL0235	1
PUL0236	1
PUL0260	1
PUL0267	3
PUL0281	1
PUL0300	2
PUL0316	1
PUL0322	1
PUL0333	2
PUL0334	2
PUL0335	5
PUL0336	2
PUL0337	1
PUL0339	2
PUL0340	2
PUL0344	1
PUL0350	1
PUL0406	1
PUL0409	1
PUL0414	1
PUL0435	1
PUL0436	1
PUL0438	1
PUL0446	1
PUL0454	1
PUL0467	1
PUL0468	1
PUL0477	1
PUL0479	1
PUL0500	1
PUL0502	1
PUL0511	1
PUL0527	3
PUL0559	1
PUL0564	2
PUL0572	1
PUL0590	1
