      1       1 PUL0001	1.29e-212
      1       1 PUL0019	1.10e-126
      1       1 PUL0025	1.17e-132
      1       1 PUL0025	6.81e-131
      1       1 PUL0029	1.66e-43
      1       1 PUL0029	1.80e-152
      1       1 PUL0058	3.43e-205
      1       1 PUL0058	5.59e-147
      1       1 PUL0058	7.17e-201
      1       1 PUL0069	4.79e-04
      1       1 PUL0101	3.86e-134
      1       1 PUL0106	1.65e-196
      1       1 PUL0106	3.78e-146
      1       1 PUL0121	8.50e-07
      1       1 PUL0124	5.97e-85
      1       1 PUL0134	3.61e-111
      1       1 PUL0162	4.30e-176
      1       1 PUL0213	2.66e-194
      1       1 PUL0217	3.48e-19
      1       1 PUL0225	8.72e-166
      1       1 PUL0227	1.03e-65
      1       1 PUL0254	5.06e-162
      1       1 PUL0335	3.73e-159
      1       1 PUL0335	5.90e-110
      1       1 PUL0347	2.89e-18
      1       1 PUL0368	7.16e-226
      1       1 PUL0394	1.68e-147
      1       1 PUL0396	2.07e-56
      1       1 PUL0406	4.03e-09
      1       1 PUL0406	7.11e-216
      1       1 PUL0413	2.45e-159
      1       1 PUL0460	1.05e-56
      1       1 PUL0485	1.42e-56
      1       1 PUL0492	3.68e-35
      1       1 PUL0519	2.02e-291
      1       1 PUL0584	7.32e-147
