      1       1 PUL0017	4.21e-151
      1       1 PUL0017	8.17e-179
      1       1 PUL0029	4.92e-91
      1       1 PUL0049	6.92e-185
      1       1 PUL0053	1.09e-47
      1       1 PUL0060	3.92e-248
      1       1 PUL0106	1.28e-154
      1       1 PUL0106	1.61e-206
      1       1 PUL0121	1.54e-164
      1       1 PUL0145	2.59e-123
      1       1 PUL0160	1.01e-242
      1       1 PUL0180	2.57e-152
      1       1 PUL0206	6.39e-233
      1       1 PUL0211	8.76e-272
      1       1 PUL0336	5.36e-26
      1       1 PUL0387	1.58e-207
      1       1 PUL0401	1.21e-212
      1       1 PUL0409	6.19e-76
      1       1 PUL0474	9.70e-182
      1       1 PUL0530	1.04e-250
