      1       1 PUL0006	9.21e-86
      1       1 PUL0012	1.89e-128
      1       1 PUL0017	5.67e-200
      1       1 PUL0017	8.72e-182
      1       1 PUL0029	1.03e-154
      1       1 PUL0029	1.20e-88
      1       1 PUL0029	1.97e-140
      1       1 PUL0029	8.16e-27
      1       1 PUL0061	6.50e-167
      1       1 PUL0075	4.55e-120
      1       1 PUL0110	5.80e-31
      1       1 PUL0142	1.65e-152
      1       1 PUL0168	1.22e-53
      1       1 PUL0168	8.54e-32
      1       1 PUL0178	3.05e-185
      1       1 PUL0267	1.96e-211
      1       1 PUL0267	2.78e-237
      1       1 PUL0286	2.51e-166
      1       1 PUL0300	3.90e-55
      1       1 PUL0300	4.01e-43
      1       1 PUL0332	2.57e-112
      1       1 PUL0335	6.83e-161
      1       1 PUL0340	4.66e-125
      1       1 PUL0362	2.45e-134
      1       1 PUL0390	4.85e-99
      1       1 PUL0390	8.45e-136
      1       1 PUL0396	5.96e-121
      1       1 PUL0410	4.17e-134
      1       1 PUL0413	2.01e-108
      1       1 PUL0454	1.96e-175
      1       1 PUL0457	2.64e-61
      1       1 PUL0466	4.11e-160
