      1       1 PUL0013	8.83e-08
      1       1 PUL0016	1.88e-221
      1       1 PUL0017	1.10e-183
      1       1 PUL0017	4.08e-189
      1       1 PUL0024	2.00e-47
      1       1 PUL0029	6.92e-164
      1       1 PUL0070	2.81e-179
      1       1 PUL0106	3.89e-114
      1       1 PUL0113	1.96e-157
      1       1 PUL0133	8.93e-53
      1       1 PUL0177	2.43e-206
      1       1 PUL0212	1.36e-167
      1       1 PUL0212	1.46e-153
      1       1 PUL0227	4.03e-80
      1       1 PUL0230	1.50e-37
      1       1 PUL0230	5.85e-40
      1       1 PUL0267	8.63e-262
      1       1 PUL0268	1.37e-46
      1       1 PUL0327	9.65e-160
      1       1 PUL0399	8.69e-110
      1       1 PUL0410	5.00e-21
      1       1 PUL0460	3.31e-13
      1       1 PUL0530	1.04e-225
      1       1 PUL0569	1.42e-90
      1       1 PUL0575	3.79e-142
