      1       1 PUL0006	1.70e-199
      1       1 PUL0010	7.73e-38
      1       1 PUL0024	2.74e-27
      1       1 PUL0024	4.55e-206
      1       1 PUL0029	8.50e-172
      1       1 PUL0047	8.19e-41
      1       1 PUL0070	2.75e-170
      1       1 PUL0106	3.72e-206
      1       1 PUL0106	9.85e-178
      1       1 PUL0121	1.31e-77
      1       1 PUL0121	1.82e-28
      1       1 PUL0124	4.55e-211
      1       1 PUL0145	9.52e-35
      1       1 PUL0162	2.03e-174
      1       1 PUL0212	8.52e-143
      1       1 PUL0267	3.89e-119
      1       1 PUL0282	1.93e-206
      1       1 PUL0282	7.56e-189
      1       1 PUL0336	5.59e-33
      1       1 PUL0340	5.72e-109
      1       1 PUL0341	3.19e-256
      1       1 PUL0394	3.23e-173
      1       1 PUL0406	1.68e-223
      1       1 PUL0501	5.34e-166
      1       1 PUL0577	4.03e-167
      1       1 PUL0591	2.43e-72
      1       1 PUL0596	3.48e-164
      1       1 PUL0600	2.41e-234
