      1       1 PUL0017	1.07e-185
      1       1 PUL0049	3.85e-302
      1       1 PUL0070	1.85e-151
      1       1 PUL0093	1.02e-27
      1       1 PUL0103	4.93e-207
      1       1 PUL0106	5.37e-299
      1       1 PUL0180	1.08e-240
      1       1 PUL0267	5.12e-308
      1       1 PUL0267	8.55e-229
      1       1 PUL0334	2.83e-20
      1       1 PUL0335	7.44e-204
      1       1 PUL0336	1.22e-40
      1       1 PUL0339	1.36e-223
      1       1 PUL0406	1.69e-184
      1       1 PUL0413	3.65e-49
      1       1 PUL0413	4.04e-156
      1       1 PUL0448	3.19e-47
      1       1 PUL0502	3.00e-193
      1       1 PUL0518	2.02e-179
      1       1 PUL0572	3.04e-105
