      1       1 PUL0001	1.72e-04
      1       1 PUL0049	2.09e-14
      1       1 PUL0049	3.85e-219
      1       1 PUL0049	8.99e-69
      1       1 PUL0058	9.03e-52
      1       1 PUL0094	3.85e-137
      1       1 PUL0094	6.34e-261
      1       1 PUL0098	3.24e-53
      1       1 PUL0101	2.89e-201
      1       1 PUL0103	1.24e-310
      1       1 PUL0106	2.33e-165
      1       1 PUL0108	8.28e-176
      1       1 PUL0110	1.31e-42
      1       1 PUL0121	7.81e-163
      1       1 PUL0145	1.03e-218
      1       1 PUL0145	2.16e-187
      1       1 PUL0149	2.69e-153
      1       1 PUL0161	9.07e-13
      1       1 PUL0166	1.29e-313
      1       1 PUL0178	5.08e-275
      1       1 PUL0180	1.71e-47
      1       1 PUL0180	2.25e-69
      1       1 PUL0205	3.52e-192
      1       1 PUL0230	1.06e-97
      1       1 PUL0236	1.08e-104
      1       1 PUL0255	8.97e-114
      1       1 PUL0298	6.35e-49
      1       1 PUL0299	2.47e-78
      1       1 PUL0299	8.71e-13
      1       1 PUL0332	2.05e-120
      1       1 PUL0333	1.44e-69
      1       1 PUL0335	1.39e-84
      1       1 PUL0335	1.53e-40
      1       1 PUL0335	1.61e-219
      1       1 PUL0335	2.24e-203
      1       1 PUL0335	4.67e-308
      1       1 PUL0337	4.40e-235
      1       1 PUL0337	6.04e-154
      1       1 PUL0339	8.10e-207
      1       1 PUL0382	2.13e-296
      1       1 PUL0382	3.15e-255
      1       1 PUL0479	1.52e-216
      1       1 PUL0485	1.58e-256
      1       1 PUL0502	3.42e-204
      1       1 PUL0527	7.37e-149
      1       1 PUL0539	1.26e-216
      1       1 PUL0555	1.36e-316
