      1       1 PUL0001	4.01e-273
      1       1 PUL0006	2.55e-86
      1       1 PUL0017	4.93e-200
      1       1 PUL0019	1.70e-62
      1       1 PUL0024	2.72e-27
      1       1 PUL0024	3.08e-206
      1       1 PUL0024	3.67e-85
      1       1 PUL0029	5.64e-118
      1       1 PUL0029	8.01e-172
      1       1 PUL0058	1.38e-174
      1       1 PUL0058	3.06e-132
      1       1 PUL0101	1.45e-64
      1       1 PUL0103	2.88e-125
      1       1 PUL0106	5.81e-206
      1       1 PUL0106	9.52e-179
      1       1 PUL0108	7.95e-91
      1       1 PUL0110	5.70e-45
      1       1 PUL0121	1.63e-28
      1       1 PUL0121	6.87e-70
      1       1 PUL0162	1.05e-174
      1       1 PUL0168	1.07e-54
      1       1 PUL0267	5.40e-119
      1       1 PUL0282	1.61e-206
      1       1 PUL0336	5.25e-35
      1       1 PUL0336	6.66e-33
      1       1 PUL0337	1.98e-109
      1       1 PUL0337	5.27e-81
      1       1 PUL0341	2.31e-256
      1       1 PUL0394	1.89e-173
      1       1 PUL0394	4.13e-168
      1       1 PUL0406	1.33e-223
      1       1 PUL0413	9.67e-43
      1       1 PUL0425	9.79e-67
      1       1 PUL0473	4.84e-04
      1       1 PUL0501	1.78e-166
      1       1 PUL0519	1.34e-155
      1       1 PUL0575	3.20e-210
      1       1 PUL0577	4.03e-167
      1       1 PUL0591	4.22e-72
      1       1 PUL0596	1.59e-112
      1       1 PUL0599	1.22e-130
      1       1 PUL0600	2.21e-234
