      1       1 PUL0017	1.92e-192
      1       1 PUL0017	3.07e-189
      1       1 PUL0024	7.37e-45
      1       1 PUL0038	1.68e-167
      1       1 PUL0046	6.74e-184
      1       1 PUL0046	9.52e-154
      1       1 PUL0058	4.02e-268
      1       1 PUL0061	7.64e-180
      1       1 PUL0093	1.36e-140
      1       1 PUL0101	8.14e-23
      1       1 PUL0106	7.28e-116
      1       1 PUL0108	1.68e-76
      1       1 PUL0121	1.96e-66
      1       1 PUL0121	1.99e-184
      1       1 PUL0121	9.94e-52
      1       1 PUL0161	5.58e-15
      1       1 PUL0180	6.02e-33
      1       1 PUL0180	6.15e-87
      1       1 PUL0236	4.13e-107
      1       1 PUL0296	1.68e-83
      1       1 PUL0300	2.13e-134
      1       1 PUL0335	7.86e-151
      1       1 PUL0336	1.06e-97
      1       1 PUL0340	1.08e-30
      1       1 PUL0340	1.31e-228
      1       1 PUL0340	1.64e-158
      1       1 PUL0341	4.75e-217
      1       1 PUL0345	1.32e-43
      1       1 PUL0349	2.40e-190
      1       1 PUL0406	4.54e-215
      1       1 PUL0406	7.31e-153
      1       1 PUL0413	1.20e-57
      1       1 PUL0413	6.14e-132
      1       1 PUL0451	5.39e-40
      1       1 PUL0454	1.60e-24
      1       1 PUL0516	3.79e-45
      1       1 PUL0584	1.88e-157
      1       1 PUL0593	1.05e-129
      1       1 PUL0593	4.90e-85
      1       1 PUL0601	5.42e-47
