      1       1 PUL0009	1.15e-77
      1       1 PUL0013	5.95e-11
      1       1 PUL0017	3.66e-175
      1       1 PUL0020	1.33e-34
      1       1 PUL0029	1.38e-72
      1       1 PUL0036	9.63e-96
      1       1 PUL0049	3.57e-27
      1       1 PUL0049	6.08e-37
      1       1 PUL0050	2.99e-80
      1       1 PUL0057	1.23e-141
      1       1 PUL0060	1.06e-104
      1       1 PUL0060	7.60e-22
      1       1 PUL0070	8.09e-23
      1       1 PUL0075	3.10e-24
      1       1 PUL0081	6.44e-16
      1       1 PUL0094	4.53e-49
      1       1 PUL0101	5.94e-195
      1       1 PUL0106	1.25e-88
      1       1 PUL0106	6.67e-187
      1       1 PUL0106	7.76e-131
      1       1 PUL0108	1.75e-86
      1       1 PUL0109	2.13e-145
      1       1 PUL0121	1.05e-174
      1       1 PUL0121	1.60e-79
      1       1 PUL0121	7.56e-26
      1       1 PUL0123	5.23e-11
      1       1 PUL0123	5.36e-46
      1       1 PUL0123	5.52e-29
      1       1 PUL0124	1.23e-18
      1       1 PUL0124	1.39e-16
      1       1 PUL0124	4.74e-17
      1       1 PUL0133	3.59e-70
      1       1 PUL0145	1.10e-187
      1       1 PUL0145	4.17e-190
      1       1 PUL0145	5.54e-207
      1       1 PUL0180	2.04e-08
      1       1 PUL0180	3.73e-70
      1       1 PUL0180	4.11e-157
      1       1 PUL0199	2.38e-48
      1       1 PUL0206	5.33e-91
      1       1 PUL0218	4.71e-04
      1       1 PUL0218	5.83e-26
      1       1 PUL0225	2.71e-107
      1       1 PUL0226	3.99e-09
      1       1 PUL0226	9.44e-09
      1       1 PUL0240	8.43e-109
      1       1 PUL0267	1.18e-227
      1       1 PUL0267	1.78e-172
      1       1 PUL0267	9.11e-227
      1       1 PUL0269	3.14e-21
      1       1 PUL0285	9.83e-12
      1       1 PUL0286	2.34e-122
      1       1 PUL0300	3.09e-38
      1       1 PUL0300	4.86e-19
      1       1 PUL0302	2.15e-81
      1       1 PUL0311	1.09e-234
      1       1 PUL0333	6.01e-106
      1       1 PUL0335	7.87e-69
      1       1 PUL0337	8.23e-39
      1       1 PUL0339	1.32e-52
      1       1 PUL0339	1.78e-90
      1       1 PUL0339	2.08e-169
      1       1 PUL0339	3.99e-17
      1       1 PUL0340	1.53e-228
      1       1 PUL0340	3.93e-10
      1       1 PUL0340	4.21e-72
      1       1 PUL0341	3.69e-158
      1       1 PUL0365	1.62e-73
      1       1 PUL0375	2.15e-79
      1       1 PUL0375	2.19e-65
      1       1 PUL0396	2.09e-13
      1       1 PUL0399	3.24e-11
      1       1 PUL0404	3.48e-58
      1       1 PUL0406	3.11e-116
      1       1 PUL0429	1.55e-85
      1       1 PUL0449	5.29e-29
      1       1 PUL0458	1.63e-18
      1       1 PUL0458	2.13e-16
      1       1 PUL0459	2.49e-13
      1       1 PUL0460	2.32e-67
      1       1 PUL0494	1.49e-31
      1       1 PUL0527	5.92e-50
      1       1 PUL0530	1.44e-47
      1       1 PUL0569	6.53e-13
      1       1 PUL0599	2.86e-68
