PUL0009;1
PUL0013;1
PUL0017;1
PUL0020;1
PUL0029;1
PUL0036;1
PUL0049;2
PUL0050;1
PUL0057;1
PUL0060;2
PUL0070;1
PUL0075;1
PUL0081;1
PUL0094;1
PUL0101;1
PUL0106;3
PUL0108;1
PUL0109;1
PUL0121;3
PUL0123;3
PUL0124;3
PUL0133;1
PUL0145;3
PUL0180;3
PUL0199;1
PUL0206;1
PUL0218;2
PUL0225;1
PUL0226;2
PUL0240;1
PUL0267;3
PUL0269;1
PUL0285;1
PUL0286;1
PUL0300;2
PUL0302;1
PUL0311;1
PUL0333;1
PUL0335;1
PUL0337;1
PUL0339;4
PUL0340;3
PUL0341;1
PUL0365;1
PUL0375;2
PUL0396;1
PUL0399;1
PUL0404;1
PUL0406;1
PUL0429;1
PUL0449;1
PUL0458;2
PUL0459;1
PUL0460;1
PUL0494;1
PUL0527;1
PUL0530;1
PUL0569;1
PUL0599;1
