      1       1 PUL0007	1.83e-29
      1       1 PUL0009	6.31e-28
      1       1 PUL0013	5.90e-31
      1       1 PUL0049	5.73e-112
      1       1 PUL0108	1.42e-46
      1       1 PUL0108	3.60e-28
      1       1 PUL0108	7.49e-32
      1       1 PUL0110	3.36e-43
      1       1 PUL0121	1.98e-38
      1       1 PUL0124	3.42e-45
      1       1 PUL0144	3.31e-65
      1       1 PUL0144	7.05e-75
      1       1 PUL0172	1.98e-73
      1       1 PUL0172	8.81e-78
      1       1 PUL0178	1.05e-49
      1       1 PUL0178	2.89e-46
      1       1 PUL0180	1.06e-09
      1       1 PUL0201	5.16e-11
      1       1 PUL0202	5.95e-14
      1       1 PUL0230	6.52e-13
      1       1 PUL0255	3.80e-32
      1       1 PUL0267	1.87e-04
      1       1 PUL0267	4.46e-50
      1       1 PUL0281	9.64e-14
      1       1 PUL0292	2.66e-41
      1       1 PUL0296	4.21e-45
      1       1 PUL0297	2.39e-21
      1       1 PUL0329	1.45e-23
      1       1 PUL0329	1.74e-80
      1       1 PUL0334	1.12e-08
      1       1 PUL0335	1.68e-192
      1       1 PUL0337	1.78e-55
      1       1 PUL0339	2.61e-96
      1       1 PUL0339	3.16e-12
      1       1 PUL0340	3.79e-81
      1       1 PUL0347	4.60e-22
      1       1 PUL0396	1.55e-33
      1       1 PUL0406	6.04e-37
      1       1 PUL0410	3.16e-10
      1       1 PUL0414	1.02e-34
      1       1 PUL0414	1.32e-04
      1       1 PUL0414	2.65e-09
      1       1 PUL0414	7.53e-35
      1       1 PUL0416	1.25e-19
      1       1 PUL0429	1.36e-21
      1       1 PUL0429	4.51e-20
      1       1 PUL0438	4.44e-26
      1       1 PUL0451	5.28e-12
      1       1 PUL0458	5.68e-38
      1       1 PUL0459	2.04e-61
      1       1 PUL0459	3.41e-23
      1       1 PUL0460	5.50e-14
      1       1 PUL0468	4.13e-11
      1       1 PUL0468	9.55e-11
      1       1 PUL0493	7.90e-25
      1       1 PUL0493	9.80e-10
      1       1 PUL0496	1.30e-16
      1       1 PUL0502	2.54e-78
      1       1 PUL0513	1.38e-12
      1       1 PUL0516	4.72e-77
      1       1 PUL0522	1.21e-07
      1       1 PUL0530	5.34e-68
      1       1 PUL0569	1.40e-85
      1       1 PUL0569	9.59e-50
      1       1 PUL0602	1.36e-17
