      1       1 PUL0009	1.43e-77
      1       1 PUL0013	3.49e-39
      1       1 PUL0017	2.20e-175
      1       1 PUL0024	4.10e-16
      1       1 PUL0036	5.86e-96
      1       1 PUL0050	2.99e-80
      1       1 PUL0052	2.58e-12
      1       1 PUL0094	2.80e-49
      1       1 PUL0101	4.28e-196
      1       1 PUL0106	5.21e-131
      1       1 PUL0106	5.62e-188
      1       1 PUL0108	2.97e-37
      1       1 PUL0109	1.49e-143
      1       1 PUL0121	2.50e-176
      1       1 PUL0121	2.77e-63
      1       1 PUL0121	3.83e-80
      1       1 PUL0121	4.91e-84
      1       1 PUL0124	3.17e-79
      1       1 PUL0133	8.36e-71
      1       1 PUL0134	2.14e-20
      1       1 PUL0145	2.27e-188
      1       1 PUL0145	5.11e-206
      1       1 PUL0146	8.38e-04
      1       1 PUL0151	5.76e-15
      1       1 PUL0179	1.02e-31
      1       1 PUL0180	2.87e-08
      1       1 PUL0180	4.53e-158
      1       1 PUL0180	6.46e-71
      1       1 PUL0206	5.47e-92
      1       1 PUL0216	3.16e-37
      1       1 PUL0225	1.70e-107
      1       1 PUL0226	1.16e-08
      1       1 PUL0240	8.40e-108
      1       1 PUL0267	3.68e-172
      1       1 PUL0267	5.32e-228
      1       1 PUL0267	8.36e-227
      1       1 PUL0281	1.98e-139
      1       1 PUL0286	3.34e-122
      1       1 PUL0303	5.53e-36
      1       1 PUL0311	5.67e-235
      1       1 PUL0320	4.58e-06
      1       1 PUL0333	2.52e-106
      1       1 PUL0337	1.79e-38
      1       1 PUL0339	1.07e-90
      1       1 PUL0339	2.98e-169
      1       1 PUL0339	7.02e-53
      1       1 PUL0340	1.32e-227
      1       1 PUL0341	2.24e-158
      1       1 PUL0365	7.50e-76
      1       1 PUL0406	3.68e-58
      1       1 PUL0406	5.77e-116
      1       1 PUL0413	3.92e-154
      1       1 PUL0429	1.99e-86
      1       1 PUL0434	1.24e-10
      1       1 PUL0458	4.73e-08
      1       1 PUL0459	3.87e-06
      1       1 PUL0460	1.69e-06
      1       1 PUL0460	1.82e-23
      1       1 PUL0460	5.17e-54
      1       1 PUL0489	4.13e-42
      1       1 PUL0494	2.80e-32
      1       1 PUL0527	1.98e-58
      1       1 PUL0530	4.06e-47
      1       1 PUL0577	1.12e-09
      1       1 PUL0577	8.79e-16
      1       1 PUL0599	4.60e-68
