PUL0009;1
PUL0013;1
PUL0017;1
PUL0024;1
PUL0036;1
PUL0050;1
PUL0052;1
PUL0094;1
PUL0101;1
PUL0106;2
PUL0108;1
PUL0109;1
PUL0121;4
PUL0124;1
PUL0133;1
PUL0134;1
PUL0145;2
PUL0146;1
PUL0151;1
PUL0179;1
PUL0180;3
PUL0206;1
PUL0216;1
PUL0225;1
PUL0226;1
PUL0240;1
PUL0267;3
PUL0281;1
PUL0286;1
PUL0303;1
PUL0311;1
PUL0320;1
PUL0333;1
PUL0337;1
PUL0339;3
PUL0340;1
PUL0341;1
PUL0365;1
PUL0406;2
PUL0413;1
PUL0429;1
PUL0434;1
PUL0458;1
PUL0459;1
PUL0460;3
PUL0489;1
PUL0494;1
PUL0527;1
PUL0530;1
PUL0577;2
PUL0599;1
