      1       1 PUL0015	1.79e-08
      1       1 PUL0017	1.25e-167
      1       1 PUL0017	2.96e-207
      1       1 PUL0019	3.81e-70
      1       1 PUL0024	9.31e-10
      1       1 PUL0029	1.81e-69
      1       1 PUL0049	1.21e-13
      1       1 PUL0049	2.09e-28
      1       1 PUL0049	2.36e-09
      1       1 PUL0049	4.03e-28
      1       1 PUL0050	1.14e-99
      1       1 PUL0070	3.81e-184
      1       1 PUL0079	1.40e-13
      1       1 PUL0080	6.42e-22
      1       1 PUL0093	1.88e-139
      1       1 PUL0101	1.11e-47
      1       1 PUL0101	1.36e-127
      1       1 PUL0103	3.00e-132
      1       1 PUL0106	1.59e-185
      1       1 PUL0106	3.62e-172
      1       1 PUL0106	9.56e-120
      1       1 PUL0107	1.71e-68
      1       1 PUL0108	3.48e-33
      1       1 PUL0121	4.13e-180
      1       1 PUL0121	7.75e-69
      1       1 PUL0124	1.63e-96
      1       1 PUL0131	3.62e-09
      1       1 PUL0145	8.13e-213
      1       1 PUL0151	8.99e-26
      1       1 PUL0161	4.86e-41
      1       1 PUL0178	6.07e-55
      1       1 PUL0180	1.59e-72
      1       1 PUL0184	6.37e-09
      1       1 PUL0198	1.14e-183
      1       1 PUL0201	3.79e-157
      1       1 PUL0210	8.80e-05
      1       1 PUL0214	4.30e-67
      1       1 PUL0230	2.19e-111
      1       1 PUL0248	7.33e-132
      1       1 PUL0267	9.43e-13
      1       1 PUL0296	1.27e-101
      1       1 PUL0299	1.14e-78
      1       1 PUL0300	1.98e-121
      1       1 PUL0316	6.16e-85
      1       1 PUL0320	1.55e-07
      1       1 PUL0324	3.91e-08
      1       1 PUL0326	5.58e-07
      1       1 PUL0329	6.05e-22
      1       1 PUL0333	7.23e-116
      1       1 PUL0335	1.47e-172
      1       1 PUL0335	2.72e-117
      1       1 PUL0335	4.64e-198
      1       1 PUL0335	7.37e-104
      1       1 PUL0336	4.07e-83
      1       1 PUL0337	1.48e-159
      1       1 PUL0339	1.79e-05
      1       1 PUL0340	1.89e-46
      1       1 PUL0340	1.92e-15
      1       1 PUL0340	3.63e-92
      1       1 PUL0340	3.91e-141
      1       1 PUL0341	9.17e-218
      1       1 PUL0368	4.83e-24
      1       1 PUL0390	7.09e-42
      1       1 PUL0396	7.64e-86
      1       1 PUL0406	2.47e-151
      1       1 PUL0406	2.60e-63
      1       1 PUL0413	1.03e-166
      1       1 PUL0413	8.21e-56
      1       1 PUL0413	9.75e-132
      1       1 PUL0414	2.41e-30
      1       1 PUL0429	1.63e-19
      1       1 PUL0453	7.48e-09
      1       1 PUL0454	1.01e-29
      1       1 PUL0460	2.10e-12
      1       1 PUL0493	1.74e-84
      1       1 PUL0493	7.92e-85
      1       1 PUL0496	1.94e-07
      1       1 PUL0530	5.00e-42
      1       1 PUL0560	5.69e-08
      1       1 PUL0560	8.56e-10
      1       1 PUL0571	1.17e-16
      1       1 PUL0584	1.10e-167
      1       1 PUL0593	3.00e-83
      1       1 PUL0593	5.91e-04
      1       1 PUL0595	4.28e-108
      1       1 PUL0599	1.38e-125
