PUL0015 1
PUL0017 2
PUL0019 1
PUL0024 1
PUL0029 1
PUL0049 4
PUL0050 1
PUL0070 1
PUL0079 1
PUL0080 1
PUL0093 1
PUL0101 2
PUL0103 1
PUL0106 3
PUL0107 1
PUL0108 1
PUL0121 2
PUL0124 1
PUL0131 1
PUL0145 1
PUL0151 1
PUL0161 1
PUL0178 1
PUL0180 1
PUL0184 1
PUL0198 1
PUL0201 1
PUL0210 1
PUL0214 1
PUL0230 1
PUL0248 1
PUL0267 1
PUL0296 1
PUL0299 1
PUL0300 1
PUL0316 1
PUL0320 1
PUL0324 1
PUL0326 1
PUL0329 1
PUL0333 1
PUL0335 4
PUL0336 1
PUL0337 1
PUL0339 1
PUL0340 4
PUL0341 1
PUL0368 1
PUL0390 1
PUL0396 1
PUL0406 2
PUL0413 3
PUL0414 1
PUL0429 1
PUL0453 1
PUL0454 1
PUL0460 1
PUL0493 2
PUL0496 1
PUL0530 1
PUL0560 2
PUL0571 1
PUL0584 1
PUL0593 2
PUL0595 1
PUL0599 1
