      1       1 PUL0011	3.12e-134
      1       1 PUL0017	1.22e-178
      1       1 PUL0017	1.90e-151
      1       1 PUL0034	3.03e-89
      1       1 PUL0044	1.15e-113
      1       1 PUL0047	1.67e-59
      1       1 PUL0053	4.12e-259
      1       1 PUL0060	2.57e-167
      1       1 PUL0061	2.24e-130
      1       1 PUL0069	1.72e-119
      1       1 PUL0103	2.70e-69
      1       1 PUL0106	4.10e-191
      1       1 PUL0114	1.55e-134
      1       1 PUL0121	3.15e-110
      1       1 PUL0121	5.92e-50
      1       1 PUL0122	2.09e-135
      1       1 PUL0145	4.32e-31
      1       1 PUL0145	5.64e-69
      1       1 PUL0145	7.03e-196
      1       1 PUL0150	5.56e-69
      1       1 PUL0168	4.44e-28
      1       1 PUL0180	4.46e-148
      1       1 PUL0184	1.45e-90
      1       1 PUL0188	1.21e-104
      1       1 PUL0206	8.35e-135
      1       1 PUL0215	3.72e-78
      1       1 PUL0236	5.17e-84
      1       1 PUL0249	9.04e-227
      1       1 PUL0264	1.90e-30
      1       1 PUL0267	1.30e-221
      1       1 PUL0292	2.95e-43
      1       1 PUL0300	8.39e-92
      1       1 PUL0309	2.69e-192
      1       1 PUL0309	6.98e-52
      1       1 PUL0316	2.41e-82
      1       1 PUL0316	4.70e-70
      1       1 PUL0316	4.97e-61
      1       1 PUL0318	8.30e-13
      1       1 PUL0322	1.99e-26
      1       1 PUL0329	1.77e-267
      1       1 PUL0332	3.34e-200
      1       1 PUL0333	1.02e-109
      1       1 PUL0333	5.86e-91
      1       1 PUL0339	7.35e-164
      1       1 PUL0358	1.07e-127
      1       1 PUL0362	8.21e-69
      1       1 PUL0363	1.18e-173
      1       1 PUL0363	2.43e-152
      1       1 PUL0363	5.58e-179
      1       1 PUL0364	1.20e-69
      1       1 PUL0364	4.30e-217
      1       1 PUL0365	1.73e-257
      1       1 PUL0393	1.34e-123
      1       1 PUL0399	1.21e-82
      1       1 PUL0404	3.07e-124
      1       1 PUL0409	1.17e-57
      1       1 PUL0413	6.47e-154
      1       1 PUL0413	9.30e-44
      1       1 PUL0429	1.37e-28
      1       1 PUL0459	5.72e-201
      1       1 PUL0460	1.35e-30
      1       1 PUL0460	2.64e-34
      1       1 PUL0460	2.74e-255
      1       1 PUL0460	5.34e-39
      1       1 PUL0471	1.29e-226
      1       1 PUL0479	1.37e-209
      1       1 PUL0479	7.91e-218
      1       1 PUL0526	2.39e-106
      1       1 PUL0527	1.73e-75
      1       1 PUL0539	2.76e-93
      1       1 PUL0564	3.75e-189
      1       1 PUL0564	4.00e-319
      1       1 PUL0564	4.39e-87
      1       1 PUL0584	1.20e-138
