      1       1 PUL0017	1.03e-175
      1       1 PUL0017	1.11e-204
      1       1 PUL0029	1.33e-117
      1       1 PUL0029	2.53e-07
      1       1 PUL0029	3.47e-141
      1       1 PUL0029	3.82e-45
      1       1 PUL0038	1.01e-146
      1       1 PUL0047	1.69e-72
      1       1 PUL0049	1.16e-123
      1       1 PUL0050	1.41e-90
      1       1 PUL0058	1.25e-164
      1       1 PUL0061	5.18e-166
      1       1 PUL0071	7.26e-106
      1       1 PUL0106	1.56e-218
      1       1 PUL0106	1.75e-99
      1       1 PUL0108	3.25e-23
      1       1 PUL0108	6.41e-83
      1       1 PUL0110	4.22e-43
      1       1 PUL0121	1.07e-66
      1       1 PUL0121	1.64e-163
      1       1 PUL0121	2.31e-25
      1       1 PUL0121	3.06e-26
      1       1 PUL0121	3.61e-19
      1       1 PUL0136	1.63e-14
      1       1 PUL0143	1.64e-149
      1       1 PUL0152	2.46e-23
      1       1 PUL0173	1.85e-43
      1       1 PUL0188	4.53e-118
      1       1 PUL0199	3.03e-71
      1       1 PUL0212	8.53e-38
      1       1 PUL0267	1.74e-176
      1       1 PUL0274	1.15e-123
      1       1 PUL0286	1.14e-111
      1       1 PUL0296	8.18e-82
      1       1 PUL0299	1.77e-102
      1       1 PUL0316	2.50e-76
      1       1 PUL0316	6.00e-60
      1       1 PUL0324	5.60e-227
      1       1 PUL0333	3.62e-105
      1       1 PUL0334	1.60e-10
      1       1 PUL0335	1.11e-77
      1       1 PUL0335	4.02e-157
      1       1 PUL0335	6.34e-183
      1       1 PUL0337	5.37e-72
      1       1 PUL0337	7.87e-30
      1       1 PUL0339	4.43e-80
      1       1 PUL0339	7.78e-37
      1       1 PUL0340	2.25e-41
      1       1 PUL0340	3.33e-07
      1       1 PUL0340	3.46e-128
      1       1 PUL0341	1.30e-43
      1       1 PUL0341	1.93e-151
      1       1 PUL0413	1.51e-113
      1       1 PUL0413	2.64e-05
      1       1 PUL0429	1.54e-27
      1       1 PUL0429	4.60e-43
      1       1 PUL0454	2.10e-182
      1       1 PUL0459	2.71e-19
      1       1 PUL0461	1.83e-12
      1       1 PUL0513	6.54e-25
      1       1 PUL0530	2.43e-46
