      1       1 PUL0001	3.67e-137
      1       1 PUL0070	5.43e-162
      1       1 PUL0093	1.58e-32
      1       1 PUL0103	4.33e-214
      1       1 PUL0106	2.94e-304
      1       1 PUL0124	1.81e-155
      1       1 PUL0178	5.55e-173
      1       1 PUL0206	9.89e-231
      1       1 PUL0267	4.21e-223
      1       1 PUL0267	7.51e-295
      1       1 PUL0281	2.54e-44
      1       1 PUL0333	1.41e-87
      1       1 PUL0337	2.23e-88
      1       1 PUL0339	1.05e-111
      1       1 PUL0339	1.76e-208
      1       1 PUL0339	4.44e-278
      1       1 PUL0341	6.90e-177
      1       1 PUL0368	4.31e-36
      1       1 PUL0406	5.11e-184
      1       1 PUL0584	5.78e-139
