      1       1 PUL0017	3.49e-187
      1       1 PUL0017	5.07e-190
      1       1 PUL0045	5.73e-07
      1       1 PUL0049	4.89e-317
      1       1 PUL0061	2.79e-15
      1       1 PUL0094	4.53e-121
      1       1 PUL0103	2.31e-210
      1       1 PUL0106	5.30e-190
      1       1 PUL0145	1.74e-317
      1       1 PUL0145	3.53e-57
      1       1 PUL0206	1.29e-270
      1       1 PUL0255	4.42e-56
      1       1 PUL0300	2.72e-82
      1       1 PUL0335	6.57e-154
      1       1 PUL0339	3.95e-181
      1       1 PUL0341	2.35e-178
      1       1 PUL0353	1.62e-183
      1       1 PUL0431	3.38e-149
      1       1 PUL0459	6.03e-18
      1       1 PUL0501	3.64e-201
      1       1 PUL0521	7.54e-159
      1       1 PUL0527	1.63e-97
      1       1 PUL0527	5.72e-271
