      1       1 PUL0009	1.06e-123
      1       1 PUL0009	7.17e-44
      1       1 PUL0013	2.65e-35
      1       1 PUL0017	6.07e-159
      1       1 PUL0029	2.57e-36
      1       1 PUL0038	1.40e-258
      1       1 PUL0061	2.36e-95
      1       1 PUL0070	2.36e-168
      1       1 PUL0101	1.77e-60
      1       1 PUL0106	3.27e-178
      1       1 PUL0108	4.06e-31
      1       1 PUL0108	5.59e-42
      1       1 PUL0155	4.39e-29
      1       1 PUL0176	8.88e-53
      1       1 PUL0184	1.63e-30
      1       1 PUL0205	2.80e-90
      1       1 PUL0217	1.73e-46
      1       1 PUL0236	2.84e-91
      1       1 PUL0267	2.03e-75
      1       1 PUL0267	2.81e-223
      1       1 PUL0291	2.92e-24
      1       1 PUL0300	1.33e-100
      1       1 PUL0316	3.98e-64
      1       1 PUL0333	8.20e-21
      1       1 PUL0333	9.52e-78
      1       1 PUL0335	1.08e-171
      1       1 PUL0335	5.61e-71
      1       1 PUL0339	3.18e-163
      1       1 PUL0340	5.14e-140
      1       1 PUL0368	1.04e-62
      1       1 PUL0390	1.19e-35
      1       1 PUL0399	6.17e-23
      1       1 PUL0404	4.79e-42
      1       1 PUL0429	6.88e-113
      1       1 PUL0459	2.94e-10
      1       1 PUL0460	2.54e-60
      1       1 PUL0460	7.54e-93
      1       1 PUL0475	2.44e-135
      1       1 PUL0573	1.33e-36
      1       1 PUL0577	7.44e-48
      1       1 PUL0584	3.42e-139
      1       1 PUL0598	2.14e-112
