      1       1 PUL0010	5.13e-206
      1       1 PUL0017	2.86e-184
      1       1 PUL0019	8.28e-99
      1       1 PUL0024	5.83e-50
      1       1 PUL0049	1.05e-287
      1       1 PUL0058	7.78e-169
      1       1 PUL0067	4.95e-288
      1       1 PUL0074	1.18e-161
      1       1 PUL0094	1.73e-87
      1       1 PUL0101	2.46e-85
      1       1 PUL0103	1.27e-172
      1       1 PUL0106	1.41e-165
      1       1 PUL0108	3.67e-52
      1       1 PUL0121	1.88e-21
      1       1 PUL0124	5.55e-167
      1       1 PUL0134	5.89e-104
      1       1 PUL0136	2.44e-95
      1       1 PUL0145	1.05e-89
      1       1 PUL0145	5.02e-132
      1       1 PUL0145	6.32e-217
      1       1 PUL0149	3.33e-38
      1       1 PUL0160	4.38e-131
      1       1 PUL0160	8.12e-94
      1       1 PUL0169	7.97e-187
      1       1 PUL0180	1.90e-233
      1       1 PUL0193	7.58e-264
      1       1 PUL0235	1.31e-118
      1       1 PUL0241	5.20e-113
      1       1 PUL0252	3.30e-307
      1       1 PUL0263	1.55e-145
      1       1 PUL0267	1.80e-309
      1       1 PUL0267	3.85e-222
      1       1 PUL0292	6.68e-33
      1       1 PUL0300	1.22e-74
      1       1 PUL0300	2.65e-105
      1       1 PUL0316	9.21e-86
      1       1 PUL0326	1.13e-34
      1       1 PUL0333	1.19e-141
      1       1 PUL0333	1.66e-50
      1       1 PUL0335	3.28e-147
      1       1 PUL0336	3.90e-80
      1       1 PUL0339	5.18e-124
      1       1 PUL0339	5.69e-262
      1       1 PUL0340	1.05e-97
      1       1 PUL0344	4.38e-86
      1       1 PUL0355	1.99e-19
      1       1 PUL0355	2.15e-44
      1       1 PUL0399	9.97e-92
      1       1 PUL0410	9.53e-71
      1       1 PUL0419	1.66e-280
      1       1 PUL0430	8.12e-09
      1       1 PUL0435	4.28e-316
      1       1 PUL0436	1.07e-178
      1       1 PUL0442	2.72e-304
      1       1 PUL0443	3.84e-260
      1       1 PUL0450	1.02e-139
      1       1 PUL0458	9.98e-41
      1       1 PUL0460	1.40e-61
      1       1 PUL0468	5.10e-197
      1       1 PUL0473	5.08e-290
      1       1 PUL0478	3.86e-312
      1       1 PUL0482	2.82e-266
      1       1 PUL0483	4.95e-245
      1       1 PUL0527	2.19e-120
      1       1 PUL0527	5.42e-249
      1       1 PUL0530	1.49e-163
      1       1 PUL0534	6.91e-189
      1       1 PUL0548	3.21e-193
      1       1 PUL0550	1.25e-292
      1       1 PUL0555	1.20e-215
      1       1 PUL0576	6.50e-49
