      1       1 PUL0001	6.56e-176
      1       1 PUL0006	3.25e-201
      1       1 PUL0009	1.28e-87
      1       1 PUL0014	4.88e-30
      1       1 PUL0016	2.04e-179
      1       1 PUL0016	4.88e-164
      1       1 PUL0016	5.62e-141
      1       1 PUL0017	1.20e-17
      1       1 PUL0017	7.04e-183
      1       1 PUL0019	2.01e-158
      1       1 PUL0019	2.29e-105
      1       1 PUL0022	1.24e-124
      1       1 PUL0022	1.39e-80
      1       1 PUL0022	4.45e-172
      1       1 PUL0022	4.79e-135
      1       1 PUL0022	7.57e-170
      1       1 PUL0022	8.38e-138
      1       1 PUL0024	5.73e-254
      1       1 PUL0024	5.88e-171
      1       1 PUL0024	6.61e-32
      1       1 PUL0025	9.60e-64
      1       1 PUL0025	9.90e-15
      1       1 PUL0029	2.22e-189
      1       1 PUL0029	8.33e-218
      1       1 PUL0041	1.11e-197
      1       1 PUL0041	3.55e-176
      1       1 PUL0058	9.65e-267
      1       1 PUL0060	1.26e-75
      1       1 PUL0070	2.29e-165
      1       1 PUL0090	1.42e-30
      1       1 PUL0106	4.12e-234
      1       1 PUL0107	3.50e-173
      1       1 PUL0107	3.64e-142
      1       1 PUL0108	4.91e-39
      1       1 PUL0113	2.50e-176
      1       1 PUL0113	8.16e-215
      1       1 PUL0114	1.71e-190
      1       1 PUL0121	1.33e-212
      1       1 PUL0123	3.00e-16
      1       1 PUL0123	3.33e-16
      1       1 PUL0123	8.88e-40
      1       1 PUL0124	7.28e-111
      1       1 PUL0124	9.04e-102
      1       1 PUL0160	2.60e-94
      1       1 PUL0172	3.48e-90
      1       1 PUL0180	3.68e-04
      1       1 PUL0184	3.90e-133
      1       1 PUL0186	1.65e-65
      1       1 PUL0186	3.16e-161
      1       1 PUL0212	1.56e-142
      1       1 PUL0213	2.80e-257
      1       1 PUL0227	1.17e-119
      1       1 PUL0230	2.85e-116
      1       1 PUL0238	1.24e-122
      1       1 PUL0238	2.85e-44
      1       1 PUL0256	1.17e-152
      1       1 PUL0265	2.02e-136
      1       1 PUL0267	1.52e-79
      1       1 PUL0294	2.82e-82
      1       1 PUL0311	7.04e-52
      1       1 PUL0335	4.04e-37
      1       1 PUL0335	7.90e-174
      1       1 PUL0337	2.07e-118
      1       1 PUL0337	5.05e-207
      1       1 PUL0340	2.72e-41
      1       1 PUL0340	8.84e-187
      1       1 PUL0341	1.64e-88
      1       1 PUL0347	2.47e-313
      1       1 PUL0347	6.05e-68
      1       1 PUL0349	7.34e-219
      1       1 PUL0349	8.44e-123
      1       1 PUL0349	8.60e-137
      1       1 PUL0370	2.96e-122
      1       1 PUL0370	3.69e-156
      1       1 PUL0372	8.34e-181
      1       1 PUL0375	1.06e-65
      1       1 PUL0390	1.28e-30
      1       1 PUL0396	1.52e-77
      1       1 PUL0406	4.77e-208
      1       1 PUL0406	5.50e-36
      1       1 PUL0413	8.24e-160
      1       1 PUL0449	7.45e-16
      1       1 PUL0494	8.07e-65
      1       1 PUL0501	4.00e-53
      1       1 PUL0518	4.37e-49
      1       1 PUL0530	1.12e-48
      1       1 PUL0530	6.82e-277
      1       1 PUL0574	1.11e-87
      1       1 PUL0575	1.98e-198
      1       1 PUL0576	2.23e-125
      1       1 PUL0576	3.22e-215
      1       1 PUL0579	1.89e-83
      1       1 PUL0591	2.24e-51
