PUL0001	1
PUL0006	1
PUL0009	1
PUL0014	1
PUL0016	3
PUL0017	2
PUL0019	2
PUL0022	6
PUL0024	3
PUL0025	2
PUL0029	2
PUL0041	2
PUL0058	1
PUL0060	1
PUL0070	1
PUL0090	1
PUL0106	1
PUL0107	2
PUL0108	1
PUL0113	2
PUL0114	1
PUL0121	1
PUL0123	3
PUL0124	2
PUL0160	1
PUL0172	1
PUL0180	1
PUL0184	1
PUL0186	2
PUL0212	1
PUL0213	1
PUL0227	1
PUL0230	1
PUL0238	2
PUL0256	1
PUL0265	1
PUL0267	1
PUL0294	1
PUL0311	1
PUL0335	2
PUL0337	2
PUL0340	2
PUL0341	1
PUL0347	2
PUL0349	3
PUL0370	2
PUL0372	1
PUL0375	1
PUL0390	1
PUL0396	1
PUL0406	2
PUL0413	1
PUL0449	1
PUL0494	1
PUL0501	1
PUL0518	1
PUL0530	2
PUL0574	1
PUL0575	1
PUL0576	2
PUL0579	1
PUL0591	1
