      1       1 PUL0017	1.59e-188
      1       1 PUL0017	8.72e-116
      1       1 PUL0037	1.04e-24
      1       1 PUL0038	5.60e-161
      1       1 PUL0049	1.35e-199
      1       1 PUL0050	3.83e-89
      1       1 PUL0058	1.61e-211
      1       1 PUL0062	9.12e-60
      1       1 PUL0069	8.85e-266
      1       1 PUL0100	1.57e-287
      1       1 PUL0101	2.77e-147
      1       1 PUL0121	3.22e-63
      1       1 PUL0168	1.04e-305
      1       1 PUL0202	1.99e-298
      1       1 PUL0206	2.17e-227
      1       1 PUL0248	1.49e-181
      1       1 PUL0301	3.99e-303
      1       1 PUL0316	7.61e-115
      1       1 PUL0420	2.43e-211
      1       1 PUL0446	1.61e-98
      1       1 PUL0586	3.87e-243
      1       1 PUL0599	9.58e-125
