      1       1 PUL0017	7.24e-182
      1       1 PUL0024	5.75e-62
      1       1 PUL0029	2.31e-40
      1       1 PUL0049	1.50e-109
      1       1 PUL0050	2.50e-37
      1       1 PUL0070	1.13e-188
      1       1 PUL0101	6.12e-67
      1       1 PUL0106	1.05e-121
      1       1 PUL0106	4.44e-183
      1       1 PUL0106	5.03e-07
      1       1 PUL0106	8.51e-167
      1       1 PUL0121	1.48e-47
      1       1 PUL0121	3.24e-18
      1       1 PUL0121	4.00e-94
      1       1 PUL0124	7.34e-176
      1       1 PUL0145	1.11e-192
      1       1 PUL0162	4.39e-166
      1       1 PUL0180	2.38e-87
      1       1 PUL0180	3.37e-157
      1       1 PUL0209	1.02e-67
      1       1 PUL0230	2.06e-106
      1       1 PUL0230	6.71e-46
      1       1 PUL0248	1.85e-127
      1       1 PUL0254	2.01e-120
      1       1 PUL0267	8.00e-58
      1       1 PUL0281	1.50e-123
      1       1 PUL0281	2.35e-34
      1       1 PUL0294	1.70e-58
      1       1 PUL0316	1.42e-90
      1       1 PUL0335	2.05e-192
      1       1 PUL0335	2.22e-38
      1       1 PUL0336	4.12e-09
      1       1 PUL0336	4.96e-95
      1       1 PUL0337	3.07e-190
      1       1 PUL0337	8.00e-65
      1       1 PUL0340	3.38e-145
      1       1 PUL0340	5.63e-293
      1       1 PUL0341	7.09e-199
      1       1 PUL0347	8.09e-56
      1       1 PUL0396	7.23e-86
      1       1 PUL0406	2.04e-197
      1       1 PUL0413	8.45e-163
      1       1 PUL0438	4.93e-10
      1       1 PUL0454	7.26e-41
      1       1 PUL0460	1.81e-66
      1       1 PUL0504	1.49e-11
