      1       1 PUL0028	2.97e-185
      1       1 PUL0038	1.44e-157
      1       1 PUL0049	6.27e-207
      1       1 PUL0058	1.04e-203
      1       1 PUL0060	3.14e-185
      1       1 PUL0060	9.95e-113
      1       1 PUL0061	2.86e-227
      1       1 PUL0061	5.88e-20
      1       1 PUL0069	3.38e-89
      1       1 PUL0069	4.38e-143
      1       1 PUL0106	1.73e-221
      1       1 PUL0106	4.40e-97
      1       1 PUL0122	2.58e-164
      1       1 PUL0130	2.31e-136
      1       1 PUL0145	7.14e-112
      1       1 PUL0180	1.92e-88
      1       1 PUL0180	2.93e-163
      1       1 PUL0214	2.23e-97
      1       1 PUL0226	5.50e-30
      1       1 PUL0230	1.28e-74
      1       1 PUL0235	1.04e-137
      1       1 PUL0235	3.07e-16
      1       1 PUL0245	7.79e-256
      1       1 PUL0261	1.90e-76
      1       1 PUL0267	2.29e-233
      1       1 PUL0335	2.64e-46
      1       1 PUL0337	3.92e-36
      1       1 PUL0339	2.98e-88
      1       1 PUL0341	1.88e-166
      1       1 PUL0373	7.14e-121
      1       1 PUL0413	4.04e-171
      1       1 PUL0451	1.27e-08
      1       1 PUL0459	3.29e-41
      1       1 PUL0527	1.66e-58
      1       1 PUL0599	8.75e-133
