      1       1 PUL0001	9.73e-96
      1       1 PUL0029	1.23e-50
      1       1 PUL0029	1.99e-83
      1       1 PUL0029	5.65e-55
      1       1 PUL0049	2.20e-161
      1       1 PUL0050	1.64e-95
      1       1 PUL0058	2.32e-231
      1       1 PUL0106	6.10e-98
      1       1 PUL0108	4.80e-34
      1       1 PUL0124	1.97e-200
      1       1 PUL0196	6.08e-135
      1       1 PUL0267	5.90e-56
      1       1 PUL0277	1.13e-283
      1       1 PUL0300	5.88e-46
      1       1 PUL0335	4.07e-164
      1       1 PUL0340	3.62e-131
      1       1 PUL0341	7.52e-171
      1       1 PUL0347	7.04e-221
      1       1 PUL0347	8.57e-41
      1       1 PUL0406	5.80e-183
      1       1 PUL0414	1.74e-78
      1       1 PUL0414	3.43e-53
      1       1 PUL0414	6.21e-110
      1       1 PUL0436	1.37e-10
      1       1 PUL0530	4.80e-253
