      1       1 PUL0001	9.10e-278
      1       1 PUL0020	1.60e-40
      1       1 PUL0024	6.18e-214
      1       1 PUL0024	8.12e-95
      1       1 PUL0029	1.88e-43
      1       1 PUL0029	2.06e-177
      1       1 PUL0049	1.09e-150
      1       1 PUL0058	4.12e-178
      1       1 PUL0070	5.77e-161
      1       1 PUL0071	8.00e-127
      1       1 PUL0075	7.66e-74
      1       1 PUL0094	3.79e-93
      1       1 PUL0101	1.01e-46
      1       1 PUL0101	7.79e-84
      1       1 PUL0101	8.65e-44
      1       1 PUL0103	2.08e-134
      1       1 PUL0104	2.68e-63
      1       1 PUL0106	3.02e-210
      1       1 PUL0106	6.67e-178
      1       1 PUL0108	1.66e-31
      1       1 PUL0108	3.65e-44
      1       1 PUL0111	9.69e-66
      1       1 PUL0121	2.54e-69
      1       1 PUL0124	2.14e-226
      1       1 PUL0124	2.21e-16
      1       1 PUL0140	7.03e-168
      1       1 PUL0161	7.03e-12
      1       1 PUL0162	9.64e-181
      1       1 PUL0180	1.26e-150
      1       1 PUL0184	1.54e-134
      1       1 PUL0213	1.89e-213
      1       1 PUL0214	1.15e-147
      1       1 PUL0230	9.57e-126
      1       1 PUL0236	9.66e-21
      1       1 PUL0270	1.25e-60
      1       1 PUL0271	1.55e-186
      1       1 PUL0282	1.98e-123
      1       1 PUL0294	3.57e-80
      1       1 PUL0300	2.89e-100
      1       1 PUL0300	3.02e-94
      1       1 PUL0327	1.04e-51
      1       1 PUL0332	4.76e-88
      1       1 PUL0333	1.43e-123
      1       1 PUL0333	3.45e-109
      1       1 PUL0337	1.95e-200
      1       1 PUL0339	7.77e-162
      1       1 PUL0347	1.28e-90
      1       1 PUL0347	3.94e-53
      1       1 PUL0384	5.79e-38
      1       1 PUL0390	2.62e-99
      1       1 PUL0399	5.53e-252
      1       1 PUL0406	1.52e-220
      1       1 PUL0413	1.24e-162
      1       1 PUL0413	2.55e-20
      1       1 PUL0452	3.65e-76
      1       1 PUL0460	5.29e-07
      1       1 PUL0493	2.92e-78
      1       1 PUL0501	2.09e-163
      1       1 PUL0519	3.63e-313
      1       1 PUL0519	3.94e-154
      1       1 PUL0576	8.97e-143
      1       1 PUL0584	2.34e-164
      1       1 PUL0584	5.02e-157
      1       1 PUL0590	3.32e-125
      1       1 PUL0595	1.09e-191
      1       1 PUL0596	1.75e-302
