PUL0001;1
PUL0020;1
PUL0024;2
PUL0029;2
PUL0049;1
PUL0058;1
PUL0070;1
PUL0071;1
PUL0075;1
PUL0094;1
PUL0101;3
PUL0103;1
PUL0104;1
PUL0106;2
PUL0108;2
PUL0111;1
PUL0121;1
PUL0124;2
PUL0140;1
PUL0161;1
PUL0162;1
PUL0180;1
PUL0184;1
PUL0213;1
PUL0214;1
PUL0230;1
PUL0236;1
PUL0270;1
PUL0271;1
PUL0282;1
PUL0294;1
PUL0300;2
PUL0327;1
PUL0332;1
PUL0333;2
PUL0337;1
PUL0339;1
PUL0347;2
PUL0384;1
PUL0390;1
PUL0399;1
PUL0406;1
PUL0413;2
PUL0452;1
PUL0460;1
PUL0493;1
PUL0501;1
PUL0519;2
PUL0576;1
PUL0584;2
PUL0590;1
PUL0595;1
PUL0596;1
