      1       1 PUL0017	2.06e-191
      1       1 PUL0038	1.25e-167
      1       1 PUL0049	1.50e-286
      1       1 PUL0093	3.73e-31
      1       1 PUL0096	7.86e-33
      1       1 PUL0106	1.13e-70
      1       1 PUL0106	9.34e-294
      1       1 PUL0145	2.54e-215
      1       1 PUL0145	2.77e-306
      1       1 PUL0145	3.18e-274
      1       1 PUL0145	4.78e-288
      1       1 PUL0152	2.52e-119
      1       1 PUL0160	2.28e-253
      1       1 PUL0170	2.06e-284
      1       1 PUL0180	1.83e-236
      1       1 PUL0180	2.03e-22
      1       1 PUL0199	1.12e-151
      1       1 PUL0199	6.33e-41
      1       1 PUL0236	1.91e-107
      1       1 PUL0236	3.75e-84
      1       1 PUL0236	8.86e-89
      1       1 PUL0267	2.68e-309
      1       1 PUL0292	9.47e-37
      1       1 PUL0316	1.18e-79
      1       1 PUL0329	2.91e-127
      1       1 PUL0335	4.92e-65
      1       1 PUL0336	3.07e-71
      1       1 PUL0337	8.76e-87
      1       1 PUL0339	2.48e-262
      1       1 PUL0339	5.37e-215
      1       1 PUL0344	6.48e-48
      1       1 PUL0375	4.07e-87
      1       1 PUL0387	2.74e-51
      1       1 PUL0406	9.54e-94
      1       1 PUL0409	2.35e-49
      1       1 PUL0413	5.63e-162
      1       1 PUL0436	7.31e-177
      1       1 PUL0443	1.77e-248
      1       1 PUL0443	4.81e-255
      1       1 PUL0473	7.84e-260
      1       1 PUL0482	6.86e-131
      1       1 PUL0485	1.46e-167
      1       1 PUL0516	1.07e-151
      1       1 PUL0521	3.13e-159
      1       1 PUL0522	1.01e-128
      1       1 PUL0527	1.33e-251
      1       1 PUL0560	1.71e-13
