      1       1 PUL0013	2.96e-07
      1       1 PUL0015	1.35e-167
      1       1 PUL0017	7.42e-230
      1       1 PUL0024	2.71e-277
      1       1 PUL0024	2.79e-89
      1       1 PUL0025	1.35e-164
      1       1 PUL0025	1.99e-110
      1       1 PUL0025	3.71e-112
      1       1 PUL0049	1.16e-158
      1       1 PUL0049	1.83e-27
      1       1 PUL0106	4.65e-215
      1       1 PUL0121	1.40e-67
      1       1 PUL0121	2.05e-70
      1       1 PUL0121	3.41e-72
      1       1 PUL0121	4.12e-110
      1       1 PUL0124	1.64e-172
      1       1 PUL0124	6.48e-219
      1       1 PUL0124	7.92e-214
      1       1 PUL0227	1.37e-71
      1       1 PUL0230	7.53e-70
      1       1 PUL0237	1.36e-39
      1       1 PUL0254	1.01e-72
      1       1 PUL0254	1.13e-212
      1       1 PUL0267	7.16e-186
      1       1 PUL0298	9.18e-39
      1       1 PUL0302	2.24e-176
      1       1 PUL0335	2.98e-126
      1       1 PUL0335	5.02e-144
      1       1 PUL0337	6.61e-207
      1       1 PUL0340	4.44e-35
      1       1 PUL0340	8.14e-40
      1       1 PUL0341	1.22e-189
      1       1 PUL0345	1.94e-75
      1       1 PUL0347	6.62e-225
      1       1 PUL0368	8.74e-90
      1       1 PUL0406	1.06e-209
      1       1 PUL0406	1.76e-09
      1       1 PUL0406	1.83e-18
      1       1 PUL0406	5.07e-57
      1       1 PUL0406	9.04e-23
      1       1 PUL0406	9.66e-27
      1       1 PUL0413	5.19e-169
      1       1 PUL0413	6.91e-123
      1       1 PUL0519	9.41e-291
      1       1 PUL0576	2.10e-215
      1       1 PUL0600	1.19e-193
