      1       1 PUL0005	1.53e-279
      1       1 PUL0016	5.81e-176
      1       1 PUL0016	6.10e-259
      1       1 PUL0017	9.42e-192
      1       1 PUL0020	1.18e-269
      1       1 PUL0029	1.14e-139
      1       1 PUL0037	2.14e-72
      1       1 PUL0048	3.18e-205
      1       1 PUL0070	1.31e-183
      1       1 PUL0106	4.92e-122
      1       1 PUL0122	6.77e-205
      1       1 PUL0130	2.31e-222
      1       1 PUL0184	1.79e-32
      1       1 PUL0195	1.66e-87
      1       1 PUL0195	7.64e-119
      1       1 PUL0196	1.12e-146
      1       1 PUL0230	1.76e-290
      1       1 PUL0267	4.93e-165
      1       1 PUL0316	2.21e-95
      1       1 PUL0335	1.65e-117
      1       1 PUL0340	5.31e-40
      1       1 PUL0341	1.87e-187
      1       1 PUL0347	1.03e-289
      1       1 PUL0384	2.83e-50
      1       1 PUL0390	3.25e-130
      1       1 PUL0390	8.99e-79
      1       1 PUL0406	1.82e-115
      1       1 PUL0406	5.69e-101
      1       1 PUL0413	8.17e-162
      1       1 PUL0530	1.73e-246
      1       1 PUL0584	6.61e-153
