      1       1 PUL0022	2.60e-188
      1       1 PUL0024	1.43e-110
      1       1 PUL0114	1.69e-191
      1       1 PUL0121	1.00e-29
      1       1 PUL0168	6.33e-51
      1       1 PUL0214	1.82e-170
      1       1 PUL0267	2.15e-153
      1       1 PUL0267	2.19e-241
      1       1 PUL0297	6.36e-63
      1       1 PUL0300	5.16e-38
      1       1 PUL0335	1.65e-136
      1       1 PUL0337	4.50e-196
      1       1 PUL0340	1.75e-93
      1       1 PUL0341	6.77e-157
      1       1 PUL0368	3.72e-140
      1       1 PUL0413	4.40e-50
      1       1 PUL0413	6.61e-113
      1       1 PUL0468	1.54e-31
      1       1 PUL0473	6.72e-20
      1       1 PUL0574	3.48e-18
      1       1 PUL0576	6.08e-278
      1       1 PUL0584	4.02e-124
