      1       1 PUL0028	1.69e-185
      1       1 PUL0038	1.50e-157
      1       1 PUL0049	3.05e-205
      1       1 PUL0058	3.45e-204
      1       1 PUL0060	2.98e-185
      1       1 PUL0061	4.16e-229
      1       1 PUL0069	3.87e-89
      1       1 PUL0069	4.98e-144
      1       1 PUL0106	1.05e-221
      1       1 PUL0106	1.73e-122
      1       1 PUL0106	3.83e-97
      1       1 PUL0121	2.92e-114
      1       1 PUL0121	9.65e-169
      1       1 PUL0122	2.22e-164
      1       1 PUL0123	3.64e-21
      1       1 PUL0130	1.84e-136
      1       1 PUL0130	8.66e-161
      1       1 PUL0152	1.28e-108
      1       1 PUL0180	3.83e-163
      1       1 PUL0214	2.70e-97
      1       1 PUL0235	1.29e-137
      1       1 PUL0236	1.04e-126
      1       1 PUL0261	8.91e-77
      1       1 PUL0267	2.03e-232
      1       1 PUL0335	4.92e-126
      1       1 PUL0337	4.19e-125
      1       1 PUL0339	2.23e-87
      1       1 PUL0341	1.95e-165
      1       1 PUL0373	9.77e-122
      1       1 PUL0390	2.98e-36
      1       1 PUL0390	3.36e-97
      1       1 PUL0390	4.16e-62
      1       1 PUL0410	3.98e-28
      1       1 PUL0413	1.96e-126
      1       1 PUL0413	3.80e-171
      1       1 PUL0414	9.95e-59
      1       1 PUL0428	2.96e-102
      1       1 PUL0448	3.07e-142
      1       1 PUL0459	4.85e-30
      1       1 PUL0460	1.17e-62
      1       1 PUL0527	8.52e-59
      1       1 PUL0530	4.29e-49
