      1       1 PUL0015	6.39e-15
      1       1 PUL0028	4.19e-185
      1       1 PUL0049	1.86e-206
      1       1 PUL0058	1.81e-203
      1       1 PUL0061	2.43e-226
      1       1 PUL0069	3.76e-89
      1       1 PUL0106	4.19e-121
      1       1 PUL0106	4.58e-222
      1       1 PUL0122	2.62e-164
      1       1 PUL0123	1.95e-21
      1       1 PUL0180	1.90e-88
      1       1 PUL0180	5.26e-163
      1       1 PUL0214	2.03e-97
      1       1 PUL0235	1.98e-137
      1       1 PUL0245	6.56e-256
      1       1 PUL0267	1.90e-233
      1       1 PUL0335	2.36e-157
      1       1 PUL0339	1.08e-87
      1       1 PUL0410	5.23e-28
      1       1 PUL0448	2.05e-143
      1       1 PUL0527	1.65e-58
