      1       1 PUL0009	7.19e-112
      1       1 PUL0017	5.03e-198
      1       1 PUL0029	8.55e-167
      1       1 PUL0038	1.27e-183
      1       1 PUL0050	1.07e-97
      1       1 PUL0061	2.19e-93
      1       1 PUL0094	4.09e-122
      1       1 PUL0121	1.76e-11
      1       1 PUL0184	2.08e-76
      1       1 PUL0246	2.87e-22
      1       1 PUL0267	4.26e-204
      1       1 PUL0267	5.96e-289
      1       1 PUL0335	2.74e-172
      1       1 PUL0341	3.86e-138
      1       1 PUL0406	2.30e-193
      1       1 PUL0406	2.53e-55
      1       1 PUL0406	5.33e-25
      1       1 PUL0413	2.10e-130
      1       1 PUL0517	7.20e-33
      1       1 PUL0584	2.61e-155
      1       1 PUL0593	2.20e-78
