      1       1 PUL0001	4.85e-161
      1       1 PUL0010	5.29e-217
      1       1 PUL0013	8.42e-31
      1       1 PUL0017	5.95e-204
      1       1 PUL0017	7.06e-189
      1       1 PUL0019	5.08e-193
      1       1 PUL0029	1.95e-32
      1       1 PUL0029	5.53e-211
      1       1 PUL0043	6.84e-110
      1       1 PUL0047	5.88e-72
      1       1 PUL0049	7.10e-38
      1       1 PUL0050	1.52e-46
      1       1 PUL0050	3.65e-100
      1       1 PUL0050	6.82e-90
      1       1 PUL0058	1.31e-250
      1       1 PUL0072	1.62e-70
      1       1 PUL0075	1.08e-09
      1       1 PUL0101	5.67e-52
      1       1 PUL0101	7.79e-67
      1       1 PUL0106	3.30e-201
      1       1 PUL0106	5.29e-173
      1       1 PUL0121	3.51e-18
      1       1 PUL0121	7.17e-125
      1       1 PUL0121	7.69e-82
      1       1 PUL0121	7.83e-22
      1       1 PUL0124	1.25e-163
      1       1 PUL0124	3.25e-209
      1       1 PUL0124	5.29e-19
      1       1 PUL0148	2.63e-27
      1       1 PUL0168	3.21e-22
      1       1 PUL0173	3.17e-05
      1       1 PUL0173	9.60e-63
      1       1 PUL0212	1.05e-157
      1       1 PUL0212	7.81e-154
      1       1 PUL0212	8.01e-114
      1       1 PUL0232	5.17e-23
      1       1 PUL0240	2.07e-80
      1       1 PUL0267	3.89e-80
      1       1 PUL0269	1.85e-70
      1       1 PUL0269	2.64e-50
      1       1 PUL0292	1.31e-38
      1       1 PUL0300	3.03e-31
      1       1 PUL0309	2.01e-08
      1       1 PUL0333	2.07e-85
      1       1 PUL0335	1.95e-131
      1       1 PUL0335	2.10e-109
      1       1 PUL0335	2.27e-127
      1       1 PUL0335	2.66e-202
      1       1 PUL0337	1.58e-10
      1       1 PUL0337	3.52e-82
      1       1 PUL0339	4.99e-165
      1       1 PUL0339	9.75e-56
      1       1 PUL0340	1.17e-184
      1       1 PUL0340	1.36e-64
      1       1 PUL0341	8.41e-204
      1       1 PUL0347	1.27e-280
      1       1 PUL0347	3.18e-224
      1       1 PUL0349	1.86e-221
      1       1 PUL0366	4.22e-78
      1       1 PUL0368	2.15e-84
      1       1 PUL0390	3.70e-111
      1       1 PUL0403	7.80e-48
      1       1 PUL0406	1.10e-253
      1       1 PUL0406	2.28e-12
      1       1 PUL0406	2.54e-08
      1       1 PUL0406	3.22e-23
      1       1 PUL0413	2.65e-161
      1       1 PUL0492	2.85e-123
      1       1 PUL0526	3.93e-130
      1       1 PUL0530	7.94e-274
      1       1 PUL0572	1.02e-102
      1       1 PUL0584	8.54e-169
      1       1 PUL0599	1.29e-104
