      1       1 PUL0047	1.41e-61
      1       1 PUL0047	3.53e-47
      1       1 PUL0047	9.86e-54
      1       1 PUL0049	1.04e-32
      1       1 PUL0049	2.28e-17
      1       1 PUL0049	3.52e-27
      1       1 PUL0049	3.57e-145
      1       1 PUL0049	3.81e-11
      1       1 PUL0049	6.54e-43
      1       1 PUL0050	3.84e-35
      1       1 PUL0061	2.71e-44
      1       1 PUL0070	1.45e-36
      1       1 PUL0101	4.13e-38
      1       1 PUL0106	1.65e-19
      1       1 PUL0106	1.67e-91
      1       1 PUL0106	8.89e-17
      1       1 PUL0107	1.55e-21
      1       1 PUL0107	4.90e-60
      1       1 PUL0108	4.50e-46
      1       1 PUL0108	5.83e-43
      1       1 PUL0108	6.74e-41
      1       1 PUL0121	3.38e-25
      1       1 PUL0121	5.72e-36
      1       1 PUL0121	7.08e-32
      1       1 PUL0121	8.12e-50
      1       1 PUL0123	7.31e-29
      1       1 PUL0124	4.17e-40
      1       1 PUL0145	1.07e-19
      1       1 PUL0145	2.17e-19
      1       1 PUL0147	8.54e-37
      1       1 PUL0162	2.89e-13
      1       1 PUL0178	1.43e-45
      1       1 PUL0178	1.99e-06
      1       1 PUL0180	2.03e-66
      1       1 PUL0180	8.29e-58
      1       1 PUL0212	1.65e-175
      1       1 PUL0212	2.52e-179
      1       1 PUL0214	4.26e-99
      1       1 PUL0216	8.90e-60
      1       1 PUL0237	1.09e-50
      1       1 PUL0267	1.38e-20
      1       1 PUL0267	3.16e-227
      1       1 PUL0267	7.67e-52
      1       1 PUL0269	2.43e-48
      1       1 PUL0302	4.30e-12
      1       1 PUL0309	1.50e-80
      1       1 PUL0316	6.16e-103
      1       1 PUL0329	1.15e-21
      1       1 PUL0333	1.03e-07
      1       1 PUL0333	1.13e-64
      1       1 PUL0335	5.16e-40
      1       1 PUL0339	1.40e-133
      1       1 PUL0340	2.61e-109
      1       1 PUL0340	7.11e-136
      1       1 PUL0341	7.36e-06
      1       1 PUL0341	9.94e-87
      1       1 PUL0368	1.37e-20
      1       1 PUL0368	5.05e-33
      1       1 PUL0390	5.40e-43
      1       1 PUL0406	2.89e-05
      1       1 PUL0406	3.80e-04
      1       1 PUL0406	5.68e-103
      1       1 PUL0413	3.86e-43
      1       1 PUL0414	2.17e-08
      1       1 PUL0423	1.29e-101
      1       1 PUL0429	5.11e-23
      1       1 PUL0429	9.49e-36
      1       1 PUL0438	1.88e-08
      1       1 PUL0454	1.93e-31
      1       1 PUL0454	5.25e-32
      1       1 PUL0454	6.30e-52
      1       1 PUL0459	1.23e-32
      1       1 PUL0459	4.63e-33
      1       1 PUL0460	1.36e-09
      1       1 PUL0460	2.49e-20
      1       1 PUL0460	3.64e-27
      1       1 PUL0460	6.76e-39
      1       1 PUL0460	8.22e-09
      1       1 PUL0463	1.84e-09
      1       1 PUL0493	5.85e-90
      1       1 PUL0527	1.41e-87
      1       1 PUL0530	1.35e-23
      1       1 PUL0534	1.31e-35
      1       1 PUL0584	3.15e-69
