      1       1 PUL0017	8.10e-193
      1       1 PUL0031	5.14e-312
      1       1 PUL0047	6.41e-58
      1       1 PUL0049	1.74e-12
      1       1 PUL0104	1.59e-50
      1       1 PUL0121	2.58e-161
      1       1 PUL0130	3.10e-150
      1       1 PUL0139	7.15e-22
      1       1 PUL0143	8.39e-195
      1       1 PUL0180	1.28e-13
      1       1 PUL0180	6.47e-68
      1       1 PUL0187	9.57e-17
      1       1 PUL0267	4.62e-246
      1       1 PUL0271	1.39e-309
      1       1 PUL0275	3.64e-306
      1       1 PUL0297	1.46e-62
      1       1 PUL0297	3.20e-153
      1       1 PUL0299	1.40e-295
      1       1 PUL0335	5.36e-134
      1       1 PUL0337	1.89e-195
      1       1 PUL0340	2.34e-12
      1       1 PUL0341	4.00e-161
      1       1 PUL0368	9.89e-158
      1       1 PUL0374	6.00e-67
      1       1 PUL0544	5.60e-38
      1       1 PUL0584	8.75e-126
