      1       1 PUL0001	1.52e-126
      1       1 PUL0017	2.22e-188
      1       1 PUL0017	8.83e-172
      1       1 PUL0024	1.23e-166
      1       1 PUL0029	1.01e-41
      1       1 PUL0029	9.62e-90
      1       1 PUL0038	6.69e-141
      1       1 PUL0049	1.12e-33
      1       1 PUL0049	7.22e-146
      1       1 PUL0061	2.47e-159
      1       1 PUL0101	1.34e-38
      1       1 PUL0101	9.04e-31
      1       1 PUL0101	9.27e-48
      1       1 PUL0106	1.53e-155
      1       1 PUL0106	1.72e-10
      1       1 PUL0106	3.84e-149
      1       1 PUL0113	3.16e-213
      1       1 PUL0121	1.12e-145
      1       1 PUL0121	1.27e-45
      1       1 PUL0121	8.46e-50
      1       1 PUL0124	4.55e-200
      1       1 PUL0139	8.02e-24
      1       1 PUL0161	3.37e-18
      1       1 PUL0172	4.89e-56
      1       1 PUL0212	1.09e-192
      1       1 PUL0212	2.06e-14
      1       1 PUL0291	3.20e-28
      1       1 PUL0337	2.75e-96
      1       1 PUL0339	7.54e-23
      1       1 PUL0340	1.57e-220
      1       1 PUL0341	2.49e-69
      1       1 PUL0341	7.32e-96
      1       1 PUL0341	7.43e-47
      1       1 PUL0347	1.29e-229
      1       1 PUL0347	5.06e-06
      1       1 PUL0368	1.64e-45
      1       1 PUL0368	4.59e-107
      1       1 PUL0368	8.15e-123
      1       1 PUL0406	3.17e-205
      1       1 PUL0406	7.03e-119
      1       1 PUL0406	8.97e-15
      1       1 PUL0413	5.86e-119
      1       1 PUL0451	7.96e-07
      1       1 PUL0454	4.64e-21
      1       1 PUL0506	2.47e-14
      1       1 PUL0530	1.01e-229
      1       1 PUL0560	2.06e-26
      1       1 PUL0595	1.16e-122
