      1       1 PUL0017	1.01e-192
      1       1 PUL0026	1.56e-171
      1       1 PUL0049	1.33e-189
      1       1 PUL0049	1.39e-219
      1       1 PUL0094	1.05e-257
      1       1 PUL0094	1.23e-136
      1       1 PUL0103	1.10e-310
      1       1 PUL0108	3.07e-167
      1       1 PUL0108	4.64e-81
      1       1 PUL0145	4.53e-217
      1       1 PUL0166	3.09e-314
      1       1 PUL0178	1.92e-274
      1       1 PUL0261	1.05e-81
      1       1 PUL0267	3.56e-306
      1       1 PUL0335	8.19e-203
      1       1 PUL0336	2.64e-188
      1       1 PUL0382	7.86e-291
      1       1 PUL0410	1.50e-31
      1       1 PUL0417	1.46e-268
      1       1 PUL0424	2.27e-26
      1       1 PUL0443	1.60e-127
      1       1 PUL0467	2.25e-253
      1       1 PUL0479	7.25e-218
      1       1 PUL0485	1.93e-257
      1       1 PUL0496	1.31e-101
      1       1 PUL0498	3.76e-39
      1       1 PUL0502	6.92e-223
      1       1 PUL0507	2.91e-18
      1       1 PUL0539	1.11e-216
