      1       1 PUL0012	1.23e-45
      1       1 PUL0013	5.04e-07
      1       1 PUL0013	7.48e-06
      1       1 PUL0036	6.64e-130
      1       1 PUL0038	1.97e-152
      1       1 PUL0060	7.70e-204
      1       1 PUL0061	7.79e-134
      1       1 PUL0121	2.21e-71
      1       1 PUL0121	2.37e-61
      1       1 PUL0124	1.69e-173
      1       1 PUL0145	1.21e-240
      1       1 PUL0145	1.44e-202
      1       1 PUL0145	2.11e-188
      1       1 PUL0145	2.97e-200
      1       1 PUL0180	3.19e-154
      1       1 PUL0269	2.51e-70
      1       1 PUL0280	1.19e-04
      1       1 PUL0303	1.45e-116
      1       1 PUL0316	3.52e-96
      1       1 PUL0335	4.82e-06
      1       1 PUL0337	1.60e-137
      1       1 PUL0337	7.19e-80
      1       1 PUL0340	6.02e-23
      1       1 PUL0347	1.31e-30
      1       1 PUL0375	5.20e-97
      1       1 PUL0390	7.17e-65
      1       1 PUL0393	3.41e-157
      1       1 PUL0401	1.95e-14
      1       1 PUL0429	1.30e-178
      1       1 PUL0459	4.77e-245
      1       1 PUL0460	2.95e-95
      1       1 PUL0476	6.41e-62
      1       1 PUL0502	1.25e-94
