      1       1 PUL0017	7.20e-178
      1       1 PUL0038	3.43e-167
      1       1 PUL0058	3.38e-223
      1       1 PUL0058	5.39e-223
      1       1 PUL0058	7.10e-223
      1       1 PUL0093	1.24e-179
      1       1 PUL0106	1.67e-114
      1       1 PUL0123	1.73e-121
      1       1 PUL0124	5.74e-225
      1       1 PUL0124	6.59e-32
      1       1 PUL0177	1.54e-148
      1       1 PUL0230	1.15e-90
      1       1 PUL0236	3.20e-83
      1       1 PUL0254	1.15e-58
      1       1 PUL0267	7.78e-225
      1       1 PUL0335	2.25e-174
      1       1 PUL0337	1.62e-96
      1       1 PUL0341	7.80e-180
      1       1 PUL0413	1.57e-156
      1       1 PUL0463	2.00e-12
      1       1 PUL0584	2.26e-138
      1       1 PUL0599	1.31e-132
