      1       1 PUL0029	6.72e-43
      1       1 PUL0039	4.27e-14
      1       1 PUL0049	2.13e-09
      1       1 PUL0049	3.66e-28
      1       1 PUL0050	8.55e-07
      1       1 PUL0061	1.16e-67
      1       1 PUL0061	7.62e-78
      1       1 PUL0061	9.49e-31
      1       1 PUL0106	1.06e-13
      1       1 PUL0121	1.50e-29
      1       1 PUL0121	3.29e-43
      1       1 PUL0152	5.09e-30
      1       1 PUL0178	1.49e-50
      1       1 PUL0214	2.62e-88
      1       1 PUL0225	1.89e-35
      1       1 PUL0225	2.37e-32
      1       1 PUL0256	2.03e-28
      1       1 PUL0267	6.45e-05
      1       1 PUL0309	1.87e-87
      1       1 PUL0316	1.70e-78
      1       1 PUL0316	4.12e-81
      1       1 PUL0320	7.10e-06
      1       1 PUL0333	1.49e-35
      1       1 PUL0333	5.96e-34
      1       1 PUL0333	9.54e-100
      1       1 PUL0335	9.68e-183
      1       1 PUL0339	1.40e-84
      1       1 PUL0340	2.05e-137
      1       1 PUL0341	3.39e-04
      1       1 PUL0341	9.96e-146
      1       1 PUL0347	1.90e-33
      1       1 PUL0396	4.14e-20
      1       1 PUL0451	2.54e-43
      1       1 PUL0454	1.37e-17
      1       1 PUL0460	1.90e-50
      1       1 PUL0460	4.47e-43
      1       1 PUL0522	1.07e-16
      1       1 PUL0569	3.11e-19
      1       1 PUL0577	4.06e-43
