      1       1 PUL0017	1.45e-153
      1       1 PUL0053	8.72e-34
      1       1 PUL0060	9.07e-123
      1       1 PUL0061	2.05e-186
      1       1 PUL0106	2.79e-194
      1       1 PUL0108	3.67e-50
      1       1 PUL0121	6.85e-104
      1       1 PUL0145	2.69e-181
      1       1 PUL0202	3.08e-170
      1       1 PUL0206	4.12e-215
      1       1 PUL0247	2.49e-105
      1       1 PUL0257	2.00e-19
      1       1 PUL0267	2.27e-234
      1       1 PUL0270	1.68e-141
      1       1 PUL0281	1.01e-146
      1       1 PUL0329	4.31e-275
      1       1 PUL0335	4.61e-88
      1       1 PUL0358	1.09e-118
      1       1 PUL0403	2.79e-241
      1       1 PUL0431	1.10e-197
      1       1 PUL0458	1.72e-09
      1       1 PUL0460	1.25e-42
      1       1 PUL0545	1.09e-241
