      1       1 PUL0006	2.35e-199
      1       1 PUL0024	3.50e-207
      1       1 PUL0029	1.86e-172
      1       1 PUL0058	1.03e-174
      1       1 PUL0099	2.44e-19
      1       1 PUL0099	7.30e-277
      1       1 PUL0106	2.44e-178
      1       1 PUL0122	2.58e-161
      1       1 PUL0124	1.58e-211
      1       1 PUL0162	1.59e-174
      1       1 PUL0212	7.74e-143
      1       1 PUL0258	1.18e-31
      1       1 PUL0282	2.02e-205
      1       1 PUL0294	1.14e-70
      1       1 PUL0337	1.94e-201
      1       1 PUL0341	2.78e-256
      1       1 PUL0394	4.33e-170
      1       1 PUL0406	1.71e-221
      1       1 PUL0414	2.38e-110
      1       1 PUL0519	3.08e-156
