      1       1 PUL0013	7.99e-21
      1       1 PUL0017	1.80e-190
      1       1 PUL0049	2.18e-282
      1       1 PUL0070	3.90e-152
      1       1 PUL0094	2.11e-46
      1       1 PUL0094	3.09e-111
      1       1 PUL0106	2.65e-314
      1       1 PUL0106	3.33e-294
      1       1 PUL0106	5.85e-167
      1       1 PUL0108	2.21e-45
      1       1 PUL0108	5.71e-25
      1       1 PUL0109	8.71e-104
      1       1 PUL0124	2.59e-153
      1       1 PUL0145	1.13e-227
      1       1 PUL0152	2.34e-119
      1       1 PUL0169	4.19e-08
      1       1 PUL0225	5.14e-23
      1       1 PUL0225	6.28e-56
      1       1 PUL0227	6.18e-76
      1       1 PUL0235	1.44e-116
      1       1 PUL0255	1.01e-18
      1       1 PUL0267	1.23e-290
      1       1 PUL0269	1.37e-14
      1       1 PUL0270	1.94e-74
      1       1 PUL0300	5.94e-49
      1       1 PUL0305	2.89e-07
      1       1 PUL0329	9.62e-33
      1       1 PUL0333	1.74e-147
      1       1 PUL0334	1.95e-163
      1       1 PUL0335	1.32e-155
      1       1 PUL0335	2.93e-199
      1       1 PUL0335	5.59e-159
      1       1 PUL0336	1.12e-103
      1       1 PUL0339	2.35e-09
      1       1 PUL0339	3.07e-09
      1       1 PUL0340	1.25e-125
      1       1 PUL0340	2.31e-14
      1       1 PUL0340	8.42e-13
      1       1 PUL0344	4.99e-93
      1       1 PUL0350	2.69e-08
      1       1 PUL0430	1.05e-06
      1       1 PUL0446	1.34e-55
      1       1 PUL0454	2.38e-18
      1       1 PUL0461	3.38e-04
      1       1 PUL0468	9.37e-35
      1       1 PUL0479	5.88e-137
      1       1 PUL0489	1.97e-32
      1       1 PUL0496	2.69e-59
      1       1 PUL0506	3.13e-104
      1       1 PUL0516	5.66e-151
      1       1 PUL0521	5.83e-149
      1       1 PUL0527	6.42e-250
      1       1 PUL0530	2.55e-17
      1       1 PUL0560	2.23e-23
      1       1 PUL0584	2.23e-105
