      1       1 PUL0009	9.71e-78
      1       1 PUL0013	1.40e-24
      1       1 PUL0013	8.54e-39
      1       1 PUL0017	2.04e-175
      1       1 PUL0024	1.71e-15
      1       1 PUL0036	2.00e-95
      1       1 PUL0044	2.12e-11
      1       1 PUL0049	1.12e-27
      1       1 PUL0050	2.99e-80
      1       1 PUL0060	6.27e-22
      1       1 PUL0064	5.08e-14
      1       1 PUL0094	3.82e-49
      1       1 PUL0101	8.18e-197
      1       1 PUL0106	1.10e-13
      1       1 PUL0106	1.46e-88
      1       1 PUL0106	7.10e-188
      1       1 PUL0108	1.83e-35
      1       1 PUL0108	1.95e-86
      1       1 PUL0108	4.24e-38
      1       1 PUL0108	4.44e-37
      1       1 PUL0109	1.94e-145
      1       1 PUL0121	1.49e-30
      1       1 PUL0121	5.67e-175
      1       1 PUL0121	6.20e-85
      1       1 PUL0121	8.07e-24
      1       1 PUL0121	8.29e-80
      1       1 PUL0123	2.12e-45
      1       1 PUL0123	3.95e-36
      1       1 PUL0124	1.21e-79
      1       1 PUL0134	1.15e-20
      1       1 PUL0134	3.67e-22
      1       1 PUL0145	1.08e-205
      1       1 PUL0145	1.70e-188
      1       1 PUL0146	5.22e-04
      1       1 PUL0151	1.79e-04
      1       1 PUL0151	4.96e-15
      1       1 PUL0161	3.09e-19
      1       1 PUL0161	3.23e-53
      1       1 PUL0179	3.43e-50
      1       1 PUL0199	3.34e-49
      1       1 PUL0216	7.43e-38
      1       1 PUL0218	6.47e-32
      1       1 PUL0225	1.24e-107
      1       1 PUL0226	3.14e-11
      1       1 PUL0226	9.89e-08
      1       1 PUL0240	1.23e-108
      1       1 PUL0267	2.14e-226
      1       1 PUL0267	2.37e-171
      1       1 PUL0267	3.46e-227
      1       1 PUL0269	6.10e-21
      1       1 PUL0281	6.10e-140
      1       1 PUL0286	2.90e-122
      1       1 PUL0299	3.13e-75
      1       1 PUL0300	2.62e-38
      1       1 PUL0302	3.58e-81
      1       1 PUL0311	3.89e-235
      1       1 PUL0333	2.45e-109
      1       1 PUL0333	3.57e-10
      1       1 PUL0335	3.31e-70
      1       1 PUL0337	7.60e-39
      1       1 PUL0339	1.34e-169
      1       1 PUL0339	5.97e-53
      1       1 PUL0340	1.06e-227
      1       1 PUL0341	3.51e-158
      1       1 PUL0346	2.14e-31
      1       1 PUL0375	1.90e-51
      1       1 PUL0390	2.53e-80
      1       1 PUL0396	2.85e-08
      1       1 PUL0401	4.05e-68
      1       1 PUL0404	4.23e-59
      1       1 PUL0414	2.95e-79
      1       1 PUL0434	2.89e-50
      1       1 PUL0449	1.76e-28
      1       1 PUL0454	8.50e-30
      1       1 PUL0459	2.63e-06
      1       1 PUL0459	8.25e-09
      1       1 PUL0459	9.85e-11
      1       1 PUL0460	2.59e-50
      1       1 PUL0489	3.62e-42
      1       1 PUL0494	8.35e-33
      1       1 PUL0527	1.45e-70
      1       1 PUL0530	1.48e-47
      1       1 PUL0577	3.58e-15
      1       1 PUL0599	2.27e-68
