PUL0009 1
PUL0013 2
PUL0017 1
PUL0024 1
PUL0036 1
PUL0044 1
PUL0049 1
PUL0050 1
PUL0060 1
PUL0064 1
PUL0094 1
PUL0101 1
PUL0106 3
PUL0108 4
PUL0109 1
PUL0121 5
PUL0123 2
PUL0124 1
PUL0134 2
PUL0145 2
PUL0146 1
PUL0151 2
PUL0161 2
PUL0179 1
PUL0199 1
PUL0216 1
PUL0218 1
PUL0225 1
PUL0226 2
PUL0240 1
PUL0267 3
PUL0269 1
PUL0281 1
PUL0286 1
PUL0299 1
PUL0300 1
PUL0302 1
PUL0311 1
PUL0333 2
PUL0335 1
PUL0337 1
PUL0339 2
PUL0340 1
PUL0341 1
PUL0346 1
PUL0375 1
PUL0390 1
PUL0396 1
PUL0401 1
PUL0404 1
PUL0414 1
PUL0434 1
PUL0449 1
PUL0454 1
PUL0459 3
PUL0460 1
PUL0489 1
PUL0494 1
PUL0527 1
PUL0530 1
PUL0577 1
PUL0599 1
