      1       1 PUL0008	1.63e-73
      1       1 PUL0009	1.33e-109
      1       1 PUL0010	1.39e-59
      1       1 PUL0010	4.89e-222
      1       1 PUL0017	1.25e-201
      1       1 PUL0017	2.81e-190
      1       1 PUL0017	3.48e-52
      1       1 PUL0022	2.56e-229
      1       1 PUL0024	1.77e-253
      1       1 PUL0027	9.67e-94
      1       1 PUL0029	1.53e-32
      1       1 PUL0033	1.41e-40
      1       1 PUL0049	2.25e-31
      1       1 PUL0050	1.12e-91
      1       1 PUL0058	6.67e-123
      1       1 PUL0058	6.68e-257
      1       1 PUL0058	7.72e-165
      1       1 PUL0070	5.33e-162
      1       1 PUL0099	1.41e-07
      1       1 PUL0099	1.97e-11
      1       1 PUL0099	2.04e-249
      1       1 PUL0099	4.70e-11
      1       1 PUL0101	3.26e-142
      1       1 PUL0103	8.98e-126
      1       1 PUL0106	1.33e-182
      1       1 PUL0113	3.08e-188
      1       1 PUL0121	1.26e-119
      1       1 PUL0121	1.96e-223
      1       1 PUL0121	3.97e-28
      1       1 PUL0124	2.17e-221
      1       1 PUL0145	2.86e-23
      1       1 PUL0147	1.40e-05
      1       1 PUL0161	1.03e-36
      1       1 PUL0161	1.15e-35
      1       1 PUL0168	7.31e-139
      1       1 PUL0180	3.60e-145
      1       1 PUL0184	1.44e-136
      1       1 PUL0216	4.30e-61
      1       1 PUL0227	3.44e-149
      1       1 PUL0230	1.45e-137
      1       1 PUL0246	2.17e-247
      1       1 PUL0267	2.64e-70
      1       1 PUL0267	5.16e-263
      1       1 PUL0270	4.21e-101
      1       1 PUL0271	1.09e-231
      1       1 PUL0294	4.46e-133
      1       1 PUL0299	3.18e-69
      1       1 PUL0300	4.52e-54
      1       1 PUL0327	5.22e-156
      1       1 PUL0329	1.77e-15
      1       1 PUL0329	2.42e-209
      1       1 PUL0333	1.27e-51
      1       1 PUL0336	4.84e-40
      1       1 PUL0340	1.68e-274
      1       1 PUL0340	3.42e-42
      1       1 PUL0341	2.36e-12
      1       1 PUL0341	8.08e-299
      1       1 PUL0345	8.36e-106
      1       1 PUL0347	2.93e-221
      1       1 PUL0349	1.13e-77
      1       1 PUL0394	1.90e-147
      1       1 PUL0413	1.78e-57
      1       1 PUL0413	4.42e-165
      1       1 PUL0413	4.64e-127
      1       1 PUL0434	1.58e-85
      1       1 PUL0494	1.60e-12
      1       1 PUL0501	1.61e-165
      1       1 PUL0513	2.56e-11
      1       1 PUL0522	4.46e-44
      1       1 PUL0526	3.33e-143
      1       1 PUL0527	6.28e-31
      1       1 PUL0530	3.47e-13
      1       1 PUL0560	3.19e-99
      1       1 PUL0575	8.88e-237
      1       1 PUL0576	1.76e-205
      1       1 PUL0576	2.71e-143
      1       1 PUL0584	3.06e-142
      1       1 PUL0591	1.22e-74
      1       1 PUL0593	1.30e-55
      1       1 PUL0593	4.93e-64
      1       1 PUL0599	7.87e-92
