PUL0008 1
PUL0009 1
PUL0010 2
PUL0017 3
PUL0022 1
PUL0024 1
PUL0027 1
PUL0029 1
PUL0033 1
PUL0049 1
PUL0050 1
PUL0058 3
PUL0070 1
PUL0099 4
PUL0101 1
PUL0103 1
PUL0106 1
PUL0113 1
PUL0121 3
PUL0124 1
PUL0145 1
PUL0147 1
PUL0161 2
PUL0168 1
PUL0180 1
PUL0184 1
PUL0216 1
PUL0227 1
PUL0230 1
PUL0246 1
PUL0267 2
PUL0270 1
PUL0271 1
PUL0294 1
PUL0299 1
PUL0300 1
PUL0327 1
PUL0329 2
PUL0333 1
PUL0336 1
PUL0340 2
PUL0341 2
PUL0345 1
PUL0347 1
PUL0349 1
PUL0394 1
PUL0413 3
PUL0434 1
PUL0494 1
PUL0501 1
PUL0513 1
PUL0522 1
PUL0526 1
PUL0527 1
PUL0530 1
PUL0560 1
PUL0575 1
PUL0576 2
PUL0584 1
PUL0591 1
PUL0593 2
PUL0599 1
