      1       1 PUL0017	2.24e-149
      1       1 PUL0017	6.21e-177
      1       1 PUL0029	3.60e-91
      1       1 PUL0049	1.26e-185
      1       1 PUL0058	3.97e-158
      1       1 PUL0061	6.41e-191
      1       1 PUL0070	1.73e-271
      1       1 PUL0106	2.11e-121
      1       1 PUL0106	3.01e-152
      1       1 PUL0106	3.51e-206
      1       1 PUL0121	1.87e-107
      1       1 PUL0145	1.02e-94
      1       1 PUL0145	1.66e-186
      1       1 PUL0145	3.72e-177
      1       1 PUL0169	1.04e-70
      1       1 PUL0169	2.51e-90
      1       1 PUL0169	4.85e-122
      1       1 PUL0169	8.19e-125
      1       1 PUL0180	6.80e-11
      1       1 PUL0206	5.28e-237
      1       1 PUL0206	5.85e-212
      1       1 PUL0211	9.53e-273
      1       1 PUL0236	1.04e-118
      1       1 PUL0267	4.88e-233
      1       1 PUL0270	1.32e-137
      1       1 PUL0270	1.51e-77
      1       1 PUL0292	8.58e-246
      1       1 PUL0341	1.09e-162
      1       1 PUL0366	5.25e-143
      1       1 PUL0401	5.11e-14
      1       1 PUL0401	8.19e-20
      1       1 PUL0458	2.27e-16
      1       1 PUL0458	5.25e-13
      1       1 PUL0474	1.97e-183
      1       1 PUL0530	1.19e-34
      1       1 PUL0530	2.89e-33
