      1       1 PUL0019	9.71e-60
      1       1 PUL0024	1.06e-120
      1       1 PUL0049	1.12e-108
      1       1 PUL0070	1.76e-188
      1       1 PUL0106	1.51e-180
      1       1 PUL0106	2.10e-166
      1       1 PUL0106	3.71e-119
      1       1 PUL0107	5.55e-27
      1       1 PUL0108	8.42e-108
      1       1 PUL0121	7.08e-54
      1       1 PUL0145	1.15e-192
      1       1 PUL0162	1.50e-164
      1       1 PUL0254	4.84e-120
      1       1 PUL0267	4.93e-154
      1       1 PUL0335	1.39e-191
      1       1 PUL0336	1.20e-93
      1       1 PUL0337	1.98e-64
      1       1 PUL0337	9.14e-190
      1       1 PUL0340	3.43e-292
      1       1 PUL0341	5.06e-199
      1       1 PUL0406	3.58e-197
      1       1 PUL0413	3.75e-95
      1       1 PUL0413	8.80e-164
