      1       1 PUL0024	4.26e-62
      1       1 PUL0049	1.50e-109
      1       1 PUL0070	6.45e-189
      1       1 PUL0106	1.62e-167
      1       1 PUL0106	1.65e-121
      1       1 PUL0106	3.88e-07
      1       1 PUL0106	8.75e-183
      1       1 PUL0108	1.70e-28
      1       1 PUL0108	3.41e-109
      1       1 PUL0121	3.58e-18
      1       1 PUL0121	3.74e-95
      1       1 PUL0121	6.59e-48
      1       1 PUL0124	3.21e-176
      1       1 PUL0145	6.78e-193
      1       1 PUL0162	2.45e-166
      1       1 PUL0180	9.98e-157
      1       1 PUL0209	4.52e-68
      1       1 PUL0230	2.06e-106
      1       1 PUL0230	3.73e-38
      1       1 PUL0240	1.28e-91
      1       1 PUL0248	1.83e-127
      1       1 PUL0267	2.66e-155
      1       1 PUL0267	7.93e-58
      1       1 PUL0281	2.38e-34
      1       1 PUL0294	1.35e-58
      1       1 PUL0316	1.57e-90
      1       1 PUL0335	2.22e-38
      1       1 PUL0335	4.63e-192
      1       1 PUL0336	7.22e-94
      1       1 PUL0337	7.23e-190
      1       1 PUL0339	4.05e-18
      1       1 PUL0340	2.44e-42
      1       1 PUL0340	8.24e-293
      1       1 PUL0341	5.99e-199
      1       1 PUL0396	1.66e-20
      1       1 PUL0406	1.73e-197
      1       1 PUL0413	3.58e-163
      1       1 PUL0454	7.26e-41
      1       1 PUL0493	1.58e-77
      1       1 PUL0494	2.65e-144
