      1       1 PUL0029	9.03e-18
      1       1 PUL0049	4.38e-219
      1       1 PUL0057	9.88e-63
      1       1 PUL0101	1.09e-161
      1       1 PUL0103	1.97e-206
      1       1 PUL0108	3.92e-174
      1       1 PUL0152	1.81e-17
      1       1 PUL0178	1.70e-275
      1       1 PUL0180	5.45e-71
      1       1 PUL0281	8.80e-07
      1       1 PUL0329	2.17e-130
      1       1 PUL0332	9.14e-120
      1       1 PUL0335	4.47e-40
      1       1 PUL0344	5.30e-50
      1       1 PUL0352	3.20e-15
      1       1 PUL0451	7.44e-07
      1       1 PUL0479	1.14e-200
      1       1 PUL0485	1.06e-256
      1       1 PUL0492	8.41e-122
      1       1 PUL0502	2.40e-202
      1       1 PUL0513	6.00e-193
      1       1 PUL0527	5.01e-285
      1       1 PUL0539	3.33e-216
