      1       1 PUL0008	3.24e-252
      1       1 PUL0013	2.61e-24
      1       1 PUL0093	7.66e-210
      1       1 PUL0105	3.30e-185
      1       1 PUL0108	5.91e-55
      1       1 PUL0116	1.73e-57
      1       1 PUL0123	2.47e-27
      1       1 PUL0123	2.55e-18
      1       1 PUL0161	3.89e-243
      1       1 PUL0180	2.18e-100
      1       1 PUL0180	2.24e-235
      1       1 PUL0245	4.05e-270
      1       1 PUL0256	2.93e-34
      1       1 PUL0300	9.98e-78
      1       1 PUL0348	9.26e-195
      1       1 PUL0375	1.96e-42
      1       1 PUL0375	6.63e-121
      1       1 PUL0375	6.95e-107
      1       1 PUL0383	1.11e-281
      1       1 PUL0435	2.42e-287
      1       1 PUL0439	5.52e-140
      1       1 PUL0465	7.96e-11
      1       1 PUL0502	7.16e-264
      1       1 PUL0510	1.80e-315
      1       1 PUL0513	1.78e-193
      1       1 PUL0521	4.33e-311
      1       1 PUL0530	6.02e-146
      1       1 PUL0548	3.25e-270
      1       1 PUL0584	5.36e-168
