      1       1 PUL0001	3.17e-253
      1       1 PUL0005	2.15e-152
      1       1 PUL0017	2.17e-178
      1       1 PUL0024	2.01e-317
      1       1 PUL0024	4.94e-208
      1       1 PUL0025	2.40e-133
      1       1 PUL0025	4.00e-187
      1       1 PUL0028	5.05e-159
      1       1 PUL0029	1.01e-31
      1       1 PUL0029	1.15e-184
      1       1 PUL0029	1.43e-178
      1       1 PUL0038	1.74e-170
      1       1 PUL0038	2.13e-116
      1       1 PUL0049	1.88e-164
      1       1 PUL0058	2.33e-119
      1       1 PUL0058	4.52e-245
      1       1 PUL0070	7.78e-168
      1       1 PUL0101	1.55e-142
      1       1 PUL0106	1.43e-184
      1       1 PUL0106	2.73e-118
      1       1 PUL0108	1.05e-42
      1       1 PUL0113	1.44e-167
      1       1 PUL0113	2.04e-236
      1       1 PUL0121	1.35e-129
      1       1 PUL0122	3.58e-173
      1       1 PUL0124	1.55e-126
      1       1 PUL0168	2.39e-141
      1       1 PUL0189	4.30e-43
      1       1 PUL0209	1.98e-210
      1       1 PUL0212	5.51e-155
      1       1 PUL0214	1.21e-96
      1       1 PUL0215	2.35e-128
      1       1 PUL0225	1.17e-178
      1       1 PUL0226	8.86e-12
      1       1 PUL0227	3.98e-60
      1       1 PUL0230	1.24e-109
      1       1 PUL0236	1.84e-79
      1       1 PUL0245	3.34e-245
      1       1 PUL0246	1.58e-180
      1       1 PUL0252	2.48e-05
      1       1 PUL0267	1.43e-48
      1       1 PUL0300	1.63e-39
      1       1 PUL0302	6.29e-202
      1       1 PUL0324	7.87e-68
      1       1 PUL0327	1.09e-46
      1       1 PUL0333	5.79e-124
      1       1 PUL0335	1.67e-109
      1       1 PUL0337	5.02e-204
      1       1 PUL0339	7.86e-164
      1       1 PUL0340	2.84e-41
      1       1 PUL0340	3.93e-09
      1       1 PUL0340	3.95e-40
      1       1 PUL0340	4.46e-22
      1       1 PUL0340	5.64e-278
      1       1 PUL0345	5.71e-67
      1       1 PUL0346	7.49e-09
      1       1 PUL0368	1.19e-55
      1       1 PUL0390	1.58e-38
      1       1 PUL0390	3.12e-111
      1       1 PUL0413	2.04e-129
      1       1 PUL0413	2.65e-46
      1       1 PUL0413	8.72e-161
      1       1 PUL0530	5.59e-281
      1       1 PUL0555	4.89e-115
      1       1 PUL0575	5.12e-237
      1       1 PUL0599	3.24e-121
      1       1 PUL0601	1.07e-143
