PUL0001 1
PUL0005 1
PUL0017 1
PUL0024 2
PUL0025 2
PUL0028 1
PUL0029 3
PUL0038 2
PUL0049 1
PUL0058 2
PUL0070 1
PUL0101 1
PUL0106 2
PUL0108 1
PUL0113 2
PUL0121 1
PUL0122 1
PUL0124 1
PUL0168 1
PUL0189 1
PUL0209 1
PUL0212 1
PUL0214 1
PUL0215 1
PUL0225 1
PUL0226 1
PUL0227 1
PUL0230 1
PUL0236 1
PUL0245 1
PUL0246 1
PUL0252 1
PUL0267 1
PUL0300 1
PUL0302 1
PUL0324 1
PUL0327 1
PUL0333 1
PUL0335 1
PUL0337 1
PUL0339 1
PUL0340 5
PUL0345 1
PUL0346 1
PUL0368 1
PUL0390 2
PUL0413 3
PUL0530 1
PUL0555 1
PUL0575 1
PUL0599 1
PUL0601 1
