      1       1 PUL0017	1.14e-186
      1       1 PUL0017	2.11e-194
      1       1 PUL0049	7.17e-288
      1       1 PUL0101	2.92e-212
      1       1 PUL0106	4.06e-310
      1       1 PUL0145	3.28e-237
      1       1 PUL0178	3.74e-196
      1       1 PUL0216	1.08e-85
      1       1 PUL0236	6.65e-117
      1       1 PUL0250	6.22e-161
      1       1 PUL0267	2.03e-308
      1       1 PUL0300	3.76e-106
      1       1 PUL0316	3.92e-71
      1       1 PUL0329	1.48e-104
      1       1 PUL0329	2.78e-199
      1       1 PUL0333	8.66e-89
      1       1 PUL0334	6.42e-257
      1       1 PUL0335	4.35e-166
      1       1 PUL0336	1.74e-143
      1       1 PUL0336	2.08e-64
      1       1 PUL0339	4.38e-232
      1       1 PUL0339	5.68e-295
      1       1 PUL0341	4.64e-159
      1       1 PUL0409	8.88e-69
      1       1 PUL0414	2.27e-61
      1       1 PUL0500	4.73e-68
      1       1 PUL0521	1.37e-155
      1       1 PUL0527	7.76e-260
