      1       1 PUL0043	4.81e-174
      1       1 PUL0049	3.24e-299
      1       1 PUL0049	3.35e-142
      1       1 PUL0058	5.36e-168
      1       1 PUL0115	1.47e-123
      1       1 PUL0145	2.75e-283
      1       1 PUL0160	3.42e-265
      1       1 PUL0161	2.42e-23
      1       1 PUL0180	4.18e-250
      1       1 PUL0193	5.04e-298
      1       1 PUL0267	8.21e-311
      1       1 PUL0334	1.22e-209
      1       1 PUL0335	7.99e-205
      1       1 PUL0337	2.40e-140
      1       1 PUL0339	1.09e-257
      1       1 PUL0339	1.40e-214
      1       1 PUL0339	1.73e-164
      1       1 PUL0353	2.55e-199
      1       1 PUL0430	2.68e-21
      1       1 PUL0443	2.29e-255
      1       1 PUL0443	6.30e-181
      1       1 PUL0478	2.34e-266
      1       1 PUL0478	5.45e-190
      1       1 PUL0479	4.36e-307
      1       1 PUL0479	9.89e-320
      1       1 PUL0485	1.00e-272
      1       1 PUL0516	4.31e-153
      1       1 PUL0530	3.17e-225
      1       1 PUL0560	1.84e-81
