      1       1 PUL0017	2.12e-190
      1       1 PUL0038	1.31e-163
      1       1 PUL0049	1.73e-64
      1       1 PUL0049	5.73e-199
      1       1 PUL0050	6.10e-89
      1       1 PUL0060	2.68e-114
      1       1 PUL0100	9.79e-296
      1       1 PUL0106	4.21e-227
      1       1 PUL0121	5.47e-174
      1       1 PUL0145	1.18e-178
      1       1 PUL0145	3.48e-184
      1       1 PUL0145	4.35e-197
      1       1 PUL0162	1.04e-103
      1       1 PUL0168	4.71e-310
      1       1 PUL0198	2.23e-304
      1       1 PUL0202	2.80e-301
      1       1 PUL0246	4.10e-236
      1       1 PUL0248	3.67e-182
      1       1 PUL0267	3.08e-228
      1       1 PUL0298	1.06e-46
      1       1 PUL0316	9.86e-132
      1       1 PUL0335	2.94e-141
      1       1 PUL0336	2.49e-33
      1       1 PUL0340	2.15e-13
      1       1 PUL0347	1.02e-231
      1       1 PUL0351	3.77e-05
      1       1 PUL0401	2.86e-51
      1       1 PUL0406	1.35e-05
      1       1 PUL0410	6.93e-320
      1       1 PUL0413	1.07e-127
      1       1 PUL0460	8.65e-28
      1       1 PUL0461	1.41e-165
      1       1 PUL0530	2.44e-276
      1       1 PUL0584	1.36e-149
      1       1 PUL0586	8.70e-242
