      1       1 PUL0017	6.17e-182
      1       1 PUL0050	2.44e-79
      1       1 PUL0061	1.08e-126
      1       1 PUL0106	1.07e-108
      1       1 PUL0106	3.62e-184
      1       1 PUL0107	2.04e-62
      1       1 PUL0124	2.29e-159
      1       1 PUL0199	6.41e-52
      1       1 PUL0206	4.65e-121
      1       1 PUL0226	5.32e-12
      1       1 PUL0267	7.78e-213
      1       1 PUL0292	4.00e-48
      1       1 PUL0316	1.00e-67
      1       1 PUL0335	5.51e-71
      1       1 PUL0335	9.86e-68
      1       1 PUL0339	2.10e-162
      1       1 PUL0340	5.95e-143
      1       1 PUL0363	9.55e-242
      1       1 PUL0368	6.32e-14
      1       1 PUL0396	1.20e-128
      1       1 PUL0406	1.00e-96
      1       1 PUL0413	3.86e-149
      1       1 PUL0459	1.44e-50
      1       1 PUL0467	3.71e-20
      1       1 PUL0474	3.26e-167
      1       1 PUL0521	1.00e-04
