      1       1 PUL0013	1.99e-83
      1       1 PUL0016	1.32e-213
      1       1 PUL0017	2.62e-181
      1       1 PUL0017	6.28e-190
      1       1 PUL0020	1.26e-95
      1       1 PUL0024	3.90e-88
      1       1 PUL0025	4.41e-130
      1       1 PUL0029	1.66e-164
      1       1 PUL0029	5.99e-09
      1       1 PUL0060	1.35e-47
      1       1 PUL0070	4.52e-178
      1       1 PUL0108	2.50e-31
      1       1 PUL0108	5.54e-46
      1       1 PUL0113	1.23e-164
      1       1 PUL0113	2.94e-170
      1       1 PUL0116	8.24e-08
      1       1 PUL0121	7.80e-115
      1       1 PUL0124	3.87e-169
      1       1 PUL0152	4.38e-15
      1       1 PUL0162	1.45e-131
      1       1 PUL0184	1.08e-45
      1       1 PUL0184	6.34e-205
      1       1 PUL0212	4.60e-165
      1       1 PUL0212	7.51e-132
      1       1 PUL0216	1.48e-45
      1       1 PUL0227	5.49e-80
      1       1 PUL0230	2.65e-119
      1       1 PUL0267	1.78e-135
      1       1 PUL0267	6.66e-265
      1       1 PUL0270	1.40e-36
      1       1 PUL0296	7.57e-77
      1       1 PUL0300	2.67e-55
      1       1 PUL0300	8.02e-92
      1       1 PUL0316	4.99e-124
      1       1 PUL0327	7.15e-120
      1       1 PUL0333	1.96e-73
      1       1 PUL0333	2.17e-14
      1       1 PUL0333	6.06e-104
      1       1 PUL0335	2.37e-99
      1       1 PUL0337	7.73e-58
      1       1 PUL0340	4.00e-06
      1       1 PUL0347	1.02e-265
      1       1 PUL0366	2.38e-44
      1       1 PUL0366	4.37e-45
      1       1 PUL0406	2.01e-71
      1       1 PUL0413	6.67e-157
      1       1 PUL0434	1.75e-70
      1       1 PUL0457	3.97e-137
      1       1 PUL0460	1.61e-45
      1       1 PUL0460	3.80e-14
      1       1 PUL0530	1.31e-221
      1       1 PUL0569	2.27e-86
      1       1 PUL0575	1.07e-143
      1       1 PUL0575	6.05e-167
      1       1 PUL0582	3.23e-112
      1       1 PUL0584	2.95e-171
      1       1 PUL0591	7.38e-73
