      1       1 PUL0024	3.74e-17
      1       1 PUL0047	2.07e-56
      1       1 PUL0049	1.28e-30
      1       1 PUL0049	9.52e-110
      1       1 PUL0070	1.34e-188
      1       1 PUL0106	1.97e-182
      1       1 PUL0106	2.56e-121
      1       1 PUL0106	7.41e-167
      1       1 PUL0108	1.70e-28
      1       1 PUL0108	1.79e-107
      1       1 PUL0108	5.00e-15
      1       1 PUL0113	4.81e-97
      1       1 PUL0121	1.60e-25
      1       1 PUL0121	2.00e-54
      1       1 PUL0121	2.84e-18
      1       1 PUL0121	2.92e-29
      1       1 PUL0121	3.73e-95
      1       1 PUL0121	4.02e-48
      1       1 PUL0121	6.39e-34
      1       1 PUL0121	8.48e-15
      1       1 PUL0124	2.21e-176
      1       1 PUL0145	3.47e-192
      1       1 PUL0162	5.75e-167
      1       1 PUL0180	9.87e-158
      1       1 PUL0225	1.12e-61
      1       1 PUL0230	5.02e-75
      1       1 PUL0230	7.00e-106
      1       1 PUL0240	3.28e-91
      1       1 PUL0248	2.77e-128
      1       1 PUL0335	1.23e-38
      1       1 PUL0335	6.65e-60
      1       1 PUL0335	6.88e-193
      1       1 PUL0335	9.37e-173
      1       1 PUL0336	7.65e-10
      1       1 PUL0337	7.23e-190
      1       1 PUL0337	8.77e-65
      1       1 PUL0340	1.26e-294
      1       1 PUL0340	2.44e-42
      1       1 PUL0341	2.66e-199
      1       1 PUL0347	6.61e-68
      1       1 PUL0406	6.16e-197
      1       1 PUL0413	3.57e-163
      1       1 PUL0413	7.24e-96
      1       1 PUL0460	1.08e-64
      1       1 PUL0460	2.32e-10
      1       1 PUL0489	2.83e-48
      1       1 PUL0493	3.64e-79
      1       1 PUL0530	7.82e-53
