      1       1 PUL0006	8.86e-17
      1       1 PUL0007	3.15e-119
      1       1 PUL0017	2.27e-192
      1       1 PUL0017	3.65e-190
      1       1 PUL0024	1.31e-43
      1       1 PUL0024	3.24e-53
      1       1 PUL0038	1.19e-166
      1       1 PUL0046	1.21e-184
      1       1 PUL0049	1.76e-28
      1       1 PUL0049	9.49e-11
      1       1 PUL0058	3.39e-269
      1       1 PUL0061	2.47e-181
      1       1 PUL0074	1.97e-60
      1       1 PUL0103	1.47e-46
      1       1 PUL0106	1.86e-116
      1       1 PUL0106	3.94e-179
      1       1 PUL0108	4.83e-93
      1       1 PUL0121	1.26e-35
      1       1 PUL0121	1.43e-184
      1       1 PUL0121	4.86e-66
      1       1 PUL0124	1.22e-122
      1       1 PUL0145	1.47e-63
      1       1 PUL0145	1.65e-129
      1       1 PUL0180	3.91e-91
      1       1 PUL0236	1.27e-107
      1       1 PUL0296	1.90e-80
      1       1 PUL0297	1.98e-42
      1       1 PUL0300	1.68e-134
      1       1 PUL0333	1.08e-92
      1       1 PUL0333	1.16e-125
      1       1 PUL0336	4.10e-97
      1       1 PUL0339	5.91e-154
      1       1 PUL0340	1.58e-155
      1       1 PUL0340	9.95e-232
      1       1 PUL0341	3.28e-218
      1       1 PUL0349	1.64e-192
      1       1 PUL0349	9.76e-78
      1       1 PUL0370	6.13e-200
      1       1 PUL0390	4.33e-148
      1       1 PUL0406	1.71e-217
      1       1 PUL0406	3.94e-151
      1       1 PUL0454	9.62e-14
      1       1 PUL0501	1.10e-151
      1       1 PUL0584	1.14e-156
      1       1 PUL0595	7.48e-46
      1       1 PUL0601	1.05e-31
      1       1 PUL0601	1.63e-128
