      1       1 PUL0013	1.43e-80
      1       1 PUL0017	1.24e-181
      1       1 PUL0017	8.70e-200
      1       1 PUL0106	1.73e-133
      1       1 PUL0106	2.08e-172
      1       1 PUL0130	1.51e-108
      1       1 PUL0135	2.02e-87
      1       1 PUL0145	1.42e-79
      1       1 PUL0267	1.76e-298
      1       1 PUL0267	3.81e-79
      1       1 PUL0335	6.67e-191
      1       1 PUL0339	1.49e-163
      1       1 PUL0341	1.56e-130
      1       1 PUL0368	4.25e-26
      1       1 PUL0390	3.38e-30
      1       1 PUL0396	9.99e-29
      1       1 PUL0404	3.09e-83
      1       1 PUL0413	1.54e-142
      1       1 PUL0429	8.91e-91
      1       1 PUL0530	3.00e-158
      1       1 PUL0584	3.37e-105
