      1       1 PUL0006	4.91e-18
      1       1 PUL0007	1.95e-114
      1       1 PUL0022	2.63e-45
      1       1 PUL0024	2.46e-64
      1       1 PUL0024	6.86e-82
      1       1 PUL0029	4.20e-83
      1       1 PUL0038	1.25e-167
      1       1 PUL0058	3.03e-261
      1       1 PUL0072	5.02e-61
      1       1 PUL0121	1.82e-88
      1       1 PUL0225	1.27e-94
      1       1 PUL0227	4.45e-177
      1       1 PUL0236	7.89e-108
      1       1 PUL0294	2.69e-92
      1       1 PUL0297	6.23e-51
      1       1 PUL0333	3.53e-121
      1       1 PUL0335	4.49e-192
      1       1 PUL0337	1.37e-161
      1       1 PUL0337	1.90e-91
      1       1 PUL0340	2.14e-151
      1       1 PUL0340	2.49e-227
      1       1 PUL0340	7.50e-160
      1       1 PUL0341	1.04e-217
      1       1 PUL0349	4.12e-189
      1       1 PUL0369	1.21e-43
      1       1 PUL0373	1.29e-62
      1       1 PUL0390	1.81e-35
      1       1 PUL0406	6.53e-158
      1       1 PUL0460	3.57e-17
      1       1 PUL0501	1.98e-163
      1       1 PUL0530	1.18e-276
      1       1 PUL0532	8.40e-193
      1       1 PUL0601	3.56e-26
