      1       1 PUL0006	5.23e-86
      1       1 PUL0017	1.20e-181
      1       1 PUL0017	5.26e-200
      1       1 PUL0029	1.09e-140
      1       1 PUL0029	2.46e-38
      1       1 PUL0029	3.05e-21
      1       1 PUL0049	1.85e-124
      1       1 PUL0106	1.21e-97
      1       1 PUL0142	6.29e-152
      1       1 PUL0178	3.05e-185
      1       1 PUL0267	4.51e-211
      1       1 PUL0286	6.42e-167
      1       1 PUL0296	3.44e-87
      1       1 PUL0300	1.41e-54
      1       1 PUL0300	7.96e-43
      1       1 PUL0335	1.22e-160
      1       1 PUL0340	1.61e-39
      1       1 PUL0340	9.10e-125
      1       1 PUL0341	2.99e-155
      1       1 PUL0390	6.89e-99
      1       1 PUL0396	5.25e-121
      1       1 PUL0410	4.80e-134
      1       1 PUL0413	2.38e-108
      1       1 PUL0446	5.82e-90
      1       1 PUL0454	5.05e-176
      1       1 PUL0460	7.45e-30
      1       1 PUL0475	7.70e-24
      1       1 PUL0588	2.36e-41
