      1       1 PUL0026	1.46e-11
      1       1 PUL0106	1.65e-186
      1       1 PUL0113	5.81e-16
      1       1 PUL0145	1.17e-159
      1       1 PUL0145	4.25e-26
      1       1 PUL0151	2.72e-32
      1       1 PUL0184	3.96e-112
      1       1 PUL0193	3.26e-100
      1       1 PUL0206	1.30e-127
      1       1 PUL0216	1.75e-115
      1       1 PUL0267	2.81e-222
      1       1 PUL0300	5.37e-46
      1       1 PUL0318	1.72e-06
      1       1 PUL0324	4.19e-49
      1       1 PUL0333	8.80e-79
      1       1 PUL0335	3.19e-196
      1       1 PUL0336	1.23e-22
      1       1 PUL0336	2.43e-34
      1       1 PUL0364	6.66e-214
      1       1 PUL0365	8.11e-42
      1       1 PUL0365	9.48e-251
      1       1 PUL0413	2.18e-149
      1       1 PUL0413	8.13e-44
      1       1 PUL0438	4.11e-07
      1       1 PUL0482	2.92e-218
      1       1 PUL0544	3.49e-27
