      1       1 PUL0038	1.14e-155
      1       1 PUL0061	3.86e-174
      1       1 PUL0106	2.41e-107
      1       1 PUL0121	1.87e-115
      1       1 PUL0121	3.78e-52
      1       1 PUL0124	4.11e-200
      1       1 PUL0124	5.46e-198
      1       1 PUL0124	9.97e-94
      1       1 PUL0143	3.28e-198
      1       1 PUL0161	4.14e-23
      1       1 PUL0162	3.51e-63
      1       1 PUL0180	4.73e-36
      1       1 PUL0214	4.11e-203
      1       1 PUL0227	9.80e-63
      1       1 PUL0267	2.05e-154
      1       1 PUL0267	6.01e-245
      1       1 PUL0281	4.33e-15
      1       1 PUL0335	6.74e-164
      1       1 PUL0337	4.21e-201
      1       1 PUL0340	1.03e-223
      1       1 PUL0340	7.02e-137
      1       1 PUL0341	2.46e-173
      1       1 PUL0406	3.16e-219
      1       1 PUL0436	1.56e-10
      1       1 PUL0459	4.87e-05
      1       1 PUL0460	3.94e-141
      1       1 PUL0501	2.63e-148
      1       1 PUL0527	8.93e-49
