      1       1 PUL0001	3.46e-253
      1       1 PUL0001	5.10e-125
      1       1 PUL0009	6.43e-110
      1       1 PUL0022	5.27e-224
      1       1 PUL0024	1.36e-234
      1       1 PUL0025	1.64e-132
      1       1 PUL0025	5.52e-62
      1       1 PUL0028	1.35e-211
      1       1 PUL0028	2.73e-298
      1       1 PUL0029	2.52e-91
      1       1 PUL0029	4.95e-186
      1       1 PUL0050	5.28e-90
      1       1 PUL0058	1.25e-244
      1       1 PUL0101	1.37e-133
      1       1 PUL0104	4.27e-58
      1       1 PUL0106	1.74e-183
      1       1 PUL0113	1.37e-166
      1       1 PUL0113	1.62e-166
      1       1 PUL0122	6.75e-173
      1       1 PUL0123	2.47e-170
      1       1 PUL0162	1.20e-188
      1       1 PUL0209	4.50e-212
      1       1 PUL0210	1.51e-176
      1       1 PUL0212	2.45e-155
      1       1 PUL0230	7.62e-103
      1       1 PUL0231	3.63e-188
      1       1 PUL0246	1.81e-181
      1       1 PUL0254	2.91e-217
      1       1 PUL0266	1.92e-49
      1       1 PUL0267	4.72e-65
      1       1 PUL0270	2.23e-96
      1       1 PUL0302	1.20e-202
      1       1 PUL0327	1.97e-46
      1       1 PUL0333	1.40e-105
      1       1 PUL0335	8.53e-110
      1       1 PUL0336	1.42e-12
      1       1 PUL0336	2.39e-18
      1       1 PUL0337	4.48e-205
      1       1 PUL0339	6.98e-164
      1       1 PUL0340	6.18e-40
      1       1 PUL0341	6.82e-267
      1       1 PUL0342	4.99e-61
      1       1 PUL0347	1.76e-150
      1       1 PUL0399	2.56e-249
      1       1 PUL0403	6.76e-45
      1       1 PUL0530	1.84e-280
      1       1 PUL0601	9.20e-144
