      1       1 PUL0017	4.83e-186
      1       1 PUL0020	7.32e-41
      1       1 PUL0024	1.70e-82
      1       1 PUL0058	1.10e-178
      1       1 PUL0070	2.51e-160
      1       1 PUL0094	4.48e-94
      1       1 PUL0106	1.37e-209
      1       1 PUL0106	3.66e-176
      1       1 PUL0106	9.81e-111
      1       1 PUL0108	7.07e-33
      1       1 PUL0113	5.08e-06
      1       1 PUL0162	8.57e-181
      1       1 PUL0180	2.51e-150
      1       1 PUL0180	2.59e-94
      1       1 PUL0180	6.19e-90
      1       1 PUL0180	6.69e-98
      1       1 PUL0190	2.16e-226
      1       1 PUL0212	4.31e-142
      1       1 PUL0213	7.10e-212
      1       1 PUL0271	3.27e-186
      1       1 PUL0294	2.03e-79
      1       1 PUL0295	1.15e-26
      1       1 PUL0296	1.13e-86
      1       1 PUL0300	1.41e-95
      1       1 PUL0300	6.51e-100
      1       1 PUL0327	3.45e-207
      1       1 PUL0333	4.14e-107
      1       1 PUL0335	5.73e-110
      1       1 PUL0337	9.25e-199
      1       1 PUL0390	7.03e-98
      1       1 PUL0399	2.71e-251
      1       1 PUL0406	1.61e-05
      1       1 PUL0406	1.98e-219
      1       1 PUL0413	1.31e-162
      1       1 PUL0414	7.88e-113
      1       1 PUL0414	9.00e-57
      1       1 PUL0460	7.05e-07
      1       1 PUL0519	1.12e-312
      1       1 PUL0584	6.60e-157
