      1       1 PUL0010	2.79e-210
      1       1 PUL0011	3.17e-179
      1       1 PUL0106	5.32e-219
      1       1 PUL0121	2.42e-148
      1       1 PUL0121	4.54e-65
      1       1 PUL0138	6.04e-186
      1       1 PUL0143	1.30e-149
      1       1 PUL0220	3.18e-302
      1       1 PUL0274	7.45e-144
      1       1 PUL0276	2.94e-184
      1       1 PUL0309	1.58e-167
      1       1 PUL0335	1.16e-74
      1       1 PUL0335	2.02e-42
      1       1 PUL0339	3.80e-160
      1       1 PUL0340	1.87e-62
      1       1 PUL0385	2.73e-210
      1       1 PUL0390	1.13e-77
      1       1 PUL0430	5.20e-289
      1       1 PUL0454	5.41e-190
      1       1 PUL0479	1.23e-63
      1       1 PUL0508	3.07e-298
      1       1 PUL0597	1.21e-311
      1       1 PUL0599	6.36e-63
