      1       1 PUL0010	3.11e-204
      1       1 PUL0017	1.60e-189
      1       1 PUL0017	4.74e-152
      1       1 PUL0024	1.32e-18
      1       1 PUL0025	2.09e-06
      1       1 PUL0037	1.02e-24
      1       1 PUL0041	2.31e-175
      1       1 PUL0041	5.36e-243
      1       1 PUL0049	7.42e-202
      1       1 PUL0050	6.10e-89
      1       1 PUL0058	9.35e-212
      1       1 PUL0061	7.48e-226
      1       1 PUL0069	7.38e-64
      1       1 PUL0069	9.84e-264
      1       1 PUL0088	1.06e-127
      1       1 PUL0100	1.69e-298
      1       1 PUL0106	3.45e-40
      1       1 PUL0145	3.57e-175
      1       1 PUL0152	1.41e-105
      1       1 PUL0168	1.96e-310
      1       1 PUL0184	3.63e-15
      1       1 PUL0184	8.41e-59
      1       1 PUL0184	9.81e-252
      1       1 PUL0198	3.81e-304
      1       1 PUL0206	1.63e-224
      1       1 PUL0236	4.42e-135
      1       1 PUL0246	2.93e-236
      1       1 PUL0248	4.48e-183
      1       1 PUL0266	1.48e-56
      1       1 PUL0267	2.60e-228
      1       1 PUL0296	7.13e-117
      1       1 PUL0298	3.86e-47
      1       1 PUL0303	1.23e-46
      1       1 PUL0316	1.86e-90
      1       1 PUL0316	6.48e-132
      1       1 PUL0316	7.35e-114
      1       1 PUL0324	1.76e-233
      1       1 PUL0329	5.63e-123
      1       1 PUL0335	7.47e-197
      1       1 PUL0336	4.06e-33
      1       1 PUL0340	2.19e-25
      1       1 PUL0347	1.91e-232
      1       1 PUL0351	4.05e-05
      1       1 PUL0390	7.43e-76
      1       1 PUL0401	8.40e-22
      1       1 PUL0420	1.20e-211
      1       1 PUL0428	4.01e-93
      1       1 PUL0446	8.92e-116
      1       1 PUL0449	4.42e-120
      1       1 PUL0460	1.23e-74
      1       1 PUL0530	8.10e-276
      1       1 PUL0544	1.62e-58
      1       1 PUL0577	2.42e-46
      1       1 PUL0586	2.72e-241
