      1       1 PUL0017	1.07e-194
      1       1 PUL0017	3.65e-179
      1       1 PUL0036	1.04e-133
      1       1 PUL0038	3.10e-145
      1       1 PUL0050	6.59e-24
      1       1 PUL0058	3.71e-158
      1       1 PUL0061	4.36e-88
      1       1 PUL0070	2.13e-168
      1       1 PUL0106	9.69e-226
      1       1 PUL0108	8.10e-40
      1       1 PUL0124	3.65e-157
      1       1 PUL0202	8.37e-159
      1       1 PUL0230	5.63e-77
      1       1 PUL0248	1.82e-109
      1       1 PUL0267	1.04e-156
      1       1 PUL0267	1.29e-70
      1       1 PUL0267	2.14e-201
      1       1 PUL0295	4.59e-101
      1       1 PUL0297	2.84e-71
      1       1 PUL0298	8.42e-59
      1       1 PUL0316	8.07e-89
      1       1 PUL0333	1.50e-66
      1       1 PUL0333	2.19e-107
      1       1 PUL0339	5.59e-56
      1       1 PUL0339	6.26e-78
      1       1 PUL0339	8.50e-159
      1       1 PUL0341	4.60e-150
      1       1 PUL0401	6.60e-04
      1       1 PUL0413	1.44e-119
      1       1 PUL0429	1.19e-27
      1       1 PUL0429	2.12e-41
      1       1 PUL0451	5.80e-143
      1       1 PUL0454	4.80e-134
      1       1 PUL0493	1.63e-78
      1       1 PUL0516	8.84e-88
      1       1 PUL0571	2.40e-80
      1       1 PUL0599	2.08e-111
