      1       1 PUL0103	7.12e-313
      1       1 PUL0108	1.04e-281
      1       1 PUL0108	1.14e-70
      1       1 PUL0121	2.98e-110
      1       1 PUL0124	1.41e-161
      1       1 PUL0145	2.01e-226
      1       1 PUL0145	6.01e-118
      1       1 PUL0145	7.04e-156
      1       1 PUL0166	2.85e-307
      1       1 PUL0178	5.31e-266
      1       1 PUL0267	9.50e-301
      1       1 PUL0335	1.57e-301
      1       1 PUL0335	2.74e-206
      1       1 PUL0337	1.37e-150
      1       1 PUL0356	7.78e-66
      1       1 PUL0382	7.64e-246
      1       1 PUL0392	3.67e-253
      1       1 PUL0406	1.14e-178
      1       1 PUL0425	9.01e-167
      1       1 PUL0467	3.59e-103
      1       1 PUL0485	6.14e-254
      1       1 PUL0584	8.99e-168
