      1       1 PUL0014	6.29e-28
      1       1 PUL0017	2.91e-75
      1       1 PUL0020	1.92e-32
      1       1 PUL0024	1.80e-11
      1       1 PUL0029	2.27e-188
      1       1 PUL0038	1.55e-154
      1       1 PUL0049	1.11e-14
      1       1 PUL0061	1.67e-25
      1       1 PUL0061	7.61e-175
      1       1 PUL0075	5.47e-36
      1       1 PUL0094	2.24e-38
      1       1 PUL0103	2.40e-91
      1       1 PUL0108	1.17e-165
      1       1 PUL0121	2.73e-52
      1       1 PUL0121	5.00e-145
      1       1 PUL0121	6.31e-115
      1       1 PUL0123	9.75e-47
      1       1 PUL0124	1.89e-201
      1       1 PUL0124	7.27e-94
      1       1 PUL0214	9.06e-200
      1       1 PUL0240	2.07e-76
      1       1 PUL0259	4.96e-05
      1       1 PUL0267	2.48e-154
      1       1 PUL0267	5.52e-58
      1       1 PUL0267	7.25e-244
      1       1 PUL0294	2.54e-89
      1       1 PUL0300	6.04e-60
      1       1 PUL0324	1.02e-53
      1       1 PUL0337	6.50e-202
      1       1 PUL0339	1.39e-82
      1       1 PUL0340	1.10e-136
      1       1 PUL0340	1.95e-08
      1       1 PUL0340	4.31e-223
      1       1 PUL0341	8.53e-173
      1       1 PUL0390	5.80e-36
      1       1 PUL0406	3.38e-220
      1       1 PUL0413	1.04e-06
      1       1 PUL0414	1.29e-14
      1       1 PUL0414	3.91e-69
      1       1 PUL0459	9.11e-28
      1       1 PUL0460	8.88e-141
      1       1 PUL0493	2.99e-80
      1       1 PUL0527	5.40e-49
      1       1 PUL0576	4.07e-126
      1       1 PUL0595	4.58e-137
