      1       1 PUL0005	2.26e-279
      1       1 PUL0016	4.70e-259
      1       1 PUL0017	5.44e-190
      1       1 PUL0017	8.30e-192
      1       1 PUL0020	5.23e-259
      1       1 PUL0029	7.82e-140
      1       1 PUL0037	1.26e-72
      1       1 PUL0048	7.03e-205
      1       1 PUL0106	7.81e-33
      1       1 PUL0122	1.02e-204
      1       1 PUL0186	1.86e-162
      1       1 PUL0195	7.72e-119
      1       1 PUL0196	1.12e-146
      1       1 PUL0196	7.72e-248
      1       1 PUL0300	7.13e-54
      1       1 PUL0316	2.21e-95
      1       1 PUL0335	4.61e-118
      1       1 PUL0341	1.87e-187
      1       1 PUL0368	1.23e-123
      1       1 PUL0390	4.19e-130
      1       1 PUL0390	8.98e-79
      1       1 PUL0406	1.82e-115
      1       1 PUL0413	1.72e-161
      1       1 PUL0544	1.02e-68
      1       1 PUL0574	1.07e-305
      1       1 PUL0584	6.59e-153
