      1       1 PUL0007	1.94e-114
      1       1 PUL0017	1.16e-189
      1       1 PUL0017	8.54e-70
      1       1 PUL0024	6.86e-82
      1       1 PUL0024	8.64e-66
      1       1 PUL0058	3.27e-261
      1       1 PUL0072	4.93e-61
      1       1 PUL0121	1.82e-88
      1       1 PUL0121	1.84e-121
      1       1 PUL0225	1.30e-94
      1       1 PUL0227	4.45e-177
      1       1 PUL0236	1.20e-107
      1       1 PUL0297	6.35e-51
      1       1 PUL0301	3.53e-152
      1       1 PUL0333	7.89e-121
      1       1 PUL0335	4.08e-192
      1       1 PUL0337	1.90e-91
      1       1 PUL0337	1.99e-161
      1       1 PUL0339	7.87e-155
      1       1 PUL0340	2.15e-151
      1       1 PUL0340	2.63e-227
      1       1 PUL0340	3.84e-160
      1       1 PUL0341	4.54e-218
      1       1 PUL0347	5.46e-90
      1       1 PUL0368	3.82e-28
      1       1 PUL0373	1.29e-62
      1       1 PUL0406	1.79e-158
      1       1 PUL0460	3.61e-17
      1       1 PUL0501	1.98e-163
      1       1 PUL0530	2.72e-276
      1       1 PUL0532	8.39e-193
