      1       1 PUL0086	6.12e-27
      1       1 PUL0101	1.68e-121
      1       1 PUL0138	6.95e-69
      1       1 PUL0139	7.19e-289
      1       1 PUL0139	8.18e-19
      1       1 PUL0143	1.69e-267
      1       1 PUL0161	1.09e-18
      1       1 PUL0182	9.88e-154
      1       1 PUL0184	6.00e-69
      1       1 PUL0213	8.33e-119
      1       1 PUL0267	2.35e-239
      1       1 PUL0267	7.62e-193
      1       1 PUL0294	2.15e-307
      1       1 PUL0300	4.91e-34
      1       1 PUL0335	6.58e-134
      1       1 PUL0337	3.95e-199
      1       1 PUL0340	1.66e-115
      1       1 PUL0368	5.49e-235
      1       1 PUL0368	5.97e-57
      1       1 PUL0527	1.09e-64
      1       1 PUL0527	4.75e-49
      1       1 PUL0574	1.75e-177
      1       1 PUL0584	4.56e-124
