      1       1 PUL0017	6.05e-190
      1       1 PUL0025	1.85e-06
      1       1 PUL0038	8.33e-169
      1       1 PUL0049	3.98e-40
      1       1 PUL0096	1.09e-09
      1       1 PUL0106	2.15e-289
      1       1 PUL0106	7.11e-52
      1       1 PUL0108	4.32e-82
      1       1 PUL0115	2.79e-215
      1       1 PUL0121	1.23e-21
      1       1 PUL0121	1.73e-27
      1       1 PUL0130	9.03e-138
      1       1 PUL0134	2.87e-131
      1       1 PUL0145	2.08e-290
      1       1 PUL0145	2.13e-305
      1       1 PUL0145	2.29e-233
      1       1 PUL0145	3.02e-235
      1       1 PUL0145	3.08e-48
      1       1 PUL0161	2.85e-120
      1       1 PUL0161	3.04e-09
      1       1 PUL0184	1.60e-18
      1       1 PUL0193	4.26e-235
      1       1 PUL0206	3.72e-230
      1       1 PUL0225	2.97e-17
      1       1 PUL0235	7.31e-143
      1       1 PUL0236	5.28e-127
      1       1 PUL0300	1.98e-103
      1       1 PUL0329	1.16e-201
      1       1 PUL0334	2.91e-162
      1       1 PUL0335	2.68e-36
      1       1 PUL0339	1.43e-284
      1       1 PUL0339	3.44e-54
      1       1 PUL0339	4.70e-104
      1       1 PUL0345	1.36e-11
      1       1 PUL0375	5.60e-14
      1       1 PUL0406	2.19e-213
      1       1 PUL0406	3.32e-177
      1       1 PUL0424	2.48e-23
      1       1 PUL0436	5.25e-314
      1       1 PUL0443	2.54e-232
      1       1 PUL0468	6.70e-37
      1       1 PUL0474	1.32e-316
      1       1 PUL0482	7.70e-272
      1       1 PUL0493	5.25e-35
      1       1 PUL0513	4.85e-177
      1       1 PUL0530	5.75e-43
      1       1 PUL0560	2.16e-107
