      1       1 PUL0006	4.99e-70
      1       1 PUL0009	3.91e-39
      1       1 PUL0017	1.41e-182
      1       1 PUL0019	1.44e-94
      1       1 PUL0060	1.62e-66
      1       1 PUL0067	1.08e-24
      1       1 PUL0070	5.89e-126
      1       1 PUL0106	2.28e-177
      1       1 PUL0106	2.96e-82
      1       1 PUL0108	4.20e-43
      1       1 PUL0121	4.11e-13
      1       1 PUL0124	6.00e-176
      1       1 PUL0147	2.33e-22
      1       1 PUL0152	4.30e-110
      1       1 PUL0168	3.41e-87
      1       1 PUL0169	2.35e-63
      1       1 PUL0178	6.44e-173
      1       1 PUL0180	5.64e-160
      1       1 PUL0199	1.12e-48
      1       1 PUL0206	1.50e-220
      1       1 PUL0211	2.30e-168
      1       1 PUL0216	3.51e-83
      1       1 PUL0236	2.36e-86
      1       1 PUL0267	4.37e-211
      1       1 PUL0270	1.82e-195
      1       1 PUL0291	3.34e-176
      1       1 PUL0300	1.62e-66
      1       1 PUL0316	1.07e-80
      1       1 PUL0316	4.93e-115
      1       1 PUL0329	6.53e-22
      1       1 PUL0333	1.51e-61
      1       1 PUL0333	3.67e-29
      1       1 PUL0335	1.74e-34
      1       1 PUL0335	1.93e-50
      1       1 PUL0335	4.44e-80
      1       1 PUL0339	2.24e-165
      1       1 PUL0340	3.32e-32
      1       1 PUL0341	4.68e-163
      1       1 PUL0365	4.68e-236
      1       1 PUL0396	4.20e-133
      1       1 PUL0401	5.44e-14
      1       1 PUL0401	6.79e-79
      1       1 PUL0409	2.07e-58
      1       1 PUL0414	1.12e-126
      1       1 PUL0431	1.05e-150
      1       1 PUL0460	1.26e-11
      1       1 PUL0460	6.06e-46
      1       1 PUL0493	1.39e-79
      1       1 PUL0527	8.18e-26
