      1       1 PUL0001	5.89e-145
      1       1 PUL0008	3.11e-298
      1       1 PUL0029	1.16e-15
      1       1 PUL0049	2.67e-183
      1       1 PUL0049	2.71e-179
      1       1 PUL0067	4.67e-316
      1       1 PUL0067	9.18e-304
      1       1 PUL0070	5.85e-152
      1       1 PUL0093	1.96e-269
      1       1 PUL0093	2.41e-134
      1       1 PUL0101	1.23e-188
      1       1 PUL0108	3.94e-245
      1       1 PUL0109	2.50e-266
      1       1 PUL0118	1.12e-04
      1       1 PUL0121	1.96e-159
      1       1 PUL0124	2.38e-09
      1       1 PUL0145	1.44e-311
      1       1 PUL0145	4.33e-306
      1       1 PUL0162	4.13e-308
      1       1 PUL0163	4.17e-218
      1       1 PUL0163	5.42e-149
      1       1 PUL0163	6.88e-19
      1       1 PUL0166	1.59e-264
      1       1 PUL0166	3.94e-281
      1       1 PUL0166	6.90e-310
      1       1 PUL0178	6.42e-254
      1       1 PUL0179	2.48e-293
      1       1 PUL0180	2.05e-146
      1       1 PUL0190	1.11e-225
      1       1 PUL0206	1.73e-142
      1       1 PUL0212	1.65e-82
      1       1 PUL0255	2.30e-109
      1       1 PUL0267	1.81e-223
      1       1 PUL0289	8.33e-234
      1       1 PUL0304	1.64e-307
      1       1 PUL0316	7.42e-08
      1       1 PUL0328	4.63e-291
      1       1 PUL0335	1.11e-72
      1       1 PUL0335	2.32e-158
      1       1 PUL0335	2.82e-169
      1       1 PUL0337	1.76e-227
      1       1 PUL0339	2.14e-153
      1       1 PUL0339	6.13e-286
      1       1 PUL0340	3.40e-139
      1       1 PUL0340	9.12e-44
      1       1 PUL0356	1.07e-91
      1       1 PUL0365	5.41e-163
      1       1 PUL0375	2.17e-20
      1       1 PUL0376	7.18e-167
      1       1 PUL0420	8.42e-109
      1       1 PUL0429	7.84e-28
      1       1 PUL0435	4.41e-223
      1       1 PUL0438	1.20e-280
      1       1 PUL0443	2.76e-123
      1       1 PUL0471	8.43e-262
      1       1 PUL0479	2.52e-134
      1       1 PUL0482	1.67e-312
      1       1 PUL0482	5.30e-245
      1       1 PUL0485	2.09e-04
      1       1 PUL0521	2.59e-198
      1       1 PUL0522	3.85e-49
      1       1 PUL0527	3.38e-303
      1       1 PUL0527	6.60e-185
      1       1 PUL0530	1.36e-292
      1       1 PUL0536	6.94e-308
      1       1 PUL0554	7.85e-149
      1       1 PUL0560	1.77e-21
      1       1 PUL0584	9.03e-116
