      1       1 PUL0001	1.13e-147
      1       1 PUL0008	7.31e-303
      1       1 PUL0017	2.73e-182
      1       1 PUL0024	2.20e-77
      1       1 PUL0049	3.17e-186
      1       1 PUL0049	6.68e-61
      1       1 PUL0067	1.14e-46
      1       1 PUL0067	1.22e-166
      1       1 PUL0067	1.39e-312
      1       1 PUL0086	1.39e-54
      1       1 PUL0093	2.64e-265
      1       1 PUL0093	6.18e-49
      1       1 PUL0093	9.02e-118
      1       1 PUL0101	7.99e-27
      1       1 PUL0103	2.67e-277
      1       1 PUL0106	1.46e-184
      1       1 PUL0106	3.68e-67
      1       1 PUL0108	3.57e-31
      1       1 PUL0108	8.50e-139
      1       1 PUL0109	3.64e-260
      1       1 PUL0121	1.50e-36
      1       1 PUL0121	3.54e-111
      1       1 PUL0121	5.63e-07
      1       1 PUL0124	2.74e-68
      1       1 PUL0124	3.89e-163
      1       1 PUL0125	1.05e-72
      1       1 PUL0130	5.19e-168
      1       1 PUL0134	2.09e-83
      1       1 PUL0134	4.42e-178
      1       1 PUL0134	9.91e-154
      1       1 PUL0140	6.65e-41
      1       1 PUL0145	1.28e-132
      1       1 PUL0145	2.72e-34
      1       1 PUL0145	3.22e-317
      1       1 PUL0145	9.91e-18
      1       1 PUL0149	1.58e-25
      1       1 PUL0165	5.81e-148
      1       1 PUL0172	4.60e-59
      1       1 PUL0173	1.84e-07
      1       1 PUL0178	2.46e-251
      1       1 PUL0180	2.97e-08
      1       1 PUL0184	1.04e-134
      1       1 PUL0184	1.23e-05
      1       1 PUL0184	2.95e-46
      1       1 PUL0193	1.76e-227
      1       1 PUL0218	3.56e-226
      1       1 PUL0236	1.43e-112
      1       1 PUL0239	5.79e-09
      1       1 PUL0246	2.03e-137
      1       1 PUL0250	2.84e-29
      1       1 PUL0255	9.34e-98
      1       1 PUL0262	1.05e-206
      1       1 PUL0267	3.10e-221
      1       1 PUL0267	8.83e-294
      1       1 PUL0298	4.48e-38
      1       1 PUL0306	8.21e-13
      1       1 PUL0316	5.26e-33
      1       1 PUL0329	1.05e-226
      1       1 PUL0329	1.28e-194
      1       1 PUL0332	1.07e-258
      1       1 PUL0333	1.46e-168
      1       1 PUL0334	4.91e-64
      1       1 PUL0336	7.64e-148
      1       1 PUL0339	1.39e-155
      1       1 PUL0339	1.58e-281
      1       1 PUL0339	3.11e-156
      1       1 PUL0339	4.68e-18
      1       1 PUL0356	1.01e-24
      1       1 PUL0375	1.57e-83
      1       1 PUL0375	7.61e-111
      1       1 PUL0392	2.16e-262
      1       1 PUL0396	7.65e-119
      1       1 PUL0419	2.90e-281
      1       1 PUL0420	6.29e-168
      1       1 PUL0428	3.93e-15
      1       1 PUL0438	2.71e-287
      1       1 PUL0442	3.91e-06
      1       1 PUL0446	7.58e-100
      1       1 PUL0456	6.34e-76
      1       1 PUL0458	3.23e-30
      1       1 PUL0463	1.23e-40
      1       1 PUL0472	6.70e-54
      1       1 PUL0473	2.56e-23
      1       1 PUL0473	9.65e-72
      1       1 PUL0482	1.14e-192
      1       1 PUL0484	5.72e-215
      1       1 PUL0500	1.14e-11
      1       1 PUL0504	4.80e-44
      1       1 PUL0527	1.80e-302
      1       1 PUL0527	2.71e-54
      1       1 PUL0530	2.07e-80
      1       1 PUL0530	4.06e-23
      1       1 PUL0530	4.24e-35
      1       1 PUL0536	5.71e-314
      1       1 PUL0538	8.89e-208
      1       1 PUL0560	3.37e-13
      1       1 PUL0584	7.86e-121
      1       1 PUL0601	4.51e-125
