PUL0001;1
PUL0008;1
PUL0017;1
PUL0024;1
PUL0049;2
PUL0067;3
PUL0086;1
PUL0093;3
PUL0101;1
PUL0103;1
PUL0106;2
PUL0108;2
PUL0109;1
PUL0121;3
PUL0124;2
PUL0125;1
PUL0130;1
PUL0134;3
PUL0140;1
PUL0145;4
PUL0149;1
PUL0165;1
PUL0172;1
PUL0173;1
PUL0178;1
PUL0180;1
PUL0184;3
PUL0193;1
PUL0218;1
PUL0236;1
PUL0239;1
PUL0246;1
PUL0250;1
PUL0255;1
PUL0262;1
PUL0267;2
PUL0298;1
PUL0306;1
PUL0316;1
PUL0329;2
PUL0332;1
PUL0333;1
PUL0334;1
PUL0336;1
PUL0339;4
PUL0356;1
PUL0375;2
PUL0392;1
PUL0396;1
PUL0419;1
PUL0420;1
PUL0428;1
PUL0438;1
PUL0442;1
PUL0446;1
PUL0456;1
PUL0458;1
PUL0463;1
PUL0472;1
PUL0473;2
PUL0482;1
PUL0484;1
PUL0500;1
PUL0504;1
PUL0527;2
PUL0530;3
PUL0536;1
PUL0538;1
PUL0560;1
PUL0584;1
PUL0601;1
