      1       1 PUL0017	6.75e-179
      1       1 PUL0106	1.49e-319
      1       1 PUL0106	2.99e-161
      1       1 PUL0109	1.59e-190
      1       1 PUL0125	5.44e-172
      1       1 PUL0134	1.09e-195
      1       1 PUL0147	4.03e-27
      1       1 PUL0149	1.49e-173
      1       1 PUL0149	2.40e-79
      1       1 PUL0160	1.67e-276
      1       1 PUL0212	1.09e-155
      1       1 PUL0225	1.14e-100
      1       1 PUL0267	8.61e-233
      1       1 PUL0269	5.57e-69
      1       1 PUL0270	1.79e-112
      1       1 PUL0281	1.03e-58
      1       1 PUL0285	2.05e-10
      1       1 PUL0316	2.57e-58
      1       1 PUL0316	9.68e-164
      1       1 PUL0329	5.01e-209
      1       1 PUL0329	8.89e-267
      1       1 PUL0335	2.27e-206
      1       1 PUL0336	2.68e-124
      1       1 PUL0339	1.03e-254
      1       1 PUL0341	1.69e-153
      1       1 PUL0344	2.41e-48
      1       1 PUL0438	2.16e-11
      1       1 PUL0482	7.51e-290
      1       1 PUL0491	1.58e-137
      1       1 PUL0527	1.32e-258
      1       1 PUL0527	7.54e-53
      1       1 PUL0549	2.15e-180
      1       1 PUL0598	4.75e-163
