      1       1 PUL0029	3.93e-20
      1       1 PUL0049	6.67e-194
      1       1 PUL0091	2.63e-262
      1       1 PUL0106	1.03e-135
      1       1 PUL0117	4.40e-22
      1       1 PUL0119	1.71e-189
      1       1 PUL0121	2.66e-63
      1       1 PUL0124	4.28e-100
      1       1 PUL0162	2.30e-206
      1       1 PUL0206	1.29e-145
      1       1 PUL0218	3.71e-18
      1       1 PUL0252	2.07e-256
      1       1 PUL0255	8.04e-246
      1       1 PUL0256	9.70e-36
      1       1 PUL0259	1.58e-63
      1       1 PUL0260	2.57e-318
      1       1 PUL0326	1.74e-81
      1       1 PUL0334	8.61e-06
      1       1 PUL0335	2.55e-74
      1       1 PUL0335	8.59e-272
      1       1 PUL0337	1.18e-224
      1       1 PUL0345	2.42e-65
      1       1 PUL0382	4.19e-135
      1       1 PUL0382	6.24e-190
      1       1 PUL0392	5.15e-320
      1       1 PUL0415	6.93e-275
      1       1 PUL0424	1.92e-15
      1       1 PUL0468	1.45e-10
      1       1 PUL0468	3.87e-199
      1       1 PUL0468	9.38e-168
      1       1 PUL0517	3.81e-224
      1       1 PUL0530	1.12e-249
      1       1 PUL0530	8.69e-177
      1       1 PUL0560	3.30e-13
      1       1 PUL0560	4.80e-200
      1       1 PUL0584	6.68e-29
