      1       1 PUL0017	1.01e-188
      1       1 PUL0017	3.47e-187
      1       1 PUL0049	6.31e-294
      1       1 PUL0058	2.07e-161
      1       1 PUL0070	1.12e-166
      1       1 PUL0106	1.91e-168
      1       1 PUL0136	3.99e-31
      1       1 PUL0145	2.69e-57
      1       1 PUL0145	9.90e-81
      1       1 PUL0206	2.93e-136
      1       1 PUL0235	2.23e-146
      1       1 PUL0255	2.02e-58
      1       1 PUL0267	4.47e-294
      1       1 PUL0270	2.73e-66
      1       1 PUL0286	1.49e-192
      1       1 PUL0286	3.10e-95
      1       1 PUL0335	3.65e-100
      1       1 PUL0339	1.15e-280
      1       1 PUL0339	6.93e-182
      1       1 PUL0409	1.20e-64
      1       1 PUL0420	1.03e-308
      1       1 PUL0487	9.23e-123
      1       1 PUL0560	4.01e-46
      1       1 PUL0584	6.70e-142
