      1       1 PUL0001	2.10e-145
      1       1 PUL0017	6.61e-120
      1       1 PUL0017	6.62e-185
      1       1 PUL0049	3.09e-304
      1       1 PUL0058	3.26e-134
      1       1 PUL0070	4.90e-164
      1       1 PUL0074	3.06e-158
      1       1 PUL0090	4.10e-176
      1       1 PUL0101	1.75e-103
      1       1 PUL0103	2.94e-210
      1       1 PUL0106	1.05e-54
      1       1 PUL0106	1.34e-38
      1       1 PUL0106	9.59e-290
      1       1 PUL0108	1.91e-83
      1       1 PUL0108	2.47e-71
      1       1 PUL0108	3.20e-13
      1       1 PUL0121	1.05e-26
      1       1 PUL0121	2.33e-84
      1       1 PUL0121	2.94e-11
      1       1 PUL0124	4.69e-30
      1       1 PUL0126	1.28e-29
      1       1 PUL0134	2.69e-235
      1       1 PUL0134	5.25e-207
      1       1 PUL0134	7.23e-169
      1       1 PUL0145	1.45e-313
      1       1 PUL0145	3.18e-41
      1       1 PUL0145	6.23e-291
      1       1 PUL0145	7.95e-181
      1       1 PUL0145	8.60e-80
      1       1 PUL0161	1.74e-119
      1       1 PUL0193	6.23e-263
      1       1 PUL0199	6.08e-46
      1       1 PUL0206	1.54e-136
      1       1 PUL0206	7.87e-236
      1       1 PUL0212	2.55e-68
      1       1 PUL0227	1.21e-23
      1       1 PUL0227	2.87e-134
      1       1 PUL0232	1.28e-19
      1       1 PUL0235	1.68e-144
      1       1 PUL0240	1.13e-76
      1       1 PUL0253	2.17e-34
      1       1 PUL0262	5.46e-08
      1       1 PUL0267	1.09e-292
      1       1 PUL0267	1.77e-225
      1       1 PUL0300	8.48e-84
      1       1 PUL0316	2.96e-07
      1       1 PUL0326	1.11e-31
      1       1 PUL0329	4.09e-24
      1       1 PUL0332	2.01e-34
      1       1 PUL0333	1.98e-82
      1       1 PUL0333	3.35e-98
      1       1 PUL0334	1.60e-159
      1       1 PUL0334	2.17e-18
      1       1 PUL0335	1.00e-84
      1       1 PUL0335	2.55e-143
      1       1 PUL0336	4.81e-62
      1       1 PUL0337	4.66e-69
      1       1 PUL0337	5.94e-43
      1       1 PUL0337	7.97e-90
      1       1 PUL0339	1.44e-182
      1       1 PUL0339	1.71e-282
      1       1 PUL0339	2.96e-106
      1       1 PUL0339	3.12e-264
      1       1 PUL0340	1.95e-142
      1       1 PUL0340	8.81e-11
      1       1 PUL0344	1.38e-130
      1       1 PUL0355	1.72e-25
      1       1 PUL0380	3.51e-173
      1       1 PUL0406	1.29e-181
      1       1 PUL0406	1.41e-13
      1       1 PUL0406	3.22e-12
      1       1 PUL0406	3.66e-179
      1       1 PUL0406	5.64e-15
      1       1 PUL0406	6.48e-07
      1       1 PUL0413	1.22e-30
      1       1 PUL0420	1.42e-158
      1       1 PUL0420	1.47e-296
      1       1 PUL0443	2.59e-177
      1       1 PUL0443	8.58e-166
      1       1 PUL0458	3.93e-17
      1       1 PUL0458	5.16e-06
      1       1 PUL0459	1.36e-164
      1       1 PUL0459	2.27e-36
      1       1 PUL0474	6.56e-320
      1       1 PUL0478	1.17e-49
      1       1 PUL0478	3.21e-166
      1       1 PUL0479	1.22e-186
      1       1 PUL0483	1.87e-17
      1       1 PUL0483	2.74e-128
      1       1 PUL0489	4.27e-24
      1       1 PUL0489	5.30e-46
      1       1 PUL0500	1.95e-69
      1       1 PUL0511	7.69e-28
      1       1 PUL0527	2.68e-94
      1       1 PUL0527	7.94e-268
      1       1 PUL0530	1.84e-63
      1       1 PUL0530	2.15e-09
      1       1 PUL0530	7.28e-175
      1       1 PUL0530	7.94e-29
      1       1 PUL0539	3.92e-200
      1       1 PUL0545	3.49e-52
      1       1 PUL0549	4.16e-07
      1       1 PUL0560	2.75e-132
      1       1 PUL0564	2.78e-179
      1       1 PUL0598	3.42e-65
