PUL0001 1
PUL0017 2
PUL0049 1
PUL0058 1
PUL0070 1
PUL0074 1
PUL0090 1
PUL0101 1
PUL0103 1
PUL0106 3
PUL0108 3
PUL0121 3
PUL0124 1
PUL0126 1
PUL0134 3
PUL0145 5
PUL0161 1
PUL0193 1
PUL0199 1
PUL0206 2
PUL0212 1
PUL0227 2
PUL0232 1
PUL0235 1
PUL0240 1
PUL0253 1
PUL0262 1
PUL0267 2
PUL0300 1
PUL0316 1
PUL0326 1
PUL0329 1
PUL0332 1
PUL0333 2
PUL0334 2
PUL0335 2
PUL0336 1
PUL0337 3
PUL0339 4
PUL0340 2
PUL0344 1
PUL0355 1
PUL0380 1
PUL0406 6
PUL0413 1
PUL0420 2
PUL0443 2
PUL0458 2
PUL0459 2
PUL0474 1
PUL0478 2
PUL0479 1
PUL0483 2
PUL0489 2
PUL0500 1
PUL0511 1
PUL0527 2
PUL0530 4
PUL0539 1
PUL0545 1
PUL0549 1
PUL0560 1
PUL0564 1
PUL0598 1
