      1       1 PUL0001	1.66e-140
      1       1 PUL0001	4.49e-147
      1       1 PUL0013	2.23e-222
      1       1 PUL0017	2.31e-201
      1       1 PUL0022	2.15e-229
      1       1 PUL0024	1.19e-252
      1       1 PUL0024	1.64e-114
      1       1 PUL0024	3.70e-280
      1       1 PUL0025	1.68e-132
      1       1 PUL0025	3.06e-129
      1       1 PUL0025	3.97e-192
      1       1 PUL0027	7.85e-95
      1       1 PUL0029	2.29e-62
      1       1 PUL0033	2.71e-40
      1       1 PUL0049	3.26e-31
      1       1 PUL0058	1.56e-263
      1       1 PUL0058	2.14e-123
      1       1 PUL0058	3.63e-166
      1       1 PUL0070	1.12e-161
      1       1 PUL0082	8.22e-48
      1       1 PUL0094	3.65e-81
      1       1 PUL0099	1.32e-248
      1       1 PUL0099	5.05e-11
      1       1 PUL0103	4.90e-126
      1       1 PUL0106	1.76e-178
      1       1 PUL0121	1.81e-92
      1       1 PUL0121	9.79e-120
      1       1 PUL0124	1.20e-221
      1       1 PUL0124	1.47e-34
      1       1 PUL0126	1.52e-28
      1       1 PUL0142	2.98e-152
      1       1 PUL0184	9.01e-136
      1       1 PUL0190	7.08e-237
      1       1 PUL0191	1.07e-13
      1       1 PUL0227	1.47e-148
      1       1 PUL0246	3.34e-249
      1       1 PUL0265	1.08e-156
      1       1 PUL0266	1.18e-04
      1       1 PUL0267	1.11e-262
      1       1 PUL0267	2.19e-69
      1       1 PUL0270	2.28e-99
      1       1 PUL0294	5.10e-133
      1       1 PUL0299	1.42e-67
      1       1 PUL0300	4.94e-109
      1       1 PUL0329	6.55e-209
      1       1 PUL0336	1.14e-39
      1       1 PUL0336	7.51e-33
      1       1 PUL0340	2.12e-41
      1       1 PUL0341	3.79e-288
      1       1 PUL0345	8.68e-76
      1       1 PUL0346	1.07e-06
      1       1 PUL0349	4.85e-78
      1       1 PUL0375	1.08e-37
      1       1 PUL0375	2.60e-51
      1       1 PUL0383	2.20e-07
      1       1 PUL0394	2.72e-147
      1       1 PUL0406	1.55e-270
      1       1 PUL0406	2.63e-218
      1       1 PUL0406	2.66e-60
      1       1 PUL0406	4.96e-22
      1       1 PUL0413	1.22e-54
      1       1 PUL0413	4.58e-165
      1       1 PUL0414	3.24e-109
      1       1 PUL0429	4.27e-36
      1       1 PUL0501	2.10e-160
      1       1 PUL0501	9.22e-166
      1       1 PUL0526	6.31e-143
      1       1 PUL0576	3.02e-142
      1       1 PUL0576	5.00e-205
      1       1 PUL0598	2.39e-184
      1       1 PUL0599	2.33e-91
      1       1 PUL0600	2.50e-233
