PUL0001;2
PUL0013;1
PUL0017;1
PUL0022;1
PUL0024;3
PUL0025;3
PUL0027;1
PUL0029;1
PUL0033;1
PUL0049;1
PUL0058;3
PUL0070;1
PUL0082;1
PUL0094;1
PUL0099;2
PUL0103;1
PUL0106;1
PUL0121;2
PUL0124;2
PUL0126;1
PUL0142;1
PUL0184;1
PUL0190;1
PUL0191;1
PUL0227;1
PUL0246;1
PUL0265;1
PUL0266;1
PUL0267;2
PUL0270;1
PUL0294;1
PUL0299;1
PUL0300;1
PUL0329;1
PUL0336;2
PUL0340;1
PUL0341;1
PUL0345;1
PUL0346;1
PUL0349;1
PUL0375;2
PUL0383;1
PUL0394;1
PUL0406;4
PUL0413;2
PUL0414;1
PUL0429;1
PUL0501;2
PUL0526;1
PUL0576;2
PUL0598;1
PUL0599;1
PUL0600;1
