      1       1 PUL0017	1.14e-146
      1       1 PUL0017	1.92e-178
      1       1 PUL0026	1.95e-45
      1       1 PUL0049	2.08e-195
      1       1 PUL0060	1.31e-91
      1       1 PUL0070	1.48e-229
      1       1 PUL0094	1.02e-53
      1       1 PUL0102	1.14e-45
      1       1 PUL0103	1.37e-99
      1       1 PUL0123	5.19e-27
      1       1 PUL0145	8.09e-187
      1       1 PUL0172	4.14e-234
      1       1 PUL0212	1.31e-166
      1       1 PUL0236	9.79e-118
      1       1 PUL0255	1.68e-34
      1       1 PUL0267	1.09e-194
      1       1 PUL0267	1.39e-227
      1       1 PUL0267	2.32e-314
      1       1 PUL0281	5.02e-180
      1       1 PUL0316	6.95e-55
      1       1 PUL0340	1.64e-65
      1       1 PUL0401	7.80e-20
      1       1 PUL0406	2.23e-11
      1       1 PUL0413	2.08e-164
      1       1 PUL0431	1.68e-200
      1       1 PUL0507	4.48e-112
      1       1 PUL0530	2.19e-189
      1       1 PUL0530	9.72e-266
