      1       1 PUL0014	9.37e-46
      1       1 PUL0026	1.84e-177
      1       1 PUL0029	7.89e-41
      1       1 PUL0049	1.46e-189
      1       1 PUL0049	1.78e-218
      1       1 PUL0070	2.86e-09
      1       1 PUL0094	2.30e-136
      1       1 PUL0094	7.13e-103
      1       1 PUL0098	2.51e-53
      1       1 PUL0103	2.42e-310
      1       1 PUL0106	1.31e-163
      1       1 PUL0106	2.47e-198
      1       1 PUL0108	7.92e-21
      1       1 PUL0108	8.14e-174
      1       1 PUL0115	1.42e-280
      1       1 PUL0121	3.00e-116
      1       1 PUL0145	9.05e-219
      1       1 PUL0149	1.96e-152
      1       1 PUL0151	2.40e-17
      1       1 PUL0152	7.75e-18
      1       1 PUL0166	7.00e-314
      1       1 PUL0178	1.47e-274
      1       1 PUL0180	1.21e-70
      1       1 PUL0180	5.97e-48
      1       1 PUL0206	2.76e-147
      1       1 PUL0230	1.19e-98
      1       1 PUL0232	4.98e-25
      1       1 PUL0236	4.51e-105
      1       1 PUL0267	8.44e-307
      1       1 PUL0280	6.88e-16
      1       1 PUL0299	4.99e-79
      1       1 PUL0335	1.48e-84
      1       1 PUL0336	1.14e-168
      1       1 PUL0336	4.85e-39
      1       1 PUL0337	2.89e-154
      1       1 PUL0357	1.71e-226
      1       1 PUL0382	3.09e-256
      1       1 PUL0382	5.54e-291
      1       1 PUL0382	9.19e-155
      1       1 PUL0384	9.25e-34
      1       1 PUL0409	1.71e-57
      1       1 PUL0418	7.69e-31
      1       1 PUL0467	5.53e-248
      1       1 PUL0485	6.19e-257
      1       1 PUL0492	2.69e-77
      1       1 PUL0502	4.66e-203
      1       1 PUL0539	2.62e-217
      1       1 PUL0547	1.40e-49
      1       1 PUL0560	1.20e-156
      1       1 PUL0584	4.50e-116
