      1       1 PUL0017	6.58e-183
      1       1 PUL0029	2.15e-44
      1       1 PUL0102	7.51e-72
      1       1 PUL0106	1.90e-134
      1       1 PUL0108	8.90e-206
      1       1 PUL0109	1.66e-291
      1       1 PUL0124	4.27e-164
      1       1 PUL0145	3.81e-22
      1       1 PUL0161	2.93e-210
      1       1 PUL0161	5.35e-140
      1       1 PUL0180	1.12e-184
      1       1 PUL0180	6.68e-291
      1       1 PUL0184	3.34e-59
      1       1 PUL0255	4.96e-180
      1       1 PUL0267	9.54e-296
      1       1 PUL0335	3.98e-269
      1       1 PUL0336	1.98e-161
      1       1 PUL0339	1.60e-201
      1       1 PUL0368	2.68e-35
      1       1 PUL0379	6.33e-221
      1       1 PUL0382	1.30e-180
      1       1 PUL0383	1.57e-297
      1       1 PUL0392	2.02e-140
      1       1 PUL0440	8.62e-190
      1       1 PUL0442	1.63e-199
      1       1 PUL0442	5.42e-65
      1       1 PUL0442	8.61e-276
      1       1 PUL0467	2.45e-169
      1       1 PUL0468	2.36e-20
      1       1 PUL0494	3.15e-09
      1       1 PUL0502	4.08e-201
      1       1 PUL0522	7.85e-60
      1       1 PUL0523	1.79e-82
      1       1 PUL0587	1.17e-288
