      1       1 PUL0017	1.24e-178
      1       1 PUL0017	1.32e-181
      1       1 PUL0024	3.33e-55
      1       1 PUL0029	4.83e-62
      1       1 PUL0038	4.41e-168
      1       1 PUL0049	1.37e-13
      1       1 PUL0049	8.08e-122
      1       1 PUL0058	1.03e-240
      1       1 PUL0093	1.21e-111
      1       1 PUL0094	1.95e-42
      1       1 PUL0101	1.96e-20
      1       1 PUL0101	9.38e-25
      1       1 PUL0106	1.78e-232
      1       1 PUL0106	2.03e-119
      1       1 PUL0106	2.50e-182
      1       1 PUL0121	1.42e-167
      1       1 PUL0121	7.68e-174
      1       1 PUL0122	2.17e-183
      1       1 PUL0123	2.55e-79
      1       1 PUL0123	3.81e-76
      1       1 PUL0124	1.10e-130
      1       1 PUL0194	2.05e-81
      1       1 PUL0209	6.08e-16
      1       1 PUL0214	8.73e-200
      1       1 PUL0240	8.73e-109
      1       1 PUL0267	6.17e-236
      1       1 PUL0269	6.39e-81
      1       1 PUL0299	1.89e-13
      1       1 PUL0299	5.88e-42
      1       1 PUL0300	1.55e-08
      1       1 PUL0300	3.05e-59
      1       1 PUL0320	4.08e-11
      1       1 PUL0329	2.22e-27
      1       1 PUL0335	2.96e-140
      1       1 PUL0336	1.36e-41
      1       1 PUL0339	2.38e-161
      1       1 PUL0339	2.93e-05
      1       1 PUL0340	8.57e-207
      1       1 PUL0341	6.07e-198
      1       1 PUL0390	2.66e-98
      1       1 PUL0390	2.73e-85
      1       1 PUL0406	1.48e-155
      1       1 PUL0413	3.50e-208
      1       1 PUL0413	3.52e-16
      1       1 PUL0414	2.87e-75
      1       1 PUL0449	8.18e-149
      1       1 PUL0466	2.73e-45
      1       1 PUL0476	5.32e-123
      1       1 PUL0506	3.02e-111
      1       1 PUL0527	6.94e-88
      1       1 PUL0590	4.52e-114
      1       1 PUL0599	1.45e-120
      1       1 PUL0599	2.29e-83
      1       1 PUL0599	2.49e-126
      1       1 PUL0599	5.64e-110
