      1       1 PUL0017	4.11e-209
      1       1 PUL0017	9.25e-180
      1       1 PUL0019	1.11e-128
      1       1 PUL0029	2.93e-99
      1       1 PUL0029	9.56e-05
      1       1 PUL0106	1.94e-242
      1       1 PUL0121	1.06e-52
      1       1 PUL0121	1.07e-75
      1       1 PUL0121	1.32e-119
      1       1 PUL0124	3.04e-165
      1       1 PUL0154	4.26e-169
      1       1 PUL0162	1.17e-130
      1       1 PUL0196	6.38e-88
      1       1 PUL0265	1.91e-300
      1       1 PUL0316	7.25e-95
      1       1 PUL0329	3.81e-57
      1       1 PUL0333	3.29e-108
      1       1 PUL0340	1.28e-08
      1       1 PUL0340	5.09e-154
      1       1 PUL0341	1.49e-190
      1       1 PUL0341	9.59e-10
      1       1 PUL0349	8.28e-170
      1       1 PUL0390	7.65e-26
      1       1 PUL0414	1.08e-126
      1       1 PUL0428	4.11e-05
      1       1 PUL0457	2.30e-103
      1       1 PUL0460	5.44e-60
      1       1 PUL0584	8.62e-203
      1       1 PUL0591	1.27e-97
