PUL0006 1
PUL0009 4
PUL0017 2
PUL0029 1
PUL0038 1
PUL0039 1
PUL0050 1
PUL0058 1
PUL0061 1
PUL0070 1
PUL0101 1
PUL0103 1
PUL0106 3
PUL0108 4
PUL0113 1
PUL0121 3
PUL0123 1
PUL0152 1
PUL0155 1
PUL0161 1
PUL0176 1
PUL0184 1
PUL0205 1
PUL0212 1
PUL0217 1
PUL0236 1
PUL0250 1
PUL0267 2
PUL0291 1
PUL0299 1
PUL0300 1
PUL0303 1
PUL0316 2
PUL0333 3
PUL0335 2
PUL0336 3
PUL0337 1
PUL0339 4
PUL0340 1
PUL0341 1
PUL0347 1
PUL0365 1
PUL0368 1
PUL0389 1
PUL0390 2
PUL0399 1
PUL0404 1
PUL0413 2
PUL0414 1
PUL0429 4
PUL0436 1
PUL0454 1
PUL0459 2
PUL0460 3
PUL0475 1
PUL0476 1
PUL0493 1
PUL0500 1
PUL0519 1
PUL0530 1
PUL0573 1
PUL0577 1
PUL0584 1
PUL0593 1
PUL0598 1
PUL0599 1
