      1       1 PUL0006	9.13e-124
      1       1 PUL0009	1.02e-123
      1       1 PUL0009	2.46e-92
      1       1 PUL0009	3.69e-44
      1       1 PUL0009	5.17e-31
      1       1 PUL0017	2.61e-159
      1       1 PUL0017	4.42e-191
      1       1 PUL0029	5.23e-36
      1       1 PUL0038	7.71e-259
      1       1 PUL0039	7.73e-263
      1       1 PUL0050	4.84e-98
      1       1 PUL0058	2.54e-77
      1       1 PUL0061	3.49e-96
      1       1 PUL0070	9.47e-169
      1       1 PUL0101	1.76e-60
      1       1 PUL0103	3.25e-17
      1       1 PUL0106	1.40e-178
      1       1 PUL0106	5.62e-97
      1       1 PUL0106	7.88e-159
      1       1 PUL0108	1.19e-33
      1       1 PUL0108	2.88e-74
      1       1 PUL0108	4.09e-28
      1       1 PUL0108	6.43e-32
      1       1 PUL0113	1.21e-57
      1       1 PUL0121	1.47e-100
      1       1 PUL0121	6.89e-26
      1       1 PUL0121	8.94e-83
      1       1 PUL0123	1.22e-19
      1       1 PUL0152	8.49e-105
      1       1 PUL0155	4.38e-29
      1       1 PUL0161	1.42e-11
      1       1 PUL0176	8.80e-53
      1       1 PUL0184	1.17e-30
      1       1 PUL0205	6.90e-82
      1       1 PUL0212	3.87e-132
      1       1 PUL0217	1.06e-46
      1       1 PUL0236	3.14e-91
      1       1 PUL0250	6.97e-24
      1       1 PUL0267	3.84e-216
      1       1 PUL0267	9.63e-76
      1       1 PUL0291	2.92e-24
      1       1 PUL0299	8.15e-70
      1       1 PUL0300	4.09e-101
      1       1 PUL0303	6.93e-39
      1       1 PUL0316	1.36e-64
      1       1 PUL0316	3.31e-93
      1       1 PUL0333	1.44e-30
      1       1 PUL0333	1.52e-78
      1       1 PUL0333	3.84e-92
      1       1 PUL0335	1.15e-57
      1       1 PUL0335	4.96e-71
      1       1 PUL0336	4.26e-21
      1       1 PUL0336	5.91e-04
      1       1 PUL0336	9.59e-93
      1       1 PUL0337	3.68e-124
      1       1 PUL0339	2.90e-163
      1       1 PUL0339	4.40e-16
      1       1 PUL0339	4.81e-17
      1       1 PUL0339	7.36e-19
      1       1 PUL0340	5.08e-140
      1       1 PUL0341	2.25e-142
      1       1 PUL0347	5.14e-36
      1       1 PUL0365	1.68e-123
      1       1 PUL0368	6.43e-64
      1       1 PUL0389	2.99e-85
      1       1 PUL0390	1.54e-31
      1       1 PUL0390	2.03e-35
      1       1 PUL0399	2.19e-23
      1       1 PUL0404	4.46e-42
      1       1 PUL0413	1.67e-32
      1       1 PUL0413	4.25e-29
      1       1 PUL0414	1.10e-15
      1       1 PUL0429	2.74e-25
      1       1 PUL0429	5.45e-06
      1       1 PUL0429	6.90e-113
      1       1 PUL0429	6.91e-53
      1       1 PUL0436	9.54e-06
      1       1 PUL0454	4.10e-48
      1       1 PUL0459	2.94e-10
      1       1 PUL0459	3.13e-62
      1       1 PUL0460	1.03e-93
      1       1 PUL0460	1.15e-117
      1       1 PUL0460	1.17e-60
      1       1 PUL0475	6.11e-55
      1       1 PUL0476	7.85e-78
      1       1 PUL0493	1.02e-73
      1       1 PUL0500	1.57e-33
      1       1 PUL0519	3.20e-143
      1       1 PUL0530	5.54e-40
      1       1 PUL0573	5.34e-37
      1       1 PUL0577	6.88e-48
      1       1 PUL0584	8.72e-140
      1       1 PUL0593	1.77e-63
      1       1 PUL0598	1.66e-112
      1       1 PUL0599	2.11e-78
