      1       1 PUL0006	4.91e-18
      1       1 PUL0007	1.99e-114
      1       1 PUL0017	1.13e-189
      1       1 PUL0017	1.24e-190
      1       1 PUL0024	6.85e-82
      1       1 PUL0024	8.62e-66
      1       1 PUL0038	1.25e-167
      1       1 PUL0058	4.60e-261
      1       1 PUL0121	1.83e-88
      1       1 PUL0121	1.84e-121
      1       1 PUL0145	1.04e-207
      1       1 PUL0225	4.53e-94
      1       1 PUL0227	4.45e-177
      1       1 PUL0236	1.20e-107
      1       1 PUL0294	1.01e-41
      1       1 PUL0297	6.38e-51
      1       1 PUL0301	3.53e-152
      1       1 PUL0333	3.65e-121
      1       1 PUL0337	2.01e-161
      1       1 PUL0340	2.27e-151
      1       1 PUL0340	2.64e-227
      1       1 PUL0340	3.84e-160
      1       1 PUL0341	1.12e-217
      1       1 PUL0349	4.12e-189
      1       1 PUL0373	1.33e-62
      1       1 PUL0406	1.08e-119
      1       1 PUL0406	1.79e-158
      1       1 PUL0460	3.50e-08
      1       1 PUL0460	3.57e-17
      1       1 PUL0501	1.98e-163
      1       1 PUL0530	1.17e-276
      1       1 PUL0532	8.40e-193
