      1       1 PUL0006	6.61e-17
      1       1 PUL0007	8.02e-119
      1       1 PUL0017	6.78e-190
      1       1 PUL0017	7.49e-192
      1       1 PUL0024	3.11e-63
      1       1 PUL0038	9.24e-166
      1       1 PUL0047	8.67e-185
      1       1 PUL0049	1.19e-29
      1       1 PUL0058	6.99e-269
      1       1 PUL0108	5.44e-79
      1       1 PUL0121	1.92e-183
      1       1 PUL0123	4.74e-66
      1       1 PUL0145	7.03e-195
      1       1 PUL0180	1.72e-89
      1       1 PUL0296	1.64e-84
      1       1 PUL0296	3.83e-74
      1       1 PUL0300	2.15e-134
      1       1 PUL0331	4.66e-27
      1       1 PUL0333	3.39e-94
      1       1 PUL0335	5.52e-194
      1       1 PUL0337	2.56e-160
      1       1 PUL0339	1.30e-152
      1       1 PUL0340	1.32e-231
      1       1 PUL0340	1.79e-46
      1       1 PUL0340	3.15e-156
      1       1 PUL0341	7.89e-218
      1       1 PUL0349	3.05e-193
      1       1 PUL0369	5.07e-37
      1       1 PUL0370	4.16e-200
      1       1 PUL0375	1.85e-147
      1       1 PUL0390	4.03e-94
      1       1 PUL0406	3.24e-118
      1       1 PUL0406	5.61e-214
      1       1 PUL0413	1.75e-132
      1       1 PUL0413	3.40e-08
      1       1 PUL0434	1.50e-40
      1       1 PUL0501	6.69e-165
      1       1 PUL0584	2.85e-156
