      1       1 PUL0050	1.12e-126
      1       1 PUL0064	2.73e-08
      1       1 PUL0093	1.32e-256
      1       1 PUL0093	3.80e-47
      1       1 PUL0093	8.20e-50
      1       1 PUL0094	5.72e-309
      1       1 PUL0096	1.04e-69
      1       1 PUL0101	1.31e-184
      1       1 PUL0101	4.36e-142
      1       1 PUL0102	1.65e-242
      1       1 PUL0106	1.44e-125
      1       1 PUL0106	2.08e-92
      1       1 PUL0106	6.58e-134
      1       1 PUL0108	1.19e-205
      1       1 PUL0109	1.29e-293
      1       1 PUL0119	1.60e-187
      1       1 PUL0121	1.34e-106
      1       1 PUL0145	1.31e-21
      1       1 PUL0145	7.04e-169
      1       1 PUL0161	1.02e-210
      1       1 PUL0180	1.38e-290
      1       1 PUL0206	1.80e-134
      1       1 PUL0253	4.79e-42
      1       1 PUL0255	1.64e-172
      1       1 PUL0267	3.52e-231
      1       1 PUL0267	5.14e-296
      1       1 PUL0326	4.04e-28
      1       1 PUL0332	5.41e-108
      1       1 PUL0333	9.16e-225
      1       1 PUL0335	1.17e-269
      1       1 PUL0336	1.73e-161
      1       1 PUL0339	4.44e-62
      1       1 PUL0339	8.76e-265
      1       1 PUL0352	3.06e-197
      1       1 PUL0356	3.78e-83
      1       1 PUL0379	4.06e-222
      1       1 PUL0382	2.54e-181
      1       1 PUL0382	2.60e-95
      1       1 PUL0392	3.26e-140
      1       1 PUL0392	6.87e-293
      1       1 PUL0408	2.16e-226
      1       1 PUL0415	4.56e-280
      1       1 PUL0440	5.78e-188
      1       1 PUL0478	1.81e-197
      1       1 PUL0496	6.22e-85
      1       1 PUL0502	9.64e-202
      1       1 PUL0510	2.10e-42
      1       1 PUL0522	3.29e-59
      1       1 PUL0523	2.83e-83
      1       1 PUL0587	2.55e-288
