      1       1 PUL0017	6.91e-180
      1       1 PUL0038	9.97e-153
      1       1 PUL0043	1.62e-113
      1       1 PUL0102	2.13e-83
      1       1 PUL0105	1.27e-49
      1       1 PUL0106	1.20e-233
      1       1 PUL0106	1.56e-165
      1       1 PUL0123	2.17e-92
      1       1 PUL0145	1.80e-80
      1       1 PUL0145	5.35e-61
      1       1 PUL0145	9.24e-95
      1       1 PUL0152	1.19e-25
      1       1 PUL0161	4.85e-27
      1       1 PUL0162	1.53e-109
      1       1 PUL0206	1.65e-137
      1       1 PUL0212	1.65e-155
      1       1 PUL0212	2.68e-122
      1       1 PUL0236	1.91e-86
      1       1 PUL0265	5.12e-210
      1       1 PUL0267	1.90e-225
      1       1 PUL0267	2.84e-282
      1       1 PUL0281	1.00e-161
      1       1 PUL0297	1.08e-69
      1       1 PUL0335	4.37e-104
      1       1 PUL0335	9.83e-203
      1       1 PUL0340	7.11e-137
      1       1 PUL0341	2.82e-131
      1       1 PUL0413	3.22e-50
      1       1 PUL0413	4.11e-56
      1       1 PUL0414	7.94e-12
      1       1 PUL0429	1.68e-38
      1       1 PUL0430	1.61e-46
      1       1 PUL0430	8.10e-17
      1       1 PUL0458	2.76e-18
      1       1 PUL0461	2.15e-05
      1       1 PUL0529	7.61e-19
      1       1 PUL0530	9.42e-60
      1       1 PUL0600	1.07e-05
