      1       1 PUL0049	1.06e-200
      1       1 PUL0106	5.47e-206
      1       1 PUL0106	6.13e-141
      1       1 PUL0123	1.00e-39
      1       1 PUL0145	8.07e-29
      1       1 PUL0180	2.97e-151
      1       1 PUL0184	2.33e-59
      1       1 PUL0267	1.64e-185
      1       1 PUL0267	8.07e-241
      1       1 PUL0271	2.27e-05
      1       1 PUL0307	1.75e-06
      1       1 PUL0309	1.04e-39
      1       1 PUL0336	1.34e-77
      1       1 PUL0339	3.31e-90
      1       1 PUL0339	6.47e-160
      1       1 PUL0340	2.97e-117
      1       1 PUL0341	1.09e-169
      1       1 PUL0375	1.05e-77
      1       1 PUL0414	7.47e-34
      1       1 PUL0530	1.12e-266
