      1       1 PUL0009	2.87e-32
      1       1 PUL0013	1.77e-08
      1       1 PUL0013	1.80e-70
      1       1 PUL0013	2.06e-09
      1       1 PUL0017	6.03e-173
      1       1 PUL0038	2.65e-160
      1       1 PUL0047	1.05e-58
      1       1 PUL0049	2.10e-150
      1       1 PUL0049	4.12e-193
      1       1 PUL0050	1.13e-84
      1       1 PUL0058	4.08e-171
      1       1 PUL0058	4.54e-198
      1       1 PUL0061	3.48e-237
      1       1 PUL0093	2.29e-138
      1       1 PUL0106	1.20e-189
      1       1 PUL0106	1.41e-148
      1       1 PUL0108	6.55e-50
      1       1 PUL0108	9.53e-42
      1       1 PUL0108	9.84e-51
      1       1 PUL0121	1.15e-79
      1       1 PUL0126	2.16e-29
      1       1 PUL0145	2.30e-159
      1       1 PUL0145	5.73e-61
      1       1 PUL0145	5.89e-185
      1       1 PUL0150	1.08e-81
      1       1 PUL0216	2.91e-89
      1       1 PUL0236	2.43e-122
      1       1 PUL0247	6.45e-145
      1       1 PUL0267	1.86e-81
      1       1 PUL0267	2.23e-209
      1       1 PUL0267	6.67e-226
      1       1 PUL0270	1.42e-16
      1       1 PUL0281	3.91e-186
      1       1 PUL0299	1.67e-69
      1       1 PUL0334	3.23e-18
      1       1 PUL0334	5.86e-42
      1       1 PUL0335	2.86e-57
      1       1 PUL0335	5.84e-68
      1       1 PUL0335	7.60e-208
      1       1 PUL0337	2.20e-124
      1       1 PUL0339	1.03e-170
      1       1 PUL0340	1.15e-21
      1       1 PUL0340	3.34e-127
      1       1 PUL0341	1.81e-164
      1       1 PUL0368	1.83e-38
      1       1 PUL0390	3.16e-97
      1       1 PUL0390	4.26e-61
      1       1 PUL0390	4.62e-89
      1       1 PUL0393	5.29e-82
      1       1 PUL0396	4.77e-196
      1       1 PUL0413	6.79e-167
      1       1 PUL0413	9.00e-120
      1       1 PUL0429	1.01e-28
      1       1 PUL0429	3.58e-26
      1       1 PUL0429	8.75e-124
      1       1 PUL0446	3.58e-138
      1       1 PUL0459	1.40e-32
      1       1 PUL0459	1.41e-24
      1       1 PUL0493	2.71e-75
      1       1 PUL0516	1.34e-150
      1       1 PUL0527	1.33e-72
      1       1 PUL0530	3.01e-140
      1       1 PUL0530	5.43e-31
