      1       1 PUL0009	5.17e-114
      1       1 PUL0033	4.07e-14
      1       1 PUL0043	3.29e-10
      1       1 PUL0058	8.09e-223
      1       1 PUL0070	2.40e-157
      1       1 PUL0096	6.31e-92
      1       1 PUL0103	5.97e-99
      1       1 PUL0105	4.03e-39
      1       1 PUL0106	1.48e-169
      1       1 PUL0106	5.11e-192
      1       1 PUL0108	1.23e-99
      1       1 PUL0121	1.21e-57
      1       1 PUL0121	2.11e-21
      1       1 PUL0123	9.64e-25
      1       1 PUL0124	6.65e-70
      1       1 PUL0145	7.79e-08
      1       1 PUL0162	2.24e-40
      1       1 PUL0172	5.91e-141
      1       1 PUL0173	3.16e-146
      1       1 PUL0180	5.14e-142
      1       1 PUL0191	4.51e-109
      1       1 PUL0218	4.65e-22
      1       1 PUL0267	2.50e-75
      1       1 PUL0267	3.76e-234
      1       1 PUL0269	2.36e-27
      1       1 PUL0281	1.02e-26
      1       1 PUL0300	1.46e-64
      1       1 PUL0329	4.55e-75
      1       1 PUL0333	1.38e-77
      1       1 PUL0335	1.90e-70
      1       1 PUL0335	2.90e-221
      1       1 PUL0335	3.88e-93
      1       1 PUL0335	7.35e-182
      1       1 PUL0341	1.36e-83
      1       1 PUL0344	4.40e-05
      1       1 PUL0384	1.94e-31
      1       1 PUL0406	3.05e-163
      1       1 PUL0443	2.50e-07
      1       1 PUL0446	1.29e-110
      1       1 PUL0446	2.07e-80
      1       1 PUL0460	4.38e-29
      1       1 PUL0506	3.25e-157
      1       1 PUL0519	8.42e-91
      1       1 PUL0527	1.21e-25
      1       1 PUL0530	1.14e-12
      1       1 PUL0560	6.28e-04
      1       1 PUL0584	4.53e-133
      1       1 PUL0601	7.88e-48
