      1       1 PUL0001	4.07e-145
      1       1 PUL0008	3.14e-298
      1       1 PUL0029	1.16e-15
      1       1 PUL0046	1.19e-18
      1       1 PUL0049	1.86e-63
      1       1 PUL0049	2.39e-179
      1       1 PUL0049	5.07e-184
      1       1 PUL0049	7.86e-194
      1       1 PUL0066	2.04e-13
      1       1 PUL0067	9.17e-304
      1       1 PUL0070	6.05e-153
      1       1 PUL0080	2.10e-59
      1       1 PUL0093	1.69e-134
      1       1 PUL0093	6.84e-270
      1       1 PUL0094	2.24e-224
      1       1 PUL0101	7.91e-189
      1       1 PUL0103	1.29e-288
      1       1 PUL0106	7.29e-177
      1       1 PUL0108	3.30e-24
      1       1 PUL0108	3.95e-245
      1       1 PUL0108	4.07e-142
      1       1 PUL0109	9.54e-267
      1       1 PUL0114	4.49e-195
      1       1 PUL0118	8.22e-05
      1       1 PUL0121	1.96e-159
      1       1 PUL0123	1.87e-05
      1       1 PUL0123	2.02e-36
      1       1 PUL0124	2.39e-09
      1       1 PUL0145	1.39e-306
      1       1 PUL0145	1.78e-311
      1       1 PUL0145	3.19e-132
      1       1 PUL0151	2.93e-34
      1       1 PUL0152	8.42e-19
      1       1 PUL0161	4.50e-137
      1       1 PUL0162	1.56e-04
      1       1 PUL0162	2.01e-310
      1       1 PUL0163	3.09e-152
      1       1 PUL0163	4.44e-218
      1       1 PUL0163	6.83e-19
      1       1 PUL0164	3.88e-99
      1       1 PUL0166	1.98e-309
      1       1 PUL0166	4.19e-281
      1       1 PUL0178	2.71e-268
      1       1 PUL0179	1.96e-171
      1       1 PUL0180	1.39e-171
      1       1 PUL0180	9.88e-147
      1       1 PUL0181	7.06e-147
      1       1 PUL0190	1.04e-225
      1       1 PUL0206	6.37e-143
      1       1 PUL0212	7.42e-83
      1       1 PUL0225	8.72e-35
      1       1 PUL0225	8.94e-60
      1       1 PUL0230	2.45e-95
      1       1 PUL0234	2.09e-04
      1       1 PUL0236	6.54e-105
      1       1 PUL0239	4.05e-197
      1       1 PUL0255	2.53e-110
      1       1 PUL0256	1.30e-148
      1       1 PUL0267	5.72e-224
      1       1 PUL0281	1.99e-112
      1       1 PUL0281	5.45e-40
      1       1 PUL0281	6.70e-38
      1       1 PUL0289	8.21e-234
      1       1 PUL0299	1.20e-19
      1       1 PUL0300	1.32e-10
      1       1 PUL0300	1.43e-81
      1       1 PUL0302	1.30e-64
      1       1 PUL0304	1.52e-307
      1       1 PUL0306	1.53e-75
      1       1 PUL0316	7.46e-08
      1       1 PUL0328	1.78e-291
      1       1 PUL0329	1.31e-252
      1       1 PUL0329	1.38e-196
      1       1 PUL0335	1.72e-72
      1       1 PUL0335	1.76e-158
      1       1 PUL0335	2.67e-169
      1       1 PUL0335	3.00e-79
      1       1 PUL0335	7.00e-187
      1       1 PUL0336	2.85e-69
      1       1 PUL0336	5.93e-71
      1       1 PUL0336	7.61e-157
      1       1 PUL0337	1.98e-227
      1       1 PUL0337	9.96e-08
      1       1 PUL0339	7.48e-154
      1       1 PUL0339	9.87e-158
      1       1 PUL0340	1.03e-46
      1       1 PUL0340	3.40e-139
      1       1 PUL0340	8.89e-44
      1       1 PUL0354	3.49e-182
      1       1 PUL0356	1.36e-91
      1       1 PUL0356	4.63e-24
      1       1 PUL0365	5.40e-163
      1       1 PUL0413	2.28e-37
      1       1 PUL0413	3.01e-18
      1       1 PUL0420	5.58e-110
      1       1 PUL0436	2.29e-186
      1       1 PUL0438	2.13e-288
      1       1 PUL0443	2.32e-123
      1       1 PUL0467	3.97e-218
      1       1 PUL0468	2.28e-34
      1       1 PUL0468	2.79e-26
      1       1 PUL0471	5.39e-262
      1       1 PUL0474	5.63e-254
      1       1 PUL0479	2.85e-135
      1       1 PUL0482	1.36e-313
      1       1 PUL0485	1.55e-04
      1       1 PUL0488	5.11e-149
      1       1 PUL0489	4.12e-38
      1       1 PUL0493	1.04e-83
      1       1 PUL0498	5.83e-19
      1       1 PUL0513	2.71e-183
      1       1 PUL0517	3.28e-155
      1       1 PUL0521	1.29e-155
      1       1 PUL0521	2.53e-52
      1       1 PUL0521	2.59e-198
      1       1 PUL0527	2.17e-303
      1       1 PUL0530	1.28e-159
      1       1 PUL0530	4.67e-293
      1       1 PUL0532	1.95e-191
      1       1 PUL0536	3.21e-308
      1       1 PUL0536	4.06e-238
      1       1 PUL0554	6.40e-149
      1       1 PUL0559	1.09e-26
      1       1 PUL0560	1.51e-21
      1       1 PUL0564	1.13e-45
      1       1 PUL0584	8.81e-116
