PUL0001;1
PUL0008;1
PUL0029;1
PUL0046;1
PUL0049;4
PUL0066;1
PUL0067;1
PUL0070;1
PUL0080;1
PUL0093;2
PUL0094;1
PUL0101;1
PUL0103;1
PUL0106;1
PUL0108;3
PUL0109;1
PUL0114;1
PUL0118;1
PUL0121;1
PUL0123;2
PUL0124;1
PUL0145;3
PUL0151;1
PUL0152;1
PUL0161;1
PUL0162;2
PUL0163;3
PUL0164;1
PUL0166;2
PUL0178;1
PUL0179;1
PUL0180;2
PUL0181;1
PUL0190;1
PUL0206;1
PUL0212;1
PUL0225;2
PUL0230;1
PUL0234;1
PUL0236;1
PUL0239;1
PUL0255;1
PUL0256;1
PUL0267;1
PUL0281;3
PUL0289;1
PUL0299;1
PUL0300;2
PUL0302;1
PUL0304;1
PUL0306;1
PUL0316;1
PUL0328;1
PUL0329;2
PUL0335;5
PUL0336;3
PUL0337;2
PUL0339;2
PUL0340;3
PUL0354;1
PUL0356;2
PUL0365;1
PUL0413;2
PUL0420;1
PUL0436;1
PUL0438;1
PUL0443;1
PUL0467;1
PUL0468;2
PUL0471;1
PUL0474;1
PUL0479;1
PUL0482;1
PUL0485;1
PUL0488;1
PUL0489;1
PUL0493;1
PUL0498;1
PUL0513;1
PUL0517;1
PUL0521;3
PUL0527;1
PUL0530;2
PUL0532;1
PUL0536;2
PUL0554;1
PUL0559;1
PUL0560;1
PUL0564;1
PUL0584;1
