      1       1 PUL0001	5.13e-131
      1       1 PUL0008	9.72e-49
      1       1 PUL0017	1.38e-189
      1       1 PUL0044	6.53e-13
      1       1 PUL0049	5.73e-132
      1       1 PUL0058	4.51e-192
      1       1 PUL0106	7.46e-320
      1       1 PUL0108	5.32e-36
      1       1 PUL0235	4.78e-145
      1       1 PUL0236	3.53e-150
      1       1 PUL0236	7.67e-102
      1       1 PUL0267	3.88e-304
      1       1 PUL0332	2.23e-215
      1       1 PUL0335	2.03e-142
      1       1 PUL0337	3.92e-44
      1       1 PUL0339	2.08e-229
      1       1 PUL0339	3.05e-282
      1       1 PUL0339	3.16e-173
      1       1 PUL0339	4.51e-38
      1       1 PUL0409	4.00e-50
      1       1 PUL0443	3.85e-206
      1       1 PUL0467	1.28e-62
      1       1 PUL0513	3.59e-177
      1       1 PUL0527	2.79e-260
      1       1 PUL0527	4.14e-42
      1       1 PUL0547	6.42e-214
