      1       1 PUL0014	6.25e-46
      1       1 PUL0017	1.51e-179
      1       1 PUL0049	9.97e-69
      1       1 PUL0061	3.03e-05
      1       1 PUL0094	3.22e-136
      1       1 PUL0103	9.43e-311
      1       1 PUL0106	3.84e-31
      1       1 PUL0108	1.32e-20
      1       1 PUL0108	4.57e-224
      1       1 PUL0145	2.84e-186
      1       1 PUL0152	1.23e-17
      1       1 PUL0164	3.96e-35
      1       1 PUL0166	3.45e-313
      1       1 PUL0178	1.19e-274
      1       1 PUL0180	1.36e-201
      1       1 PUL0180	9.84e-71
      1       1 PUL0236	1.66e-105
      1       1 PUL0267	2.52e-307
      1       1 PUL0335	1.81e-84
      1       1 PUL0382	1.03e-290
      1       1 PUL0479	3.97e-202
      1       1 PUL0485	1.19e-256
