      1       1 PUL0010	4.64e-302
      1       1 PUL0013	1.30e-250
      1       1 PUL0013	2.34e-257
      1       1 PUL0013	9.69e-288
      1       1 PUL0017	5.83e-217
      1       1 PUL0030	5.93e-128
      1       1 PUL0038	2.43e-163
      1       1 PUL0058	1.91e-276
      1       1 PUL0070	4.48e-194
      1       1 PUL0106	4.00e-196
      1       1 PUL0108	2.00e-50
      1       1 PUL0122	1.35e-221
      1       1 PUL0138	5.61e-99
      1       1 PUL0193	3.00e-176
      1       1 PUL0209	5.59e-244
      1       1 PUL0227	3.27e-182
      1       1 PUL0245	2.12e-293
      1       1 PUL0245	7.55e-233
      1       1 PUL0267	1.76e-194
      1       1 PUL0278	7.04e-219
      1       1 PUL0309	5.03e-172
      1       1 PUL0333	1.90e-105
      1       1 PUL0339	2.95e-174
      1       1 PUL0341	7.61e-186
      1       1 PUL0347	9.22e-267
      1       1 PUL0390	5.88e-116
      1       1 PUL0396	1.07e-118
      1       1 PUL0399	6.29e-215
      1       1 PUL0413	3.07e-168
      1       1 PUL0547	1.18e-242
      1       1 PUL0574	2.06e-148
      1       1 PUL0575	6.10e-250
      1       1 PUL0599	1.37e-113
