      1       1 PUL0017	1.37e-167
      1       1 PUL0024	2.82e-10
      1       1 PUL0024	6.98e-10
      1       1 PUL0024	8.82e-52
      1       1 PUL0050	1.30e-99
      1       1 PUL0101	9.90e-129
      1       1 PUL0107	1.21e-68
      1       1 PUL0108	1.82e-33
      1       1 PUL0121	2.69e-56
      1       1 PUL0121	3.63e-179
      1       1 PUL0124	1.32e-32
      1       1 PUL0124	1.83e-96
      1       1 PUL0131	7.87e-09
      1       1 PUL0145	2.87e-215
      1       1 PUL0198	6.25e-183
      1       1 PUL0248	3.71e-131
      1       1 PUL0300	1.30e-122
      1       1 PUL0300	3.43e-69
      1       1 PUL0316	2.28e-85
      1       1 PUL0335	1.68e-197
      1       1 PUL0335	3.29e-117
      1       1 PUL0335	3.90e-170
      1       1 PUL0337	1.20e-162
      1       1 PUL0340	1.27e-91
      1       1 PUL0340	4.16e-140
      1       1 PUL0341	2.01e-216
      1       1 PUL0390	4.91e-44
      1       1 PUL0406	7.19e-152
      1       1 PUL0413	5.85e-166
      1       1 PUL0454	1.30e-22
      1       1 PUL0454	7.68e-31
      1       1 PUL0493	4.55e-27
      1       1 PUL0493	6.18e-61
      1       1 PUL0524	7.87e-20
      1       1 PUL0584	5.71e-165
      1       1 PUL0599	7.98e-125
