      1       1 PUL0006	1.45e-189
      1       1 PUL0013	1.18e-101
      1       1 PUL0016	2.22e-114
      1       1 PUL0017	9.17e-184
      1       1 PUL0019	3.04e-176
      1       1 PUL0022	5.79e-150
      1       1 PUL0024	2.25e-112
      1       1 PUL0029	5.20e-125
      1       1 PUL0029	6.71e-38
      1       1 PUL0048	3.27e-203
      1       1 PUL0070	1.92e-168
      1       1 PUL0106	1.30e-241
      1       1 PUL0107	2.02e-55
      1       1 PUL0113	4.23e-110
      1       1 PUL0121	6.71e-38
      1       1 PUL0124	4.19e-194
      1       1 PUL0124	6.75e-220
      1       1 PUL0136	1.04e-89
      1       1 PUL0186	3.11e-146
      1       1 PUL0195	1.45e-139
      1       1 PUL0195	3.88e-112
      1       1 PUL0199	1.32e-36
      1       1 PUL0212	6.87e-165
      1       1 PUL0230	5.61e-110
      1       1 PUL0238	5.41e-188
      1       1 PUL0267	2.50e-146
      1       1 PUL0267	3.69e-126
      1       1 PUL0333	7.43e-78
      1       1 PUL0335	6.31e-175
      1       1 PUL0337	2.64e-63
      1       1 PUL0337	9.37e-188
      1       1 PUL0339	9.76e-32
      1       1 PUL0341	1.64e-182
      1       1 PUL0349	4.28e-226
      1       1 PUL0366	3.51e-110
      1       1 PUL0390	2.12e-112
      1       1 PUL0401	7.28e-15
      1       1 PUL0406	3.24e-230
      1       1 PUL0406	3.82e-224
      1       1 PUL0406	6.41e-229
      1       1 PUL0413	1.71e-150
      1       1 PUL0519	1.31e-270
      1       1 PUL0530	5.31e-96
      1       1 PUL0530	7.72e-12
      1       1 PUL0576	1.51e-250
      1       1 PUL0583	1.42e-46
