      1       1 PUL0006	5.09e-18
      1       1 PUL0007	1.95e-114
      1       1 PUL0017	9.16e-190
      1       1 PUL0024	2.46e-64
      1       1 PUL0024	6.86e-82
      1       1 PUL0038	1.25e-167
      1       1 PUL0058	3.68e-261
      1       1 PUL0072	4.91e-61
      1       1 PUL0078	1.93e-14
      1       1 PUL0121	1.84e-121
      1       1 PUL0121	2.04e-88
      1       1 PUL0225	3.47e-94
      1       1 PUL0227	4.45e-177
      1       1 PUL0236	1.17e-107
      1       1 PUL0297	6.26e-51
      1       1 PUL0301	3.53e-152
      1       1 PUL0333	3.54e-121
      1       1 PUL0335	2.40e-192
      1       1 PUL0337	1.90e-91
      1       1 PUL0337	1.99e-161
      1       1 PUL0339	1.68e-154
      1       1 PUL0340	2.14e-151
      1       1 PUL0340	2.41e-227
      1       1 PUL0341	4.43e-218
      1       1 PUL0349	2.67e-189
      1       1 PUL0390	1.80e-35
      1       1 PUL0460	3.41e-08
      1       1 PUL0460	3.57e-17
      1       1 PUL0501	3.89e-163
      1       1 PUL0530	6.99e-277
      1       1 PUL0532	8.40e-193
      1       1 PUL0601	2.81e-26
