      1       1 PUL0017	2.20e-166
      1       1 PUL0050	1.85e-99
      1       1 PUL0101	1.56e-128
      1       1 PUL0106	4.97e-170
      1       1 PUL0108	1.85e-33
      1       1 PUL0121	4.45e-181
      1       1 PUL0123	1.09e-30
      1       1 PUL0124	2.56e-96
      1       1 PUL0145	1.76e-215
      1       1 PUL0172	2.74e-99
      1       1 PUL0201	8.26e-158
      1       1 PUL0214	2.20e-51
      1       1 PUL0227	1.09e-88
      1       1 PUL0248	3.53e-132
      1       1 PUL0253	1.31e-10
      1       1 PUL0267	4.65e-12
      1       1 PUL0296	1.35e-102
      1       1 PUL0299	2.04e-80
      1       1 PUL0300	5.22e-68
      1       1 PUL0316	3.24e-84
      1       1 PUL0335	1.05e-197
      1       1 PUL0335	8.10e-171
      1       1 PUL0337	1.41e-158
      1       1 PUL0340	1.35e-140
      1       1 PUL0341	3.82e-217
      1       1 PUL0390	1.95e-32
      1       1 PUL0406	1.27e-152
      1       1 PUL0413	2.43e-167
      1       1 PUL0413	6.33e-56
      1       1 PUL0429	7.08e-23
      1       1 PUL0493	1.42e-84
      1       1 PUL0493	3.13e-84
      1       1 PUL0560	7.90e-09
      1       1 PUL0584	1.14e-166
