      1       1 PUL0001	6.87e-236
      1       1 PUL0017	1.28e-179
      1       1 PUL0028	2.29e-190
      1       1 PUL0058	1.62e-118
      1       1 PUL0099	2.39e-247
      1       1 PUL0106	2.37e-209
      1       1 PUL0106	8.71e-176
      1       1 PUL0108	1.18e-35
      1       1 PUL0108	3.42e-80
      1       1 PUL0121	1.44e-125
      1       1 PUL0122	5.19e-173
      1       1 PUL0124	7.14e-213
      1       1 PUL0162	5.19e-176
      1       1 PUL0339	1.32e-164
      1       1 PUL0394	7.18e-160
      1       1 PUL0406	1.80e-199
      1       1 PUL0413	1.55e-78
      1       1 PUL0414	5.09e-102
      1       1 PUL0519	2.59e-132
      1       1 PUL0584	2.16e-135
      1       1 PUL0591	3.02e-66
