      1       1 PUL0009	7.22e-78
      1       1 PUL0013	1.13e-25
      1       1 PUL0017	2.70e-175
      1       1 PUL0029	5.95e-73
      1       1 PUL0036	3.58e-96
      1       1 PUL0049	2.29e-06
      1       1 PUL0050	3.17e-80
      1       1 PUL0101	6.47e-196
      1       1 PUL0106	1.55e-130
      1       1 PUL0106	7.61e-188
      1       1 PUL0108	9.36e-37
      1       1 PUL0109	7.53e-146
      1       1 PUL0110	7.59e-26
      1       1 PUL0121	1.18e-174
      1       1 PUL0121	1.43e-30
      1       1 PUL0121	2.11e-92
      1       1 PUL0121	2.42e-65
      1       1 PUL0121	4.26e-80
      1       1 PUL0121	7.55e-85
      1       1 PUL0123	1.42e-45
      1       1 PUL0123	8.86e-29
      1       1 PUL0124	7.60e-79
      1       1 PUL0133	4.94e-71
      1       1 PUL0134	1.35e-20
      1       1 PUL0145	6.25e-206
      1       1 PUL0151	5.59e-15
      1       1 PUL0161	2.03e-12
      1       1 PUL0168	6.34e-04
      1       1 PUL0179	2.52e-08
      1       1 PUL0180	3.08e-158
      1       1 PUL0199	1.59e-49
      1       1 PUL0225	1.55e-107
      1       1 PUL0227	8.72e-11
      1       1 PUL0240	1.23e-108
      1       1 PUL0267	1.11e-228
      1       1 PUL0267	5.42e-227
      1       1 PUL0267	5.90e-172
      1       1 PUL0286	3.18e-122
      1       1 PUL0299	2.17e-73
      1       1 PUL0302	6.89e-81
      1       1 PUL0311	1.56e-234
      1       1 PUL0320	4.36e-06
      1       1 PUL0337	1.64e-38
      1       1 PUL0339	2.89e-169
      1       1 PUL0340	7.61e-227
      1       1 PUL0341	9.57e-158
      1       1 PUL0346	9.28e-22
      1       1 PUL0365	2.97e-56
      1       1 PUL0375	4.74e-86
      1       1 PUL0375	8.53e-124
      1       1 PUL0396	1.40e-05
      1       1 PUL0406	3.26e-58
      1       1 PUL0406	5.85e-116
      1       1 PUL0413	4.03e-154
      1       1 PUL0414	3.38e-72
      1       1 PUL0429	3.31e-82
      1       1 PUL0434	2.30e-49
      1       1 PUL0458	2.61e-08
      1       1 PUL0460	7.01e-54
      1       1 PUL0460	7.78e-16
      1       1 PUL0494	8.51e-30
      1       1 PUL0527	2.10e-58
