PUL0009;1
PUL0013;1
PUL0017;1
PUL0029;1
PUL0036;1
PUL0049;1
PUL0050;1
PUL0101;1
PUL0106;2
PUL0108;1
PUL0109;1
PUL0110;1
PUL0121;6
PUL0123;2
PUL0124;1
PUL0133;1
PUL0134;1
PUL0145;1
PUL0151;1
PUL0161;1
PUL0168;1
PUL0179;1
PUL0180;1
PUL0199;1
PUL0225;1
PUL0227;1
PUL0240;1
PUL0267;3
PUL0286;1
PUL0299;1
PUL0302;1
PUL0311;1
PUL0320;1
PUL0337;1
PUL0339;1
PUL0340;1
PUL0341;1
PUL0346;1
PUL0365;1
PUL0375;2
PUL0396;1
PUL0406;2
PUL0413;1
PUL0414;1
PUL0429;1
PUL0434;1
PUL0458;1
PUL0460;2
PUL0494;1
PUL0527;1
