      1       1 PUL0017	3.71e-190
      1       1 PUL0049	5.71e-316
      1       1 PUL0093	7.95e-48
      1       1 PUL0094	2.31e-123
      1       1 PUL0101	1.92e-44
      1       1 PUL0108	3.17e-65
      1       1 PUL0108	6.29e-44
      1       1 PUL0145	1.08e-176
      1       1 PUL0145	7.04e-63
      1       1 PUL0180	1.01e-19
      1       1 PUL0235	3.70e-181
      1       1 PUL0236	1.30e-82
      1       1 PUL0236	6.53e-187
      1       1 PUL0267	1.58e-307
      1       1 PUL0267	3.21e-232
      1       1 PUL0300	1.41e-107
      1       1 PUL0326	2.93e-33
      1       1 PUL0333	2.93e-180
      1       1 PUL0334	2.39e-10
      1       1 PUL0339	1.02e-116
      1       1 PUL0339	1.97e-233
      1       1 PUL0339	4.54e-157
      1       1 PUL0340	1.49e-125
      1       1 PUL0340	2.31e-132
      1       1 PUL0340	7.84e-44
      1       1 PUL0344	3.72e-122
      1       1 PUL0413	4.93e-49
      1       1 PUL0436	1.70e-312
      1       1 PUL0474	2.71e-241
      1       1 PUL0477	7.45e-278
      1       1 PUL0487	6.54e-138
      1       1 PUL0516	1.67e-190
      1       1 PUL0527	1.75e-92
      1       1 PUL0527	8.44e-106
