      1       1 PUL0039	3.41e-45
      1       1 PUL0060	6.33e-265
      1       1 PUL0070	2.32e-225
      1       1 PUL0121	9.41e-95
      1       1 PUL0124	2.42e-170
      1       1 PUL0145	1.17e-186
      1       1 PUL0145	2.95e-56
      1       1 PUL0145	6.84e-168
      1       1 PUL0267	1.09e-319
      1       1 PUL0267	1.58e-212
      1       1 PUL0267	1.80e-224
      1       1 PUL0299	1.94e-139
      1       1 PUL0316	6.60e-98
      1       1 PUL0335	8.43e-211
      1       1 PUL0404	4.66e-73
      1       1 PUL0413	5.10e-170
      1       1 PUL0413	7.25e-52
      1       1 PUL0429	5.50e-37
      1       1 PUL0429	9.87e-36
      1       1 PUL0459	2.66e-98
      1       1 PUL0459	4.68e-229
      1       1 PUL0460	3.91e-99
      1       1 PUL0493	2.89e-33
      1       1 PUL0584	4.36e-134
