      1       1 PUL0001	3.40e-11
      1       1 PUL0017	1.57e-167
      1       1 PUL0017	2.45e-195
      1       1 PUL0106	4.61e-235
      1       1 PUL0106	9.12e-132
      1       1 PUL0106	9.17e-127
      1       1 PUL0108	1.60e-35
      1       1 PUL0130	3.97e-220
      1       1 PUL0162	4.20e-132
      1       1 PUL0219	5.31e-116
      1       1 PUL0230	1.26e-107
      1       1 PUL0230	9.95e-69
      1       1 PUL0267	5.33e-161
      1       1 PUL0267	9.65e-302
      1       1 PUL0278	3.56e-298
      1       1 PUL0291	1.70e-17
      1       1 PUL0327	4.74e-213
      1       1 PUL0333	1.64e-101
      1       1 PUL0340	5.70e-188
      1       1 PUL0341	1.92e-182
      1       1 PUL0388	1.55e-167
      1       1 PUL0396	1.95e-92
      1       1 PUL0451	3.83e-217
      1       1 PUL0460	2.63e-34
      1       1 PUL0493	1.70e-84
      1       1 PUL0519	6.14e-233
      1       1 PUL0571	1.76e-117
      1       1 PUL0584	1.55e-269
      1       1 PUL0584	4.61e-170
      1       1 PUL0590	1.01e-192
