      1       1 PUL0017	1.32e-148
      1       1 PUL0017	5.75e-180
      1       1 PUL0024	8.80e-08
      1       1 PUL0043	2.02e-314
      1       1 PUL0070	5.04e-299
      1       1 PUL0093	1.12e-131
      1       1 PUL0106	2.10e-88
      1       1 PUL0106	3.69e-208
      1       1 PUL0106	7.24e-122
      1       1 PUL0108	2.82e-38
      1       1 PUL0121	1.90e-168
      1       1 PUL0145	2.73e-193
      1       1 PUL0180	4.26e-149
      1       1 PUL0184	4.21e-08
      1       1 PUL0184	9.87e-75
      1       1 PUL0267	1.78e-239
      1       1 PUL0296	2.33e-120
      1       1 PUL0335	3.47e-69
      1       1 PUL0335	9.90e-82
      1       1 PUL0337	1.47e-86
      1       1 PUL0337	9.11e-133
      1       1 PUL0339	2.89e-160
      1       1 PUL0339	6.47e-29
      1       1 PUL0340	5.67e-40
      1       1 PUL0340	9.89e-162
      1       1 PUL0459	1.86e-62
      1       1 PUL0459	5.32e-69
