      1       1 PUL0010	1.37e-38
      1       1 PUL0013	2.78e-89
      1       1 PUL0024	6.68e-06
      1       1 PUL0029	1.37e-48
      1       1 PUL0037	6.15e-38
      1       1 PUL0038	8.90e-65
      1       1 PUL0039	2.30e-22
      1       1 PUL0039	5.88e-16
      1       1 PUL0046	1.15e-23
      1       1 PUL0047	2.33e-67
      1       1 PUL0049	1.54e-33
      1       1 PUL0049	1.55e-37
      1       1 PUL0049	2.11e-43
      1       1 PUL0049	2.78e-149
      1       1 PUL0050	5.26e-33
      1       1 PUL0061	5.01e-39
      1       1 PUL0061	6.56e-43
      1       1 PUL0106	2.06e-29
      1       1 PUL0106	3.94e-33
      1       1 PUL0108	3.47e-46
      1       1 PUL0108	5.35e-26
      1       1 PUL0108	7.57e-42
      1       1 PUL0110	1.53e-64
      1       1 PUL0121	1.63e-10
      1       1 PUL0121	2.77e-35
      1       1 PUL0121	2.91e-47
      1       1 PUL0121	3.68e-34
      1       1 PUL0121	9.22e-19
      1       1 PUL0130	1.92e-20
      1       1 PUL0178	3.01e-48
      1       1 PUL0178	5.98e-09
      1       1 PUL0179	8.44e-13
      1       1 PUL0180	2.92e-85
      1       1 PUL0198	1.17e-06
      1       1 PUL0214	1.82e-91
      1       1 PUL0250	1.51e-116
      1       1 PUL0250	3.86e-13
      1       1 PUL0264	4.36e-40
      1       1 PUL0267	2.44e-10
      1       1 PUL0281	1.03e-25
      1       1 PUL0281	1.80e-28
      1       1 PUL0281	2.25e-13
      1       1 PUL0309	1.76e-15
      1       1 PUL0309	3.85e-48
      1       1 PUL0309	4.89e-51
      1       1 PUL0324	4.25e-42
      1       1 PUL0335	2.47e-41
      1       1 PUL0335	6.08e-106
      1       1 PUL0335	7.74e-189
      1       1 PUL0339	1.74e-83
      1       1 PUL0340	4.51e-106
      1       1 PUL0340	9.70e-146
      1       1 PUL0341	3.75e-89
      1       1 PUL0347	3.49e-53
      1       1 PUL0368	2.77e-26
      1       1 PUL0390	1.28e-34
      1       1 PUL0390	3.03e-89
      1       1 PUL0390	4.93e-35
      1       1 PUL0390	5.36e-38
      1       1 PUL0390	5.95e-109
      1       1 PUL0404	1.51e-13
      1       1 PUL0406	2.35e-04
      1       1 PUL0406	5.89e-213
      1       1 PUL0410	1.61e-25
      1       1 PUL0413	4.94e-51
      1       1 PUL0429	3.01e-20
      1       1 PUL0429	4.29e-37
      1       1 PUL0451	3.43e-45
      1       1 PUL0451	4.78e-47
      1       1 PUL0454	2.08e-26
      1       1 PUL0460	1.04e-25
      1       1 PUL0460	7.21e-28
      1       1 PUL0493	1.03e-79
      1       1 PUL0500	1.29e-34
      1       1 PUL0527	2.92e-91
      1       1 PUL0530	1.03e-08
      1       1 PUL0536	7.14e-19
      1       1 PUL0547	5.51e-10
      1       1 PUL0569	2.19e-25
      1       1 PUL0571	4.79e-18
      1       1 PUL0593	1.76e-04
