PUL0010;1
PUL0013;1
PUL0024;1
PUL0029;1
PUL0037;1
PUL0038;1
PUL0039;2
PUL0046;1
PUL0047;1
PUL0049;4
PUL0050;1
PUL0061;2
PUL0106;2
PUL0108;3
PUL0110;1
PUL0121;5
PUL0130;1
PUL0178;2
PUL0179;1
PUL0180;1
PUL0198;1
PUL0214;1
PUL0250;2
PUL0264;1
PUL0267;1
PUL0281;3
PUL0309;3
PUL0324;1
PUL0335;3
PUL0339;1
PUL0340;2
PUL0341;1
PUL0347;1
PUL0368;1
PUL0390;5
PUL0404;1
PUL0406;2
PUL0410;1
PUL0413;1
PUL0429;2
PUL0451;2
PUL0454;1
PUL0460;2
PUL0493;1
PUL0500;1
PUL0527;1
PUL0530;1
PUL0536;1
PUL0547;1
PUL0569;1
PUL0571;1
PUL0593;1
