      1       1 PUL0029	2.08e-70
      1       1 PUL0038	5.60e-165
      1       1 PUL0060	2.59e-200
      1       1 PUL0061	4.03e-192
      1       1 PUL0103	5.97e-98
      1       1 PUL0106	1.47e-152
      1       1 PUL0106	2.65e-152
      1       1 PUL0106	7.83e-122
      1       1 PUL0121	1.90e-164
      1       1 PUL0123	2.44e-18
      1       1 PUL0145	3.29e-176
      1       1 PUL0145	3.35e-21
      1       1 PUL0145	4.37e-199
      1       1 PUL0169	6.75e-107
      1       1 PUL0180	1.53e-147
      1       1 PUL0184	2.98e-103
      1       1 PUL0199	8.04e-54
      1       1 PUL0206	1.43e-82
      1       1 PUL0206	2.51e-230
      1       1 PUL0206	4.16e-211
      1       1 PUL0211	3.28e-289
      1       1 PUL0216	1.29e-117
      1       1 PUL0232	1.22e-34
      1       1 PUL0266	4.80e-64
      1       1 PUL0267	3.21e-190
      1       1 PUL0267	6.99e-233
      1       1 PUL0292	4.49e-239
      1       1 PUL0300	1.48e-62
      1       1 PUL0335	1.14e-73
      1       1 PUL0335	4.30e-65
      1       1 PUL0335	6.43e-85
      1       1 PUL0340	3.17e-124
      1       1 PUL0341	2.31e-162
      1       1 PUL0363	1.39e-204
      1       1 PUL0401	3.54e-202
      1       1 PUL0435	2.77e-140
      1       1 PUL0458	3.62e-14
      1       1 PUL0474	7.17e-184
      1       1 PUL0489	2.18e-40
      1       1 PUL0530	3.18e-25
      1       1 PUL0532	1.54e-17
