      1       1 PUL0010	1.70e-204
      1       1 PUL0017	6.89e-189
      1       1 PUL0024	7.03e-04
      1       1 PUL0038	2.13e-163
      1       1 PUL0049	1.74e-14
      1       1 PUL0049	7.32e-202
      1       1 PUL0050	6.93e-89
      1       1 PUL0058	7.58e-212
      1       1 PUL0060	2.86e-222
      1       1 PUL0061	3.11e-85
      1       1 PUL0061	3.57e-226
      1       1 PUL0069	2.56e-151
      1       1 PUL0069	2.73e-263
      1       1 PUL0100	8.87e-297
      1       1 PUL0106	4.63e-165
      1       1 PUL0108	8.10e-44
      1       1 PUL0111	5.67e-310
      1       1 PUL0121	7.96e-51
      1       1 PUL0145	2.74e-175
      1       1 PUL0152	9.88e-106
      1       1 PUL0168	2.40e-311
      1       1 PUL0184	1.49e-249
      1       1 PUL0202	1.01e-299
      1       1 PUL0206	3.06e-225
      1       1 PUL0216	2.67e-95
      1       1 PUL0230	3.64e-81
      1       1 PUL0236	9.32e-136
      1       1 PUL0246	9.31e-237
      1       1 PUL0248	4.49e-183
      1       1 PUL0266	8.04e-56
      1       1 PUL0267	7.32e-229
      1       1 PUL0286	8.59e-135
      1       1 PUL0291	2.28e-291
      1       1 PUL0298	2.08e-47
      1       1 PUL0316	1.38e-77
      1       1 PUL0316	2.39e-92
      1       1 PUL0316	3.51e-132
      1       1 PUL0324	1.62e-233
      1       1 PUL0332	3.23e-115
      1       1 PUL0335	1.37e-140
      1       1 PUL0335	3.43e-52
      1       1 PUL0335	3.89e-71
      1       1 PUL0335	4.65e-104
      1       1 PUL0347	6.72e-232
      1       1 PUL0401	8.11e-52
      1       1 PUL0446	3.57e-44
      1       1 PUL0449	1.77e-62
      1       1 PUL0449	2.52e-223
      1       1 PUL0530	5.85e-276
      1       1 PUL0574	6.06e-103
      1       1 PUL0584	2.26e-148
      1       1 PUL0586	3.76e-243
      1       1 PUL0599	2.36e-110
