      1       1 PUL0017	9.19e-150
      1       1 PUL0038	3.56e-147
      1       1 PUL0043	1.49e-207
      1       1 PUL0049	1.64e-189
      1       1 PUL0061	4.05e-233
      1       1 PUL0069	6.80e-215
      1       1 PUL0136	1.24e-84
      1       1 PUL0145	5.21e-181
      1       1 PUL0152	6.35e-100
      1       1 PUL0216	3.07e-74
      1       1 PUL0216	8.94e-85
      1       1 PUL0267	3.88e-218
      1       1 PUL0267	5.51e-227
      1       1 PUL0316	1.78e-110
      1       1 PUL0316	3.06e-131
      1       1 PUL0316	9.93e-108
      1       1 PUL0333	1.64e-88
      1       1 PUL0337	1.39e-140
      1       1 PUL0390	6.05e-99
      1       1 PUL0406	9.46e-98
      1       1 PUL0454	5.41e-40
      1       1 PUL0459	2.25e-210
      1       1 PUL0460	1.04e-58
      1       1 PUL0460	9.49e-95
      1       1 PUL0584	1.77e-144
