      1       1 PUL0017	3.08e-182
      1       1 PUL0017	9.36e-151
      1       1 PUL0024	1.76e-83
      1       1 PUL0024	4.64e-221
      1       1 PUL0049	2.30e-149
      1       1 PUL0058	2.81e-197
      1       1 PUL0123	2.92e-23
      1       1 PUL0124	1.03e-206
      1       1 PUL0124	1.06e-79
      1       1 PUL0124	9.33e-174
      1       1 PUL0162	6.49e-178
      1       1 PUL0267	5.13e-153
      1       1 PUL0333	5.90e-89
      1       1 PUL0341	1.78e-245
      1       1 PUL0392	6.57e-128
      1       1 PUL0394	2.57e-215
      1       1 PUL0406	1.73e-214
      1       1 PUL0413	6.92e-158
      1       1 PUL0494	3.44e-199
      1       1 PUL0576	9.48e-211
      1       1 PUL0599	3.57e-132
