PUL0001 1
PUL0013 1
PUL0017 1
PUL0024 1
PUL0029 1
PUL0049 1
PUL0050 1
PUL0070 1
PUL0093 1
PUL0094 1
PUL0101 1
PUL0103 1
PUL0106 4
PUL0108 1
PUL0117 1
PUL0121 1
PUL0123 1
PUL0124 2
PUL0134 2
PUL0151 1
PUL0160 1
PUL0161 1
PUL0169 1
PUL0180 3
PUL0184 1
PUL0206 2
PUL0216 1
PUL0227 1
PUL0235 1
PUL0236 2
PUL0267 2
PUL0269 1
PUL0296 1
PUL0300 3
PUL0315 1
PUL0333 2
PUL0335 1
PUL0337 1
PUL0339 3
PUL0340 1
PUL0341 1
PUL0344 2
PUL0346 1
PUL0368 1
PUL0390 1
PUL0406 1
PUL0413 1
PUL0429 1
PUL0434 2
PUL0443 2
PUL0452 1
PUL0459 1
PUL0467 2
PUL0473 1
PUL0482 1
PUL0483 1
PUL0487 1
PUL0489 1
PUL0493 1
PUL0527 3
PUL0530 2
PUL0532 1
PUL0560 4
PUL0584 1
