      1       1 PUL0001	3.16e-131
      1       1 PUL0013	2.21e-05
      1       1 PUL0017	1.65e-184
      1       1 PUL0024	2.54e-57
      1       1 PUL0029	9.24e-42
      1       1 PUL0049	9.88e-320
      1       1 PUL0050	2.99e-77
      1       1 PUL0070	4.80e-165
      1       1 PUL0093	1.18e-27
      1       1 PUL0094	2.94e-105
      1       1 PUL0101	1.56e-153
      1       1 PUL0103	1.05e-209
      1       1 PUL0106	1.20e-23
      1       1 PUL0106	5.53e-185
      1       1 PUL0106	8.80e-317
      1       1 PUL0106	9.03e-120
      1       1 PUL0108	3.49e-84
      1       1 PUL0117	4.52e-10
      1       1 PUL0121	1.59e-112
      1       1 PUL0123	2.23e-69
      1       1 PUL0124	1.31e-159
      1       1 PUL0124	2.25e-58
      1       1 PUL0134	6.43e-245
      1       1 PUL0134	7.05e-243
      1       1 PUL0151	8.20e-27
      1       1 PUL0160	3.79e-254
      1       1 PUL0161	8.08e-13
      1       1 PUL0169	4.37e-10
      1       1 PUL0180	1.21e-108
      1       1 PUL0180	3.04e-06
      1       1 PUL0180	4.32e-72
      1       1 PUL0184	8.51e-54
      1       1 PUL0206	5.77e-150
      1       1 PUL0206	6.47e-248
      1       1 PUL0216	4.92e-99
      1       1 PUL0227	1.51e-74
      1       1 PUL0235	3.20e-151
      1       1 PUL0236	1.59e-57
      1       1 PUL0236	3.84e-139
      1       1 PUL0267	5.41e-225
      1       1 PUL0267	5.45e-284
      1       1 PUL0269	5.76e-35
      1       1 PUL0296	6.38e-118
      1       1 PUL0300	1.50e-99
      1       1 PUL0300	6.42e-55
      1       1 PUL0300	7.75e-54
      1       1 PUL0315	1.11e-32
      1       1 PUL0333	3.17e-112
      1       1 PUL0333	8.74e-183
      1       1 PUL0335	2.63e-185
      1       1 PUL0337	4.77e-91
      1       1 PUL0339	1.17e-243
      1       1 PUL0339	1.77e-110
      1       1 PUL0339	8.50e-279
      1       1 PUL0340	5.09e-148
      1       1 PUL0341	8.59e-179
      1       1 PUL0344	2.54e-47
      1       1 PUL0344	3.91e-141
      1       1 PUL0346	1.13e-48
      1       1 PUL0368	3.04e-25
      1       1 PUL0390	3.71e-13
      1       1 PUL0406	9.19e-13
      1       1 PUL0413	2.51e-50
      1       1 PUL0429	8.80e-23
      1       1 PUL0434	1.10e-04
      1       1 PUL0434	1.41e-17
      1       1 PUL0443	7.36e-161
      1       1 PUL0443	7.98e-138
      1       1 PUL0452	3.47e-08
      1       1 PUL0459	9.44e-32
      1       1 PUL0467	4.91e-55
      1       1 PUL0467	5.26e-71
      1       1 PUL0473	3.32e-08
      1       1 PUL0482	1.64e-16
      1       1 PUL0483	6.13e-115
      1       1 PUL0487	6.28e-139
      1       1 PUL0489	1.42e-45
      1       1 PUL0493	7.32e-82
      1       1 PUL0527	1.22e-86
      1       1 PUL0527	2.74e-91
      1       1 PUL0527	7.37e-265
      1       1 PUL0530	3.16e-101
      1       1 PUL0530	5.50e-07
      1       1 PUL0532	5.28e-27
      1       1 PUL0560	1.01e-58
      1       1 PUL0560	1.06e-111
      1       1 PUL0560	1.31e-104
      1       1 PUL0560	5.80e-110
      1       1 PUL0584	1.03e-141
