      1       1 PUL0001	3.08e-124
      1       1 PUL0014	6.99e-28
      1       1 PUL0017	2.92e-75
      1       1 PUL0024	1.80e-11
      1       1 PUL0029	4.55e-188
      1       1 PUL0049	1.25e-14
      1       1 PUL0049	1.88e-43
      1       1 PUL0061	7.61e-175
      1       1 PUL0075	4.35e-36
      1       1 PUL0103	2.63e-91
      1       1 PUL0108	2.53e-166
      1       1 PUL0121	2.82e-52
      1       1 PUL0121	3.68e-145
      1       1 PUL0121	5.42e-115
      1       1 PUL0123	9.73e-47
      1       1 PUL0124	6.33e-94
      1       1 PUL0214	4.56e-199
      1       1 PUL0227	1.66e-63
      1       1 PUL0240	1.81e-76
      1       1 PUL0259	4.89e-05
      1       1 PUL0267	2.48e-154
      1       1 PUL0267	2.99e-244
      1       1 PUL0267	5.52e-58
      1       1 PUL0271	6.11e-04
      1       1 PUL0281	3.02e-16
      1       1 PUL0294	4.73e-89
      1       1 PUL0300	6.05e-60
      1       1 PUL0337	1.89e-107
      1       1 PUL0337	4.43e-202
      1       1 PUL0339	1.41e-82
      1       1 PUL0340	1.38e-222
      1       1 PUL0340	4.68e-136
      1       1 PUL0341	1.66e-173
      1       1 PUL0368	2.44e-113
      1       1 PUL0413	1.06e-06
      1       1 PUL0413	2.77e-53
      1       1 PUL0414	8.44e-69
      1       1 PUL0460	1.18e-132
      1       1 PUL0460	3.68e-91
      1       1 PUL0467	6.62e-04
      1       1 PUL0492	1.77e-28
      1       1 PUL0501	1.71e-150
      1       1 PUL0530	2.76e-267
      1       1 PUL0584	5.41e-157
      1       1 PUL0595	4.57e-137
