      1       1 PUL0005	1.48e-279
      1       1 PUL0016	5.80e-176
      1       1 PUL0016	8.53e-259
      1       1 PUL0017	6.13e-190
      1       1 PUL0020	6.78e-271
      1       1 PUL0029	8.59e-140
      1       1 PUL0106	7.84e-33
      1       1 PUL0122	2.66e-204
      1       1 PUL0130	9.24e-222
      1       1 PUL0153	9.07e-167
      1       1 PUL0196	2.74e-248
      1       1 PUL0196	4.94e-146
      1       1 PUL0212	2.27e-171
      1       1 PUL0230	2.74e-290
      1       1 PUL0300	6.97e-54
      1       1 PUL0316	2.55e-95
      1       1 PUL0331	2.87e-84
      1       1 PUL0335	6.31e-118
      1       1 PUL0341	1.87e-187
      1       1 PUL0384	2.83e-50
      1       1 PUL0390	4.40e-130
      1       1 PUL0390	9.12e-79
      1       1 PUL0413	2.10e-161
      1       1 PUL0460	8.41e-133
      1       1 PUL0530	3.23e-246
