      1       1 PUL0017	5.04e-180
      1       1 PUL0038	4.18e-154
      1       1 PUL0043	5.06e-316
      1       1 PUL0061	1.71e-198
      1       1 PUL0070	1.20e-299
      1       1 PUL0106	2.43e-88
      1       1 PUL0121	2.02e-168
      1       1 PUL0145	1.51e-193
      1       1 PUL0145	3.94e-48
      1       1 PUL0184	8.31e-75
      1       1 PUL0267	1.09e-184
      1       1 PUL0296	2.69e-120
      1       1 PUL0316	3.64e-111
      1       1 PUL0326	2.34e-25
      1       1 PUL0339	1.56e-160
      1       1 PUL0340	1.15e-13
      1       1 PUL0340	2.40e-162
      1       1 PUL0340	5.03e-162
      1       1 PUL0340	5.45e-40
      1       1 PUL0369	1.21e-67
      1       1 PUL0431	1.08e-53
      1       1 PUL0459	5.68e-63
