      1       1 PUL0017	8.37e-174
      1       1 PUL0024	2.90e-15
      1       1 PUL0038	3.44e-165
      1       1 PUL0061	3.89e-138
      1       1 PUL0070	6.92e-231
      1       1 PUL0093	9.83e-135
      1       1 PUL0121	3.52e-62
      1       1 PUL0123	3.72e-28
      1       1 PUL0145	2.58e-169
      1       1 PUL0145	3.02e-197
      1       1 PUL0145	3.47e-188
      1       1 PUL0145	3.65e-196
      1       1 PUL0184	8.31e-31
      1       1 PUL0216	6.32e-107
      1       1 PUL0247	1.72e-194
      1       1 PUL0259	1.91e-169
      1       1 PUL0267	3.01e-207
      1       1 PUL0267	4.48e-223
      1       1 PUL0281	3.85e-182
      1       1 PUL0309	2.28e-53
      1       1 PUL0316	8.14e-85
      1       1 PUL0335	2.24e-213
      1       1 PUL0336	6.68e-49
      1       1 PUL0337	3.78e-73
      1       1 PUL0365	1.62e-107
      1       1 PUL0384	4.11e-04
      1       1 PUL0404	7.59e-77
      1       1 PUL0413	1.38e-60
      1       1 PUL0459	7.31e-238
      1       1 PUL0460	3.40e-42
      1       1 PUL0460	4.82e-75
      1       1 PUL0573	2.01e-39
