      1       1 PUL0017	1.08e-175
      1       1 PUL0029	2.29e-140
      1       1 PUL0038	1.61e-144
      1       1 PUL0043	2.53e-113
      1       1 PUL0049	4.23e-139
      1       1 PUL0049	8.66e-176
      1       1 PUL0058	3.42e-191
      1       1 PUL0061	3.53e-164
      1       1 PUL0088	1.46e-100
      1       1 PUL0106	1.86e-218
      1       1 PUL0142	4.25e-169
      1       1 PUL0178	1.40e-180
      1       1 PUL0197	4.36e-101
      1       1 PUL0335	5.21e-184
      1       1 PUL0335	9.93e-177
      1       1 PUL0340	3.38e-134
      1       1 PUL0340	6.41e-90
      1       1 PUL0341	3.24e-47
      1       1 PUL0347	4.01e-149
      1       1 PUL0429	6.31e-52
      1       1 PUL0454	1.02e-38
      1       1 PUL0454	1.86e-174
      1       1 PUL0454	2.97e-213
