      1       1 PUL0006	2.30e-203
      1       1 PUL0017	1.79e-179
      1       1 PUL0017	1.92e-202
      1       1 PUL0024	1.63e-212
      1       1 PUL0047	4.05e-41
      1       1 PUL0058	2.48e-119
      1       1 PUL0058	2.51e-259
      1       1 PUL0070	2.68e-171
      1       1 PUL0103	6.08e-129
      1       1 PUL0106	3.11e-99
      1       1 PUL0106	4.14e-209
      1       1 PUL0122	3.30e-167
      1       1 PUL0145	2.81e-33
      1       1 PUL0230	1.10e-107
      1       1 PUL0256	1.68e-191
      1       1 PUL0267	7.62e-119
      1       1 PUL0336	3.08e-17
      1       1 PUL0340	4.68e-315
      1       1 PUL0341	2.67e-256
      1       1 PUL0341	8.15e-36
      1       1 PUL0406	1.30e-211
      1       1 PUL0492	1.09e-40
      1       1 PUL0577	7.21e-171
