      1       1 PUL0001	9.16e-125
      1       1 PUL0017	4.56e-189
      1       1 PUL0017	8.48e-173
      1       1 PUL0019	1.67e-64
      1       1 PUL0024	1.75e-165
      1       1 PUL0029	2.44e-42
      1       1 PUL0029	5.39e-132
      1       1 PUL0038	7.57e-141
      1       1 PUL0058	4.67e-238
      1       1 PUL0106	5.44e-149
      1       1 PUL0113	1.18e-213
      1       1 PUL0121	1.82e-145
      1       1 PUL0121	4.99e-77
      1       1 PUL0121	6.26e-59
      1       1 PUL0121	9.44e-35
      1       1 PUL0124	3.45e-199
      1       1 PUL0139	2.55e-84
      1       1 PUL0143	1.50e-217
      1       1 PUL0143	1.85e-45
      1       1 PUL0162	2.00e-61
      1       1 PUL0184	3.07e-06
      1       1 PUL0212	1.17e-192
      1       1 PUL0238	2.96e-190
      1       1 PUL0245	1.55e-50
      1       1 PUL0254	8.11e-196
      1       1 PUL0267	7.19e-63
      1       1 PUL0292	1.32e-34
      1       1 PUL0337	2.41e-108
      1       1 PUL0340	1.39e-214
      1       1 PUL0341	8.11e-173
      1       1 PUL0366	4.18e-43
      1       1 PUL0368	1.53e-122
      1       1 PUL0368	4.33e-34
      1       1 PUL0368	4.56e-110
      1       1 PUL0406	7.85e-206
      1       1 PUL0530	1.27e-32
      1       1 PUL0530	7.53e-232
      1       1 PUL0576	3.69e-129
