      1       1 PUL0017	1.20e-153
      1       1 PUL0017	1.96e-173
      1       1 PUL0017	2.42e-126
      1       1 PUL0024	6.87e-48
      1       1 PUL0038	1.96e-161
      1       1 PUL0043	2.18e-135
      1       1 PUL0049	3.49e-198
      1       1 PUL0050	7.88e-81
      1       1 PUL0060	2.64e-108
      1       1 PUL0061	5.91e-234
      1       1 PUL0106	4.19e-84
      1       1 PUL0106	9.26e-114
      1       1 PUL0121	3.38e-112
      1       1 PUL0145	1.98e-182
      1       1 PUL0161	1.52e-68
      1       1 PUL0206	1.03e-81
      1       1 PUL0216	2.89e-70
      1       1 PUL0216	8.45e-75
      1       1 PUL0267	6.13e-223
      1       1 PUL0270	2.24e-142
      1       1 PUL0282	2.05e-14
      1       1 PUL0292	1.86e-33
      1       1 PUL0316	2.53e-61
      1       1 PUL0316	3.58e-104
      1       1 PUL0316	9.22e-60
      1       1 PUL0337	7.69e-138
      1       1 PUL0341	4.85e-161
      1       1 PUL0396	9.52e-173
      1       1 PUL0410	6.01e-123
      1       1 PUL0413	4.79e-171
      1       1 PUL0429	1.64e-33
      1       1 PUL0448	9.66e-172
      1       1 PUL0458	1.77e-34
      1       1 PUL0460	3.58e-15
      1       1 PUL0460	8.15e-47
      1       1 PUL0516	1.54e-148
      1       1 PUL0527	1.16e-55
      1       1 PUL0530	3.62e-264
