      1       1 PUL0017	1.01e-190
      1       1 PUL0017	8.50e-191
      1       1 PUL0021	6.16e-128
      1       1 PUL0038	2.72e-150
      1       1 PUL0070	7.19e-165
      1       1 PUL0092	5.50e-108
      1       1 PUL0103	1.56e-51
      1       1 PUL0106	2.29e-245
      1       1 PUL0124	7.85e-164
      1       1 PUL0162	2.74e-137
      1       1 PUL0196	4.98e-16
      1       1 PUL0201	2.99e-157
      1       1 PUL0212	1.90e-168
      1       1 PUL0245	2.36e-48
      1       1 PUL0246	4.05e-254
      1       1 PUL0271	5.53e-188
      1       1 PUL0302	3.71e-191
      1       1 PUL0327	1.07e-174
      1       1 PUL0327	6.23e-221
      1       1 PUL0341	7.13e-183
      1       1 PUL0390	6.07e-164
      1       1 PUL0399	1.75e-318
      1       1 PUL0454	5.05e-81
      1       1 PUL0457	3.53e-251
      1       1 PUL0530	3.01e-266
