      1       1 PUL0014	1.88e-27
      1       1 PUL0017	9.27e-182
      1       1 PUL0029	1.67e-25
      1       1 PUL0029	1.81e-48
      1       1 PUL0033	1.57e-09
      1       1 PUL0033	7.51e-19
      1       1 PUL0044	2.17e-39
      1       1 PUL0045	1.34e-15
      1       1 PUL0047	9.60e-70
      1       1 PUL0049	2.78e-299
      1       1 PUL0061	1.10e-147
      1       1 PUL0061	1.36e-09
      1       1 PUL0067	7.98e-17
      1       1 PUL0070	2.09e-20
      1       1 PUL0075	8.28e-25
      1       1 PUL0093	6.93e-37
      1       1 PUL0094	1.27e-122
      1       1 PUL0103	2.02e-188
      1       1 PUL0104	2.39e-121
      1       1 PUL0106	1.12e-43
      1       1 PUL0106	1.24e-42
      1       1 PUL0106	1.84e-56
      1       1 PUL0106	1.86e-172
      1       1 PUL0106	3.58e-294
      1       1 PUL0107	1.58e-33
      1       1 PUL0108	3.35e-55
      1       1 PUL0108	4.10e-44
      1       1 PUL0108	8.74e-47
      1       1 PUL0121	4.83e-111
      1       1 PUL0123	3.76e-26
      1       1 PUL0124	1.99e-160
      1       1 PUL0139	9.51e-17
      1       1 PUL0145	1.81e-50
      1       1 PUL0145	9.45e-134
      1       1 PUL0151	3.90e-08
      1       1 PUL0152	9.16e-19
      1       1 PUL0161	4.90e-24
      1       1 PUL0169	5.47e-07
      1       1 PUL0180	1.27e-07
      1       1 PUL0180	1.92e-244
      1       1 PUL0180	4.00e-20
      1       1 PUL0181	1.97e-154
      1       1 PUL0184	8.98e-119
      1       1 PUL0199	5.75e-156
      1       1 PUL0212	4.97e-121
      1       1 PUL0235	4.61e-125
      1       1 PUL0236	1.35e-74
      1       1 PUL0236	5.20e-108
      1       1 PUL0236	9.61e-118
      1       1 PUL0254	1.45e-04
      1       1 PUL0259	2.50e-82
      1       1 PUL0265	2.48e-84
      1       1 PUL0267	1.41e-290
      1       1 PUL0267	1.65e-217
      1       1 PUL0269	6.84e-11
      1       1 PUL0270	3.57e-82
      1       1 PUL0270	4.22e-87
      1       1 PUL0270	7.02e-67
      1       1 PUL0286	2.59e-98
      1       1 PUL0292	2.95e-07
      1       1 PUL0299	5.93e-36
      1       1 PUL0300	3.99e-72
      1       1 PUL0316	3.70e-73
      1       1 PUL0320	3.51e-13
      1       1 PUL0320	8.87e-10
      1       1 PUL0322	2.98e-18
      1       1 PUL0329	1.67e-25
      1       1 PUL0333	1.65e-86
      1       1 PUL0333	2.53e-43
      1       1 PUL0333	5.57e-97
      1       1 PUL0334	1.97e-16
      1       1 PUL0334	5.14e-225
      1       1 PUL0335	5.13e-82
      1       1 PUL0335	5.32e-208
      1       1 PUL0335	7.42e-164
      1       1 PUL0336	3.31e-130
      1       1 PUL0339	2.24e-50
      1       1 PUL0339	5.21e-274
      1       1 PUL0339	7.13e-223
      1       1 PUL0340	1.17e-15
      1       1 PUL0340	2.63e-152
      1       1 PUL0347	9.58e-27
      1       1 PUL0355	1.05e-09
      1       1 PUL0365	3.51e-141
      1       1 PUL0375	8.23e-04
      1       1 PUL0380	1.10e-159
      1       1 PUL0383	4.31e-09
      1       1 PUL0413	1.05e-46
      1       1 PUL0413	2.43e-161
      1       1 PUL0414	4.64e-38
      1       1 PUL0429	3.16e-16
      1       1 PUL0430	3.95e-19
      1       1 PUL0431	6.69e-109
      1       1 PUL0435	5.98e-137
      1       1 PUL0436	1.56e-297
      1       1 PUL0436	3.15e-04
      1       1 PUL0436	3.43e-184
      1       1 PUL0436	4.34e-14
      1       1 PUL0446	1.64e-97
      1       1 PUL0460	3.56e-08
      1       1 PUL0460	5.20e-74
      1       1 PUL0467	4.31e-63
      1       1 PUL0468	4.85e-29
      1       1 PUL0493	3.78e-69
      1       1 PUL0495	2.41e-35
      1       1 PUL0505	2.36e-29
      1       1 PUL0506	1.22e-162
      1       1 PUL0511	1.00e-09
      1       1 PUL0523	7.73e-97
      1       1 PUL0527	3.33e-124
      1       1 PUL0527	4.74e-155
      1       1 PUL0527	6.06e-257
      1       1 PUL0530	1.45e-07
      1       1 PUL0530	1.58e-06
      1       1 PUL0534	2.49e-185
      1       1 PUL0584	3.14e-112
      1       1 PUL0599	2.27e-18
      1       1 PUL0600	2.00e-11
      1       1 PUL0601	1.35e-16
