PUL0014	1
PUL0017	1
PUL0029	2
PUL0033	2
PUL0044	1
PUL0045	1
PUL0047	1
PUL0049	1
PUL0061	2
PUL0067	1
PUL0070	1
PUL0075	1
PUL0093	1
PUL0094	1
PUL0103	1
PUL0104	1
PUL0106	5
PUL0107	1
PUL0108	3
PUL0121	1
PUL0123	1
PUL0124	1
PUL0139	1
PUL0145	2
PUL0151	1
PUL0152	1
PUL0161	1
PUL0169	1
PUL0180	3
PUL0181	1
PUL0184	1
PUL0199	1
PUL0212	1
PUL0235	1
PUL0236	3
PUL0254	1
PUL0259	1
PUL0265	1
PUL0267	2
PUL0269	1
PUL0270	3
PUL0286	1
PUL0292	1
PUL0299	1
PUL0300	1
PUL0316	1
PUL0320	2
PUL0322	1
PUL0329	1
PUL0333	3
PUL0334	2
PUL0335	3
PUL0336	1
PUL0339	3
PUL0340	2
PUL0347	1
PUL0355	1
PUL0365	1
PUL0375	1
PUL0380	1
PUL0383	1
PUL0413	2
PUL0414	1
PUL0429	1
PUL0430	1
PUL0431	1
PUL0435	1
PUL0436	4
PUL0446	1
PUL0460	2
PUL0467	1
PUL0468	1
PUL0493	1
PUL0495	1
PUL0505	1
PUL0506	1
PUL0511	1
PUL0523	1
PUL0527	3
PUL0530	2
PUL0534	1
PUL0584	1
PUL0599	1
PUL0600	1
PUL0601	1
