      1       1 PUL0017	2.88e-175
      1       1 PUL0038	1.81e-175
      1       1 PUL0106	5.22e-184
      1       1 PUL0121	1.02e-70
      1       1 PUL0121	1.05e-101
      1       1 PUL0121	2.99e-55
      1       1 PUL0145	1.38e-168
      1       1 PUL0145	4.13e-186
      1       1 PUL0216	4.65e-77
      1       1 PUL0236	2.40e-89
      1       1 PUL0242	5.60e-61
      1       1 PUL0247	2.46e-159
      1       1 PUL0247	2.76e-213
      1       1 PUL0267	1.09e-223
      1       1 PUL0267	1.58e-191
      1       1 PUL0333	1.90e-104
      1       1 PUL0396	3.69e-24
      1       1 PUL0458	2.49e-18
      1       1 PUL0460	3.32e-58
      1       1 PUL0460	4.56e-91
