      1       1 PUL0017	3.43e-198
      1       1 PUL0017	7.73e-175
      1       1 PUL0038	4.42e-146
      1       1 PUL0048	2.88e-190
      1       1 PUL0050	2.94e-89
      1       1 PUL0061	4.20e-10
      1       1 PUL0225	2.90e-27
      1       1 PUL0225	8.10e-33
      1       1 PUL0300	6.45e-83
      1       1 PUL0324	2.98e-253
      1       1 PUL0333	9.24e-05
      1       1 PUL0335	2.44e-173
      1       1 PUL0337	6.30e-117
      1       1 PUL0339	2.26e-82
      1       1 PUL0340	2.47e-09
      1       1 PUL0340	8.76e-128
      1       1 PUL0340	9.72e-10
      1       1 PUL0341	6.25e-71
      1       1 PUL0349	4.27e-186
      1       1 PUL0372	8.37e-50
      1       1 PUL0413	2.70e-114
      1       1 PUL0429	4.21e-40
