      1       1 PUL0009	4.53e-34
      1       1 PUL0017	6.11e-182
      1       1 PUL0017	7.73e-209
      1       1 PUL0029	2.01e-99
      1       1 PUL0036	1.52e-113
      1       1 PUL0038	7.90e-156
      1       1 PUL0061	4.29e-185
      1       1 PUL0106	3.39e-242
      1       1 PUL0113	2.31e-81
      1       1 PUL0121	1.47e-119
      1       1 PUL0121	1.94e-75
      1       1 PUL0121	9.72e-57
      1       1 PUL0124	3.62e-165
      1       1 PUL0154	1.31e-168
      1       1 PUL0165	2.49e-07
      1       1 PUL0184	2.59e-06
      1       1 PUL0196	2.13e-89
      1       1 PUL0197	1.44e-50
      1       1 PUL0214	1.10e-115
      1       1 PUL0265	6.24e-303
      1       1 PUL0297	4.06e-48
      1       1 PUL0316	1.14e-94
      1       1 PUL0333	7.10e-109
      1       1 PUL0337	2.27e-63
      1       1 PUL0341	2.95e-191
      1       1 PUL0349	3.49e-170
      1       1 PUL0454	1.15e-36
      1       1 PUL0457	4.89e-103
      1       1 PUL0529	1.14e-05
      1       1 PUL0584	4.03e-203
      1       1 PUL0591	1.07e-97
      1       1 PUL0601	7.99e-46
      1       1 PUL0602	7.53e-164
