      1       1 PUL0013	3.56e-39
      1       1 PUL0017	2.47e-175
      1       1 PUL0020	7.22e-35
      1       1 PUL0050	2.93e-80
      1       1 PUL0052	2.61e-12
      1       1 PUL0094	2.83e-49
      1       1 PUL0101	1.49e-196
      1       1 PUL0106	1.21e-187
      1       1 PUL0106	1.43e-130
      1       1 PUL0108	4.85e-37
      1       1 PUL0109	1.49e-143
      1       1 PUL0121	1.43e-30
      1       1 PUL0121	2.64e-176
      1       1 PUL0121	3.23e-80
      1       1 PUL0124	2.37e-79
      1       1 PUL0133	8.38e-71
      1       1 PUL0134	1.49e-20
      1       1 PUL0145	5.13e-206
      1       1 PUL0146	8.39e-04
      1       1 PUL0151	5.16e-15
      1       1 PUL0161	1.28e-53
      1       1 PUL0161	1.87e-45
      1       1 PUL0180	2.87e-08
      1       1 PUL0180	4.13e-158
      1       1 PUL0216	3.17e-37
      1       1 PUL0225	1.70e-107
      1       1 PUL0240	8.40e-108
      1       1 PUL0267	1.76e-226
      1       1 PUL0267	2.32e-171
      1       1 PUL0267	5.37e-228
      1       1 PUL0269	5.13e-21
      1       1 PUL0281	2.04e-139
      1       1 PUL0286	3.34e-122
      1       1 PUL0302	3.42e-81
      1       1 PUL0303	5.23e-36
      1       1 PUL0311	1.43e-234
      1       1 PUL0333	7.69e-106
      1       1 PUL0337	1.79e-38
      1       1 PUL0339	2.88e-169
      1       1 PUL0340	1.37e-227
      1       1 PUL0341	1.13e-157
      1       1 PUL0346	3.52e-31
      1       1 PUL0365	1.44e-42
      1       1 PUL0365	2.49e-38
      1       1 PUL0375	1.74e-51
      1       1 PUL0406	3.68e-58
      1       1 PUL0459	3.83e-06
      1       1 PUL0460	1.69e-06
      1       1 PUL0460	7.01e-54
      1       1 PUL0494	2.82e-32
      1       1 PUL0527	1.83e-58
      1       1 PUL0530	3.21e-47
      1       1 PUL0577	1.94e-09
      1       1 PUL0599	5.58e-68
