      1       1 PUL0017	1.97e-168
      1       1 PUL0036	9.18e-132
      1       1 PUL0050	1.23e-99
      1       1 PUL0070	1.14e-183
      1       1 PUL0101	5.92e-129
      1       1 PUL0106	1.63e-185
      1       1 PUL0106	6.90e-170
      1       1 PUL0108	5.37e-32
      1       1 PUL0121	2.10e-179
      1       1 PUL0121	6.76e-54
      1       1 PUL0124	9.36e-33
      1       1 PUL0145	8.21e-215
      1       1 PUL0168	1.37e-108
      1       1 PUL0198	7.20e-184
      1       1 PUL0201	4.39e-157
      1       1 PUL0210	2.18e-05
      1       1 PUL0250	2.22e-77
      1       1 PUL0267	4.79e-12
      1       1 PUL0296	1.30e-102
      1       1 PUL0300	2.37e-122
      1       1 PUL0300	4.83e-68
      1       1 PUL0316	2.63e-84
      1       1 PUL0335	1.45e-198
      1       1 PUL0337	7.10e-159
      1       1 PUL0340	1.92e-93
      1       1 PUL0340	1.97e-140
      1       1 PUL0340	8.12e-12
      1       1 PUL0341	3.92e-216
      1       1 PUL0406	8.59e-151
      1       1 PUL0413	1.91e-164
      1       1 PUL0493	2.12e-84
      1       1 PUL0496	9.86e-08
      1       1 PUL0530	7.61e-42
      1       1 PUL0584	3.98e-167
      1       1 PUL0595	3.94e-106
