      1       1 PUL0001	1.96e-132
      1       1 PUL0013	6.05e-10
      1       1 PUL0017	1.27e-186
      1       1 PUL0029	1.18e-41
      1       1 PUL0038	2.67e-170
      1       1 PUL0049	1.98e-320
      1       1 PUL0049	8.23e-124
      1       1 PUL0050	2.24e-118
      1       1 PUL0106	1.87e-320
      1       1 PUL0106	1.90e-184
      1       1 PUL0106	2.71e-18
      1       1 PUL0108	2.78e-83
      1       1 PUL0117	2.15e-11
      1       1 PUL0124	3.39e-07
      1       1 PUL0124	9.14e-160
      1       1 PUL0145	1.03e-265
      1       1 PUL0161	1.35e-13
      1       1 PUL0180	1.38e-110
      1       1 PUL0180	3.92e-189
      1       1 PUL0180	4.85e-72
      1       1 PUL0199	1.66e-33
      1       1 PUL0199	2.84e-152
      1       1 PUL0206	1.77e-247
      1       1 PUL0206	5.57e-150
      1       1 PUL0216	1.19e-98
      1       1 PUL0227	1.30e-74
      1       1 PUL0267	4.06e-282
      1       1 PUL0267	6.15e-226
      1       1 PUL0269	1.49e-64
      1       1 PUL0333	2.34e-112
      1       1 PUL0335	1.66e-184
      1       1 PUL0336	2.18e-105
      1       1 PUL0337	1.58e-142
      1       1 PUL0339	1.03e-110
      1       1 PUL0339	1.34e-28
      1       1 PUL0339	3.10e-280
      1       1 PUL0340	4.40e-147
      1       1 PUL0341	3.20e-177
      1       1 PUL0344	1.02e-140
      1       1 PUL0344	2.60e-48
      1       1 PUL0406	1.18e-06
      1       1 PUL0406	9.02e-182
      1       1 PUL0413	1.69e-18
      1       1 PUL0413	2.63e-38
      1       1 PUL0440	7.33e-199
      1       1 PUL0443	3.94e-157
      1       1 PUL0467	5.76e-71
      1       1 PUL0467	6.49e-55
      1       1 PUL0485	1.37e-102
      1       1 PUL0487	3.20e-138
      1       1 PUL0489	8.68e-46
      1       1 PUL0506	8.07e-74
      1       1 PUL0521	3.92e-25
      1       1 PUL0530	1.40e-99
      1       1 PUL0555	2.94e-120
