      1       1 PUL0009	1.07e-123
      1       1 PUL0017	6.07e-159
      1       1 PUL0029	5.24e-36
      1       1 PUL0038	7.73e-259
      1       1 PUL0050	4.84e-98
      1       1 PUL0061	2.36e-95
      1       1 PUL0070	2.76e-168
      1       1 PUL0101	2.64e-60
      1       1 PUL0106	3.27e-178
      1       1 PUL0108	4.58e-33
      1       1 PUL0155	4.37e-29
      1       1 PUL0176	1.07e-52
      1       1 PUL0184	1.56e-30
      1       1 PUL0205	8.59e-90
      1       1 PUL0217	7.64e-46
      1       1 PUL0267	2.03e-75
      1       1 PUL0267	3.85e-216
      1       1 PUL0300	1.70e-100
      1       1 PUL0316	4.49e-64
      1       1 PUL0333	9.51e-78
      1       1 PUL0335	1.19e-171
      1       1 PUL0335	5.61e-71
      1       1 PUL0339	4.40e-16
      1       1 PUL0339	4.83e-17
      1       1 PUL0339	6.16e-163
      1       1 PUL0340	5.12e-140
      1       1 PUL0368	1.02e-62
      1       1 PUL0390	2.07e-35
      1       1 PUL0399	2.19e-23
      1       1 PUL0404	4.66e-42
      1       1 PUL0413	1.60e-119
      1       1 PUL0429	6.99e-113
      1       1 PUL0459	2.95e-10
      1       1 PUL0460	2.97e-60
      1       1 PUL0460	7.63e-93
      1       1 PUL0573	5.25e-37
      1       1 PUL0584	3.45e-139
      1       1 PUL0598	2.15e-112
