      1       1 PUL0006	2.33e-199
      1       1 PUL0010	5.15e-38
      1       1 PUL0017	1.79e-199
      1       1 PUL0024	1.82e-85
      1       1 PUL0024	3.02e-206
      1       1 PUL0049	4.82e-140
      1       1 PUL0058	3.00e-175
      1       1 PUL0061	3.98e-116
      1       1 PUL0070	9.43e-171
      1       1 PUL0085	1.31e-61
      1       1 PUL0085	6.38e-99
      1       1 PUL0094	1.72e-84
      1       1 PUL0099	1.22e-276
      1       1 PUL0099	3.99e-249
      1       1 PUL0103	2.40e-125
      1       1 PUL0106	5.74e-207
      1       1 PUL0106	5.93e-178
      1       1 PUL0108	1.40e-89
      1       1 PUL0108	7.80e-38
      1       1 PUL0110	6.59e-22
      1       1 PUL0121	2.49e-74
      1       1 PUL0122	2.11e-163
      1       1 PUL0180	1.76e-88
      1       1 PUL0212	4.90e-142
      1       1 PUL0258	3.04e-30
      1       1 PUL0267	1.78e-62
      1       1 PUL0267	1.97e-119
      1       1 PUL0282	8.65e-204
      1       1 PUL0294	2.01e-70
      1       1 PUL0297	6.23e-41
      1       1 PUL0336	1.29e-34
      1       1 PUL0336	3.05e-40
      1       1 PUL0337	1.83e-201
      1       1 PUL0340	3.70e-104
      1       1 PUL0341	1.23e-257
      1       1 PUL0390	4.38e-85
      1       1 PUL0394	1.66e-169
      1       1 PUL0394	4.20e-186
      1       1 PUL0406	2.22e-221
      1       1 PUL0414	3.32e-110
      1       1 PUL0425	1.58e-66
      1       1 PUL0501	5.02e-166
      1       1 PUL0575	9.83e-234
      1       1 PUL0577	1.97e-168
      1       1 PUL0591	1.76e-72
      1       1 PUL0596	1.44e-77
