      1       1 PUL0006	6.55e-17
      1       1 PUL0007	8.02e-119
      1       1 PUL0009	7.01e-66
      1       1 PUL0017	1.15e-191
      1       1 PUL0017	6.80e-190
      1       1 PUL0018	5.32e-128
      1       1 PUL0038	1.92e-165
      1       1 PUL0047	1.52e-184
      1       1 PUL0058	1.32e-269
      1       1 PUL0108	5.41e-79
      1       1 PUL0121	2.18e-184
      1       1 PUL0123	5.38e-66
      1       1 PUL0145	7.04e-195
      1       1 PUL0180	1.19e-89
      1       1 PUL0184	6.42e-38
      1       1 PUL0225	4.78e-172
      1       1 PUL0230	2.20e-63
      1       1 PUL0296	1.48e-118
      1       1 PUL0296	1.64e-84
      1       1 PUL0296	3.84e-74
      1       1 PUL0300	2.15e-134
      1       1 PUL0333	3.39e-94
      1       1 PUL0335	1.94e-148
      1       1 PUL0335	7.97e-194
      1       1 PUL0336	5.40e-97
      1       1 PUL0337	1.20e-160
      1       1 PUL0339	1.28e-152
      1       1 PUL0340	1.79e-46
      1       1 PUL0340	3.15e-156
      1       1 PUL0340	8.47e-232
      1       1 PUL0341	7.93e-218
      1       1 PUL0349	3.07e-193
      1       1 PUL0369	5.18e-37
      1       1 PUL0370	2.47e-205
      1       1 PUL0406	3.84e-118
      1       1 PUL0406	5.61e-214
      1       1 PUL0413	1.75e-132
      1       1 PUL0413	3.45e-08
      1       1 PUL0434	1.28e-40
      1       1 PUL0507	2.40e-128
      1       1 PUL0584	2.87e-156
