      1       1 PUL0017	6.00e-170
      1       1 PUL0025	6.22e-29
      1       1 PUL0025	6.93e-10
      1       1 PUL0069	1.80e-06
      1       1 PUL0101	7.28e-134
      1       1 PUL0103	4.29e-224
      1       1 PUL0105	2.36e-155
      1       1 PUL0106	1.00e-62
      1       1 PUL0106	2.49e-167
      1       1 PUL0106	5.84e-295
      1       1 PUL0108	1.07e-17
      1       1 PUL0108	1.57e-14
      1       1 PUL0108	2.68e-170
      1       1 PUL0121	5.57e-105
      1       1 PUL0178	8.64e-221
      1       1 PUL0180	9.80e-229
      1       1 PUL0256	1.48e-31
      1       1 PUL0256	2.95e-219
      1       1 PUL0267	2.59e-215
      1       1 PUL0267	3.41e-306
      1       1 PUL0334	1.37e-237
      1       1 PUL0334	1.89e-33
      1       1 PUL0334	1.90e-29
      1       1 PUL0334	3.13e-29
      1       1 PUL0335	3.36e-268
      1       1 PUL0336	2.27e-117
      1       1 PUL0339	1.77e-172
      1       1 PUL0375	1.37e-43
      1       1 PUL0375	5.82e-05
      1       1 PUL0414	2.22e-12
      1       1 PUL0467	3.21e-89
      1       1 PUL0507	2.80e-04
      1       1 PUL0516	1.17e-193
      1       1 PUL0521	1.03e-205
      1       1 PUL0521	2.60e-196
      1       1 PUL0527	2.96e-250
      1       1 PUL0555	3.21e-148
      1       1 PUL0560	4.63e-06
