      1       1 PUL0043	6.61e-174
      1       1 PUL0049	1.35e-32
      1       1 PUL0094	2.30e-73
      1       1 PUL0101	9.72e-101
      1       1 PUL0106	1.31e-299
      1       1 PUL0108	7.01e-112
      1       1 PUL0124	3.67e-156
      1       1 PUL0125	1.10e-132
      1       1 PUL0134	1.39e-247
      1       1 PUL0134	3.46e-249
      1       1 PUL0145	1.40e-245
      1       1 PUL0145	3.36e-288
      1       1 PUL0145	4.31e-232
      1       1 PUL0145	5.85e-275
      1       1 PUL0160	2.82e-314
      1       1 PUL0184	4.79e-78
      1       1 PUL0206	4.54e-231
      1       1 PUL0236	7.22e-125
      1       1 PUL0267	1.19e-11
      1       1 PUL0267	1.34e-225
      1       1 PUL0267	4.40e-293
      1       1 PUL0269	4.62e-59
      1       1 PUL0334	1.89e-156
      1       1 PUL0339	1.78e-265
      1       1 PUL0339	4.08e-108
      1       1 PUL0339	5.04e-181
      1       1 PUL0344	2.57e-129
      1       1 PUL0344	6.47e-44
      1       1 PUL0348	1.78e-207
      1       1 PUL0368	1.79e-43
      1       1 PUL0401	3.91e-86
      1       1 PUL0406	6.30e-184
      1       1 PUL0420	9.94e-292
      1       1 PUL0435	7.84e-164
      1       1 PUL0443	3.57e-178
      1       1 PUL0454	1.59e-27
      1       1 PUL0476	1.96e-259
      1       1 PUL0489	2.89e-47
      1       1 PUL0490	6.92e-94
      1       1 PUL0493	6.97e-75
      1       1 PUL0527	1.13e-19
      1       1 PUL0527	1.57e-101
      1       1 PUL0527	1.92e-154
      1       1 PUL0530	3.88e-298
