      1       1 PUL0017	1.50e-117
      1       1 PUL0017	2.51e-149
      1       1 PUL0038	2.07e-147
      1       1 PUL0043	5.56e-208
      1       1 PUL0049	2.01e-190
      1       1 PUL0050	1.20e-79
      1       1 PUL0060	2.04e-218
      1       1 PUL0061	5.00e-234
      1       1 PUL0069	1.34e-214
      1       1 PUL0101	6.21e-39
      1       1 PUL0103	1.67e-103
      1       1 PUL0106	1.77e-116
      1       1 PUL0113	3.24e-88
      1       1 PUL0121	1.14e-28
      1       1 PUL0121	3.84e-74
      1       1 PUL0121	4.61e-38
      1       1 PUL0121	4.62e-104
      1       1 PUL0121	6.05e-90
      1       1 PUL0124	2.56e-40
      1       1 PUL0136	1.69e-92
      1       1 PUL0136	3.97e-85
      1       1 PUL0139	8.87e-09
      1       1 PUL0145	1.43e-173
      1       1 PUL0145	2.66e-187
      1       1 PUL0145	3.71e-99
      1       1 PUL0145	4.94e-181
      1       1 PUL0145	5.58e-187
      1       1 PUL0150	5.37e-28
      1       1 PUL0206	6.73e-77
      1       1 PUL0209	7.32e-68
      1       1 PUL0216	1.48e-74
      1       1 PUL0216	3.36e-111
      1       1 PUL0216	5.41e-85
      1       1 PUL0267	1.04e-76
      1       1 PUL0267	1.88e-217
      1       1 PUL0267	2.39e-235
      1       1 PUL0267	5.29e-228
      1       1 PUL0270	6.06e-116
      1       1 PUL0300	1.73e-59
      1       1 PUL0309	8.09e-51
      1       1 PUL0316	1.22e-110
      1       1 PUL0316	8.58e-93
      1       1 PUL0333	1.00e-101
      1       1 PUL0335	1.54e-63
      1       1 PUL0336	3.05e-60
      1       1 PUL0337	5.82e-141
      1       1 PUL0340	3.85e-160
      1       1 PUL0390	1.09e-87
      1       1 PUL0390	1.22e-87
      1       1 PUL0390	6.26e-79
      1       1 PUL0390	8.99e-92
      1       1 PUL0409	2.46e-142
      1       1 PUL0413	1.19e-116
      1       1 PUL0429	1.19e-40
      1       1 PUL0459	1.06e-209
      1       1 PUL0459	3.66e-43
      1       1 PUL0460	1.00e-70
      1       1 PUL0460	1.40e-33
      1       1 PUL0460	3.69e-97
      1       1 PUL0460	4.28e-31
      1       1 PUL0460	6.96e-59
      1       1 PUL0461	1.20e-17
      1       1 PUL0467	5.53e-62
      1       1 PUL0530	1.04e-44
      1       1 PUL0530	4.35e-47
      1       1 PUL0584	4.70e-145
      1       1 PUL0600	4.96e-12
      1       1 PUL0602	2.93e-28
