      1       1 PUL0012	9.77e-39
      1       1 PUL0020	3.05e-28
      1       1 PUL0039	1.44e-08
      1       1 PUL0049	2.90e-112
      1       1 PUL0106	2.68e-28
      1       1 PUL0108	1.03e-30
      1       1 PUL0108	1.37e-26
      1       1 PUL0108	1.52e-40
      1       1 PUL0108	1.67e-19
      1       1 PUL0108	1.78e-31
      1       1 PUL0108	4.05e-48
      1       1 PUL0121	4.04e-38
      1       1 PUL0121	6.24e-21
      1       1 PUL0124	1.66e-45
      1       1 PUL0131	1.87e-99
      1       1 PUL0144	1.55e-74
      1       1 PUL0144	1.96e-65
      1       1 PUL0151	2.82e-25
      1       1 PUL0178	1.92e-09
      1       1 PUL0178	2.70e-46
      1       1 PUL0180	2.92e-32
      1       1 PUL0207	8.23e-24
      1       1 PUL0255	9.08e-32
      1       1 PUL0266	2.77e-49
      1       1 PUL0267	1.37e-58
      1       1 PUL0267	4.41e-50
      1       1 PUL0291	2.39e-14
      1       1 PUL0297	2.75e-21
      1       1 PUL0303	8.81e-26
      1       1 PUL0329	2.62e-57
      1       1 PUL0334	6.44e-05
      1       1 PUL0335	1.53e-192
      1       1 PUL0337	1.94e-55
      1       1 PUL0339	2.12e-96
      1       1 PUL0339	9.39e-13
      1       1 PUL0340	1.70e-79
      1       1 PUL0346	1.04e-10
      1       1 PUL0399	3.34e-19
      1       1 PUL0406	6.77e-37
      1       1 PUL0406	8.96e-14
      1       1 PUL0410	1.77e-10
      1       1 PUL0414	1.42e-17
      1       1 PUL0414	1.58e-05
      1       1 PUL0414	1.62e-33
      1       1 PUL0414	8.82e-32
      1       1 PUL0414	9.19e-36
      1       1 PUL0416	2.12e-17
      1       1 PUL0429	6.03e-19
      1       1 PUL0451	2.29e-43
      1       1 PUL0453	1.19e-04
      1       1 PUL0454	7.22e-42
      1       1 PUL0457	3.01e-18
      1       1 PUL0458	3.80e-37
      1       1 PUL0459	5.69e-24
      1       1 PUL0459	9.20e-61
      1       1 PUL0459	9.86e-21
      1       1 PUL0460	1.37e-14
      1       1 PUL0463	1.15e-20
      1       1 PUL0468	4.82e-04
      1       1 PUL0489	5.56e-23
      1       1 PUL0498	8.49e-04
      1       1 PUL0502	3.53e-78
      1       1 PUL0530	4.76e-70
      1       1 PUL0534	1.59e-30
      1       1 PUL0544	3.97e-50
      1       1 PUL0569	5.42e-85
