      1       1 PUL0049	1.66e-137
      1       1 PUL0061	1.80e-103
      1       1 PUL0110	5.11e-47
      1       1 PUL0121	1.52e-27
      1       1 PUL0121	4.04e-50
      1       1 PUL0173	9.45e-16
      1       1 PUL0212	1.19e-135
      1       1 PUL0214	1.34e-104
      1       1 PUL0217	2.84e-07
      1       1 PUL0218	1.21e-09
      1       1 PUL0226	1.74e-63
      1       1 PUL0309	1.42e-66
      1       1 PUL0335	1.20e-08
      1       1 PUL0337	3.43e-146
      1       1 PUL0337	7.96e-130
      1       1 PUL0340	3.35e-126
      1       1 PUL0341	1.32e-77
      1       1 PUL0406	7.50e-82
      1       1 PUL0414	1.03e-74
      1       1 PUL0414	3.06e-70
      1       1 PUL0429	3.72e-34
      1       1 PUL0451	1.97e-130
      1       1 PUL0494	2.24e-124
