      1       1 PUL0001	3.02e-132
      1       1 PUL0008	9.13e-47
      1       1 PUL0017	1.65e-184
      1       1 PUL0019	3.06e-83
      1       1 PUL0024	2.69e-21
      1       1 PUL0049	1.98e-320
      1       1 PUL0070	1.34e-163
      1       1 PUL0103	2.52e-210
      1       1 PUL0104	1.35e-107
      1       1 PUL0106	2.38e-178
      1       1 PUL0106	4.13e-19
      1       1 PUL0106	7.65e-319
      1       1 PUL0117	1.69e-11
      1       1 PUL0124	1.23e-158
      1       1 PUL0134	1.34e-245
      1       1 PUL0145	1.84e-265
      1       1 PUL0161	2.45e-13
      1       1 PUL0206	2.72e-148
      1       1 PUL0206	4.43e-246
      1       1 PUL0216	2.79e-98
      1       1 PUL0227	7.94e-75
      1       1 PUL0267	4.59e-284
      1       1 PUL0267	8.50e-225
      1       1 PUL0302	5.27e-31
      1       1 PUL0315	2.14e-35
      1       1 PUL0333	1.16e-182
      1       1 PUL0333	3.58e-112
      1       1 PUL0335	1.18e-184
      1       1 PUL0339	6.62e-280
      1       1 PUL0341	1.51e-177
      1       1 PUL0344	4.20e-140
      1       1 PUL0429	2.89e-22
      1       1 PUL0443	1.61e-159
      1       1 PUL0443	2.33e-177
      1       1 PUL0443	2.47e-182
      1       1 PUL0443	4.37e-174
      1       1 PUL0467	1.44e-54
      1       1 PUL0560	1.33e-108
      1       1 PUL0601	2.90e-46
