      1       1 PUL0017	1.21e-173
      1       1 PUL0029	8.04e-83
      1       1 PUL0060	1.36e-170
      1       1 PUL0061	4.69e-101
      1       1 PUL0070	1.89e-190
      1       1 PUL0121	5.10e-47
      1       1 PUL0124	3.12e-170
      1       1 PUL0145	6.47e-212
      1       1 PUL0199	4.02e-138
      1       1 PUL0209	2.02e-20
      1       1 PUL0253	2.75e-43
      1       1 PUL0260	8.16e-29
      1       1 PUL0267	1.05e-290
      1       1 PUL0267	6.20e-212
      1       1 PUL0303	2.89e-38
      1       1 PUL0333	8.31e-111
      1       1 PUL0335	1.35e-141
      1       1 PUL0335	2.66e-05
      1       1 PUL0339	3.87e-53
      1       1 PUL0387	9.23e-24
      1       1 PUL0409	1.80e-112
      1       1 PUL0409	7.39e-134
      1       1 PUL0413	1.07e-125
      1       1 PUL0413	2.25e-155
      1       1 PUL0454	3.33e-40
