      1       1 PUL0013	1.94e-85
      1       1 PUL0017	2.15e-200
      1       1 PUL0024	1.02e-13
      1       1 PUL0050	6.32e-91
      1       1 PUL0094	6.75e-29
      1       1 PUL0106	9.38e-62
      1       1 PUL0106	9.55e-170
      1       1 PUL0107	1.34e-107
      1       1 PUL0108	3.06e-43
      1       1 PUL0121	1.04e-35
      1       1 PUL0121	1.38e-93
      1       1 PUL0121	8.34e-43
      1       1 PUL0124	1.49e-153
      1       1 PUL0145	8.44e-235
      1       1 PUL0172	3.02e-135
      1       1 PUL0180	1.49e-123
      1       1 PUL0212	5.46e-89
      1       1 PUL0217	7.20e-38
      1       1 PUL0267	3.39e-308
      1       1 PUL0335	1.20e-96
      1       1 PUL0335	1.47e-187
      1       1 PUL0336	3.29e-08
      1       1 PUL0339	1.25e-50
      1       1 PUL0339	3.32e-158
      1       1 PUL0340	6.22e-226
      1       1 PUL0341	1.72e-153
      1       1 PUL0350	5.57e-65
      1       1 PUL0368	8.05e-44
      1       1 PUL0406	7.53e-215
      1       1 PUL0429	2.70e-26
      1       1 PUL0460	1.10e-34
      1       1 PUL0460	1.22e-87
      1       1 PUL0493	2.00e-88
      1       1 PUL0502	1.63e-136
