      1       1 PUL0017	1.89e-192
      1       1 PUL0057	3.56e-93
      1       1 PUL0106	5.77e-163
      1       1 PUL0108	1.01e-173
      1       1 PUL0117	3.59e-20
      1       1 PUL0121	5.58e-08
      1       1 PUL0161	3.00e-10
      1       1 PUL0166	8.93e-313
      1       1 PUL0180	1.40e-70
      1       1 PUL0218	3.60e-192
      1       1 PUL0218	5.63e-26
      1       1 PUL0267	3.95e-225
      1       1 PUL0300	1.99e-52
      1       1 PUL0332	3.04e-120
      1       1 PUL0334	2.18e-36
      1       1 PUL0336	3.57e-188
      1       1 PUL0336	4.81e-39
      1       1 PUL0406	1.02e-61
      1       1 PUL0410	1.71e-37
      1       1 PUL0468	4.57e-15
      1       1 PUL0485	1.04e-256
      1       1 PUL0502	1.90e-202
      1       1 PUL0530	1.19e-52
      1       1 PUL0547	2.08e-109
