      1       1 PUL0017	1.02e-189
      1       1 PUL0017	8.42e-186
      1       1 PUL0049	5.78e-300
      1       1 PUL0103	5.96e-201
      1       1 PUL0104	7.80e-105
      1       1 PUL0106	1.09e-301
      1       1 PUL0106	3.93e-178
      1       1 PUL0108	1.08e-69
      1       1 PUL0115	3.48e-178
      1       1 PUL0145	2.95e-254
      1       1 PUL0206	1.25e-235
      1       1 PUL0240	1.38e-76
      1       1 PUL0267	4.18e-220
      1       1 PUL0267	9.12e-298
      1       1 PUL0333	2.05e-83
      1       1 PUL0335	3.92e-50
      1       1 PUL0339	1.19e-270
      1       1 PUL0339	1.97e-214
      1       1 PUL0339	3.06e-275
      1       1 PUL0340	2.21e-146
      1       1 PUL0413	6.11e-46
      1       1 PUL0454	1.31e-39
      1       1 PUL0454	5.64e-43
      1       1 PUL0527	2.20e-101
      1       1 PUL0527	2.87e-267
