      1       1 PUL0006	4.48e-201
      1       1 PUL0006	8.14e-123
      1       1 PUL0016	3.02e-141
      1       1 PUL0016	3.45e-131
      1       1 PUL0016	5.56e-107
      1       1 PUL0016	8.73e-181
      1       1 PUL0017	1.29e-182
      1       1 PUL0019	2.95e-159
      1       1 PUL0019	3.34e-173
      1       1 PUL0022	1.10e-169
      1       1 PUL0022	1.23e-80
      1       1 PUL0022	1.31e-185
      1       1 PUL0022	3.32e-170
      1       1 PUL0022	4.90e-135
      1       1 PUL0022	5.38e-172
      1       1 PUL0022	6.58e-106
      1       1 PUL0022	7.79e-220
      1       1 PUL0024	1.20e-21
      1       1 PUL0024	2.90e-15
      1       1 PUL0024	2.99e-33
      1       1 PUL0024	5.43e-255
      1       1 PUL0025	4.20e-64
      1       1 PUL0028	7.77e-120
      1       1 PUL0029	1.69e-110
      1       1 PUL0029	2.33e-26
      1       1 PUL0029	5.71e-113
      1       1 PUL0029	8.39e-43
      1       1 PUL0033	2.81e-52
      1       1 PUL0041	1.06e-175
      1       1 PUL0041	1.51e-194
      1       1 PUL0048	3.32e-214
      1       1 PUL0058	1.27e-266
      1       1 PUL0059	2.81e-113
      1       1 PUL0060	1.65e-75
      1       1 PUL0088	2.67e-28
      1       1 PUL0101	5.33e-150
      1       1 PUL0106	1.50e-179
      1       1 PUL0106	3.30e-31
      1       1 PUL0106	5.71e-234
      1       1 PUL0107	2.01e-142
      1       1 PUL0107	4.47e-173
      1       1 PUL0108	1.59e-25
      1       1 PUL0108	1.91e-35
      1       1 PUL0108	3.72e-114
      1       1 PUL0108	3.84e-39
      1       1 PUL0108	5.33e-37
      1       1 PUL0108	6.33e-51
      1       1 PUL0113	1.17e-113
      1       1 PUL0113	7.59e-215
      1       1 PUL0115	4.69e-22
      1       1 PUL0121	1.42e-212
      1       1 PUL0123	1.36e-16
      1       1 PUL0124	7.98e-103
      1       1 PUL0133	1.67e-41
      1       1 PUL0161	7.90e-06
      1       1 PUL0161	8.51e-61
      1       1 PUL0161	8.91e-19
      1       1 PUL0168	4.70e-124
      1       1 PUL0172	6.81e-105
      1       1 PUL0180	1.47e-91
      1       1 PUL0180	2.25e-117
      1       1 PUL0184	1.72e-26
      1       1 PUL0184	1.80e-133
      1       1 PUL0186	1.91e-160
      1       1 PUL0186	3.03e-160
      1       1 PUL0186	9.33e-108
      1       1 PUL0195	1.81e-45
      1       1 PUL0195	5.30e-81
      1       1 PUL0196	4.33e-71
      1       1 PUL0212	6.10e-44
      1       1 PUL0212	6.76e-178
      1       1 PUL0213	2.26e-263
      1       1 PUL0216	8.64e-73
      1       1 PUL0217	1.84e-45
      1       1 PUL0227	2.20e-23
      1       1 PUL0227	2.24e-33
      1       1 PUL0230	1.39e-13
      1       1 PUL0230	2.43e-115
      1       1 PUL0230	8.77e-105
      1       1 PUL0231	1.08e-194
      1       1 PUL0236	1.92e-70
      1       1 PUL0236	9.67e-78
      1       1 PUL0238	1.71e-123
      1       1 PUL0250	5.46e-122
      1       1 PUL0258	1.77e-57
      1       1 PUL0262	2.46e-17
      1       1 PUL0267	3.75e-07
      1       1 PUL0286	2.05e-06
      1       1 PUL0303	7.04e-28
      1       1 PUL0332	3.83e-26
      1       1 PUL0333	1.47e-116
      1       1 PUL0335	1.77e-48
      1       1 PUL0335	2.32e-174
      1       1 PUL0335	3.35e-114
      1       1 PUL0336	1.08e-78
      1       1 PUL0337	1.10e-65
      1       1 PUL0337	5.43e-63
      1       1 PUL0340	2.50e-48
      1       1 PUL0340	7.33e-187
      1       1 PUL0341	1.14e-265
      1       1 PUL0344	4.61e-23
      1       1 PUL0347	3.98e-313
      1       1 PUL0347	4.29e-67
      1       1 PUL0349	2.50e-219
      1       1 PUL0349	2.69e-123
      1       1 PUL0349	8.96e-220
      1       1 PUL0366	4.30e-49
      1       1 PUL0368	2.05e-22
      1       1 PUL0370	1.77e-144
      1       1 PUL0370	7.96e-157
      1       1 PUL0381	2.28e-97
      1       1 PUL0382	2.75e-26
      1       1 PUL0406	1.99e-208
      1       1 PUL0406	3.81e-20
      1       1 PUL0413	1.29e-34
      1       1 PUL0413	2.02e-159
      1       1 PUL0413	3.45e-120
      1       1 PUL0428	8.30e-07
      1       1 PUL0432	9.41e-05
      1       1 PUL0449	9.80e-16
      1       1 PUL0452	5.76e-41
      1       1 PUL0493	3.27e-85
      1       1 PUL0495	6.09e-89
      1       1 PUL0507	1.74e-04
      1       1 PUL0510	9.39e-08
      1       1 PUL0511	3.37e-44
      1       1 PUL0518	8.73e-46
      1       1 PUL0530	5.31e-290
      1       1 PUL0560	1.15e-87
      1       1 PUL0574	2.40e-88
      1       1 PUL0575	1.41e-233
      1       1 PUL0576	5.75e-216
      1       1 PUL0583	8.30e-43
      1       1 PUL0584	3.22e-145
      1       1 PUL0591	5.11e-51
      1       1 PUL0601	5.16e-34
      1       1 PUL0602	4.14e-33
