PUL0006	2
PUL0016	4
PUL0017	1
PUL0019	2
PUL0022	8
PUL0024	4
PUL0025	1
PUL0028	1
PUL0029	4
PUL0033	1
PUL0041	2
PUL0048	1
PUL0058	1
PUL0059	1
PUL0060	1
PUL0088	1
PUL0101	1
PUL0106	3
PUL0107	2
PUL0108	6
PUL0113	2
PUL0115	1
PUL0121	1
PUL0123	1
PUL0124	1
PUL0133	1
PUL0161	3
PUL0168	1
PUL0172	1
PUL0180	2
PUL0184	2
PUL0186	3
PUL0195	2
PUL0196	1
PUL0212	2
PUL0213	1
PUL0216	1
PUL0217	1
PUL0227	2
PUL0230	3
PUL0231	1
PUL0236	2
PUL0238	1
PUL0250	1
PUL0258	1
PUL0262	1
PUL0267	1
PUL0286	1
PUL0303	1
PUL0332	1
PUL0333	1
PUL0335	3
PUL0336	1
PUL0337	2
PUL0340	2
PUL0341	1
PUL0344	1
PUL0347	2
PUL0349	3
PUL0366	1
PUL0368	1
PUL0370	2
PUL0381	1
PUL0382	1
PUL0406	2
PUL0413	3
PUL0428	1
PUL0432	1
PUL0449	1
PUL0452	1
PUL0493	1
PUL0495	1
PUL0507	1
PUL0510	1
PUL0511	1
PUL0518	1
PUL0530	1
PUL0560	1
PUL0574	1
PUL0575	1
PUL0576	1
PUL0583	1
PUL0584	1
PUL0591	1
PUL0601	1
PUL0602	1
