      1       1 PUL0014	7.08e-23
      1       1 PUL0017	1.76e-118
      1       1 PUL0017	6.04e-183
      1       1 PUL0058	2.86e-201
      1       1 PUL0058	3.84e-181
      1       1 PUL0060	3.03e-182
      1       1 PUL0060	4.69e-213
      1       1 PUL0061	2.86e-275
      1       1 PUL0070	5.62e-227
      1       1 PUL0102	1.70e-59
      1       1 PUL0106	3.99e-158
      1       1 PUL0106	4.86e-198
      1       1 PUL0108	6.02e-36
      1       1 PUL0121	2.89e-73
      1       1 PUL0134	2.59e-106
      1       1 PUL0161	1.26e-54
      1       1 PUL0179	5.26e-16
      1       1 PUL0180	1.40e-142
      1       1 PUL0216	5.71e-72
      1       1 PUL0225	9.18e-75
      1       1 PUL0247	2.04e-210
      1       1 PUL0267	1.27e-193
      1       1 PUL0267	9.93e-236
      1       1 PUL0300	6.53e-59
      1       1 PUL0337	2.50e-140
      1       1 PUL0340	2.61e-142
      1       1 PUL0340	4.05e-04
      1       1 PUL0340	4.63e-77
      1       1 PUL0347	4.09e-134
      1       1 PUL0347	6.93e-66
      1       1 PUL0393	2.46e-97
      1       1 PUL0428	2.60e-93
      1       1 PUL0429	3.16e-16
      1       1 PUL0429	4.08e-43
      1       1 PUL0458	2.15e-32
      1       1 PUL0459	1.45e-259
      1       1 PUL0460	1.16e-84
      1       1 PUL0474	3.64e-199
      1       1 PUL0506	4.00e-140
      1       1 PUL0530	1.67e-31
      1       1 PUL0530	3.09e-269
      1       1 PUL0572	1.75e-272
      1       1 PUL0584	5.29e-142
