      1       1 PUL0009	1.06e-123
      1       1 PUL0009	6.08e-44
      1       1 PUL0017	5.66e-159
      1       1 PUL0017	7.05e-191
      1       1 PUL0029	5.24e-36
      1       1 PUL0038	7.75e-259
      1       1 PUL0061	2.38e-95
      1       1 PUL0070	3.63e-168
      1       1 PUL0101	1.69e-60
      1       1 PUL0103	1.06e-105
      1       1 PUL0106	1.73e-158
      1       1 PUL0106	3.27e-178
      1       1 PUL0108	2.46e-34
      1       1 PUL0121	2.86e-100
      1       1 PUL0176	9.27e-53
      1       1 PUL0184	1.56e-30
      1       1 PUL0205	2.79e-90
      1       1 PUL0217	3.23e-46
      1       1 PUL0218	7.02e-37
      1       1 PUL0236	2.84e-91
      1       1 PUL0267	2.03e-75
      1       1 PUL0267	3.84e-216
      1       1 PUL0291	2.92e-24
      1       1 PUL0300	1.33e-100
      1       1 PUL0316	5.18e-64
      1       1 PUL0333	2.75e-78
      1       1 PUL0335	5.59e-71
      1       1 PUL0335	7.87e-172
      1       1 PUL0339	3.18e-163
      1       1 PUL0340	5.25e-140
      1       1 PUL0341	5.54e-142
      1       1 PUL0368	1.01e-62
      1       1 PUL0390	2.03e-35
      1       1 PUL0429	3.97e-113
      1       1 PUL0459	2.92e-10
      1       1 PUL0460	1.11e-116
      1       1 PUL0460	3.14e-60
      1       1 PUL0460	7.55e-93
      1       1 PUL0573	1.28e-36
      1       1 PUL0584	1.24e-139
      1       1 PUL0593	1.78e-63
      1       1 PUL0598	2.09e-112
