      1       1 PUL0017	1.00e-176
      1       1 PUL0024	4.16e-27
      1       1 PUL0029	5.77e-77
      1       1 PUL0029	7.17e-119
      1       1 PUL0029	9.66e-73
      1       1 PUL0038	2.66e-157
      1       1 PUL0047	7.68e-59
      1       1 PUL0070	6.58e-225
      1       1 PUL0071	5.18e-114
      1       1 PUL0093	1.09e-128
      1       1 PUL0106	3.43e-121
      1       1 PUL0106	4.94e-70
      1       1 PUL0106	6.40e-210
      1       1 PUL0106	7.79e-147
      1       1 PUL0108	2.21e-71
      1       1 PUL0108	2.46e-90
      1       1 PUL0108	4.41e-34
      1       1 PUL0145	2.10e-184
      1       1 PUL0145	4.21e-177
      1       1 PUL0145	5.95e-164
      1       1 PUL0145	7.56e-169
      1       1 PUL0168	7.87e-31
      1       1 PUL0180	2.82e-155
      1       1 PUL0184	7.37e-72
      1       1 PUL0210	8.52e-26
      1       1 PUL0216	4.07e-93
      1       1 PUL0267	4.02e-185
      1       1 PUL0267	6.83e-241
      1       1 PUL0292	9.58e-106
      1       1 PUL0296	4.77e-68
      1       1 PUL0296	6.90e-88
      1       1 PUL0309	2.04e-61
      1       1 PUL0316	2.62e-112
      1       1 PUL0329	1.06e-40
      1       1 PUL0333	3.36e-37
      1       1 PUL0335	1.05e-87
      1       1 PUL0335	6.39e-63
      1       1 PUL0336	1.31e-75
      1       1 PUL0337	1.25e-81
      1       1 PUL0337	1.46e-125
      1       1 PUL0339	1.49e-89
      1       1 PUL0339	6.38e-160
      1       1 PUL0340	3.39e-166
      1       1 PUL0340	4.11e-162
      1       1 PUL0340	4.38e-141
      1       1 PUL0340	8.02e-06
      1       1 PUL0341	1.75e-169
      1       1 PUL0369	1.02e-66
      1       1 PUL0375	7.68e-78
      1       1 PUL0409	4.18e-74
      1       1 PUL0410	6.58e-29
      1       1 PUL0413	1.07e-163
      1       1 PUL0413	2.27e-117
      1       1 PUL0454	5.85e-36
      1       1 PUL0458	2.93e-31
      1       1 PUL0458	7.37e-62
      1       1 PUL0458	9.65e-34
      1       1 PUL0460	8.08e-11
      1       1 PUL0530	1.94e-32
      1       1 PUL0530	8.05e-277
      1       1 PUL0560	7.90e-100
