      1       1 PUL0047	2.56e-66
      1       1 PUL0049	2.79e-243
      1       1 PUL0093	6.22e-38
      1       1 PUL0180	2.03e-306
      1       1 PUL0193	6.24e-204
      1       1 PUL0227	3.42e-98
      1       1 PUL0228	7.04e-285
      1       1 PUL0245	1.43e-258
      1       1 PUL0267	6.77e-303
      1       1 PUL0329	1.14e-25
      1       1 PUL0335	2.42e-200
      1       1 PUL0335	7.17e-299
      1       1 PUL0335	8.24e-252
      1       1 PUL0336	8.60e-150
      1       1 PUL0339	2.68e-275
      1       1 PUL0339	4.00e-295
      1       1 PUL0339	7.94e-299
      1       1 PUL0346	1.45e-10
      1       1 PUL0346	6.56e-264
      1       1 PUL0355	4.70e-238
      1       1 PUL0359	7.63e-256
      1       1 PUL0492	1.12e-10
      1       1 PUL0510	8.86e-156
      1       1 PUL0521	5.01e-88
      1       1 PUL0529	2.20e-317
      1       1 PUL0537	5.04e-134
      1       1 PUL0553	5.35e-245
      1       1 PUL0560	8.52e-164
      1       1 PUL0584	6.98e-162
