      1       1 PUL0029	1.80e-177
      1       1 PUL0058	2.02e-178
      1       1 PUL0070	1.02e-159
      1       1 PUL0106	1.08e-210
      1       1 PUL0106	2.60e-177
      1       1 PUL0124	7.54e-227
      1       1 PUL0190	8.58e-226
      1       1 PUL0212	7.36e-142
      1       1 PUL0213	6.25e-212
      1       1 PUL0230	1.43e-125
      1       1 PUL0237	2.68e-41
      1       1 PUL0294	8.36e-79
      1       1 PUL0300	1.33e-99
      1       1 PUL0300	1.95e-68
      1       1 PUL0327	4.42e-208
      1       1 PUL0333	1.45e-108
      1       1 PUL0335	6.33e-110
      1       1 PUL0337	6.48e-199
      1       1 PUL0339	4.97e-62
      1       1 PUL0341	1.94e-12
      1       1 PUL0382	6.51e-24
      1       1 PUL0390	2.43e-99
      1       1 PUL0406	1.05e-211
      1       1 PUL0406	1.87e-123
      1       1 PUL0413	2.63e-163
      1       1 PUL0519	2.45e-154
      1       1 PUL0519	8.85e-313
      1       1 PUL0575	6.21e-201
      1       1 PUL0584	2.90e-157
      1       1 PUL0590	1.07e-124
      1       1 PUL0599	2.51e-126
