      1       1 PUL0013	8.08e-07
      1       1 PUL0017	2.61e-186
      1       1 PUL0038	1.95e-153
      1       1 PUL0039	4.49e-25
      1       1 PUL0058	4.41e-196
      1       1 PUL0093	1.99e-116
      1       1 PUL0106	1.93e-180
      1       1 PUL0106	3.30e-81
      1       1 PUL0145	2.28e-167
      1       1 PUL0152	1.39e-101
      1       1 PUL0160	2.14e-34
      1       1 PUL0209	7.37e-111
      1       1 PUL0216	6.89e-118
      1       1 PUL0240	4.84e-30
      1       1 PUL0267	3.42e-212
      1       1 PUL0326	4.18e-14
      1       1 PUL0335	2.09e-195
      1       1 PUL0340	7.02e-114
      1       1 PUL0341	1.00e-152
      1       1 PUL0390	6.49e-119
      1       1 PUL0393	5.52e-160
      1       1 PUL0406	4.49e-93
      1       1 PUL0413	8.91e-149
      1       1 PUL0454	2.04e-44
      1       1 PUL0460	1.12e-94
      1       1 PUL0460	1.17e-108
      1       1 PUL0460	1.74e-139
