      1       1 PUL0013	6.47e-90
      1       1 PUL0017	1.26e-189
      1       1 PUL0017	3.82e-203
      1       1 PUL0047	1.56e-31
      1       1 PUL0058	2.05e-247
      1       1 PUL0070	1.28e-186
      1       1 PUL0104	4.05e-55
      1       1 PUL0121	2.39e-112
      1       1 PUL0123	1.50e-39
      1       1 PUL0145	1.67e-215
      1       1 PUL0145	5.21e-107
      1       1 PUL0184	5.70e-143
      1       1 PUL0240	4.63e-104
      1       1 PUL0250	8.05e-126
      1       1 PUL0335	8.36e-115
      1       1 PUL0335	9.55e-100
      1       1 PUL0337	4.71e-198
      1       1 PUL0340	3.45e-318
      1       1 PUL0340	4.63e-148
      1       1 PUL0373	1.11e-59
      1       1 PUL0390	1.28e-71
      1       1 PUL0413	7.47e-175
      1       1 PUL0600	1.19e-64
