      1       1 PUL0019	9.53e-60
      1       1 PUL0024	8.66e-121
      1       1 PUL0049	1.12e-108
      1       1 PUL0070	1.76e-188
      1       1 PUL0106	3.71e-119
      1       1 PUL0106	7.51e-167
      1       1 PUL0107	5.59e-27
      1       1 PUL0108	8.44e-108
      1       1 PUL0121	7.16e-54
      1       1 PUL0126	1.31e-30
      1       1 PUL0145	1.15e-192
      1       1 PUL0168	2.15e-30
      1       1 PUL0254	4.83e-120
      1       1 PUL0335	1.39e-191
      1       1 PUL0336	1.20e-93
      1       1 PUL0337	1.12e-189
      1       1 PUL0337	1.98e-64
      1       1 PUL0340	4.63e-292
      1       1 PUL0341	5.04e-199
      1       1 PUL0406	3.20e-197
      1       1 PUL0413	7.18e-96
      1       1 PUL0413	8.82e-164
      1       1 PUL0494	3.80e-144
      1       1 PUL0501	5.08e-171
