      1       1 PUL0001	1.79e-169
      1       1 PUL0002	9.44e-72
      1       1 PUL0003	1.17e-113
      1       1 PUL0003	2.11e-125
      1       1 PUL0003	2.64e-119
      1       1 PUL0010	2.13e-53
      1       1 PUL0010	2.32e-198
      1       1 PUL0011	2.40e-209
      1       1 PUL0011	7.05e-15
      1       1 PUL0019	4.33e-127
      1       1 PUL0024	1.86e-34
      1       1 PUL0040	1.11e-143
      1       1 PUL0047	4.70e-63
      1       1 PUL0049	1.54e-43
      1       1 PUL0049	6.74e-164
      1       1 PUL0058	1.79e-177
      1       1 PUL0058	8.96e-189
      1       1 PUL0085	1.23e-85
      1       1 PUL0085	3.30e-242
      1       1 PUL0086	9.02e-219
      1       1 PUL0101	4.17e-56
      1       1 PUL0106	8.42e-212
      1       1 PUL0108	6.97e-155
      1       1 PUL0110	8.18e-43
      1       1 PUL0114	4.17e-143
      1       1 PUL0114	9.26e-174
      1       1 PUL0124	4.21e-17
      1       1 PUL0124	4.86e-126
      1       1 PUL0124	7.14e-185
      1       1 PUL0124	7.62e-231
      1       1 PUL0212	9.33e-160
      1       1 PUL0229	9.10e-69
      1       1 PUL0230	3.44e-90
      1       1 PUL0256	3.12e-174
      1       1 PUL0267	1.16e-260
      1       1 PUL0270	4.91e-56
      1       1 PUL0296	2.96e-94
      1       1 PUL0298	1.90e-43
      1       1 PUL0300	6.06e-70
      1       1 PUL0303	3.19e-59
      1       1 PUL0309	3.25e-208
      1       1 PUL0333	1.15e-08
      1       1 PUL0335	1.46e-140
      1       1 PUL0335	4.72e-49
      1       1 PUL0337	1.74e-204
      1       1 PUL0340	2.46e-43
      1       1 PUL0340	7.93e-40
      1       1 PUL0347	1.24e-232
      1       1 PUL0401	1.39e-89
      1       1 PUL0401	6.01e-68
      1       1 PUL0429	2.27e-22
      1       1 PUL0434	4.74e-34
      1       1 PUL0530	8.21e-32
      1       1 PUL0560	1.57e-99
      1       1 PUL0560	2.03e-61
      1       1 PUL0584	3.83e-166
      1       1 PUL0595	1.26e-69
      1       1 PUL0595	5.60e-96
