      1       1 PUL0017	4.12e-176
      1       1 PUL0028	7.09e-04
      1       1 PUL0029	2.95e-73
      1       1 PUL0029	3.41e-119
      1       1 PUL0071	1.55e-113
      1       1 PUL0093	3.01e-128
      1       1 PUL0106	3.00e-147
      1       1 PUL0106	3.18e-121
      1       1 PUL0106	9.74e-210
      1       1 PUL0108	1.43e-71
      1       1 PUL0108	4.90e-09
      1       1 PUL0121	4.40e-27
      1       1 PUL0145	1.14e-163
      1       1 PUL0145	1.42e-176
      1       1 PUL0145	1.72e-168
      1       1 PUL0145	2.64e-196
      1       1 PUL0180	7.67e-155
      1       1 PUL0184	7.60e-77
      1       1 PUL0216	8.76e-93
      1       1 PUL0230	7.04e-68
      1       1 PUL0267	5.05e-185
      1       1 PUL0267	9.43e-241
      1       1 PUL0292	9.95e-106
      1       1 PUL0294	2.36e-59
      1       1 PUL0296	1.08e-67
      1       1 PUL0296	7.41e-105
      1       1 PUL0296	7.91e-88
      1       1 PUL0309	2.04e-61
      1       1 PUL0316	2.13e-111
      1       1 PUL0333	2.18e-97
      1       1 PUL0335	6.25e-63
      1       1 PUL0336	1.97e-75
      1       1 PUL0337	1.43e-127
      1       1 PUL0339	1.47e-29
      1       1 PUL0341	2.80e-169
      1       1 PUL0396	5.88e-121
      1       1 PUL0409	5.40e-74
      1       1 PUL0413	1.06e-163
      1       1 PUL0413	8.98e-118
      1       1 PUL0428	1.96e-94
      1       1 PUL0460	4.16e-14
      1       1 PUL0460	4.61e-42
      1       1 PUL0530	2.57e-276
      1       1 PUL0560	1.95e-108
