      1       1 PUL0049	2.03e-27
      1       1 PUL0106	3.42e-37
      1       1 PUL0108	2.94e-09
      1       1 PUL0145	1.76e-277
      1       1 PUL0145	1.99e-302
      1       1 PUL0145	3.32e-291
      1       1 PUL0145	3.83e-263
      1       1 PUL0145	4.16e-263
      1       1 PUL0145	4.18e-198
      1       1 PUL0145	5.26e-274
      1       1 PUL0145	5.63e-254
      1       1 PUL0145	9.35e-283
      1       1 PUL0179	8.57e-249
      1       1 PUL0189	1.15e-302
      1       1 PUL0216	1.83e-108
      1       1 PUL0218	9.74e-204
      1       1 PUL0336	5.26e-283
      1       1 PUL0382	1.42e-119
      1       1 PUL0384	7.19e-278
      1       1 PUL0424	1.96e-27
      1       1 PUL0436	6.85e-06
      1       1 PUL0487	4.03e-254
      1       1 PUL0530	1.77e-302
      1       1 PUL0530	3.15e-21
      1       1 PUL0541	5.19e-258
