      1       1 PUL0009	1.07e-123
      1       1 PUL0017	1.61e-190
      1       1 PUL0017	6.10e-159
      1       1 PUL0029	5.24e-36
      1       1 PUL0038	7.75e-259
      1       1 PUL0061	2.36e-95
      1       1 PUL0070	1.49e-168
      1       1 PUL0101	2.64e-60
      1       1 PUL0106	3.27e-178
      1       1 PUL0176	4.64e-52
      1       1 PUL0184	2.27e-30
      1       1 PUL0205	8.60e-90
      1       1 PUL0217	1.17e-45
      1       1 PUL0218	7.55e-37
      1       1 PUL0267	2.03e-75
      1       1 PUL0267	3.84e-216
      1       1 PUL0333	9.52e-78
      1       1 PUL0335	1.19e-171
      1       1 PUL0335	5.61e-71
      1       1 PUL0339	4.61e-16
      1       1 PUL0339	4.84e-17
      1       1 PUL0339	6.17e-163
      1       1 PUL0340	8.39e-140
      1       1 PUL0368	1.25e-62
      1       1 PUL0390	2.07e-35
      1       1 PUL0399	6.60e-23
      1       1 PUL0404	4.46e-42
      1       1 PUL0413	3.16e-119
      1       1 PUL0429	6.93e-113
      1       1 PUL0459	2.94e-10
      1       1 PUL0460	2.96e-60
      1       1 PUL0460	7.56e-93
      1       1 PUL0577	7.54e-48
      1       1 PUL0584	3.42e-139
      1       1 PUL0598	2.21e-112
