      1       1 PUL0008	3.38e-70
      1       1 PUL0017	9.47e-176
      1       1 PUL0038	1.58e-163
      1       1 PUL0049	1.83e-185
      1       1 PUL0074	6.32e-177
      1       1 PUL0094	5.63e-121
      1       1 PUL0098	1.10e-120
      1       1 PUL0101	7.33e-204
      1       1 PUL0106	3.59e-295
      1       1 PUL0145	1.29e-206
      1       1 PUL0145	1.57e-216
      1       1 PUL0163	5.84e-176
      1       1 PUL0178	6.57e-221
      1       1 PUL0179	6.96e-94
      1       1 PUL0218	8.82e-20
      1       1 PUL0227	3.02e-69
      1       1 PUL0228	5.73e-184
      1       1 PUL0234	1.40e-19
      1       1 PUL0240	3.11e-51
      1       1 PUL0267	1.11e-307
      1       1 PUL0267	5.23e-06
      1       1 PUL0298	4.84e-48
      1       1 PUL0334	2.30e-20
      1       1 PUL0334	2.91e-251
      1       1 PUL0334	4.64e-38
      1       1 PUL0335	5.42e-252
      1       1 PUL0339	1.27e-288
      1       1 PUL0340	5.12e-47
      1       1 PUL0379	4.86e-150
      1       1 PUL0418	1.41e-168
      1       1 PUL0419	2.53e-193
      1       1 PUL0442	1.18e-289
      1       1 PUL0463	2.43e-31
      1       1 PUL0465	8.05e-163
      1       1 PUL0476	9.25e-260
      1       1 PUL0478	1.73e-178
      1       1 PUL0481	2.16e-97
      1       1 PUL0482	1.25e-308
      1       1 PUL0482	2.44e-134
      1       1 PUL0482	3.59e-213
      1       1 PUL0489	2.05e-30
      1       1 PUL0506	2.49e-162
      1       1 PUL0506	8.39e-222
      1       1 PUL0521	1.83e-110
      1       1 PUL0530	6.58e-293
      1       1 PUL0541	1.14e-41
      1       1 PUL0543	1.35e-187
