      1       1 PUL0001	6.92e-245
      1       1 PUL0001	8.90e-109
      1       1 PUL0009	2.15e-89
      1       1 PUL0013	6.45e-40
      1       1 PUL0014	1.13e-41
      1       1 PUL0017	2.82e-206
      1       1 PUL0018	1.96e-118
      1       1 PUL0018	4.81e-122
      1       1 PUL0024	1.30e-133
      1       1 PUL0038	2.95e-168
      1       1 PUL0058	1.33e-179
      1       1 PUL0058	1.58e-124
      1       1 PUL0058	3.97e-252
      1       1 PUL0058	5.01e-176
      1       1 PUL0103	1.87e-134
      1       1 PUL0106	1.05e-209
      1       1 PUL0106	3.60e-35
      1       1 PUL0106	6.61e-113
      1       1 PUL0114	6.41e-192
      1       1 PUL0121	2.23e-08
      1       1 PUL0121	2.39e-70
      1       1 PUL0121	5.59e-127
      1       1 PUL0122	4.85e-176
      1       1 PUL0124	1.12e-177
      1       1 PUL0124	1.75e-128
      1       1 PUL0139	1.90e-27
      1       1 PUL0145	1.60e-45
      1       1 PUL0161	1.24e-14
      1       1 PUL0162	9.41e-188
      1       1 PUL0172	1.27e-102
      1       1 PUL0210	1.46e-193
      1       1 PUL0214	4.31e-147
      1       1 PUL0218	2.65e-64
      1       1 PUL0230	2.88e-136
      1       1 PUL0249	8.29e-98
      1       1 PUL0254	1.29e-150
      1       1 PUL0255	7.77e-69
      1       1 PUL0267	5.95e-261
      1       1 PUL0272	2.37e-244
      1       1 PUL0300	4.11e-68
      1       1 PUL0335	4.01e-82
      1       1 PUL0335	8.09e-163
      1       1 PUL0337	4.45e-212
      1       1 PUL0339	2.23e-12
      1       1 PUL0339	2.28e-152
      1       1 PUL0340	4.03e-27
      1       1 PUL0340	4.54e-06
      1       1 PUL0340	6.65e-47
      1       1 PUL0347	4.90e-234
      1       1 PUL0349	2.27e-190
      1       1 PUL0349	4.43e-81
      1       1 PUL0369	1.25e-97
      1       1 PUL0390	1.78e-83
      1       1 PUL0390	3.74e-176
      1       1 PUL0390	5.56e-186
      1       1 PUL0390	7.35e-97
      1       1 PUL0402	1.19e-21
      1       1 PUL0406	2.97e-31
      1       1 PUL0406	7.18e-07
      1       1 PUL0406	7.74e-213
      1       1 PUL0413	9.88e-164
      1       1 PUL0494	4.08e-198
      1       1 PUL0501	2.41e-161
      1       1 PUL0519	1.39e-315
      1       1 PUL0560	6.81e-119
      1       1 PUL0576	2.35e-71
      1       1 PUL0576	8.01e-141
      1       1 PUL0584	5.58e-168
      1       1 PUL0591	9.40e-42
      1       1 PUL0601	7.79e-145
