      1       1 PUL0009	5.11e-78
      1       1 PUL0017	1.55e-185
      1       1 PUL0020	3.95e-35
      1       1 PUL0025	2.02e-04
      1       1 PUL0029	5.26e-72
      1       1 PUL0036	8.55e-97
      1       1 PUL0044	2.56e-11
      1       1 PUL0049	1.04e-29
      1       1 PUL0050	2.99e-80
      1       1 PUL0101	2.15e-195
      1       1 PUL0103	3.21e-90
      1       1 PUL0106	1.14e-188
      1       1 PUL0106	1.42e-130
      1       1 PUL0106	2.07e-88
      1       1 PUL0106	6.22e-160
      1       1 PUL0107	5.95e-47
      1       1 PUL0108	1.27e-85
      1       1 PUL0108	4.61e-36
      1       1 PUL0109	1.49e-144
      1       1 PUL0121	4.27e-66
      1       1 PUL0121	4.59e-80
      1       1 PUL0121	9.62e-175
      1       1 PUL0123	1.32e-26
      1       1 PUL0123	7.91e-36
      1       1 PUL0124	3.79e-18
      1       1 PUL0133	8.91e-71
      1       1 PUL0134	5.48e-20
      1       1 PUL0134	6.49e-22
      1       1 PUL0143	2.25e-49
      1       1 PUL0145	3.09e-190
      1       1 PUL0145	5.30e-188
      1       1 PUL0145	6.89e-206
      1       1 PUL0146	3.05e-04
      1       1 PUL0151	5.56e-15
      1       1 PUL0161	1.04e-51
      1       1 PUL0199	1.78e-49
      1       1 PUL0206	7.37e-92
      1       1 PUL0225	1.24e-107
      1       1 PUL0240	1.22e-108
      1       1 PUL0267	2.45e-172
      1       1 PUL0267	4.91e-227
      1       1 PUL0267	5.01e-228
      1       1 PUL0269	2.90e-21
      1       1 PUL0281	3.84e-140
      1       1 PUL0286	2.36e-122
      1       1 PUL0299	8.53e-74
      1       1 PUL0300	1.96e-10
      1       1 PUL0303	4.37e-36
      1       1 PUL0311	1.57e-233
      1       1 PUL0316	3.14e-14
      1       1 PUL0333	3.10e-106
      1       1 PUL0337	5.06e-64
      1       1 PUL0339	1.22e-72
      1       1 PUL0339	2.67e-169
      1       1 PUL0339	8.80e-53
      1       1 PUL0340	9.14e-226
      1       1 PUL0341	7.83e-158
      1       1 PUL0346	9.32e-25
      1       1 PUL0375	1.29e-75
      1       1 PUL0390	3.22e-80
      1       1 PUL0401	1.91e-67
      1       1 PUL0404	1.72e-61
      1       1 PUL0406	2.22e-116
      1       1 PUL0413	3.90e-154
      1       1 PUL0414	1.07e-66
      1       1 PUL0429	1.02e-28
      1       1 PUL0434	2.27e-11
      1       1 PUL0457	2.78e-12
      1       1 PUL0459	1.21e-06
      1       1 PUL0460	1.33e-52
      1       1 PUL0494	1.20e-32
      1       1 PUL0530	1.60e-47
      1       1 PUL0530	2.34e-08
      1       1 PUL0577	7.29e-15
      1       1 PUL0598	7.03e-53
      1       1 PUL0599	1.05e-67
