PUL0009;1
PUL0017;1
PUL0020;1
PUL0025;1
PUL0029;1
PUL0036;1
PUL0044;1
PUL0049;1
PUL0050;1
PUL0101;1
PUL0103;1
PUL0106;4
PUL0107;1
PUL0108;2
PUL0109;1
PUL0121;3
PUL0123;2
PUL0124;1
PUL0133;1
PUL0134;2
PUL0143;1
PUL0145;3
PUL0146;1
PUL0151;1
PUL0161;1
PUL0199;1
PUL0206;1
PUL0225;1
PUL0240;1
PUL0267;3
PUL0269;1
PUL0281;1
PUL0286;1
PUL0299;1
PUL0300;1
PUL0303;1
PUL0311;1
PUL0316;1
PUL0333;1
PUL0337;1
PUL0339;3
PUL0340;1
PUL0341;1
PUL0346;1
PUL0375;1
PUL0390;1
PUL0401;1
PUL0404;1
PUL0406;1
PUL0413;1
PUL0414;1
PUL0429;1
PUL0434;1
PUL0457;1
PUL0459;1
PUL0460;1
PUL0494;1
PUL0530;2
PUL0577;1
PUL0598;1
PUL0599;1
