      1       1 PUL0017	3.94e-149
      1       1 PUL0043	4.81e-209
      1       1 PUL0049	5.51e-190
      1       1 PUL0060	1.22e-218
      1       1 PUL0061	9.54e-233
      1       1 PUL0069	2.68e-214
      1       1 PUL0106	1.92e-181
      1       1 PUL0124	1.47e-40
      1       1 PUL0145	5.50e-181
      1       1 PUL0214	1.95e-110
      1       1 PUL0216	5.46e-34
      1       1 PUL0216	8.22e-85
      1       1 PUL0267	3.91e-227
      1       1 PUL0267	8.02e-218
      1       1 PUL0299	2.23e-38
      1       1 PUL0335	2.60e-79
      1       1 PUL0335	6.96e-58
      1       1 PUL0337	1.20e-140
      1       1 PUL0340	1.07e-159
      1       1 PUL0404	3.51e-93
      1       1 PUL0406	6.81e-98
      1       1 PUL0459	2.70e-209
      1       1 PUL0460	1.04e-58
      1       1 PUL0460	3.68e-97
