      1       1 PUL0019	9.52e-60
      1       1 PUL0024	9.37e-121
      1       1 PUL0049	9.54e-110
      1       1 PUL0050	1.76e-91
      1       1 PUL0070	1.76e-188
      1       1 PUL0106	2.10e-166
      1       1 PUL0106	3.65e-07
      1       1 PUL0106	3.71e-119
      1       1 PUL0107	5.60e-27
      1       1 PUL0108	8.44e-108
      1       1 PUL0124	5.60e-176
      1       1 PUL0145	1.15e-192
      1       1 PUL0162	1.35e-164
      1       1 PUL0254	4.83e-120
      1       1 PUL0267	5.75e-154
      1       1 PUL0335	1.39e-191
      1       1 PUL0336	1.20e-93
      1       1 PUL0337	2.00e-64
      1       1 PUL0337	9.10e-190
      1       1 PUL0340	4.03e-292
      1       1 PUL0341	5.07e-199
      1       1 PUL0406	3.58e-197
      1       1 PUL0413	8.84e-164
      1       1 PUL0493	3.84e-79
