      1       1 PUL0010	9.01e-204
      1       1 PUL0017	2.05e-189
      1       1 PUL0029	8.24e-123
      1       1 PUL0041	7.98e-246
      1       1 PUL0049	1.76e-64
      1       1 PUL0049	2.41e-201
      1       1 PUL0050	6.40e-89
      1       1 PUL0058	1.20e-211
      1       1 PUL0069	1.00e-263
      1       1 PUL0100	1.62e-295
      1       1 PUL0106	3.88e-226
      1       1 PUL0111	1.05e-306
      1       1 PUL0121	5.25e-23
      1       1 PUL0145	3.09e-185
      1       1 PUL0145	3.11e-174
      1       1 PUL0168	3.41e-310
      1       1 PUL0198	4.13e-304
      1       1 PUL0209	1.30e-80
      1       1 PUL0248	1.07e-182
      1       1 PUL0267	6.53e-228
      1       1 PUL0296	3.45e-117
      1       1 PUL0298	5.50e-47
      1       1 PUL0316	1.82e-131
      1       1 PUL0335	2.02e-92
      1       1 PUL0335	3.46e-104
      1       1 PUL0335	4.85e-141
      1       1 PUL0347	1.35e-231
      1       1 PUL0347	4.48e-86
      1       1 PUL0365	1.99e-68
      1       1 PUL0396	5.58e-79
      1       1 PUL0429	1.13e-37
      1       1 PUL0461	5.49e-167
      1       1 PUL0530	9.54e-277
      1       1 PUL0586	1.37e-241
      1       1 PUL0602	7.26e-149
