      1       1 PUL0006	5.04e-18
      1       1 PUL0007	1.95e-114
      1       1 PUL0017	6.72e-190
      1       1 PUL0024	1.17e-65
      1       1 PUL0024	6.84e-82
      1       1 PUL0038	3.40e-167
      1       1 PUL0058	3.27e-261
      1       1 PUL0061	1.88e-184
      1       1 PUL0104	1.52e-60
      1       1 PUL0121	1.84e-121
      1       1 PUL0121	1.87e-88
      1       1 PUL0124	6.77e-08
      1       1 PUL0225	1.28e-94
      1       1 PUL0227	4.44e-177
      1       1 PUL0236	1.17e-107
      1       1 PUL0294	1.01e-41
      1       1 PUL0297	6.25e-51
      1       1 PUL0301	3.53e-152
      1       1 PUL0333	1.15e-100
      1       1 PUL0335	1.99e-192
      1       1 PUL0337	1.90e-91
      1       1 PUL0337	2.04e-161
      1       1 PUL0339	7.84e-155
      1       1 PUL0340	1.05e-227
      1       1 PUL0340	2.17e-151
      1       1 PUL0340	5.06e-160
      1       1 PUL0341	5.83e-218
      1       1 PUL0347	5.46e-90
      1       1 PUL0349	2.66e-189
      1       1 PUL0368	3.81e-28
      1       1 PUL0406	1.17e-119
      1       1 PUL0406	1.86e-158
      1       1 PUL0406	2.90e-24
      1       1 PUL0501	1.98e-163
      1       1 PUL0530	1.18e-276
      1       1 PUL0532	2.80e-193
