      1       1 PUL0017	1.26e-190
      1       1 PUL0019	4.06e-112
      1       1 PUL0050	2.35e-103
      1       1 PUL0070	6.45e-169
      1       1 PUL0094	6.98e-80
      1       1 PUL0103	1.03e-151
      1       1 PUL0106	1.19e-141
      1       1 PUL0106	1.35e-254
      1       1 PUL0106	2.75e-270
      1       1 PUL0121	5.45e-121
      1       1 PUL0121	5.67e-61
      1       1 PUL0124	2.04e-172
      1       1 PUL0180	2.19e-105
      1       1 PUL0180	4.50e-207
      1       1 PUL0230	1.04e-95
      1       1 PUL0236	7.70e-94
      1       1 PUL0247	1.09e-09
      1       1 PUL0250	4.27e-201
      1       1 PUL0267	1.08e-219
      1       1 PUL0267	1.77e-04
      1       1 PUL0267	2.24e-316
      1       1 PUL0267	6.21e-279
      1       1 PUL0269	1.07e-61
      1       1 PUL0286	3.11e-136
      1       1 PUL0299	3.10e-36
      1       1 PUL0300	2.32e-106
      1       1 PUL0333	3.55e-83
      1       1 PUL0333	8.46e-32
      1       1 PUL0334	2.70e-162
      1       1 PUL0335	5.30e-170
      1       1 PUL0336	1.20e-89
      1       1 PUL0337	7.53e-72
      1       1 PUL0337	7.92e-75
      1       1 PUL0340	2.99e-133
      1       1 PUL0341	1.53e-164
      1       1 PUL0350	1.50e-154
      1       1 PUL0406	1.13e-172
      1       1 PUL0406	2.14e-169
      1       1 PUL0436	4.10e-13
      1       1 PUL0443	2.72e-169
      1       1 PUL0443	7.95e-165
      1       1 PUL0454	4.58e-30
      1       1 PUL0454	5.82e-27
      1       1 PUL0500	5.31e-69
      1       1 PUL0547	3.25e-68
      1       1 PUL0584	1.52e-130
      1       1 PUL0591	3.25e-28
