      1       1 PUL0001	8.02e-131
      1       1 PUL0008	6.12e-47
      1       1 PUL0019	4.04e-83
      1       1 PUL0024	2.68e-21
      1       1 PUL0049	1.98e-320
      1       1 PUL0049	8.34e-35
      1       1 PUL0050	2.02e-118
      1       1 PUL0094	2.33e-114
      1       1 PUL0103	6.14e-210
      1       1 PUL0104	1.87e-107
      1       1 PUL0106	2.15e-23
      1       1 PUL0106	3.19e-184
      1       1 PUL0117	1.41e-09
      1       1 PUL0117	2.47e-19
      1       1 PUL0121	1.98e-19
      1       1 PUL0121	3.18e-77
      1       1 PUL0123	9.25e-25
      1       1 PUL0124	2.03e-26
      1       1 PUL0124	2.15e-162
      1       1 PUL0134	2.41e-206
      1       1 PUL0145	1.98e-265
      1       1 PUL0145	2.37e-80
      1       1 PUL0145	4.39e-28
      1       1 PUL0161	1.35e-09
      1       1 PUL0161	4.18e-15
      1       1 PUL0162	1.76e-47
      1       1 PUL0165	2.02e-79
      1       1 PUL0180	7.10e-71
      1       1 PUL0180	9.81e-111
      1       1 PUL0184	8.38e-30
      1       1 PUL0206	3.87e-149
      1       1 PUL0206	7.03e-247
      1       1 PUL0227	5.12e-75
      1       1 PUL0236	1.63e-138
      1       1 PUL0256	8.19e-119
      1       1 PUL0264	4.33e-19
      1       1 PUL0267	1.38e-284
      1       1 PUL0267	8.50e-225
      1       1 PUL0315	8.12e-36
      1       1 PUL0333	1.12e-182
      1       1 PUL0333	4.93e-112
      1       1 PUL0335	2.15e-73
      1       1 PUL0335	6.59e-47
      1       1 PUL0335	8.23e-185
      1       1 PUL0339	9.71e-280
      1       1 PUL0340	3.45e-103
      1       1 PUL0341	1.28e-177
      1       1 PUL0344	1.74e-140
      1       1 PUL0345	8.47e-06
      1       1 PUL0347	3.14e-69
      1       1 PUL0356	5.79e-50
      1       1 PUL0368	2.27e-53
      1       1 PUL0429	1.74e-22
      1       1 PUL0440	1.12e-200
      1       1 PUL0442	6.21e-287
      1       1 PUL0443	2.36e-160
      1       1 PUL0443	9.53e-188
      1       1 PUL0443	9.62e-169
      1       1 PUL0467	1.51e-54
      1       1 PUL0479	2.42e-183
      1       1 PUL0513	1.23e-176
      1       1 PUL0547	4.19e-141
      1       1 PUL0560	1.02e-110
      1       1 PUL0560	2.56e-108
      1       1 PUL0560	8.22e-104
