      1       1 PUL0017	3.30e-176
      1       1 PUL0106	1.14e-120
      1       1 PUL0106	5.87e-146
      1       1 PUL0106	9.97e-208
      1       1 PUL0145	2.54e-197
      1       1 PUL0145	3.24e-196
      1       1 PUL0145	5.71e-177
      1       1 PUL0145	5.89e-168
      1       1 PUL0145	6.52e-164
      1       1 PUL0162	3.14e-11
      1       1 PUL0180	1.26e-154
      1       1 PUL0267	1.00e-184
      1       1 PUL0267	6.45e-241
      1       1 PUL0329	2.90e-40
      1       1 PUL0335	1.91e-61
      1       1 PUL0336	1.25e-75
      1       1 PUL0339	1.27e-158
      1       1 PUL0369	1.40e-66
      1       1 PUL0409	1.40e-73
      1       1 PUL0413	1.23e-117
      1       1 PUL0458	3.31e-31
      1       1 PUL0458	9.28e-62
      1       1 PUL0460	4.97e-08
      1       1 PUL0530	1.47e-277
