PUL0001 1
PUL0008 1
PUL0013 1
PUL0029 1
PUL0049 4
PUL0067 2
PUL0070 1
PUL0083 1
PUL0093 3
PUL0101 1
PUL0103 1
PUL0106 2
PUL0108 1
PUL0109 1
PUL0114 1
PUL0121 2
PUL0123 2
PUL0124 1
PUL0145 2
PUL0161 1
PUL0162 2
PUL0163 2
PUL0165 1
PUL0166 2
PUL0178 1
PUL0179 1
PUL0180 2
PUL0190 1
PUL0206 1
PUL0212 1
PUL0225 1
PUL0255 1
PUL0267 2
PUL0281 1
PUL0289 1
PUL0299 1
PUL0304 1
PUL0306 1
PUL0316 1
PUL0328 1
PUL0335 4
PUL0336 3
PUL0337 1
PUL0339 3
PUL0340 3
PUL0341 1
PUL0354 2
PUL0356 2
PUL0365 1
PUL0413 1
PUL0415 1
PUL0429 1
PUL0436 1
PUL0438 1
PUL0443 1
PUL0463 1
PUL0467 1
PUL0474 1
PUL0479 1
PUL0482 3
PUL0485 1
PUL0491 1
PUL0493 1
PUL0513 1
PUL0517 1
PUL0521 2
PUL0522 1
PUL0527 2
PUL0530 1
PUL0536 1
PUL0554 1
PUL0560 1
PUL0564 1
PUL0584 1
