      1       1 PUL0001	4.56e-145
      1       1 PUL0008	1.59e-298
      1       1 PUL0013	1.35e-196
      1       1 PUL0029	1.16e-15
      1       1 PUL0049	1.01e-193
      1       1 PUL0049	2.36e-179
      1       1 PUL0049	2.62e-63
      1       1 PUL0049	5.10e-184
      1       1 PUL0067	1.12e-303
      1       1 PUL0067	9.18e-304
      1       1 PUL0070	1.34e-152
      1       1 PUL0083	7.32e-22
      1       1 PUL0093	1.49e-126
      1       1 PUL0093	6.83e-270
      1       1 PUL0093	9.04e-135
      1       1 PUL0101	1.23e-188
      1       1 PUL0103	2.64e-288
      1       1 PUL0106	3.05e-96
      1       1 PUL0106	3.20e-177
      1       1 PUL0108	3.95e-245
      1       1 PUL0109	9.57e-267
      1       1 PUL0114	1.65e-202
      1       1 PUL0121	1.96e-159
      1       1 PUL0121	3.14e-20
      1       1 PUL0123	1.99e-36
      1       1 PUL0123	3.37e-05
      1       1 PUL0124	2.41e-09
      1       1 PUL0145	2.84e-306
      1       1 PUL0145	6.94e-312
      1       1 PUL0161	4.47e-137
      1       1 PUL0162	1.10e-04
      1       1 PUL0162	4.13e-308
      1       1 PUL0163	4.17e-218
      1       1 PUL0163	4.30e-149
      1       1 PUL0165	2.07e-96
      1       1 PUL0166	4.47e-281
      1       1 PUL0166	4.91e-310
      1       1 PUL0178	2.66e-254
      1       1 PUL0179	1.48e-297
      1       1 PUL0180	1.89e-171
      1       1 PUL0180	9.88e-147
      1       1 PUL0190	1.04e-225
      1       1 PUL0206	1.73e-142
      1       1 PUL0212	8.65e-83
      1       1 PUL0225	8.74e-35
      1       1 PUL0255	6.87e-110
      1       1 PUL0267	1.25e-223
      1       1 PUL0267	3.63e-285
      1       1 PUL0281	5.43e-40
      1       1 PUL0289	4.17e-230
      1       1 PUL0299	2.60e-19
      1       1 PUL0304	1.64e-307
      1       1 PUL0306	8.81e-76
      1       1 PUL0316	7.41e-08
      1       1 PUL0328	4.41e-291
      1       1 PUL0335	1.06e-169
      1       1 PUL0335	1.18e-72
      1       1 PUL0335	1.35e-186
      1       1 PUL0335	1.81e-158
      1       1 PUL0336	1.99e-156
      1       1 PUL0336	3.03e-69
      1       1 PUL0336	7.45e-71
      1       1 PUL0337	1.97e-227
      1       1 PUL0339	1.81e-158
      1       1 PUL0339	2.14e-153
      1       1 PUL0339	4.47e-286
      1       1 PUL0340	3.39e-139
      1       1 PUL0340	5.09e-04
      1       1 PUL0340	8.89e-44
      1       1 PUL0341	6.33e-150
      1       1 PUL0354	1.03e-76
      1       1 PUL0354	3.46e-182
      1       1 PUL0356	1.07e-91
      1       1 PUL0356	7.53e-24
      1       1 PUL0365	5.41e-163
      1       1 PUL0413	2.78e-37
      1       1 PUL0415	2.12e-235
      1       1 PUL0429	7.84e-28
      1       1 PUL0436	2.56e-186
      1       1 PUL0438	1.22e-287
      1       1 PUL0443	2.76e-123
      1       1 PUL0463	6.34e-43
      1       1 PUL0467	7.22e-218
      1       1 PUL0474	6.02e-254
      1       1 PUL0479	2.50e-134
      1       1 PUL0482	1.22e-154
      1       1 PUL0482	3.55e-246
      1       1 PUL0482	3.94e-313
      1       1 PUL0485	1.69e-04
      1       1 PUL0491	7.60e-158
      1       1 PUL0493	2.35e-83
      1       1 PUL0513	2.97e-183
      1       1 PUL0517	9.51e-155
      1       1 PUL0521	1.29e-155
      1       1 PUL0521	2.11e-198
      1       1 PUL0522	2.95e-49
      1       1 PUL0527	3.30e-303
      1       1 PUL0527	5.70e-185
      1       1 PUL0530	4.76e-293
      1       1 PUL0536	3.22e-308
      1       1 PUL0554	7.62e-149
      1       1 PUL0560	1.77e-21
      1       1 PUL0564	1.12e-45
      1       1 PUL0584	9.39e-116
