      1       1 PUL0007	2.65e-107
      1       1 PUL0017	1.51e-165
      1       1 PUL0017	3.38e-203
      1       1 PUL0019	2.38e-70
      1       1 PUL0024	8.09e-10
      1       1 PUL0029	5.78e-69
      1       1 PUL0036	1.62e-131
      1       1 PUL0050	2.58e-99
      1       1 PUL0070	2.06e-183
      1       1 PUL0081	2.16e-51
      1       1 PUL0101	3.72e-47
      1       1 PUL0103	3.73e-133
      1       1 PUL0106	1.48e-23
      1       1 PUL0106	5.21e-186
      1       1 PUL0106	6.25e-119
      1       1 PUL0106	7.06e-172
      1       1 PUL0108	2.06e-32
      1       1 PUL0108	3.80e-24
      1       1 PUL0121	1.53e-179
      1       1 PUL0121	2.78e-28
      1       1 PUL0121	4.68e-83
      1       1 PUL0121	6.44e-21
      1       1 PUL0121	8.47e-124
      1       1 PUL0121	9.83e-55
      1       1 PUL0145	2.15e-222
      1       1 PUL0180	4.15e-73
      1       1 PUL0187	1.64e-15
      1       1 PUL0198	8.93e-184
      1       1 PUL0267	9.13e-13
      1       1 PUL0296	1.96e-103
      1       1 PUL0299	1.25e-84
      1       1 PUL0300	3.09e-122
      1       1 PUL0309	2.26e-58
      1       1 PUL0316	3.41e-85
      1       1 PUL0333	2.11e-116
      1       1 PUL0335	1.04e-171
      1       1 PUL0335	1.43e-118
      1       1 PUL0335	2.85e-198
      1       1 PUL0335	4.56e-104
      1       1 PUL0336	2.13e-09
      1       1 PUL0337	1.28e-159
      1       1 PUL0340	2.42e-140
      1       1 PUL0340	3.76e-35
      1       1 PUL0341	7.87e-218
      1       1 PUL0368	7.84e-25
      1       1 PUL0390	1.79e-41
      1       1 PUL0396	8.71e-86
      1       1 PUL0413	4.95e-166
      1       1 PUL0414	3.26e-30
      1       1 PUL0451	1.50e-08
      1       1 PUL0460	9.53e-30
      1       1 PUL0493	5.80e-36
      1       1 PUL0496	1.47e-08
      1       1 PUL0527	2.50e-23
      1       1 PUL0584	1.63e-163
      1       1 PUL0599	4.61e-126
