      1       1 PUL0001	2.20e-25
      1       1 PUL0009	1.43e-123
      1       1 PUL0010	2.18e-221
      1       1 PUL0013	1.04e-21
      1       1 PUL0017	4.52e-186
      1       1 PUL0017	5.04e-193
      1       1 PUL0027	4.21e-81
      1       1 PUL0029	3.62e-44
      1       1 PUL0036	5.02e-78
      1       1 PUL0047	1.13e-42
      1       1 PUL0049	6.93e-142
      1       1 PUL0050	4.67e-97
      1       1 PUL0057	6.65e-45
      1       1 PUL0057	8.63e-20
      1       1 PUL0060	2.63e-51
      1       1 PUL0061	3.01e-154
      1       1 PUL0082	2.95e-174
      1       1 PUL0093	2.60e-40
      1       1 PUL0096	7.71e-151
      1       1 PUL0106	2.39e-69
      1       1 PUL0106	4.70e-249
      1       1 PUL0106	5.25e-95
      1       1 PUL0106	6.47e-221
      1       1 PUL0108	1.21e-49
      1       1 PUL0108	2.24e-12
      1       1 PUL0108	3.34e-49
      1       1 PUL0108	4.32e-45
      1       1 PUL0113	5.07e-33
      1       1 PUL0117	1.15e-21
      1       1 PUL0121	1.59e-111
      1       1 PUL0122	7.85e-209
      1       1 PUL0130	1.62e-51
      1       1 PUL0130	7.59e-64
      1       1 PUL0133	4.27e-62
      1       1 PUL0133	5.89e-40
      1       1 PUL0146	1.12e-128
      1       1 PUL0146	4.48e-19
      1       1 PUL0146	5.49e-133
      1       1 PUL0148	1.22e-76
      1       1 PUL0148	3.70e-45
      1       1 PUL0149	2.09e-123
      1       1 PUL0160	1.40e-136
      1       1 PUL0160	1.87e-131
      1       1 PUL0160	2.84e-24
      1       1 PUL0160	3.43e-37
      1       1 PUL0160	3.55e-16
      1       1 PUL0160	7.68e-145
      1       1 PUL0164	8.95e-104
      1       1 PUL0172	3.07e-04
      1       1 PUL0180	1.72e-148
      1       1 PUL0180	4.58e-59
      1       1 PUL0184	9.01e-81
      1       1 PUL0192	7.44e-15
      1       1 PUL0199	4.88e-80
      1       1 PUL0201	6.65e-171
      1       1 PUL0212	1.18e-84
      1       1 PUL0212	1.24e-93
      1       1 PUL0212	2.55e-153
      1       1 PUL0217	1.35e-99
      1       1 PUL0217	1.46e-93
      1       1 PUL0217	1.66e-73
      1       1 PUL0217	3.02e-50
      1       1 PUL0227	7.71e-173
      1       1 PUL0227	8.10e-70
      1       1 PUL0250	1.01e-125
      1       1 PUL0250	1.19e-54
      1       1 PUL0250	1.41e-42
      1       1 PUL0252	2.71e-147
      1       1 PUL0260	1.03e-63
      1       1 PUL0266	1.01e-54
      1       1 PUL0266	4.91e-119
      1       1 PUL0266	7.62e-142
      1       1 PUL0267	6.77e-239
      1       1 PUL0267	8.39e-04
      1       1 PUL0270	1.17e-12
      1       1 PUL0270	5.19e-130
      1       1 PUL0280	2.73e-37
      1       1 PUL0281	4.68e-13
      1       1 PUL0281	7.31e-23
      1       1 PUL0299	6.99e-69
      1       1 PUL0300	2.00e-87
      1       1 PUL0309	1.33e-112
      1       1 PUL0328	2.00e-100
      1       1 PUL0328	7.85e-114
      1       1 PUL0329	1.07e-108
      1       1 PUL0329	8.64e-173
      1       1 PUL0333	1.18e-04
      1       1 PUL0333	4.38e-89
      1       1 PUL0334	1.37e-32
      1       1 PUL0335	1.90e-175
      1       1 PUL0335	2.37e-151
      1       1 PUL0335	3.73e-85
      1       1 PUL0335	3.81e-175
      1       1 PUL0335	6.74e-96
      1       1 PUL0335	9.94e-79
      1       1 PUL0336	3.97e-98
      1       1 PUL0337	2.57e-151
      1       1 PUL0337	4.89e-81
      1       1 PUL0339	1.41e-185
      1       1 PUL0340	7.44e-127
      1       1 PUL0341	2.85e-165
      1       1 PUL0341	6.18e-06
      1       1 PUL0347	1.15e-36
      1       1 PUL0347	2.85e-107
      1       1 PUL0368	1.33e-46
      1       1 PUL0368	2.32e-26
      1       1 PUL0368	3.33e-45
      1       1 PUL0381	2.22e-109
      1       1 PUL0381	2.42e-70
      1       1 PUL0382	3.48e-101
      1       1 PUL0390	1.07e-84
      1       1 PUL0390	9.03e-44
      1       1 PUL0413	1.54e-49
      1       1 PUL0413	1.78e-71
      1       1 PUL0413	6.35e-169
      1       1 PUL0413	7.61e-65
      1       1 PUL0413	8.15e-54
      1       1 PUL0413	8.97e-124
      1       1 PUL0414	1.56e-104
      1       1 PUL0429	5.91e-95
      1       1 PUL0429	7.61e-20
      1       1 PUL0429	8.11e-23
      1       1 PUL0430	5.32e-09
      1       1 PUL0443	2.01e-07
      1       1 PUL0443	7.94e-09
      1       1 PUL0448	3.08e-32
      1       1 PUL0458	1.09e-49
      1       1 PUL0458	3.97e-30
      1       1 PUL0459	1.33e-40
      1       1 PUL0472	5.28e-125
      1       1 PUL0473	2.32e-10
      1       1 PUL0482	3.40e-220
      1       1 PUL0493	9.83e-50
      1       1 PUL0506	6.98e-34
      1       1 PUL0516	4.67e-124
      1       1 PUL0517	1.21e-102
      1       1 PUL0521	2.06e-89
      1       1 PUL0527	1.59e-55
      1       1 PUL0527	1.70e-81
      1       1 PUL0529	9.11e-12
      1       1 PUL0530	1.45e-19
      1       1 PUL0532	3.04e-167
      1       1 PUL0539	4.43e-20
      1       1 PUL0539	9.28e-117
      1       1 PUL0544	1.54e-56
      1       1 PUL0546	2.02e-06
      1       1 PUL0560	1.13e-15
      1       1 PUL0563	3.03e-167
      1       1 PUL0574	2.22e-76
      1       1 PUL0575	9.33e-94
      1       1 PUL0584	9.60e-42
      1       1 PUL0591	3.81e-59
      1       1 PUL0599	2.59e-112
      1       1 PUL0599	5.86e-143
      1       1 PUL0600	4.32e-55
