PUL0001	1
PUL0009	1
PUL0010	1
PUL0013	1
PUL0017	2
PUL0027	1
PUL0029	1
PUL0036	1
PUL0047	1
PUL0049	1
PUL0050	1
PUL0057	2
PUL0060	1
PUL0061	1
PUL0082	1
PUL0093	1
PUL0096	1
PUL0106	4
PUL0108	4
PUL0113	1
PUL0117	1
PUL0121	1
PUL0122	1
PUL0130	2
PUL0133	2
PUL0146	3
PUL0148	2
PUL0149	1
PUL0160	6
PUL0164	1
PUL0172	1
PUL0180	2
PUL0184	1
PUL0192	1
PUL0199	1
PUL0201	1
PUL0212	3
PUL0217	4
PUL0227	2
PUL0250	3
PUL0252	1
PUL0260	1
PUL0266	3
PUL0267	2
PUL0270	2
PUL0280	1
PUL0281	2
PUL0299	1
PUL0300	1
PUL0309	1
PUL0328	2
PUL0329	2
PUL0333	2
PUL0334	1
PUL0335	6
PUL0336	1
PUL0337	2
PUL0339	1
PUL0340	1
PUL0341	2
PUL0347	2
PUL0368	3
PUL0381	2
PUL0382	1
PUL0390	2
PUL0413	6
PUL0414	1
PUL0429	3
PUL0430	1
PUL0443	2
PUL0448	1
PUL0458	2
PUL0459	1
PUL0472	1
PUL0473	1
PUL0482	1
PUL0493	1
PUL0506	1
PUL0516	1
PUL0517	1
PUL0521	1
PUL0527	2
PUL0529	1
PUL0530	1
PUL0532	1
PUL0539	2
PUL0544	1
PUL0546	1
PUL0560	1
PUL0563	1
PUL0574	1
PUL0575	1
PUL0584	1
PUL0591	1
PUL0599	2
PUL0600	1
