      1       1 PUL0006	1.72e-10
      1       1 PUL0037	1.16e-35
      1       1 PUL0049	7.61e-28
      1       1 PUL0090	1.88e-89
      1       1 PUL0106	1.47e-21
      1       1 PUL0106	5.11e-32
      1       1 PUL0121	1.86e-36
      1       1 PUL0122	4.29e-30
      1       1 PUL0131	8.26e-110
      1       1 PUL0151	7.99e-13
      1       1 PUL0160	7.95e-08
      1       1 PUL0162	5.87e-12
      1       1 PUL0178	5.61e-50
      1       1 PUL0180	6.53e-06
      1       1 PUL0214	3.77e-87
      1       1 PUL0252	1.77e-10
      1       1 PUL0267	3.23e-40
      1       1 PUL0281	1.89e-36
      1       1 PUL0281	4.54e-33
      1       1 PUL0282	9.91e-21
      1       1 PUL0309	3.06e-89
      1       1 PUL0316	2.03e-84
      1       1 PUL0316	4.74e-59
      1       1 PUL0329	7.08e-43
      1       1 PUL0329	9.32e-42
      1       1 PUL0335	2.37e-177
      1       1 PUL0339	2.08e-74
      1       1 PUL0341	1.04e-158
      1       1 PUL0390	8.69e-71
      1       1 PUL0428	7.11e-36
      1       1 PUL0429	1.48e-41
      1       1 PUL0446	9.65e-64
      1       1 PUL0460	1.85e-49
      1       1 PUL0460	9.17e-13
      1       1 PUL0480	4.45e-27
      1       1 PUL0493	3.65e-30
      1       1 PUL0506	1.49e-05
      1       1 PUL0530	1.55e-25
      1       1 PUL0530	2.05e-12
      1       1 PUL0530	2.24e-08
      1       1 PUL0569	4.12e-19
      1       1 PUL0572	7.62e-70
      1       1 PUL0577	1.27e-26
