      1       1 PUL0008	1.40e-08
      1       1 PUL0017	1.76e-180
      1       1 PUL0017	4.35e-169
      1       1 PUL0024	7.54e-29
      1       1 PUL0025	5.21e-14
      1       1 PUL0029	1.21e-32
      1       1 PUL0029	1.34e-44
      1       1 PUL0043	4.66e-83
      1       1 PUL0047	1.23e-05
      1       1 PUL0049	4.74e-14
      1       1 PUL0049	9.23e-89
      1       1 PUL0050	4.14e-92
      1       1 PUL0060	4.92e-50
      1       1 PUL0062	1.16e-26
      1       1 PUL0075	1.11e-73
      1       1 PUL0093	1.24e-99
      1       1 PUL0094	1.07e-80
      1       1 PUL0094	4.23e-65
      1       1 PUL0101	1.55e-53
      1       1 PUL0101	1.91e-40
      1       1 PUL0105	2.50e-55
      1       1 PUL0105	3.40e-34
      1       1 PUL0106	1.93e-214
      1       1 PUL0106	2.37e-10
      1       1 PUL0106	2.82e-145
      1       1 PUL0106	3.02e-24
      1       1 PUL0121	1.26e-32
      1       1 PUL0121	1.58e-165
      1       1 PUL0121	1.82e-79
      1       1 PUL0121	4.23e-165
      1       1 PUL0121	4.64e-55
      1       1 PUL0124	2.74e-58
      1       1 PUL0124	3.39e-18
      1       1 PUL0124	9.62e-67
      1       1 PUL0152	1.10e-89
      1       1 PUL0161	1.80e-20
      1       1 PUL0162	1.42e-75
      1       1 PUL0168	5.17e-73
      1       1 PUL0180	1.25e-34
      1       1 PUL0180	9.18e-95
      1       1 PUL0184	1.40e-106
      1       1 PUL0184	7.49e-59
      1       1 PUL0193	7.96e-07
      1       1 PUL0199	8.14e-43
      1       1 PUL0214	2.84e-129
      1       1 PUL0216	4.79e-41
      1       1 PUL0236	2.53e-77
      1       1 PUL0256	2.74e-11
      1       1 PUL0257	2.08e-57
      1       1 PUL0267	2.17e-84
      1       1 PUL0267	4.61e-231
      1       1 PUL0282	1.89e-13
      1       1 PUL0282	2.17e-06
      1       1 PUL0282	2.28e-14
      1       1 PUL0282	3.29e-13
      1       1 PUL0282	4.13e-13
      1       1 PUL0282	6.42e-14
      1       1 PUL0294	5.60e-73
      1       1 PUL0299	1.06e-69
      1       1 PUL0300	1.32e-49
      1       1 PUL0300	3.05e-84
      1       1 PUL0300	5.11e-58
      1       1 PUL0300	6.84e-65
      1       1 PUL0333	1.52e-17
      1       1 PUL0333	2.14e-12
      1       1 PUL0333	6.17e-32
      1       1 PUL0335	5.37e-68
      1       1 PUL0335	5.82e-83
      1       1 PUL0339	1.04e-153
      1       1 PUL0339	8.67e-13
      1       1 PUL0340	1.05e-04
      1       1 PUL0340	4.51e-177
      1       1 PUL0341	2.79e-168
      1       1 PUL0390	1.35e-88
      1       1 PUL0390	3.87e-92
      1       1 PUL0396	6.48e-45
      1       1 PUL0406	1.59e-140
      1       1 PUL0413	1.19e-187
      1       1 PUL0414	2.56e-37
      1       1 PUL0414	3.33e-48
      1       1 PUL0414	4.00e-19
      1       1 PUL0414	7.00e-214
      1       1 PUL0429	1.30e-21
      1       1 PUL0446	3.36e-11
      1       1 PUL0449	1.92e-57
      1       1 PUL0458	4.13e-14
      1       1 PUL0458	6.50e-17
      1       1 PUL0460	5.42e-15
      1       1 PUL0467	3.75e-62
      1       1 PUL0468	1.39e-40
      1       1 PUL0501	3.35e-52
      1       1 PUL0506	2.39e-116
      1       1 PUL0517	1.64e-12
      1       1 PUL0527	7.32e-41
      1       1 PUL0569	1.45e-10
      1       1 PUL0599	2.17e-04
