PUL0008	1
PUL0017	2
PUL0024	1
PUL0025	1
PUL0029	2
PUL0043	1
PUL0047	1
PUL0049	2
PUL0050	1
PUL0060	1
PUL0062	1
PUL0075	1
PUL0093	1
PUL0094	2
PUL0101	2
PUL0105	2
PUL0106	4
PUL0121	5
PUL0124	3
PUL0152	1
PUL0161	1
PUL0162	1
PUL0168	1
PUL0180	2
PUL0184	2
PUL0193	1
PUL0199	1
PUL0214	1
PUL0216	1
PUL0236	1
PUL0256	1
PUL0257	1
PUL0267	2
PUL0282	6
PUL0294	1
PUL0299	1
PUL0300	4
PUL0333	3
PUL0335	2
PUL0339	2
PUL0340	2
PUL0341	1
PUL0390	2
PUL0396	1
PUL0406	1
PUL0413	1
PUL0414	4
PUL0429	1
PUL0446	1
PUL0449	1
PUL0458	2
PUL0460	1
PUL0467	1
PUL0468	1
PUL0501	1
PUL0506	1
PUL0517	1
PUL0527	1
PUL0569	1
PUL0599	1
