      1       1 PUL0001	1.75e-263
      1       1 PUL0014	1.38e-41
      1       1 PUL0017	2.38e-182
      1       1 PUL0017	2.69e-207
      1       1 PUL0024	3.82e-226
      1       1 PUL0025	7.30e-190
      1       1 PUL0049	7.89e-161
      1       1 PUL0052	4.69e-25
      1       1 PUL0058	1.29e-121
      1       1 PUL0058	3.51e-182
      1       1 PUL0058	7.36e-250
      1       1 PUL0070	1.83e-174
      1       1 PUL0094	2.42e-74
      1       1 PUL0103	3.87e-142
      1       1 PUL0106	1.10e-186
      1       1 PUL0124	1.73e-228
      1       1 PUL0124	3.54e-187
      1       1 PUL0180	1.38e-87
      1       1 PUL0225	6.32e-174
      1       1 PUL0246	5.64e-174
      1       1 PUL0329	6.62e-187
      1       1 PUL0337	3.16e-221
      1       1 PUL0340	1.18e-105
      1       1 PUL0340	4.97e-203
      1       1 PUL0390	3.95e-190
      1       1 PUL0406	1.31e-222
      1       1 PUL0413	1.01e-163
      1       1 PUL0519	1.93e-302
      1       1 PUL0598	1.64e-168
