PUL0006 2
PUL0009 1
PUL0013 1
PUL0017 2
PUL0018 1
PUL0028 1
PUL0029 6
PUL0033 1
PUL0038 1
PUL0049 4
PUL0050 1
PUL0051 1
PUL0061 1
PUL0075 1
PUL0078 1
PUL0106 2
PUL0108 1
PUL0121 2
PUL0123 1
PUL0124 1
PUL0142 1
PUL0146 1
PUL0152 1
PUL0161 1
PUL0168 2
PUL0178 1
PUL0214 2
PUL0216 1
PUL0225 1
PUL0267 1
PUL0269 1
PUL0286 1
PUL0296 1
PUL0297 1
PUL0299 1
PUL0300 3
PUL0303 1
PUL0316 2
PUL0332 1
PUL0333 1
PUL0335 2
PUL0340 2
PUL0341 2
PUL0347 1
PUL0390 1
PUL0396 3
PUL0410 1
PUL0413 2
PUL0414 2
PUL0429 3
PUL0446 1
PUL0454 3
PUL0457 1
PUL0466 1
PUL0530 1
PUL0574 1
PUL0577 1
PUL0601 1
