      1       1 PUL0006	1.29e-84
      1       1 PUL0006	4.57e-09
      1       1 PUL0009	1.89e-100
      1       1 PUL0013	2.54e-84
      1       1 PUL0017	4.49e-201
      1       1 PUL0017	7.00e-181
      1       1 PUL0018	3.28e-31
      1       1 PUL0028	5.31e-15
      1       1 PUL0029	1.04e-154
      1       1 PUL0029	2.29e-78
      1       1 PUL0029	2.70e-54
      1       1 PUL0029	2.82e-39
      1       1 PUL0029	7.49e-27
      1       1 PUL0029	8.78e-110
      1       1 PUL0033	1.79e-12
      1       1 PUL0038	1.84e-143
      1       1 PUL0049	1.83e-11
      1       1 PUL0049	2.37e-32
      1       1 PUL0049	2.87e-124
      1       1 PUL0049	5.56e-08
      1       1 PUL0050	4.67e-91
      1       1 PUL0051	2.10e-45
      1       1 PUL0061	7.20e-167
      1       1 PUL0075	8.29e-120
      1       1 PUL0078	3.26e-09
      1       1 PUL0106	1.25e-29
      1       1 PUL0106	6.38e-151
      1       1 PUL0108	1.12e-31
      1       1 PUL0121	3.54e-18
      1       1 PUL0121	5.18e-43
      1       1 PUL0123	1.28e-27
      1       1 PUL0124	3.29e-41
      1       1 PUL0142	2.38e-150
      1       1 PUL0146	8.60e-12
      1       1 PUL0152	4.58e-105
      1       1 PUL0161	1.52e-23
      1       1 PUL0168	3.24e-32
      1       1 PUL0168	6.55e-53
      1       1 PUL0178	5.99e-185
      1       1 PUL0214	1.31e-112
      1       1 PUL0214	1.92e-25
      1       1 PUL0216	1.51e-06
      1       1 PUL0225	1.64e-30
      1       1 PUL0267	5.13e-212
      1       1 PUL0269	9.68e-49
      1       1 PUL0286	2.97e-166
      1       1 PUL0296	6.96e-82
      1       1 PUL0297	2.48e-58
      1       1 PUL0299	2.63e-105
      1       1 PUL0300	1.26e-31
      1       1 PUL0300	2.61e-61
      1       1 PUL0300	4.23e-43
      1       1 PUL0303	7.09e-54
      1       1 PUL0316	2.22e-52
      1       1 PUL0316	3.55e-13
      1       1 PUL0332	1.20e-112
      1       1 PUL0333	2.75e-47
      1       1 PUL0335	5.16e-68
      1       1 PUL0335	6.80e-161
      1       1 PUL0340	1.04e-124
      1       1 PUL0340	7.43e-40
      1       1 PUL0341	1.72e-125
      1       1 PUL0341	8.07e-156
      1       1 PUL0347	7.51e-49
      1       1 PUL0390	2.26e-24
      1       1 PUL0396	2.44e-85
      1       1 PUL0396	6.88e-34
      1       1 PUL0396	7.98e-122
      1       1 PUL0410	1.01e-134
      1       1 PUL0413	1.40e-109
      1       1 PUL0413	8.30e-04
      1       1 PUL0414	1.55e-43
      1       1 PUL0414	9.50e-08
      1       1 PUL0429	3.85e-17
      1       1 PUL0429	6.68e-74
      1       1 PUL0429	8.23e-54
      1       1 PUL0446	8.44e-90
      1       1 PUL0454	4.03e-176
      1       1 PUL0454	4.44e-26
      1       1 PUL0454	7.25e-46
      1       1 PUL0457	5.04e-61
      1       1 PUL0466	7.31e-160
      1       1 PUL0530	3.47e-48
      1       1 PUL0574	5.52e-103
      1       1 PUL0577	1.40e-162
      1       1 PUL0601	7.59e-14
