      1       1 PUL0001	3.29e-144
      1       1 PUL0001	6.02e-248
      1       1 PUL0006	1.11e-107
      1       1 PUL0006	2.47e-151
      1       1 PUL0010	8.14e-85
      1       1 PUL0013	2.34e-80
      1       1 PUL0013	3.03e-99
      1       1 PUL0024	2.72e-117
      1       1 PUL0025	1.02e-21
      1       1 PUL0033	1.54e-09
      1       1 PUL0038	6.26e-171
      1       1 PUL0058	4.22e-254
      1       1 PUL0101	1.61e-144
      1       1 PUL0101	9.60e-133
      1       1 PUL0106	9.95e-211
      1       1 PUL0108	1.94e-10
      1       1 PUL0121	2.80e-78
      1       1 PUL0121	9.69e-132
      1       1 PUL0122	2.72e-166
      1       1 PUL0124	8.74e-221
      1       1 PUL0134	1.06e-118
      1       1 PUL0135	5.85e-103
      1       1 PUL0151	7.39e-103
      1       1 PUL0159	7.17e-240
      1       1 PUL0162	3.88e-188
      1       1 PUL0180	1.22e-153
      1       1 PUL0210	2.97e-199
      1       1 PUL0230	3.95e-139
      1       1 PUL0256	8.68e-126
      1       1 PUL0267	6.31e-264
      1       1 PUL0300	9.29e-97
      1       1 PUL0302	2.18e-224
      1       1 PUL0333	2.45e-113
      1       1 PUL0340	2.04e-128
      1       1 PUL0341	4.29e-240
      1       1 PUL0347	1.99e-234
      1       1 PUL0390	3.33e-187
      1       1 PUL0399	1.34e-246
      1       1 PUL0406	1.48e-210
      1       1 PUL0598	2.06e-173
