      1       1 PUL0012	6.87e-09
      1       1 PUL0017	3.26e-157
      1       1 PUL0017	7.25e-176
      1       1 PUL0029	1.04e-40
      1       1 PUL0037	1.28e-15
      1       1 PUL0047	2.10e-19
      1       1 PUL0047	7.05e-58
      1       1 PUL0050	9.84e-86
      1       1 PUL0071	1.36e-70
      1       1 PUL0101	3.12e-63
      1       1 PUL0106	1.65e-47
      1       1 PUL0106	3.33e-16
      1       1 PUL0106	7.15e-116
      1       1 PUL0108	3.22e-29
      1       1 PUL0108	3.54e-36
      1       1 PUL0121	1.16e-115
      1       1 PUL0121	1.44e-14
      1       1 PUL0121	2.13e-31
      1       1 PUL0121	2.79e-18
      1       1 PUL0121	7.80e-11
      1       1 PUL0124	1.82e-174
      1       1 PUL0132	4.64e-15
      1       1 PUL0145	8.78e-208
      1       1 PUL0152	4.28e-109
      1       1 PUL0179	1.12e-11
      1       1 PUL0179	7.54e-13
      1       1 PUL0180	9.34e-147
      1       1 PUL0199	1.82e-38
      1       1 PUL0210	8.41e-11
      1       1 PUL0216	9.41e-31
      1       1 PUL0225	1.22e-35
      1       1 PUL0225	8.34e-35
      1       1 PUL0230	2.00e-54
      1       1 PUL0236	3.25e-79
      1       1 PUL0247	3.93e-16
      1       1 PUL0250	4.77e-42
      1       1 PUL0250	8.97e-41
      1       1 PUL0267	1.04e-146
      1       1 PUL0267	7.66e-78
      1       1 PUL0267	9.41e-09
      1       1 PUL0269	2.45e-40
      1       1 PUL0270	1.16e-75
      1       1 PUL0281	2.96e-123
      1       1 PUL0281	6.59e-128
      1       1 PUL0282	3.77e-15
      1       1 PUL0300	1.51e-103
      1       1 PUL0300	1.70e-69
      1       1 PUL0300	2.30e-70
      1       1 PUL0324	1.97e-59
      1       1 PUL0329	1.25e-12
      1       1 PUL0329	2.98e-16
      1       1 PUL0333	1.31e-93
      1       1 PUL0333	8.19e-05
      1       1 PUL0333	8.74e-36
      1       1 PUL0335	1.17e-81
      1       1 PUL0335	2.35e-06
      1       1 PUL0335	4.85e-80
      1       1 PUL0335	4.92e-140
      1       1 PUL0335	5.68e-69
      1       1 PUL0336	1.37e-31
      1       1 PUL0339	1.09e-85
      1       1 PUL0340	8.01e-09
      1       1 PUL0341	4.97e-172
      1       1 PUL0396	7.96e-137
      1       1 PUL0401	3.32e-19
      1       1 PUL0409	1.58e-42
      1       1 PUL0413	1.75e-37
      1       1 PUL0413	2.98e-159
      1       1 PUL0413	6.15e-46
      1       1 PUL0413	9.83e-129
      1       1 PUL0414	1.39e-21
      1       1 PUL0414	3.24e-39
      1       1 PUL0429	1.41e-56
      1       1 PUL0431	1.19e-96
      1       1 PUL0443	6.52e-10
      1       1 PUL0454	8.94e-28
      1       1 PUL0458	4.14e-14
      1       1 PUL0459	6.91e-51
      1       1 PUL0467	7.01e-15
      1       1 PUL0493	4.92e-73
      1       1 PUL0506	1.28e-133
      1       1 PUL0506	2.24e-135
      1       1 PUL0527	1.68e-26
      1       1 PUL0527	2.42e-74
      1       1 PUL0530	1.80e-41
      1       1 PUL0530	6.25e-27
      1       1 PUL0584	5.76e-129
