PUL0012 1
PUL0017 2
PUL0029 1
PUL0037 1
PUL0047 2
PUL0050 1
PUL0071 1
PUL0101 1
PUL0106 3
PUL0108 2
PUL0121 5
PUL0124 1
PUL0132 1
PUL0145 1
PUL0152 1
PUL0179 2
PUL0180 1
PUL0199 1
PUL0210 1
PUL0216 1
PUL0225 2
PUL0230 1
PUL0236 1
PUL0247 1
PUL0250 2
PUL0267 3
PUL0269 1
PUL0270 1
PUL0281 2
PUL0282 1
PUL0300 3
PUL0324 1
PUL0329 2
PUL0333 3
PUL0335 5
PUL0336 1
PUL0339 1
PUL0340 1
PUL0341 1
PUL0396 1
PUL0401 1
PUL0409 1
PUL0413 4
PUL0414 2
PUL0429 1
PUL0431 1
PUL0443 1
PUL0454 1
PUL0458 1
PUL0459 1
PUL0467 1
PUL0493 1
PUL0506 2
PUL0527 2
PUL0530 2
PUL0584 1
