      1       1 PUL0001	1.27e-252
      1       1 PUL0009	9.40e-73
      1       1 PUL0013	1.76e-79
      1       1 PUL0017	6.42e-183
      1       1 PUL0017	7.81e-208
      1       1 PUL0024	1.55e-20
      1       1 PUL0024	3.47e-48
      1       1 PUL0024	3.90e-14
      1       1 PUL0024	9.82e-44
      1       1 PUL0027	1.29e-91
      1       1 PUL0029	2.96e-125
      1       1 PUL0029	8.33e-46
      1       1 PUL0038	4.71e-138
      1       1 PUL0045	3.30e-29
      1       1 PUL0049	1.27e-40
      1       1 PUL0049	3.70e-160
      1       1 PUL0049	4.71e-50
      1       1 PUL0049	6.59e-33
      1       1 PUL0058	1.64e-186
      1       1 PUL0058	2.14e-181
      1       1 PUL0058	6.69e-249
      1       1 PUL0058	7.48e-128
      1       1 PUL0094	2.34e-78
      1       1 PUL0094	3.04e-112
      1       1 PUL0101	2.07e-19
      1       1 PUL0106	1.49e-107
      1       1 PUL0106	1.51e-210
      1       1 PUL0106	2.00e-21
      1       1 PUL0106	3.06e-25
      1       1 PUL0106	3.51e-178
      1       1 PUL0106	6.17e-108
      1       1 PUL0106	7.88e-27
      1       1 PUL0108	7.69e-32
      1       1 PUL0113	4.30e-120
      1       1 PUL0121	2.62e-50
      1       1 PUL0121	3.88e-19
      1       1 PUL0121	5.60e-117
      1       1 PUL0121	8.81e-36
      1       1 PUL0124	2.72e-219
      1       1 PUL0124	5.28e-205
      1       1 PUL0124	6.26e-180
      1       1 PUL0145	7.62e-55
      1       1 PUL0148	5.57e-37
      1       1 PUL0161	7.00e-14
      1       1 PUL0162	3.16e-173
      1       1 PUL0168	6.95e-148
      1       1 PUL0172	1.16e-108
      1       1 PUL0180	9.85e-93
      1       1 PUL0212	3.92e-146
      1       1 PUL0225	2.10e-56
      1       1 PUL0225	8.19e-174
      1       1 PUL0230	4.44e-109
      1       1 PUL0235	2.74e-14
      1       1 PUL0236	9.39e-82
      1       1 PUL0258	7.34e-27
      1       1 PUL0266	1.28e-57
      1       1 PUL0267	1.09e-264
      1       1 PUL0267	1.09e-94
      1       1 PUL0267	3.42e-59
      1       1 PUL0267	9.18e-166
      1       1 PUL0294	2.38e-76
      1       1 PUL0299	1.20e-41
      1       1 PUL0299	8.48e-71
      1       1 PUL0309	1.85e-39
      1       1 PUL0309	4.03e-44
      1       1 PUL0333	6.45e-115
      1       1 PUL0335	1.84e-91
      1       1 PUL0335	1.87e-138
      1       1 PUL0335	1.89e-14
      1       1 PUL0335	2.09e-108
      1       1 PUL0336	1.63e-40
      1       1 PUL0337	4.99e-117
      1       1 PUL0337	9.52e-212
      1       1 PUL0340	1.10e-34
      1       1 PUL0340	1.93e-11
      1       1 PUL0340	2.79e-42
      1       1 PUL0340	6.37e-36
      1       1 PUL0340	8.33e-32
      1       1 PUL0340	8.97e-20
      1       1 PUL0341	4.83e-38
      1       1 PUL0346	3.16e-09
      1       1 PUL0375	2.45e-69
      1       1 PUL0390	1.12e-190
      1       1 PUL0390	1.37e-120
      1       1 PUL0390	5.45e-88
      1       1 PUL0399	3.69e-17
      1       1 PUL0401	1.72e-30
      1       1 PUL0406	3.06e-09
      1       1 PUL0406	5.67e-18
      1       1 PUL0406	5.77e-16
      1       1 PUL0406	6.01e-56
      1       1 PUL0406	6.59e-181
      1       1 PUL0406	8.23e-16
      1       1 PUL0413	1.30e-123
      1       1 PUL0413	7.56e-163
      1       1 PUL0414	3.30e-103
      1       1 PUL0430	3.81e-42
      1       1 PUL0460	3.81e-07
      1       1 PUL0489	7.49e-136
      1       1 PUL0493	1.02e-194
      1       1 PUL0493	9.11e-78
      1       1 PUL0501	3.27e-164
      1       1 PUL0501	9.53e-174
      1       1 PUL0519	1.41e-151
      1       1 PUL0527	1.03e-83
      1       1 PUL0530	1.42e-06
      1       1 PUL0576	2.44e-140
      1       1 PUL0579	7.09e-77
      1       1 PUL0584	7.10e-164
      1       1 PUL0593	2.31e-73
      1       1 PUL0595	3.33e-07
      1       1 PUL0595	6.11e-90
      1       1 PUL0599	6.14e-116
      1       1 PUL0601	5.74e-41
      1       1 PUL0601	5.96e-50
