PUL0001;1
PUL0009;1
PUL0013;1
PUL0017;2
PUL0024;4
PUL0027;1
PUL0029;2
PUL0038;1
PUL0045;1
PUL0049;4
PUL0058;4
PUL0094;2
PUL0101;1
PUL0106;7
PUL0108;1
PUL0113;1
PUL0121;4
PUL0124;3
PUL0145;1
PUL0148;1
PUL0161;1
PUL0162;1
PUL0168;1
PUL0172;1
PUL0180;1
PUL0212;1
PUL0225;2
PUL0230;1
PUL0235;1
PUL0236;1
PUL0258;1
PUL0266;1
PUL0267;4
PUL0294;1
PUL0299;2
PUL0309;2
PUL0333;1
PUL0335;4
PUL0336;1
PUL0337;2
PUL0340;6
PUL0341;1
PUL0346;1
PUL0375;1
PUL0390;3
PUL0399;1
PUL0401;1
PUL0406;6
PUL0413;2
PUL0414;1
PUL0430;1
PUL0460;1
PUL0489;1
PUL0493;2
PUL0501;2
PUL0519;1
PUL0527;1
PUL0530;1
PUL0576;1
PUL0579;1
PUL0584;1
PUL0593;1
PUL0595;2
PUL0599;1
PUL0601;2
