      1       1 PUL0001	2.21e-237
      1       1 PUL0017	1.86e-177
      1       1 PUL0017	2.32e-132
      1       1 PUL0017	8.33e-204
      1       1 PUL0019	5.31e-146
      1       1 PUL0024	5.72e-109
      1       1 PUL0058	1.24e-118
      1       1 PUL0058	2.40e-122
      1       1 PUL0058	3.26e-186
      1       1 PUL0058	4.92e-194
      1       1 PUL0070	3.66e-173
      1       1 PUL0106	2.07e-207
      1       1 PUL0106	9.09e-113
      1       1 PUL0114	1.76e-187
      1       1 PUL0122	6.48e-202
      1       1 PUL0124	6.11e-228
      1       1 PUL0134	4.38e-91
      1       1 PUL0212	1.66e-170
      1       1 PUL0227	7.69e-78
      1       1 PUL0256	4.21e-190
      1       1 PUL0267	1.14e-265
      1       1 PUL0300	2.89e-95
      1       1 PUL0339	1.69e-157
      1       1 PUL0346	4.81e-18
      1       1 PUL0441	9.45e-19
      1       1 PUL0460	1.14e-81
      1       1 PUL0493	2.44e-198
      1       1 PUL0584	4.23e-181
      1       1 PUL0591	4.64e-68
