      1       1 PUL0010	2.23e-204
      1       1 PUL0017	1.75e-189
      1       1 PUL0050	3.83e-89
      1       1 PUL0058	1.18e-212
      1       1 PUL0069	1.91e-263
      1       1 PUL0070	9.26e-12
      1       1 PUL0100	8.23e-296
      1       1 PUL0106	6.37e-228
      1       1 PUL0108	7.60e-121
      1       1 PUL0145	1.18e-174
      1       1 PUL0168	4.82e-307
      1       1 PUL0181	7.42e-304
      1       1 PUL0246	1.07e-235
      1       1 PUL0248	4.48e-183
      1       1 PUL0267	5.55e-228
      1       1 PUL0270	3.49e-136
      1       1 PUL0281	5.90e-07
      1       1 PUL0296	5.42e-118
      1       1 PUL0316	1.28e-90
      1       1 PUL0329	9.57e-123
      1       1 PUL0333	1.16e-107
      1       1 PUL0335	2.87e-140
      1       1 PUL0347	8.83e-232
      1       1 PUL0349	2.77e-225
      1       1 PUL0409	1.32e-257
      1       1 PUL0420	6.88e-211
      1       1 PUL0446	4.57e-22
      1       1 PUL0449	4.39e-205
      1       1 PUL0461	3.22e-165
      1       1 PUL0493	1.79e-50
      1       1 PUL0513	1.90e-06
      1       1 PUL0530	5.49e-276
      1       1 PUL0584	6.59e-149
      1       1 PUL0586	2.32e-242
      1       1 PUL0599	1.87e-110
