      1       1 PUL0010	1.75e-204
      1       1 PUL0013	8.26e-95
      1       1 PUL0017	6.90e-110
      1       1 PUL0017	9.13e-189
      1       1 PUL0022	5.99e-215
      1       1 PUL0024	1.12e-15
      1       1 PUL0038	4.14e-163
      1       1 PUL0041	1.23e-245
      1       1 PUL0049	1.27e-34
      1       1 PUL0049	6.88e-203
      1       1 PUL0050	6.87e-89
      1       1 PUL0058	7.54e-212
      1       1 PUL0060	4.56e-114
      1       1 PUL0060	6.29e-223
      1       1 PUL0061	6.33e-226
      1       1 PUL0069	8.34e-264
      1       1 PUL0100	3.51e-298
      1       1 PUL0106	1.97e-165
      1       1 PUL0111	2.76e-310
      1       1 PUL0122	1.16e-159
      1       1 PUL0145	2.62e-175
      1       1 PUL0145	3.42e-178
      1       1 PUL0145	5.20e-185
      1       1 PUL0145	7.61e-182
      1       1 PUL0150	2.22e-166
      1       1 PUL0152	3.13e-105
      1       1 PUL0168	1.69e-318
      1       1 PUL0180	1.07e-97
      1       1 PUL0184	2.05e-251
      1       1 PUL0184	3.04e-23
      1       1 PUL0184	9.28e-34
      1       1 PUL0206	1.17e-224
      1       1 PUL0230	9.33e-80
      1       1 PUL0246	7.74e-237
      1       1 PUL0248	4.15e-183
      1       1 PUL0255	1.92e-34
      1       1 PUL0286	8.54e-135
      1       1 PUL0290	3.02e-56
      1       1 PUL0296	2.91e-117
      1       1 PUL0300	1.40e-61
      1       1 PUL0300	1.77e-54
      1       1 PUL0316	3.19e-92
      1       1 PUL0316	8.10e-132
      1       1 PUL0324	1.47e-229
      1       1 PUL0324	1.91e-164
      1       1 PUL0329	2.86e-123
      1       1 PUL0333	4.48e-108
      1       1 PUL0335	2.23e-104
      1       1 PUL0335	7.11e-141
      1       1 PUL0340	2.13e-44
      1       1 PUL0347	7.06e-232
      1       1 PUL0349	9.06e-181
      1       1 PUL0366	4.37e-284
      1       1 PUL0396	3.20e-80
      1       1 PUL0406	6.34e-58
      1       1 PUL0410	3.46e-24
      1       1 PUL0420	1.29e-210
      1       1 PUL0459	1.49e-34
      1       1 PUL0459	3.78e-200
      1       1 PUL0460	2.99e-73
      1       1 PUL0493	2.06e-50
      1       1 PUL0530	8.56e-276
      1       1 PUL0574	1.12e-102
      1       1 PUL0584	1.95e-147
      1       1 PUL0586	2.04e-242
