PUL0010;1
PUL0013;1
PUL0017;2
PUL0022;1
PUL0024;1
PUL0038;1
PUL0041;1
PUL0049;2
PUL0050;1
PUL0058;1
PUL0060;2
PUL0061;1
PUL0069;1
PUL0100;1
PUL0106;1
PUL0111;1
PUL0122;1
PUL0145;4
PUL0150;1
PUL0152;1
PUL0168;1
PUL0180;1
PUL0184;3
PUL0206;1
PUL0230;1
PUL0246;1
PUL0248;1
PUL0255;1
PUL0286;1
PUL0290;1
PUL0296;1
PUL0300;2
PUL0316;2
PUL0324;2
PUL0329;1
PUL0333;1
PUL0335;2
PUL0340;1
PUL0347;1
PUL0349;1
PUL0366;1
PUL0396;1
PUL0406;1
PUL0410;1
PUL0420;1
PUL0459;2
PUL0460;1
PUL0493;1
PUL0530;1
PUL0574;1
PUL0584;1
PUL0586;1
