      1       1 PUL0017	1.37e-179
      1       1 PUL0017	3.82e-196
      1       1 PUL0019	7.14e-101
      1       1 PUL0024	4.17e-40
      1       1 PUL0029	5.07e-130
      1       1 PUL0038	2.33e-147
      1       1 PUL0050	1.17e-92
      1       1 PUL0061	1.44e-88
      1       1 PUL0061	1.54e-14
      1       1 PUL0070	9.90e-167
      1       1 PUL0106	6.61e-227
      1       1 PUL0107	2.10e-58
      1       1 PUL0121	2.11e-37
      1       1 PUL0124	2.80e-18
      1       1 PUL0124	3.16e-157
      1       1 PUL0139	1.18e-13
      1       1 PUL0161	2.58e-22
      1       1 PUL0172	9.49e-42
      1       1 PUL0202	4.84e-159
      1       1 PUL0214	4.73e-110
      1       1 PUL0230	1.06e-76
      1       1 PUL0267	2.86e-204
      1       1 PUL0267	6.13e-159
      1       1 PUL0285	1.59e-47
      1       1 PUL0295	5.93e-77
      1       1 PUL0316	5.19e-89
      1       1 PUL0333	3.93e-27
      1       1 PUL0333	7.34e-31
      1       1 PUL0335	1.27e-67
      1       1 PUL0339	8.52e-159
      1       1 PUL0341	1.03e-150
      1       1 PUL0396	1.15e-115
      1       1 PUL0413	2.69e-119
      1       1 PUL0438	2.46e-06
      1       1 PUL0451	2.24e-139
      1       1 PUL0454	5.02e-133
      1       1 PUL0489	4.53e-05
      1       1 PUL0516	1.43e-87
      1       1 PUL0571	8.77e-82
      1       1 PUL0599	1.25e-112
