      1       1 PUL0017	5.78e-187
      1       1 PUL0019	3.89e-89
      1       1 PUL0024	1.33e-77
      1       1 PUL0049	7.57e-303
      1       1 PUL0050	2.15e-68
      1       1 PUL0051	1.90e-94
      1       1 PUL0058	7.11e-169
      1       1 PUL0067	1.61e-224
      1       1 PUL0092	5.34e-106
      1       1 PUL0093	3.75e-63
      1       1 PUL0094	1.62e-146
      1       1 PUL0106	6.85e-171
      1       1 PUL0106	8.58e-317
      1       1 PUL0109	6.96e-168
      1       1 PUL0134	7.49e-192
      1       1 PUL0145	1.64e-256
      1       1 PUL0145	1.68e-268
      1       1 PUL0145	2.94e-285
      1       1 PUL0145	4.15e-221
      1       1 PUL0146	7.89e-65
      1       1 PUL0149	8.43e-61
      1       1 PUL0160	2.25e-212
      1       1 PUL0161	2.76e-25
      1       1 PUL0180	1.10e-250
      1       1 PUL0180	3.90e-64
      1       1 PUL0180	7.57e-48
      1       1 PUL0205	9.19e-182
      1       1 PUL0236	3.53e-59
      1       1 PUL0236	4.46e-55
      1       1 PUL0236	6.08e-140
      1       1 PUL0252	1.76e-298
      1       1 PUL0267	4.91e-319
      1       1 PUL0267	9.35e-232
      1       1 PUL0329	1.30e-22
      1       1 PUL0333	1.19e-14
      1       1 PUL0333	3.41e-160
      1       1 PUL0334	5.65e-189
      1       1 PUL0335	1.69e-67
      1       1 PUL0337	5.30e-144
      1       1 PUL0339	1.15e-240
      1       1 PUL0340	3.81e-142
      1       1 PUL0375	2.92e-115
      1       1 PUL0406	9.70e-185
      1       1 PUL0416	3.82e-193
      1       1 PUL0417	1.86e-261
      1       1 PUL0417	1.98e-180
      1       1 PUL0417	2.50e-136
      1       1 PUL0417	7.16e-191
      1       1 PUL0420	1.43e-311
      1       1 PUL0420	2.24e-229
      1       1 PUL0438	7.54e-05
      1       1 PUL0441	1.87e-142
      1       1 PUL0441	8.14e-170
      1       1 PUL0442	1.65e-283
      1       1 PUL0442	6.54e-298
      1       1 PUL0454	8.91e-28
      1       1 PUL0458	3.59e-43
      1       1 PUL0460	2.50e-08
      1       1 PUL0460	4.09e-36
      1       1 PUL0468	4.26e-203
      1       1 PUL0527	2.15e-266
