      1       1 PUL0017	7.36e-185
      1       1 PUL0019	2.03e-83
      1       1 PUL0024	2.74e-21
      1       1 PUL0024	9.53e-58
      1       1 PUL0049	1.19e-319
      1       1 PUL0070	8.69e-164
      1       1 PUL0094	9.77e-105
      1       1 PUL0103	8.11e-210
      1       1 PUL0106	2.43e-122
      1       1 PUL0106	4.14e-19
      1       1 PUL0106	4.48e-319
      1       1 PUL0117	1.75e-11
      1       1 PUL0121	5.72e-77
      1       1 PUL0124	5.10e-159
      1       1 PUL0124	5.56e-59
      1       1 PUL0134	3.51e-246
      1       1 PUL0145	8.45e-266
      1       1 PUL0149	3.63e-08
      1       1 PUL0169	1.57e-10
      1       1 PUL0206	4.45e-148
      1       1 PUL0206	7.06e-247
      1       1 PUL0227	7.95e-75
      1       1 PUL0236	1.62e-138
      1       1 PUL0263	1.66e-83
      1       1 PUL0264	4.54e-19
      1       1 PUL0267	8.53e-225
      1       1 PUL0267	9.44e-284
      1       1 PUL0315	2.12e-35
      1       1 PUL0333	1.09e-182
      1       1 PUL0333	3.59e-112
      1       1 PUL0334	6.70e-171
      1       1 PUL0335	1.25e-184
      1       1 PUL0339	9.57e-280
      1       1 PUL0341	1.51e-177
      1       1 PUL0344	2.13e-140
      1       1 PUL0417	1.20e-152
      1       1 PUL0429	9.59e-23
      1       1 PUL0443	2.46e-161
      1       1 PUL0443	3.28e-66
      1       1 PUL0443	3.93e-179
      1       1 PUL0454	2.63e-38
      1       1 PUL0467	1.49e-54
      1       1 PUL0487	3.34e-139
      1       1 PUL0532	8.69e-27
      1       1 PUL0564	2.83e-45
      1       1 PUL0601	8.50e-47
