      1       1 PUL0017	3.53e-176
      1       1 PUL0024	4.24e-27
      1       1 PUL0103	1.23e-92
      1       1 PUL0103	1.48e-43
      1       1 PUL0106	1.48e-120
      1       1 PUL0106	3.85e-208
      1       1 PUL0121	1.77e-29
      1       1 PUL0123	1.33e-17
      1       1 PUL0145	1.40e-168
      1       1 PUL0145	1.89e-197
      1       1 PUL0145	6.54e-163
      1       1 PUL0162	3.10e-11
      1       1 PUL0180	3.66e-155
      1       1 PUL0216	7.34e-93
      1       1 PUL0225	7.61e-59
      1       1 PUL0267	6.24e-241
      1       1 PUL0329	9.32e-41
      1       1 PUL0333	4.71e-96
      1       1 PUL0335	4.57e-68
      1       1 PUL0335	5.24e-88
      1       1 PUL0335	5.38e-63
      1       1 PUL0337	1.54e-81
      1       1 PUL0337	4.66e-128
      1       1 PUL0339	8.97e-159
      1       1 PUL0340	6.95e-168
      1       1 PUL0341	1.72e-169
      1       1 PUL0347	1.33e-34
      1       1 PUL0390	5.40e-58
      1       1 PUL0410	6.25e-29
      1       1 PUL0413	5.67e-118
      1       1 PUL0428	5.11e-94
      1       1 PUL0458	1.15e-61
      1       1 PUL0467	4.29e-59
      1       1 PUL0468	3.70e-86
      1       1 PUL0530	1.35e-32
      1       1 PUL0530	3.21e-30
      1       1 PUL0577	4.14e-46
      1       1 PUL0601	7.80e-18
