      1       1 PUL0001	5.53e-126
      1       1 PUL0017	1.26e-188
      1       1 PUL0019	1.56e-64
      1       1 PUL0024	9.11e-167
      1       1 PUL0025	1.76e-110
      1       1 PUL0029	1.56e-38
      1       1 PUL0029	6.61e-130
      1       1 PUL0048	6.11e-30
      1       1 PUL0058	2.18e-237
      1       1 PUL0106	2.33e-147
      1       1 PUL0107	2.81e-36
      1       1 PUL0110	5.55e-45
      1       1 PUL0113	2.57e-158
      1       1 PUL0113	5.12e-194
      1       1 PUL0121	1.39e-47
      1       1 PUL0121	2.12e-75
      1       1 PUL0121	2.40e-145
      1       1 PUL0121	4.83e-19
      1       1 PUL0139	4.74e-84
      1       1 PUL0172	3.52e-55
      1       1 PUL0212	4.56e-193
      1       1 PUL0227	7.52e-63
      1       1 PUL0299	8.69e-59
      1       1 PUL0337	3.04e-108
      1       1 PUL0340	1.25e-218
      1       1 PUL0341	2.96e-171
      1       1 PUL0368	2.27e-63
      1       1 PUL0413	3.15e-34
      1       1 PUL0530	1.72e-230
      1       1 PUL0595	4.39e-124
