      1       1 PUL0017	5.92e-176
      1       1 PUL0029	2.66e-73
      1       1 PUL0029	9.63e-73
      1       1 PUL0038	2.68e-157
      1       1 PUL0061	1.09e-232
      1       1 PUL0071	1.07e-84
      1       1 PUL0093	4.47e-128
      1       1 PUL0103	2.26e-92
      1       1 PUL0106	1.26e-146
      1       1 PUL0106	3.26e-210
      1       1 PUL0108	2.04e-90
      1       1 PUL0108	2.29e-43
      1       1 PUL0108	4.76e-130
      1       1 PUL0134	2.00e-09
      1       1 PUL0145	1.21e-54
      1       1 PUL0145	2.69e-196
      1       1 PUL0145	2.80e-164
      1       1 PUL0145	3.38e-177
      1       1 PUL0145	8.47e-169
      1       1 PUL0152	6.61e-112
      1       1 PUL0180	5.96e-155
      1       1 PUL0216	3.48e-93
      1       1 PUL0225	2.52e-60
      1       1 PUL0267	3.49e-241
      1       1 PUL0294	1.42e-59
      1       1 PUL0296	5.00e-68
      1       1 PUL0316	3.08e-111
      1       1 PUL0316	6.16e-85
      1       1 PUL0333	1.89e-96
      1       1 PUL0335	2.83e-88
      1       1 PUL0335	6.24e-63
      1       1 PUL0335	8.78e-16
      1       1 PUL0336	1.60e-76
      1       1 PUL0337	4.50e-82
      1       1 PUL0337	6.63e-128
      1       1 PUL0339	3.36e-159
      1       1 PUL0339	4.33e-44
      1       1 PUL0340	1.41e-166
      1       1 PUL0341	3.06e-169
      1       1 PUL0369	1.04e-66
      1       1 PUL0409	9.24e-74
      1       1 PUL0410	1.28e-54
      1       1 PUL0410	1.36e-18
      1       1 PUL0410	6.49e-29
      1       1 PUL0410	6.57e-06
      1       1 PUL0413	6.98e-164
      1       1 PUL0413	7.83e-118
      1       1 PUL0428	1.99e-94
      1       1 PUL0431	1.96e-56
      1       1 PUL0460	1.45e-26
      1       1 PUL0460	5.72e-06
      1       1 PUL0494	1.51e-16
      1       1 PUL0530	1.31e-53
      1       1 PUL0530	8.51e-277
