      1       1 PUL0024	5.08e-206
      1       1 PUL0106	1.28e-177
      1       1 PUL0106	9.15e-206
      1       1 PUL0110	7.14e-48
      1       1 PUL0121	2.32e-11
      1       1 PUL0124	5.29e-212
      1       1 PUL0162	2.10e-174
      1       1 PUL0212	1.20e-142
      1       1 PUL0282	4.27e-205
      1       1 PUL0294	2.01e-72
      1       1 PUL0309	1.31e-211
      1       1 PUL0341	3.86e-256
      1       1 PUL0394	1.99e-172
      1       1 PUL0394	2.86e-169
      1       1 PUL0406	4.96e-224
      1       1 PUL0410	1.04e-71
      1       1 PUL0414	2.40e-110
      1       1 PUL0575	2.97e-170
      1       1 PUL0575	5.89e-232
      1       1 PUL0599	1.40e-130
