      1       1 PUL0017	2.39e-177
      1       1 PUL0024	5.29e-62
      1       1 PUL0036	3.28e-84
      1       1 PUL0049	2.26e-211
      1       1 PUL0058	6.08e-195
      1       1 PUL0106	2.59e-195
      1       1 PUL0106	4.03e-93
      1       1 PUL0106	4.29e-120
      1       1 PUL0121	2.32e-87
      1       1 PUL0124	1.55e-186
      1       1 PUL0130	6.26e-157
      1       1 PUL0150	5.51e-82
      1       1 PUL0180	3.50e-151
      1       1 PUL0191	1.76e-54
      1       1 PUL0230	2.15e-278
      1       1 PUL0247	3.94e-207
      1       1 PUL0267	2.86e-227
      1       1 PUL0316	1.88e-129
      1       1 PUL0333	7.04e-115
      1       1 PUL0335	5.67e-26
      1       1 PUL0335	6.68e-70
      1       1 PUL0339	1.33e-169
      1       1 PUL0340	7.26e-115
      1       1 PUL0347	4.01e-316
      1       1 PUL0396	5.52e-148
      1       1 PUL0401	7.65e-120
      1       1 PUL0413	1.04e-166
      1       1 PUL0460	2.23e-13
      1       1 PUL0493	8.44e-76
      1       1 PUL0527	1.12e-66
      1       1 PUL0584	4.89e-150
