      1       1 PUL0049	6.01e-299
      1       1 PUL0050	5.19e-117
      1       1 PUL0096	5.83e-18
      1       1 PUL0106	9.71e-284
      1       1 PUL0121	2.13e-36
      1       1 PUL0134	5.16e-185
      1       1 PUL0134	7.15e-185
      1       1 PUL0145	2.32e-119
      1       1 PUL0145	3.62e-283
      1       1 PUL0145	3.99e-259
      1       1 PUL0145	5.53e-226
      1       1 PUL0145	7.19e-10
      1       1 PUL0180	2.91e-220
      1       1 PUL0180	6.10e-186
      1       1 PUL0212	4.25e-138
      1       1 PUL0252	2.36e-314
      1       1 PUL0267	4.43e-229
      1       1 PUL0334	1.66e-219
      1       1 PUL0487	1.33e-138
      1       1 PUL0513	2.86e-178
      1       1 PUL0555	1.17e-126
      1       1 PUL0600	1.72e-43
