      1       1 PUL0001	4.55e-145
      1       1 PUL0008	3.11e-298
      1       1 PUL0029	1.16e-15
      1       1 PUL0049	2.26e-63
      1       1 PUL0049	2.35e-179
      1       1 PUL0049	2.67e-183
      1       1 PUL0067	1.20e-303
      1       1 PUL0067	9.18e-304
      1       1 PUL0070	5.89e-152
      1       1 PUL0093	2.41e-134
      1       1 PUL0093	5.27e-127
      1       1 PUL0093	9.54e-270
      1       1 PUL0094	2.30e-224
      1       1 PUL0101	1.23e-188
      1       1 PUL0108	3.95e-245
      1       1 PUL0109	2.38e-266
      1       1 PUL0121	1.08e-13
      1       1 PUL0121	1.96e-159
      1       1 PUL0123	1.99e-36
      1       1 PUL0124	2.40e-09
      1       1 PUL0145	1.44e-311
      1       1 PUL0145	3.76e-306
      1       1 PUL0162	4.13e-308
      1       1 PUL0163	1.10e-92
      1       1 PUL0163	4.17e-218
      1       1 PUL0163	5.40e-149
      1       1 PUL0166	3.94e-281
      1       1 PUL0166	4.52e-310
      1       1 PUL0166	6.98e-149
      1       1 PUL0178	3.00e-254
      1       1 PUL0179	1.13e-295
      1       1 PUL0180	1.13e-146
      1       1 PUL0180	7.41e-28
      1       1 PUL0190	1.11e-225
      1       1 PUL0206	1.37e-142
      1       1 PUL0212	8.60e-83
      1       1 PUL0225	8.81e-35
      1       1 PUL0239	4.50e-197
      1       1 PUL0255	2.52e-110
      1       1 PUL0267	1.81e-223
      1       1 PUL0281	3.49e-112
      1       1 PUL0289	4.14e-230
      1       1 PUL0302	1.30e-64
      1       1 PUL0304	1.63e-307
      1       1 PUL0316	7.48e-08
      1       1 PUL0328	9.07e-292
      1       1 PUL0335	2.28e-158
      1       1 PUL0335	2.82e-169
      1       1 PUL0335	6.81e-73
      1       1 PUL0335	7.87e-187
      1       1 PUL0336	2.40e-156
      1       1 PUL0337	1.76e-227
      1       1 PUL0339	1.75e-153
      1       1 PUL0339	5.92e-286
      1       1 PUL0340	3.39e-139
      1       1 PUL0340	8.89e-44
      1       1 PUL0345	3.62e-125
      1       1 PUL0354	9.30e-118
      1       1 PUL0365	5.40e-163
      1       1 PUL0376	1.27e-176
      1       1 PUL0415	1.76e-235
      1       1 PUL0416	3.33e-231
      1       1 PUL0420	3.66e-109
      1       1 PUL0429	7.83e-28
      1       1 PUL0435	9.96e-227
      1       1 PUL0436	1.36e-186
      1       1 PUL0438	1.35e-280
      1       1 PUL0443	2.76e-123
      1       1 PUL0460	1.18e-05
      1       1 PUL0467	7.22e-218
      1       1 PUL0468	3.80e-34
      1       1 PUL0473	2.81e-128
      1       1 PUL0479	2.30e-134
      1       1 PUL0479	2.82e-174
      1       1 PUL0482	1.67e-312
      1       1 PUL0482	3.91e-246
      1       1 PUL0485	2.09e-04
      1       1 PUL0493	2.36e-83
      1       1 PUL0513	5.75e-183
      1       1 PUL0521	2.59e-198
      1       1 PUL0522	3.86e-49
      1       1 PUL0523	1.04e-88
      1       1 PUL0527	2.17e-303
      1       1 PUL0527	6.60e-185
      1       1 PUL0530	1.36e-292
      1       1 PUL0536	4.70e-308
      1       1 PUL0554	5.80e-149
      1       1 PUL0559	1.95e-21
      1       1 PUL0560	1.77e-21
      1       1 PUL0584	9.05e-116
