PUL0001;1
PUL0008;1
PUL0029;1
PUL0049;3
PUL0067;2
PUL0070;1
PUL0093;3
PUL0094;1
PUL0101;1
PUL0108;1
PUL0109;1
PUL0121;2
PUL0123;1
PUL0124;1
PUL0145;2
PUL0162;1
PUL0163;3
PUL0166;3
PUL0178;1
PUL0179;1
PUL0180;2
PUL0190;1
PUL0206;1
PUL0212;1
PUL0225;1
PUL0239;1
PUL0255;1
PUL0267;1
PUL0281;1
PUL0289;1
PUL0302;1
PUL0304;1
PUL0316;1
PUL0328;1
PUL0335;4
PUL0336;1
PUL0337;1
PUL0339;2
PUL0340;2
PUL0345;1
PUL0354;1
PUL0365;1
PUL0376;1
PUL0415;1
PUL0416;1
PUL0420;1
PUL0429;1
PUL0435;1
PUL0436;1
PUL0438;1
PUL0443;1
PUL0460;1
PUL0467;1
PUL0468;1
PUL0473;1
PUL0479;2
PUL0482;2
PUL0485;1
PUL0493;1
PUL0513;1
PUL0521;1
PUL0522;1
PUL0523;1
PUL0527;2
PUL0530;1
PUL0536;1
PUL0554;1
PUL0559;1
PUL0560;1
PUL0584;1
