      1       1 PUL0009	1.26e-103
      1       1 PUL0017	1.70e-188
      1       1 PUL0017	8.00e-177
      1       1 PUL0029	2.08e-100
      1       1 PUL0038	9.42e-149
      1       1 PUL0070	1.40e-165
      1       1 PUL0106	4.30e-226
      1       1 PUL0124	1.17e-185
      1       1 PUL0140	1.73e-138
      1       1 PUL0152	3.10e-113
      1       1 PUL0309	1.20e-32
      1       1 PUL0316	4.55e-82
      1       1 PUL0316	4.69e-69
      1       1 PUL0333	1.30e-109
      1       1 PUL0335	1.34e-178
      1       1 PUL0335	3.81e-156
      1       1 PUL0335	5.94e-21
      1       1 PUL0337	1.64e-148
      1       1 PUL0341	5.74e-151
      1       1 PUL0390	2.10e-17
      1       1 PUL0390	5.55e-69
      1       1 PUL0393	3.13e-101
      1       1 PUL0413	5.71e-118
      1       1 PUL0429	1.19e-38
      1       1 PUL0429	7.89e-25
      1       1 PUL0429	8.12e-39
      1       1 PUL0459	1.31e-188
      1       1 PUL0475	2.54e-131
      1       1 PUL0530	1.59e-272
