      1       1 PUL0047	1.44e-49
      1       1 PUL0047	2.18e-50
      1       1 PUL0049	1.44e-144
      1       1 PUL0070	1.37e-36
      1       1 PUL0101	2.44e-62
      1       1 PUL0108	4.06e-40
      1       1 PUL0110	8.98e-48
      1       1 PUL0113	6.01e-55
      1       1 PUL0121	1.04e-30
      1       1 PUL0182	2.71e-25
      1       1 PUL0212	1.33e-171
      1       1 PUL0212	1.44e-182
      1       1 PUL0214	1.76e-98
      1       1 PUL0267	1.02e-224
      1       1 PUL0267	2.98e-05
      1       1 PUL0316	6.33e-100
      1       1 PUL0333	7.05e-67
      1       1 PUL0341	3.80e-87
      1       1 PUL0390	3.10e-79
      1       1 PUL0429	1.43e-91
      1       1 PUL0429	1.74e-37
      1       1 PUL0429	9.57e-27
      1       1 PUL0493	1.23e-86
