PUL0010 1
PUL0017 3
PUL0022 1
PUL0024 1
PUL0026 1
PUL0038 1
PUL0041 1
PUL0049 2
PUL0050 1
PUL0057 1
PUL0058 1
PUL0069 1
PUL0100 1
PUL0106 2
PUL0108 1
PUL0111 1
PUL0121 2
PUL0123 1
PUL0145 3
PUL0168 1
PUL0184 1
PUL0198 1
PUL0209 1
PUL0246 1
PUL0248 1
PUL0261 1
PUL0267 1
PUL0290 1
PUL0296 1
PUL0300 1
PUL0316 1
PUL0324 1
PUL0329 1
PUL0333 1
PUL0335 2
PUL0336 1
PUL0339 1
PUL0340 1
PUL0347 1
PUL0366 1
PUL0390 3
PUL0401 1
PUL0409 1
PUL0410 1
PUL0420 1
PUL0429 1
PUL0459 1
PUL0460 1
PUL0461 2
PUL0493 1
PUL0530 1
PUL0560 1
PUL0579 1
PUL0584 1
PUL0586 1
PUL0599 1
