      1       1 PUL0010	6.28e-204
      1       1 PUL0017	1.22e-152
      1       1 PUL0017	2.12e-190
      1       1 PUL0017	8.51e-125
      1       1 PUL0022	4.54e-213
      1       1 PUL0024	6.57e-29
      1       1 PUL0026	5.16e-54
      1       1 PUL0038	1.58e-163
      1       1 PUL0041	8.94e-190
      1       1 PUL0049	1.71e-64
      1       1 PUL0049	2.67e-201
      1       1 PUL0050	6.09e-89
      1       1 PUL0057	3.21e-239
      1       1 PUL0058	1.01e-211
      1       1 PUL0069	5.19e-264
      1       1 PUL0100	1.17e-295
      1       1 PUL0106	1.02e-166
      1       1 PUL0106	2.50e-226
      1       1 PUL0108	8.96e-32
      1       1 PUL0111	7.27e-308
      1       1 PUL0121	2.88e-23
      1       1 PUL0121	6.76e-51
      1       1 PUL0123	3.95e-49
      1       1 PUL0145	1.26e-178
      1       1 PUL0145	2.35e-184
      1       1 PUL0145	4.35e-197
      1       1 PUL0168	2.86e-310
      1       1 PUL0184	5.58e-58
      1       1 PUL0198	2.77e-304
      1       1 PUL0209	7.92e-79
      1       1 PUL0246	1.48e-236
      1       1 PUL0248	3.67e-182
      1       1 PUL0261	2.34e-09
      1       1 PUL0267	1.33e-228
      1       1 PUL0290	3.56e-59
      1       1 PUL0296	1.22e-117
      1       1 PUL0300	9.38e-63
      1       1 PUL0316	9.94e-132
      1       1 PUL0324	1.42e-252
      1       1 PUL0329	7.06e-123
      1       1 PUL0333	1.43e-107
      1       1 PUL0335	1.36e-140
      1       1 PUL0335	3.20e-104
      1       1 PUL0336	2.48e-33
      1       1 PUL0339	1.49e-25
      1       1 PUL0340	1.86e-145
      1       1 PUL0347	7.24e-232
      1       1 PUL0366	6.77e-135
      1       1 PUL0390	5.06e-36
      1       1 PUL0390	5.61e-81
      1       1 PUL0390	6.56e-37
      1       1 PUL0401	2.36e-51
      1       1 PUL0409	8.73e-67
      1       1 PUL0410	1.04e-319
      1       1 PUL0420	1.50e-211
      1       1 PUL0429	1.71e-35
      1       1 PUL0459	2.54e-200
      1       1 PUL0460	8.64e-28
      1       1 PUL0461	1.87e-165
      1       1 PUL0461	6.23e-04
      1       1 PUL0493	4.50e-51
      1       1 PUL0530	5.88e-277
      1       1 PUL0560	4.70e-07
      1       1 PUL0579	9.10e-155
      1       1 PUL0584	1.18e-149
      1       1 PUL0586	2.98e-242
      1       1 PUL0599	8.08e-124
