      1       1 PUL0017	1.70e-192
      1       1 PUL0029	1.10e-40
      1       1 PUL0049	2.02e-68
      1       1 PUL0049	5.92e-220
      1       1 PUL0050	1.41e-05
      1       1 PUL0094	2.56e-136
      1       1 PUL0103	6.99e-311
      1       1 PUL0106	1.03e-164
      1       1 PUL0108	2.14e-173
      1       1 PUL0145	1.30e-192
      1       1 PUL0152	1.24e-17
      1       1 PUL0166	8.12e-313
      1       1 PUL0178	1.28e-274
      1       1 PUL0180	2.87e-48
      1       1 PUL0180	9.45e-71
      1       1 PUL0236	1.04e-104
      1       1 PUL0239	4.33e-180
      1       1 PUL0255	6.33e-114
      1       1 PUL0267	1.62e-307
      1       1 PUL0299	1.58e-78
      1       1 PUL0300	3.96e-77
      1       1 PUL0333	9.12e-70
      1       1 PUL0335	5.61e-219
      1       1 PUL0339	5.83e-207
      1       1 PUL0341	3.36e-10
      1       1 PUL0485	3.58e-257
      1       1 PUL0513	2.96e-191
      1       1 PUL0517	3.97e-143
      1       1 PUL0527	4.00e-149
      1       1 PUL0534	2.57e-12
