      1       1 PUL0013	5.86e-25
      1       1 PUL0017	1.45e-179
      1       1 PUL0017	3.41e-196
      1       1 PUL0019	1.20e-100
      1       1 PUL0024	1.06e-39
      1       1 PUL0029	5.07e-130
      1       1 PUL0038	4.47e-147
      1       1 PUL0061	1.44e-88
      1       1 PUL0061	1.55e-14
      1       1 PUL0070	1.76e-166
      1       1 PUL0106	6.61e-227
      1       1 PUL0107	2.10e-58
      1       1 PUL0121	2.12e-37
      1       1 PUL0124	3.17e-157
      1       1 PUL0202	4.84e-159
      1       1 PUL0230	1.06e-76
      1       1 PUL0267	3.36e-204
      1       1 PUL0267	6.84e-159
      1       1 PUL0316	7.39e-89
      1       1 PUL0333	1.23e-107
      1       1 PUL0333	3.95e-27
      1       1 PUL0339	8.52e-159
      1       1 PUL0341	4.30e-150
      1       1 PUL0396	1.64e-115
      1       1 PUL0451	2.27e-139
      1       1 PUL0454	5.03e-133
      1       1 PUL0460	3.03e-37
      1       1 PUL0571	8.77e-82
      1       1 PUL0599	2.09e-112
