      1       1 PUL0058	6.68e-183
      1       1 PUL0072	3.26e-59
      1       1 PUL0108	7.06e-147
      1       1 PUL0124	8.87e-225
      1       1 PUL0145	3.09e-198
      1       1 PUL0267	1.65e-293
      1       1 PUL0267	4.93e-234
      1       1 PUL0281	7.19e-152
      1       1 PUL0324	8.93e-188
      1       1 PUL0333	1.69e-105
      1       1 PUL0335	3.38e-91
      1       1 PUL0335	5.42e-82
      1       1 PUL0340	1.91e-15
      1       1 PUL0340	6.35e-165
      1       1 PUL0341	1.52e-148
      1       1 PUL0390	2.38e-94
      1       1 PUL0413	2.01e-162
      1       1 PUL0413	2.21e-89
      1       1 PUL0446	6.62e-167
      1       1 PUL0460	9.40e-49
      1       1 PUL0516	3.76e-146
      1       1 PUL0517	8.96e-192
