      1       1 PUL0001	4.56e-145
      1       1 PUL0008	3.11e-298
      1       1 PUL0017	1.60e-43
      1       1 PUL0029	1.16e-15
      1       1 PUL0049	2.67e-183
      1       1 PUL0049	2.71e-179
      1       1 PUL0067	1.21e-303
      1       1 PUL0067	9.18e-304
      1       1 PUL0070	5.85e-152
      1       1 PUL0093	1.96e-269
      1       1 PUL0093	2.85e-134
      1       1 PUL0094	1.13e-58
      1       1 PUL0101	1.23e-188
      1       1 PUL0108	3.95e-245
      1       1 PUL0109	2.38e-266
      1       1 PUL0118	8.22e-05
      1       1 PUL0121	1.96e-159
      1       1 PUL0124	2.38e-09
      1       1 PUL0145	1.44e-311
      1       1 PUL0145	4.33e-306
      1       1 PUL0162	3.86e-308
      1       1 PUL0163	4.17e-218
      1       1 PUL0163	6.15e-149
      1       1 PUL0163	6.88e-19
      1       1 PUL0166	3.94e-281
      1       1 PUL0166	4.07e-310
      1       1 PUL0166	7.19e-122
      1       1 PUL0166	9.89e-273
      1       1 PUL0178	4.29e-254
      1       1 PUL0179	2.76e-305
      1       1 PUL0180	2.05e-146
      1       1 PUL0190	1.11e-225
      1       1 PUL0206	1.73e-142
      1       1 PUL0255	1.21e-109
      1       1 PUL0267	1.91e-223
      1       1 PUL0281	3.49e-112
      1       1 PUL0289	8.84e-234
      1       1 PUL0304	1.60e-307
      1       1 PUL0316	7.44e-08
      1       1 PUL0328	4.63e-291
      1       1 PUL0332	3.60e-115
      1       1 PUL0335	1.11e-72
      1       1 PUL0335	1.35e-186
      1       1 PUL0335	2.28e-158
      1       1 PUL0335	2.82e-169
      1       1 PUL0336	2.77e-156
      1       1 PUL0336	7.45e-71
      1       1 PUL0337	1.76e-227
      1       1 PUL0339	1.75e-153
      1       1 PUL0339	5.36e-286
      1       1 PUL0340	3.39e-139
      1       1 PUL0340	8.89e-44
      1       1 PUL0356	1.07e-91
      1       1 PUL0365	5.41e-163
      1       1 PUL0406	4.75e-09
      1       1 PUL0415	3.06e-235
      1       1 PUL0420	3.66e-109
      1       1 PUL0429	7.84e-28
      1       1 PUL0435	2.02e-214
      1       1 PUL0436	2.08e-186
      1       1 PUL0438	1.26e-280
      1       1 PUL0443	2.76e-123
      1       1 PUL0479	2.52e-134
      1       1 PUL0482	1.67e-312
      1       1 PUL0482	5.30e-245
      1       1 PUL0485	2.09e-04
      1       1 PUL0498	3.85e-22
      1       1 PUL0521	2.59e-198
      1       1 PUL0522	3.86e-49
      1       1 PUL0527	3.38e-303
      1       1 PUL0527	8.42e-185
      1       1 PUL0530	1.36e-292
      1       1 PUL0536	2.67e-308
      1       1 PUL0554	7.85e-149
      1       1 PUL0560	1.77e-21
      1       1 PUL0584	9.03e-116
