      1       1 PUL0013	2.94e-20
      1       1 PUL0017	1.23e-06
      1       1 PUL0017	1.51e-188
      1       1 PUL0017	2.06e-113
      1       1 PUL0024	1.63e-14
      1       1 PUL0033	7.35e-22
      1       1 PUL0036	1.36e-08
      1       1 PUL0061	7.11e-35
      1       1 PUL0062	1.58e-11
      1       1 PUL0070	1.52e-146
      1       1 PUL0070	1.98e-19
      1       1 PUL0075	1.35e-144
      1       1 PUL0093	5.99e-33
      1       1 PUL0094	3.04e-111
      1       1 PUL0101	9.70e-154
      1       1 PUL0103	1.71e-213
      1       1 PUL0106	1.05e-40
      1       1 PUL0106	1.46e-150
      1       1 PUL0106	4.26e-306
      1       1 PUL0106	4.28e-43
      1       1 PUL0106	5.12e-107
      1       1 PUL0108	1.03e-32
      1       1 PUL0108	1.19e-43
      1       1 PUL0121	1.39e-86
      1       1 PUL0121	4.66e-40
      1       1 PUL0124	2.57e-156
      1       1 PUL0178	7.58e-174
      1       1 PUL0206	2.68e-240
      1       1 PUL0235	2.68e-145
      1       1 PUL0236	2.68e-140
      1       1 PUL0256	4.57e-129
      1       1 PUL0267	1.05e-222
      1       1 PUL0267	1.37e-296
      1       1 PUL0281	3.04e-12
      1       1 PUL0281	7.92e-46
      1       1 PUL0299	1.11e-79
      1       1 PUL0333	4.25e-86
      1       1 PUL0334	9.34e-156
      1       1 PUL0335	8.07e-62
      1       1 PUL0335	8.83e-70
      1       1 PUL0336	3.02e-61
      1       1 PUL0336	7.94e-129
      1       1 PUL0337	5.12e-89
      1       1 PUL0339	1.10e-08
      1       1 PUL0339	1.34e-211
      1       1 PUL0339	2.38e-279
      1       1 PUL0339	3.21e-185
      1       1 PUL0339	3.44e-112
      1       1 PUL0406	8.73e-184
      1       1 PUL0409	5.72e-65
      1       1 PUL0410	1.47e-26
      1       1 PUL0443	6.40e-139
      1       1 PUL0460	3.72e-51
      1       1 PUL0468	3.49e-64
      1       1 PUL0468	8.87e-25
      1       1 PUL0506	3.14e-148
      1       1 PUL0507	5.99e-160
      1       1 PUL0509	1.41e-09
      1       1 PUL0513	1.79e-176
      1       1 PUL0517	1.98e-42
      1       1 PUL0517	2.87e-38
      1       1 PUL0527	1.04e-255
      1       1 PUL0527	8.29e-96
      1       1 PUL0530	2.52e-32
      1       1 PUL0560	3.43e-17
      1       1 PUL0572	2.10e-48
      1       1 PUL0572	8.78e-90
      1       1 PUL0584	5.09e-138
