      1       1 PUL0017	1.30e-179
      1       1 PUL0061	4.79e-133
      1       1 PUL0081	5.68e-17
      1       1 PUL0106	1.55e-141
      1       1 PUL0106	7.92e-111
      1       1 PUL0106	8.15e-183
      1       1 PUL0124	3.37e-162
      1       1 PUL0164	1.10e-182
      1       1 PUL0177	2.39e-184
      1       1 PUL0180	2.47e-141
      1       1 PUL0267	1.72e-216
      1       1 PUL0270	1.92e-71
      1       1 PUL0300	1.93e-65
      1       1 PUL0335	2.01e-200
      1       1 PUL0335	8.15e-72
      1       1 PUL0335	8.50e-85
      1       1 PUL0339	2.98e-160
      1       1 PUL0365	1.57e-251
      1       1 PUL0368	5.28e-34
      1       1 PUL0409	8.50e-61
      1       1 PUL0413	1.58e-43
      1       1 PUL0429	4.22e-16
      1       1 PUL0459	2.76e-48
      1       1 PUL0460	1.59e-30
      1       1 PUL0460	5.07e-09
      1       1 PUL0530	3.61e-22
      1       1 PUL0551	3.60e-160
