      1       1 PUL0001	4.56e-145
      1       1 PUL0003	6.70e-52
      1       1 PUL0008	9.51e-299
      1       1 PUL0013	1.24e-196
      1       1 PUL0017	3.47e-190
      1       1 PUL0033	6.27e-26
      1       1 PUL0049	1.86e-63
      1       1 PUL0049	1.91e-203
      1       1 PUL0049	2.36e-179
      1       1 PUL0049	4.77e-184
      1       1 PUL0049	5.32e-28
      1       1 PUL0050	2.05e-40
      1       1 PUL0050	2.83e-48
      1       1 PUL0057	4.52e-131
      1       1 PUL0066	8.09e-13
      1       1 PUL0067	1.14e-303
      1       1 PUL0067	6.72e-304
      1       1 PUL0070	4.73e-153
      1       1 PUL0080	1.59e-59
      1       1 PUL0093	3.53e-127
      1       1 PUL0093	6.77e-270
      1       1 PUL0093	9.07e-135
      1       1 PUL0094	2.48e-224
      1       1 PUL0094	5.14e-101
      1       1 PUL0101	1.23e-188
      1       1 PUL0103	7.49e-293
      1       1 PUL0106	1.13e-207
      1       1 PUL0106	3.14e-177
      1       1 PUL0108	1.21e-29
      1       1 PUL0108	1.74e-41
      1       1 PUL0108	3.75e-39
      1       1 PUL0108	6.60e-248
      1       1 PUL0109	9.54e-267
      1       1 PUL0114	1.42e-56
      1       1 PUL0121	1.05e-159
      1       1 PUL0123	1.10e-36
      1       1 PUL0123	6.20e-06
      1       1 PUL0124	2.41e-09
      1       1 PUL0145	1.44e-311
      1       1 PUL0145	2.63e-310
      1       1 PUL0152	8.54e-19
      1       1 PUL0161	4.49e-137
      1       1 PUL0162	2.76e-310
      1       1 PUL0163	1.02e-144
      1       1 PUL0163	4.17e-218
      1       1 PUL0164	3.29e-99
      1       1 PUL0165	2.14e-96
      1       1 PUL0166	4.19e-281
      1       1 PUL0166	5.17e-289
      1       1 PUL0166	8.08e-120
      1       1 PUL0178	4.16e-255
      1       1 PUL0178	6.11e-25
      1       1 PUL0179	3.07e-297
      1       1 PUL0179	4.49e-172
      1       1 PUL0180	1.22e-66
      1       1 PUL0180	1.62e-171
      1       1 PUL0180	2.18e-147
      1       1 PUL0180	7.42e-28
      1       1 PUL0181	5.51e-147
      1       1 PUL0190	1.37e-228
      1       1 PUL0206	6.38e-143
      1       1 PUL0212	6.67e-83
      1       1 PUL0225	2.61e-59
      1       1 PUL0225	6.70e-35
      1       1 PUL0230	2.27e-95
      1       1 PUL0236	6.54e-105
      1       1 PUL0238	4.80e-12
      1       1 PUL0239	4.01e-197
      1       1 PUL0249	3.20e-98
      1       1 PUL0253	3.63e-22
      1       1 PUL0255	6.09e-110
      1       1 PUL0267	1.07e-223
      1       1 PUL0267	4.34e-285
      1       1 PUL0281	5.44e-40
      1       1 PUL0289	1.62e-143
      1       1 PUL0289	4.12e-230
      1       1 PUL0299	1.14e-19
      1       1 PUL0304	1.64e-307
      1       1 PUL0316	7.41e-08
      1       1 PUL0328	1.36e-291
      1       1 PUL0329	2.39e-196
      1       1 PUL0332	8.25e-116
      1       1 PUL0335	1.25e-166
      1       1 PUL0335	1.36e-79
      1       1 PUL0335	2.49e-169
      1       1 PUL0335	2.51e-158
      1       1 PUL0335	5.63e-187
      1       1 PUL0335	6.81e-73
      1       1 PUL0336	3.09e-69
      1       1 PUL0336	3.28e-71
      1       1 PUL0336	7.27e-157
      1       1 PUL0337	2.38e-227
      1       1 PUL0339	1.71e-158
      1       1 PUL0339	3.06e-286
      1       1 PUL0339	7.82e-18
      1       1 PUL0339	8.33e-154
      1       1 PUL0340	1.06e-46
      1       1 PUL0340	3.39e-139
      1       1 PUL0340	4.84e-04
      1       1 PUL0341	4.24e-150
      1       1 PUL0345	3.54e-31
      1       1 PUL0354	3.43e-182
      1       1 PUL0354	6.55e-118
      1       1 PUL0356	1.07e-91
      1       1 PUL0365	2.37e-127
      1       1 PUL0365	5.18e-163
      1       1 PUL0375	2.86e-46
      1       1 PUL0376	9.10e-177
      1       1 PUL0390	1.19e-24
      1       1 PUL0413	3.22e-37
      1       1 PUL0414	1.10e-12
      1       1 PUL0415	2.51e-235
      1       1 PUL0416	4.14e-218
      1       1 PUL0436	1.35e-186
      1       1 PUL0438	1.45e-287
      1       1 PUL0443	2.76e-123
      1       1 PUL0460	1.11e-05
      1       1 PUL0463	2.19e-39
      1       1 PUL0467	4.24e-218
      1       1 PUL0468	1.99e-34
      1       1 PUL0468	2.78e-26
      1       1 PUL0471	4.01e-278
      1       1 PUL0474	3.37e-254
      1       1 PUL0479	5.19e-136
      1       1 PUL0482	3.81e-160
      1       1 PUL0482	7.45e-32
      1       1 PUL0485	1.55e-04
      1       1 PUL0485	2.09e-25
      1       1 PUL0488	4.11e-149
      1       1 PUL0489	4.39e-38
      1       1 PUL0493	8.34e-84
      1       1 PUL0496	1.24e-12
      1       1 PUL0498	3.81e-22
      1       1 PUL0498	5.81e-19
      1       1 PUL0509	3.34e-55
      1       1 PUL0513	6.51e-190
      1       1 PUL0516	3.90e-191
      1       1 PUL0517	3.39e-155
      1       1 PUL0521	2.11e-198
      1       1 PUL0521	2.86e-52
      1       1 PUL0521	3.12e-157
      1       1 PUL0522	1.52e-49
      1       1 PUL0526	1.01e-116
      1       1 PUL0527	2.13e-303
      1       1 PUL0527	4.03e-185
      1       1 PUL0530	1.29e-159
      1       1 PUL0530	4.69e-293
      1       1 PUL0536	1.43e-308
      1       1 PUL0536	2.76e-238
      1       1 PUL0547	1.02e-40
      1       1 PUL0553	1.92e-259
      1       1 PUL0553	7.41e-225
      1       1 PUL0554	1.86e-149
      1       1 PUL0559	8.68e-27
      1       1 PUL0560	1.77e-21
      1       1 PUL0560	6.17e-132
      1       1 PUL0564	8.90e-46
      1       1 PUL0584	8.81e-116
