PUL0001 1
PUL0003 1
PUL0008 1
PUL0013 1
PUL0017 1
PUL0033 1
PUL0049 5
PUL0050 2
PUL0057 1
PUL0066 1
PUL0067 2
PUL0070 1
PUL0080 1
PUL0093 3
PUL0094 2
PUL0101 1
PUL0103 1
PUL0106 2
PUL0108 4
PUL0109 1
PUL0114 1
PUL0121 1
PUL0123 2
PUL0124 1
PUL0145 2
PUL0152 1
PUL0161 1
PUL0162 1
PUL0163 2
PUL0164 1
PUL0165 1
PUL0166 3
PUL0178 2
PUL0179 2
PUL0180 4
PUL0181 1
PUL0190 1
PUL0206 1
PUL0212 1
PUL0225 2
PUL0230 1
PUL0236 1
PUL0238 1
PUL0239 1
PUL0249 1
PUL0253 1
PUL0255 1
PUL0267 2
PUL0281 1
PUL0289 2
PUL0299 1
PUL0304 1
PUL0316 1
PUL0328 1
PUL0329 1
PUL0332 1
PUL0335 6
PUL0336 3
PUL0337 1
PUL0339 4
PUL0340 3
PUL0341 1
PUL0345 1
PUL0354 2
PUL0356 1
PUL0365 2
PUL0375 1
PUL0376 1
PUL0390 1
PUL0413 1
PUL0414 1
PUL0415 1
PUL0416 1
PUL0436 1
PUL0438 1
PUL0443 1
PUL0460 1
PUL0463 1
PUL0467 1
PUL0468 2
PUL0471 1
PUL0474 1
PUL0479 1
PUL0482 2
PUL0485 2
PUL0488 1
PUL0489 1
PUL0493 1
PUL0496 1
PUL0498 2
PUL0509 1
PUL0513 1
PUL0516 1
PUL0517 1
PUL0521 3
PUL0522 1
PUL0526 1
PUL0527 2
PUL0530 2
PUL0536 2
PUL0547 1
PUL0553 2
PUL0554 1
PUL0559 1
PUL0560 2
PUL0564 1
PUL0584 1
