      1       1 PUL0007	1.38e-205
      1       1 PUL0010	5.74e-94
      1       1 PUL0017	1.21e-186
      1       1 PUL0017	6.42e-164
      1       1 PUL0017	8.78e-188
      1       1 PUL0029	2.91e-34
      1       1 PUL0029	9.49e-127
      1       1 PUL0103	7.33e-112
      1       1 PUL0106	1.49e-239
      1       1 PUL0121	2.54e-157
      1       1 PUL0121	6.10e-116
      1       1 PUL0123	1.21e-13
      1       1 PUL0162	2.51e-123
      1       1 PUL0168	1.53e-298
      1       1 PUL0182	2.99e-201
      1       1 PUL0184	6.07e-23
      1       1 PUL0186	3.55e-181
      1       1 PUL0196	8.75e-79
      1       1 PUL0216	1.10e-82
      1       1 PUL0219	1.01e-117
      1       1 PUL0230	1.11e-116
      1       1 PUL0230	1.59e-263
      1       1 PUL0230	2.98e-115
      1       1 PUL0230	4.06e-269
      1       1 PUL0296	2.61e-66
      1       1 PUL0296	4.23e-92
      1       1 PUL0300	6.11e-74
      1       1 PUL0396	3.05e-83
      1       1 PUL0451	1.81e-179
      1       1 PUL0452	1.01e-140
      1       1 PUL0457	3.48e-212
      1       1 PUL0501	1.50e-139
      1       1 PUL0527	1.08e-78
      1       1 PUL0527	3.01e-73
      1       1 PUL0530	5.81e-41
      1       1 PUL0530	6.58e-40
      1       1 PUL0575	1.15e-227
      1       1 PUL0584	6.36e-221
