      1       1 PUL0013	1.43e-10
      1       1 PUL0017	4.87e-185
      1       1 PUL0019	2.01e-83
      1       1 PUL0024	8.10e-58
      1       1 PUL0029	1.56e-41
      1       1 PUL0029	2.64e-16
      1       1 PUL0049	1.19e-319
      1       1 PUL0050	2.15e-76
      1       1 PUL0061	5.78e-04
      1       1 PUL0070	2.57e-164
      1       1 PUL0094	3.22e-105
      1       1 PUL0101	2.44e-92
      1       1 PUL0103	5.92e-210
      1       1 PUL0104	2.65e-107
      1       1 PUL0106	1.46e-122
      1       1 PUL0106	2.98e-319
      1       1 PUL0106	4.19e-19
      1       1 PUL0108	1.13e-83
      1       1 PUL0117	1.74e-11
      1       1 PUL0121	5.88e-77
      1       1 PUL0121	6.01e-26
      1       1 PUL0124	1.74e-07
      1       1 PUL0124	3.06e-59
      1       1 PUL0124	5.10e-159
      1       1 PUL0134	2.20e-246
      1       1 PUL0134	6.85e-244
      1       1 PUL0145	8.13e-266
      1       1 PUL0162	1.91e-47
      1       1 PUL0162	3.40e-09
      1       1 PUL0169	1.66e-10
      1       1 PUL0169	2.10e-16
      1       1 PUL0180	1.76e-81
      1       1 PUL0180	1.77e-65
      1       1 PUL0180	2.69e-71
      1       1 PUL0206	5.03e-148
      1       1 PUL0206	6.29e-39
      1       1 PUL0206	6.31e-247
      1       1 PUL0216	9.54e-99
      1       1 PUL0227	4.63e-75
      1       1 PUL0236	1.56e-138
      1       1 PUL0250	6.96e-18
      1       1 PUL0264	4.56e-19
      1       1 PUL0267	1.06e-283
      1       1 PUL0267	8.76e-225
      1       1 PUL0299	9.70e-81
      1       1 PUL0300	2.62e-98
      1       1 PUL0315	1.28e-35
      1       1 PUL0333	3.59e-112
      1       1 PUL0333	9.29e-183
      1       1 PUL0334	4.48e-171
      1       1 PUL0335	1.52e-59
      1       1 PUL0335	5.98e-47
      1       1 PUL0335	6.59e-185
      1       1 PUL0337	1.13e-142
      1       1 PUL0339	1.63e-16
      1       1 PUL0339	1.76e-280
      1       1 PUL0339	5.28e-232
      1       1 PUL0340	3.56e-103
      1       1 PUL0340	8.05e-148
      1       1 PUL0341	1.49e-177
      1       1 PUL0344	1.84e-140
      1       1 PUL0344	2.46e-22
      1       1 PUL0406	1.74e-06
      1       1 PUL0413	2.11e-51
      1       1 PUL0417	3.86e-153
      1       1 PUL0429	9.62e-23
      1       1 PUL0434	3.00e-32
      1       1 PUL0434	3.43e-14
      1       1 PUL0436	1.30e-249
      1       1 PUL0441	6.14e-08
      1       1 PUL0443	1.49e-161
      1       1 PUL0443	1.57e-140
      1       1 PUL0443	3.16e-66
      1       1 PUL0443	7.94e-180
      1       1 PUL0467	5.35e-55
      1       1 PUL0468	2.61e-13
      1       1 PUL0480	1.20e-14
      1       1 PUL0487	2.00e-139
      1       1 PUL0527	3.41e-86
      1       1 PUL0530	2.19e-07
      1       1 PUL0532	8.61e-27
      1       1 PUL0564	2.83e-45
      1       1 PUL0601	7.63e-47
