PUL0013;1
PUL0017;1
PUL0019;1
PUL0024;1
PUL0029;2
PUL0049;1
PUL0050;1
PUL0061;1
PUL0070;1
PUL0094;1
PUL0101;1
PUL0103;1
PUL0104;1
PUL0106;3
PUL0108;1
PUL0117;1
PUL0121;2
PUL0124;3
PUL0134;2
PUL0145;1
PUL0162;2
PUL0169;2
PUL0180;3
PUL0206;3
PUL0216;1
PUL0227;1
PUL0236;1
PUL0250;1
PUL0264;1
PUL0267;2
PUL0299;1
PUL0300;1
PUL0315;1
PUL0333;2
PUL0334;1
PUL0335;3
PUL0337;1
PUL0339;3
PUL0340;2
PUL0341;1
PUL0344;2
PUL0406;1
PUL0413;1
PUL0417;1
PUL0429;1
PUL0434;2
PUL0436;1
PUL0441;1
PUL0443;4
PUL0467;1
PUL0468;1
PUL0480;1
PUL0487;1
PUL0527;1
PUL0530;1
PUL0532;1
PUL0564;1
PUL0601;1
