      1       1 PUL0001	2.10e-112
      1       1 PUL0017	4.06e-182
      1       1 PUL0029	4.01e-32
      1       1 PUL0029	7.44e-176
      1       1 PUL0038	4.22e-151
      1       1 PUL0047	1.53e-31
      1       1 PUL0049	1.50e-153
      1       1 PUL0049	8.16e-105
      1       1 PUL0050	3.06e-99
      1       1 PUL0106	1.20e-111
      1       1 PUL0106	2.37e-163
      1       1 PUL0106	2.72e-190
      1       1 PUL0106	3.39e-101
      1       1 PUL0121	1.11e-52
      1       1 PUL0121	4.69e-120
      1       1 PUL0123	3.93e-52
      1       1 PUL0124	7.61e-166
      1       1 PUL0155	2.44e-69
      1       1 PUL0214	1.08e-101
      1       1 PUL0230	1.91e-04
      1       1 PUL0236	4.93e-82
      1       1 PUL0240	1.29e-93
      1       1 PUL0299	2.16e-46
      1       1 PUL0333	2.22e-95
      1       1 PUL0335	1.69e-82
      1       1 PUL0337	1.98e-174
      1       1 PUL0340	1.85e-311
      1       1 PUL0341	2.37e-235
      1       1 PUL0341	4.85e-170
      1       1 PUL0347	6.37e-38
      1       1 PUL0406	2.37e-196
      1       1 PUL0413	4.90e-170
      1       1 PUL0413	8.01e-135
      1       1 PUL0434	1.49e-58
      1       1 PUL0467	3.06e-13
      1       1 PUL0584	3.81e-150
