      1       1 PUL0049	2.06e-162
      1       1 PUL0049	8.02e-186
      1       1 PUL0050	2.28e-130
      1       1 PUL0093	1.64e-207
      1       1 PUL0094	5.53e-209
      1       1 PUL0106	1.82e-309
      1       1 PUL0106	7.86e-52
      1       1 PUL0109	2.14e-268
      1       1 PUL0117	1.60e-89
      1       1 PUL0145	2.11e-83
      1       1 PUL0178	7.02e-297
      1       1 PUL0180	1.67e-199
      1       1 PUL0249	9.61e-115
      1       1 PUL0267	5.01e-297
      1       1 PUL0267	6.84e-221
      1       1 PUL0305	9.22e-224
      1       1 PUL0334	1.40e-308
      1       1 PUL0339	1.12e-290
      1       1 PUL0385	1.98e-199
      1       1 PUL0494	7.04e-233
      1       1 PUL0527	5.91e-86
      1       1 PUL0550	3.38e-148
      1       1 PUL0559	6.75e-27
