      1       1 PUL0058	5.05e-166
      1       1 PUL0103	6.11e-174
      1       1 PUL0106	1.31e-139
      1       1 PUL0106	5.56e-281
      1       1 PUL0124	7.28e-153
      1       1 PUL0125	5.85e-159
      1       1 PUL0149	3.52e-72
      1       1 PUL0152	3.18e-113
      1       1 PUL0161	1.02e-22
      1       1 PUL0180	1.64e-232
      1       1 PUL0202	7.72e-129
      1       1 PUL0206	3.64e-254
      1       1 PUL0255	7.63e-140
      1       1 PUL0267	1.13e-305
      1       1 PUL0270	8.19e-59
      1       1 PUL0316	1.74e-56
      1       1 PUL0333	7.59e-86
      1       1 PUL0334	1.34e-212
      1       1 PUL0335	1.23e-65
      1       1 PUL0335	1.34e-203
      1       1 PUL0335	2.35e-11
      1       1 PUL0335	2.58e-142
      1       1 PUL0339	3.92e-252
      1       1 PUL0406	5.39e-173
      1       1 PUL0430	1.54e-05
      1       1 PUL0436	8.84e-05
      1       1 PUL0468	3.78e-36
      1       1 PUL0516	6.92e-190
      1       1 PUL0527	1.76e-254
