      1       1 PUL0017	2.51e-191
      1       1 PUL0029	6.77e-71
      1       1 PUL0121	2.26e-163
      1       1 PUL0121	2.41e-79
      1       1 PUL0162	1.25e-130
      1       1 PUL0190	1.02e-188
      1       1 PUL0212	1.84e-151
      1       1 PUL0212	2.21e-112
      1       1 PUL0216	4.91e-25
      1       1 PUL0230	1.20e-149
      1       1 PUL0230	1.37e-300
      1       1 PUL0281	1.30e-94
      1       1 PUL0340	5.45e-47
      1       1 PUL0347	1.08e-268
      1       1 PUL0347	1.27e-157
      1       1 PUL0399	1.60e-281
      1       1 PUL0406	1.42e-08
      1       1 PUL0406	9.81e-80
      1       1 PUL0413	2.42e-129
      1       1 PUL0561	6.91e-302
      1       1 PUL0575	7.06e-220
