      1       1 PUL0001	2.42e-143
      1       1 PUL0013	1.77e-89
      1       1 PUL0017	2.52e-186
      1       1 PUL0017	3.76e-182
      1       1 PUL0024	1.14e-30
      1       1 PUL0024	3.82e-33
      1       1 PUL0024	7.71e-16
      1       1 PUL0029	1.37e-47
      1       1 PUL0029	5.08e-17
      1       1 PUL0043	3.40e-86
      1       1 PUL0049	1.10e-13
      1       1 PUL0049	6.47e-49
      1       1 PUL0058	2.15e-247
      1       1 PUL0093	5.46e-109
      1       1 PUL0106	1.75e-237
      1       1 PUL0106	6.14e-32
      1       1 PUL0106	8.13e-120
      1       1 PUL0106	8.80e-200
      1       1 PUL0113	1.85e-98
      1       1 PUL0116	1.75e-09
      1       1 PUL0116	5.42e-13
      1       1 PUL0116	6.08e-14
      1       1 PUL0121	1.76e-46
      1       1 PUL0121	6.24e-169
      1       1 PUL0123	2.17e-96
      1       1 PUL0124	1.03e-66
      1       1 PUL0168	1.59e-95
      1       1 PUL0184	2.66e-32
      1       1 PUL0197	3.09e-107
      1       1 PUL0209	2.32e-54
      1       1 PUL0214	1.88e-127
      1       1 PUL0218	2.20e-127
      1       1 PUL0267	4.49e-237
      1       1 PUL0269	2.60e-53
      1       1 PUL0282	8.60e-16
      1       1 PUL0300	1.28e-65
      1       1 PUL0300	1.57e-55
      1       1 PUL0326	6.89e-06
      1       1 PUL0327	3.35e-128
      1       1 PUL0335	2.09e-161
      1       1 PUL0335	2.20e-73
      1       1 PUL0335	2.41e-92
      1       1 PUL0335	5.91e-138
      1       1 PUL0340	4.09e-216
      1       1 PUL0347	2.20e-105
      1       1 PUL0390	1.13e-44
      1       1 PUL0390	2.06e-30
      1       1 PUL0396	6.37e-51
      1       1 PUL0406	4.05e-173
      1       1 PUL0413	4.87e-213
      1       1 PUL0414	5.84e-56
      1       1 PUL0454	1.36e-67
      1       1 PUL0486	1.42e-46
      1       1 PUL0527	1.32e-38
      1       1 PUL0527	3.56e-197
      1       1 PUL0575	4.20e-179
      1       1 PUL0584	3.64e-120
