      1       1 PUL0017	6.63e-200
      1       1 PUL0050	6.32e-91
      1       1 PUL0106	9.42e-62
      1       1 PUL0108	7.72e-43
      1       1 PUL0121	8.35e-43
      1       1 PUL0124	1.49e-153
      1       1 PUL0145	1.28e-234
      1       1 PUL0172	3.03e-135
      1       1 PUL0212	5.46e-89
      1       1 PUL0267	3.80e-308
      1       1 PUL0286	8.41e-116
      1       1 PUL0335	1.30e-96
      1       1 PUL0339	1.25e-50
      1       1 PUL0339	3.32e-158
      1       1 PUL0340	1.05e-225
      1       1 PUL0341	1.75e-153
      1       1 PUL0350	1.10e-64
      1       1 PUL0406	7.53e-215
      1       1 PUL0429	2.70e-26
      1       1 PUL0460	1.27e-87
      1       1 PUL0502	2.57e-136
      1       1 PUL0560	7.46e-04
