PUL0009 1
PUL0017 1
PUL0024 1
PUL0025 1
PUL0036 1
PUL0037 1
PUL0050 1
PUL0094 1
PUL0101 1
PUL0103 1
PUL0106 4
PUL0108 2
PUL0109 1
PUL0113 1
PUL0121 6
PUL0123 3
PUL0124 2
PUL0133 1
PUL0134 2
PUL0143 1
PUL0145 1
PUL0146 1
PUL0161 2
PUL0180 2
PUL0199 1
PUL0216 1
PUL0218 1
PUL0225 1
PUL0226 1
PUL0240 1
PUL0266 1
PUL0267 4
PUL0269 1
PUL0286 1
PUL0300 1
PUL0302 1
PUL0303 1
PUL0311 1
PUL0333 1
PUL0335 1
PUL0337 1
PUL0339 3
PUL0340 1
PUL0341 1
PUL0346 1
PUL0365 1
PUL0375 1
PUL0396 1
PUL0401 1
PUL0404 1
PUL0406 1
PUL0414 3
PUL0434 2
PUL0449 2
PUL0453 1
PUL0454 1
PUL0459 2
PUL0460 2
PUL0467 1
PUL0494 1
PUL0530 1
PUL0599 1
