      1       1 PUL0009	1.58e-78
      1       1 PUL0017	1.69e-175
      1       1 PUL0024	3.84e-16
      1       1 PUL0025	1.71e-04
      1       1 PUL0036	8.40e-97
      1       1 PUL0037	1.55e-07
      1       1 PUL0050	2.99e-80
      1       1 PUL0094	5.19e-49
      1       1 PUL0101	9.96e-197
      1       1 PUL0103	1.54e-89
      1       1 PUL0106	1.04e-160
      1       1 PUL0106	1.09e-110
      1       1 PUL0106	1.41e-46
      1       1 PUL0106	9.76e-65
      1       1 PUL0108	3.10e-36
      1       1 PUL0108	3.81e-86
      1       1 PUL0109	1.71e-144
      1       1 PUL0113	2.74e-08
      1       1 PUL0121	1.95e-65
      1       1 PUL0121	4.54e-33
      1       1 PUL0121	4.60e-80
      1       1 PUL0121	4.91e-85
      1       1 PUL0121	7.75e-09
      1       1 PUL0121	8.86e-175
      1       1 PUL0123	1.03e-45
      1       1 PUL0123	1.37e-35
      1       1 PUL0123	3.92e-29
      1       1 PUL0124	2.75e-27
      1       1 PUL0124	4.01e-79
      1       1 PUL0133	2.39e-70
      1       1 PUL0134	1.16e-20
      1       1 PUL0134	4.58e-22
      1       1 PUL0143	9.84e-50
      1       1 PUL0145	3.98e-206
      1       1 PUL0146	1.95e-04
      1       1 PUL0161	1.45e-10
      1       1 PUL0161	4.25e-29
      1       1 PUL0180	1.92e-158
      1       1 PUL0180	5.11e-45
      1       1 PUL0199	1.67e-49
      1       1 PUL0216	2.11e-21
      1       1 PUL0218	5.12e-20
      1       1 PUL0225	1.25e-107
      1       1 PUL0226	1.86e-11
      1       1 PUL0240	6.03e-109
      1       1 PUL0266	3.16e-06
      1       1 PUL0267	1.61e-24
      1       1 PUL0267	2.61e-170
      1       1 PUL0267	2.97e-228
      1       1 PUL0267	7.10e-227
      1       1 PUL0269	1.20e-20
      1       1 PUL0286	4.79e-122
      1       1 PUL0300	1.25e-10
      1       1 PUL0302	3.32e-81
      1       1 PUL0303	5.20e-36
      1       1 PUL0311	5.35e-235
      1       1 PUL0333	4.50e-10
      1       1 PUL0335	2.29e-69
      1       1 PUL0337	2.14e-37
      1       1 PUL0339	2.84e-90
      1       1 PUL0339	4.30e-169
      1       1 PUL0339	8.42e-53
      1       1 PUL0340	1.58e-221
      1       1 PUL0341	9.67e-158
      1       1 PUL0346	5.32e-11
      1       1 PUL0365	6.74e-76
      1       1 PUL0375	1.78e-51
      1       1 PUL0396	1.40e-08
      1       1 PUL0401	6.88e-68
      1       1 PUL0404	3.95e-62
      1       1 PUL0406	1.86e-116
      1       1 PUL0414	2.86e-80
      1       1 PUL0414	4.58e-31
      1       1 PUL0414	5.60e-104
      1       1 PUL0434	2.89e-50
      1       1 PUL0434	9.76e-10
      1       1 PUL0449	2.26e-28
      1       1 PUL0449	5.48e-29
      1       1 PUL0453	2.10e-06
      1       1 PUL0454	8.79e-15
      1       1 PUL0459	9.11e-07
      1       1 PUL0459	9.76e-13
      1       1 PUL0460	2.43e-17
      1       1 PUL0460	9.03e-51
      1       1 PUL0467	5.41e-11
      1       1 PUL0494	3.73e-32
      1       1 PUL0530	3.31e-39
      1       1 PUL0599	4.17e-68
