      1       1 PUL0006	4.42e-18
      1       1 PUL0007	1.50e-115
      1       1 PUL0017	3.16e-188
      1       1 PUL0038	8.45e-167
      1       1 PUL0046	4.95e-187
      1       1 PUL0058	2.07e-263
      1       1 PUL0093	8.85e-138
      1       1 PUL0104	3.73e-62
      1       1 PUL0180	1.97e-80
      1       1 PUL0225	7.94e-170
      1       1 PUL0227	1.04e-175
      1       1 PUL0236	1.17e-107
      1       1 PUL0236	7.99e-82
      1       1 PUL0335	8.81e-192
      1       1 PUL0336	3.06e-97
      1       1 PUL0337	9.77e-161
      1       1 PUL0339	1.94e-158
      1       1 PUL0340	1.82e-157
      1       1 PUL0340	2.00e-152
      1       1 PUL0340	2.84e-230
      1       1 PUL0341	4.91e-216
      1       1 PUL0349	7.86e-193
      1       1 PUL0368	4.09e-28
      1       1 PUL0373	6.16e-62
      1       1 PUL0406	1.43e-159
      1       1 PUL0414	6.81e-134
      1       1 PUL0601	1.78e-26
