      1       1 PUL0017	1.60e-29
      1       1 PUL0017	4.27e-182
      1       1 PUL0049	5.25e-110
      1       1 PUL0070	3.04e-188
      1       1 PUL0106	2.40e-183
      1       1 PUL0106	7.44e-120
      1       1 PUL0108	1.36e-107
      1       1 PUL0124	2.46e-176
      1       1 PUL0145	2.69e-192
      1       1 PUL0162	1.76e-166
      1       1 PUL0230	2.68e-53
      1       1 PUL0248	3.03e-128
      1       1 PUL0267	2.59e-154
      1       1 PUL0294	1.72e-59
      1       1 PUL0335	2.41e-172
      1       1 PUL0335	7.71e-192
      1       1 PUL0335	9.76e-108
      1       1 PUL0336	2.42e-10
      1       1 PUL0336	3.37e-93
      1       1 PUL0337	1.39e-189
      1       1 PUL0337	5.50e-65
      1       1 PUL0340	1.80e-36
      1       1 PUL0340	2.98e-292
      1       1 PUL0341	1.10e-198
      1       1 PUL0406	1.23e-196
      1       1 PUL0460	2.68e-76
      1       1 PUL0460	6.61e-67
      1       1 PUL0493	1.08e-78
      1       1 PUL0601	9.69e-62
