      1       1 PUL0009	9.30e-92
      1       1 PUL0010	8.09e-114
      1       1 PUL0012	1.29e-92
      1       1 PUL0014	9.62e-62
      1       1 PUL0017	2.06e-171
      1       1 PUL0017	2.90e-116
      1       1 PUL0017	3.94e-166
      1       1 PUL0017	4.15e-114
      1       1 PUL0038	1.74e-133
      1       1 PUL0038	4.70e-134
      1       1 PUL0049	4.70e-104
      1       1 PUL0058	2.59e-119
      1       1 PUL0058	3.63e-115
      1       1 PUL0070	3.42e-156
      1       1 PUL0088	4.19e-125
      1       1 PUL0095	3.34e-143
      1       1 PUL0103	3.22e-119
      1       1 PUL0106	1.31e-204
      1       1 PUL0107	6.18e-59
      1       1 PUL0121	8.18e-64
      1       1 PUL0122	5.78e-207
      1       1 PUL0134	1.08e-113
      1       1 PUL0134	2.37e-82
      1       1 PUL0136	4.25e-09
      1       1 PUL0139	4.27e-45
      1       1 PUL0144	2.52e-124
      1       1 PUL0163	1.80e-64
      1       1 PUL0225	5.26e-83
      1       1 PUL0230	1.34e-111
      1       1 PUL0250	5.53e-107
      1       1 PUL0267	1.08e-214
      1       1 PUL0269	2.26e-86
      1       1 PUL0291	1.23e-150
      1       1 PUL0300	2.61e-88
      1       1 PUL0303	5.46e-12
      1       1 PUL0335	4.47e-126
      1       1 PUL0335	5.15e-160
      1       1 PUL0339	3.49e-12
      1       1 PUL0340	3.50e-112
      1       1 PUL0341	8.25e-142
      1       1 PUL0361	1.06e-235
      1       1 PUL0361	2.17e-68
      1       1 PUL0390	2.13e-70
      1       1 PUL0390	2.79e-72
      1       1 PUL0390	4.45e-117
      1       1 PUL0406	1.37e-295
      1       1 PUL0423	7.05e-100
      1       1 PUL0482	9.73e-192
      1       1 PUL0512	7.35e-87
      1       1 PUL0527	1.82e-88
      1       1 PUL0555	1.81e-24
      1       1 PUL0599	1.06e-121
      1       1 PUL0599	2.35e-122
      1       1 PUL0599	8.28e-88
