      1       1 PUL0009	1.06e-123
      1       1 PUL0017	6.09e-159
      1       1 PUL0029	5.24e-36
      1       1 PUL0038	7.75e-259
      1       1 PUL0050	1.21e-97
      1       1 PUL0061	2.36e-95
      1       1 PUL0070	2.36e-168
      1       1 PUL0101	1.69e-60
      1       1 PUL0106	3.27e-178
      1       1 PUL0108	5.59e-42
      1       1 PUL0121	2.99e-100
      1       1 PUL0155	4.78e-29
      1       1 PUL0176	8.88e-53
      1       1 PUL0184	1.63e-30
      1       1 PUL0205	8.64e-90
      1       1 PUL0217	1.17e-45
      1       1 PUL0236	2.85e-91
      1       1 PUL0267	2.03e-75
      1       1 PUL0267	6.74e-223
      1       1 PUL0291	2.92e-24
      1       1 PUL0300	1.75e-100
      1       1 PUL0316	3.16e-64
      1       1 PUL0333	2.75e-78
      1       1 PUL0335	1.23e-171
      1       1 PUL0335	5.61e-71
      1       1 PUL0339	3.18e-163
      1       1 PUL0339	4.40e-16
      1       1 PUL0340	5.14e-140
      1       1 PUL0368	1.00e-62
      1       1 PUL0390	1.19e-35
      1       1 PUL0399	6.59e-23
      1       1 PUL0404	4.45e-42
      1       1 PUL0429	6.91e-113
      1       1 PUL0459	2.94e-10
      1       1 PUL0460	2.97e-60
      1       1 PUL0460	7.54e-93
      1       1 PUL0573	5.25e-37
      1       1 PUL0577	7.53e-48
      1       1 PUL0584	3.42e-139
      1       1 PUL0593	1.78e-63
      1       1 PUL0598	2.14e-112
