      1       1 PUL0006	3.70e-189
      1       1 PUL0013	1.01e-101
      1       1 PUL0016	1.42e-155
      1       1 PUL0016	1.67e-146
      1       1 PUL0016	2.15e-114
      1       1 PUL0017	9.20e-184
      1       1 PUL0019	1.09e-176
      1       1 PUL0022	1.66e-149
      1       1 PUL0024	1.34e-112
      1       1 PUL0028	5.66e-45
      1       1 PUL0029	1.15e-57
      1       1 PUL0029	2.03e-45
      1       1 PUL0029	6.70e-38
      1       1 PUL0048	2.64e-203
      1       1 PUL0049	2.98e-140
      1       1 PUL0081	4.12e-51
      1       1 PUL0106	1.23e-241
      1       1 PUL0106	1.57e-119
      1       1 PUL0106	2.71e-172
      1       1 PUL0108	1.66e-26
      1       1 PUL0108	5.96e-102
      1       1 PUL0113	4.63e-158
      1       1 PUL0121	1.48e-73
      1       1 PUL0121	6.19e-13
      1       1 PUL0121	7.20e-38
      1       1 PUL0121	8.86e-23
      1       1 PUL0124	7.13e-172
      1       1 PUL0124	7.66e-220
      1       1 PUL0135	8.75e-79
      1       1 PUL0136	1.04e-89
      1       1 PUL0186	1.82e-126
      1       1 PUL0186	3.90e-146
      1       1 PUL0195	1.08e-139
      1       1 PUL0210	7.79e-45
      1       1 PUL0212	1.64e-164
      1       1 PUL0212	9.81e-144
      1       1 PUL0214	8.82e-96
      1       1 PUL0216	2.00e-47
      1       1 PUL0230	4.84e-110
      1       1 PUL0238	5.64e-188
      1       1 PUL0267	1.02e-145
      1       1 PUL0267	4.40e-126
      1       1 PUL0333	1.63e-110
      1       1 PUL0333	1.90e-77
      1       1 PUL0335	4.17e-175
      1       1 PUL0337	1.58e-120
      1       1 PUL0337	2.49e-188
      1       1 PUL0337	2.63e-63
      1       1 PUL0339	9.46e-32
      1       1 PUL0340	4.58e-14
      1       1 PUL0347	1.49e-71
      1       1 PUL0349	1.87e-226
      1       1 PUL0366	3.82e-110
      1       1 PUL0390	1.22e-112
      1       1 PUL0390	6.83e-37
      1       1 PUL0406	4.10e-230
      1       1 PUL0413	1.49e-150
      1       1 PUL0413	9.16e-122
      1       1 PUL0413	9.74e-50
      1       1 PUL0447	2.85e-148
      1       1 PUL0460	4.20e-52
      1       1 PUL0489	8.65e-45
      1       1 PUL0519	2.46e-270
      1       1 PUL0530	5.20e-39
      1       1 PUL0553	5.88e-07
      1       1 PUL0576	1.37e-124
      1       1 PUL0576	4.17e-250
      1       1 PUL0582	7.72e-115
      1       1 PUL0584	5.09e-187
      1       1 PUL0590	4.72e-45
      1       1 PUL0591	4.88e-73
