PUL0006;1
PUL0013;1
PUL0016;3
PUL0017;1
PUL0019;1
PUL0022;1
PUL0024;1
PUL0028;1
PUL0029;3
PUL0048;1
PUL0049;1
PUL0081;1
PUL0106;3
PUL0108;2
PUL0113;1
PUL0121;4
PUL0124;2
PUL0135;1
PUL0136;1
PUL0186;2
PUL0195;1
PUL0210;1
PUL0212;2
PUL0214;1
PUL0216;1
PUL0230;1
PUL0238;1
PUL0267;2
PUL0333;2
PUL0335;1
PUL0337;3
PUL0339;1
PUL0340;1
PUL0347;1
PUL0349;1
PUL0366;1
PUL0390;2
PUL0406;1
PUL0413;3
PUL0447;1
PUL0460;1
PUL0489;1
PUL0519;1
PUL0530;1
PUL0553;1
PUL0576;2
PUL0582;1
PUL0584;1
PUL0590;1
PUL0591;1
