      1       1 PUL0010	2.06e-73
      1       1 PUL0029	7.18e-15
      1       1 PUL0047	1.25e-138
      1       1 PUL0049	2.75e-129
      1       1 PUL0049	5.57e-189
      1       1 PUL0061	1.88e-18
      1       1 PUL0081	7.05e-30
      1       1 PUL0094	3.32e-46
      1       1 PUL0101	7.53e-33
      1       1 PUL0106	1.04e-157
      1       1 PUL0106	1.26e-156
      1       1 PUL0106	2.46e-77
      1       1 PUL0107	2.14e-28
      1       1 PUL0108	1.13e-19
      1       1 PUL0108	2.93e-86
      1       1 PUL0121	1.36e-53
      1       1 PUL0121	1.89e-29
      1       1 PUL0121	1.92e-17
      1       1 PUL0121	2.21e-60
      1       1 PUL0121	6.97e-80
      1       1 PUL0121	7.31e-12
      1       1 PUL0121	8.09e-173
      1       1 PUL0121	9.56e-48
      1       1 PUL0139	5.04e-14
      1       1 PUL0145	2.13e-41
      1       1 PUL0145	4.51e-189
      1       1 PUL0145	6.60e-182
      1       1 PUL0155	1.11e-80
      1       1 PUL0199	1.06e-49
      1       1 PUL0206	5.13e-86
      1       1 PUL0225	6.55e-97
      1       1 PUL0267	2.86e-211
      1       1 PUL0267	4.60e-222
      1       1 PUL0267	6.54e-233
      1       1 PUL0269	5.58e-77
      1       1 PUL0294	4.81e-60
      1       1 PUL0294	8.22e-63
      1       1 PUL0297	3.93e-58
      1       1 PUL0311	3.62e-238
      1       1 PUL0316	1.35e-85
      1       1 PUL0333	1.62e-65
      1       1 PUL0335	9.51e-24
      1       1 PUL0336	1.28e-47
      1       1 PUL0339	2.19e-162
      1       1 PUL0339	3.21e-20
      1       1 PUL0340	1.01e-222
      1       1 PUL0340	1.33e-35
      1       1 PUL0340	9.28e-77
      1       1 PUL0341	3.83e-160
      1       1 PUL0365	1.49e-80
      1       1 PUL0375	8.78e-91
      1       1 PUL0390	3.55e-84
      1       1 PUL0390	4.09e-72
      1       1 PUL0404	1.04e-52
      1       1 PUL0406	5.76e-102
      1       1 PUL0413	1.43e-112
      1       1 PUL0429	1.73e-103
      1       1 PUL0454	3.09e-39
      1       1 PUL0459	1.20e-60
      1       1 PUL0527	2.19e-59
      1       1 PUL0530	6.18e-47
      1       1 PUL0584	1.02e-142
