      1       1 PUL0001	5.19e-218
      1       1 PUL0003	1.24e-94
      1       1 PUL0017	1.26e-164
      1       1 PUL0025	1.54e-27
      1       1 PUL0025	4.46e-28
      1       1 PUL0029	2.05e-199
      1       1 PUL0047	3.77e-64
      1       1 PUL0085	3.23e-89
      1       1 PUL0085	8.41e-105
      1       1 PUL0086	2.04e-166
      1       1 PUL0086	2.23e-197
      1       1 PUL0099	3.89e-255
      1       1 PUL0106	2.71e-95
      1       1 PUL0108	7.33e-87
      1       1 PUL0121	5.94e-104
      1       1 PUL0121	5.94e-14
      1       1 PUL0124	8.40e-232
      1       1 PUL0214	2.09e-145
      1       1 PUL0245	4.77e-246
      1       1 PUL0256	2.38e-199
      1       1 PUL0300	1.39e-47
      1       1 PUL0337	3.54e-189
      1       1 PUL0406	1.40e-29
      1       1 PUL0406	1.87e-62
      1       1 PUL0406	2.08e-28
      1       1 PUL0406	6.88e-191
      1       1 PUL0406	7.61e-157
      1       1 PUL0406	8.25e-30
      1       1 PUL0434	4.25e-176
      1       1 PUL0494	8.49e-14
      1       1 PUL0530	6.29e-33
      1       1 PUL0560	1.43e-107
      1       1 PUL0598	1.10e-232
