      1       1 PUL0001	5.27e-265
      1       1 PUL0017	2.04e-204
      1       1 PUL0017	7.19e-187
      1       1 PUL0029	1.54e-178
      1       1 PUL0029	3.28e-31
      1       1 PUL0047	9.92e-26
      1       1 PUL0050	3.85e-98
      1       1 PUL0058	2.01e-173
      1       1 PUL0058	2.14e-250
      1       1 PUL0058	5.19e-118
      1       1 PUL0070	3.61e-175
      1       1 PUL0070	4.37e-115
      1       1 PUL0081	1.05e-101
      1       1 PUL0094	1.88e-77
      1       1 PUL0106	1.36e-108
      1       1 PUL0106	3.44e-189
      1       1 PUL0106	9.31e-212
      1       1 PUL0121	1.62e-117
      1       1 PUL0121	6.34e-27
      1       1 PUL0124	8.51e-230
      1       1 PUL0134	4.78e-118
      1       1 PUL0162	6.64e-178
      1       1 PUL0167	9.41e-40
      1       1 PUL0180	7.85e-157
      1       1 PUL0184	5.75e-132
      1       1 PUL0212	9.55e-45
      1       1 PUL0214	5.54e-147
      1       1 PUL0225	2.48e-175
      1       1 PUL0230	4.60e-89
      1       1 PUL0246	1.89e-172
      1       1 PUL0270	1.47e-114
      1       1 PUL0299	5.93e-68
      1       1 PUL0300	3.92e-18
      1       1 PUL0333	2.53e-109
      1       1 PUL0335	1.13e-108
      1       1 PUL0335	2.28e-146
      1       1 PUL0335	2.35e-06
      1       1 PUL0336	8.54e-29
      1       1 PUL0337	2.91e-88
      1       1 PUL0341	1.34e-40
      1       1 PUL0347	5.53e-231
      1       1 PUL0390	1.81e-191
      1       1 PUL0406	2.67e-219
      1       1 PUL0413	4.73e-133
      1       1 PUL0414	9.55e-111
      1       1 PUL0451	7.74e-87
      1       1 PUL0454	3.85e-39
      1       1 PUL0501	1.87e-168
      1       1 PUL0519	5.30e-136
      1       1 PUL0576	7.97e-120
      1       1 PUL0598	3.66e-166
