      1       1 PUL0017	4.97e-186
      1       1 PUL0017	6.23e-152
      1       1 PUL0027	2.53e-86
      1       1 PUL0030	1.43e-65
      1       1 PUL0036	4.33e-75
      1       1 PUL0049	1.22e-27
      1       1 PUL0049	1.28e-141
      1       1 PUL0049	2.96e-31
      1       1 PUL0058	2.52e-29
      1       1 PUL0058	3.43e-227
      1       1 PUL0058	7.20e-218
      1       1 PUL0061	2.26e-12
      1       1 PUL0070	5.89e-183
      1       1 PUL0093	1.11e-127
      1       1 PUL0093	2.66e-17
      1       1 PUL0106	3.74e-77
      1       1 PUL0106	5.09e-223
      1       1 PUL0106	6.59e-95
      1       1 PUL0108	7.71e-52
      1       1 PUL0121	1.90e-227
      1       1 PUL0121	5.05e-80
      1       1 PUL0121	6.44e-61
      1       1 PUL0121	7.18e-22
      1       1 PUL0145	5.79e-18
      1       1 PUL0161	3.37e-51
      1       1 PUL0180	2.26e-164
      1       1 PUL0184	1.57e-128
      1       1 PUL0189	1.18e-46
      1       1 PUL0216	7.26e-89
      1       1 PUL0245	4.02e-63
      1       1 PUL0247	1.27e-144
      1       1 PUL0250	1.30e-79
      1       1 PUL0267	2.21e-230
      1       1 PUL0270	1.60e-71
      1       1 PUL0270	7.12e-185
      1       1 PUL0300	9.53e-99
      1       1 PUL0303	3.98e-67
      1       1 PUL0318	3.64e-13
      1       1 PUL0324	1.51e-168
      1       1 PUL0333	1.12e-53
      1       1 PUL0333	3.10e-115
      1       1 PUL0335	1.74e-86
      1       1 PUL0335	2.28e-72
      1       1 PUL0335	3.77e-95
      1       1 PUL0335	3.97e-50
      1       1 PUL0335	4.37e-85
      1       1 PUL0335	4.65e-165
      1       1 PUL0335	6.16e-57
      1       1 PUL0335	7.67e-186
      1       1 PUL0335	8.35e-194
      1       1 PUL0335	8.64e-97
      1       1 PUL0335	9.19e-61
      1       1 PUL0336	3.53e-80
      1       1 PUL0340	1.31e-45
      1       1 PUL0340	1.34e-142
      1       1 PUL0340	8.73e-149
      1       1 PUL0341	1.27e-170
      1       1 PUL0368	4.27e-57
      1       1 PUL0375	5.05e-65
      1       1 PUL0375	7.80e-85
      1       1 PUL0384	9.22e-46
      1       1 PUL0390	1.63e-15
      1       1 PUL0401	2.17e-20
      1       1 PUL0404	1.06e-14
      1       1 PUL0406	1.77e-104
      1       1 PUL0410	1.26e-58
      1       1 PUL0413	1.06e-128
      1       1 PUL0413	1.24e-152
      1       1 PUL0413	1.85e-124
      1       1 PUL0413	7.73e-67
      1       1 PUL0413	7.78e-50
      1       1 PUL0414	1.31e-81
      1       1 PUL0431	2.11e-128
      1       1 PUL0431	5.89e-178
      1       1 PUL0458	6.77e-05
      1       1 PUL0476	3.20e-16
      1       1 PUL0494	3.42e-06
      1       1 PUL0500	1.40e-26
      1       1 PUL0502	2.36e-165
      1       1 PUL0507	1.57e-06
      1       1 PUL0530	2.99e-05
