PUL0017;2
PUL0027;1
PUL0030;1
PUL0036;1
PUL0049;3
PUL0058;3
PUL0061;1
PUL0070;1
PUL0093;2
PUL0106;3
PUL0108;1
PUL0121;4
PUL0145;1
PUL0161;1
PUL0180;1
PUL0184;1
PUL0189;1
PUL0216;1
PUL0245;1
PUL0247;1
PUL0250;1
PUL0267;1
PUL0270;2
PUL0300;1
PUL0303;1
PUL0318;1
PUL0324;1
PUL0333;2
PUL0335;11
PUL0336;1
PUL0340;3
PUL0341;1
PUL0368;1
PUL0375;2
PUL0384;1
PUL0390;1
PUL0401;1
PUL0404;1
PUL0406;1
PUL0410;1
PUL0413;5
PUL0414;1
PUL0431;2
PUL0458;1
PUL0476;1
PUL0494;1
PUL0500;1
PUL0502;1
PUL0507;1
PUL0530;1
