      1       1 PUL0009	1.42e-39
      1       1 PUL0010	6.09e-06
      1       1 PUL0016	2.57e-179
      1       1 PUL0017	1.67e-182
      1       1 PUL0017	2.11e-196
      1       1 PUL0017	5.04e-192
      1       1 PUL0020	3.16e-252
      1       1 PUL0022	8.23e-215
      1       1 PUL0024	7.61e-86
      1       1 PUL0029	2.57e-140
      1       1 PUL0029	2.99e-157
      1       1 PUL0033	9.19e-37
      1       1 PUL0038	9.14e-142
      1       1 PUL0048	1.17e-250
      1       1 PUL0048	1.92e-241
      1       1 PUL0049	4.04e-32
      1       1 PUL0050	9.30e-100
      1       1 PUL0070	2.06e-182
      1       1 PUL0101	3.93e-67
      1       1 PUL0103	5.87e-116
      1       1 PUL0106	1.29e-124
      1       1 PUL0106	1.96e-181
      1       1 PUL0106	5.00e-248
      1       1 PUL0106	5.62e-75
      1       1 PUL0121	1.54e-26
      1       1 PUL0121	2.08e-54
      1       1 PUL0121	2.20e-34
      1       1 PUL0121	5.55e-114
      1       1 PUL0124	1.17e-100
      1       1 PUL0124	2.03e-168
      1       1 PUL0130	3.94e-222
      1       1 PUL0161	2.75e-51
      1       1 PUL0162	3.04e-130
      1       1 PUL0186	1.39e-92
      1       1 PUL0196	2.06e-245
      1       1 PUL0212	1.98e-147
      1       1 PUL0212	8.07e-142
      1       1 PUL0219	1.02e-05
      1       1 PUL0230	1.86e-114
      1       1 PUL0230	3.01e-122
      1       1 PUL0230	5.78e-287
      1       1 PUL0232	2.27e-36
      1       1 PUL0238	1.04e-177
      1       1 PUL0238	1.20e-219
      1       1 PUL0246	8.63e-226
      1       1 PUL0265	2.59e-175
      1       1 PUL0267	1.09e-25
      1       1 PUL0267	1.37e-179
      1       1 PUL0277	6.31e-209
      1       1 PUL0296	1.22e-08
      1       1 PUL0296	9.71e-97
      1       1 PUL0299	6.75e-69
      1       1 PUL0300	1.48e-64
      1       1 PUL0300	2.12e-76
      1       1 PUL0316	2.57e-111
      1       1 PUL0326	8.87e-06
      1       1 PUL0327	1.77e-267
      1       1 PUL0333	4.75e-54
      1       1 PUL0335	1.45e-178
      1       1 PUL0336	3.02e-13
      1       1 PUL0339	6.55e-57
      1       1 PUL0340	1.36e-37
      1       1 PUL0340	6.95e-26
      1       1 PUL0341	3.06e-182
      1       1 PUL0341	5.24e-12
      1       1 PUL0341	6.61e-105
      1       1 PUL0344	2.01e-06
      1       1 PUL0347	1.51e-292
      1       1 PUL0390	1.06e-79
      1       1 PUL0406	2.29e-68
      1       1 PUL0406	4.18e-17
      1       1 PUL0406	9.70e-220
      1       1 PUL0413	4.78e-168
      1       1 PUL0451	2.66e-191
      1       1 PUL0454	7.92e-17
      1       1 PUL0460	1.60e-39
      1       1 PUL0460	3.14e-12
      1       1 PUL0473	1.11e-08
      1       1 PUL0482	5.00e-34
      1       1 PUL0486	1.43e-73
      1       1 PUL0493	1.89e-47
      1       1 PUL0506	2.17e-31
      1       1 PUL0515	6.92e-152
      1       1 PUL0527	2.01e-82
      1       1 PUL0530	3.60e-263
      1       1 PUL0530	6.45e-94
      1       1 PUL0574	3.21e-137
      1       1 PUL0582	1.44e-256
      1       1 PUL0582	2.04e-242
      1       1 PUL0582	6.02e-185
      1       1 PUL0584	3.67e-216
      1       1 PUL0584	7.57e-191
      1       1 PUL0584	8.84e-265
      1       1 PUL0591	1.36e-99
