PUL0009 1
PUL0010 1
PUL0016 1
PUL0017 3
PUL0020 1
PUL0022 1
PUL0024 1
PUL0029 2
PUL0033 1
PUL0038 1
PUL0048 2
PUL0049 1
PUL0050 1
PUL0070 1
PUL0101 1
PUL0103 1
PUL0106 4
PUL0121 4
PUL0124 2
PUL0130 1
PUL0161 1
PUL0162 1
PUL0186 1
PUL0196 1
PUL0212 2
PUL0219 1
PUL0230 3
PUL0232 1
PUL0238 2
PUL0246 1
PUL0265 1
PUL0267 2
PUL0277 1
PUL0296 2
PUL0299 1
PUL0300 2
PUL0316 1
PUL0326 1
PUL0327 1
PUL0333 1
PUL0335 1
PUL0336 1
PUL0339 1
PUL0340 2
PUL0341 3
PUL0344 1
PUL0347 1
PUL0390 1
PUL0406 3
PUL0413 1
PUL0451 1
PUL0454 1
PUL0460 2
PUL0473 1
PUL0482 1
PUL0486 1
PUL0493 1
PUL0506 1
PUL0515 1
PUL0527 1
PUL0530 2
PUL0574 1
PUL0582 3
PUL0584 3
PUL0591 1
