      1       1 PUL0017	6.04e-182
      1       1 PUL0024	3.75e-62
      1       1 PUL0024	4.70e-43
      1       1 PUL0029	2.31e-40
      1       1 PUL0047	4.34e-56
      1       1 PUL0049	2.13e-10
      1       1 PUL0049	8.70e-110
      1       1 PUL0050	1.06e-37
      1       1 PUL0070	9.80e-189
      1       1 PUL0093	2.13e-127
      1       1 PUL0101	6.12e-67
      1       1 PUL0106	2.72e-07
      1       1 PUL0106	5.32e-167
      1       1 PUL0106	5.45e-183
      1       1 PUL0108	1.43e-109
      1       1 PUL0108	1.62e-28
      1       1 PUL0113	7.52e-97
      1       1 PUL0121	2.72e-18
      1       1 PUL0121	6.88e-95
      1       1 PUL0124	3.21e-176
      1       1 PUL0145	1.72e-192
      1       1 PUL0148	1.91e-37
      1       1 PUL0162	2.66e-166
      1       1 PUL0180	7.40e-88
      1       1 PUL0209	4.52e-68
      1       1 PUL0230	1.04e-52
      1       1 PUL0230	2.67e-106
      1       1 PUL0248	6.98e-128
      1       1 PUL0254	8.74e-121
      1       1 PUL0267	3.97e-155
      1       1 PUL0281	2.38e-34
      1       1 PUL0281	6.48e-124
      1       1 PUL0294	1.83e-58
      1       1 PUL0316	1.75e-91
      1       1 PUL0335	2.05e-192
      1       1 PUL0335	2.22e-38
      1       1 PUL0336	4.60e-94
      1       1 PUL0336	7.82e-10
      1       1 PUL0337	1.70e-64
      1       1 PUL0337	3.49e-200
      1       1 PUL0340	2.41e-09
      1       1 PUL0340	5.06e-293
      1       1 PUL0340	6.17e-43
      1       1 PUL0340	6.90e-145
      1       1 PUL0340	9.86e-43
      1       1 PUL0341	5.99e-199
      1       1 PUL0390	3.39e-25
      1       1 PUL0399	2.39e-42
      1       1 PUL0406	1.83e-197
      1       1 PUL0413	2.11e-163
      1       1 PUL0413	7.51e-126
      1       1 PUL0454	7.26e-41
      1       1 PUL0460	3.99e-09
      1       1 PUL0460	4.81e-66
      1       1 PUL0493	9.56e-79
      1       1 PUL0494	1.20e-144
      1       1 PUL0527	8.93e-88
      1       1 PUL0595	1.81e-59
