      1       1 PUL0017	3.45e-182
      1       1 PUL0049	1.04e-109
      1       1 PUL0050	1.12e-37
      1       1 PUL0070	1.05e-188
      1       1 PUL0106	2.08e-167
      1       1 PUL0106	4.19e-122
      1       1 PUL0106	8.55e-182
      1       1 PUL0108	1.54e-109
      1       1 PUL0108	1.61e-28
      1       1 PUL0108	2.18e-15
      1       1 PUL0121	3.15e-18
      1       1 PUL0121	3.73e-95
      1       1 PUL0121	5.64e-48
      1       1 PUL0121	7.53e-34
      1       1 PUL0124	3.80e-176
      1       1 PUL0145	5.58e-193
      1       1 PUL0148	1.27e-37
      1       1 PUL0162	3.28e-166
      1       1 PUL0180	2.38e-87
      1       1 PUL0225	1.18e-61
      1       1 PUL0230	1.59e-74
      1       1 PUL0254	6.08e-121
      1       1 PUL0267	7.20e-155
      1       1 PUL0281	2.37e-34
      1       1 PUL0309	2.80e-35
      1       1 PUL0335	1.52e-123
      1       1 PUL0335	2.22e-38
      1       1 PUL0335	2.50e-51
      1       1 PUL0335	4.63e-192
      1       1 PUL0336	5.31e-09
      1       1 PUL0337	1.32e-189
      1       1 PUL0337	5.08e-65
      1       1 PUL0340	2.43e-144
      1       1 PUL0340	4.02e-19
      1       1 PUL0340	8.58e-292
      1       1 PUL0341	7.07e-198
      1       1 PUL0396	5.42e-86
      1       1 PUL0406	4.40e-26
      1       1 PUL0406	5.68e-197
      1       1 PUL0454	6.11e-41
      1       1 PUL0460	1.69e-09
      1       1 PUL0460	4.91e-66
      1       1 PUL0491	3.49e-07
      1       1 PUL0493	4.41e-79
      1       1 PUL0494	2.44e-144
