      1       1 PUL0017	4.72e-190
      1       1 PUL0029	3.83e-44
      1       1 PUL0058	2.70e-179
      1       1 PUL0123	2.32e-172
      1       1 PUL0124	1.69e-164
      1       1 PUL0151	2.75e-151
      1       1 PUL0165	8.11e-168
      1       1 PUL0267	1.44e-230
      1       1 PUL0267	8.86e-303
      1       1 PUL0328	7.07e-291
      1       1 PUL0329	1.02e-195
      1       1 PUL0329	1.33e-19
      1       1 PUL0337	6.17e-127
      1       1 PUL0339	1.65e-246
      1       1 PUL0418	3.58e-179
      1       1 PUL0476	1.70e-24
      1       1 PUL0477	3.28e-177
      1       1 PUL0479	3.47e-231
      1       1 PUL0479	5.61e-198
      1       1 PUL0581	9.09e-138
