      1       1 PUL0017	7.57e-103
      1       1 PUL0029	4.79e-119
      1       1 PUL0049	1.13e-162
      1       1 PUL0049	1.36e-20
      1       1 PUL0049	2.32e-146
      1       1 PUL0049	6.99e-186
      1       1 PUL0050	1.53e-130
      1       1 PUL0093	1.64e-207
      1       1 PUL0094	1.10e-209
      1       1 PUL0106	1.82e-309
      1       1 PUL0106	2.46e-180
      1       1 PUL0106	5.94e-52
      1       1 PUL0109	2.14e-268
      1       1 PUL0117	3.19e-89
      1       1 PUL0121	2.12e-86
      1       1 PUL0151	3.12e-15
      1       1 PUL0178	1.65e-297
      1       1 PUL0180	1.67e-199
      1       1 PUL0180	3.62e-270
      1       1 PUL0249	5.23e-115
      1       1 PUL0267	2.91e-297
      1       1 PUL0267	5.11e-221
      1       1 PUL0300	1.99e-111
      1       1 PUL0305	8.85e-224
      1       1 PUL0333	5.12e-95
      1       1 PUL0334	2.50e-309
      1       1 PUL0335	2.88e-171
      1       1 PUL0335	2.88e-208
      1       1 PUL0336	1.85e-84
      1       1 PUL0336	4.27e-142
      1       1 PUL0339	1.12e-290
      1       1 PUL0339	3.25e-202
      1       1 PUL0385	1.87e-224
      1       1 PUL0385	1.97e-199
      1       1 PUL0468	1.87e-58
      1       1 PUL0494	4.15e-233
      1       1 PUL0527	5.91e-86
      1       1 PUL0527	6.15e-264
      1       1 PUL0530	2.22e-91
      1       1 PUL0550	3.39e-148
      1       1 PUL0559	3.21e-27
      1       1 PUL0572	1.36e-58
