      1       1 PUL0017	1.22e-152
      1       1 PUL0017	2.12e-190
      1       1 PUL0037	2.30e-25
      1       1 PUL0038	1.35e-163
      1       1 PUL0049	1.71e-64
      1       1 PUL0049	3.36e-201
      1       1 PUL0050	6.18e-89
      1       1 PUL0069	2.42e-263
      1       1 PUL0100	1.17e-295
      1       1 PUL0106	2.68e-226
      1       1 PUL0111	2.34e-307
      1       1 PUL0121	6.08e-23
      1       1 PUL0145	2.21e-178
      1       1 PUL0145	3.72e-184
      1       1 PUL0145	4.35e-197
      1       1 PUL0168	2.84e-310
      1       1 PUL0184	3.48e-58
      1       1 PUL0198	2.24e-304
      1       1 PUL0202	3.99e-265
      1       1 PUL0246	4.24e-236
      1       1 PUL0248	3.67e-182
      1       1 PUL0296	2.23e-117
      1       1 PUL0298	1.06e-46
      1       1 PUL0316	9.85e-132
      1       1 PUL0324	3.03e-251
      1       1 PUL0335	1.31e-140
      1       1 PUL0336	2.50e-33
      1       1 PUL0340	2.93e-25
      1       1 PUL0347	8.88e-232
      1       1 PUL0375	8.87e-39
      1       1 PUL0401	2.86e-51
      1       1 PUL0406	1.35e-05
      1       1 PUL0410	6.93e-320
      1       1 PUL0429	2.66e-36
      1       1 PUL0460	8.73e-28
      1       1 PUL0461	1.73e-165
      1       1 PUL0530	2.41e-276
      1       1 PUL0586	1.37e-241
