      1       1 PUL0017	1.09e-185
      1       1 PUL0017	1.17e-147
      1       1 PUL0029	1.42e-40
      1       1 PUL0038	1.29e-134
      1       1 PUL0039	8.58e-19
      1       1 PUL0043	1.20e-207
      1       1 PUL0047	7.42e-57
      1       1 PUL0049	3.78e-193
      1       1 PUL0060	6.44e-96
      1       1 PUL0070	1.20e-304
      1       1 PUL0075	4.74e-192
      1       1 PUL0106	1.29e-29
      1       1 PUL0106	2.10e-193
      1       1 PUL0106	4.39e-118
      1       1 PUL0106	6.58e-37
      1       1 PUL0106	6.95e-143
      1       1 PUL0106	7.01e-90
      1       1 PUL0108	3.53e-91
      1       1 PUL0113	5.77e-85
      1       1 PUL0121	1.67e-62
      1       1 PUL0121	8.85e-162
      1       1 PUL0139	2.92e-23
      1       1 PUL0162	2.23e-36
      1       1 PUL0173	4.62e-109
      1       1 PUL0180	1.17e-15
      1       1 PUL0184	6.51e-76
      1       1 PUL0184	8.35e-83
      1       1 PUL0206	2.02e-88
      1       1 PUL0214	2.99e-31
      1       1 PUL0226	8.10e-28
      1       1 PUL0240	5.44e-63
      1       1 PUL0250	9.75e-39
      1       1 PUL0267	2.17e-234
      1       1 PUL0267	4.33e-53
      1       1 PUL0269	8.84e-38
      1       1 PUL0270	1.06e-98
      1       1 PUL0294	4.07e-67
      1       1 PUL0299	2.77e-38
      1       1 PUL0299	6.56e-75
      1       1 PUL0316	1.98e-77
      1       1 PUL0316	4.23e-86
      1       1 PUL0316	6.91e-74
      1       1 PUL0324	1.62e-33
      1       1 PUL0326	1.79e-09
      1       1 PUL0329	3.84e-19
      1       1 PUL0333	1.61e-104
      1       1 PUL0335	1.45e-72
      1       1 PUL0335	3.47e-68
      1       1 PUL0337	4.17e-85
      1       1 PUL0339	2.31e-21
      1       1 PUL0339	5.76e-158
      1       1 PUL0340	1.32e-31
      1       1 PUL0340	2.32e-139
      1       1 PUL0340	4.12e-162
      1       1 PUL0341	9.18e-172
      1       1 PUL0368	1.49e-13
      1       1 PUL0375	9.58e-17
      1       1 PUL0390	1.06e-32
      1       1 PUL0390	4.11e-31
      1       1 PUL0401	1.81e-114
      1       1 PUL0406	9.78e-111
      1       1 PUL0409	3.84e-71
      1       1 PUL0413	5.10e-162
      1       1 PUL0413	6.07e-117
      1       1 PUL0429	2.05e-34
      1       1 PUL0454	1.72e-42
      1       1 PUL0459	3.07e-58
      1       1 PUL0459	4.77e-177
      1       1 PUL0460	9.02e-65
      1       1 PUL0527	8.67e-66
      1       1 PUL0530	1.49e-45
      1       1 PUL0530	7.60e-34
