PUL0017	2
PUL0029	1
PUL0038	1
PUL0039	1
PUL0043	1
PUL0047	1
PUL0049	1
PUL0060	1
PUL0070	1
PUL0075	1
PUL0106	6
PUL0108	1
PUL0113	1
PUL0121	2
PUL0139	1
PUL0162	1
PUL0173	1
PUL0180	1
PUL0184	2
PUL0206	1
PUL0214	1
PUL0226	1
PUL0240	1
PUL0250	1
PUL0267	2
PUL0269	1
PUL0270	1
PUL0294	1
PUL0299	2
PUL0316	3
PUL0324	1
PUL0326	1
PUL0329	1
PUL0333	1
PUL0335	2
PUL0337	1
PUL0339	2
PUL0340	3
PUL0341	1
PUL0368	1
PUL0375	1
PUL0390	2
PUL0401	1
PUL0406	1
PUL0409	1
PUL0413	2
PUL0429	1
PUL0454	1
PUL0459	2
PUL0460	1
PUL0527	1
PUL0530	2
