      1       1 PUL0017	5.64e-180
      1       1 PUL0049	9.11e-183
      1       1 PUL0060	1.51e-249
      1       1 PUL0061	1.64e-137
      1       1 PUL0106	2.72e-74
      1       1 PUL0108	2.88e-116
      1       1 PUL0121	1.04e-70
      1       1 PUL0123	2.98e-110
      1       1 PUL0124	2.86e-178
      1       1 PUL0134	4.08e-37
      1       1 PUL0145	5.35e-168
      1       1 PUL0267	2.98e-308
      1       1 PUL0267	3.14e-224
      1       1 PUL0267	3.18e-215
      1       1 PUL0270	9.23e-124
      1       1 PUL0316	2.26e-78
      1       1 PUL0337	5.38e-142
      1       1 PUL0337	8.04e-61
      1       1 PUL0339	1.64e-06
      1       1 PUL0406	2.16e-102
      1       1 PUL0459	6.71e-221
      1       1 PUL0530	5.11e-255
