      1       1 PUL0017	1.87e-151
      1       1 PUL0024	1.01e-56
      1       1 PUL0036	4.22e-185
      1       1 PUL0047	1.79e-27
      1       1 PUL0049	6.11e-193
      1       1 PUL0049	7.25e-20
      1       1 PUL0060	6.31e-164
      1       1 PUL0069	7.67e-184
      1       1 PUL0070	3.60e-312
      1       1 PUL0106	3.58e-134
      1       1 PUL0108	1.91e-39
      1       1 PUL0108	4.48e-89
      1       1 PUL0121	6.40e-54
      1       1 PUL0124	7.91e-04
      1       1 PUL0145	4.76e-198
      1       1 PUL0180	4.58e-145
      1       1 PUL0184	1.26e-23
      1       1 PUL0184	2.79e-27
      1       1 PUL0230	4.33e-71
      1       1 PUL0300	1.32e-63
      1       1 PUL0337	4.83e-75
      1       1 PUL0341	6.05e-173
      1       1 PUL0399	2.64e-11
      1       1 PUL0406	5.94e-166
      1       1 PUL0413	5.35e-112
      1       1 PUL0413	8.12e-162
      1       1 PUL0458	4.32e-33
