      1       1 PUL0001	4.73e-149
      1       1 PUL0013	1.01e-75
      1       1 PUL0013	1.41e-27
      1       1 PUL0017	1.87e-236
      1       1 PUL0017	2.37e-199
      1       1 PUL0024	7.15e-204
      1       1 PUL0025	7.65e-46
      1       1 PUL0029	1.11e-201
      1       1 PUL0029	2.44e-105
      1       1 PUL0038	3.51e-159
      1       1 PUL0049	1.77e-151
      1       1 PUL0098	6.35e-24
      1       1 PUL0106	1.12e-162
      1       1 PUL0106	2.58e-205
      1       1 PUL0121	3.28e-34
      1       1 PUL0124	3.85e-216
      1       1 PUL0212	2.68e-114
      1       1 PUL0219	8.27e-13
      1       1 PUL0236	1.40e-110
      1       1 PUL0316	3.20e-51
      1       1 PUL0333	2.58e-117
      1       1 PUL0333	2.75e-127
      1       1 PUL0335	7.31e-107
      1       1 PUL0337	2.29e-50
      1       1 PUL0337	6.81e-104
      1       1 PUL0341	1.04e-104
      1       1 PUL0341	1.45e-213
      1       1 PUL0347	5.63e-50
      1       1 PUL0375	1.12e-55
      1       1 PUL0406	5.80e-220
      1       1 PUL0413	1.46e-55
      1       1 PUL0413	3.02e-42
      1       1 PUL0519	1.83e-302
      1       1 PUL0521	3.06e-04
      1       1 PUL0527	2.40e-50
