      1       1 PUL0007	9.56e-92
      1       1 PUL0009	6.06e-51
      1       1 PUL0010	2.20e-80
      1       1 PUL0013	2.86e-31
      1       1 PUL0017	4.30e-184
      1       1 PUL0017	4.54e-201
      1       1 PUL0019	7.81e-58
      1       1 PUL0024	6.82e-34
      1       1 PUL0049	3.03e-11
      1       1 PUL0049	8.16e-112
      1       1 PUL0050	1.08e-97
      1       1 PUL0058	7.16e-81
      1       1 PUL0058	9.34e-187
      1       1 PUL0060	1.22e-42
      1       1 PUL0070	2.87e-154
      1       1 PUL0070	8.59e-27
      1       1 PUL0080	4.49e-26
      1       1 PUL0101	1.85e-76
      1       1 PUL0106	1.18e-134
      1       1 PUL0106	1.78e-175
      1       1 PUL0108	3.52e-71
      1       1 PUL0121	1.45e-09
      1       1 PUL0121	1.67e-39
      1       1 PUL0121	1.91e-29
      1       1 PUL0121	4.11e-92
      1       1 PUL0121	5.10e-59
      1       1 PUL0134	2.20e-62
      1       1 PUL0135	1.41e-26
      1       1 PUL0135	8.46e-76
      1       1 PUL0136	2.16e-84
      1       1 PUL0145	1.51e-07
      1       1 PUL0145	5.65e-79
      1       1 PUL0178	1.75e-48
      1       1 PUL0178	2.29e-23
      1       1 PUL0180	3.79e-134
      1       1 PUL0212	1.31e-78
      1       1 PUL0212	1.34e-132
      1       1 PUL0218	1.47e-31
      1       1 PUL0218	5.74e-113
      1       1 PUL0227	3.67e-71
      1       1 PUL0260	1.22e-29
      1       1 PUL0260	9.29e-29
      1       1 PUL0266	1.19e-56
      1       1 PUL0267	1.99e-82
      1       1 PUL0267	3.34e-303
      1       1 PUL0269	3.56e-20
      1       1 PUL0300	3.18e-100
      1       1 PUL0300	5.24e-98
      1       1 PUL0309	5.58e-28
      1       1 PUL0316	3.49e-22
      1       1 PUL0333	1.80e-06
      1       1 PUL0333	2.63e-62
      1       1 PUL0335	7.08e-190
      1       1 PUL0339	1.75e-168
      1       1 PUL0339	4.71e-15
      1       1 PUL0341	3.74e-151
      1       1 PUL0401	1.91e-24
      1       1 PUL0401	7.80e-26
      1       1 PUL0401	8.02e-96
      1       1 PUL0406	7.33e-169
      1       1 PUL0409	5.18e-68
      1       1 PUL0413	1.66e-32
      1       1 PUL0413	2.65e-146
      1       1 PUL0413	4.83e-67
      1       1 PUL0414	3.98e-12
      1       1 PUL0414	9.58e-11
      1       1 PUL0429	4.72e-95
      1       1 PUL0443	3.04e-14
      1       1 PUL0454	4.24e-46
      1       1 PUL0460	1.60e-42
      1       1 PUL0460	2.06e-44
      1       1 PUL0460	6.95e-83
      1       1 PUL0461	3.02e-05
      1       1 PUL0468	5.47e-44
      1       1 PUL0489	2.18e-44
      1       1 PUL0489	2.35e-43
      1       1 PUL0493	1.53e-30
      1       1 PUL0494	6.01e-11
      1       1 PUL0519	1.94e-125
      1       1 PUL0524	2.33e-31
      1       1 PUL0527	3.04e-87
      1       1 PUL0530	1.65e-39
      1       1 PUL0547	9.79e-23
      1       1 PUL0579	3.20e-04
      1       1 PUL0593	4.24e-78
