PUL0007;1
PUL0009;1
PUL0010;1
PUL0013;1
PUL0017;2
PUL0019;1
PUL0024;1
PUL0049;2
PUL0050;1
PUL0058;2
PUL0060;1
PUL0070;2
PUL0080;1
PUL0101;1
PUL0106;2
PUL0108;1
PUL0121;5
PUL0134;1
PUL0135;2
PUL0136;1
PUL0145;2
PUL0178;2
PUL0180;1
PUL0212;2
PUL0218;2
PUL0227;1
PUL0260;2
PUL0266;1
PUL0267;2
PUL0269;1
PUL0300;2
PUL0309;1
PUL0316;1
PUL0333;2
PUL0335;1
PUL0339;2
PUL0341;1
PUL0401;3
PUL0406;1
PUL0409;1
PUL0413;3
PUL0414;2
PUL0429;1
PUL0443;1
PUL0454;1
PUL0460;3
PUL0461;1
PUL0468;1
PUL0489;2
PUL0493;1
PUL0494;1
PUL0519;1
PUL0524;1
PUL0527;1
PUL0530;1
PUL0547;1
PUL0579;1
PUL0593;1
