      1       1 PUL0006	4.72e-84
      1       1 PUL0013	8.50e-42
      1       1 PUL0017	1.29e-181
      1       1 PUL0017	7.35e-200
      1       1 PUL0029	1.96e-142
      1       1 PUL0029	6.74e-38
      1       1 PUL0038	3.89e-144
      1       1 PUL0050	1.09e-90
      1       1 PUL0061	1.00e-166
      1       1 PUL0142	1.24e-150
      1       1 PUL0178	1.36e-185
      1       1 PUL0267	3.66e-211
      1       1 PUL0335	1.22e-174
      1       1 PUL0341	1.64e-24
      1       1 PUL0341	4.17e-155
      1       1 PUL0396	5.94e-121
      1       1 PUL0413	5.40e-109
      1       1 PUL0454	2.01e-22
      1       1 PUL0475	1.24e-49
      1       1 PUL0544	2.45e-54
      1       1 PUL0577	8.40e-162
