      1       1 PUL0013	1.42e-94
      1       1 PUL0070	2.53e-159
      1       1 PUL0106	4.58e-234
      1       1 PUL0111	2.10e-66
      1       1 PUL0124	3.03e-102
      1       1 PUL0124	6.75e-190
      1       1 PUL0230	1.24e-48
      1       1 PUL0230	2.32e-128
      1       1 PUL0230	3.96e-18
      1       1 PUL0267	3.63e-246
      1       1 PUL0267	3.73e-64
      1       1 PUL0270	2.00e-97
      1       1 PUL0277	2.70e-85
      1       1 PUL0294	4.48e-79
      1       1 PUL0340	2.40e-35
      1       1 PUL0340	3.72e-302
      1       1 PUL0347	1.14e-308
      1       1 PUL0366	1.13e-109
      1       1 PUL0366	8.33e-77
      1       1 PUL0373	9.07e-84
      1       1 PUL0390	1.80e-73
      1       1 PUL0406	1.42e-190
      1       1 PUL0413	1.74e-150
      1       1 PUL0413	8.46e-18
      1       1 PUL0501	1.32e-162
      1       1 PUL0530	4.92e-212
      1       1 PUL0576	8.13e-206
