      1       1 PUL0024	8.41e-14
      1       1 PUL0029	1.47e-77
      1       1 PUL0047	2.28e-56
      1       1 PUL0049	3.91e-139
      1       1 PUL0081	4.41e-31
      1       1 PUL0094	4.24e-11
      1       1 PUL0101	3.02e-47
      1       1 PUL0102	2.71e-06
      1       1 PUL0106	1.82e-44
      1       1 PUL0110	9.07e-48
      1       1 PUL0121	1.25e-42
      1       1 PUL0121	5.72e-28
      1       1 PUL0151	8.53e-10
      1       1 PUL0162	1.14e-12
      1       1 PUL0162	3.16e-11
      1       1 PUL0172	4.58e-53
      1       1 PUL0178	2.56e-46
      1       1 PUL0180	2.34e-31
      1       1 PUL0180	4.54e-04
      1       1 PUL0193	7.49e-06
      1       1 PUL0212	1.68e-135
      1       1 PUL0214	3.17e-105
      1       1 PUL0226	1.84e-63
      1       1 PUL0255	4.25e-06
      1       1 PUL0257	1.97e-38
      1       1 PUL0257	9.14e-26
      1       1 PUL0258	9.98e-15
      1       1 PUL0259	1.95e-39
      1       1 PUL0259	7.28e-71
      1       1 PUL0270	3.65e-07
      1       1 PUL0281	3.58e-14
      1       1 PUL0281	5.53e-19
      1       1 PUL0309	3.98e-24
      1       1 PUL0316	2.17e-85
      1       1 PUL0336	1.27e-17
      1       1 PUL0337	1.76e-145
      1       1 PUL0337	9.53e-131
      1       1 PUL0339	2.67e-90
      1       1 PUL0340	1.22e-40
      1       1 PUL0340	5.78e-124
      1       1 PUL0406	1.11e-118
      1       1 PUL0414	2.40e-20
      1       1 PUL0429	1.21e-103
      1       1 PUL0429	2.18e-44
      1       1 PUL0429	3.66e-35
      1       1 PUL0429	5.60e-86
      1       1 PUL0432	1.45e-08
      1       1 PUL0436	1.88e-07
      1       1 PUL0451	1.46e-130
      1       1 PUL0492	2.47e-116
      1       1 PUL0493	5.36e-87
      1       1 PUL0494	3.79e-126
      1       1 PUL0502	3.76e-138
      1       1 PUL0555	2.16e-146
