      1       1 PUL0016	8.24e-141
      1       1 PUL0019	1.69e-105
      1       1 PUL0019	7.53e-159
      1       1 PUL0022	1.18e-171
      1       1 PUL0022	3.27e-104
      1       1 PUL0022	4.35e-53
      1       1 PUL0022	8.81e-219
      1       1 PUL0024	1.48e-32
      1       1 PUL0024	1.92e-254
      1       1 PUL0025	2.96e-08
      1       1 PUL0058	1.49e-266
      1       1 PUL0106	4.08e-233
      1       1 PUL0107	2.01e-142
      1       1 PUL0114	6.42e-190
      1       1 PUL0121	2.39e-212
      1       1 PUL0124	1.05e-101
      1       1 PUL0186	4.94e-159
      1       1 PUL0212	9.00e-143
      1       1 PUL0213	3.36e-257
      1       1 PUL0295	3.23e-06
      1       1 PUL0326	1.20e-16
      1       1 PUL0337	3.39e-211
      1       1 PUL0347	7.27e-313
      1       1 PUL0349	2.03e-218
      1       1 PUL0370	1.38e-156
      1       1 PUL0413	1.42e-159
      1       1 PUL0451	9.93e-04
      1       1 PUL0493	6.01e-85
      1       1 PUL0493	6.93e-10
      1       1 PUL0530	3.23e-276
      1       1 PUL0576	2.22e-125
