      1       1 PUL0017	3.87e-192
      1       1 PUL0017	5.72e-186
      1       1 PUL0029	1.63e-36
      1       1 PUL0033	3.44e-22
      1       1 PUL0037	4.02e-24
      1       1 PUL0047	2.01e-59
      1       1 PUL0049	1.19e-24
      1       1 PUL0049	3.02e-16
      1       1 PUL0049	3.86e-154
      1       1 PUL0049	7.93e-244
      1       1 PUL0049	8.16e-41
      1       1 PUL0050	1.55e-92
      1       1 PUL0050	6.04e-21
      1       1 PUL0058	1.02e-36
      1       1 PUL0058	3.88e-190
      1       1 PUL0061	1.77e-107
      1       1 PUL0070	1.67e-182
      1       1 PUL0094	8.20e-58
      1       1 PUL0106	1.86e-159
      1       1 PUL0106	4.15e-185
      1       1 PUL0106	7.91e-89
      1       1 PUL0113	3.75e-69
      1       1 PUL0121	1.85e-67
      1       1 PUL0121	3.80e-123
      1       1 PUL0121	9.89e-33
      1       1 PUL0124	1.32e-18
      1       1 PUL0145	2.04e-32
      1       1 PUL0145	7.22e-33
      1       1 PUL0178	3.02e-56
      1       1 PUL0184	4.48e-55
      1       1 PUL0225	5.73e-38
      1       1 PUL0236	5.63e-39
      1       1 PUL0250	1.63e-126
      1       1 PUL0250	3.17e-43
      1       1 PUL0267	6.36e-219
      1       1 PUL0267	6.85e-244
      1       1 PUL0267	7.20e-69
      1       1 PUL0333	1.07e-73
      1       1 PUL0335	1.09e-95
      1       1 PUL0335	1.18e-162
      1       1 PUL0335	1.53e-87
      1       1 PUL0335	1.61e-05
      1       1 PUL0335	5.48e-103
      1       1 PUL0335	8.40e-83
      1       1 PUL0335	9.52e-91
      1       1 PUL0336	1.25e-07
      1       1 PUL0336	2.23e-86
      1       1 PUL0339	1.45e-34
      1       1 PUL0339	1.96e-138
      1       1 PUL0340	4.30e-43
      1       1 PUL0341	2.72e-177
      1       1 PUL0347	1.34e-16
      1       1 PUL0350	9.69e-11
      1       1 PUL0375	2.37e-78
      1       1 PUL0390	2.71e-25
      1       1 PUL0399	1.31e-92
      1       1 PUL0406	1.87e-68
      1       1 PUL0406	9.71e-36
      1       1 PUL0413	6.70e-165
      1       1 PUL0413	9.67e-52
      1       1 PUL0429	1.13e-78
      1       1 PUL0451	8.32e-26
      1       1 PUL0459	7.26e-04
      1       1 PUL0493	9.59e-94
      1       1 PUL0506	6.26e-150
      1       1 PUL0530	6.49e-41
      1       1 PUL0560	3.13e-40
      1       1 PUL0599	1.13e-32
      1       1 PUL0601	5.78e-33
