      1       1 PUL0005	1.71e-281
      1       1 PUL0006	5.11e-108
      1       1 PUL0010	3.35e-86
      1       1 PUL0016	1.40e-176
      1       1 PUL0016	9.98e-259
      1       1 PUL0017	2.52e-191
      1       1 PUL0017	6.27e-190
      1       1 PUL0017	7.66e-183
      1       1 PUL0020	7.63e-271
      1       1 PUL0024	4.69e-53
      1       1 PUL0029	8.99e-140
      1       1 PUL0037	1.59e-72
      1       1 PUL0038	4.33e-140
      1       1 PUL0047	1.17e-16
      1       1 PUL0048	1.91e-65
      1       1 PUL0048	9.91e-206
      1       1 PUL0049	3.41e-26
      1       1 PUL0070	8.99e-184
      1       1 PUL0106	1.26e-247
      1       1 PUL0108	3.92e-65
      1       1 PUL0121	4.76e-37
      1       1 PUL0122	1.35e-206
      1       1 PUL0124	1.15e-162
      1       1 PUL0124	1.51e-100
      1       1 PUL0130	2.16e-222
      1       1 PUL0155	7.44e-29
      1       1 PUL0162	2.52e-131
      1       1 PUL0172	5.04e-108
      1       1 PUL0180	1.10e-09
      1       1 PUL0186	7.54e-163
      1       1 PUL0195	1.52e-153
      1       1 PUL0195	3.29e-83
      1       1 PUL0196	9.59e-249
      1       1 PUL0212	1.50e-171
      1       1 PUL0216	8.67e-71
      1       1 PUL0219	5.09e-153
      1       1 PUL0230	5.79e-292
      1       1 PUL0246	2.89e-21
      1       1 PUL0267	9.01e-166
      1       1 PUL0277	4.41e-143
      1       1 PUL0300	4.18e-188
      1       1 PUL0326	5.02e-06
      1       1 PUL0335	3.17e-91
      1       1 PUL0335	4.70e-118
      1       1 PUL0337	1.18e-67
      1       1 PUL0341	7.53e-187
      1       1 PUL0347	1.20e-289
      1       1 PUL0390	6.70e-130
      1       1 PUL0406	7.06e-245
      1       1 PUL0413	6.77e-162
      1       1 PUL0414	7.48e-133
      1       1 PUL0452	2.12e-56
      1       1 PUL0489	5.89e-42
      1       1 PUL0527	6.75e-34
      1       1 PUL0539	8.31e-139
      1       1 PUL0560	1.86e-74
      1       1 PUL0574	5.03e-305
      1       1 PUL0582	3.08e-158
      1       1 PUL0584	2.87e-152
      1       1 PUL0584	7.24e-171
      1       1 PUL0584	8.57e-210
      1       1 PUL0584	9.85e-173
      1       1 PUL0593	8.36e-60
      1       1 PUL0602	2.18e-33
