PUL0005 1
PUL0006 1
PUL0010 1
PUL0016 2
PUL0017 3
PUL0020 1
PUL0024 1
PUL0029 1
PUL0037 1
PUL0038 1
PUL0047 1
PUL0048 2
PUL0049 1
PUL0070 1
PUL0106 1
PUL0108 1
PUL0121 1
PUL0122 1
PUL0124 2
PUL0130 1
PUL0155 1
PUL0162 1
PUL0172 1
PUL0180 1
PUL0186 1
PUL0195 2
PUL0196 1
PUL0212 1
PUL0216 1
PUL0219 1
PUL0230 1
PUL0246 1
PUL0267 1
PUL0277 1
PUL0300 1
PUL0326 1
PUL0335 2
PUL0337 1
PUL0341 1
PUL0347 1
PUL0390 1
PUL0406 1
PUL0413 1
PUL0414 1
PUL0452 1
PUL0489 1
PUL0527 1
PUL0539 1
PUL0560 1
PUL0574 1
PUL0582 1
PUL0584 4
PUL0593 1
PUL0602 1
