      1       1 PUL0017	1.87e-181
      1       1 PUL0029	8.87e-39
      1       1 PUL0038	1.83e-165
      1       1 PUL0043	2.31e-133
      1       1 PUL0053	6.26e-19
      1       1 PUL0061	2.79e-139
      1       1 PUL0069	3.77e-135
      1       1 PUL0106	2.44e-181
      1       1 PUL0108	1.26e-35
      1       1 PUL0121	9.60e-86
      1       1 PUL0124	3.86e-181
      1       1 PUL0135	2.35e-81
      1       1 PUL0145	6.53e-197
      1       1 PUL0155	1.74e-116
      1       1 PUL0180	3.26e-151
      1       1 PUL0209	8.40e-11
      1       1 PUL0227	3.05e-78
      1       1 PUL0267	2.93e-222
      1       1 PUL0270	1.86e-76
      1       1 PUL0281	4.43e-66
      1       1 PUL0316	7.38e-91
      1       1 PUL0333	9.24e-88
      1       1 PUL0335	1.24e-67
      1       1 PUL0335	1.31e-64
      1       1 PUL0337	3.26e-52
      1       1 PUL0337	9.07e-152
      1       1 PUL0339	8.78e-170
      1       1 PUL0340	1.86e-127
      1       1 PUL0341	2.17e-156
      1       1 PUL0375	2.42e-84
      1       1 PUL0390	1.99e-134
      1       1 PUL0396	1.11e-151
      1       1 PUL0396	1.22e-63
      1       1 PUL0458	1.06e-41
      1       1 PUL0460	4.16e-67
      1       1 PUL0500	4.96e-114
      1       1 PUL0584	4.67e-150
