      1       1 PUL0009	5.10e-74
      1       1 PUL0014	1.75e-48
      1       1 PUL0017	1.15e-156
      1       1 PUL0017	8.60e-118
      1       1 PUL0018	8.37e-39
      1       1 PUL0028	7.63e-41
      1       1 PUL0038	4.52e-165
      1       1 PUL0038	8.08e-32
      1       1 PUL0039	4.81e-22
      1       1 PUL0039	8.46e-58
      1       1 PUL0043	8.92e-166
      1       1 PUL0049	1.37e-12
      1       1 PUL0050	8.76e-90
      1       1 PUL0058	3.49e-185
      1       1 PUL0058	4.73e-214
      1       1 PUL0069	1.70e-147
      1       1 PUL0101	3.15e-50
      1       1 PUL0106	1.62e-153
      1       1 PUL0106	7.98e-188
      1       1 PUL0106	8.28e-43
      1       1 PUL0107	5.19e-57
      1       1 PUL0108	1.53e-34
      1       1 PUL0108	5.34e-68
      1       1 PUL0121	3.75e-65
      1       1 PUL0124	1.27e-08
      1       1 PUL0124	4.80e-176
      1       1 PUL0145	2.29e-126
      1       1 PUL0145	3.06e-185
      1       1 PUL0145	8.36e-197
      1       1 PUL0151	1.28e-33
      1       1 PUL0180	3.14e-150
      1       1 PUL0209	1.35e-32
      1       1 PUL0216	2.34e-69
      1       1 PUL0216	2.80e-110
      1       1 PUL0216	3.27e-43
      1       1 PUL0216	8.56e-64
      1       1 PUL0227	4.03e-74
      1       1 PUL0267	1.31e-232
      1       1 PUL0269	1.36e-72
      1       1 PUL0270	3.60e-140
      1       1 PUL0270	5.70e-85
      1       1 PUL0280	5.58e-14
      1       1 PUL0292	1.74e-18
      1       1 PUL0299	1.08e-138
      1       1 PUL0300	3.23e-78
      1       1 PUL0300	9.75e-67
      1       1 PUL0303	1.77e-94
      1       1 PUL0303	6.67e-163
      1       1 PUL0332	7.08e-122
      1       1 PUL0333	2.26e-12
      1       1 PUL0335	2.86e-212
      1       1 PUL0335	9.24e-69
      1       1 PUL0339	5.94e-165
      1       1 PUL0341	1.90e-165
      1       1 PUL0341	3.07e-129
      1       1 PUL0347	3.95e-144
      1       1 PUL0384	2.75e-26
      1       1 PUL0390	1.46e-92
      1       1 PUL0390	3.86e-75
      1       1 PUL0390	4.22e-84
      1       1 PUL0420	1.07e-194
      1       1 PUL0429	3.95e-35
      1       1 PUL0429	4.51e-46
      1       1 PUL0431	1.24e-155
      1       1 PUL0454	1.98e-49
      1       1 PUL0457	7.66e-09
      1       1 PUL0459	3.66e-90
      1       1 PUL0460	2.42e-64
      1       1 PUL0475	8.94e-104
      1       1 PUL0506	1.60e-128
      1       1 PUL0506	3.36e-138
      1       1 PUL0527	1.24e-54
      1       1 PUL0584	1.83e-137
      1       1 PUL0599	4.97e-127
