PUL0009	1
PUL0014	1
PUL0017	2
PUL0018	1
PUL0028	1
PUL0038	2
PUL0039	2
PUL0043	1
PUL0049	1
PUL0050	1
PUL0058	2
PUL0069	1
PUL0101	1
PUL0106	3
PUL0107	1
PUL0108	2
PUL0121	1
PUL0124	2
PUL0145	3
PUL0151	1
PUL0180	1
PUL0209	1
PUL0216	4
PUL0227	1
PUL0267	1
PUL0269	1
PUL0270	2
PUL0280	1
PUL0292	1
PUL0299	1
PUL0300	2
PUL0303	2
PUL0332	1
PUL0333	1
PUL0335	2
PUL0339	1
PUL0341	2
PUL0347	1
PUL0384	1
PUL0390	3
PUL0420	1
PUL0429	2
PUL0431	1
PUL0454	1
PUL0457	1
PUL0459	1
PUL0460	1
PUL0475	1
PUL0506	2
PUL0527	1
PUL0584	1
PUL0599	1
