      1       1 PUL0001	3.10e-126
      1       1 PUL0007	4.35e-112
      1       1 PUL0017	1.87e-185
      1       1 PUL0017	2.20e-178
      1       1 PUL0024	5.80e-198
      1       1 PUL0029	7.72e-199
      1       1 PUL0048	6.15e-204
      1       1 PUL0049	4.04e-159
      1       1 PUL0049	5.70e-06
      1       1 PUL0050	2.09e-98
      1       1 PUL0058	1.21e-234
      1       1 PUL0106	2.12e-158
      1       1 PUL0106	2.88e-167
      1       1 PUL0113	2.99e-218
      1       1 PUL0121	1.23e-35
      1       1 PUL0124	1.09e-113
      1       1 PUL0138	2.01e-29
      1       1 PUL0143	1.33e-156
      1       1 PUL0154	1.21e-162
      1       1 PUL0210	8.89e-169
      1       1 PUL0212	1.12e-115
      1       1 PUL0214	8.01e-209
      1       1 PUL0225	3.39e-162
      1       1 PUL0245	3.12e-284
      1       1 PUL0267	7.08e-94
      1       1 PUL0335	3.55e-92
      1       1 PUL0340	2.61e-212
      1       1 PUL0340	4.44e-38
      1       1 PUL0349	1.36e-205
      1       1 PUL0366	2.30e-48
      1       1 PUL0368	1.11e-74
      1       1 PUL0370	2.19e-156
      1       1 PUL0390	2.38e-24
      1       1 PUL0390	3.33e-152
      1       1 PUL0429	2.13e-83
      1       1 PUL0454	2.70e-37
      1       1 PUL0584	2.44e-146
