      1       1 PUL0017	2.48e-173
      1       1 PUL0017	2.77e-222
      1       1 PUL0017	4.08e-219
      1       1 PUL0017	7.99e-187
      1       1 PUL0041	1.71e-26
      1       1 PUL0050	1.65e-58
      1       1 PUL0058	1.76e-220
      1       1 PUL0058	8.25e-179
      1       1 PUL0058	9.34e-233
      1       1 PUL0073	6.51e-41
      1       1 PUL0093	1.59e-09
      1       1 PUL0101	2.82e-29
      1       1 PUL0106	2.00e-183
      1       1 PUL0106	2.03e-182
      1       1 PUL0108	1.38e-56
      1       1 PUL0108	5.44e-41
      1       1 PUL0123	2.28e-16
      1       1 PUL0123	2.48e-17
      1       1 PUL0124	2.40e-157
      1       1 PUL0130	1.42e-83
      1       1 PUL0145	1.12e-162
      1       1 PUL0145	3.84e-193
      1       1 PUL0152	6.74e-131
      1       1 PUL0168	1.49e-99
      1       1 PUL0180	3.94e-151
      1       1 PUL0202	7.31e-62
      1       1 PUL0212	4.35e-45
      1       1 PUL0232	3.10e-38
      1       1 PUL0235	2.32e-86
      1       1 PUL0267	3.67e-231
      1       1 PUL0270	1.24e-53
      1       1 PUL0279	1.48e-58
      1       1 PUL0300	1.08e-85
      1       1 PUL0300	4.44e-88
      1       1 PUL0309	6.07e-54
      1       1 PUL0324	6.60e-30
      1       1 PUL0328	1.12e-82
      1       1 PUL0333	3.11e-77
      1       1 PUL0335	1.23e-78
      1       1 PUL0335	3.11e-159
      1       1 PUL0339	1.01e-59
      1       1 PUL0340	1.19e-40
      1       1 PUL0340	2.12e-154
      1       1 PUL0340	9.04e-125
      1       1 PUL0341	3.41e-170
      1       1 PUL0384	1.36e-50
      1       1 PUL0390	1.43e-69
      1       1 PUL0396	3.29e-20
      1       1 PUL0406	2.08e-14
      1       1 PUL0406	2.54e-198
      1       1 PUL0413	2.67e-161
      1       1 PUL0413	3.38e-09
      1       1 PUL0424	2.39e-65
      1       1 PUL0431	1.47e-131
      1       1 PUL0431	9.37e-134
      1       1 PUL0493	7.02e-79
      1       1 PUL0498	9.56e-18
      1       1 PUL0519	7.74e-137
      1       1 PUL0577	3.98e-104
      1       1 PUL0577	4.20e-98
