      1       1 PUL0009	1.06e-123
      1       1 PUL0017	6.10e-159
      1       1 PUL0017	6.63e-191
      1       1 PUL0029	5.24e-36
      1       1 PUL0038	7.74e-259
      1       1 PUL0050	9.28e-98
      1       1 PUL0061	2.36e-95
      1       1 PUL0070	3.63e-168
      1       1 PUL0106	3.27e-178
      1       1 PUL0108	4.59e-33
      1       1 PUL0155	4.79e-29
      1       1 PUL0176	4.64e-52
      1       1 PUL0184	1.96e-30
      1       1 PUL0205	8.58e-90
      1       1 PUL0217	7.64e-46
      1       1 PUL0267	2.03e-75
      1       1 PUL0267	3.84e-216
      1       1 PUL0291	2.92e-24
      1       1 PUL0299	8.23e-70
      1       1 PUL0300	1.70e-100
      1       1 PUL0316	4.48e-64
      1       1 PUL0333	9.52e-78
      1       1 PUL0335	1.16e-171
      1       1 PUL0335	5.61e-71
      1       1 PUL0339	4.43e-16
      1       1 PUL0339	4.85e-17
      1       1 PUL0339	6.78e-163
      1       1 PUL0340	5.12e-140
      1       1 PUL0341	4.49e-142
      1       1 PUL0368	1.01e-62
      1       1 PUL0390	1.18e-35
      1       1 PUL0399	2.20e-23
      1       1 PUL0404	4.46e-42
      1       1 PUL0429	6.91e-113
      1       1 PUL0459	2.93e-10
      1       1 PUL0460	2.99e-60
      1       1 PUL0460	7.56e-93
      1       1 PUL0584	3.42e-139
      1       1 PUL0598	2.31e-112
