      1       1 PUL0010	2.89e-43
      1       1 PUL0017	1.78e-188
      1       1 PUL0029	2.63e-61
      1       1 PUL0106	1.55e-174
      1       1 PUL0121	5.94e-56
      1       1 PUL0124	6.66e-188
      1       1 PUL0145	3.45e-103
      1       1 PUL0145	3.62e-203
      1       1 PUL0163	2.43e-211
      1       1 PUL0164	4.36e-208
      1       1 PUL0169	7.11e-226
      1       1 PUL0227	1.23e-185
      1       1 PUL0227	2.84e-170
      1       1 PUL0267	1.06e-237
      1       1 PUL0267	3.38e-286
      1       1 PUL0316	4.26e-77
      1       1 PUL0332	5.75e-166
      1       1 PUL0335	1.52e-53
      1       1 PUL0335	4.45e-95
      1       1 PUL0340	2.58e-136
      1       1 PUL0359	1.45e-137
      1       1 PUL0365	2.65e-111
      1       1 PUL0460	5.57e-49
      1       1 PUL0481	3.85e-112
      1       1 PUL0539	8.09e-73
      1       1 PUL0597	3.56e-42
