      1       1 PUL0013	2.51e-31
      1       1 PUL0014	1.70e-10
      1       1 PUL0017	8.39e-165
      1       1 PUL0017	9.04e-191
      1       1 PUL0019	1.41e-127
      1       1 PUL0027	1.09e-82
      1       1 PUL0029	4.40e-58
      1       1 PUL0040	2.04e-157
      1       1 PUL0044	8.46e-195
      1       1 PUL0049	5.87e-12
      1       1 PUL0058	2.35e-194
      1       1 PUL0058	3.34e-207
      1       1 PUL0083	1.43e-137
      1       1 PUL0083	7.62e-194
      1       1 PUL0084	6.69e-42
      1       1 PUL0085	1.47e-86
      1       1 PUL0085	1.86e-47
      1       1 PUL0086	1.92e-77
      1       1 PUL0094	2.79e-71
      1       1 PUL0099	1.66e-245
      1       1 PUL0106	1.10e-146
      1       1 PUL0106	2.03e-168
      1       1 PUL0106	7.61e-116
      1       1 PUL0108	1.52e-08
      1       1 PUL0121	3.41e-09
      1       1 PUL0124	1.43e-210
      1       1 PUL0124	1.54e-224
      1       1 PUL0161	2.88e-48
      1       1 PUL0212	1.34e-160
      1       1 PUL0230	2.40e-46
      1       1 PUL0267	6.25e-63
      1       1 PUL0300	5.53e-126
      1       1 PUL0322	4.10e-125
      1       1 PUL0329	1.18e-42
      1       1 PUL0333	1.19e-134
      1       1 PUL0333	4.69e-125
      1       1 PUL0341	4.98e-198
      1       1 PUL0375	9.52e-47
      1       1 PUL0385	6.44e-36
      1       1 PUL0390	1.68e-28
      1       1 PUL0406	1.27e-158
      1       1 PUL0406	3.98e-08
      1       1 PUL0406	7.35e-27
      1       1 PUL0413	4.32e-165
      1       1 PUL0435	2.12e-07
      1       1 PUL0441	2.02e-08
      1       1 PUL0454	2.47e-29
      1       1 PUL0493	1.63e-24
      1       1 PUL0494	3.87e-187
      1       1 PUL0560	1.18e-07
      1       1 PUL0564	3.23e-116
      1       1 PUL0577	4.53e-171
      1       1 PUL0598	7.26e-234
