      1       1 PUL0008	1.72e-144
      1       1 PUL0017	7.74e-188
      1       1 PUL0019	4.23e-86
      1       1 PUL0033	3.02e-24
      1       1 PUL0038	1.27e-167
      1       1 PUL0038	7.44e-169
      1       1 PUL0049	2.84e-128
      1       1 PUL0049	6.40e-296
      1       1 PUL0070	3.27e-167
      1       1 PUL0075	2.53e-31
      1       1 PUL0088	2.08e-06
      1       1 PUL0093	1.43e-51
      1       1 PUL0094	1.74e-72
      1       1 PUL0106	1.01e-19
      1       1 PUL0106	1.01e-73
      1       1 PUL0106	3.38e-178
      1       1 PUL0106	5.46e-40
      1       1 PUL0108	7.72e-41
      1       1 PUL0121	2.54e-52
      1       1 PUL0124	2.60e-20
      1       1 PUL0124	4.22e-158
      1       1 PUL0136	4.86e-38
      1       1 PUL0145	1.11e-247
      1       1 PUL0145	4.61e-58
      1       1 PUL0145	9.67e-79
      1       1 PUL0180	4.93e-273
      1       1 PUL0199	1.30e-43
      1       1 PUL0227	3.44e-74
      1       1 PUL0235	6.18e-147
      1       1 PUL0240	7.16e-81
      1       1 PUL0267	5.24e-219
      1       1 PUL0267	8.69e-296
      1       1 PUL0281	9.20e-41
      1       1 PUL0286	8.50e-96
      1       1 PUL0298	3.27e-51
      1       1 PUL0300	2.15e-102
      1       1 PUL0316	1.60e-60
      1       1 PUL0316	3.04e-36
      1       1 PUL0333	1.31e-85
      1       1 PUL0333	3.93e-07
      1       1 PUL0335	1.16e-83
      1       1 PUL0335	1.22e-101
      1       1 PUL0335	2.59e-38
      1       1 PUL0337	2.95e-63
      1       1 PUL0339	1.90e-219
      1       1 PUL0339	3.64e-183
      1       1 PUL0339	7.56e-280
      1       1 PUL0340	2.22e-102
      1       1 PUL0341	4.64e-180
      1       1 PUL0344	1.99e-47
      1       1 PUL0344	3.13e-133
      1       1 PUL0345	5.11e-09
      1       1 PUL0345	6.57e-22
      1       1 PUL0347	8.63e-73
      1       1 PUL0356	1.34e-63
      1       1 PUL0390	4.03e-17
      1       1 PUL0406	2.34e-172
      1       1 PUL0406	3.34e-178
      1       1 PUL0425	1.98e-49
      1       1 PUL0434	1.84e-29
      1       1 PUL0442	7.60e-05
      1       1 PUL0446	4.59e-12
      1       1 PUL0457	1.50e-06
      1       1 PUL0459	7.61e-17
      1       1 PUL0474	2.22e-308
      1       1 PUL0487	6.58e-94
      1       1 PUL0501	4.19e-191
      1       1 PUL0521	1.18e-104
      1       1 PUL0527	1.21e-264
      1       1 PUL0560	1.68e-23
      1       1 PUL0560	7.92e-43
      1       1 PUL0584	1.59e-141
      1       1 PUL0601	1.34e-13
