PUL0008	1
PUL0017	1
PUL0019	1
PUL0033	1
PUL0038	2
PUL0049	2
PUL0070	1
PUL0075	1
PUL0088	1
PUL0093	1
PUL0094	1
PUL0106	4
PUL0108	1
PUL0121	1
PUL0124	2
PUL0136	1
PUL0145	3
PUL0180	1
PUL0199	1
PUL0227	1
PUL0235	1
PUL0240	1
PUL0267	2
PUL0281	1
PUL0286	1
PUL0298	1
PUL0300	1
PUL0316	2
PUL0333	2
PUL0335	3
PUL0337	1
PUL0339	3
PUL0340	1
PUL0341	1
PUL0344	2
PUL0345	2
PUL0347	1
PUL0356	1
PUL0390	1
PUL0406	2
PUL0425	1
PUL0434	1
PUL0442	1
PUL0446	1
PUL0457	1
PUL0459	1
PUL0474	1
PUL0487	1
PUL0501	1
PUL0521	1
PUL0527	1
PUL0560	2
PUL0584	1
PUL0601	1
