      1       1 PUL0016	2.27e-155
      1       1 PUL0016	2.40e-133
      1       1 PUL0016	4.85e-152
      1       1 PUL0017	2.59e-65
      1       1 PUL0017	4.71e-183
      1       1 PUL0025	1.24e-197
      1       1 PUL0025	2.84e-112
      1       1 PUL0029	7.85e-38
      1       1 PUL0041	3.61e-181
      1       1 PUL0041	6.79e-155
      1       1 PUL0048	5.77e-203
      1       1 PUL0049	1.66e-32
      1       1 PUL0050	2.20e-95
      1       1 PUL0101	8.16e-97
      1       1 PUL0106	1.01e-117
      1       1 PUL0106	1.68e-171
      1       1 PUL0106	8.10e-241
      1       1 PUL0113	2.50e-232
      1       1 PUL0113	4.07e-195
      1       1 PUL0113	7.46e-158
      1       1 PUL0123	3.64e-31
      1       1 PUL0124	6.46e-172
      1       1 PUL0124	8.37e-97
      1       1 PUL0126	4.89e-24
      1       1 PUL0161	3.92e-05
      1       1 PUL0186	1.34e-151
      1       1 PUL0186	5.85e-147
      1       1 PUL0195	3.03e-112
      1       1 PUL0195	3.90e-138
      1       1 PUL0195	9.70e-82
      1       1 PUL0225	2.09e-47
      1       1 PUL0230	4.32e-110
      1       1 PUL0238	1.26e-187
      1       1 PUL0256	2.05e-125
      1       1 PUL0267	2.10e-146
      1       1 PUL0267	2.38e-74
      1       1 PUL0337	1.44e-188
      1       1 PUL0337	2.97e-120
      1       1 PUL0340	1.00e-38
      1       1 PUL0340	3.91e-45
      1       1 PUL0340	7.16e-53
      1       1 PUL0341	4.32e-182
      1       1 PUL0345	9.19e-58
      1       1 PUL0349	3.75e-227
      1       1 PUL0368	1.03e-33
      1       1 PUL0369	1.85e-65
      1       1 PUL0406	2.82e-231
      1       1 PUL0406	4.16e-04
      1       1 PUL0519	9.40e-269
      1       1 PUL0576	2.05e-124
      1       1 PUL0576	2.88e-246
      1       1 PUL0584	5.58e-187
      1       1 PUL0600	7.96e-13
      1       1 PUL0601	7.96e-37
      1       1 PUL0602	4.11e-41
