      1       1 PUL0001	1.04e-271
      1       1 PUL0017	2.19e-202
      1       1 PUL0024	1.42e-214
      1       1 PUL0029	8.35e-46
      1       1 PUL0038	6.56e-162
      1       1 PUL0058	4.93e-129
      1       1 PUL0058	5.86e-245
      1       1 PUL0070	3.37e-114
      1       1 PUL0106	1.21e-108
      1       1 PUL0106	1.39e-61
      1       1 PUL0106	6.56e-185
      1       1 PUL0106	7.90e-179
      1       1 PUL0162	8.10e-179
      1       1 PUL0191	5.17e-47
      1       1 PUL0230	2.47e-104
      1       1 PUL0337	2.76e-196
      1       1 PUL0406	1.59e-211
      1       1 PUL0413	4.69e-161
      1       1 PUL0414	1.67e-120
      1       1 PUL0501	2.36e-169
      1       1 PUL0519	7.00e-158
      1       1 PUL0527	3.52e-84
      1       1 PUL0530	1.31e-07
      1       1 PUL0572	1.98e-103
      1       1 PUL0595	2.67e-118
