      1       1 PUL0017	1.06e-191
      1       1 PUL0017	1.10e-185
      1       1 PUL0029	5.65e-25
      1       1 PUL0049	2.68e-311
      1       1 PUL0070	2.30e-19
      1       1 PUL0093	2.38e-47
      1       1 PUL0102	8.31e-109
      1       1 PUL0103	1.44e-219
      1       1 PUL0106	2.19e-77
      1       1 PUL0106	4.42e-304
      1       1 PUL0108	1.30e-54
      1       1 PUL0108	3.03e-28
      1       1 PUL0108	4.37e-46
      1       1 PUL0109	2.70e-174
      1       1 PUL0121	1.32e-159
      1       1 PUL0123	1.54e-13
      1       1 PUL0152	2.55e-122
      1       1 PUL0161	1.73e-24
      1       1 PUL0178	4.44e-199
      1       1 PUL0180	1.80e-28
      1       1 PUL0180	2.20e-140
      1       1 PUL0218	1.01e-105
      1       1 PUL0228	1.72e-05
      1       1 PUL0247	1.97e-176
      1       1 PUL0260	3.18e-134
      1       1 PUL0267	5.00e-305
      1       1 PUL0267	6.23e-242
      1       1 PUL0300	2.55e-109
      1       1 PUL0300	6.86e-32
      1       1 PUL0326	6.21e-13
      1       1 PUL0326	8.79e-13
      1       1 PUL0334	1.10e-227
      1       1 PUL0335	9.10e-203
      1       1 PUL0336	7.79e-138
      1       1 PUL0339	1.36e-252
      1       1 PUL0339	3.76e-211
      1       1 PUL0344	1.51e-111
      1       1 PUL0353	5.00e-190
      1       1 PUL0368	4.74e-31
      1       1 PUL0420	3.10e-247
      1       1 PUL0430	4.18e-13
      1       1 PUL0435	7.40e-173
      1       1 PUL0436	6.06e-295
      1       1 PUL0454	6.77e-19
      1       1 PUL0478	2.06e-125
      1       1 PUL0499	4.15e-107
      1       1 PUL0527	6.13e-254
      1       1 PUL0534	1.35e-197
