      1       1 PUL0017	1.66e-194
      1       1 PUL0017	2.22e-181
      1       1 PUL0029	1.06e-35
      1       1 PUL0031	1.03e-288
      1       1 PUL0101	2.62e-121
      1       1 PUL0106	2.14e-227
      1       1 PUL0106	2.35e-150
      1       1 PUL0108	1.70e-36
      1       1 PUL0121	3.56e-162
      1       1 PUL0140	2.46e-243
      1       1 PUL0152	8.78e-96
      1       1 PUL0161	1.23e-49
      1       1 PUL0161	5.66e-08
      1       1 PUL0163	2.10e-61
      1       1 PUL0169	2.05e-282
      1       1 PUL0182	4.14e-154
      1       1 PUL0199	2.39e-62
      1       1 PUL0214	1.52e-111
      1       1 PUL0216	9.88e-64
      1       1 PUL0218	5.82e-93
      1       1 PUL0221	3.49e-116
      1       1 PUL0227	1.34e-63
      1       1 PUL0267	1.52e-177
      1       1 PUL0267	1.61e-71
      1       1 PUL0267	2.32e-239
      1       1 PUL0267	2.36e-147
      1       1 PUL0276	8.44e-320
      1       1 PUL0283	1.31e-123
      1       1 PUL0294	2.82e-308
      1       1 PUL0309	1.55e-105
      1       1 PUL0333	1.75e-84
      1       1 PUL0333	2.50e-15
      1       1 PUL0337	3.24e-199
      1       1 PUL0374	8.11e-137
      1       1 PUL0527	9.77e-51
      1       1 PUL0560	4.62e-36
      1       1 PUL0574	6.54e-177
      1       1 PUL0584	1.57e-124
