      1       1 PUL0007	1.95e-114
      1       1 PUL0017	1.28e-28
      1       1 PUL0017	5.26e-191
      1       1 PUL0017	6.10e-190
      1       1 PUL0017	6.61e-04
      1       1 PUL0024	6.85e-82
      1       1 PUL0024	8.60e-66
      1       1 PUL0029	3.31e-83
      1       1 PUL0029	9.16e-129
      1       1 PUL0047	3.62e-175
      1       1 PUL0058	7.79e-262
      1       1 PUL0061	1.18e-184
      1       1 PUL0072	4.90e-61
      1       1 PUL0078	3.41e-14
      1       1 PUL0101	2.90e-59
      1       1 PUL0104	5.18e-61
      1       1 PUL0106	2.13e-180
      1       1 PUL0121	1.04e-14
      1       1 PUL0121	1.11e-121
      1       1 PUL0121	1.25e-88
      1       1 PUL0121	1.49e-180
      1       1 PUL0145	1.71e-208
      1       1 PUL0184	9.82e-31
      1       1 PUL0225	3.33e-94
      1       1 PUL0227	4.45e-177
      1       1 PUL0236	2.08e-107
      1       1 PUL0294	9.74e-95
      1       1 PUL0296	7.23e-90
      1       1 PUL0297	6.36e-51
      1       1 PUL0301	4.25e-152
      1       1 PUL0335	1.05e-192
      1       1 PUL0335	2.76e-148
      1       1 PUL0336	4.04e-28
      1       1 PUL0337	1.90e-91
      1       1 PUL0337	1.91e-161
      1       1 PUL0339	2.72e-155
      1       1 PUL0340	1.64e-227
      1       1 PUL0340	2.14e-151
      1       1 PUL0340	2.86e-161
      1       1 PUL0341	7.34e-218
      1       1 PUL0347	5.49e-90
      1       1 PUL0349	2.66e-189
      1       1 PUL0369	1.49e-43
      1       1 PUL0390	4.02e-22
      1       1 PUL0404	3.47e-72
      1       1 PUL0406	1.80e-158
      1       1 PUL0413	2.60e-56
      1       1 PUL0458	1.17e-24
      1       1 PUL0460	2.41e-17
      1       1 PUL0460	2.78e-08
      1       1 PUL0489	7.26e-47
      1       1 PUL0501	6.00e-164
      1       1 PUL0530	5.65e-277
      1       1 PUL0532	4.66e-193
      1       1 PUL0601	2.52e-170
