      1       1 PUL0009	1.76e-76
      1       1 PUL0010	8.58e-16
      1       1 PUL0013	1.63e-38
      1       1 PUL0017	1.62e-174
      1       1 PUL0020	1.06e-35
      1       1 PUL0024	6.53e-16
      1       1 PUL0036	3.22e-97
      1       1 PUL0050	6.72e-80
      1       1 PUL0060	2.82e-22
      1       1 PUL0075	5.52e-23
      1       1 PUL0081	3.64e-12
      1       1 PUL0094	1.92e-49
      1       1 PUL0101	2.74e-197
      1       1 PUL0106	1.49e-87
      1       1 PUL0106	1.77e-175
      1       1 PUL0106	2.38e-130
      1       1 PUL0106	5.48e-14
      1       1 PUL0106	9.11e-163
      1       1 PUL0108	2.25e-85
      1       1 PUL0121	1.81e-24
      1       1 PUL0121	2.41e-67
      1       1 PUL0121	3.83e-85
      1       1 PUL0121	6.41e-92
      1       1 PUL0121	8.88e-175
      1       1 PUL0123	8.50e-43
      1       1 PUL0133	9.81e-72
      1       1 PUL0145	1.21e-204
      1       1 PUL0145	2.11e-188
      1       1 PUL0150	1.90e-83
      1       1 PUL0151	1.62e-07
      1       1 PUL0161	1.66e-11
      1       1 PUL0179	9.78e-53
      1       1 PUL0180	5.14e-158
      1       1 PUL0199	2.12e-49
      1       1 PUL0206	5.23e-93
      1       1 PUL0216	1.21e-37
      1       1 PUL0218	3.73e-50
      1       1 PUL0225	5.65e-104
      1       1 PUL0226	1.41e-08
      1       1 PUL0236	1.76e-81
      1       1 PUL0240	1.05e-108
      1       1 PUL0267	1.73e-226
      1       1 PUL0267	3.43e-227
      1       1 PUL0269	3.26e-22
      1       1 PUL0281	2.41e-133
      1       1 PUL0302	1.26e-79
      1       1 PUL0309	1.07e-57
      1       1 PUL0311	2.02e-234
      1       1 PUL0329	2.72e-17
      1       1 PUL0333	1.41e-107
      1       1 PUL0333	2.37e-120
      1       1 PUL0333	6.74e-15
      1       1 PUL0337	6.87e-40
      1       1 PUL0339	1.87e-15
      1       1 PUL0339	2.16e-50
      1       1 PUL0339	3.02e-07
      1       1 PUL0339	7.80e-85
      1       1 PUL0340	6.34e-10
      1       1 PUL0340	8.09e-226
      1       1 PUL0341	1.78e-158
      1       1 PUL0346	8.95e-09
      1       1 PUL0365	1.55e-29
      1       1 PUL0365	6.39e-75
      1       1 PUL0375	1.31e-88
      1       1 PUL0375	1.77e-36
      1       1 PUL0375	3.39e-124
      1       1 PUL0375	5.94e-123
      1       1 PUL0396	6.72e-13
      1       1 PUL0399	1.10e-08
      1       1 PUL0401	1.16e-36
      1       1 PUL0401	2.25e-67
      1       1 PUL0404	6.79e-60
      1       1 PUL0413	1.48e-43
      1       1 PUL0414	4.50e-79
      1       1 PUL0429	2.04e-86
      1       1 PUL0434	1.33e-49
      1       1 PUL0449	3.25e-31
      1       1 PUL0454	1.31e-30
      1       1 PUL0460	1.65e-17
      1       1 PUL0460	5.06e-69
      1       1 PUL0460	5.10e-07
      1       1 PUL0530	1.30e-47
      1       1 PUL0530	5.22e-23
      1       1 PUL0577	1.96e-09
      1       1 PUL0598	2.92e-51
      1       1 PUL0599	6.56e-70
