PUL0009 1
PUL0010 1
PUL0013 1
PUL0017 1
PUL0020 1
PUL0024 1
PUL0036 1
PUL0050 1
PUL0060 1
PUL0075 1
PUL0081 1
PUL0094 1
PUL0101 1
PUL0106 5
PUL0108 1
PUL0121 5
PUL0123 1
PUL0133 1
PUL0145 2
PUL0150 1
PUL0151 1
PUL0161 1
PUL0179 1
PUL0180 1
PUL0199 1
PUL0206 1
PUL0216 1
PUL0218 1
PUL0225 1
PUL0226 1
PUL0236 1
PUL0240 1
PUL0267 2
PUL0269 1
PUL0281 1
PUL0302 1
PUL0309 1
PUL0311 1
PUL0329 1
PUL0333 3
PUL0337 1
PUL0339 4
PUL0340 2
PUL0341 1
PUL0346 1
PUL0365 2
PUL0375 4
PUL0396 1
PUL0399 1
PUL0401 2
PUL0404 1
PUL0413 1
PUL0414 1
PUL0429 1
PUL0434 1
PUL0449 1
PUL0454 1
PUL0460 3
PUL0530 2
PUL0577 1
PUL0598 1
PUL0599 1
