      1       1 PUL0009	1.78e-78
      1       1 PUL0013	9.84e-39
      1       1 PUL0024	6.95e-16
      1       1 PUL0025	9.29e-05
      1       1 PUL0036	2.70e-95
      1       1 PUL0049	2.37e-06
      1       1 PUL0050	3.00e-80
      1       1 PUL0057	9.89e-141
      1       1 PUL0075	1.50e-24
      1       1 PUL0094	5.25e-49
      1       1 PUL0101	1.82e-196
      1       1 PUL0101	7.67e-39
      1       1 PUL0106	1.41e-13
      1       1 PUL0106	1.44e-23
      1       1 PUL0106	2.75e-46
      1       1 PUL0106	5.64e-131
      1       1 PUL0106	6.52e-188
      1       1 PUL0108	1.37e-86
      1       1 PUL0109	3.11e-145
      1       1 PUL0110	1.65e-20
      1       1 PUL0121	2.15e-31
      1       1 PUL0121	2.28e-26
      1       1 PUL0121	4.68e-85
      1       1 PUL0121	6.27e-80
      1       1 PUL0121	8.04e-175
      1       1 PUL0121	8.26e-92
      1       1 PUL0123	1.31e-10
      1       1 PUL0123	1.36e-45
      1       1 PUL0123	1.75e-27
      1       1 PUL0123	7.84e-29
      1       1 PUL0124	1.19e-27
      1       1 PUL0134	9.67e-21
      1       1 PUL0143	7.87e-50
      1       1 PUL0145	2.26e-206
      1       1 PUL0145	4.08e-190
      1       1 PUL0145	5.97e-189
      1       1 PUL0161	1.17e-53
      1       1 PUL0161	1.92e-46
      1       1 PUL0161	5.98e-12
      1       1 PUL0180	6.74e-157
      1       1 PUL0199	4.87e-49
      1       1 PUL0225	3.31e-107
      1       1 PUL0226	2.10e-09
      1       1 PUL0226	2.93e-11
      1       1 PUL0267	1.28e-226
      1       1 PUL0267	1.39e-227
      1       1 PUL0267	1.53e-172
      1       1 PUL0269	4.18e-21
      1       1 PUL0286	2.77e-122
      1       1 PUL0297	2.05e-47
      1       1 PUL0300	3.53e-11
      1       1 PUL0303	5.28e-36
      1       1 PUL0311	8.84e-235
      1       1 PUL0333	4.40e-10
      1       1 PUL0333	4.71e-106
      1       1 PUL0335	5.49e-69
      1       1 PUL0335	9.34e-14
      1       1 PUL0337	8.51e-39
      1       1 PUL0339	2.88e-169
      1       1 PUL0340	2.13e-73
      1       1 PUL0340	3.31e-05
      1       1 PUL0340	3.63e-228
      1       1 PUL0341	9.51e-158
      1       1 PUL0365	1.06e-20
      1       1 PUL0365	1.39e-58
      1       1 PUL0365	6.60e-60
      1       1 PUL0375	6.41e-123
      1       1 PUL0390	2.77e-80
      1       1 PUL0396	4.12e-08
      1       1 PUL0401	1.67e-67
      1       1 PUL0404	2.04e-59
      1       1 PUL0406	2.37e-116
      1       1 PUL0414	1.49e-103
      1       1 PUL0414	2.82e-80
      1       1 PUL0429	4.16e-86
      1       1 PUL0434	1.68e-10
      1       1 PUL0434	3.00e-50
      1       1 PUL0459	2.89e-12
      1       1 PUL0460	1.15e-67
      1       1 PUL0494	1.52e-32
      1       1 PUL0527	1.60e-58
      1       1 PUL0530	1.51e-47
      1       1 PUL0599	3.14e-68
