PUL0009	1
PUL0013	1
PUL0024	1
PUL0025	1
PUL0036	1
PUL0049	1
PUL0050	1
PUL0057	1
PUL0075	1
PUL0094	1
PUL0101	2
PUL0106	5
PUL0108	1
PUL0109	1
PUL0110	1
PUL0121	6
PUL0123	4
PUL0124	1
PUL0134	1
PUL0143	1
PUL0145	3
PUL0161	3
PUL0180	1
PUL0199	1
PUL0225	1
PUL0226	2
PUL0267	3
PUL0269	1
PUL0286	1
PUL0297	1
PUL0300	1
PUL0303	1
PUL0311	1
PUL0333	2
PUL0335	2
PUL0337	1
PUL0339	1
PUL0340	3
PUL0341	1
PUL0365	3
PUL0375	1
PUL0390	1
PUL0396	1
PUL0401	1
PUL0404	1
PUL0406	1
PUL0414	2
PUL0429	1
PUL0434	2
PUL0459	1
PUL0460	1
PUL0494	1
PUL0527	1
PUL0530	1
PUL0599	1
