      1       1 PUL0029	8.48e-51
      1       1 PUL0049	1.19e-42
      1       1 PUL0049	2.20e-300
      1       1 PUL0075	2.67e-34
      1       1 PUL0093	1.47e-23
      1       1 PUL0094	1.36e-109
      1       1 PUL0094	3.55e-109
      1       1 PUL0106	1.14e-90
      1       1 PUL0106	2.73e-76
      1       1 PUL0106	8.69e-75
      1       1 PUL0108	1.45e-45
      1       1 PUL0108	2.00e-72
      1       1 PUL0145	1.07e-72
      1       1 PUL0145	1.81e-56
      1       1 PUL0145	4.28e-290
      1       1 PUL0145	4.73e-252
      1       1 PUL0161	6.64e-66
      1       1 PUL0193	1.44e-129
      1       1 PUL0199	2.60e-44
      1       1 PUL0225	1.92e-20
      1       1 PUL0236	1.25e-97
      1       1 PUL0256	5.11e-05
      1       1 PUL0259	1.53e-04
      1       1 PUL0267	1.26e-290
      1       1 PUL0299	6.06e-16
      1       1 PUL0300	1.17e-80
      1       1 PUL0300	6.18e-37
      1       1 PUL0324	6.20e-04
      1       1 PUL0333	7.16e-06
      1       1 PUL0334	1.78e-154
      1       1 PUL0336	1.16e-39
      1       1 PUL0336	3.26e-118
      1       1 PUL0337	3.34e-65
      1       1 PUL0339	4.88e-105
      1       1 PUL0339	8.69e-280
      1       1 PUL0339	9.51e-182
      1       1 PUL0344	2.36e-23
      1       1 PUL0387	4.56e-11
      1       1 PUL0406	9.43e-211
      1       1 PUL0409	1.46e-65
      1       1 PUL0410	1.52e-69
      1       1 PUL0420	9.01e-312
      1       1 PUL0425	6.78e-54
      1       1 PUL0443	3.17e-85
      1       1 PUL0443	5.55e-167
      1       1 PUL0443	6.69e-06
      1       1 PUL0459	3.99e-176
      1       1 PUL0460	3.65e-52
      1       1 PUL0463	1.10e-44
      1       1 PUL0474	6.32e-304
      1       1 PUL0474	7.06e-305
      1       1 PUL0483	4.89e-16
      1       1 PUL0489	9.33e-25
      1       1 PUL0521	3.69e-09
      1       1 PUL0527	8.81e-267
      1       1 PUL0530	2.30e-30
      1       1 PUL0530	2.71e-10
      1       1 PUL0539	5.45e-274
      1       1 PUL0543	7.10e-47
      1       1 PUL0584	2.14e-141
