      1       1 PUL0010	3.49e-204
      1       1 PUL0017	2.06e-189
      1       1 PUL0017	2.58e-152
      1       1 PUL0029	8.77e-123
      1       1 PUL0037	4.10e-25
      1       1 PUL0041	4.17e-246
      1       1 PUL0049	1.24e-201
      1       1 PUL0050	6.61e-89
      1       1 PUL0058	1.43e-211
      1       1 PUL0061	1.08e-226
      1       1 PUL0100	7.39e-296
      1       1 PUL0106	2.96e-04
      1       1 PUL0106	3.68e-226
      1       1 PUL0145	2.08e-185
      1       1 PUL0145	6.43e-197
      1       1 PUL0145	9.27e-183
      1       1 PUL0168	5.54e-309
      1       1 PUL0172	8.56e-182
      1       1 PUL0180	1.14e-161
      1       1 PUL0184	1.03e-33
      1       1 PUL0184	3.08e-36
      1       1 PUL0202	5.79e-302
      1       1 PUL0230	7.39e-81
      1       1 PUL0246	2.78e-237
      1       1 PUL0267	1.26e-227
      1       1 PUL0296	1.06e-117
      1       1 PUL0316	1.00e-130
      1       1 PUL0329	1.04e-122
      1       1 PUL0333	1.74e-107
      1       1 PUL0333	8.96e-26
      1       1 PUL0335	1.45e-140
      1       1 PUL0335	3.72e-197
      1       1 PUL0336	2.37e-06
      1       1 PUL0347	5.15e-232
      1       1 PUL0347	9.60e-86
      1       1 PUL0396	3.12e-79
      1       1 PUL0410	1.04e-319
      1       1 PUL0459	1.10e-201
      1       1 PUL0461	2.40e-165
      1       1 PUL0493	1.17e-50
      1       1 PUL0530	2.81e-276
      1       1 PUL0584	9.98e-150
      1       1 PUL0586	3.44e-241
      1       1 PUL0601	2.19e-35
