      1       1 PUL0001	4.47e-168
      1       1 PUL0017	1.91e-203
      1       1 PUL0017	5.75e-221
      1       1 PUL0019	1.94e-219
      1       1 PUL0019	4.93e-168
      1       1 PUL0019	6.70e-66
      1       1 PUL0033	3.53e-49
      1       1 PUL0050	1.66e-36
      1       1 PUL0050	5.00e-25
      1       1 PUL0070	1.37e-192
      1       1 PUL0095	9.79e-143
      1       1 PUL0106	1.06e-192
      1       1 PUL0106	1.21e-18
      1       1 PUL0106	1.40e-128
      1       1 PUL0106	1.60e-254
      1       1 PUL0106	6.55e-41
      1       1 PUL0108	1.41e-114
      1       1 PUL0124	6.89e-94
      1       1 PUL0184	5.03e-214
      1       1 PUL0189	6.56e-63
      1       1 PUL0195	1.91e-105
      1       1 PUL0212	1.38e-176
      1       1 PUL0212	1.97e-177
      1       1 PUL0216	1.14e-87
      1       1 PUL0225	7.22e-34
      1       1 PUL0230	5.52e-89
      1       1 PUL0238	1.97e-229
      1       1 PUL0269	5.50e-95
      1       1 PUL0286	9.21e-07
      1       1 PUL0294	7.19e-99
      1       1 PUL0299	2.36e-37
      1       1 PUL0300	2.89e-107
      1       1 PUL0300	5.52e-81
      1       1 PUL0300	5.64e-121
      1       1 PUL0300	9.78e-96
      1       1 PUL0309	8.57e-91
      1       1 PUL0333	4.37e-113
      1       1 PUL0335	1.09e-165
      1       1 PUL0335	1.26e-175
      1       1 PUL0335	1.28e-75
      1       1 PUL0335	2.78e-100
      1       1 PUL0336	7.31e-96
      1       1 PUL0337	4.84e-85
      1       1 PUL0340	6.08e-45
      1       1 PUL0340	6.28e-46
      1       1 PUL0347	1.60e-290
      1       1 PUL0347	2.42e-37
      1       1 PUL0347	4.40e-68
      1       1 PUL0368	1.41e-23
      1       1 PUL0373	2.63e-130
      1       1 PUL0413	1.88e-159
      1       1 PUL0414	9.74e-133
      1       1 PUL0454	3.37e-21
      1       1 PUL0459	8.88e-69
      1       1 PUL0460	7.60e-14
      1       1 PUL0515	4.26e-119
      1       1 PUL0527	1.87e-86
      1       1 PUL0527	3.63e-76
      1       1 PUL0530	2.98e-37
      1       1 PUL0575	2.12e-250
      1       1 PUL0576	1.69e-125
      1       1 PUL0579	2.44e-80
      1       1 PUL0579	5.52e-101
      1       1 PUL0590	2.64e-188
