      1       1 PUL0001	3.96e-09
      1       1 PUL0007	8.60e-102
      1       1 PUL0009	3.09e-67
      1       1 PUL0011	4.62e-15
      1       1 PUL0013	1.11e-06
      1       1 PUL0013	1.31e-34
      1       1 PUL0017	1.36e-185
      1       1 PUL0017	1.37e-186
      1       1 PUL0017	6.22e-35
      1       1 PUL0017	7.63e-88
      1       1 PUL0026	1.36e-110
      1       1 PUL0029	1.16e-42
      1       1 PUL0029	2.82e-41
      1       1 PUL0036	2.23e-10
      1       1 PUL0049	2.22e-30
      1       1 PUL0049	3.03e-17
      1       1 PUL0049	6.78e-62
      1       1 PUL0049	9.29e-41
      1       1 PUL0050	3.20e-93
      1       1 PUL0058	5.35e-51
      1       1 PUL0059	9.09e-108
      1       1 PUL0061	1.48e-09
      1       1 PUL0061	6.90e-18
      1       1 PUL0061	7.78e-153
      1       1 PUL0075	8.21e-145
      1       1 PUL0081	6.02e-04
      1       1 PUL0101	1.10e-92
      1       1 PUL0101	2.25e-143
      1       1 PUL0101	3.31e-138
      1       1 PUL0101	7.37e-116
      1       1 PUL0101	8.86e-158
      1       1 PUL0106	1.43e-252
      1       1 PUL0106	1.56e-236
      1       1 PUL0106	3.56e-42
      1       1 PUL0106	7.37e-70
      1       1 PUL0106	8.71e-106
      1       1 PUL0108	6.97e-46
      1       1 PUL0108	8.50e-25
      1       1 PUL0121	5.61e-37
      1       1 PUL0121	8.52e-91
      1       1 PUL0121	8.55e-111
      1       1 PUL0124	2.25e-33
      1       1 PUL0124	4.91e-86
      1       1 PUL0133	1.33e-44
      1       1 PUL0134	2.26e-21
      1       1 PUL0134	2.56e-112
      1       1 PUL0143	1.93e-04
      1       1 PUL0145	2.46e-166
      1       1 PUL0145	8.58e-20
      1       1 PUL0145	9.65e-149
      1       1 PUL0146	2.26e-82
      1       1 PUL0146	2.85e-60
      1       1 PUL0147	6.31e-76
      1       1 PUL0148	1.19e-127
      1       1 PUL0148	1.22e-123
      1       1 PUL0148	1.27e-37
      1       1 PUL0148	1.76e-88
      1       1 PUL0151	8.57e-61
      1       1 PUL0155	7.89e-12
      1       1 PUL0160	6.98e-30
      1       1 PUL0160	7.19e-87
      1       1 PUL0161	2.56e-62
      1       1 PUL0163	2.40e-37
      1       1 PUL0172	3.30e-61
      1       1 PUL0180	1.17e-141
      1       1 PUL0180	1.70e-24
      1       1 PUL0184	1.16e-167
      1       1 PUL0202	8.42e-204
      1       1 PUL0211	6.76e-16
      1       1 PUL0220	1.74e-282
      1       1 PUL0220	5.28e-66
      1       1 PUL0220	9.58e-207
      1       1 PUL0225	1.04e-15
      1       1 PUL0236	1.93e-107
      1       1 PUL0236	2.66e-64
      1       1 PUL0245	6.60e-254
      1       1 PUL0246	1.97e-63
      1       1 PUL0261	3.03e-15
      1       1 PUL0266	3.55e-19
      1       1 PUL0267	3.79e-247
      1       1 PUL0267	6.66e-228
      1       1 PUL0285	2.62e-07
      1       1 PUL0292	1.83e-42
      1       1 PUL0292	5.10e-09
      1       1 PUL0299	1.08e-21
      1       1 PUL0299	9.73e-71
      1       1 PUL0299	9.85e-39
      1       1 PUL0300	1.20e-74
      1       1 PUL0300	1.84e-77
      1       1 PUL0313	3.09e-82
      1       1 PUL0329	2.08e-144
      1       1 PUL0329	2.86e-94
      1       1 PUL0329	7.49e-107
      1       1 PUL0329	8.76e-93
      1       1 PUL0332	1.09e-99
      1       1 PUL0332	6.71e-109
      1       1 PUL0332	7.77e-106
      1       1 PUL0333	8.64e-100
      1       1 PUL0335	1.14e-64
      1       1 PUL0335	1.41e-04
      1       1 PUL0335	3.36e-183
      1       1 PUL0336	1.65e-68
      1       1 PUL0336	3.56e-82
      1       1 PUL0337	1.63e-131
      1       1 PUL0364	1.31e-241
      1       1 PUL0364	4.56e-128
      1       1 PUL0365	6.74e-11
      1       1 PUL0368	1.24e-14
      1       1 PUL0382	8.66e-15
      1       1 PUL0384	9.43e-41
      1       1 PUL0390	1.92e-92
      1       1 PUL0390	7.31e-67
      1       1 PUL0390	9.02e-46
      1       1 PUL0396	1.04e-80
      1       1 PUL0396	1.41e-24
      1       1 PUL0396	5.92e-125
      1       1 PUL0406	1.59e-51
      1       1 PUL0406	2.26e-12
      1       1 PUL0406	4.09e-86
      1       1 PUL0409	3.76e-66
      1       1 PUL0410	2.47e-40
      1       1 PUL0413	1.61e-167
      1       1 PUL0413	2.62e-111
      1       1 PUL0414	3.43e-33
      1       1 PUL0436	2.67e-18
      1       1 PUL0443	9.61e-16
      1       1 PUL0446	2.62e-40
      1       1 PUL0458	1.28e-36
      1       1 PUL0458	2.19e-11
      1       1 PUL0460	1.73e-55
      1       1 PUL0460	2.71e-28
      1       1 PUL0460	3.87e-12
      1       1 PUL0463	1.41e-72
      1       1 PUL0467	1.66e-12
      1       1 PUL0467	4.87e-20
      1       1 PUL0468	2.97e-102
      1       1 PUL0468	5.80e-104
      1       1 PUL0468	6.34e-14
      1       1 PUL0468	7.33e-87
      1       1 PUL0468	8.07e-148
      1       1 PUL0472	2.37e-16
      1       1 PUL0473	7.58e-04
      1       1 PUL0475	1.23e-50
      1       1 PUL0482	2.03e-138
      1       1 PUL0482	2.33e-142
      1       1 PUL0482	3.28e-04
      1       1 PUL0482	5.58e-56
      1       1 PUL0489	6.43e-37
      1       1 PUL0493	4.15e-16
      1       1 PUL0496	1.26e-38
      1       1 PUL0510	9.28e-62
      1       1 PUL0522	1.17e-35
      1       1 PUL0527	2.24e-235
      1       1 PUL0577	2.27e-74
      1       1 PUL0584	1.23e-144
      1       1 PUL0598	1.18e-155
