PUL0001;1
PUL0007;1
PUL0009;1
PUL0011;1
PUL0013;2
PUL0017;4
PUL0026;1
PUL0029;2
PUL0036;1
PUL0049;4
PUL0050;1
PUL0058;1
PUL0059;1
PUL0061;3
PUL0075;1
PUL0081;1
PUL0101;5
PUL0106;5
PUL0108;2
PUL0121;3
PUL0124;2
PUL0133;1
PUL0134;2
PUL0143;1
PUL0145;3
PUL0146;2
PUL0147;1
PUL0148;4
PUL0151;1
PUL0155;1
PUL0160;2
PUL0161;1
PUL0163;1
PUL0172;1
PUL0180;2
PUL0184;1
PUL0202;1
PUL0211;1
PUL0220;3
PUL0225;1
PUL0236;2
PUL0245;1
PUL0246;1
PUL0261;1
PUL0266;1
PUL0267;2
PUL0285;1
PUL0292;2
PUL0299;3
PUL0300;2
PUL0313;1
PUL0329;4
PUL0332;3
PUL0333;1
PUL0335;3
PUL0336;2
PUL0337;1
PUL0364;2
PUL0365;1
PUL0368;1
PUL0382;1
PUL0384;1
PUL0390;3
PUL0396;3
PUL0406;3
PUL0409;1
PUL0410;1
PUL0413;2
PUL0414;1
PUL0436;1
PUL0443;1
PUL0446;1
PUL0458;2
PUL0460;3
PUL0463;1
PUL0467;2
PUL0468;5
PUL0472;1
PUL0473;1
PUL0475;1
PUL0482;4
PUL0489;1
PUL0493;1
PUL0496;1
PUL0510;1
PUL0522;1
PUL0527;1
PUL0577;1
PUL0584;1
PUL0598;1
