      1       1 PUL0013	2.68e-16
      1       1 PUL0017	1.48e-157
      1       1 PUL0017	2.16e-186
      1       1 PUL0017	3.57e-192
      1       1 PUL0037	1.06e-24
      1       1 PUL0049	1.19e-24
      1       1 PUL0049	2.51e-243
      1       1 PUL0049	5.68e-48
      1       1 PUL0050	5.06e-21
      1       1 PUL0050	5.43e-91
      1       1 PUL0058	2.88e-37
      1       1 PUL0058	8.25e-190
      1       1 PUL0061	1.57e-107
      1       1 PUL0070	2.77e-182
      1       1 PUL0101	1.43e-33
      1       1 PUL0103	4.54e-106
      1       1 PUL0105	2.04e-55
      1       1 PUL0106	1.34e-61
      1       1 PUL0106	1.38e-88
      1       1 PUL0106	4.83e-185
      1       1 PUL0106	6.35e-160
      1       1 PUL0121	1.09e-67
      1       1 PUL0121	2.76e-50
      1       1 PUL0121	8.91e-123
      1       1 PUL0124	2.76e-10
      1       1 PUL0145	1.99e-32
      1       1 PUL0161	2.24e-11
      1       1 PUL0225	1.05e-37
      1       1 PUL0226	3.02e-14
      1       1 PUL0227	5.13e-85
      1       1 PUL0236	3.15e-39
      1       1 PUL0250	1.78e-78
      1       1 PUL0267	6.08e-244
      1       1 PUL0267	7.30e-219
      1       1 PUL0267	8.89e-32
      1       1 PUL0267	9.88e-223
      1       1 PUL0282	1.35e-17
      1       1 PUL0309	1.27e-04
      1       1 PUL0335	1.17e-95
      1       1 PUL0335	1.92e-102
      1       1 PUL0335	2.49e-88
      1       1 PUL0335	3.65e-82
      1       1 PUL0335	4.03e-163
      1       1 PUL0335	5.63e-39
      1       1 PUL0339	4.32e-35
      1       1 PUL0340	2.11e-141
      1       1 PUL0341	6.61e-177
      1       1 PUL0375	2.23e-77
      1       1 PUL0390	1.33e-25
      1       1 PUL0399	3.57e-93
      1       1 PUL0413	1.89e-165
      1       1 PUL0413	2.34e-127
      1       1 PUL0413	2.85e-07
      1       1 PUL0413	4.99e-52
      1       1 PUL0429	3.90e-78
      1       1 PUL0468	9.75e-24
      1       1 PUL0479	2.18e-45
      1       1 PUL0489	5.16e-39
      1       1 PUL0493	5.25e-94
      1       1 PUL0516	1.28e-141
      1       1 PUL0527	2.06e-80
      1       1 PUL0530	7.83e-41
      1       1 PUL0530	9.85e-24
      1       1 PUL0584	1.46e-149
      1       1 PUL0591	1.82e-16
      1       1 PUL0599	9.98e-33
      1       1 PUL0601	3.85e-33
