      1       1 PUL0013	1.97e-09
      1       1 PUL0014	3.80e-30
      1       1 PUL0017	1.43e-200
      1       1 PUL0017	6.57e-175
      1       1 PUL0024	1.34e-43
      1       1 PUL0029	4.95e-38
      1       1 PUL0029	5.33e-141
      1       1 PUL0038	2.59e-145
      1       1 PUL0050	3.96e-91
      1       1 PUL0106	1.60e-151
      1       1 PUL0106	9.14e-13
      1       1 PUL0121	2.41e-58
      1       1 PUL0124	8.63e-167
      1       1 PUL0130	1.14e-152
      1       1 PUL0161	2.94e-20
      1       1 PUL0168	5.55e-15
      1       1 PUL0202	3.71e-85
      1       1 PUL0230	8.15e-71
      1       1 PUL0236	1.25e-49
      1       1 PUL0267	2.30e-166
      1       1 PUL0281	2.24e-14
      1       1 PUL0281	3.35e-14
      1       1 PUL0296	2.07e-80
      1       1 PUL0299	2.00e-88
      1       1 PUL0324	4.28e-247
      1       1 PUL0337	2.48e-147
      1       1 PUL0339	1.71e-153
      1       1 PUL0340	1.19e-08
      1       1 PUL0341	5.40e-154
      1       1 PUL0341	6.80e-05
      1       1 PUL0372	1.99e-94
      1       1 PUL0390	9.48e-10
      1       1 PUL0396	6.85e-62
      1       1 PUL0413	2.49e-77
      1       1 PUL0413	6.88e-114
      1       1 PUL0438	1.97e-43
      1       1 PUL0459	1.85e-54
      1       1 PUL0459	8.71e-192
      1       1 PUL0493	1.65e-53
      1       1 PUL0506	8.82e-138
      1       1 PUL0601	1.90e-29
