      1       1 PUL0017	1.47e-174
      1       1 PUL0029	3.24e-33
      1       1 PUL0047	2.39e-138
      1       1 PUL0049	2.39e-187
      1       1 PUL0049	3.30e-129
      1       1 PUL0049	9.86e-41
      1       1 PUL0050	7.39e-76
      1       1 PUL0081	7.70e-30
      1       1 PUL0106	2.85e-157
      1       1 PUL0106	3.42e-09
      1       1 PUL0106	7.91e-159
      1       1 PUL0108	4.13e-19
      1       1 PUL0121	1.44e-79
      1       1 PUL0121	3.25e-172
      1       1 PUL0145	1.24e-190
      1       1 PUL0145	3.23e-182
      1       1 PUL0155	1.56e-77
      1       1 PUL0206	9.81e-87
      1       1 PUL0225	3.95e-96
      1       1 PUL0267	1.22e-232
      1       1 PUL0267	2.78e-210
      1       1 PUL0267	3.16e-222
      1       1 PUL0311	4.60e-238
      1       1 PUL0311	6.27e-119
      1       1 PUL0329	1.27e-17
      1       1 PUL0333	2.36e-64
      1       1 PUL0335	6.89e-05
      1       1 PUL0339	3.35e-161
      1       1 PUL0340	9.08e-76
      1       1 PUL0365	1.05e-79
      1       1 PUL0390	1.09e-83
      1       1 PUL0406	4.01e-101
      1       1 PUL0413	1.47e-112
      1       1 PUL0530	1.97e-265
