      1       1 PUL0012	2.31e-69
      1       1 PUL0015	3.40e-06
      1       1 PUL0029	7.98e-42
      1       1 PUL0047	8.83e-63
      1       1 PUL0049	1.02e-24
      1       1 PUL0049	8.11e-37
      1       1 PUL0061	9.72e-82
      1       1 PUL0070	6.50e-28
      1       1 PUL0101	1.57e-18
      1       1 PUL0106	1.25e-13
      1       1 PUL0106	1.57e-16
      1       1 PUL0106	1.77e-34
      1       1 PUL0106	2.02e-29
      1       1 PUL0108	3.76e-38
      1       1 PUL0108	7.59e-43
      1       1 PUL0121	1.35e-39
      1       1 PUL0178	8.01e-46
      1       1 PUL0214	2.35e-85
      1       1 PUL0225	1.60e-36
      1       1 PUL0255	3.89e-24
      1       1 PUL0309	5.89e-77
      1       1 PUL0318	3.31e-16
      1       1 PUL0329	1.24e-42
      1       1 PUL0329	1.25e-41
      1       1 PUL0329	5.49e-30
      1       1 PUL0333	1.09e-35
      1       1 PUL0333	3.44e-04
      1       1 PUL0335	1.14e-175
      1       1 PUL0341	3.14e-148
      1       1 PUL0347	5.19e-31
      1       1 PUL0390	3.15e-32
      1       1 PUL0390	6.25e-76
      1       1 PUL0429	6.05e-15
      1       1 PUL0454	1.23e-27
      1       1 PUL0454	1.47e-18
      1       1 PUL0460	7.61e-28
      1       1 PUL0494	7.28e-07
      1       1 PUL0500	1.32e-43
      1       1 PUL0576	1.50e-09
      1       1 PUL0577	3.41e-39
      1       1 PUL0601	3.97e-26
