      1       1 PUL0009	7.21e-78
      1       1 PUL0012	9.18e-12
      1       1 PUL0013	3.47e-39
      1       1 PUL0017	2.20e-175
      1       1 PUL0020	1.74e-34
      1       1 PUL0024	4.10e-16
      1       1 PUL0036	3.76e-96
      1       1 PUL0050	3.16e-80
      1       1 PUL0052	2.57e-12
      1       1 PUL0075	7.30e-24
      1       1 PUL0094	9.74e-49
      1       1 PUL0101	3.15e-196
      1       1 PUL0106	3.29e-45
      1       1 PUL0106	4.71e-89
      1       1 PUL0106	4.79e-131
      1       1 PUL0106	8.25e-188
      1       1 PUL0108	3.70e-37
      1       1 PUL0108	3.74e-86
      1       1 PUL0109	1.49e-143
      1       1 PUL0121	1.27e-14
      1       1 PUL0121	1.43e-30
      1       1 PUL0121	2.77e-63
      1       1 PUL0121	3.96e-80
      1       1 PUL0121	8.80e-177
      1       1 PUL0124	3.92e-79
      1       1 PUL0133	8.31e-71
      1       1 PUL0145	6.24e-188
      1       1 PUL0145	6.39e-206
      1       1 PUL0146	8.37e-04
      1       1 PUL0151	5.88e-15
      1       1 PUL0161	3.10e-50
      1       1 PUL0161	3.28e-46
      1       1 PUL0161	5.36e-47
      1       1 PUL0179	2.54e-31
      1       1 PUL0180	4.25e-158
      1       1 PUL0180	6.39e-71
      1       1 PUL0206	5.09e-92
      1       1 PUL0216	2.84e-37
      1       1 PUL0218	5.03e-32
      1       1 PUL0225	1.69e-107
      1       1 PUL0226	1.14e-07
      1       1 PUL0226	4.49e-12
      1       1 PUL0240	4.74e-108
      1       1 PUL0267	5.37e-228
      1       1 PUL0267	6.75e-172
      1       1 PUL0267	8.14e-227
      1       1 PUL0269	5.09e-21
      1       1 PUL0281	8.17e-140
      1       1 PUL0286	3.34e-122
      1       1 PUL0299	2.61e-73
      1       1 PUL0303	6.85e-36
      1       1 PUL0311	6.15e-235
      1       1 PUL0320	4.25e-06
      1       1 PUL0337	1.90e-38
      1       1 PUL0339	2.24e-169
      1       1 PUL0340	1.61e-06
      1       1 PUL0340	9.81e-220
      1       1 PUL0341	3.71e-158
      1       1 PUL0368	3.14e-32
      1       1 PUL0375	1.75e-51
      1       1 PUL0406	3.12e-116
      1       1 PUL0406	4.98e-58
      1       1 PUL0413	3.92e-154
      1       1 PUL0414	1.26e-79
      1       1 PUL0429	2.01e-86
      1       1 PUL0434	1.56e-10
      1       1 PUL0434	2.30e-49
      1       1 PUL0449	1.75e-27
      1       1 PUL0459	3.82e-06
      1       1 PUL0460	1.73e-06
      1       1 PUL0460	7.06e-54
      1       1 PUL0489	4.05e-42
      1       1 PUL0527	2.90e-58
      1       1 PUL0530	3.27e-47
      1       1 PUL0577	7.96e-16
      1       1 PUL0599	3.23e-68
