PUL0009	1
PUL0012	1
PUL0013	1
PUL0017	1
PUL0020	1
PUL0024	1
PUL0036	1
PUL0050	1
PUL0052	1
PUL0075	1
PUL0094	1
PUL0101	1
PUL0106	4
PUL0108	2
PUL0109	1
PUL0121	5
PUL0124	1
PUL0133	1
PUL0145	2
PUL0146	1
PUL0151	1
PUL0161	3
PUL0179	1
PUL0180	2
PUL0206	1
PUL0216	1
PUL0218	1
PUL0225	1
PUL0226	2
PUL0240	1
PUL0267	3
PUL0269	1
PUL0281	1
PUL0286	1
PUL0299	1
PUL0303	1
PUL0311	1
PUL0320	1
PUL0337	1
PUL0339	1
PUL0340	2
PUL0341	1
PUL0368	1
PUL0375	1
PUL0406	2
PUL0413	1
PUL0414	1
PUL0429	1
PUL0434	2
PUL0449	1
PUL0459	1
PUL0460	2
PUL0489	1
PUL0527	1
PUL0530	1
PUL0577	1
PUL0599	1
