      1       1 PUL0025	5.58e-30
      1       1 PUL0101	1.74e-133
      1       1 PUL0101	2.12e-33
      1       1 PUL0106	1.24e-62
      1       1 PUL0106	1.38e-73
      1       1 PUL0106	2.59e-295
      1       1 PUL0106	4.80e-166
      1       1 PUL0108	4.73e-170
      1       1 PUL0180	6.70e-229
      1       1 PUL0218	2.50e-188
      1       1 PUL0227	6.27e-69
      1       1 PUL0256	3.52e-219
      1       1 PUL0334	3.44e-29
      1       1 PUL0334	9.89e-238
      1       1 PUL0335	4.06e-157
      1       1 PUL0335	5.99e-268
      1       1 PUL0340	1.86e-151
      1       1 PUL0375	9.71e-46
      1       1 PUL0414	6.19e-23
      1       1 PUL0516	7.88e-194
      1       1 PUL0527	4.32e-251
      1       1 PUL0530	1.05e-10
      1       1 PUL0551	1.29e-06
