      1       1 PUL0010	5.60e-205
      1       1 PUL0013	6.14e-195
      1       1 PUL0017	2.79e-186
      1       1 PUL0017	4.66e-151
      1       1 PUL0038	1.75e-204
      1       1 PUL0058	1.74e-198
      1       1 PUL0070	7.84e-139
      1       1 PUL0106	1.23e-186
      1       1 PUL0121	1.97e-81
      1       1 PUL0124	1.65e-168
      1       1 PUL0145	1.20e-95
      1       1 PUL0161	4.49e-18
      1       1 PUL0209	4.57e-109
      1       1 PUL0250	2.27e-135
      1       1 PUL0267	5.90e-217
      1       1 PUL0303	1.18e-110
      1       1 PUL0303	1.20e-66
      1       1 PUL0332	1.19e-99
      1       1 PUL0332	2.36e-154
      1       1 PUL0335	4.21e-194
      1       1 PUL0337	1.70e-128
      1       1 PUL0339	1.64e-169
      1       1 PUL0365	1.47e-190
      1       1 PUL0390	6.29e-83
      1       1 PUL0404	6.93e-109
      1       1 PUL0404	9.94e-166
      1       1 PUL0413	2.62e-150
      1       1 PUL0466	3.61e-192
      1       1 PUL0530	3.42e-47
      1       1 PUL0599	4.26e-158
      1       1 PUL0600	1.88e-138
