      1       1 PUL0017	9.66e-177
      1       1 PUL0019	3.59e-53
      1       1 PUL0024	5.40e-74
      1       1 PUL0047	1.47e-57
      1       1 PUL0049	9.88e-209
      1       1 PUL0058	5.70e-195
      1       1 PUL0060	5.48e-100
      1       1 PUL0106	6.69e-194
      1       1 PUL0130	7.99e-157
      1       1 PUL0180	4.23e-151
      1       1 PUL0180	7.98e-82
      1       1 PUL0230	1.89e-278
      1       1 PUL0267	6.52e-228
      1       1 PUL0292	9.74e-28
      1       1 PUL0335	7.34e-26
      1       1 PUL0339	6.74e-170
      1       1 PUL0347	7.65e-27
      1       1 PUL0396	7.86e-148
      1       1 PUL0401	5.26e-120
      1       1 PUL0409	4.33e-188
      1       1 PUL0413	2.74e-165
      1       1 PUL0460	3.48e-24
      1       1 PUL0460	9.91e-42
      1       1 PUL0493	2.94e-75
