      1       1 PUL0010	1.83e-09
      1       1 PUL0013	7.60e-23
      1       1 PUL0029	8.48e-65
      1       1 PUL0047	1.48e-96
      1       1 PUL0058	1.72e-161
      1       1 PUL0074	6.12e-176
      1       1 PUL0094	8.68e-81
      1       1 PUL0106	3.84e-150
      1       1 PUL0106	7.74e-187
      1       1 PUL0106	8.31e-122
      1       1 PUL0121	1.07e-172
      1       1 PUL0121	4.24e-46
      1       1 PUL0123	2.04e-15
      1       1 PUL0123	7.95e-20
      1       1 PUL0136	4.06e-72
      1       1 PUL0145	4.22e-177
      1       1 PUL0145	6.47e-109
      1       1 PUL0147	2.79e-08
      1       1 PUL0160	9.50e-77
      1       1 PUL0162	6.68e-42
      1       1 PUL0164	5.20e-169
      1       1 PUL0165	4.47e-250
      1       1 PUL0179	1.16e-103
      1       1 PUL0206	2.26e-222
      1       1 PUL0206	2.29e-138
      1       1 PUL0211	1.76e-217
      1       1 PUL0216	2.40e-114
      1       1 PUL0236	7.82e-124
      1       1 PUL0267	2.75e-235
      1       1 PUL0267	8.38e-179
      1       1 PUL0270	1.43e-107
      1       1 PUL0270	7.25e-135
      1       1 PUL0281	1.54e-148
      1       1 PUL0292	1.10e-239
      1       1 PUL0299	2.94e-39
      1       1 PUL0299	3.46e-71
      1       1 PUL0311	1.38e-233
      1       1 PUL0316	5.63e-52
      1       1 PUL0329	4.03e-177
      1       1 PUL0335	7.53e-85
      1       1 PUL0335	8.64e-72
      1       1 PUL0337	2.14e-46
      1       1 PUL0340	1.00e-30
      1       1 PUL0365	1.87e-286
      1       1 PUL0375	7.09e-10
      1       1 PUL0396	4.96e-118
      1       1 PUL0401	3.23e-234
      1       1 PUL0403	7.74e-224
      1       1 PUL0429	2.66e-20
      1       1 PUL0435	1.32e-103
      1       1 PUL0458	2.60e-37
      1       1 PUL0460	6.97e-152
      1       1 PUL0527	4.43e-10
      1       1 PUL0527	5.71e-68
      1       1 PUL0545	6.35e-243
