      1       1 PUL0017	1.16e-190
      1       1 PUL0049	1.60e-306
      1       1 PUL0126	3.04e-16
      1       1 PUL0145	4.39e-280
      1       1 PUL0145	5.17e-293
      1       1 PUL0160	5.22e-251
      1       1 PUL0164	4.20e-162
      1       1 PUL0202	6.26e-106
      1       1 PUL0227	5.63e-75
      1       1 PUL0334	1.83e-223
      1       1 PUL0336	1.38e-11
      1       1 PUL0336	2.26e-145
      1       1 PUL0339	4.19e-117
      1       1 PUL0345	3.45e-14
      1       1 PUL0435	1.38e-238
      1       1 PUL0435	2.65e-229
      1       1 PUL0436	8.16e-11
      1       1 PUL0439	3.02e-33
      1       1 PUL0443	2.56e-182
      1       1 PUL0454	7.73e-29
      1       1 PUL0454	9.76e-30
      1       1 PUL0471	1.52e-277
      1       1 PUL0478	4.01e-191
      1       1 PUL0479	2.92e-197
      1       1 PUL0488	1.33e-10
      1       1 PUL0521	1.49e-154
      1       1 PUL0530	9.10e-05
