      1       1 PUL0013	6.74e-204
      1       1 PUL0019	2.17e-55
      1       1 PUL0024	1.84e-71
      1       1 PUL0029	1.48e-15
      1       1 PUL0029	1.82e-42
      1       1 PUL0049	1.94e-195
      1       1 PUL0049	9.51e-229
      1       1 PUL0050	1.35e-42
      1       1 PUL0058	7.38e-169
      1       1 PUL0060	6.78e-29
      1       1 PUL0070	3.13e-151
      1       1 PUL0085	1.30e-82
      1       1 PUL0096	1.38e-16
      1       1 PUL0102	1.81e-08
      1       1 PUL0102	2.69e-143
      1       1 PUL0103	1.21e-296
      1       1 PUL0106	2.82e-50
      1       1 PUL0108	1.13e-06
      1       1 PUL0108	4.56e-05
      1       1 PUL0108	8.24e-37
      1       1 PUL0109	6.19e-301
      1       1 PUL0121	1.58e-39
      1       1 PUL0121	1.64e-90
      1       1 PUL0121	5.72e-113
      1       1 PUL0121	7.63e-38
      1       1 PUL0124	1.63e-161
      1       1 PUL0124	9.51e-18
      1       1 PUL0144	1.73e-13
      1       1 PUL0145	1.19e-37
      1       1 PUL0145	4.25e-99
      1       1 PUL0148	2.08e-36
      1       1 PUL0151	2.36e-15
      1       1 PUL0151	7.10e-09
      1       1 PUL0161	1.24e-76
      1       1 PUL0161	1.60e-174
      1       1 PUL0165	2.45e-299
      1       1 PUL0177	3.13e-64
      1       1 PUL0180	1.23e-270
      1       1 PUL0199	5.80e-153
      1       1 PUL0199	5.84e-96
      1       1 PUL0206	2.39e-170
      1       1 PUL0212	4.88e-101
      1       1 PUL0218	2.82e-263
      1       1 PUL0220	8.00e-177
      1       1 PUL0236	7.30e-106
      1       1 PUL0239	3.67e-205
      1       1 PUL0267	1.46e-218
      1       1 PUL0267	6.48e-293
      1       1 PUL0281	1.19e-90
      1       1 PUL0281	2.02e-124
      1       1 PUL0303	1.68e-70
      1       1 PUL0328	4.19e-118
      1       1 PUL0329	1.17e-263
      1       1 PUL0329	9.78e-185
      1       1 PUL0332	8.35e-130
      1       1 PUL0333	1.36e-202
      1       1 PUL0333	5.98e-177
      1       1 PUL0334	1.21e-18
      1       1 PUL0335	1.11e-165
      1       1 PUL0335	2.93e-175
      1       1 PUL0335	3.21e-254
      1       1 PUL0335	8.37e-35
      1       1 PUL0336	3.97e-167
      1       1 PUL0339	1.15e-284
      1       1 PUL0339	1.28e-04
      1       1 PUL0339	4.83e-273
      1       1 PUL0340	5.59e-138
      1       1 PUL0341	3.03e-152
      1       1 PUL0355	1.14e-25
      1       1 PUL0356	1.65e-60
      1       1 PUL0392	1.50e-247
      1       1 PUL0406	5.90e-07
      1       1 PUL0416	1.20e-215
      1       1 PUL0420	8.47e-71
      1       1 PUL0434	1.31e-20
      1       1 PUL0446	1.21e-90
      1       1 PUL0446	2.29e-128
      1       1 PUL0449	3.83e-19
      1       1 PUL0460	3.99e-55
      1       1 PUL0460	4.25e-56
      1       1 PUL0463	6.35e-242
      1       1 PUL0479	9.05e-174
      1       1 PUL0493	3.34e-36
      1       1 PUL0512	4.26e-224
      1       1 PUL0514	9.89e-05
      1       1 PUL0521	1.81e-166
      1       1 PUL0523	2.37e-89
      1       1 PUL0527	1.89e-305
      1       1 PUL0527	6.02e-04
      1       1 PUL0527	6.24e-186
      1       1 PUL0527	6.56e-127
      1       1 PUL0530	1.18e-14
      1       1 PUL0530	2.27e-19
      1       1 PUL0530	2.49e-116
      1       1 PUL0530	3.56e-18
      1       1 PUL0540	8.26e-19
      1       1 PUL0545	4.63e-217
      1       1 PUL0547	3.80e-31
      1       1 PUL0559	2.26e-16
      1       1 PUL0601	2.42e-132
