PUL0013 1
PUL0019 1
PUL0024 1
PUL0029 2
PUL0049 2
PUL0050 1
PUL0058 1
PUL0060 1
PUL0070 1
PUL0085 1
PUL0096 1
PUL0102 2
PUL0103 1
PUL0106 1
PUL0108 3
PUL0109 1
PUL0121 4
PUL0124 2
PUL0144 1
PUL0145 2
PUL0148 1
PUL0151 2
PUL0161 2
PUL0165 1
PUL0177 1
PUL0180 1
PUL0199 2
PUL0206 1
PUL0212 1
PUL0218 1
PUL0220 1
PUL0236 1
PUL0239 1
PUL0267 2
PUL0281 2
PUL0303 1
PUL0328 1
PUL0329 2
PUL0332 1
PUL0333 2
PUL0334 1
PUL0335 4
PUL0336 1
PUL0339 3
PUL0340 1
PUL0341 1
PUL0355 1
PUL0356 1
PUL0392 1
PUL0406 1
PUL0416 1
PUL0420 1
PUL0434 1
PUL0446 2
PUL0449 1
PUL0460 2
PUL0463 1
PUL0479 1
PUL0493 1
PUL0512 1
PUL0514 1
PUL0521 1
PUL0523 1
PUL0527 4
PUL0530 4
PUL0540 1
PUL0545 1
PUL0547 1
PUL0559 1
PUL0601 1
