      1       1 PUL0006	1.72e-84
      1       1 PUL0009	3.28e-100
      1       1 PUL0014	4.59e-18
      1       1 PUL0017	1.67e-180
      1       1 PUL0017	1.85e-200
      1       1 PUL0029	1.90e-78
      1       1 PUL0029	4.68e-39
      1       1 PUL0029	5.18e-141
      1       1 PUL0047	2.72e-32
      1       1 PUL0049	2.90e-124
      1       1 PUL0049	5.58e-08
      1       1 PUL0049	6.68e-33
      1       1 PUL0050	4.62e-91
      1       1 PUL0061	2.27e-166
      1       1 PUL0078	4.24e-09
      1       1 PUL0095	1.45e-91
      1       1 PUL0121	2.24e-37
      1       1 PUL0124	4.79e-30
      1       1 PUL0142	7.32e-149
      1       1 PUL0151	6.73e-16
      1       1 PUL0168	7.22e-53
      1       1 PUL0178	3.05e-185
      1       1 PUL0266	9.03e-13
      1       1 PUL0267	1.66e-211
      1       1 PUL0281	3.95e-10
      1       1 PUL0286	5.44e-166
      1       1 PUL0297	1.66e-57
      1       1 PUL0297	4.23e-37
      1       1 PUL0300	4.63e-61
      1       1 PUL0316	3.78e-13
      1       1 PUL0335	1.69e-174
      1       1 PUL0335	6.17e-161
      1       1 PUL0339	2.47e-08
      1       1 PUL0339	2.52e-60
      1       1 PUL0340	1.36e-37
      1       1 PUL0340	1.56e-40
      1       1 PUL0340	9.11e-125
      1       1 PUL0341	1.32e-155
      1       1 PUL0390	2.11e-26
      1       1 PUL0390	4.85e-99
      1       1 PUL0396	4.61e-121
      1       1 PUL0413	2.93e-109
      1       1 PUL0429	1.15e-73
      1       1 PUL0446	9.78e-90
      1       1 PUL0454	2.84e-176
      1       1 PUL0454	6.95e-12
      1       1 PUL0457	4.40e-63
      1       1 PUL0460	1.04e-12
      1       1 PUL0577	5.98e-162
      1       1 PUL0577	7.66e-87
      1       1 PUL0588	2.35e-41
