      1       1 PUL0049	1.60e-13
      1       1 PUL0049	2.21e-44
      1       1 PUL0070	6.79e-40
      1       1 PUL0106	2.24e-28
      1       1 PUL0106	2.99e-17
      1       1 PUL0108	1.63e-36
      1       1 PUL0108	1.92e-36
      1       1 PUL0135	2.06e-18
      1       1 PUL0161	2.80e-12
      1       1 PUL0178	1.23e-04
      1       1 PUL0178	5.73e-45
      1       1 PUL0184	5.61e-11
      1       1 PUL0227	3.63e-89
      1       1 PUL0236	3.69e-95
      1       1 PUL0296	1.69e-60
      1       1 PUL0316	3.71e-64
      1       1 PUL0333	4.27e-49
      1       1 PUL0335	2.52e-202
      1       1 PUL0335	5.20e-47
      1       1 PUL0340	4.15e-143
      1       1 PUL0387	8.39e-33
      1       1 PUL0390	1.06e-50
      1       1 PUL0390	1.37e-32
      1       1 PUL0390	1.82e-99
      1       1 PUL0390	2.64e-25
      1       1 PUL0406	5.59e-225
      1       1 PUL0413	4.28e-49
      1       1 PUL0429	2.65e-38
      1       1 PUL0429	3.54e-23
      1       1 PUL0438	5.76e-33
      1       1 PUL0446	1.35e-104
      1       1 PUL0451	2.03e-42
      1       1 PUL0460	3.62e-22
      1       1 PUL0460	3.69e-16
      1       1 PUL0468	2.22e-48
      1       1 PUL0500	4.06e-38
      1       1 PUL0506	2.05e-95
      1       1 PUL0527	4.00e-81
