      1       1 PUL0006	5.07e-18
      1       1 PUL0007	1.95e-114
      1       1 PUL0017	1.21e-190
      1       1 PUL0017	6.41e-190
      1       1 PUL0024	1.17e-65
      1       1 PUL0038	1.25e-167
      1       1 PUL0058	3.27e-261
      1       1 PUL0061	1.88e-184
      1       1 PUL0072	4.80e-61
      1       1 PUL0121	1.82e-88
      1       1 PUL0121	1.84e-121
      1       1 PUL0216	1.05e-61
      1       1 PUL0225	1.27e-94
      1       1 PUL0227	4.45e-177
      1       1 PUL0236	1.17e-107
      1       1 PUL0297	6.24e-51
      1       1 PUL0301	3.53e-152
      1       1 PUL0335	1.99e-192
      1       1 PUL0337	1.98e-161
      1       1 PUL0337	2.32e-91
      1       1 PUL0340	1.06e-227
      1       1 PUL0340	2.14e-151
      1       1 PUL0340	5.14e-160
      1       1 PUL0341	8.99e-218
      1       1 PUL0347	5.68e-90
      1       1 PUL0349	4.12e-189
      1       1 PUL0368	3.80e-28
      1       1 PUL0373	1.29e-62
      1       1 PUL0460	3.57e-17
      1       1 PUL0501	1.98e-163
      1       1 PUL0530	7.14e-277
      1       1 PUL0532	5.64e-193
