      1       1 PUL0010	8.36e-213
      1       1 PUL0017	1.07e-174
      1       1 PUL0106	1.95e-194
      1       1 PUL0121	1.35e-92
      1       1 PUL0145	3.34e-94
      1       1 PUL0145	4.14e-186
      1       1 PUL0145	7.87e-186
      1       1 PUL0212	1.12e-275
      1       1 PUL0214	4.34e-113
      1       1 PUL0225	4.83e-23
      1       1 PUL0281	3.59e-180
      1       1 PUL0300	9.39e-77
      1       1 PUL0311	2.67e-222
      1       1 PUL0316	2.85e-68
      1       1 PUL0393	2.97e-93
      1       1 PUL0459	9.93e-82
      1       1 PUL0460	1.22e-79
      1       1 PUL0460	1.57e-150
      1       1 PUL0460	5.35e-91
      1       1 PUL0479	5.83e-136
      1       1 PUL0530	9.83e-277
