      1       1 PUL0049	1.19e-294
      1       1 PUL0103	1.63e-191
      1       1 PUL0106	8.68e-301
      1       1 PUL0113	4.37e-59
      1       1 PUL0124	1.66e-166
      1       1 PUL0160	7.20e-286
      1       1 PUL0180	1.15e-182
      1       1 PUL0180	1.40e-236
      1       1 PUL0212	2.38e-143
      1       1 PUL0267	3.78e-307
      1       1 PUL0299	3.27e-36
      1       1 PUL0329	1.44e-266
      1       1 PUL0334	4.24e-204
      1       1 PUL0339	1.03e-250
      1       1 PUL0339	1.57e-219
      1       1 PUL0339	5.13e-184
      1       1 PUL0390	6.09e-05
      1       1 PUL0413	9.69e-157
      1       1 PUL0476	1.90e-200
      1       1 PUL0485	4.42e-314
