      1       1 PUL0017	4.76e-197
      1       1 PUL0049	3.42e-301
      1       1 PUL0106	1.95e-162
      1       1 PUL0106	8.08e-280
      1       1 PUL0108	9.53e-82
      1       1 PUL0125	1.20e-107
      1       1 PUL0145	2.94e-83
      1       1 PUL0145	5.12e-289
      1       1 PUL0145	8.71e-48
      1       1 PUL0149	1.21e-68
      1       1 PUL0149	4.39e-267
      1       1 PUL0160	1.37e-238
      1       1 PUL0180	1.14e-48
      1       1 PUL0180	9.76e-186
      1       1 PUL0199	1.77e-150
      1       1 PUL0199	5.96e-40
      1       1 PUL0252	1.38e-311
      1       1 PUL0285	2.09e-09
      1       1 PUL0318	4.18e-80
      1       1 PUL0328	4.64e-296
      1       1 PUL0335	2.05e-171
      1       1 PUL0352	3.79e-151
      1       1 PUL0436	1.08e-258
      1       1 PUL0436	1.32e-188
      1       1 PUL0459	9.48e-19
      1       1 PUL0463	8.44e-77
      1       1 PUL0468	1.14e-198
      1       1 PUL0482	1.03e-186
      1       1 PUL0485	1.55e-276
      1       1 PUL0555	1.63e-233
