PUL0010 1
PUL0017 3
PUL0019 1
PUL0020 1
PUL0029 3
PUL0038 2
PUL0049 1
PUL0052 1
PUL0053 2
PUL0060 2
PUL0061 1
PUL0080 1
PUL0093 1
PUL0094 1
PUL0103 1
PUL0106 1
PUL0121 7
PUL0126 1
PUL0127 1
PUL0135 1
PUL0145 10
PUL0147 1
PUL0148 1
PUL0150 1
PUL0151 1
PUL0152 1
PUL0214 1
PUL0216 2
PUL0236 1
PUL0242 1
PUL0247 1
PUL0260 1
PUL0266 1
PUL0267 2
PUL0289 1
PUL0291 3
PUL0300 2
PUL0316 6
PUL0328 1
PUL0329 1
PUL0332 1
PUL0333 2
PUL0337 3
PUL0339 1
PUL0340 2
PUL0341 1
PUL0347 1
PUL0364 1
PUL0368 1
PUL0375 1
PUL0390 3
PUL0396 1
PUL0404 1
PUL0406 1
PUL0410 1
PUL0413 2
PUL0428 1
PUL0429 5
PUL0431 1
PUL0458 2
PUL0459 2
PUL0460 10
PUL0506 1
PUL0527 1
PUL0530 1
