      1       1 PUL0010	1.01e-27
      1       1 PUL0017	3.74e-177
      1       1 PUL0017	7.26e-151
      1       1 PUL0017	7.99e-177
      1       1 PUL0019	7.16e-27
      1       1 PUL0020	7.04e-15
      1       1 PUL0029	2.56e-54
      1       1 PUL0029	4.03e-71
      1       1 PUL0029	7.45e-75
      1       1 PUL0038	1.49e-189
      1       1 PUL0038	5.38e-93
      1       1 PUL0049	1.76e-191
      1       1 PUL0052	3.47e-34
      1       1 PUL0053	1.67e-35
      1       1 PUL0053	2.58e-38
      1       1 PUL0060	1.15e-109
      1       1 PUL0060	4.73e-59
      1       1 PUL0061	2.70e-228
      1       1 PUL0080	3.77e-81
      1       1 PUL0093	1.42e-95
      1       1 PUL0094	2.87e-50
      1       1 PUL0103	3.12e-101
      1       1 PUL0106	2.42e-182
      1       1 PUL0121	1.15e-38
      1       1 PUL0121	2.05e-66
      1       1 PUL0121	3.85e-30
      1       1 PUL0121	4.44e-82
      1       1 PUL0121	5.04e-32
      1       1 PUL0121	5.35e-102
      1       1 PUL0121	5.76e-62
      1       1 PUL0126	9.28e-16
      1       1 PUL0127	1.67e-35
      1       1 PUL0135	7.32e-85
      1       1 PUL0145	1.32e-169
      1       1 PUL0145	2.23e-93
      1       1 PUL0145	2.61e-186
      1       1 PUL0145	3.16e-170
      1       1 PUL0145	3.18e-107
      1       1 PUL0145	3.41e-134
      1       1 PUL0145	4.97e-191
      1       1 PUL0145	5.72e-88
      1       1 PUL0145	6.07e-173
      1       1 PUL0145	9.96e-198
      1       1 PUL0147	5.05e-22
      1       1 PUL0148	6.92e-42
      1       1 PUL0150	5.34e-27
      1       1 PUL0151	4.18e-11
      1       1 PUL0152	8.20e-114
      1       1 PUL0214	1.33e-78
      1       1 PUL0216	1.69e-109
      1       1 PUL0216	3.61e-58
      1       1 PUL0236	7.03e-89
      1       1 PUL0242	6.10e-60
      1       1 PUL0247	6.23e-215
      1       1 PUL0260	1.74e-38
      1       1 PUL0266	1.90e-157
      1       1 PUL0267	3.19e-224
      1       1 PUL0267	5.01e-226
      1       1 PUL0289	7.73e-54
      1       1 PUL0291	3.01e-22
      1       1 PUL0291	3.36e-63
      1       1 PUL0291	6.42e-42
      1       1 PUL0300	1.31e-62
      1       1 PUL0300	6.59e-44
      1       1 PUL0316	1.30e-90
      1       1 PUL0316	1.74e-92
      1       1 PUL0316	1.84e-81
      1       1 PUL0316	2.27e-58
      1       1 PUL0316	2.63e-71
      1       1 PUL0316	6.30e-76
      1       1 PUL0328	1.93e-90
      1       1 PUL0329	2.07e-22
      1       1 PUL0332	4.05e-33
      1       1 PUL0333	1.22e-63
      1       1 PUL0333	4.63e-104
      1       1 PUL0337	1.56e-153
      1       1 PUL0337	5.28e-51
      1       1 PUL0337	7.18e-05
      1       1 PUL0339	4.42e-165
      1       1 PUL0340	1.64e-41
      1       1 PUL0340	1.85e-129
      1       1 PUL0341	1.37e-158
      1       1 PUL0347	1.05e-15
      1       1 PUL0364	1.21e-15
      1       1 PUL0368	5.78e-65
      1       1 PUL0375	6.13e-87
      1       1 PUL0390	1.36e-89
      1       1 PUL0390	1.61e-80
      1       1 PUL0390	8.87e-103
      1       1 PUL0396	6.66e-75
      1       1 PUL0404	1.26e-90
      1       1 PUL0406	7.89e-107
      1       1 PUL0410	5.12e-53
      1       1 PUL0413	7.06e-118
      1       1 PUL0413	7.42e-163
      1       1 PUL0428	7.36e-92
      1       1 PUL0429	1.08e-41
      1       1 PUL0429	1.35e-29
      1       1 PUL0429	1.54e-38
      1       1 PUL0429	1.87e-42
      1       1 PUL0429	3.78e-29
      1       1 PUL0431	3.97e-173
      1       1 PUL0458	1.14e-14
      1       1 PUL0458	5.30e-37
      1       1 PUL0459	1.58e-217
      1       1 PUL0459	3.51e-43
      1       1 PUL0460	1.47e-91
      1       1 PUL0460	1.78e-12
      1       1 PUL0460	2.28e-74
      1       1 PUL0460	2.48e-22
      1       1 PUL0460	2.54e-62
      1       1 PUL0460	2.65e-12
      1       1 PUL0460	2.94e-09
      1       1 PUL0460	4.44e-30
      1       1 PUL0460	6.26e-57
      1       1 PUL0460	7.87e-135
      1       1 PUL0506	3.50e-154
      1       1 PUL0527	1.18e-59
      1       1 PUL0530	2.12e-284
