      1       1 PUL0001	1.19e-135
      1       1 PUL0060	1.24e-14
      1       1 PUL0060	2.69e-212
      1       1 PUL0060	3.22e-92
      1       1 PUL0070	1.10e-162
      1       1 PUL0106	3.78e-309
      1       1 PUL0108	1.03e-96
      1       1 PUL0121	1.90e-31
      1       1 PUL0145	9.78e-300
      1       1 PUL0180	4.81e-166
      1       1 PUL0199	2.14e-152
      1       1 PUL0202	1.10e-39
      1       1 PUL0206	1.04e-227
      1       1 PUL0235	1.11e-143
      1       1 PUL0267	1.81e-301
      1       1 PUL0316	1.17e-101
      1       1 PUL0333	1.99e-44
      1       1 PUL0333	6.32e-60
      1       1 PUL0334	1.52e-199
      1       1 PUL0335	4.63e-157
      1       1 PUL0336	4.72e-125
      1       1 PUL0339	1.52e-111
      1       1 PUL0339	2.26e-260
      1       1 PUL0339	2.51e-188
      1       1 PUL0340	1.74e-135
      1       1 PUL0346	1.17e-72
      1       1 PUL0382	2.94e-59
      1       1 PUL0409	1.18e-47
      1       1 PUL0413	2.41e-149
      1       1 PUL0425	1.50e-169
      1       1 PUL0442	1.61e-196
      1       1 PUL0442	3.30e-177
      1       1 PUL0460	7.40e-70
      1       1 PUL0527	1.08e-252
      1       1 PUL0527	3.10e-83
      1       1 PUL0530	2.18e-88
