      1       1 PUL0017	1.51e-184
      1       1 PUL0017	5.91e-153
      1       1 PUL0024	6.48e-27
      1       1 PUL0047	1.33e-57
      1       1 PUL0047	2.96e-93
      1       1 PUL0049	4.96e-191
      1       1 PUL0060	2.49e-194
      1       1 PUL0060	2.92e-185
      1       1 PUL0060	9.50e-179
      1       1 PUL0070	5.26e-310
      1       1 PUL0106	2.00e-118
      1       1 PUL0106	3.14e-186
      1       1 PUL0121	1.08e-69
      1       1 PUL0121	3.73e-165
      1       1 PUL0180	2.18e-142
      1       1 PUL0206	3.07e-87
      1       1 PUL0259	9.68e-132
      1       1 PUL0267	2.17e-235
      1       1 PUL0299	5.55e-75
      1       1 PUL0316	4.19e-57
      1       1 PUL0333	3.72e-33
      1       1 PUL0339	1.09e-85
      1       1 PUL0341	2.26e-172
      1       1 PUL0390	6.47e-41
      1       1 PUL0401	6.30e-119
      1       1 PUL0401	6.65e-65
      1       1 PUL0406	1.18e-61
      1       1 PUL0413	1.11e-117
      1       1 PUL0413	4.99e-159
      1       1 PUL0414	5.63e-28
      1       1 PUL0429	9.77e-34
      1       1 PUL0459	5.31e-173
      1       1 PUL0460	1.74e-21
      1       1 PUL0468	5.15e-81
      1       1 PUL0500	7.77e-34
      1       1 PUL0527	6.95e-33
      1       1 PUL0530	3.00e-37
      1       1 PUL0584	2.98e-143
