      1       1 PUL0029	8.09e-77
      1       1 PUL0049	1.11e-137
      1       1 PUL0061	1.49e-102
      1       1 PUL0101	1.08e-46
      1       1 PUL0110	1.16e-45
      1       1 PUL0180	2.02e-42
      1       1 PUL0193	2.99e-05
      1       1 PUL0212	1.29e-134
      1       1 PUL0316	7.31e-85
      1       1 PUL0333	2.20e-06
      1       1 PUL0337	2.33e-145
      1       1 PUL0339	1.17e-89
      1       1 PUL0340	2.84e-126
      1       1 PUL0390	9.66e-46
      1       1 PUL0406	7.12e-87
      1       1 PUL0429	1.55e-41
      1       1 PUL0451	1.20e-129
      1       1 PUL0492	6.73e-117
      1       1 PUL0494	2.13e-123
      1       1 PUL0502	1.56e-139
