      1       1 PUL0017	4.88e-122
      1       1 PUL0017	6.08e-187
      1       1 PUL0022	9.89e-214
      1       1 PUL0035	2.03e-226
      1       1 PUL0041	2.08e-177
      1       1 PUL0049	2.78e-197
      1       1 PUL0058	3.49e-214
      1       1 PUL0061	6.39e-231
      1       1 PUL0069	5.29e-264
      1       1 PUL0081	2.86e-97
      1       1 PUL0088	5.42e-129
      1       1 PUL0100	3.74e-272
      1       1 PUL0116	1.03e-04
      1       1 PUL0121	1.36e-87
      1       1 PUL0121	5.05e-48
      1       1 PUL0145	5.12e-106
      1       1 PUL0146	4.59e-05
      1       1 PUL0161	2.44e-13
      1       1 PUL0168	1.73e-309
      1       1 PUL0168	7.93e-296
      1       1 PUL0169	4.03e-16
      1       1 PUL0206	3.44e-220
      1       1 PUL0210	1.21e-114
      1       1 PUL0230	1.60e-79
      1       1 PUL0270	2.50e-134
      1       1 PUL0296	1.29e-104
      1       1 PUL0296	3.83e-81
      1       1 PUL0298	1.26e-44
      1       1 PUL0309	2.75e-232
      1       1 PUL0311	3.31e-102
      1       1 PUL0316	1.39e-130
      1       1 PUL0321	9.39e-267
      1       1 PUL0324	2.95e-236
      1       1 PUL0335	1.99e-77
      1       1 PUL0340	1.53e-05
      1       1 PUL0347	3.35e-233
      1       1 PUL0349	5.63e-230
      1       1 PUL0365	7.41e-71
      1       1 PUL0373	1.43e-238
      1       1 PUL0396	1.09e-117
      1       1 PUL0410	4.43e-291
      1       1 PUL0420	8.39e-212
      1       1 PUL0454	1.40e-35
      1       1 PUL0460	1.38e-11
      1       1 PUL0461	5.16e-165
      1       1 PUL0530	8.35e-271
      1       1 PUL0599	2.04e-126
