      1       1 PUL0001	1.40e-150
      1       1 PUL0010	1.17e-201
      1       1 PUL0010	6.41e-30
      1       1 PUL0012	1.22e-43
      1       1 PUL0013	3.80e-28
      1       1 PUL0013	4.72e-82
      1       1 PUL0017	1.01e-182
      1       1 PUL0017	7.24e-179
      1       1 PUL0024	1.00e-30
      1       1 PUL0024	1.29e-59
      1       1 PUL0024	2.52e-85
      1       1 PUL0024	7.14e-32
      1       1 PUL0029	3.58e-60
      1       1 PUL0029	9.97e-35
      1       1 PUL0038	1.85e-169
      1       1 PUL0043	3.67e-90
      1       1 PUL0049	1.11e-121
      1       1 PUL0049	4.45e-21
      1       1 PUL0058	1.34e-241
      1       1 PUL0061	3.62e-157
      1       1 PUL0062	1.36e-68
      1       1 PUL0093	8.93e-112
      1       1 PUL0101	1.79e-24
      1       1 PUL0101	2.24e-19
      1       1 PUL0106	1.57e-06
      1       1 PUL0106	1.93e-126
      1       1 PUL0106	4.98e-36
      1       1 PUL0106	6.68e-120
      1       1 PUL0108	8.58e-35
      1       1 PUL0121	1.29e-49
      1       1 PUL0121	2.67e-164
      1       1 PUL0121	4.53e-83
      1       1 PUL0121	6.49e-174
      1       1 PUL0122	2.30e-182
      1       1 PUL0123	2.02e-79
      1       1 PUL0124	9.03e-131
      1       1 PUL0130	5.04e-152
      1       1 PUL0167	4.15e-40
      1       1 PUL0180	1.01e-04
      1       1 PUL0194	3.46e-84
      1       1 PUL0209	5.75e-68
      1       1 PUL0214	1.42e-199
      1       1 PUL0227	3.77e-70
      1       1 PUL0227	5.74e-57
      1       1 PUL0240	2.51e-110
      1       1 PUL0267	1.01e-98
      1       1 PUL0267	4.29e-236
      1       1 PUL0268	2.14e-84
      1       1 PUL0269	1.01e-81
      1       1 PUL0282	8.06e-14
      1       1 PUL0294	1.88e-87
      1       1 PUL0299	3.48e-04
      1       1 PUL0299	4.40e-07
      1       1 PUL0299	6.24e-42
      1       1 PUL0299	9.40e-14
      1       1 PUL0300	1.28e-100
      1       1 PUL0300	1.80e-67
      1       1 PUL0300	3.34e-60
      1       1 PUL0300	6.70e-59
      1       1 PUL0323	1.80e-06
      1       1 PUL0335	1.03e-54
      1       1 PUL0335	5.53e-106
      1       1 PUL0335	6.74e-141
      1       1 PUL0336	1.90e-40
      1       1 PUL0336	6.11e-10
      1       1 PUL0339	6.28e-49
      1       1 PUL0339	7.51e-162
      1       1 PUL0340	6.40e-206
      1       1 PUL0341	3.64e-197
      1       1 PUL0347	2.01e-72
      1       1 PUL0371	1.93e-41
      1       1 PUL0390	2.02e-50
      1       1 PUL0390	7.34e-98
      1       1 PUL0390	8.85e-86
      1       1 PUL0404	1.29e-42
      1       1 PUL0404	3.07e-16
      1       1 PUL0406	2.05e-154
      1       1 PUL0413	2.24e-208
      1       1 PUL0413	3.18e-106
      1       1 PUL0413	4.30e-118
      1       1 PUL0413	4.42e-125
      1       1 PUL0414	1.13e-47
      1       1 PUL0414	2.77e-56
      1       1 PUL0414	3.55e-58
      1       1 PUL0414	4.72e-56
      1       1 PUL0429	2.95e-25
      1       1 PUL0429	8.04e-08
      1       1 PUL0458	1.07e-37
      1       1 PUL0459	1.99e-18
      1       1 PUL0476	1.18e-125
      1       1 PUL0506	1.39e-112
      1       1 PUL0519	3.47e-124
      1       1 PUL0527	7.54e-86
      1       1 PUL0532	7.14e-75
      1       1 PUL0584	4.06e-157
      1       1 PUL0591	2.59e-78
      1       1 PUL0599	1.90e-110
      1       1 PUL0599	6.28e-83
      1       1 PUL0599	8.14e-127
