PUL0001;1
PUL0010;2
PUL0012;1
PUL0013;2
PUL0017;2
PUL0024;4
PUL0029;2
PUL0038;1
PUL0043;1
PUL0049;2
PUL0058;1
PUL0061;1
PUL0062;1
PUL0093;1
PUL0101;2
PUL0106;4
PUL0108;1
PUL0121;4
PUL0122;1
PUL0123;1
PUL0124;1
PUL0130;1
PUL0167;1
PUL0180;1
PUL0194;1
PUL0209;1
PUL0214;1
PUL0227;2
PUL0240;1
PUL0267;2
PUL0268;1
PUL0269;1
PUL0282;1
PUL0294;1
PUL0299;4
PUL0300;4
PUL0323;1
PUL0335;3
PUL0336;2
PUL0339;2
PUL0340;1
PUL0341;1
PUL0347;1
PUL0371;1
PUL0390;3
PUL0404;2
PUL0406;1
PUL0413;4
PUL0414;4
PUL0429;2
PUL0458;1
PUL0459;1
PUL0476;1
PUL0506;1
PUL0519;1
PUL0527;1
PUL0532;1
PUL0584;1
PUL0591;1
PUL0599;3
