      1       1 PUL0008	2.04e-49
      1       1 PUL0058	3.45e-167
      1       1 PUL0103	6.11e-174
      1       1 PUL0106	1.31e-139
      1       1 PUL0106	5.56e-281
      1       1 PUL0124	7.17e-153
      1       1 PUL0125	5.85e-159
      1       1 PUL0149	3.52e-72
      1       1 PUL0152	3.21e-113
      1       1 PUL0161	1.01e-22
      1       1 PUL0180	1.50e-232
      1       1 PUL0202	7.72e-129
      1       1 PUL0206	3.64e-254
      1       1 PUL0255	7.63e-140
      1       1 PUL0267	9.81e-306
      1       1 PUL0270	8.13e-59
      1       1 PUL0316	1.74e-56
      1       1 PUL0329	4.27e-30
      1       1 PUL0333	7.59e-86
      1       1 PUL0334	1.34e-212
      1       1 PUL0335	1.23e-65
      1       1 PUL0335	1.34e-203
      1       1 PUL0335	2.27e-11
      1       1 PUL0335	2.58e-142
      1       1 PUL0339	3.93e-252
      1       1 PUL0339	9.61e-164
      1       1 PUL0406	5.25e-173
      1       1 PUL0410	3.59e-42
      1       1 PUL0429	8.45e-151
      1       1 PUL0436	8.62e-05
      1       1 PUL0468	3.78e-36
      1       1 PUL0516	6.92e-190
      1       1 PUL0527	1.76e-254
