      1       1 PUL0017	2.13e-190
      1       1 PUL0022	5.37e-213
      1       1 PUL0041	2.32e-244
      1       1 PUL0049	1.74e-64
      1       1 PUL0049	3.41e-201
      1       1 PUL0050	6.11e-89
      1       1 PUL0100	1.33e-295
      1       1 PUL0106	7.17e-226
      1       1 PUL0121	5.70e-23
      1       1 PUL0145	3.59e-185
      1       1 PUL0152	1.04e-105
      1       1 PUL0168	5.25e-310
      1       1 PUL0184	3.03e-58
      1       1 PUL0202	3.36e-300
      1       1 PUL0206	5.32e-227
      1       1 PUL0246	2.00e-236
      1       1 PUL0248	3.68e-182
      1       1 PUL0267	9.11e-228
      1       1 PUL0298	1.06e-46
      1       1 PUL0300	2.56e-54
      1       1 PUL0316	1.34e-131
      1       1 PUL0335	1.73e-140
      1       1 PUL0347	1.28e-231
      1       1 PUL0410	3.47e-320
      1       1 PUL0530	2.42e-276
      1       1 PUL0584	1.17e-149
      1       1 PUL0586	7.36e-242
