      1       1 PUL0017	1.16e-174
      1       1 PUL0029	1.23e-45
      1       1 PUL0038	1.48e-168
      1       1 PUL0047	4.42e-138
      1       1 PUL0049	1.58e-190
      1       1 PUL0049	2.01e-129
      1       1 PUL0050	4.06e-76
      1       1 PUL0093	3.83e-33
      1       1 PUL0094	7.60e-46
      1       1 PUL0101	4.67e-32
      1       1 PUL0106	1.46e-128
      1       1 PUL0106	5.18e-157
      1       1 PUL0108	1.64e-32
      1       1 PUL0108	4.58e-31
      1       1 PUL0108	6.24e-44
      1       1 PUL0121	1.21e-172
      1       1 PUL0121	2.20e-48
      1       1 PUL0121	7.08e-80
      1       1 PUL0121	7.14e-38
      1       1 PUL0145	1.45e-172
      1       1 PUL0145	1.53e-189
      1       1 PUL0145	5.48e-182
      1       1 PUL0155	2.90e-81
      1       1 PUL0155	3.39e-79
      1       1 PUL0173	5.41e-47
      1       1 PUL0206	6.21e-87
      1       1 PUL0225	1.59e-98
      1       1 PUL0240	3.58e-97
      1       1 PUL0267	1.32e-211
      1       1 PUL0267	3.03e-233
      1       1 PUL0267	3.32e-223
      1       1 PUL0269	1.87e-76
      1       1 PUL0280	2.40e-19
      1       1 PUL0297	2.43e-57
      1       1 PUL0311	2.65e-238
      1       1 PUL0333	2.05e-83
      1       1 PUL0336	1.67e-47
      1       1 PUL0339	1.00e-39
      1       1 PUL0339	1.18e-161
      1       1 PUL0339	8.57e-43
      1       1 PUL0340	6.44e-77
      1       1 PUL0340	7.33e-223
      1       1 PUL0340	8.21e-87
      1       1 PUL0341	1.93e-159
      1       1 PUL0365	1.33e-46
      1       1 PUL0375	2.22e-90
      1       1 PUL0390	1.03e-29
      1       1 PUL0390	2.48e-84
      1       1 PUL0390	6.70e-50
      1       1 PUL0406	7.36e-102
      1       1 PUL0413	1.65e-112
      1       1 PUL0413	3.45e-166
      1       1 PUL0429	2.04e-103
      1       1 PUL0530	1.02e-47
      1       1 PUL0530	2.51e-293
