      1       1 PUL0010	1.33e-102
      1       1 PUL0012	2.43e-41
      1       1 PUL0013	4.42e-93
      1       1 PUL0013	8.58e-47
      1       1 PUL0017	3.69e-175
      1       1 PUL0019	3.73e-93
      1       1 PUL0024	2.70e-170
      1       1 PUL0026	8.45e-42
      1       1 PUL0038	3.68e-133
      1       1 PUL0049	1.09e-122
      1       1 PUL0058	1.60e-178
      1       1 PUL0070	7.23e-158
      1       1 PUL0092	5.34e-102
      1       1 PUL0101	1.98e-45
      1       1 PUL0101	2.43e-46
      1       1 PUL0106	2.81e-233
      1       1 PUL0108	8.18e-34
      1       1 PUL0108	8.51e-90
      1       1 PUL0121	1.64e-74
      1       1 PUL0121	7.50e-13
      1       1 PUL0124	3.05e-191
      1       1 PUL0135	7.91e-05
      1       1 PUL0161	1.28e-08
      1       1 PUL0180	2.47e-126
      1       1 PUL0196	2.56e-77
      1       1 PUL0209	2.39e-19
      1       1 PUL0214	2.82e-86
      1       1 PUL0216	6.78e-19
      1       1 PUL0216	8.82e-48
      1       1 PUL0230	2.09e-129
      1       1 PUL0230	3.08e-97
      1       1 PUL0236	2.19e-77
      1       1 PUL0247	4.32e-08
      1       1 PUL0248	3.74e-112
      1       1 PUL0267	4.16e-247
      1       1 PUL0277	5.43e-85
      1       1 PUL0286	5.33e-129
      1       1 PUL0294	5.62e-81
      1       1 PUL0299	6.67e-64
      1       1 PUL0328	6.50e-116
      1       1 PUL0333	1.06e-97
      1       1 PUL0333	9.11e-120
      1       1 PUL0335	6.07e-156
      1       1 PUL0336	6.37e-14
      1       1 PUL0337	2.02e-56
      1       1 PUL0340	3.82e-35
      1       1 PUL0340	8.24e-244
      1       1 PUL0341	1.04e-175
      1       1 PUL0341	3.36e-45
      1       1 PUL0341	7.45e-64
      1       1 PUL0347	3.93e-308
      1       1 PUL0347	5.11e-36
      1       1 PUL0366	5.43e-109
      1       1 PUL0373	2.74e-53
      1       1 PUL0390	1.90e-75
      1       1 PUL0390	2.46e-34
      1       1 PUL0396	4.26e-78
      1       1 PUL0406	7.37e-191
      1       1 PUL0413	5.01e-149
      1       1 PUL0458	1.13e-17
      1       1 PUL0459	6.66e-21
      1       1 PUL0460	6.52e-16
      1       1 PUL0501	1.24e-162
      1       1 PUL0519	1.96e-294
      1       1 PUL0530	4.79e-213
      1       1 PUL0599	5.45e-90
