PUL0010	1
PUL0012	1
PUL0013	2
PUL0017	1
PUL0019	1
PUL0024	1
PUL0026	1
PUL0038	1
PUL0049	1
PUL0058	1
PUL0070	1
PUL0092	1
PUL0101	2
PUL0106	1
PUL0108	2
PUL0121	2
PUL0124	1
PUL0135	1
PUL0161	1
PUL0180	1
PUL0196	1
PUL0209	1
PUL0214	1
PUL0216	2
PUL0230	2
PUL0236	1
PUL0247	1
PUL0248	1
PUL0267	1
PUL0277	1
PUL0286	1
PUL0294	1
PUL0299	1
PUL0328	1
PUL0333	2
PUL0335	1
PUL0336	1
PUL0337	1
PUL0340	2
PUL0341	3
PUL0347	2
PUL0366	1
PUL0373	1
PUL0390	2
PUL0396	1
PUL0406	1
PUL0413	1
PUL0458	1
PUL0459	1
PUL0460	1
PUL0501	1
PUL0519	1
PUL0530	1
PUL0599	1
