      1       1 PUL0010	1.15e-210
      1       1 PUL0010	1.93e-84
      1       1 PUL0013	2.67e-189
      1       1 PUL0017	1.14e-186
      1       1 PUL0058	2.49e-168
      1       1 PUL0060	1.02e-212
      1       1 PUL0060	3.22e-94
      1       1 PUL0106	3.12e-193
      1       1 PUL0108	8.69e-144
      1       1 PUL0152	3.99e-112
      1       1 PUL0168	6.97e-102
      1       1 PUL0180	1.30e-152
      1       1 PUL0247	7.04e-184
      1       1 PUL0250	1.87e-137
      1       1 PUL0267	1.18e-217
      1       1 PUL0335	2.50e-66
      1       1 PUL0340	5.72e-149
      1       1 PUL0365	8.18e-185
      1       1 PUL0390	4.69e-129
      1       1 PUL0390	6.95e-120
      1       1 PUL0413	1.19e-156
      1       1 PUL0466	2.22e-192
      1       1 PUL0506	1.11e-125
      1       1 PUL0527	3.21e-67
      1       1 PUL0599	2.06e-157
