      1       1 PUL0010	6.28e-210
      1       1 PUL0013	9.56e-81
      1       1 PUL0014	1.58e-40
      1       1 PUL0017	3.04e-195
      1       1 PUL0017	5.10e-175
      1       1 PUL0019	6.67e-82
      1       1 PUL0029	6.28e-82
      1       1 PUL0029	6.33e-151
      1       1 PUL0038	1.40e-146
      1       1 PUL0038	5.61e-59
      1       1 PUL0058	1.70e-167
      1       1 PUL0060	9.36e-65
      1       1 PUL0070	6.20e-168
      1       1 PUL0081	1.04e-12
      1       1 PUL0103	8.95e-15
      1       1 PUL0106	7.94e-148
      1       1 PUL0106	8.34e-95
      1       1 PUL0107	3.65e-54
      1       1 PUL0107	9.59e-35
      1       1 PUL0121	3.66e-22
      1       1 PUL0121	5.23e-38
      1       1 PUL0121	6.31e-15
      1       1 PUL0124	1.22e-163
      1       1 PUL0142	2.30e-179
      1       1 PUL0142	9.03e-152
      1       1 PUL0146	1.20e-110
      1       1 PUL0148	2.09e-15
      1       1 PUL0160	2.59e-77
      1       1 PUL0180	1.51e-121
      1       1 PUL0188	6.00e-117
      1       1 PUL0196	4.98e-112
      1       1 PUL0209	3.58e-17
      1       1 PUL0211	2.72e-83
      1       1 PUL0217	4.24e-75
      1       1 PUL0217	8.66e-75
      1       1 PUL0250	2.98e-12
      1       1 PUL0266	5.53e-63
      1       1 PUL0269	2.32e-47
      1       1 PUL0269	2.65e-46
      1       1 PUL0269	4.54e-43
      1       1 PUL0297	3.74e-75
      1       1 PUL0299	7.98e-167
      1       1 PUL0303	3.26e-102
      1       1 PUL0316	4.51e-79
      1       1 PUL0316	5.89e-92
      1       1 PUL0316	6.14e-76
      1       1 PUL0324	4.55e-53
      1       1 PUL0329	6.41e-31
      1       1 PUL0333	3.06e-108
      1       1 PUL0335	3.18e-176
      1       1 PUL0337	2.34e-144
      1       1 PUL0337	3.43e-48
      1       1 PUL0337	5.54e-90
      1       1 PUL0339	1.42e-148
      1       1 PUL0340	1.22e-40
      1       1 PUL0340	1.63e-136
      1       1 PUL0340	2.47e-90
      1       1 PUL0340	2.52e-139
      1       1 PUL0340	2.82e-72
      1       1 PUL0340	7.58e-35
      1       1 PUL0341	1.40e-27
      1       1 PUL0341	3.98e-157
      1       1 PUL0341	4.75e-06
      1       1 PUL0347	6.36e-17
      1       1 PUL0347	6.37e-135
      1       1 PUL0361	2.49e-80
      1       1 PUL0390	1.27e-62
      1       1 PUL0390	3.22e-36
      1       1 PUL0390	4.61e-30
      1       1 PUL0396	7.30e-114
      1       1 PUL0410	9.92e-15
      1       1 PUL0413	3.20e-78
      1       1 PUL0413	7.49e-114
      1       1 PUL0414	9.18e-52
      1       1 PUL0429	4.30e-79
      1       1 PUL0430	2.09e-120
      1       1 PUL0430	2.33e-184
      1       1 PUL0436	9.12e-93
      1       1 PUL0441	3.52e-04
      1       1 PUL0447	1.76e-164
      1       1 PUL0451	3.12e-17
      1       1 PUL0452	2.45e-26
      1       1 PUL0454	5.13e-42
      1       1 PUL0454	6.33e-61
      1       1 PUL0459	6.65e-60
      1       1 PUL0460	1.75e-146
      1       1 PUL0460	4.65e-05
      1       1 PUL0507	5.84e-88
      1       1 PUL0575	1.72e-84
      1       1 PUL0576	5.43e-130
      1       1 PUL0584	1.08e-128
      1       1 PUL0599	1.84e-111
      1       1 PUL0602	2.15e-14
