PUL0010	1
PUL0013	1
PUL0014	1
PUL0017	2
PUL0019	1
PUL0029	2
PUL0038	2
PUL0058	1
PUL0060	1
PUL0070	1
PUL0081	1
PUL0103	1
PUL0106	2
PUL0107	2
PUL0121	3
PUL0124	1
PUL0142	2
PUL0146	1
PUL0148	1
PUL0160	1
PUL0180	1
PUL0188	1
PUL0196	1
PUL0209	1
PUL0211	1
PUL0217	2
PUL0250	1
PUL0266	1
PUL0269	3
PUL0297	1
PUL0299	1
PUL0303	1
PUL0316	3
PUL0324	1
PUL0329	1
PUL0333	1
PUL0335	1
PUL0337	3
PUL0339	1
PUL0340	6
PUL0341	3
PUL0347	2
PUL0361	1
PUL0390	3
PUL0396	1
PUL0410	1
PUL0413	2
PUL0414	1
PUL0429	1
PUL0430	2
PUL0436	1
PUL0441	1
PUL0447	1
PUL0451	1
PUL0452	1
PUL0454	2
PUL0459	1
PUL0460	2
PUL0507	1
PUL0575	1
PUL0576	1
PUL0584	1
PUL0599	1
PUL0602	1
