      1       1 PUL0017	8.72e-183
      1       1 PUL0019	1.39e-37
      1       1 PUL0019	7.40e-159
      1       1 PUL0022	1.18e-171
      1       1 PUL0022	3.28e-104
      1       1 PUL0022	9.18e-219
      1       1 PUL0024	1.74e-254
      1       1 PUL0025	6.65e-08
      1       1 PUL0027	3.79e-93
      1       1 PUL0041	1.07e-175
      1       1 PUL0058	1.49e-266
      1       1 PUL0106	1.82e-233
      1       1 PUL0107	2.01e-142
      1       1 PUL0107	4.46e-173
      1       1 PUL0114	6.35e-190
      1       1 PUL0121	2.32e-212
      1       1 PUL0123	4.46e-16
      1       1 PUL0124	1.05e-101
      1       1 PUL0195	5.42e-82
      1       1 PUL0212	9.05e-143
      1       1 PUL0213	3.37e-257
      1       1 PUL0216	1.04e-16
      1       1 PUL0256	3.72e-169
      1       1 PUL0287	3.38e-73
      1       1 PUL0326	1.17e-16
      1       1 PUL0327	1.51e-173
      1       1 PUL0340	2.61e-41
      1       1 PUL0347	7.27e-313
      1       1 PUL0349	1.08e-218
      1       1 PUL0349	1.17e-136
      1       1 PUL0370	1.47e-156
      1       1 PUL0413	1.42e-159
      1       1 PUL0414	1.70e-80
      1       1 PUL0493	6.02e-85
      1       1 PUL0530	2.65e-276
      1       1 PUL0575	7.72e-197
      1       1 PUL0576	2.22e-125
