      1       1 PUL0013	2.28e-30
      1       1 PUL0017	1.43e-188
      1       1 PUL0017	2.68e-180
      1       1 PUL0029	2.14e-133
      1       1 PUL0029	2.85e-40
      1       1 PUL0038	5.68e-142
      1       1 PUL0069	7.34e-72
      1       1 PUL0070	5.52e-182
      1       1 PUL0094	1.67e-21
      1       1 PUL0106	2.38e-242
      1       1 PUL0106	4.59e-13
      1       1 PUL0106	4.71e-33
      1       1 PUL0108	1.56e-14
      1       1 PUL0121	3.37e-65
      1       1 PUL0121	4.09e-83
      1       1 PUL0124	5.04e-167
      1       1 PUL0130	6.74e-221
      1       1 PUL0145	5.07e-19
      1       1 PUL0153	5.31e-167
      1       1 PUL0161	1.25e-46
      1       1 PUL0162	2.72e-126
      1       1 PUL0184	2.08e-35
      1       1 PUL0184	5.43e-11
      1       1 PUL0184	9.01e-24
      1       1 PUL0195	2.84e-117
      1       1 PUL0196	2.33e-111
      1       1 PUL0212	3.52e-171
      1       1 PUL0212	8.75e-164
      1       1 PUL0230	2.50e-290
      1       1 PUL0230	4.45e-289
      1       1 PUL0267	5.33e-299
      1       1 PUL0267	7.83e-166
      1       1 PUL0298	4.27e-50
      1       1 PUL0299	1.72e-70
      1       1 PUL0300	3.25e-232
      1       1 PUL0327	3.15e-266
      1       1 PUL0327	3.56e-282
      1       1 PUL0333	2.15e-106
      1       1 PUL0335	1.25e-198
      1       1 PUL0337	3.99e-200
      1       1 PUL0337	7.96e-70
      1       1 PUL0340	2.86e-134
      1       1 PUL0340	2.99e-24
      1       1 PUL0340	4.10e-185
      1       1 PUL0341	1.12e-185
      1       1 PUL0347	3.59e-24
      1       1 PUL0347	6.40e-36
      1       1 PUL0347	9.32e-291
      1       1 PUL0368	4.02e-29
      1       1 PUL0368	9.03e-127
      1       1 PUL0390	1.58e-77
      1       1 PUL0390	8.78e-72
      1       1 PUL0396	1.51e-23
      1       1 PUL0406	1.32e-86
      1       1 PUL0406	1.92e-85
      1       1 PUL0406	2.56e-84
      1       1 PUL0406	9.09e-92
      1       1 PUL0413	1.67e-06
      1       1 PUL0413	2.36e-165
      1       1 PUL0434	4.74e-68
      1       1 PUL0451	2.32e-191
      1       1 PUL0452	9.50e-157
      1       1 PUL0458	2.16e-06
      1       1 PUL0459	2.56e-41
      1       1 PUL0530	3.09e-39
      1       1 PUL0571	2.66e-115
      1       1 PUL0591	3.89e-96
      1       1 PUL0595	4.96e-90
