      1       1 PUL0017	3.12e-194
      1       1 PUL0017	3.85e-179
      1       1 PUL0019	3.65e-101
      1       1 PUL0024	1.30e-41
      1       1 PUL0036	5.22e-140
      1       1 PUL0058	2.83e-158
      1       1 PUL0069	3.80e-128
      1       1 PUL0101	5.68e-13
      1       1 PUL0106	1.61e-93
      1       1 PUL0106	1.87e-226
      1       1 PUL0121	2.24e-37
      1       1 PUL0121	8.64e-45
      1       1 PUL0124	7.98e-158
      1       1 PUL0197	2.96e-90
      1       1 PUL0202	3.04e-159
      1       1 PUL0230	1.25e-76
      1       1 PUL0267	3.99e-158
      1       1 PUL0267	7.50e-200
      1       1 PUL0294	1.17e-31
      1       1 PUL0333	2.97e-107
      1       1 PUL0337	6.80e-62
      1       1 PUL0339	1.91e-78
      1       1 PUL0339	6.44e-159
      1       1 PUL0340	1.13e-81
      1       1 PUL0340	9.55e-138
      1       1 PUL0341	6.81e-149
      1       1 PUL0347	5.32e-148
      1       1 PUL0429	5.64e-40
      1       1 PUL0451	1.90e-31
      1       1 PUL0451	2.89e-142
      1       1 PUL0571	3.05e-81
