      1       1 PUL0017	1.41e-194
      1       1 PUL0049	2.33e-302
      1       1 PUL0051	2.37e-92
      1       1 PUL0097	5.58e-159
      1       1 PUL0101	2.66e-160
      1       1 PUL0106	1.61e-181
      1       1 PUL0106	1.71e-157
      1       1 PUL0106	2.85e-47
      1       1 PUL0106	3.42e-314
      1       1 PUL0106	6.06e-147
      1       1 PUL0147	8.84e-07
      1       1 PUL0161	2.61e-59
      1       1 PUL0180	3.98e-156
      1       1 PUL0199	2.23e-163
      1       1 PUL0267	1.38e-304
      1       1 PUL0267	3.20e-229
      1       1 PUL0270	5.33e-115
      1       1 PUL0316	9.39e-82
      1       1 PUL0326	8.26e-06
      1       1 PUL0333	1.24e-163
      1       1 PUL0333	8.98e-161
      1       1 PUL0334	2.43e-184
      1       1 PUL0335	3.83e-27
      1       1 PUL0335	7.14e-162
      1       1 PUL0339	1.22e-280
      1       1 PUL0339	1.51e-234
      1       1 PUL0339	1.82e-57
      1       1 PUL0339	6.20e-37
      1       1 PUL0477	6.05e-09
      1       1 PUL0527	1.59e-268
      1       1 PUL0560	2.12e-63
