      1       1 PUL0094	7.38e-96
      1       1 PUL0103	3.00e-208
      1       1 PUL0104	1.93e-106
      1       1 PUL0117	3.37e-09
      1       1 PUL0121	1.09e-75
      1       1 PUL0121	2.93e-33
      1       1 PUL0145	1.37e-79
      1       1 PUL0145	2.20e-267
      1       1 PUL0160	3.96e-186
      1       1 PUL0180	1.53e-110
      1       1 PUL0206	1.34e-149
      1       1 PUL0206	3.35e-245
      1       1 PUL0236	4.63e-58
      1       1 PUL0236	4.82e-68
      1       1 PUL0264	1.90e-18
      1       1 PUL0267	6.63e-224
      1       1 PUL0267	7.24e-283
      1       1 PUL0335	2.30e-184
      1       1 PUL0336	4.03e-136
      1       1 PUL0336	4.10e-81
      1       1 PUL0339	2.66e-279
      1       1 PUL0339	6.73e-22
      1       1 PUL0443	1.81e-167
      1       1 PUL0527	6.09e-264
      1       1 PUL0530	4.12e-07
      1       1 PUL0560	7.61e-105
      1       1 PUL0584	4.45e-141
