      1       1 PUL0048	5.19e-266
      1       1 PUL0106	1.97e-232
      1       1 PUL0106	7.58e-158
      1       1 PUL0113	1.36e-188
      1       1 PUL0168	2.54e-226
      1       1 PUL0196	1.10e-122
      1       1 PUL0196	4.93e-204
      1       1 PUL0212	1.69e-151
      1       1 PUL0238	2.16e-153
      1       1 PUL0267	3.43e-156
      1       1 PUL0267	5.04e-298
      1       1 PUL0340	1.48e-176
      1       1 PUL0341	2.17e-183
      1       1 PUL0347	1.78e-232
      1       1 PUL0347	6.11e-38
      1       1 PUL0368	1.90e-67
      1       1 PUL0406	6.89e-15
      1       1 PUL0413	1.45e-161
      1       1 PUL0472	5.60e-19
      1       1 PUL0571	1.41e-115
      1       1 PUL0574	1.55e-178
      1       1 PUL0582	1.80e-281
