      1       1 PUL0029	2.10e-119
      1       1 PUL0070	1.53e-298
      1       1 PUL0073	6.61e-319
      1       1 PUL0106	2.41e-88
      1       1 PUL0121	3.03e-168
      1       1 PUL0145	2.07e-48
      1       1 PUL0145	4.55e-193
      1       1 PUL0267	1.39e-184
      1       1 PUL0299	1.39e-38
      1       1 PUL0316	5.91e-112
      1       1 PUL0328	6.90e-82
      1       1 PUL0335	9.88e-82
      1       1 PUL0336	7.52e-47
      1       1 PUL0339	9.18e-161
      1       1 PUL0340	1.30e-136
      1       1 PUL0340	5.27e-163
      1       1 PUL0387	3.94e-07
      1       1 PUL0401	1.60e-10
      1       1 PUL0410	6.91e-23
      1       1 PUL0413	4.79e-35
      1       1 PUL0414	1.30e-92
      1       1 PUL0431	1.08e-54
