      1       1 PUL0017	9.04e-174
      1       1 PUL0019	1.17e-90
      1       1 PUL0024	5.73e-36
      1       1 PUL0049	5.54e-29
      1       1 PUL0060	9.96e-207
      1       1 PUL0106	1.05e-130
      1       1 PUL0106	2.58e-179
      1       1 PUL0145	5.78e-92
      1       1 PUL0145	9.12e-180
      1       1 PUL0180	3.88e-148
      1       1 PUL0180	6.24e-148
      1       1 PUL0206	1.92e-230
      1       1 PUL0267	3.70e-180
      1       1 PUL0267	5.93e-233
      1       1 PUL0300	8.41e-44
      1       1 PUL0316	6.82e-69
      1       1 PUL0335	3.14e-164
      1       1 PUL0344	3.71e-101
      1       1 PUL0344	9.49e-97
      1       1 PUL0368	7.73e-20
      1       1 PUL0387	1.47e-67
      1       1 PUL0390	1.82e-46
      1       1 PUL0390	6.48e-31
      1       1 PUL0396	3.29e-134
      1       1 PUL0406	1.25e-73
      1       1 PUL0459	3.03e-197
      1       1 PUL0460	1.97e-08
      1       1 PUL0460	4.12e-22
      1       1 PUL0460	9.54e-04
      1       1 PUL0493	4.12e-76
      1       1 PUL0506	7.35e-118
      1       1 PUL0584	1.89e-137
