      1       1 PUL0017	1.05e-196
      1       1 PUL0017	8.75e-181
      1       1 PUL0029	2.19e-49
      1       1 PUL0029	3.21e-42
      1       1 PUL0046	1.99e-152
      1       1 PUL0048	1.26e-215
      1       1 PUL0049	9.55e-30
      1       1 PUL0061	3.18e-127
      1       1 PUL0070	9.25e-162
      1       1 PUL0106	6.02e-224
      1       1 PUL0108	2.19e-40
      1       1 PUL0124	1.13e-155
      1       1 PUL0199	1.44e-67
      1       1 PUL0206	8.46e-151
      1       1 PUL0212	2.12e-261
      1       1 PUL0214	3.55e-108
      1       1 PUL0267	2.27e-104
      1       1 PUL0275	3.03e-153
      1       1 PUL0285	3.31e-49
      1       1 PUL0301	1.09e-97
      1       1 PUL0333	1.47e-113
      1       1 PUL0335	9.31e-122
      1       1 PUL0339	2.08e-157
      1       1 PUL0347	5.90e-145
