      1       1 PUL0007	3.30e-42
      1       1 PUL0013	3.84e-84
      1       1 PUL0017	2.39e-207
      1       1 PUL0033	4.47e-25
      1       1 PUL0090	1.26e-170
      1       1 PUL0106	1.05e-176
      1       1 PUL0106	6.68e-69
      1       1 PUL0121	2.91e-157
      1       1 PUL0124	2.08e-30
      1       1 PUL0134	1.04e-66
      1       1 PUL0184	1.37e-150
      1       1 PUL0216	1.61e-51
      1       1 PUL0216	3.51e-59
      1       1 PUL0267	1.97e-84
      1       1 PUL0267	3.31e-296
      1       1 PUL0282	4.69e-17
      1       1 PUL0296	7.06e-58
      1       1 PUL0333	1.11e-63
      1       1 PUL0335	3.21e-147
      1       1 PUL0335	4.12e-193
      1       1 PUL0336	2.02e-78
      1       1 PUL0341	5.26e-154
      1       1 PUL0347	1.51e-30
      1       1 PUL0350	5.76e-55
      1       1 PUL0390	7.25e-107
      1       1 PUL0401	5.35e-27
      1       1 PUL0404	4.15e-14
      1       1 PUL0404	4.96e-79
      1       1 PUL0404	5.54e-77
      1       1 PUL0413	1.60e-150
      1       1 PUL0413	7.36e-19
      1       1 PUL0429	1.59e-27
      1       1 PUL0429	4.84e-99
      1       1 PUL0434	4.34e-07
      1       1 PUL0454	2.81e-50
      1       1 PUL0460	7.36e-102
      1       1 PUL0527	2.45e-86
      1       1 PUL0599	5.92e-136
      1       1 PUL0599	9.50e-05
