      1       1 PUL0016	1.36e-259
      1       1 PUL0017	1.31e-191
      1       1 PUL0017	5.27e-190
      1       1 PUL0020	8.31e-269
      1       1 PUL0024	1.65e-53
      1       1 PUL0029	7.82e-140
      1       1 PUL0048	3.17e-205
      1       1 PUL0070	1.78e-183
      1       1 PUL0122	4.77e-205
      1       1 PUL0153	9.08e-167
      1       1 PUL0196	1.02e-248
      1       1 PUL0196	3.21e-196
      1       1 PUL0212	2.76e-171
      1       1 PUL0219	4.49e-34
      1       1 PUL0219	8.50e-94
      1       1 PUL0230	8.84e-290
      1       1 PUL0267	3.90e-165
      1       1 PUL0300	3.77e-98
      1       1 PUL0316	2.23e-95
      1       1 PUL0335	2.09e-117
      1       1 PUL0341	1.87e-187
      1       1 PUL0341	3.55e-163
      1       1 PUL0368	1.23e-123
      1       1 PUL0390	1.09e-130
      1       1 PUL0413	8.07e-161
      1       1 PUL0460	2.21e-19
      1       1 PUL0530	2.65e-246
      1       1 PUL0539	3.51e-138
      1       1 PUL0544	1.02e-68
      1       1 PUL0584	6.65e-153
