      1       1 PUL0014	2.58e-20
      1       1 PUL0024	3.25e-20
      1       1 PUL0029	1.79e-90
      1       1 PUL0029	2.45e-42
      1       1 PUL0045	1.64e-13
      1       1 PUL0047	2.33e-99
      1       1 PUL0049	1.39e-183
      1       1 PUL0061	1.76e-189
      1       1 PUL0062	2.16e-271
      1       1 PUL0093	8.33e-136
      1       1 PUL0101	8.29e-66
      1       1 PUL0103	1.48e-100
      1       1 PUL0106	1.58e-153
      1       1 PUL0106	3.06e-16
      1       1 PUL0106	4.87e-121
      1       1 PUL0106	8.01e-207
      1       1 PUL0108	5.58e-35
      1       1 PUL0108	9.06e-11
      1       1 PUL0121	2.32e-87
      1       1 PUL0121	2.79e-164
      1       1 PUL0121	4.35e-107
      1       1 PUL0121	5.12e-36
      1       1 PUL0123	1.54e-21
      1       1 PUL0123	4.10e-20
      1       1 PUL0123	5.13e-18
      1       1 PUL0124	1.46e-48
      1       1 PUL0124	2.55e-36
      1       1 PUL0145	1.54e-198
      1       1 PUL0145	1.90e-177
      1       1 PUL0145	2.15e-93
      1       1 PUL0145	3.86e-124
      1       1 PUL0145	4.63e-182
      1       1 PUL0145	8.59e-177
      1       1 PUL0169	1.80e-125
      1       1 PUL0169	3.89e-60
      1       1 PUL0180	1.02e-150
      1       1 PUL0206	3.31e-246
      1       1 PUL0206	3.37e-210
      1       1 PUL0211	3.91e-278
      1       1 PUL0226	4.65e-11
      1       1 PUL0232	1.06e-33
      1       1 PUL0250	1.33e-32
      1       1 PUL0266	2.96e-63
      1       1 PUL0267	1.63e-232
      1       1 PUL0292	5.19e-242
      1       1 PUL0316	1.86e-63
      1       1 PUL0324	3.83e-66
      1       1 PUL0329	1.40e-259
      1       1 PUL0333	1.25e-94
      1       1 PUL0335	1.13e-59
      1       1 PUL0335	1.30e-70
      1       1 PUL0335	4.74e-26
      1       1 PUL0335	5.91e-42
      1       1 PUL0354	1.51e-16
      1       1 PUL0366	2.53e-142
      1       1 PUL0396	3.81e-25
      1       1 PUL0414	7.96e-28
      1       1 PUL0435	4.15e-10
      1       1 PUL0458	1.53e-15
      1       1 PUL0458	4.00e-41
      1       1 PUL0474	3.25e-184
      1       1 PUL0532	3.63e-16
      1       1 PUL0588	9.56e-39
