      1       1 PUL0012	4.36e-09
      1       1 PUL0017	1.33e-198
      1       1 PUL0017	9.12e-194
      1       1 PUL0020	2.71e-40
      1       1 PUL0029	3.12e-167
      1       1 PUL0038	9.18e-184
      1       1 PUL0050	1.07e-97
      1       1 PUL0061	1.19e-93
      1       1 PUL0061	2.17e-93
      1       1 PUL0070	1.08e-142
      1       1 PUL0081	1.14e-49
      1       1 PUL0094	2.53e-123
      1       1 PUL0106	1.05e-06
      1       1 PUL0106	1.11e-188
      1       1 PUL0106	4.70e-59
      1       1 PUL0121	7.29e-28
      1       1 PUL0123	5.67e-52
      1       1 PUL0124	2.57e-112
      1       1 PUL0162	2.39e-55
      1       1 PUL0184	2.08e-76
      1       1 PUL0267	1.56e-288
      1       1 PUL0267	1.76e-53
      1       1 PUL0267	7.03e-205
      1       1 PUL0282	6.25e-19
      1       1 PUL0300	1.95e-93
      1       1 PUL0335	1.16e-65
      1       1 PUL0335	1.26e-144
      1       1 PUL0335	1.64e-66
      1       1 PUL0335	3.27e-172
      1       1 PUL0339	8.03e-144
      1       1 PUL0341	3.86e-138
      1       1 PUL0387	1.59e-43
      1       1 PUL0390	3.72e-108
      1       1 PUL0396	3.50e-60
      1       1 PUL0406	3.75e-61
      1       1 PUL0406	5.33e-25
      1       1 PUL0406	9.71e-194
      1       1 PUL0413	1.78e-130
      1       1 PUL0413	9.91e-33
      1       1 PUL0434	2.69e-11
      1       1 PUL0436	2.15e-08
      1       1 PUL0462	8.69e-109
      1       1 PUL0514	1.77e-04
      1       1 PUL0517	7.15e-33
      1       1 PUL0530	1.60e-26
      1       1 PUL0584	2.66e-155
      1       1 PUL0591	4.47e-51
      1       1 PUL0593	5.70e-79
      1       1 PUL0602	3.08e-25
