      1       1 PUL0017	1.87e-179
      1       1 PUL0038	4.45e-133
      1       1 PUL0106	7.25e-189
      1       1 PUL0121	2.14e-113
      1       1 PUL0145	2.39e-185
      1       1 PUL0169	5.91e-88
      1       1 PUL0225	1.28e-28
      1       1 PUL0250	2.36e-198
      1       1 PUL0267	1.08e-217
      1       1 PUL0298	1.19e-40
      1       1 PUL0316	3.80e-110
      1       1 PUL0333	4.81e-109
      1       1 PUL0335	2.05e-196
      1       1 PUL0335	4.26e-69
      1       1 PUL0340	2.62e-143
      1       1 PUL0341	1.51e-161
      1       1 PUL0390	7.33e-51
      1       1 PUL0406	5.93e-11
      1       1 PUL0413	1.86e-153
      1       1 PUL0413	2.89e-40
      1       1 PUL0584	1.47e-126
