      1       1 PUL0017	1.33e-224
      1       1 PUL0017	2.44e-187
      1       1 PUL0038	4.47e-111
      1       1 PUL0045	1.97e-22
      1       1 PUL0058	1.36e-184
      1       1 PUL0058	1.38e-231
      1       1 PUL0060	1.28e-05
      1       1 PUL0061	4.97e-173
      1       1 PUL0081	9.65e-48
      1       1 PUL0106	1.10e-174
      1       1 PUL0106	1.42e-176
      1       1 PUL0108	4.98e-56
      1       1 PUL0124	4.83e-159
      1       1 PUL0130	1.16e-84
      1       1 PUL0143	1.10e-131
      1       1 PUL0145	3.53e-204
      1       1 PUL0152	8.33e-100
      1       1 PUL0161	4.19e-14
      1       1 PUL0161	5.92e-08
      1       1 PUL0180	1.20e-09
      1       1 PUL0180	4.24e-04
      1       1 PUL0180	5.23e-146
      1       1 PUL0184	1.31e-171
      1       1 PUL0202	3.29e-137
      1       1 PUL0212	8.71e-138
      1       1 PUL0236	1.36e-75
      1       1 PUL0260	1.68e-06
      1       1 PUL0267	9.85e-237
      1       1 PUL0300	8.91e-80
      1       1 PUL0311	1.34e-73
      1       1 PUL0333	1.10e-107
      1       1 PUL0333	7.11e-62
      1       1 PUL0339	1.52e-190
      1       1 PUL0339	5.61e-19
      1       1 PUL0340	1.74e-34
      1       1 PUL0340	2.60e-153
      1       1 PUL0341	8.23e-177
      1       1 PUL0347	3.02e-238
      1       1 PUL0390	1.81e-70
      1       1 PUL0396	1.16e-117
      1       1 PUL0399	1.07e-12
      1       1 PUL0406	4.35e-101
      1       1 PUL0406	8.75e-201
      1       1 PUL0413	3.42e-159
      1       1 PUL0413	6.50e-54
      1       1 PUL0413	7.66e-50
      1       1 PUL0519	3.69e-135
      1       1 PUL0522	2.51e-06
      1       1 PUL0527	6.39e-41
      1       1 PUL0584	8.49e-145
      1       1 PUL0601	1.64e-05
