      1       1 PUL0017	8.20e-187
      1       1 PUL0049	4.18e-298
      1       1 PUL0090	4.35e-13
      1       1 PUL0101	2.03e-105
      1       1 PUL0106	3.40e-291
      1       1 PUL0106	6.13e-166
      1       1 PUL0106	8.82e-72
      1       1 PUL0122	3.32e-78
      1       1 PUL0125	2.90e-134
      1       1 PUL0145	2.41e-38
      1       1 PUL0180	7.20e-12
      1       1 PUL0206	6.38e-228
      1       1 PUL0235	4.36e-146
      1       1 PUL0255	3.39e-52
      1       1 PUL0267	2.02e-294
      1       1 PUL0270	4.33e-43
      1       1 PUL0298	1.78e-59
      1       1 PUL0329	4.38e-22
      1       1 PUL0333	7.70e-95
      1       1 PUL0335	8.65e-129
      1       1 PUL0339	1.63e-225
      1       1 PUL0339	5.75e-185
      1       1 PUL0340	2.46e-144
      1       1 PUL0392	2.13e-93
      1       1 PUL0406	1.35e-176
      1       1 PUL0406	2.28e-91
      1       1 PUL0420	4.36e-299
      1       1 PUL0443	1.77e-237
      1       1 PUL0461	2.78e-06
      1       1 PUL0473	1.07e-267
      1       1 PUL0510	2.06e-93
      1       1 PUL0510	4.26e-105
      1       1 PUL0513	1.61e-176
      1       1 PUL0527	3.11e-90
