      1       1 PUL0001	8.61e-30
      1       1 PUL0047	6.37e-64
      1       1 PUL0049	6.25e-230
      1       1 PUL0109	2.21e-227
      1       1 PUL0145	6.16e-216
      1       1 PUL0178	4.53e-221
      1       1 PUL0267	1.02e-307
      1       1 PUL0298	5.42e-48
      1       1 PUL0334	1.53e-110
      1       1 PUL0334	6.30e-251
      1       1 PUL0335	4.76e-252
      1       1 PUL0339	2.38e-288
      1       1 PUL0454	3.19e-30
      1       1 PUL0476	5.16e-260
      1       1 PUL0478	2.71e-178
      1       1 PUL0482	1.98e-308
      1       1 PUL0482	3.36e-134
      1       1 PUL0487	5.46e-224
      1       1 PUL0492	2.73e-34
      1       1 PUL0506	3.41e-221
      1       1 PUL0530	2.48e-70
