      1       1 PUL0017	2.51e-191
      1       1 PUL0049	1.78e-41
      1       1 PUL0049	8.28e-68
      1       1 PUL0050	3.90e-132
      1       1 PUL0094	3.42e-103
      1       1 PUL0094	8.84e-137
      1       1 PUL0108	9.49e-39
      1       1 PUL0109	7.93e-28
      1       1 PUL0115	1.34e-283
      1       1 PUL0121	1.90e-85
      1       1 PUL0121	4.04e-08
      1       1 PUL0149	2.18e-152
      1       1 PUL0166	1.06e-313
      1       1 PUL0178	9.58e-275
      1       1 PUL0180	2.10e-71
      1       1 PUL0236	1.13e-104
      1       1 PUL0239	6.85e-180
      1       1 PUL0245	4.75e-268
      1       1 PUL0267	3.13e-225
      1       1 PUL0300	1.19e-52
      1       1 PUL0334	3.48e-38
      1       1 PUL0335	1.77e-220
      1       1 PUL0336	2.63e-188
      1       1 PUL0339	5.03e-209
      1       1 PUL0345	9.07e-162
      1       1 PUL0352	3.85e-198
      1       1 PUL0382	2.76e-291
      1       1 PUL0424	9.48e-20
      1       1 PUL0463	4.75e-230
      1       1 PUL0468	1.51e-24
      1       1 PUL0485	4.68e-257
      1       1 PUL0502	1.11e-203
      1       1 PUL0506	5.09e-146
      1       1 PUL0516	1.85e-39
      1       1 PUL0539	1.89e-216
      1       1 PUL0559	9.40e-23
      1       1 PUL0574	4.11e-40
