      1       1 PUL0017	5.34e-187
      1       1 PUL0033	5.77e-10
      1       1 PUL0049	2.90e-305
      1       1 PUL0049	5.53e-130
      1       1 PUL0093	1.10e-11
      1       1 PUL0101	4.72e-216
      1       1 PUL0106	2.02e-315
      1       1 PUL0106	5.78e-179
      1       1 PUL0124	2.81e-153
      1       1 PUL0145	7.96e-64
      1       1 PUL0180	5.72e-207
      1       1 PUL0236	1.52e-55
      1       1 PUL0236	4.22e-147
      1       1 PUL0241	2.72e-159
      1       1 PUL0267	6.68e-227
      1       1 PUL0335	1.69e-73
      1       1 PUL0335	4.31e-143
      1       1 PUL0337	1.96e-117
      1       1 PUL0337	5.06e-63
      1       1 PUL0339	2.36e-177
      1       1 PUL0339	3.81e-230
      1       1 PUL0340	3.41e-14
      1       1 PUL0340	6.26e-99
      1       1 PUL0341	2.68e-139
      1       1 PUL0348	9.98e-198
      1       1 PUL0409	4.65e-45
      1       1 PUL0413	7.33e-36
      1       1 PUL0431	6.15e-98
      1       1 PUL0443	2.51e-156
      1       1 PUL0443	2.58e-196
      1       1 PUL0513	4.16e-163
      1       1 PUL0527	1.96e-255
      1       1 PUL0527	7.46e-46
      1       1 PUL0530	1.75e-10
