      1       1 PUL0006	4.20e-103
      1       1 PUL0009	4.03e-60
      1       1 PUL0013	2.66e-24
      1       1 PUL0013	3.93e-66
      1       1 PUL0016	2.25e-94
      1       1 PUL0017	1.32e-191
      1       1 PUL0017	6.53e-196
      1       1 PUL0019	1.14e-41
      1       1 PUL0022	3.68e-172
      1       1 PUL0022	5.33e-196
      1       1 PUL0025	1.96e-101
      1       1 PUL0029	1.20e-143
      1       1 PUL0029	6.85e-98
      1       1 PUL0043	7.46e-111
      1       1 PUL0048	2.46e-234
      1       1 PUL0048	4.39e-254
      1       1 PUL0049	1.86e-12
      1       1 PUL0060	1.22e-46
      1       1 PUL0060	6.26e-74
      1       1 PUL0070	1.46e-186
      1       1 PUL0104	1.36e-69
      1       1 PUL0106	2.15e-249
      1       1 PUL0108	4.36e-159
      1       1 PUL0121	2.22e-52
      1       1 PUL0123	7.51e-62
      1       1 PUL0151	4.20e-31
      1       1 PUL0161	1.02e-37
      1       1 PUL0161	1.06e-04
      1       1 PUL0161	3.58e-44
      1       1 PUL0168	1.27e-154
      1       1 PUL0180	2.71e-94
      1       1 PUL0184	1.29e-25
      1       1 PUL0184	1.76e-44
      1       1 PUL0195	4.22e-156
      1       1 PUL0196	4.15e-141
      1       1 PUL0210	1.96e-108
      1       1 PUL0227	2.60e-29
      1       1 PUL0230	3.01e-65
      1       1 PUL0230	6.32e-293
      1       1 PUL0230	9.34e-110
      1       1 PUL0236	8.05e-91
      1       1 PUL0238	5.38e-225
      1       1 PUL0247	1.70e-47
      1       1 PUL0258	8.48e-64
      1       1 PUL0269	3.82e-49
      1       1 PUL0277	3.46e-216
      1       1 PUL0278	1.68e-219
      1       1 PUL0326	2.79e-04
      1       1 PUL0326	8.80e-06
      1       1 PUL0333	1.02e-91
      1       1 PUL0337	7.21e-80
      1       1 PUL0339	1.30e-04
      1       1 PUL0339	1.66e-31
      1       1 PUL0340	2.62e-165
      1       1 PUL0340	4.68e-38
      1       1 PUL0341	1.41e-179
      1       1 PUL0345	1.61e-27
      1       1 PUL0347	2.22e-290
      1       1 PUL0347	5.30e-49
      1       1 PUL0349	1.98e-123
      1       1 PUL0375	2.66e-46
      1       1 PUL0390	5.49e-132
      1       1 PUL0390	8.12e-167
      1       1 PUL0406	1.54e-228
      1       1 PUL0406	2.72e-84
      1       1 PUL0449	9.82e-232
      1       1 PUL0451	6.83e-193
      1       1 PUL0460	3.48e-23
      1       1 PUL0530	3.37e-259
      1       1 PUL0560	1.60e-29
      1       1 PUL0575	4.88e-264
      1       1 PUL0577	2.76e-10
      1       1 PUL0579	3.88e-89
      1       1 PUL0582	5.23e-187
      1       1 PUL0582	7.50e-259
      1       1 PUL0584	1.53e-222
      1       1 PUL0584	2.05e-198
      1       1 PUL0591	9.97e-59
