PUL0006	1
PUL0009	1
PUL0013	2
PUL0016	1
PUL0017	2
PUL0019	1
PUL0022	2
PUL0025	1
PUL0029	2
PUL0043	1
PUL0048	2
PUL0049	1
PUL0060	2
PUL0070	1
PUL0104	1
PUL0106	1
PUL0108	1
PUL0121	1
PUL0123	1
PUL0151	1
PUL0161	3
PUL0168	1
PUL0180	1
PUL0184	2
PUL0195	1
PUL0196	1
PUL0210	1
PUL0227	1
PUL0230	3
PUL0236	1
PUL0238	1
PUL0247	1
PUL0258	1
PUL0269	1
PUL0277	1
PUL0278	1
PUL0326	2
PUL0333	1
PUL0337	1
PUL0339	2
PUL0340	2
PUL0341	1
PUL0345	1
PUL0347	2
PUL0349	1
PUL0375	1
PUL0390	2
PUL0406	2
PUL0449	1
PUL0451	1
PUL0460	1
PUL0530	1
PUL0560	1
PUL0575	1
PUL0577	1
PUL0579	1
PUL0582	2
PUL0584	2
PUL0591	1
