      1       1 PUL0017	9.44e-175
      1       1 PUL0047	5.97e-138
      1       1 PUL0049	2.40e-187
      1       1 PUL0049	3.33e-129
      1       1 PUL0050	4.50e-76
      1       1 PUL0094	3.47e-46
      1       1 PUL0101	2.48e-32
      1       1 PUL0106	4.76e-156
      1       1 PUL0107	2.29e-26
      1       1 PUL0121	6.53e-172
      1       1 PUL0121	7.69e-38
      1       1 PUL0121	8.32e-80
      1       1 PUL0139	5.03e-14
      1       1 PUL0145	2.09e-181
      1       1 PUL0145	4.74e-189
      1       1 PUL0145	8.76e-184
      1       1 PUL0155	1.33e-77
      1       1 PUL0216	1.21e-61
      1       1 PUL0225	2.94e-96
      1       1 PUL0226	1.44e-18
      1       1 PUL0232	3.39e-32
      1       1 PUL0267	1.19e-222
      1       1 PUL0267	3.38e-210
      1       1 PUL0267	8.89e-233
      1       1 PUL0269	2.04e-76
      1       1 PUL0294	6.96e-59
      1       1 PUL0311	8.43e-238
      1       1 PUL0335	9.06e-05
      1       1 PUL0339	3.37e-161
      1       1 PUL0340	5.46e-222
      1       1 PUL0365	1.25e-79
      1       1 PUL0390	1.09e-83
      1       1 PUL0406	1.71e-101
      1       1 PUL0413	2.22e-112
      1       1 PUL0429	1.19e-103
