      1       1 PUL0005	4.96e-199
      1       1 PUL0006	4.92e-201
      1       1 PUL0014	4.95e-30
      1       1 PUL0016	1.09e-179
      1       1 PUL0016	7.19e-107
      1       1 PUL0017	4.35e-105
      1       1 PUL0022	1.13e-105
      1       1 PUL0022	1.34e-159
      1       1 PUL0022	2.00e-170
      1       1 PUL0022	2.63e-171
      1       1 PUL0022	7.02e-219
      1       1 PUL0022	9.03e-135
      1       1 PUL0024	1.40e-32
      1       1 PUL0025	4.16e-99
      1       1 PUL0025	5.00e-08
      1       1 PUL0025	5.02e-64
      1       1 PUL0025	8.16e-08
      1       1 PUL0029	1.14e-07
      1       1 PUL0029	8.50e-31
      1       1 PUL0041	1.06e-175
      1       1 PUL0047	1.55e-04
      1       1 PUL0058	1.35e-266
      1       1 PUL0106	2.13e-234
      1       1 PUL0107	2.01e-142
      1       1 PUL0107	5.03e-173
      1       1 PUL0108	6.62e-39
      1       1 PUL0108	6.84e-51
      1       1 PUL0113	3.02e-188
      1       1 PUL0113	7.50e-124
      1       1 PUL0121	1.35e-212
      1       1 PUL0124	9.34e-102
      1       1 PUL0184	9.02e-133
      1       1 PUL0186	1.31e-192
      1       1 PUL0186	2.90e-161
      1       1 PUL0195	1.84e-45
      1       1 PUL0195	2.51e-82
      1       1 PUL0213	2.80e-257
      1       1 PUL0230	2.55e-115
      1       1 PUL0245	8.12e-34
      1       1 PUL0254	9.19e-180
      1       1 PUL0282	1.27e-48
      1       1 PUL0287	1.08e-73
      1       1 PUL0300	2.84e-49
      1       1 PUL0326	1.31e-14
      1       1 PUL0340	2.50e-41
      1       1 PUL0341	4.01e-265
      1       1 PUL0347	5.23e-313
      1       1 PUL0349	4.55e-218
      1       1 PUL0349	6.70e-220
      1       1 PUL0370	9.91e-144
      1       1 PUL0406	5.12e-17
      1       1 PUL0493	6.06e-85
      1       1 PUL0494	4.54e-179
      1       1 PUL0501	1.02e-175
      1       1 PUL0530	8.58e-276
      1       1 PUL0560	6.37e-63
      1       1 PUL0576	8.41e-215
      1       1 PUL0595	4.10e-77
