      1       1 PUL0017	6.23e-150
      1       1 PUL0043	1.49e-207
      1       1 PUL0049	1.64e-189
      1       1 PUL0061	6.83e-233
      1       1 PUL0069	6.76e-215
      1       1 PUL0145	6.00e-181
      1       1 PUL0152	1.95e-99
      1       1 PUL0180	1.35e-151
      1       1 PUL0216	8.95e-85
      1       1 PUL0267	1.35e-227
      1       1 PUL0267	1.87e-217
      1       1 PUL0299	1.31e-38
      1       1 PUL0316	3.06e-131
      1       1 PUL0333	3.19e-88
      1       1 PUL0333	6.54e-101
      1       1 PUL0337	1.39e-140
      1       1 PUL0409	4.49e-142
      1       1 PUL0459	4.38e-210
      1       1 PUL0460	1.04e-58
      1       1 PUL0460	9.49e-95
      1       1 PUL0584	1.45e-144
