      1       1 PUL0017	1.96e-202
      1       1 PUL0017	4.10e-48
      1       1 PUL0019	4.71e-147
      1       1 PUL0024	2.15e-186
      1       1 PUL0049	3.04e-37
      1       1 PUL0049	9.77e-165
      1       1 PUL0058	3.67e-217
      1       1 PUL0070	4.20e-174
      1       1 PUL0124	2.25e-179
      1       1 PUL0124	8.53e-223
      1       1 PUL0180	9.21e-89
      1       1 PUL0189	1.78e-51
      1       1 PUL0209	1.92e-239
      1       1 PUL0214	1.26e-110
      1       1 PUL0224	1.26e-57
      1       1 PUL0227	6.37e-195
      1       1 PUL0245	1.78e-246
      1       1 PUL0309	1.65e-203
      1       1 PUL0337	1.93e-204
      1       1 PUL0406	6.71e-17
      1       1 PUL0517	4.97e-152
      1       1 PUL0600	2.57e-245
