      1       1 PUL0010	4.34e-81
      1       1 PUL0017	2.50e-202
      1       1 PUL0017	6.00e-185
      1       1 PUL0047	1.18e-57
      1       1 PUL0049	6.25e-19
      1       1 PUL0050	1.38e-91
      1       1 PUL0050	3.24e-73
      1       1 PUL0093	2.12e-25
      1       1 PUL0106	8.12e-169
      1       1 PUL0108	4.43e-44
      1       1 PUL0121	1.58e-55
      1       1 PUL0121	4.32e-41
      1       1 PUL0121	7.91e-95
      1       1 PUL0123	9.86e-35
      1       1 PUL0124	4.02e-156
      1       1 PUL0135	2.59e-87
      1       1 PUL0145	1.17e-202
      1       1 PUL0145	4.58e-224
      1       1 PUL0161	3.31e-16
      1       1 PUL0178	9.15e-51
      1       1 PUL0179	1.70e-07
      1       1 PUL0180	7.41e-108
      1       1 PUL0214	5.78e-139
      1       1 PUL0227	4.84e-53
      1       1 PUL0267	2.06e-87
      1       1 PUL0267	3.26e-303
      1       1 PUL0299	3.58e-65
      1       1 PUL0316	6.26e-34
      1       1 PUL0335	1.65e-99
      1       1 PUL0335	1.84e-188
      1       1 PUL0335	4.97e-78
      1       1 PUL0335	6.87e-82
      1       1 PUL0339	3.50e-46
      1       1 PUL0340	7.27e-163
      1       1 PUL0340	7.65e-198
      1       1 PUL0341	6.58e-151
      1       1 PUL0390	1.56e-37
      1       1 PUL0390	9.77e-91
      1       1 PUL0406	1.50e-151
      1       1 PUL0413	1.54e-30
      1       1 PUL0414	4.00e-62
      1       1 PUL0417	1.59e-11
      1       1 PUL0454	2.85e-45
      1       1 PUL0493	2.75e-82
      1       1 PUL0593	2.24e-73
