      1       1 PUL0017	5.59e-151
      1       1 PUL0024	6.48e-57
      1       1 PUL0036	2.37e-185
      1       1 PUL0049	7.65e-192
      1       1 PUL0069	5.06e-184
      1       1 PUL0070	1.86e-284
      1       1 PUL0070	7.31e-313
      1       1 PUL0145	1.14e-97
      1       1 PUL0145	1.45e-198
      1       1 PUL0152	6.50e-110
      1       1 PUL0180	2.00e-141
      1       1 PUL0184	1.41e-20
      1       1 PUL0230	2.45e-71
      1       1 PUL0267	1.17e-231
      1       1 PUL0285	2.44e-38
      1       1 PUL0302	3.86e-09
      1       1 PUL0316	2.57e-106
      1       1 PUL0333	5.34e-98
      1       1 PUL0337	3.62e-135
      1       1 PUL0340	8.36e-107
      1       1 PUL0341	1.02e-170
      1       1 PUL0413	3.35e-111
      1       1 PUL0429	1.46e-29
      1       1 PUL0429	4.45e-30
      1       1 PUL0459	3.99e-219
      1       1 PUL0530	1.25e-35
      1       1 PUL0530	2.15e-34
