      1       1 PUL0013	1.02e-80
      1       1 PUL0017	1.37e-178
      1       1 PUL0038	2.88e-168
      1       1 PUL0043	7.32e-12
      1       1 PUL0058	3.96e-224
      1       1 PUL0070	3.08e-164
      1       1 PUL0093	2.34e-177
      1       1 PUL0106	1.05e-115
      1       1 PUL0106	1.54e-166
      1       1 PUL0107	1.59e-117
      1       1 PUL0113	1.23e-74
      1       1 PUL0123	1.28e-119
      1       1 PUL0123	2.86e-78
      1       1 PUL0124	4.69e-178
      1       1 PUL0145	1.23e-56
      1       1 PUL0148	7.62e-51
      1       1 PUL0180	1.29e-107
      1       1 PUL0210	5.66e-43
      1       1 PUL0212	3.45e-132
      1       1 PUL0236	9.49e-85
      1       1 PUL0267	1.10e-228
      1       1 PUL0281	6.42e-163
      1       1 PUL0303	1.81e-48
      1       1 PUL0316	1.99e-94
      1       1 PUL0335	1.40e-115
      1       1 PUL0335	9.45e-176
      1       1 PUL0336	3.27e-31
      1       1 PUL0341	3.31e-182
      1       1 PUL0347	1.08e-86
      1       1 PUL0390	2.86e-43
      1       1 PUL0396	1.36e-82
      1       1 PUL0399	3.29e-90
      1       1 PUL0401	2.49e-101
      1       1 PUL0406	3.50e-205
      1       1 PUL0413	2.88e-138
      1       1 PUL0414	7.00e-86
      1       1 PUL0579	4.46e-97
      1       1 PUL0584	4.68e-139
      1       1 PUL0599	4.01e-133
