      1       1 PUL0017	1.03e-179
      1       1 PUL0017	3.02e-209
      1       1 PUL0019	4.17e-128
      1       1 PUL0036	2.10e-113
      1       1 PUL0060	4.89e-120
      1       1 PUL0094	9.09e-70
      1       1 PUL0106	8.92e-243
      1       1 PUL0121	1.11e-119
      1       1 PUL0124	2.33e-165
      1       1 PUL0154	1.99e-168
      1       1 PUL0162	4.74e-128
      1       1 PUL0196	5.78e-88
      1       1 PUL0265	1.92e-300
      1       1 PUL0303	2.35e-29
      1       1 PUL0316	7.25e-95
      1       1 PUL0329	3.81e-57
      1       1 PUL0332	8.65e-29
      1       1 PUL0333	3.22e-108
      1       1 PUL0333	3.99e-25
      1       1 PUL0337	6.75e-58
      1       1 PUL0340	1.04e-44
      1       1 PUL0340	1.25e-08
      1       1 PUL0340	1.55e-20
      1       1 PUL0340	2.32e-45
      1       1 PUL0340	3.94e-104
      1       1 PUL0340	7.83e-154
      1       1 PUL0341	8.74e-191
      1       1 PUL0341	8.96e-10
      1       1 PUL0406	2.48e-19
      1       1 PUL0406	2.55e-22
      1       1 PUL0414	1.12e-126
      1       1 PUL0584	8.62e-203
