      1       1 PUL0008	2.65e-59
      1       1 PUL0010	9.83e-80
      1       1 PUL0017	1.82e-189
      1       1 PUL0017	7.59e-157
      1       1 PUL0029	1.02e-79
      1       1 PUL0048	8.72e-203
      1       1 PUL0070	3.67e-155
      1       1 PUL0094	1.86e-26
      1       1 PUL0104	6.76e-72
      1       1 PUL0106	1.38e-102
      1       1 PUL0106	5.48e-239
      1       1 PUL0124	8.51e-169
      1       1 PUL0133	4.15e-61
      1       1 PUL0154	3.17e-223
      1       1 PUL0196	3.58e-124
      1       1 PUL0196	6.44e-153
      1       1 PUL0212	8.98e-158
      1       1 PUL0219	1.04e-161
      1       1 PUL0230	1.47e-198
      1       1 PUL0230	4.92e-140
      1       1 PUL0267	5.66e-159
      1       1 PUL0277	2.81e-193
      1       1 PUL0281	3.40e-15
      1       1 PUL0333	1.49e-48
      1       1 PUL0335	7.64e-108
      1       1 PUL0339	2.56e-124
      1       1 PUL0340	2.26e-135
      1       1 PUL0347	2.78e-237
      1       1 PUL0368	1.26e-125
      1       1 PUL0368	4.43e-29
      1       1 PUL0372	2.89e-160
      1       1 PUL0399	7.97e-201
      1       1 PUL0399	8.51e-210
      1       1 PUL0406	4.63e-10
      1       1 PUL0530	2.36e-221
      1       1 PUL0560	7.24e-48
      1       1 PUL0575	1.10e-178
