      1       1 PUL0017	1.43e-185
      1       1 PUL0038	2.50e-157
      1       1 PUL0039	1.75e-17
      1       1 PUL0049	1.83e-304
      1       1 PUL0106	6.14e-65
      1       1 PUL0108	1.26e-82
      1       1 PUL0115	7.54e-186
      1       1 PUL0125	1.72e-134
      1       1 PUL0125	1.85e-114
      1       1 PUL0134	1.43e-48
      1       1 PUL0136	2.24e-49
      1       1 PUL0145	1.68e-123
      1       1 PUL0145	3.34e-263
      1       1 PUL0149	2.78e-10
      1       1 PUL0150	6.91e-29
      1       1 PUL0180	9.02e-220
      1       1 PUL0206	1.64e-226
      1       1 PUL0206	2.05e-144
      1       1 PUL0206	7.83e-186
      1       1 PUL0241	8.71e-168
      1       1 PUL0252	9.72e-282
      1       1 PUL0256	2.43e-130
      1       1 PUL0267	1.59e-313
      1       1 PUL0267	8.36e-230
      1       1 PUL0332	8.83e-51
      1       1 PUL0334	1.13e-201
      1       1 PUL0335	3.62e-100
      1       1 PUL0336	2.75e-133
      1       1 PUL0339	1.31e-231
      1       1 PUL0339	3.16e-256
      1       1 PUL0340	1.35e-140
      1       1 PUL0383	1.97e-146
      1       1 PUL0406	1.03e-170
      1       1 PUL0417	3.14e-119
      1       1 PUL0420	2.49e-304
      1       1 PUL0420	4.75e-229
      1       1 PUL0420	9.17e-22
      1       1 PUL0431	1.18e-159
      1       1 PUL0435	2.67e-09
      1       1 PUL0436	3.68e-307
      1       1 PUL0443	9.96e-190
      1       1 PUL0454	2.72e-24
      1       1 PUL0461	7.67e-09
      1       1 PUL0468	3.27e-201
      1       1 PUL0527	5.13e-266
      1       1 PUL0600	1.13e-47
