      1       1 PUL0006	5.87e-84
      1       1 PUL0009	5.92e-100
      1       1 PUL0010	1.61e-35
      1       1 PUL0014	1.48e-35
      1       1 PUL0017	1.64e-200
      1       1 PUL0017	8.79e-182
      1       1 PUL0029	1.46e-140
      1       1 PUL0029	2.46e-38
      1       1 PUL0029	8.07e-155
      1       1 PUL0050	4.67e-91
      1       1 PUL0061	3.57e-26
      1       1 PUL0061	3.70e-167
      1       1 PUL0075	2.61e-123
      1       1 PUL0095	3.12e-91
      1       1 PUL0106	9.56e-141
      1       1 PUL0142	8.06e-153
      1       1 PUL0148	1.11e-44
      1       1 PUL0168	1.15e-31
      1       1 PUL0178	3.04e-185
      1       1 PUL0267	1.42e-211
      1       1 PUL0286	7.18e-166
      1       1 PUL0296	1.01e-87
      1       1 PUL0297	2.32e-64
      1       1 PUL0299	9.33e-106
      1       1 PUL0335	1.18e-160
      1       1 PUL0335	2.27e-174
      1       1 PUL0337	3.00e-53
      1       1 PUL0339	3.86e-60
      1       1 PUL0340	1.55e-124
      1       1 PUL0340	1.61e-39
      1       1 PUL0341	2.49e-66
      1       1 PUL0341	8.53e-156
      1       1 PUL0396	5.05e-121
      1       1 PUL0410	5.43e-135
      1       1 PUL0413	6.10e-109
      1       1 PUL0429	1.69e-73
      1       1 PUL0468	4.92e-31
      1       1 PUL0530	4.89e-49
      1       1 PUL0544	3.47e-54
      1       1 PUL0577	8.50e-162
