      1       1 PUL0006	4.56e-100
      1       1 PUL0010	2.36e-60
      1       1 PUL0013	5.04e-65
      1       1 PUL0013	9.81e-49
      1       1 PUL0017	4.10e-208
      1       1 PUL0035	1.23e-42
      1       1 PUL0049	2.94e-158
      1       1 PUL0049	4.53e-30
      1       1 PUL0050	2.16e-94
      1       1 PUL0061	3.70e-173
      1       1 PUL0072	8.08e-55
      1       1 PUL0106	4.80e-168
      1       1 PUL0108	2.33e-46
      1       1 PUL0108	3.88e-39
      1       1 PUL0121	1.38e-38
      1       1 PUL0122	1.58e-91
      1       1 PUL0122	1.65e-277
      1       1 PUL0123	4.00e-108
      1       1 PUL0124	2.77e-32
      1       1 PUL0144	4.71e-88
      1       1 PUL0151	2.14e-32
      1       1 PUL0155	3.60e-99
      1       1 PUL0163	1.40e-80
      1       1 PUL0180	1.90e-85
      1       1 PUL0212	1.12e-149
      1       1 PUL0214	1.29e-12
      1       1 PUL0217	1.13e-94
      1       1 PUL0217	1.67e-93
      1       1 PUL0217	2.45e-85
      1       1 PUL0217	2.82e-155
      1       1 PUL0217	2.82e-93
      1       1 PUL0217	4.96e-57
      1       1 PUL0217	5.58e-71
      1       1 PUL0217	5.60e-103
      1       1 PUL0225	2.90e-63
      1       1 PUL0227	1.28e-75
      1       1 PUL0227	1.39e-66
      1       1 PUL0227	1.83e-215
      1       1 PUL0227	2.29e-112
      1       1 PUL0227	4.53e-168
      1       1 PUL0227	9.79e-273
      1       1 PUL0250	4.39e-77
      1       1 PUL0266	1.86e-127
      1       1 PUL0268	9.70e-56
      1       1 PUL0270	4.67e-25
      1       1 PUL0309	1.22e-172
      1       1 PUL0309	8.61e-224
      1       1 PUL0316	7.22e-111
      1       1 PUL0328	1.30e-122
      1       1 PUL0335	2.18e-71
      1       1 PUL0337	6.63e-148
      1       1 PUL0340	6.61e-124
      1       1 PUL0341	2.34e-172
      1       1 PUL0390	1.03e-155
      1       1 PUL0390	1.19e-79
      1       1 PUL0390	1.42e-142
      1       1 PUL0390	1.66e-147
      1       1 PUL0390	1.95e-135
      1       1 PUL0390	2.05e-176
      1       1 PUL0390	2.16e-126
      1       1 PUL0390	2.16e-165
      1       1 PUL0390	3.15e-158
      1       1 PUL0390	3.45e-143
      1       1 PUL0390	3.81e-195
      1       1 PUL0390	4.44e-170
      1       1 PUL0390	4.60e-140
      1       1 PUL0390	4.63e-37
      1       1 PUL0390	5.78e-172
      1       1 PUL0390	7.46e-10
      1       1 PUL0390	8.44e-135
      1       1 PUL0390	9.20e-125
      1       1 PUL0413	1.40e-164
      1       1 PUL0413	2.53e-119
      1       1 PUL0413	5.22e-58
      1       1 PUL0429	2.13e-115
      1       1 PUL0431	7.36e-146
      1       1 PUL0434	1.94e-16
      1       1 PUL0446	2.32e-63
      1       1 PUL0459	1.55e-133
      1       1 PUL0459	5.94e-164
      1       1 PUL0468	1.65e-34
      1       1 PUL0482	3.53e-202
      1       1 PUL0482	5.56e-55
      1       1 PUL0507	3.13e-81
      1       1 PUL0507	7.72e-110
      1       1 PUL0530	3.04e-44
      1       1 PUL0530	4.86e-35
      1       1 PUL0546	1.09e-143
      1       1 PUL0575	5.78e-116
      1       1 PUL0591	1.23e-37
      1       1 PUL0601	1.50e-76
