PUL0006;1
PUL0010;1
PUL0013;2
PUL0017;1
PUL0035;1
PUL0049;2
PUL0050;1
PUL0061;1
PUL0072;1
PUL0106;1
PUL0108;2
PUL0121;1
PUL0122;2
PUL0123;1
PUL0124;1
PUL0144;1
PUL0151;1
PUL0155;1
PUL0163;1
PUL0180;1
PUL0212;1
PUL0214;1
PUL0217;8
PUL0225;1
PUL0227;6
PUL0250;1
PUL0266;1
PUL0268;1
PUL0270;1
PUL0309;2
PUL0316;1
PUL0328;1
PUL0335;1
PUL0337;1
PUL0340;1
PUL0341;1
PUL0390;18
PUL0413;3
PUL0429;1
PUL0431;1
PUL0434;1
PUL0446;1
PUL0459;2
PUL0468;1
PUL0482;2
PUL0507;2
PUL0530;2
PUL0546;1
PUL0575;1
PUL0591;1
PUL0601;1
