      1       1 PUL0001	5.10e-104
      1       1 PUL0007	9.06e-102
      1       1 PUL0008	9.13e-04
      1       1 PUL0013	3.83e-133
      1       1 PUL0013	4.99e-05
      1       1 PUL0017	1.07e-38
      1       1 PUL0017	1.95e-184
      1       1 PUL0017	7.33e-196
      1       1 PUL0024	1.73e-76
      1       1 PUL0034	9.40e-43
      1       1 PUL0038	5.32e-183
      1       1 PUL0038	5.89e-101
      1       1 PUL0042	3.24e-77
      1       1 PUL0047	4.50e-58
      1       1 PUL0049	1.26e-148
      1       1 PUL0053	5.68e-10
      1       1 PUL0060	1.93e-64
      1       1 PUL0061	4.04e-08
      1       1 PUL0061	9.85e-20
      1       1 PUL0064	2.27e-67
      1       1 PUL0070	9.07e-153
      1       1 PUL0073	3.71e-135
      1       1 PUL0094	1.31e-101
      1       1 PUL0094	3.03e-07
      1       1 PUL0101	3.40e-47
      1       1 PUL0104	3.22e-67
      1       1 PUL0106	1.01e-256
      1       1 PUL0106	5.58e-108
      1       1 PUL0106	6.12e-248
      1       1 PUL0108	1.11e-14
      1       1 PUL0108	1.28e-38
      1       1 PUL0108	2.77e-45
      1       1 PUL0108	3.53e-37
      1       1 PUL0108	3.96e-45
      1       1 PUL0108	6.37e-24
      1       1 PUL0113	2.25e-53
      1       1 PUL0117	4.21e-16
      1       1 PUL0117	6.73e-18
      1       1 PUL0119	2.04e-146
      1       1 PUL0119	2.75e-81
      1       1 PUL0121	1.09e-83
      1       1 PUL0121	1.69e-115
      1       1 PUL0121	2.42e-55
      1       1 PUL0121	4.36e-21
      1       1 PUL0121	4.60e-33
      1       1 PUL0121	8.06e-33
      1       1 PUL0124	1.01e-06
      1       1 PUL0124	5.41e-151
      1       1 PUL0131	1.08e-60
      1       1 PUL0134	1.84e-161
      1       1 PUL0134	6.84e-177
      1       1 PUL0136	6.40e-21
      1       1 PUL0136	6.82e-36
      1       1 PUL0144	6.10e-05
      1       1 PUL0145	3.98e-192
      1       1 PUL0146	1.44e-69
      1       1 PUL0146	2.40e-101
      1       1 PUL0146	4.81e-109
      1       1 PUL0147	2.06e-73
      1       1 PUL0147	2.42e-59
      1       1 PUL0148	1.13e-93
      1       1 PUL0148	1.78e-57
      1       1 PUL0148	1.95e-69
      1       1 PUL0148	2.03e-58
      1       1 PUL0148	2.62e-71
      1       1 PUL0148	5.72e-74
      1       1 PUL0148	6.04e-114
      1       1 PUL0148	6.31e-50
      1       1 PUL0148	6.44e-93
      1       1 PUL0148	8.19e-81
      1       1 PUL0149	2.12e-34
      1       1 PUL0149	6.93e-127
      1       1 PUL0149	9.57e-103
      1       1 PUL0150	2.42e-20
      1       1 PUL0152	5.85e-63
      1       1 PUL0155	2.47e-69
      1       1 PUL0160	1.19e-70
      1       1 PUL0160	2.75e-176
      1       1 PUL0160	6.07e-79
      1       1 PUL0160	6.37e-15
      1       1 PUL0160	7.68e-68
      1       1 PUL0160	8.64e-59
      1       1 PUL0161	1.06e-10
      1       1 PUL0161	1.92e-17
      1       1 PUL0165	4.41e-06
      1       1 PUL0168	4.32e-13
      1       1 PUL0169	2.00e-07
      1       1 PUL0169	4.53e-169
      1       1 PUL0173	5.20e-111
      1       1 PUL0178	7.60e-85
      1       1 PUL0179	1.98e-20
      1       1 PUL0180	1.28e-09
      1       1 PUL0180	8.71e-144
      1       1 PUL0184	1.01e-36
      1       1 PUL0184	9.14e-79
      1       1 PUL0184	9.83e-162
      1       1 PUL0199	2.06e-70
      1       1 PUL0206	8.25e-89
      1       1 PUL0209	4.08e-68
      1       1 PUL0212	1.08e-147
      1       1 PUL0212	4.40e-157
      1       1 PUL0216	4.63e-93
      1       1 PUL0218	1.45e-73
      1       1 PUL0218	3.04e-32
      1       1 PUL0218	5.17e-133
      1       1 PUL0225	8.37e-38
      1       1 PUL0225	9.65e-47
      1       1 PUL0227	1.17e-17
      1       1 PUL0236	2.52e-113
      1       1 PUL0250	1.73e-135
      1       1 PUL0250	6.81e-62
      1       1 PUL0255	1.43e-51
      1       1 PUL0258	3.31e-37
      1       1 PUL0259	1.00e-08
      1       1 PUL0259	7.39e-18
      1       1 PUL0264	3.42e-43
      1       1 PUL0264	4.53e-62
      1       1 PUL0266	2.66e-22
      1       1 PUL0267	2.20e-68
      1       1 PUL0267	2.81e-224
      1       1 PUL0267	4.30e-286
      1       1 PUL0267	9.35e-223
      1       1 PUL0270	1.22e-84
      1       1 PUL0270	1.31e-22
      1       1 PUL0270	1.62e-78
      1       1 PUL0270	2.52e-76
      1       1 PUL0270	3.64e-131
      1       1 PUL0281	2.64e-05
      1       1 PUL0281	8.90e-127
      1       1 PUL0281	9.36e-09
      1       1 PUL0285	1.46e-07
      1       1 PUL0295	3.45e-13
      1       1 PUL0300	2.81e-80
      1       1 PUL0302	2.08e-54
      1       1 PUL0309	1.73e-18
      1       1 PUL0311	1.59e-20
      1       1 PUL0316	2.20e-43
      1       1 PUL0318	8.44e-102
      1       1 PUL0322	4.64e-12
      1       1 PUL0328	2.75e-96
      1       1 PUL0328	7.68e-146
      1       1 PUL0329	1.01e-46
      1       1 PUL0329	2.77e-25
      1       1 PUL0332	2.03e-101
      1       1 PUL0333	1.19e-14
      1       1 PUL0333	1.76e-72
      1       1 PUL0333	2.53e-60
      1       1 PUL0333	5.34e-108
      1       1 PUL0333	9.05e-51
      1       1 PUL0334	6.76e-11
      1       1 PUL0335	1.08e-173
      1       1 PUL0335	1.65e-79
      1       1 PUL0335	2.97e-55
      1       1 PUL0335	5.73e-87
      1       1 PUL0335	9.16e-77
      1       1 PUL0336	3.72e-04
      1       1 PUL0336	4.02e-80
      1       1 PUL0339	2.27e-40
      1       1 PUL0339	2.73e-44
      1       1 PUL0339	8.43e-04
      1       1 PUL0340	1.62e-124
      1       1 PUL0340	1.78e-10
      1       1 PUL0347	3.55e-39
      1       1 PUL0347	9.83e-139
      1       1 PUL0368	1.66e-26
      1       1 PUL0368	2.34e-27
      1       1 PUL0374	1.68e-21
      1       1 PUL0384	1.77e-35
      1       1 PUL0384	2.66e-28
      1       1 PUL0384	8.53e-156
      1       1 PUL0390	4.99e-93
      1       1 PUL0392	2.89e-40
      1       1 PUL0396	1.31e-117
      1       1 PUL0406	1.11e-79
      1       1 PUL0406	1.46e-06
      1       1 PUL0406	4.73e-48
      1       1 PUL0406	6.33e-55
      1       1 PUL0406	6.40e-70
      1       1 PUL0409	3.40e-62
      1       1 PUL0410	1.66e-67
      1       1 PUL0410	6.02e-08
      1       1 PUL0410	6.11e-112
      1       1 PUL0410	8.00e-68
      1       1 PUL0413	1.13e-34
      1       1 PUL0413	1.19e-171
      1       1 PUL0413	2.98e-60
      1       1 PUL0413	5.94e-84
      1       1 PUL0414	1.36e-36
      1       1 PUL0414	7.92e-28
      1       1 PUL0419	1.17e-86
      1       1 PUL0422	6.58e-06
      1       1 PUL0424	1.22e-15
      1       1 PUL0429	2.13e-37
      1       1 PUL0429	2.86e-17
      1       1 PUL0436	1.56e-12
      1       1 PUL0437	3.12e-18
      1       1 PUL0439	5.28e-76
      1       1 PUL0442	3.73e-41
      1       1 PUL0442	5.83e-51
      1       1 PUL0443	2.50e-15
      1       1 PUL0443	4.88e-16
      1       1 PUL0443	5.56e-05
      1       1 PUL0446	5.05e-83
      1       1 PUL0453	4.47e-46
      1       1 PUL0454	4.28e-35
      1       1 PUL0458	5.56e-07
      1       1 PUL0459	6.40e-33
      1       1 PUL0459	8.27e-90
      1       1 PUL0460	1.08e-192
      1       1 PUL0460	1.22e-22
      1       1 PUL0460	1.34e-37
      1       1 PUL0460	1.85e-34
      1       1 PUL0460	4.77e-14
      1       1 PUL0460	7.10e-29
      1       1 PUL0460	7.88e-59
      1       1 PUL0463	3.15e-15
      1       1 PUL0468	2.35e-06
      1       1 PUL0468	4.31e-06
      1       1 PUL0468	7.45e-20
      1       1 PUL0473	1.47e-10
      1       1 PUL0479	1.83e-72
      1       1 PUL0482	2.93e-25
      1       1 PUL0483	1.21e-89
      1       1 PUL0483	1.23e-99
      1       1 PUL0483	4.22e-112
      1       1 PUL0487	1.98e-187
      1       1 PUL0493	2.03e-79
      1       1 PUL0500	4.73e-85
      1       1 PUL0500	8.61e-14
      1       1 PUL0511	7.99e-20
      1       1 PUL0516	2.39e-117
      1       1 PUL0518	4.23e-13
      1       1 PUL0522	1.09e-09
      1       1 PUL0527	1.27e-237
      1       1 PUL0527	3.21e-26
      1       1 PUL0527	6.63e-31
      1       1 PUL0527	8.25e-68
      1       1 PUL0530	3.83e-34
      1       1 PUL0550	5.91e-25
      1       1 PUL0560	1.01e-11
      1       1 PUL0572	1.41e-76
      1       1 PUL0599	2.10e-35
      1       1 PUL0602	4.76e-165
