PUL0001;1
PUL0007;1
PUL0008;1
PUL0013;2
PUL0017;3
PUL0024;1
PUL0034;1
PUL0038;2
PUL0042;1
PUL0047;1
PUL0049;1
PUL0053;1
PUL0060;1
PUL0061;2
PUL0064;1
PUL0070;1
PUL0073;1
PUL0094;2
PUL0101;1
PUL0104;1
PUL0106;3
PUL0108;6
PUL0113;1
PUL0117;2
PUL0119;2
PUL0121;6
PUL0124;2
PUL0131;1
PUL0134;2
PUL0136;2
PUL0144;1
PUL0145;1
PUL0146;3
PUL0147;2
PUL0148;10
PUL0149;3
PUL0150;1
PUL0152;1
PUL0155;1
PUL0160;6
PUL0161;2
PUL0165;1
PUL0168;1
PUL0169;2
PUL0173;1
PUL0178;1
PUL0179;1
PUL0180;2
PUL0184;3
PUL0199;1
PUL0206;1
PUL0209;1
PUL0212;2
PUL0216;1
PUL0218;3
PUL0225;2
PUL0227;1
PUL0236;1
PUL0250;2
PUL0255;1
PUL0258;1
PUL0259;2
PUL0264;2
PUL0266;1
PUL0267;4
PUL0270;5
PUL0281;3
PUL0285;1
PUL0295;1
PUL0300;1
PUL0302;1
PUL0309;1
PUL0311;1
PUL0316;1
PUL0318;1
PUL0322;1
PUL0328;2
PUL0329;2
PUL0332;1
PUL0333;5
PUL0334;1
PUL0335;5
PUL0336;2
PUL0339;3
PUL0340;2
PUL0347;2
PUL0368;2
PUL0374;1
PUL0384;3
PUL0390;1
PUL0392;1
PUL0396;1
PUL0406;5
PUL0409;1
PUL0410;4
PUL0413;4
PUL0414;2
PUL0419;1
PUL0422;1
PUL0424;1
PUL0429;2
PUL0436;1
PUL0437;1
PUL0439;1
PUL0442;2
PUL0443;3
PUL0446;1
PUL0453;1
PUL0454;1
PUL0458;1
PUL0459;2
PUL0460;7
PUL0463;1
PUL0468;3
PUL0473;1
PUL0479;1
PUL0482;1
PUL0483;3
PUL0487;1
PUL0493;1
PUL0500;2
PUL0511;1
PUL0516;1
PUL0518;1
PUL0522;1
PUL0527;4
PUL0530;1
PUL0550;1
PUL0560;1
PUL0572;1
PUL0599;1
PUL0602;1
