      1       1 PUL0017	2.83e-182
      1       1 PUL0024	1.10e-62
      1       1 PUL0024	8.46e-10
      1       1 PUL0070	2.43e-188
      1       1 PUL0106	1.54e-182
      1       1 PUL0106	2.27e-167
      1       1 PUL0106	3.89e-120
      1       1 PUL0108	1.13e-108
      1       1 PUL0108	7.42e-29
      1       1 PUL0124	5.27e-176
      1       1 PUL0134	4.24e-43
      1       1 PUL0139	1.08e-15
      1       1 PUL0145	1.47e-192
      1       1 PUL0162	2.08e-166
      1       1 PUL0180	1.63e-158
      1       1 PUL0180	8.81e-09
      1       1 PUL0184	2.75e-28
      1       1 PUL0212	7.45e-82
      1       1 PUL0225	1.22e-94
      1       1 PUL0230	1.31e-75
      1       1 PUL0248	5.81e-128
      1       1 PUL0267	4.32e-153
      1       1 PUL0300	1.21e-09
      1       1 PUL0316	5.75e-91
      1       1 PUL0335	1.24e-191
      1       1 PUL0335	1.64e-172
      1       1 PUL0336	2.46e-10
      1       1 PUL0337	1.03e-189
      1       1 PUL0339	1.70e-18
      1       1 PUL0340	4.58e-291
      1       1 PUL0340	6.22e-145
      1       1 PUL0341	1.68e-199
      1       1 PUL0406	1.67e-119
      1       1 PUL0406	3.16e-197
      1       1 PUL0454	5.01e-25
      1       1 PUL0460	6.98e-77
      1       1 PUL0493	7.81e-79
      1       1 PUL0494	5.34e-144
      1       1 PUL0527	9.44e-88
      1       1 PUL0530	2.43e-53
      1       1 PUL0595	2.91e-101
      1       1 PUL0601	5.77e-62
