      1       1 PUL0001	7.22e-263
      1       1 PUL0014	1.22e-41
      1       1 PUL0024	6.95e-225
      1       1 PUL0049	1.62e-161
      1       1 PUL0058	2.96e-121
      1       1 PUL0058	4.87e-250
      1       1 PUL0070	1.52e-174
      1       1 PUL0094	1.60e-74
      1       1 PUL0103	4.88e-142
      1       1 PUL0106	1.27e-186
      1       1 PUL0190	7.95e-224
      1       1 PUL0225	1.54e-174
      1       1 PUL0329	5.65e-186
      1       1 PUL0337	4.54e-221
      1       1 PUL0340	7.13e-203
      1       1 PUL0390	2.92e-189
      1       1 PUL0390	8.17e-80
      1       1 PUL0406	1.07e-221
      1       1 PUL0500	3.62e-28
      1       1 PUL0519	7.32e-304
      1       1 PUL0560	5.68e-119
