      1       1 PUL0017	3.11e-192
      1       1 PUL0026	3.18e-172
      1       1 PUL0093	8.78e-14
      1       1 PUL0094	1.57e-257
      1       1 PUL0094	2.01e-136
      1       1 PUL0106	6.82e-153
      1       1 PUL0108	1.30e-223
      1       1 PUL0108	1.54e-173
      1       1 PUL0108	2.12e-167
      1       1 PUL0115	4.27e-283
      1       1 PUL0145	1.89e-192
      1       1 PUL0149	1.69e-09
      1       1 PUL0149	2.43e-152
      1       1 PUL0161	6.13e-82
      1       1 PUL0166	8.54e-314
      1       1 PUL0178	1.18e-274
      1       1 PUL0180	2.94e-71
      1       1 PUL0212	1.39e-96
      1       1 PUL0218	1.09e-20
      1       1 PUL0218	8.30e-05
      1       1 PUL0226	1.32e-10
      1       1 PUL0230	9.54e-99
      1       1 PUL0234	5.68e-19
      1       1 PUL0236	1.32e-104
      1       1 PUL0239	4.29e-179
      1       1 PUL0256	4.10e-166
      1       1 PUL0267	1.62e-306
      1       1 PUL0267	2.06e-225
      1       1 PUL0300	1.89e-07
      1       1 PUL0334	1.88e-40
      1       1 PUL0334	6.33e-24
      1       1 PUL0335	1.44e-85
      1       1 PUL0336	2.63e-188
      1       1 PUL0339	4.12e-207
      1       1 PUL0347	1.99e-26
      1       1 PUL0356	5.34e-26
      1       1 PUL0357	9.10e-227
      1       1 PUL0382	2.48e-292
      1       1 PUL0382	3.00e-256
      1       1 PUL0406	2.50e-10
      1       1 PUL0444	6.51e-54
      1       1 PUL0460	4.16e-53
      1       1 PUL0460	6.31e-141
      1       1 PUL0463	1.63e-103
      1       1 PUL0463	6.47e-228
      1       1 PUL0468	9.07e-33
      1       1 PUL0479	2.10e-200
      1       1 PUL0485	2.82e-257
      1       1 PUL0488	2.10e-205
      1       1 PUL0502	3.39e-223
      1       1 PUL0502	3.45e-204
      1       1 PUL0502	7.30e-211
      1       1 PUL0513	2.45e-192
      1       1 PUL0539	1.80e-216
      1       1 PUL0560	1.97e-156
      1       1 PUL0560	8.48e-11
