      1       1 PUL0029	1.90e-41
      1       1 PUL0029	3.51e-43
      1       1 PUL0029	7.65e-46
      1       1 PUL0029	9.70e-06
      1       1 PUL0047	1.60e-56
      1       1 PUL0049	2.36e-43
      1       1 PUL0049	2.91e-27
      1       1 PUL0049	3.03e-45
      1       1 PUL0049	3.56e-24
      1       1 PUL0049	7.70e-147
      1       1 PUL0050	3.70e-27
      1       1 PUL0050	4.21e-23
      1       1 PUL0061	1.40e-50
      1       1 PUL0101	1.08e-78
      1       1 PUL0101	2.85e-63
      1       1 PUL0101	6.94e-31
      1       1 PUL0106	1.18e-53
      1       1 PUL0106	3.72e-15
      1       1 PUL0106	5.00e-34
      1       1 PUL0106	8.60e-36
      1       1 PUL0108	1.28e-60
      1       1 PUL0108	7.10e-37
      1       1 PUL0121	1.53e-46
      1       1 PUL0121	1.62e-39
      1       1 PUL0121	2.20e-40
      1       1 PUL0121	3.25e-38
      1       1 PUL0121	4.93e-25
      1       1 PUL0121	4.93e-32
      1       1 PUL0124	3.47e-10
      1       1 PUL0124	5.04e-75
      1       1 PUL0133	1.75e-09
      1       1 PUL0135	3.38e-13
      1       1 PUL0146	3.05e-46
      1       1 PUL0168	1.28e-26
      1       1 PUL0172	8.49e-79
      1       1 PUL0178	3.69e-55
      1       1 PUL0202	4.05e-37
      1       1 PUL0212	1.27e-178
      1       1 PUL0212	1.91e-182
      1       1 PUL0212	2.39e-91
      1       1 PUL0212	3.96e-140
      1       1 PUL0212	9.55e-123
      1       1 PUL0214	3.44e-30
      1       1 PUL0214	8.58e-96
      1       1 PUL0216	1.35e-38
      1       1 PUL0225	1.58e-118
      1       1 PUL0230	2.39e-105
      1       1 PUL0230	9.23e-21
      1       1 PUL0232	7.22e-16
      1       1 PUL0235	1.51e-04
      1       1 PUL0250	6.95e-37
      1       1 PUL0260	8.97e-19
      1       1 PUL0267	2.61e-75
      1       1 PUL0269	5.14e-51
      1       1 PUL0270	2.62e-13
      1       1 PUL0281	1.70e-26
      1       1 PUL0281	1.71e-18
      1       1 PUL0281	3.40e-39
      1       1 PUL0302	2.54e-14
      1       1 PUL0316	1.74e-22
      1       1 PUL0316	7.39e-62
      1       1 PUL0316	9.80e-105
      1       1 PUL0333	2.48e-19
      1       1 PUL0333	6.87e-56
      1       1 PUL0336	1.83e-72
      1       1 PUL0336	3.98e-39
      1       1 PUL0337	2.29e-149
      1       1 PUL0337	2.49e-141
      1       1 PUL0339	1.74e-11
      1       1 PUL0339	2.67e-138
      1       1 PUL0340	2.34e-153
      1       1 PUL0340	7.36e-141
      1       1 PUL0341	3.66e-83
      1       1 PUL0390	1.10e-78
      1       1 PUL0399	6.01e-21
      1       1 PUL0406	3.49e-141
      1       1 PUL0414	2.46e-18
      1       1 PUL0414	3.92e-22
      1       1 PUL0414	6.31e-43
      1       1 PUL0424	4.24e-48
      1       1 PUL0425	2.74e-05
      1       1 PUL0425	9.48e-48
      1       1 PUL0430	1.11e-17
      1       1 PUL0430	5.22e-22
      1       1 PUL0446	2.92e-48
      1       1 PUL0446	4.96e-45
      1       1 PUL0451	4.81e-42
      1       1 PUL0459	9.47e-05
      1       1 PUL0460	1.05e-11
      1       1 PUL0460	2.50e-28
      1       1 PUL0493	4.49e-87
      1       1 PUL0494	4.89e-14
      1       1 PUL0514	3.07e-06
      1       1 PUL0516	1.64e-98
      1       1 PUL0521	1.85e-106
      1       1 PUL0527	1.42e-82
      1       1 PUL0530	2.25e-166
      1       1 PUL0530	2.78e-294
      1       1 PUL0530	3.42e-05
      1       1 PUL0534	2.55e-18
      1       1 PUL0534	3.81e-16
      1       1 PUL0571	2.53e-21
      1       1 PUL0577	1.86e-31
      1       1 PUL0584	1.63e-121
      1       1 PUL0602	5.15e-05
