PUL0029	4
PUL0047	1
PUL0049	5
PUL0050	2
PUL0061	1
PUL0101	3
PUL0106	4
PUL0108	2
PUL0121	6
PUL0124	2
PUL0133	1
PUL0135	1
PUL0146	1
PUL0168	1
PUL0172	1
PUL0178	1
PUL0202	1
PUL0212	5
PUL0214	2
PUL0216	1
PUL0225	1
PUL0230	2
PUL0232	1
PUL0235	1
PUL0250	1
PUL0260	1
PUL0267	1
PUL0269	1
PUL0270	1
PUL0281	3
PUL0302	1
PUL0316	3
PUL0333	2
PUL0336	2
PUL0337	2
PUL0339	2
PUL0340	2
PUL0341	1
PUL0390	1
PUL0399	1
PUL0406	1
PUL0414	3
PUL0424	1
PUL0425	2
PUL0430	2
PUL0446	2
PUL0451	1
PUL0459	1
PUL0460	2
PUL0493	1
PUL0494	1
PUL0514	1
PUL0516	1
PUL0521	1
PUL0527	1
PUL0530	3
PUL0534	2
PUL0571	1
PUL0577	1
PUL0584	1
PUL0602	1
