      1       1 PUL0017	6.56e-186
      1       1 PUL0024	4.45e-82
      1       1 PUL0024	8.37e-214
      1       1 PUL0058	1.98e-178
      1       1 PUL0106	1.02e-209
      1       1 PUL0106	1.17e-05
      1       1 PUL0106	9.24e-177
      1       1 PUL0124	1.56e-226
      1       1 PUL0162	8.58e-179
      1       1 PUL0180	3.96e-150
      1       1 PUL0213	2.80e-214
      1       1 PUL0236	2.46e-20
      1       1 PUL0237	1.64e-41
      1       1 PUL0271	5.65e-188
      1       1 PUL0327	5.86e-207
      1       1 PUL0333	1.27e-108
      1       1 PUL0333	4.64e-123
      1       1 PUL0337	3.90e-199
      1       1 PUL0406	1.09e-147
      1       1 PUL0406	1.35e-211
      1       1 PUL0406	4.14e-50
      1       1 PUL0413	8.95e-163
      1       1 PUL0519	5.03e-313
      1       1 PUL0576	8.68e-218
      1       1 PUL0590	6.03e-126
