      1       1 PUL0017	3.68e-182
      1       1 PUL0017	4.05e-52
      1       1 PUL0019	1.72e-59
      1       1 PUL0024	1.14e-126
      1       1 PUL0024	1.36e-61
      1       1 PUL0029	3.74e-10
      1       1 PUL0049	2.20e-109
      1       1 PUL0050	9.23e-38
      1       1 PUL0070	7.88e-189
      1       1 PUL0101	3.55e-55
      1       1 PUL0103	3.98e-120
      1       1 PUL0106	1.05e-182
      1       1 PUL0106	1.32e-120
      1       1 PUL0106	4.76e-169
      1       1 PUL0106	7.36e-16
      1       1 PUL0108	3.67e-109
      1       1 PUL0108	4.51e-28
      1       1 PUL0110	2.65e-37
      1       1 PUL0113	1.14e-95
      1       1 PUL0121	1.07e-47
      1       1 PUL0121	1.08e-17
      1       1 PUL0121	1.80e-94
      1       1 PUL0121	2.83e-36
      1       1 PUL0124	1.00e-176
      1       1 PUL0124	6.25e-118
      1       1 PUL0126	2.02e-29
      1       1 PUL0135	2.50e-66
      1       1 PUL0145	1.27e-193
      1       1 PUL0161	1.04e-33
      1       1 PUL0162	7.50e-167
      1       1 PUL0180	1.32e-158
      1       1 PUL0195	9.07e-04
      1       1 PUL0212	1.04e-80
      1       1 PUL0230	1.15e-75
      1       1 PUL0240	3.56e-91
      1       1 PUL0248	4.59e-129
      1       1 PUL0256	1.12e-142
      1       1 PUL0266	2.87e-06
      1       1 PUL0267	1.31e-156
      1       1 PUL0269	2.56e-68
      1       1 PUL0269	4.84e-39
      1       1 PUL0316	6.90e-91
      1       1 PUL0335	4.59e-192
      1       1 PUL0335	7.88e-62
      1       1 PUL0335	8.65e-171
      1       1 PUL0335	9.91e-122
      1       1 PUL0336	3.08e-93
      1       1 PUL0337	1.13e-191
      1       1 PUL0337	1.77e-66
      1       1 PUL0340	1.13e-293
      1       1 PUL0340	2.25e-143
      1       1 PUL0340	5.29e-42
      1       1 PUL0340	6.28e-10
      1       1 PUL0340	8.49e-43
      1       1 PUL0341	1.92e-198
      1       1 PUL0396	1.49e-21
      1       1 PUL0396	8.93e-88
      1       1 PUL0406	5.44e-207
      1       1 PUL0413	3.04e-166
      1       1 PUL0414	1.20e-13
      1       1 PUL0460	1.86e-10
      1       1 PUL0460	4.10e-06
      1       1 PUL0493	7.81e-80
      1       1 PUL0527	1.08e-87
      1       1 PUL0530	9.81e-15
      1       1 PUL0560	6.02e-78
      1       1 PUL0593	1.55e-87
      1       1 PUL0595	3.05e-105
      1       1 PUL0601	2.29e-64
