      1       1 PUL0006	6.53e-17
      1       1 PUL0007	8.02e-119
      1       1 PUL0017	7.47e-192
      1       1 PUL0017	9.16e-190
      1       1 PUL0038	9.25e-166
      1       1 PUL0047	1.51e-184
      1       1 PUL0049	1.19e-29
      1       1 PUL0049	2.38e-46
      1       1 PUL0058	1.26e-269
      1       1 PUL0108	5.40e-79
      1       1 PUL0123	4.41e-66
      1       1 PUL0145	9.33e-195
      1       1 PUL0180	1.72e-89
      1       1 PUL0296	1.64e-84
      1       1 PUL0296	3.83e-74
      1       1 PUL0300	2.05e-134
      1       1 PUL0316	3.56e-96
      1       1 PUL0335	1.91e-148
      1       1 PUL0335	7.63e-194
      1       1 PUL0337	1.22e-160
      1       1 PUL0339	1.30e-152
      1       1 PUL0340	1.78e-231
      1       1 PUL0340	3.15e-156
      1       1 PUL0341	7.88e-218
      1       1 PUL0349	3.04e-193
      1       1 PUL0369	5.15e-37
      1       1 PUL0370	7.20e-200
      1       1 PUL0375	1.79e-147
      1       1 PUL0390	4.03e-94
      1       1 PUL0406	5.72e-214
      1       1 PUL0413	2.78e-132
      1       1 PUL0413	3.42e-08
      1       1 PUL0434	1.31e-40
      1       1 PUL0584	2.84e-156
