      1       1 PUL0017	1.21e-191
      1       1 PUL0037	4.02e-24
      1       1 PUL0049	1.20e-24
      1       1 PUL0049	2.51e-243
      1       1 PUL0049	6.27e-40
      1       1 PUL0050	5.43e-91
      1       1 PUL0070	4.60e-182
      1       1 PUL0105	2.20e-55
      1       1 PUL0106	2.77e-159
      1       1 PUL0106	8.66e-185
      1       1 PUL0121	8.85e-68
      1       1 PUL0121	9.61e-123
      1       1 PUL0145	2.01e-32
      1       1 PUL0145	8.15e-32
      1       1 PUL0218	1.57e-14
      1       1 PUL0236	8.70e-39
      1       1 PUL0267	3.84e-272
      1       1 PUL0267	7.30e-219
      1       1 PUL0267	7.71e-244
      1       1 PUL0335	1.17e-95
      1       1 PUL0335	1.53e-87
      1       1 PUL0335	3.40e-162
      1       1 PUL0335	8.52e-83
      1       1 PUL0339	1.50e-138
      1       1 PUL0339	1.57e-34
      1       1 PUL0341	6.61e-177
      1       1 PUL0375	2.46e-77
      1       1 PUL0399	1.36e-92
      1       1 PUL0406	1.86e-68
      1       1 PUL0413	2.01e-164
      1       1 PUL0429	5.63e-78
      1       1 PUL0493	1.20e-93
      1       1 PUL0506	7.57e-150
      1       1 PUL0599	9.32e-33
