      1       1 PUL0017	5.97e-182
      1       1 PUL0024	3.05e-62
      1       1 PUL0029	2.30e-40
      1       1 PUL0049	1.10e-109
      1       1 PUL0050	3.09e-38
      1       1 PUL0070	8.93e-189
      1       1 PUL0101	1.39e-66
      1       1 PUL0106	1.96e-99
      1       1 PUL0106	7.86e-167
      1       1 PUL0108	1.41e-89
      1       1 PUL0108	1.99e-28
      1       1 PUL0113	2.45e-97
      1       1 PUL0121	1.48e-47
      1       1 PUL0121	2.85e-18
      1       1 PUL0121	3.73e-95
      1       1 PUL0124	3.20e-176
      1       1 PUL0135	8.10e-90
      1       1 PUL0145	2.24e-192
      1       1 PUL0162	1.16e-165
      1       1 PUL0211	1.34e-27
      1       1 PUL0212	1.71e-79
      1       1 PUL0230	1.41e-66
      1       1 PUL0230	2.93e-106
      1       1 PUL0240	1.79e-91
      1       1 PUL0248	1.52e-127
      1       1 PUL0254	2.00e-120
      1       1 PUL0267	3.70e-155
      1       1 PUL0267	7.85e-58
      1       1 PUL0281	2.36e-34
      1       1 PUL0294	2.25e-59
      1       1 PUL0335	1.73e-38
      1       1 PUL0335	2.05e-192
      1       1 PUL0336	7.64e-10
      1       1 PUL0337	4.24e-65
      1       1 PUL0337	7.29e-190
      1       1 PUL0340	2.67e-36
      1       1 PUL0340	7.20e-293
      1       1 PUL0341	5.98e-199
      1       1 PUL0390	3.37e-25
      1       1 PUL0406	1.20e-197
      1       1 PUL0413	3.57e-163
      1       1 PUL0454	7.20e-41
      1       1 PUL0460	3.34e-09
      1       1 PUL0460	4.15e-66
      1       1 PUL0489	1.64e-47
      1       1 PUL0493	1.03e-78
