      1       1 PUL0019	6.55e-84
      1       1 PUL0049	6.11e-298
      1       1 PUL0058	2.38e-156
      1       1 PUL0106	1.54e-148
      1       1 PUL0124	8.91e-158
      1       1 PUL0145	1.36e-265
      1       1 PUL0145	1.69e-248
      1       1 PUL0161	6.31e-116
      1       1 PUL0235	1.02e-147
      1       1 PUL0267	2.62e-219
      1       1 PUL0267	3.73e-291
      1       1 PUL0305	2.79e-234
      1       1 PUL0339	4.58e-280
      1       1 PUL0341	4.15e-181
      1       1 PUL0406	1.93e-172
      1       1 PUL0406	8.10e-24
      1       1 PUL0443	1.11e-168
      1       1 PUL0454	2.06e-28
      1       1 PUL0487	3.15e-124
      1       1 PUL0491	1.33e-71
      1       1 PUL0527	4.15e-265
