      1       1 PUL0017	1.03e-176
      1       1 PUL0029	3.39e-119
      1       1 PUL0061	3.43e-121
      1       1 PUL0071	6.70e-114
      1       1 PUL0093	6.04e-128
      1       1 PUL0106	3.00e-147
      1       1 PUL0106	6.75e-121
      1       1 PUL0106	9.74e-210
      1       1 PUL0108	1.11e-30
      1       1 PUL0108	4.09e-90
      1       1 PUL0108	4.21e-72
      1       1 PUL0108	4.71e-09
      1       1 PUL0123	1.30e-39
      1       1 PUL0145	1.44e-176
      1       1 PUL0145	1.72e-168
      1       1 PUL0145	4.82e-196
      1       1 PUL0145	5.74e-198
      1       1 PUL0145	9.58e-164
      1       1 PUL0180	5.98e-155
      1       1 PUL0216	8.23e-93
      1       1 PUL0230	7.04e-68
      1       1 PUL0267	6.11e-241
      1       1 PUL0267	7.75e-185
      1       1 PUL0292	1.49e-105
      1       1 PUL0296	1.59e-104
      1       1 PUL0299	3.24e-16
      1       1 PUL0316	4.04e-112
      1       1 PUL0329	2.18e-40
      1       1 PUL0333	2.18e-97
      1       1 PUL0335	1.07e-87
      1       1 PUL0335	6.25e-63
      1       1 PUL0337	1.21e-127
      1       1 PUL0337	5.08e-48
      1       1 PUL0339	6.54e-160
      1       1 PUL0340	3.26e-166
      1       1 PUL0341	2.60e-169
      1       1 PUL0369	1.07e-66
      1       1 PUL0409	2.33e-74
      1       1 PUL0413	1.10e-163
      1       1 PUL0413	8.98e-118
      1       1 PUL0428	1.58e-94
      1       1 PUL0458	7.00e-28
      1       1 PUL0460	4.16e-14
      1       1 PUL0460	6.26e-42
      1       1 PUL0480	9.19e-12
      1       1 PUL0530	1.47e-276
