      1       1 PUL0001	3.54e-199
      1       1 PUL0013	1.83e-240
      1       1 PUL0017	2.53e-218
      1       1 PUL0024	3.63e-213
      1       1 PUL0029	7.71e-127
      1       1 PUL0029	9.08e-108
      1       1 PUL0040	1.80e-275
      1       1 PUL0047	3.97e-32
      1       1 PUL0049	1.02e-41
      1       1 PUL0049	7.73e-155
      1       1 PUL0050	1.46e-92
      1       1 PUL0058	1.60e-226
      1       1 PUL0058	3.67e-135
      1       1 PUL0070	2.01e-117
      1       1 PUL0083	5.92e-279
      1       1 PUL0085	1.98e-110
      1       1 PUL0085	6.61e-256
      1       1 PUL0086	8.40e-147
      1       1 PUL0087	1.87e-309
      1       1 PUL0102	7.55e-53
      1       1 PUL0106	1.08e-205
      1       1 PUL0106	1.96e-188
      1       1 PUL0106	4.37e-104
      1       1 PUL0108	1.02e-10
      1       1 PUL0108	1.85e-65
      1       1 PUL0114	1.79e-150
      1       1 PUL0114	6.10e-221
      1       1 PUL0121	2.27e-63
      1       1 PUL0123	8.13e-77
      1       1 PUL0124	2.34e-187
      1       1 PUL0124	6.26e-226
      1       1 PUL0184	2.47e-79
      1       1 PUL0209	1.13e-19
      1       1 PUL0212	1.52e-190
      1       1 PUL0230	5.21e-114
      1       1 PUL0281	3.18e-136
      1       1 PUL0320	1.20e-83
      1       1 PUL0320	1.39e-248
      1       1 PUL0320	2.76e-133
      1       1 PUL0322	1.91e-269
      1       1 PUL0322	8.27e-313
      1       1 PUL0322	8.60e-271
      1       1 PUL0337	4.03e-186
      1       1 PUL0339	5.85e-175
      1       1 PUL0340	3.62e-43
      1       1 PUL0341	2.79e-201
      1       1 PUL0341	7.72e-222
      1       1 PUL0368	5.46e-29
      1       1 PUL0390	1.53e-69
      1       1 PUL0390	2.64e-58
      1       1 PUL0390	2.79e-46
      1       1 PUL0390	8.46e-116
      1       1 PUL0406	1.78e-15
      1       1 PUL0406	3.85e-294
      1       1 PUL0413	1.30e-54
      1       1 PUL0413	1.88e-134
      1       1 PUL0413	1.90e-23
      1       1 PUL0414	1.29e-52
      1       1 PUL0414	1.98e-09
      1       1 PUL0423	1.59e-28
      1       1 PUL0429	5.28e-44
      1       1 PUL0454	1.56e-50
      1       1 PUL0454	7.23e-47
      1       1 PUL0458	1.94e-18
      1       1 PUL0459	1.55e-118
      1       1 PUL0527	6.54e-149
      1       1 PUL0590	2.78e-114
      1       1 PUL0599	1.65e-90
