      1       1 PUL0001	4.99e-254
      1       1 PUL0024	1.15e-205
      1       1 PUL0024	3.62e-61
      1       1 PUL0024	4.79e-317
      1       1 PUL0025	1.20e-123
      1       1 PUL0029	1.28e-183
      1       1 PUL0029	4.33e-185
      1       1 PUL0058	1.56e-181
      1       1 PUL0058	1.66e-119
      1       1 PUL0058	5.02e-245
      1       1 PUL0106	9.70e-184
      1       1 PUL0108	1.30e-38
      1       1 PUL0121	3.37e-68
      1       1 PUL0122	5.26e-170
      1       1 PUL0123	1.00e-169
      1       1 PUL0124	2.56e-126
      1       1 PUL0209	9.64e-215
      1       1 PUL0212	1.65e-155
      1       1 PUL0245	1.05e-244
      1       1 PUL0267	3.96e-49
      1       1 PUL0270	2.28e-96
      1       1 PUL0270	8.73e-55
      1       1 PUL0299	3.86e-79
      1       1 PUL0302	8.25e-203
      1       1 PUL0329	2.19e-203
      1       1 PUL0335	7.56e-110
      1       1 PUL0340	4.20e-42
      1       1 PUL0340	6.22e-117
      1       1 PUL0347	5.82e-235
      1       1 PUL0372	7.97e-140
      1       1 PUL0399	4.83e-250
      1       1 PUL0502	1.42e-69
      1       1 PUL0530	1.91e-280
      1       1 PUL0555	5.39e-115
