      1       1 PUL0017	4.71e-141
      1       1 PUL0017	8.78e-187
      1       1 PUL0029	7.14e-30
      1       1 PUL0043	1.44e-175
      1       1 PUL0070	3.06e-197
      1       1 PUL0073	5.20e-186
      1       1 PUL0106	2.46e-131
      1       1 PUL0106	9.07e-138
      1       1 PUL0121	1.09e-83
      1       1 PUL0124	3.13e-169
      1       1 PUL0145	1.48e-223
      1       1 PUL0145	4.07e-195
      1       1 PUL0161	7.35e-15
      1       1 PUL0212	1.88e-114
      1       1 PUL0248	4.03e-94
      1       1 PUL0253	5.89e-47
      1       1 PUL0267	1.73e-292
      1       1 PUL0267	8.31e-211
      1       1 PUL0333	1.08e-109
      1       1 PUL0406	6.84e-151
      1       1 PUL0446	4.55e-90
      1       1 PUL0448	3.37e-160
      1       1 PUL0454	8.07e-27
      1       1 PUL0458	1.85e-17
      1       1 PUL0491	2.52e-73
      1       1 PUL0492	1.65e-100
      1       1 PUL0507	1.28e-10
      1       1 PUL0516	6.24e-148
      1       1 PUL0530	8.61e-73
      1       1 PUL0584	7.24e-118
