      1       1 PUL0005	2.36e-161
      1       1 PUL0008	1.13e-85
      1       1 PUL0013	8.96e-198
      1       1 PUL0016	6.53e-232
      1       1 PUL0017	1.61e-201
      1       1 PUL0024	1.78e-215
      1       1 PUL0025	2.46e-191
      1       1 PUL0029	1.37e-176
      1       1 PUL0029	1.77e-40
      1       1 PUL0029	5.67e-50
      1       1 PUL0038	5.49e-58
      1       1 PUL0071	1.06e-126
      1       1 PUL0101	1.37e-45
      1       1 PUL0101	3.70e-21
      1       1 PUL0106	4.75e-177
      1       1 PUL0111	3.05e-66
      1       1 PUL0117	4.44e-05
      1       1 PUL0123	1.11e-32
      1       1 PUL0124	1.90e-181
      1       1 PUL0124	2.17e-226
      1       1 PUL0135	1.45e-77
      1       1 PUL0162	9.79e-180
      1       1 PUL0212	2.18e-15
      1       1 PUL0213	4.15e-212
      1       1 PUL0236	2.75e-20
      1       1 PUL0266	3.20e-27
      1       1 PUL0271	3.90e-184
      1       1 PUL0281	1.42e-06
      1       1 PUL0282	3.05e-126
      1       1 PUL0291	1.44e-249
      1       1 PUL0300	2.91e-102
      1       1 PUL0300	7.24e-94
      1       1 PUL0322	7.86e-04
      1       1 PUL0333	6.81e-124
      1       1 PUL0337	1.03e-198
      1       1 PUL0340	1.06e-46
      1       1 PUL0340	1.08e-18
      1       1 PUL0375	1.05e-125
      1       1 PUL0390	8.05e-175
      1       1 PUL0399	2.52e-251
      1       1 PUL0406	3.49e-23
      1       1 PUL0406	4.04e-24
      1       1 PUL0406	5.25e-219
      1       1 PUL0451	5.75e-40
      1       1 PUL0479	6.45e-120
      1       1 PUL0493	7.56e-78
      1       1 PUL0519	1.29e-153
      1       1 PUL0519	1.63e-312
      1       1 PUL0555	1.02e-15
      1       1 PUL0575	2.76e-200
      1       1 PUL0595	8.05e-192
