      1       1 PUL0014	6.83e-30
      1       1 PUL0016	2.93e-114
      1       1 PUL0017	5.85e-183
      1       1 PUL0019	1.03e-176
      1       1 PUL0019	1.31e-134
      1       1 PUL0022	1.67e-35
      1       1 PUL0022	2.16e-173
      1       1 PUL0022	5.00e-150
      1       1 PUL0029	1.75e-110
      1       1 PUL0029	3.01e-58
      1       1 PUL0029	4.46e-125
      1       1 PUL0029	7.47e-38
      1       1 PUL0029	8.25e-112
      1       1 PUL0041	1.28e-141
      1       1 PUL0048	3.37e-206
      1       1 PUL0050	1.39e-95
      1       1 PUL0101	1.98e-41
      1       1 PUL0106	1.76e-241
      1       1 PUL0106	2.24e-36
      1       1 PUL0106	8.18e-173
      1       1 PUL0113	4.69e-161
      1       1 PUL0121	2.63e-37
      1       1 PUL0121	6.87e-97
      1       1 PUL0123	1.72e-31
      1       1 PUL0124	1.24e-219
      1       1 PUL0124	2.58e-171
      1       1 PUL0124	7.93e-195
      1       1 PUL0161	1.15e-76
      1       1 PUL0195	2.91e-106
      1       1 PUL0212	1.36e-143
      1       1 PUL0212	1.56e-150
      1       1 PUL0214	6.57e-96
      1       1 PUL0216	4.26e-47
      1       1 PUL0230	2.39e-110
      1       1 PUL0230	2.59e-12
      1       1 PUL0238	4.06e-188
      1       1 PUL0267	1.45e-125
      1       1 PUL0267	2.41e-66
      1       1 PUL0267	7.49e-149
      1       1 PUL0300	1.75e-92
      1       1 PUL0335	3.49e-128
      1       1 PUL0335	9.38e-157
      1       1 PUL0336	3.03e-22
      1       1 PUL0337	4.58e-189
      1       1 PUL0337	5.70e-64
      1       1 PUL0340	2.44e-10
      1       1 PUL0340	6.26e-168
      1       1 PUL0345	1.35e-22
      1       1 PUL0349	2.01e-224
      1       1 PUL0370	1.39e-159
      1       1 PUL0370	4.16e-152
      1       1 PUL0390	2.63e-97
      1       1 PUL0390	4.39e-112
      1       1 PUL0406	9.27e-232
      1       1 PUL0409	2.01e-25
      1       1 PUL0413	2.38e-48
      1       1 PUL0413	2.57e-147
      1       1 PUL0428	1.67e-18
      1       1 PUL0502	3.47e-61
      1       1 PUL0519	3.33e-271
      1       1 PUL0530	1.11e-72
      1       1 PUL0530	7.47e-39
      1       1 PUL0576	8.83e-251
      1       1 PUL0579	1.19e-78
      1       1 PUL0584	1.02e-123
      1       1 PUL0590	7.97e-47
