      1       1 PUL0017	8.65e-177
      1       1 PUL0029	3.58e-117
      1       1 PUL0029	6.76e-120
      1       1 PUL0049	1.80e-27
      1       1 PUL0071	5.06e-114
      1       1 PUL0093	8.93e-128
      1       1 PUL0103	4.33e-92
      1       1 PUL0106	1.04e-120
      1       1 PUL0106	8.10e-210
      1       1 PUL0108	1.42e-71
      1       1 PUL0108	2.67e-34
      1       1 PUL0108	9.50e-91
      1       1 PUL0123	3.63e-16
      1       1 PUL0123	8.04e-14
      1       1 PUL0145	1.75e-168
      1       1 PUL0145	6.17e-164
      1       1 PUL0145	6.52e-198
      1       1 PUL0168	8.33e-31
      1       1 PUL0180	4.16e-155
      1       1 PUL0184	9.63e-78
      1       1 PUL0216	1.89e-93
      1       1 PUL0225	1.82e-28
      1       1 PUL0230	1.14e-62
      1       1 PUL0230	1.17e-67
      1       1 PUL0247	2.75e-10
      1       1 PUL0267	4.67e-185
      1       1 PUL0267	5.81e-56
      1       1 PUL0267	7.63e-241
      1       1 PUL0292	5.44e-27
      1       1 PUL0294	3.64e-59
      1       1 PUL0296	5.55e-68
      1       1 PUL0309	2.03e-61
      1       1 PUL0329	1.43e-40
      1       1 PUL0333	2.32e-95
      1       1 PUL0335	1.28e-87
      1       1 PUL0335	3.04e-67
      1       1 PUL0335	6.41e-63
      1       1 PUL0336	2.67e-75
      1       1 PUL0337	1.28e-81
      1       1 PUL0337	2.42e-127
      1       1 PUL0339	7.16e-160
      1       1 PUL0340	3.23e-166
      1       1 PUL0341	3.48e-169
      1       1 PUL0409	2.86e-74
      1       1 PUL0410	3.98e-29
      1       1 PUL0413	2.42e-117
      1       1 PUL0413	5.53e-164
      1       1 PUL0454	4.09e-36
      1       1 PUL0460	2.38e-21
      1       1 PUL0530	6.81e-277
      1       1 PUL0530	9.40e-33
      1       1 PUL0530	9.46e-54
