      1       1 PUL0013	1.41e-22
      1       1 PUL0038	2.24e-163
      1       1 PUL0049	1.26e-128
      1       1 PUL0061	9.30e-228
      1       1 PUL0106	2.37e-156
      1       1 PUL0106	9.80e-192
      1       1 PUL0108	8.71e-30
      1       1 PUL0121	2.03e-85
      1       1 PUL0123	6.59e-25
      1       1 PUL0124	2.92e-172
      1       1 PUL0145	1.99e-189
      1       1 PUL0145	2.27e-97
      1       1 PUL0145	3.50e-198
      1       1 PUL0145	9.19e-50
      1       1 PUL0160	7.67e-231
      1       1 PUL0161	6.70e-45
      1       1 PUL0180	4.01e-14
      1       1 PUL0211	1.18e-271
      1       1 PUL0249	2.42e-216
      1       1 PUL0259	4.26e-130
      1       1 PUL0267	6.10e-222
      1       1 PUL0270	1.83e-140
      1       1 PUL0270	3.19e-265
      1       1 PUL0292	1.32e-104
      1       1 PUL0303	2.47e-121
      1       1 PUL0309	1.78e-31
      1       1 PUL0316	8.75e-75
      1       1 PUL0329	8.17e-260
      1       1 PUL0333	6.58e-88
      1       1 PUL0335	8.36e-79
      1       1 PUL0337	2.68e-140
      1       1 PUL0340	1.51e-132
      1       1 PUL0341	1.99e-161
      1       1 PUL0363	2.74e-222
      1       1 PUL0365	9.11e-208
      1       1 PUL0390	1.03e-20
      1       1 PUL0401	4.54e-201
      1       1 PUL0446	1.24e-140
      1       1 PUL0457	1.13e-67
      1       1 PUL0458	4.43e-18
      1       1 PUL0459	4.24e-177
      1       1 PUL0460	3.75e-08
      1       1 PUL0460	6.54e-59
      1       1 PUL0527	4.29e-71
      1       1 PUL0532	1.01e-249
